[2024-08-27T14:34:02.613+0000] {processor.py:186} INFO - Started process (PID=5502) to work on /home/ubuntu/myenv/lib/python3.12/site-packages/airflow/example_dags/subdags/subdag.py
[2024-08-27T14:34:02.614+0000] {processor.py:914} INFO - Processing file /home/ubuntu/myenv/lib/python3.12/site-packages/airflow/example_dags/subdags/subdag.py for tasks to queue
[2024-08-27T14:34:02.616+0000] {logging_mixin.py:190} INFO - [2024-08-27T14:34:02.616+0000] {dagbag.py:587} INFO - Filling up the DagBag from /home/ubuntu/myenv/lib/python3.12/site-packages/airflow/example_dags/subdags/subdag.py
[2024-08-27T14:34:02.619+0000] {processor.py:927} WARNING - No viable dags retrieved from /home/ubuntu/myenv/lib/python3.12/site-packages/airflow/example_dags/subdags/subdag.py
[2024-08-27T14:34:02.631+0000] {processor.py:208} INFO - Processing /home/ubuntu/myenv/lib/python3.12/site-packages/airflow/example_dags/subdags/subdag.py took 0.024 seconds
[2024-08-27T14:35:12.644+0000] {processor.py:186} INFO - Started process (PID=5567) to work on /home/ubuntu/myenv/lib/python3.12/site-packages/airflow/example_dags/subdags/subdag.py
[2024-08-27T14:35:12.645+0000] {processor.py:914} INFO - Processing file /home/ubuntu/myenv/lib/python3.12/site-packages/airflow/example_dags/subdags/subdag.py for tasks to queue
[2024-08-27T14:35:12.647+0000] {logging_mixin.py:190} INFO - [2024-08-27T14:35:12.647+0000] {dagbag.py:587} INFO - Filling up the DagBag from /home/ubuntu/myenv/lib/python3.12/site-packages/airflow/example_dags/subdags/subdag.py
[2024-08-27T14:35:12.650+0000] {processor.py:927} WARNING - No viable dags retrieved from /home/ubuntu/myenv/lib/python3.12/site-packages/airflow/example_dags/subdags/subdag.py
[2024-08-27T14:35:12.662+0000] {processor.py:208} INFO - Processing /home/ubuntu/myenv/lib/python3.12/site-packages/airflow/example_dags/subdags/subdag.py took 0.024 seconds
[2024-08-27T14:35:45.351+0000] {processor.py:186} INFO - Started process (PID=5609) to work on /home/ubuntu/myenv/lib/python3.12/site-packages/airflow/example_dags/subdags/subdag.py
[2024-08-27T14:35:45.352+0000] {processor.py:914} INFO - Processing file /home/ubuntu/myenv/lib/python3.12/site-packages/airflow/example_dags/subdags/subdag.py for tasks to queue
[2024-08-27T14:35:45.354+0000] {logging_mixin.py:190} INFO - [2024-08-27T14:35:45.354+0000] {dagbag.py:587} INFO - Filling up the DagBag from /home/ubuntu/myenv/lib/python3.12/site-packages/airflow/example_dags/subdags/subdag.py
[2024-08-27T14:35:45.356+0000] {processor.py:927} WARNING - No viable dags retrieved from /home/ubuntu/myenv/lib/python3.12/site-packages/airflow/example_dags/subdags/subdag.py
[2024-08-27T14:35:45.368+0000] {processor.py:208} INFO - Processing /home/ubuntu/myenv/lib/python3.12/site-packages/airflow/example_dags/subdags/subdag.py took 0.023 seconds
[2024-08-27T14:36:33.771+0000] {processor.py:186} INFO - Started process (PID=5674) to work on /home/ubuntu/myenv/lib/python3.12/site-packages/airflow/example_dags/subdags/subdag.py
[2024-08-27T14:36:33.773+0000] {processor.py:914} INFO - Processing file /home/ubuntu/myenv/lib/python3.12/site-packages/airflow/example_dags/subdags/subdag.py for tasks to queue
[2024-08-27T14:36:33.775+0000] {logging_mixin.py:190} INFO - [2024-08-27T14:36:33.774+0000] {dagbag.py:587} INFO - Filling up the DagBag from /home/ubuntu/myenv/lib/python3.12/site-packages/airflow/example_dags/subdags/subdag.py
[2024-08-27T14:36:33.777+0000] {processor.py:927} WARNING - No viable dags retrieved from /home/ubuntu/myenv/lib/python3.12/site-packages/airflow/example_dags/subdags/subdag.py
[2024-08-27T14:36:33.789+0000] {processor.py:208} INFO - Processing /home/ubuntu/myenv/lib/python3.12/site-packages/airflow/example_dags/subdags/subdag.py took 0.023 seconds
[2024-08-27T14:37:24.587+0000] {processor.py:186} INFO - Started process (PID=5745) to work on /home/ubuntu/myenv/lib/python3.12/site-packages/airflow/example_dags/subdags/subdag.py
[2024-08-27T14:37:24.589+0000] {processor.py:914} INFO - Processing file /home/ubuntu/myenv/lib/python3.12/site-packages/airflow/example_dags/subdags/subdag.py for tasks to queue
[2024-08-27T14:37:24.591+0000] {logging_mixin.py:190} INFO - [2024-08-27T14:37:24.591+0000] {dagbag.py:587} INFO - Filling up the DagBag from /home/ubuntu/myenv/lib/python3.12/site-packages/airflow/example_dags/subdags/subdag.py
[2024-08-27T14:37:24.593+0000] {processor.py:927} WARNING - No viable dags retrieved from /home/ubuntu/myenv/lib/python3.12/site-packages/airflow/example_dags/subdags/subdag.py
[2024-08-27T14:37:24.605+0000] {processor.py:208} INFO - Processing /home/ubuntu/myenv/lib/python3.12/site-packages/airflow/example_dags/subdags/subdag.py took 0.024 seconds
[2024-08-27T14:38:13.502+0000] {processor.py:186} INFO - Started process (PID=5808) to work on /home/ubuntu/myenv/lib/python3.12/site-packages/airflow/example_dags/subdags/subdag.py
[2024-08-27T14:38:13.504+0000] {processor.py:914} INFO - Processing file /home/ubuntu/myenv/lib/python3.12/site-packages/airflow/example_dags/subdags/subdag.py for tasks to queue
[2024-08-27T14:38:13.506+0000] {logging_mixin.py:190} INFO - [2024-08-27T14:38:13.505+0000] {dagbag.py:587} INFO - Filling up the DagBag from /home/ubuntu/myenv/lib/python3.12/site-packages/airflow/example_dags/subdags/subdag.py
[2024-08-27T14:38:13.508+0000] {processor.py:927} WARNING - No viable dags retrieved from /home/ubuntu/myenv/lib/python3.12/site-packages/airflow/example_dags/subdags/subdag.py
[2024-08-27T14:38:13.520+0000] {processor.py:208} INFO - Processing /home/ubuntu/myenv/lib/python3.12/site-packages/airflow/example_dags/subdags/subdag.py took 0.024 seconds
[2024-08-27T14:39:16.810+0000] {processor.py:186} INFO - Started process (PID=5882) to work on /home/ubuntu/myenv/lib/python3.12/site-packages/airflow/example_dags/subdags/subdag.py
[2024-08-27T14:39:16.811+0000] {processor.py:914} INFO - Processing file /home/ubuntu/myenv/lib/python3.12/site-packages/airflow/example_dags/subdags/subdag.py for tasks to queue
[2024-08-27T14:39:16.813+0000] {logging_mixin.py:190} INFO - [2024-08-27T14:39:16.813+0000] {dagbag.py:587} INFO - Filling up the DagBag from /home/ubuntu/myenv/lib/python3.12/site-packages/airflow/example_dags/subdags/subdag.py
[2024-08-27T14:39:16.816+0000] {processor.py:927} WARNING - No viable dags retrieved from /home/ubuntu/myenv/lib/python3.12/site-packages/airflow/example_dags/subdags/subdag.py
[2024-08-27T14:39:16.828+0000] {processor.py:208} INFO - Processing /home/ubuntu/myenv/lib/python3.12/site-packages/airflow/example_dags/subdags/subdag.py took 0.024 seconds
[2024-08-27T14:40:11.153+0000] {processor.py:186} INFO - Started process (PID=5956) to work on /home/ubuntu/myenv/lib/python3.12/site-packages/airflow/example_dags/subdags/subdag.py
[2024-08-27T14:40:11.154+0000] {processor.py:914} INFO - Processing file /home/ubuntu/myenv/lib/python3.12/site-packages/airflow/example_dags/subdags/subdag.py for tasks to queue
[2024-08-27T14:40:11.157+0000] {logging_mixin.py:190} INFO - [2024-08-27T14:40:11.156+0000] {dagbag.py:587} INFO - Filling up the DagBag from /home/ubuntu/myenv/lib/python3.12/site-packages/airflow/example_dags/subdags/subdag.py
[2024-08-27T14:40:11.159+0000] {processor.py:927} WARNING - No viable dags retrieved from /home/ubuntu/myenv/lib/python3.12/site-packages/airflow/example_dags/subdags/subdag.py
[2024-08-27T14:40:11.171+0000] {processor.py:208} INFO - Processing /home/ubuntu/myenv/lib/python3.12/site-packages/airflow/example_dags/subdags/subdag.py took 0.025 seconds
[2024-08-27T14:41:01.967+0000] {processor.py:186} INFO - Started process (PID=6010) to work on /home/ubuntu/myenv/lib/python3.12/site-packages/airflow/example_dags/subdags/subdag.py
[2024-08-27T14:41:01.969+0000] {processor.py:914} INFO - Processing file /home/ubuntu/myenv/lib/python3.12/site-packages/airflow/example_dags/subdags/subdag.py for tasks to queue
[2024-08-27T14:41:01.971+0000] {logging_mixin.py:190} INFO - [2024-08-27T14:41:01.971+0000] {dagbag.py:587} INFO - Filling up the DagBag from /home/ubuntu/myenv/lib/python3.12/site-packages/airflow/example_dags/subdags/subdag.py
[2024-08-27T14:41:01.973+0000] {processor.py:927} WARNING - No viable dags retrieved from /home/ubuntu/myenv/lib/python3.12/site-packages/airflow/example_dags/subdags/subdag.py
[2024-08-27T14:41:01.986+0000] {processor.py:208} INFO - Processing /home/ubuntu/myenv/lib/python3.12/site-packages/airflow/example_dags/subdags/subdag.py took 0.025 seconds
[2024-08-27T14:41:50.915+0000] {processor.py:186} INFO - Started process (PID=6060) to work on /home/ubuntu/myenv/lib/python3.12/site-packages/airflow/example_dags/subdags/subdag.py
[2024-08-27T14:41:50.917+0000] {processor.py:914} INFO - Processing file /home/ubuntu/myenv/lib/python3.12/site-packages/airflow/example_dags/subdags/subdag.py for tasks to queue
[2024-08-27T14:41:50.919+0000] {logging_mixin.py:190} INFO - [2024-08-27T14:41:50.919+0000] {dagbag.py:587} INFO - Filling up the DagBag from /home/ubuntu/myenv/lib/python3.12/site-packages/airflow/example_dags/subdags/subdag.py
[2024-08-27T14:41:50.921+0000] {processor.py:927} WARNING - No viable dags retrieved from /home/ubuntu/myenv/lib/python3.12/site-packages/airflow/example_dags/subdags/subdag.py
[2024-08-27T14:41:50.933+0000] {processor.py:208} INFO - Processing /home/ubuntu/myenv/lib/python3.12/site-packages/airflow/example_dags/subdags/subdag.py took 0.024 seconds
[2024-08-27T14:42:41.345+0000] {processor.py:186} INFO - Started process (PID=6112) to work on /home/ubuntu/myenv/lib/python3.12/site-packages/airflow/example_dags/subdags/subdag.py
[2024-08-27T14:42:41.347+0000] {processor.py:914} INFO - Processing file /home/ubuntu/myenv/lib/python3.12/site-packages/airflow/example_dags/subdags/subdag.py for tasks to queue
[2024-08-27T14:42:41.349+0000] {logging_mixin.py:190} INFO - [2024-08-27T14:42:41.348+0000] {dagbag.py:587} INFO - Filling up the DagBag from /home/ubuntu/myenv/lib/python3.12/site-packages/airflow/example_dags/subdags/subdag.py
[2024-08-27T14:42:41.351+0000] {processor.py:927} WARNING - No viable dags retrieved from /home/ubuntu/myenv/lib/python3.12/site-packages/airflow/example_dags/subdags/subdag.py
[2024-08-27T14:42:41.363+0000] {processor.py:208} INFO - Processing /home/ubuntu/myenv/lib/python3.12/site-packages/airflow/example_dags/subdags/subdag.py took 0.024 seconds
[2024-08-27T14:43:33.004+0000] {processor.py:186} INFO - Started process (PID=6164) to work on /home/ubuntu/myenv/lib/python3.12/site-packages/airflow/example_dags/subdags/subdag.py
[2024-08-27T14:43:33.006+0000] {processor.py:914} INFO - Processing file /home/ubuntu/myenv/lib/python3.12/site-packages/airflow/example_dags/subdags/subdag.py for tasks to queue
[2024-08-27T14:43:33.008+0000] {logging_mixin.py:190} INFO - [2024-08-27T14:43:33.008+0000] {dagbag.py:587} INFO - Filling up the DagBag from /home/ubuntu/myenv/lib/python3.12/site-packages/airflow/example_dags/subdags/subdag.py
[2024-08-27T14:43:33.010+0000] {processor.py:927} WARNING - No viable dags retrieved from /home/ubuntu/myenv/lib/python3.12/site-packages/airflow/example_dags/subdags/subdag.py
[2024-08-27T14:43:33.023+0000] {processor.py:208} INFO - Processing /home/ubuntu/myenv/lib/python3.12/site-packages/airflow/example_dags/subdags/subdag.py took 0.025 seconds
[2024-08-27T14:44:22.418+0000] {processor.py:186} INFO - Started process (PID=6216) to work on /home/ubuntu/myenv/lib/python3.12/site-packages/airflow/example_dags/subdags/subdag.py
[2024-08-27T14:44:22.420+0000] {processor.py:914} INFO - Processing file /home/ubuntu/myenv/lib/python3.12/site-packages/airflow/example_dags/subdags/subdag.py for tasks to queue
[2024-08-27T14:44:22.422+0000] {logging_mixin.py:190} INFO - [2024-08-27T14:44:22.422+0000] {dagbag.py:587} INFO - Filling up the DagBag from /home/ubuntu/myenv/lib/python3.12/site-packages/airflow/example_dags/subdags/subdag.py
[2024-08-27T14:44:22.425+0000] {processor.py:927} WARNING - No viable dags retrieved from /home/ubuntu/myenv/lib/python3.12/site-packages/airflow/example_dags/subdags/subdag.py
[2024-08-27T14:44:22.436+0000] {processor.py:208} INFO - Processing /home/ubuntu/myenv/lib/python3.12/site-packages/airflow/example_dags/subdags/subdag.py took 0.024 seconds
[2024-08-27T14:45:13.083+0000] {processor.py:186} INFO - Started process (PID=6271) to work on /home/ubuntu/myenv/lib/python3.12/site-packages/airflow/example_dags/subdags/subdag.py
[2024-08-27T14:45:13.084+0000] {processor.py:914} INFO - Processing file /home/ubuntu/myenv/lib/python3.12/site-packages/airflow/example_dags/subdags/subdag.py for tasks to queue
[2024-08-27T14:45:13.087+0000] {logging_mixin.py:190} INFO - [2024-08-27T14:45:13.086+0000] {dagbag.py:587} INFO - Filling up the DagBag from /home/ubuntu/myenv/lib/python3.12/site-packages/airflow/example_dags/subdags/subdag.py
[2024-08-27T14:45:13.089+0000] {processor.py:927} WARNING - No viable dags retrieved from /home/ubuntu/myenv/lib/python3.12/site-packages/airflow/example_dags/subdags/subdag.py
[2024-08-27T14:45:13.101+0000] {processor.py:208} INFO - Processing /home/ubuntu/myenv/lib/python3.12/site-packages/airflow/example_dags/subdags/subdag.py took 0.025 seconds
[2024-08-27T14:46:04.232+0000] {processor.py:186} INFO - Started process (PID=6326) to work on /home/ubuntu/myenv/lib/python3.12/site-packages/airflow/example_dags/subdags/subdag.py
[2024-08-27T14:46:04.234+0000] {processor.py:914} INFO - Processing file /home/ubuntu/myenv/lib/python3.12/site-packages/airflow/example_dags/subdags/subdag.py for tasks to queue
[2024-08-27T14:46:04.236+0000] {logging_mixin.py:190} INFO - [2024-08-27T14:46:04.236+0000] {dagbag.py:587} INFO - Filling up the DagBag from /home/ubuntu/myenv/lib/python3.12/site-packages/airflow/example_dags/subdags/subdag.py
[2024-08-27T14:46:04.239+0000] {processor.py:927} WARNING - No viable dags retrieved from /home/ubuntu/myenv/lib/python3.12/site-packages/airflow/example_dags/subdags/subdag.py
[2024-08-27T14:46:04.251+0000] {processor.py:208} INFO - Processing /home/ubuntu/myenv/lib/python3.12/site-packages/airflow/example_dags/subdags/subdag.py took 0.025 seconds
[2024-08-27T14:46:50.264+0000] {processor.py:186} INFO - Started process (PID=6374) to work on /home/ubuntu/myenv/lib/python3.12/site-packages/airflow/example_dags/subdags/subdag.py
[2024-08-27T14:46:50.266+0000] {processor.py:914} INFO - Processing file /home/ubuntu/myenv/lib/python3.12/site-packages/airflow/example_dags/subdags/subdag.py for tasks to queue
[2024-08-27T14:46:50.268+0000] {logging_mixin.py:190} INFO - [2024-08-27T14:46:50.268+0000] {dagbag.py:587} INFO - Filling up the DagBag from /home/ubuntu/myenv/lib/python3.12/site-packages/airflow/example_dags/subdags/subdag.py
[2024-08-27T14:46:50.270+0000] {processor.py:927} WARNING - No viable dags retrieved from /home/ubuntu/myenv/lib/python3.12/site-packages/airflow/example_dags/subdags/subdag.py
[2024-08-27T14:46:50.283+0000] {processor.py:208} INFO - Processing /home/ubuntu/myenv/lib/python3.12/site-packages/airflow/example_dags/subdags/subdag.py took 0.025 seconds
[2024-08-27T14:47:40.723+0000] {processor.py:186} INFO - Started process (PID=6427) to work on /home/ubuntu/myenv/lib/python3.12/site-packages/airflow/example_dags/subdags/subdag.py
[2024-08-27T14:47:40.725+0000] {processor.py:914} INFO - Processing file /home/ubuntu/myenv/lib/python3.12/site-packages/airflow/example_dags/subdags/subdag.py for tasks to queue
[2024-08-27T14:47:40.727+0000] {logging_mixin.py:190} INFO - [2024-08-27T14:47:40.727+0000] {dagbag.py:587} INFO - Filling up the DagBag from /home/ubuntu/myenv/lib/python3.12/site-packages/airflow/example_dags/subdags/subdag.py
[2024-08-27T14:47:40.729+0000] {processor.py:927} WARNING - No viable dags retrieved from /home/ubuntu/myenv/lib/python3.12/site-packages/airflow/example_dags/subdags/subdag.py
[2024-08-27T14:47:40.741+0000] {processor.py:208} INFO - Processing /home/ubuntu/myenv/lib/python3.12/site-packages/airflow/example_dags/subdags/subdag.py took 0.024 seconds
[2024-08-27T14:48:31.934+0000] {processor.py:186} INFO - Started process (PID=6483) to work on /home/ubuntu/myenv/lib/python3.12/site-packages/airflow/example_dags/subdags/subdag.py
[2024-08-27T14:48:31.935+0000] {processor.py:914} INFO - Processing file /home/ubuntu/myenv/lib/python3.12/site-packages/airflow/example_dags/subdags/subdag.py for tasks to queue
[2024-08-27T14:48:31.938+0000] {logging_mixin.py:190} INFO - [2024-08-27T14:48:31.937+0000] {dagbag.py:587} INFO - Filling up the DagBag from /home/ubuntu/myenv/lib/python3.12/site-packages/airflow/example_dags/subdags/subdag.py
[2024-08-27T14:48:31.940+0000] {processor.py:927} WARNING - No viable dags retrieved from /home/ubuntu/myenv/lib/python3.12/site-packages/airflow/example_dags/subdags/subdag.py
[2024-08-27T14:48:31.952+0000] {processor.py:208} INFO - Processing /home/ubuntu/myenv/lib/python3.12/site-packages/airflow/example_dags/subdags/subdag.py took 0.025 seconds
[2024-08-27T14:49:23.489+0000] {processor.py:186} INFO - Started process (PID=6537) to work on /home/ubuntu/myenv/lib/python3.12/site-packages/airflow/example_dags/subdags/subdag.py
[2024-08-27T14:49:23.490+0000] {processor.py:914} INFO - Processing file /home/ubuntu/myenv/lib/python3.12/site-packages/airflow/example_dags/subdags/subdag.py for tasks to queue
[2024-08-27T14:49:23.492+0000] {logging_mixin.py:190} INFO - [2024-08-27T14:49:23.492+0000] {dagbag.py:587} INFO - Filling up the DagBag from /home/ubuntu/myenv/lib/python3.12/site-packages/airflow/example_dags/subdags/subdag.py
[2024-08-27T14:49:23.495+0000] {processor.py:927} WARNING - No viable dags retrieved from /home/ubuntu/myenv/lib/python3.12/site-packages/airflow/example_dags/subdags/subdag.py
[2024-08-27T14:49:23.507+0000] {processor.py:208} INFO - Processing /home/ubuntu/myenv/lib/python3.12/site-packages/airflow/example_dags/subdags/subdag.py took 0.024 seconds
[2024-08-27T16:09:43.605+0000] {processor.py:186} INFO - Started process (PID=7510) to work on /home/ubuntu/myenv/lib/python3.12/site-packages/airflow/example_dags/subdags/subdag.py
[2024-08-27T16:09:43.606+0000] {processor.py:914} INFO - Processing file /home/ubuntu/myenv/lib/python3.12/site-packages/airflow/example_dags/subdags/subdag.py for tasks to queue
[2024-08-27T16:09:43.609+0000] {logging_mixin.py:190} INFO - [2024-08-27T16:09:43.608+0000] {dagbag.py:587} INFO - Filling up the DagBag from /home/ubuntu/myenv/lib/python3.12/site-packages/airflow/example_dags/subdags/subdag.py
[2024-08-27T16:09:43.611+0000] {processor.py:927} WARNING - No viable dags retrieved from /home/ubuntu/myenv/lib/python3.12/site-packages/airflow/example_dags/subdags/subdag.py
[2024-08-27T16:09:43.623+0000] {processor.py:208} INFO - Processing /home/ubuntu/myenv/lib/python3.12/site-packages/airflow/example_dags/subdags/subdag.py took 0.024 seconds
[2024-08-27T16:10:37.459+0000] {processor.py:186} INFO - Started process (PID=7645) to work on /home/ubuntu/myenv/lib/python3.12/site-packages/airflow/example_dags/subdags/subdag.py
[2024-08-27T16:10:37.461+0000] {processor.py:914} INFO - Processing file /home/ubuntu/myenv/lib/python3.12/site-packages/airflow/example_dags/subdags/subdag.py for tasks to queue
[2024-08-27T16:10:37.463+0000] {logging_mixin.py:190} INFO - [2024-08-27T16:10:37.462+0000] {dagbag.py:587} INFO - Filling up the DagBag from /home/ubuntu/myenv/lib/python3.12/site-packages/airflow/example_dags/subdags/subdag.py
[2024-08-27T16:10:37.465+0000] {processor.py:927} WARNING - No viable dags retrieved from /home/ubuntu/myenv/lib/python3.12/site-packages/airflow/example_dags/subdags/subdag.py
[2024-08-27T16:10:37.478+0000] {processor.py:208} INFO - Processing /home/ubuntu/myenv/lib/python3.12/site-packages/airflow/example_dags/subdags/subdag.py took 0.024 seconds
[2024-08-27T16:11:27.959+0000] {processor.py:186} INFO - Started process (PID=7741) to work on /home/ubuntu/myenv/lib/python3.12/site-packages/airflow/example_dags/subdags/subdag.py
[2024-08-27T16:11:27.961+0000] {processor.py:914} INFO - Processing file /home/ubuntu/myenv/lib/python3.12/site-packages/airflow/example_dags/subdags/subdag.py for tasks to queue
[2024-08-27T16:11:27.963+0000] {logging_mixin.py:190} INFO - [2024-08-27T16:11:27.962+0000] {dagbag.py:587} INFO - Filling up the DagBag from /home/ubuntu/myenv/lib/python3.12/site-packages/airflow/example_dags/subdags/subdag.py
[2024-08-27T16:11:27.965+0000] {processor.py:927} WARNING - No viable dags retrieved from /home/ubuntu/myenv/lib/python3.12/site-packages/airflow/example_dags/subdags/subdag.py
[2024-08-27T16:11:27.978+0000] {processor.py:208} INFO - Processing /home/ubuntu/myenv/lib/python3.12/site-packages/airflow/example_dags/subdags/subdag.py took 0.025 seconds
[2024-08-27T16:12:17.161+0000] {processor.py:186} INFO - Started process (PID=7864) to work on /home/ubuntu/myenv/lib/python3.12/site-packages/airflow/example_dags/subdags/subdag.py
[2024-08-27T16:12:17.163+0000] {processor.py:914} INFO - Processing file /home/ubuntu/myenv/lib/python3.12/site-packages/airflow/example_dags/subdags/subdag.py for tasks to queue
[2024-08-27T16:12:17.165+0000] {logging_mixin.py:190} INFO - [2024-08-27T16:12:17.165+0000] {dagbag.py:587} INFO - Filling up the DagBag from /home/ubuntu/myenv/lib/python3.12/site-packages/airflow/example_dags/subdags/subdag.py
[2024-08-27T16:12:17.168+0000] {processor.py:927} WARNING - No viable dags retrieved from /home/ubuntu/myenv/lib/python3.12/site-packages/airflow/example_dags/subdags/subdag.py
[2024-08-27T16:12:17.180+0000] {processor.py:208} INFO - Processing /home/ubuntu/myenv/lib/python3.12/site-packages/airflow/example_dags/subdags/subdag.py took 0.025 seconds
[2024-08-27T16:13:09.824+0000] {processor.py:186} INFO - Started process (PID=7953) to work on /home/ubuntu/myenv/lib/python3.12/site-packages/airflow/example_dags/subdags/subdag.py
[2024-08-27T16:13:09.826+0000] {processor.py:914} INFO - Processing file /home/ubuntu/myenv/lib/python3.12/site-packages/airflow/example_dags/subdags/subdag.py for tasks to queue
[2024-08-27T16:13:09.828+0000] {logging_mixin.py:190} INFO - [2024-08-27T16:13:09.828+0000] {dagbag.py:587} INFO - Filling up the DagBag from /home/ubuntu/myenv/lib/python3.12/site-packages/airflow/example_dags/subdags/subdag.py
[2024-08-27T16:13:09.830+0000] {processor.py:927} WARNING - No viable dags retrieved from /home/ubuntu/myenv/lib/python3.12/site-packages/airflow/example_dags/subdags/subdag.py
[2024-08-27T16:13:09.842+0000] {processor.py:208} INFO - Processing /home/ubuntu/myenv/lib/python3.12/site-packages/airflow/example_dags/subdags/subdag.py took 0.024 seconds
