[2024-08-29T18:08:26.832+0000] {local_task_job_runner.py:123} INFO - ::group::Pre task execution logs
[2024-08-29T18:08:26.842+0000] {taskinstance.py:2603} INFO - Dependencies all met for dep_context=non-requeueable deps ti=<TaskInstance: zillow_analytics_dag.tsk_load_to_s3 manual__2024-08-29T18:07:13.145601+00:00 [queued]>
[2024-08-29T18:08:26.847+0000] {taskinstance.py:2603} INFO - Dependencies all met for dep_context=requeueable deps ti=<TaskInstance: zillow_analytics_dag.tsk_load_to_s3 manual__2024-08-29T18:07:13.145601+00:00 [queued]>
[2024-08-29T18:08:26.847+0000] {taskinstance.py:2856} INFO - Starting attempt 1 of 3
[2024-08-29T18:08:26.864+0000] {taskinstance.py:2879} INFO - Executing <Task(BashOperator): tsk_load_to_s3> on 2024-08-29 18:07:13.145601+00:00
[2024-08-29T18:08:26.867+0000] {standard_task_runner.py:72} INFO - Started process 44480 to run task
[2024-08-29T18:08:26.870+0000] {standard_task_runner.py:104} INFO - Running: ['airflow', 'tasks', 'run', 'zillow_analytics_dag', 'tsk_load_to_s3', 'manual__2024-08-29T18:07:13.145601+00:00', '--job-id', '89', '--raw', '--subdir', 'DAGS_FOLDER/zillow_analytics.py', '--cfg-path', '/tmp/tmpgei9rh75']
[2024-08-29T18:08:26.871+0000] {standard_task_runner.py:105} INFO - Job 89: Subtask tsk_load_to_s3
[2024-08-29T18:08:26.906+0000] {task_command.py:467} INFO - Running <TaskInstance: zillow_analytics_dag.tsk_load_to_s3 manual__2024-08-29T18:07:13.145601+00:00 [running]> on host ip-172-31-11-44.eu-west-3.compute.internal
[2024-08-29T18:08:26.974+0000] {taskinstance.py:3122} INFO - Exporting env vars: AIRFLOW_CTX_DAG_EMAIL='says@master.com' AIRFLOW_CTX_DAG_OWNER='airflow' AIRFLOW_CTX_DAG_ID='zillow_analytics_dag' AIRFLOW_CTX_TASK_ID='tsk_load_to_s3' AIRFLOW_CTX_EXECUTION_DATE='2024-08-29T18:07:13.145601+00:00' AIRFLOW_CTX_TRY_NUMBER='1' AIRFLOW_CTX_DAG_RUN_ID='manual__2024-08-29T18:07:13.145601+00:00'
[2024-08-29T18:08:26.975+0000] {taskinstance.py:731} INFO - ::endgroup::
[2024-08-29T18:08:26.986+0000] {subprocess.py:63} INFO - Tmp dir root location: /tmp
[2024-08-29T18:08:26.987+0000] {subprocess.py:75} INFO - Running command: ['/usr/bin/bash', '-c', 'aws s3 mv /home/ubuntu/response_data_29082024180823.json s3://endtoend-bucket001/']
[2024-08-29T18:08:26.994+0000] {subprocess.py:86} INFO - Output:
[2024-08-29T18:08:27.635+0000] {subprocess.py:93} INFO - Completed 54.7 KiB/54.7 KiB (257.4 KiB/s) with 1 file(s) remainingmove: ../../home/ubuntu/response_data_29082024180823.json to s3://endtoend-bucket001/response_data_29082024180823.json
[2024-08-29T18:08:27.704+0000] {subprocess.py:97} INFO - Command exited with return code 0
[2024-08-29T18:08:27.724+0000] {taskinstance.py:340} INFO - ::group::Post task execution logs
[2024-08-29T18:08:27.724+0000] {taskinstance.py:352} INFO - Marking task as SUCCESS. dag_id=zillow_analytics_dag, task_id=tsk_load_to_s3, run_id=manual__2024-08-29T18:07:13.145601+00:00, execution_date=20240829T180713, start_date=20240829T180826, end_date=20240829T180827
[2024-08-29T18:08:27.766+0000] {local_task_job_runner.py:261} INFO - Task exited with return code 0
[2024-08-29T18:08:27.783+0000] {taskinstance.py:3891} INFO - 1 downstream tasks scheduled from follow-on schedule check
[2024-08-29T18:08:27.795+0000] {local_task_job_runner.py:240} INFO - ::endgroup::
