[2024-08-27T17:26:09.512+0000] {local_task_job_runner.py:123} INFO - ::group::Pre task execution logs
[2024-08-27T17:26:09.591+0000] {taskinstance.py:2603} INFO - Dependencies all met for dep_context=non-requeueable deps ti=<TaskInstance: zillow_analytics_dag.tsk_load_to_s3 manual__2024-08-27T17:26:03.164566+00:00 [queued]>
[2024-08-27T17:26:09.597+0000] {taskinstance.py:2603} INFO - Dependencies all met for dep_context=requeueable deps ti=<TaskInstance: zillow_analytics_dag.tsk_load_to_s3 manual__2024-08-27T17:26:03.164566+00:00 [queued]>
[2024-08-27T17:26:09.597+0000] {taskinstance.py:2856} INFO - Starting attempt 1 of 3
[2024-08-27T17:26:09.612+0000] {taskinstance.py:2879} INFO - Executing <Task(BashOperator): tsk_load_to_s3> on 2024-08-27 17:26:03.164566+00:00
[2024-08-27T17:26:09.617+0000] {standard_task_runner.py:72} INFO - Started process 11367 to run task
[2024-08-27T17:26:09.620+0000] {standard_task_runner.py:104} INFO - Running: ['airflow', 'tasks', 'run', 'zillow_analytics_dag', 'tsk_load_to_s3', 'manual__2024-08-27T17:26:03.164566+00:00', '--job-id', '11', '--raw', '--subdir', 'DAGS_FOLDER/zillow_analytics.py', '--cfg-path', '/tmp/tmpmt37pkvz']
[2024-08-27T17:26:09.622+0000] {standard_task_runner.py:105} INFO - Job 11: Subtask tsk_load_to_s3
[2024-08-27T17:26:09.658+0000] {task_command.py:467} INFO - Running <TaskInstance: zillow_analytics_dag.tsk_load_to_s3 manual__2024-08-27T17:26:03.164566+00:00 [running]> on host ip-172-31-11-44.eu-west-3.compute.internal
[2024-08-27T17:26:09.733+0000] {taskinstance.py:3122} INFO - Exporting env vars: AIRFLOW_CTX_DAG_EMAIL='says@master.com' AIRFLOW_CTX_DAG_OWNER='airflow' AIRFLOW_CTX_DAG_ID='zillow_analytics_dag' AIRFLOW_CTX_TASK_ID='tsk_load_to_s3' AIRFLOW_CTX_EXECUTION_DATE='2024-08-27T17:26:03.164566+00:00' AIRFLOW_CTX_TRY_NUMBER='1' AIRFLOW_CTX_DAG_RUN_ID='manual__2024-08-27T17:26:03.164566+00:00'
[2024-08-27T17:26:09.733+0000] {taskinstance.py:731} INFO - ::endgroup::
[2024-08-27T17:26:09.747+0000] {subprocess.py:63} INFO - Tmp dir root location: /tmp
[2024-08-27T17:26:09.748+0000] {subprocess.py:75} INFO - Running command: ['/usr/bin/bash', '-c', 'aws s3 mv /home/ubuntu/response_data_27082024172606.json s3://endtoend-bucket001/']
[2024-08-27T17:26:09.755+0000] {subprocess.py:86} INFO - Output:
[2024-08-27T17:26:10.711+0000] {subprocess.py:93} INFO - Completed 54.0 KiB/54.0 KiB (125.2 KiB/s) with 1 file(s) remainingmove: ../../home/ubuntu/response_data_27082024172606.json to s3://endtoend-bucket001/response_data_27082024172606.json
[2024-08-27T17:26:10.787+0000] {subprocess.py:97} INFO - Command exited with return code 0
[2024-08-27T17:26:10.808+0000] {taskinstance.py:340} INFO - ::group::Post task execution logs
[2024-08-27T17:26:10.809+0000] {taskinstance.py:352} INFO - Marking task as SUCCESS. dag_id=zillow_analytics_dag, task_id=tsk_load_to_s3, run_id=manual__2024-08-27T17:26:03.164566+00:00, execution_date=20240827T172603, start_date=20240827T172609, end_date=20240827T172610
[2024-08-27T17:26:10.840+0000] {local_task_job_runner.py:261} INFO - Task exited with return code 0
[2024-08-27T17:26:10.852+0000] {taskinstance.py:3891} INFO - 0 downstream tasks scheduled from follow-on schedule check
[2024-08-27T17:26:10.853+0000] {local_task_job_runner.py:240} INFO - ::endgroup::
