[2024-08-27T14:34:58.371+0000] {processor.py:186} INFO - Started process (PID=5553) to work on /home/ubuntu/myenv/lib/python3.12/site-packages/airflow/example_dags/example_complex.py
[2024-08-27T14:34:58.372+0000] {processor.py:914} INFO - Processing file /home/ubuntu/myenv/lib/python3.12/site-packages/airflow/example_dags/example_complex.py for tasks to queue
[2024-08-27T14:34:58.374+0000] {logging_mixin.py:190} INFO - [2024-08-27T14:34:58.374+0000] {dagbag.py:587} INFO - Filling up the DagBag from /home/ubuntu/myenv/lib/python3.12/site-packages/airflow/example_dags/example_complex.py
[2024-08-27T14:34:58.388+0000] {processor.py:925} INFO - DAG(s) 'example_complex' retrieved from /home/ubuntu/myenv/lib/python3.12/site-packages/airflow/example_dags/example_complex.py
[2024-08-27T14:34:58.519+0000] {logging_mixin.py:190} INFO - [2024-08-27T14:34:58.518+0000] {override.py:1900} INFO - Created Permission View: can delete on DAG:example_complex
[2024-08-27T14:34:58.532+0000] {logging_mixin.py:190} INFO - [2024-08-27T14:34:58.532+0000] {override.py:1900} INFO - Created Permission View: can edit on DAG:example_complex
[2024-08-27T14:34:58.543+0000] {logging_mixin.py:190} INFO - [2024-08-27T14:34:58.542+0000] {override.py:1900} INFO - Created Permission View: can read on DAG:example_complex
[2024-08-27T14:34:58.559+0000] {logging_mixin.py:190} INFO - [2024-08-27T14:34:58.558+0000] {override.py:1900} INFO - Created Permission View: can create on DAG Run:example_complex
[2024-08-27T14:34:58.569+0000] {logging_mixin.py:190} INFO - [2024-08-27T14:34:58.569+0000] {override.py:1900} INFO - Created Permission View: menu access on DAG Run:example_complex
[2024-08-27T14:34:58.579+0000] {logging_mixin.py:190} INFO - [2024-08-27T14:34:58.579+0000] {override.py:1900} INFO - Created Permission View: can delete on DAG Run:example_complex
[2024-08-27T14:34:58.589+0000] {logging_mixin.py:190} INFO - [2024-08-27T14:34:58.589+0000] {override.py:1900} INFO - Created Permission View: can read on DAG Run:example_complex
[2024-08-27T14:34:58.590+0000] {logging_mixin.py:190} INFO - [2024-08-27T14:34:58.590+0000] {dag.py:3211} INFO - Sync 1 DAGs
[2024-08-27T14:34:58.602+0000] {logging_mixin.py:190} INFO - [2024-08-27T14:34:58.602+0000] {dag.py:3234} INFO - Creating ORM DAG for example_complex
[2024-08-27T14:34:58.603+0000] {logging_mixin.py:190} INFO - [2024-08-27T14:34:58.603+0000] {dag.py:4138} INFO - Setting next_dagrun for example_complex to None, run_after=None
[2024-08-27T14:34:58.627+0000] {processor.py:208} INFO - Processing /home/ubuntu/myenv/lib/python3.12/site-packages/airflow/example_dags/example_complex.py took 0.261 seconds
[2024-08-27T14:36:00.523+0000] {processor.py:186} INFO - Started process (PID=5628) to work on /home/ubuntu/myenv/lib/python3.12/site-packages/airflow/example_dags/example_complex.py
[2024-08-27T14:36:00.525+0000] {processor.py:914} INFO - Processing file /home/ubuntu/myenv/lib/python3.12/site-packages/airflow/example_dags/example_complex.py for tasks to queue
[2024-08-27T14:36:00.527+0000] {logging_mixin.py:190} INFO - [2024-08-27T14:36:00.527+0000] {dagbag.py:587} INFO - Filling up the DagBag from /home/ubuntu/myenv/lib/python3.12/site-packages/airflow/example_dags/example_complex.py
[2024-08-27T14:36:00.540+0000] {processor.py:925} INFO - DAG(s) 'example_complex' retrieved from /home/ubuntu/myenv/lib/python3.12/site-packages/airflow/example_dags/example_complex.py
[2024-08-27T14:36:00.571+0000] {logging_mixin.py:190} INFO - [2024-08-27T14:36:00.571+0000] {dag.py:3211} INFO - Sync 1 DAGs
[2024-08-27T14:36:00.585+0000] {logging_mixin.py:190} INFO - [2024-08-27T14:36:00.584+0000] {dag.py:4138} INFO - Setting next_dagrun for example_complex to None, run_after=None
[2024-08-27T14:36:00.607+0000] {processor.py:208} INFO - Processing /home/ubuntu/myenv/lib/python3.12/site-packages/airflow/example_dags/example_complex.py took 0.090 seconds
[2024-08-27T14:36:54.160+0000] {processor.py:186} INFO - Started process (PID=5700) to work on /home/ubuntu/myenv/lib/python3.12/site-packages/airflow/example_dags/example_complex.py
[2024-08-27T14:36:54.162+0000] {processor.py:914} INFO - Processing file /home/ubuntu/myenv/lib/python3.12/site-packages/airflow/example_dags/example_complex.py for tasks to queue
[2024-08-27T14:36:54.164+0000] {logging_mixin.py:190} INFO - [2024-08-27T14:36:54.163+0000] {dagbag.py:587} INFO - Filling up the DagBag from /home/ubuntu/myenv/lib/python3.12/site-packages/airflow/example_dags/example_complex.py
[2024-08-27T14:36:54.177+0000] {processor.py:925} INFO - DAG(s) 'example_complex' retrieved from /home/ubuntu/myenv/lib/python3.12/site-packages/airflow/example_dags/example_complex.py
[2024-08-27T14:36:54.208+0000] {logging_mixin.py:190} INFO - [2024-08-27T14:36:54.208+0000] {dag.py:3211} INFO - Sync 1 DAGs
[2024-08-27T14:36:54.221+0000] {logging_mixin.py:190} INFO - [2024-08-27T14:36:54.221+0000] {dag.py:4138} INFO - Setting next_dagrun for example_complex to None, run_after=None
[2024-08-27T14:36:54.244+0000] {processor.py:208} INFO - Processing /home/ubuntu/myenv/lib/python3.12/site-packages/airflow/example_dags/example_complex.py took 0.090 seconds
[2024-08-27T14:38:07.199+0000] {processor.py:186} INFO - Started process (PID=5800) to work on /home/ubuntu/myenv/lib/python3.12/site-packages/airflow/example_dags/example_complex.py
[2024-08-27T14:38:07.200+0000] {processor.py:914} INFO - Processing file /home/ubuntu/myenv/lib/python3.12/site-packages/airflow/example_dags/example_complex.py for tasks to queue
[2024-08-27T14:38:07.202+0000] {logging_mixin.py:190} INFO - [2024-08-27T14:38:07.202+0000] {dagbag.py:587} INFO - Filling up the DagBag from /home/ubuntu/myenv/lib/python3.12/site-packages/airflow/example_dags/example_complex.py
[2024-08-27T14:38:07.216+0000] {processor.py:925} INFO - DAG(s) 'example_complex' retrieved from /home/ubuntu/myenv/lib/python3.12/site-packages/airflow/example_dags/example_complex.py
[2024-08-27T14:38:07.248+0000] {logging_mixin.py:190} INFO - [2024-08-27T14:38:07.248+0000] {dag.py:3211} INFO - Sync 1 DAGs
[2024-08-27T14:38:07.262+0000] {logging_mixin.py:190} INFO - [2024-08-27T14:38:07.262+0000] {dag.py:4138} INFO - Setting next_dagrun for example_complex to None, run_after=None
[2024-08-27T14:38:07.286+0000] {processor.py:208} INFO - Processing /home/ubuntu/myenv/lib/python3.12/site-packages/airflow/example_dags/example_complex.py took 0.094 seconds
[2024-08-27T14:39:10.853+0000] {processor.py:186} INFO - Started process (PID=5876) to work on /home/ubuntu/myenv/lib/python3.12/site-packages/airflow/example_dags/example_complex.py
[2024-08-27T14:39:10.855+0000] {processor.py:914} INFO - Processing file /home/ubuntu/myenv/lib/python3.12/site-packages/airflow/example_dags/example_complex.py for tasks to queue
[2024-08-27T14:39:10.857+0000] {logging_mixin.py:190} INFO - [2024-08-27T14:39:10.856+0000] {dagbag.py:587} INFO - Filling up the DagBag from /home/ubuntu/myenv/lib/python3.12/site-packages/airflow/example_dags/example_complex.py
[2024-08-27T14:39:11.002+0000] {processor.py:925} INFO - DAG(s) 'example_complex' retrieved from /home/ubuntu/myenv/lib/python3.12/site-packages/airflow/example_dags/example_complex.py
[2024-08-27T14:39:11.029+0000] {logging_mixin.py:190} INFO - [2024-08-27T14:39:11.028+0000] {dag.py:3211} INFO - Sync 1 DAGs
[2024-08-27T14:39:11.040+0000] {logging_mixin.py:190} INFO - [2024-08-27T14:39:11.040+0000] {dag.py:4138} INFO - Setting next_dagrun for example_complex to None, run_after=None
[2024-08-27T14:39:11.062+0000] {processor.py:208} INFO - Processing /home/ubuntu/myenv/lib/python3.12/site-packages/airflow/example_dags/example_complex.py took 0.216 seconds
[2024-08-27T14:40:06.381+0000] {processor.py:186} INFO - Started process (PID=5952) to work on /home/ubuntu/myenv/lib/python3.12/site-packages/airflow/example_dags/example_complex.py
[2024-08-27T14:40:06.383+0000] {processor.py:914} INFO - Processing file /home/ubuntu/myenv/lib/python3.12/site-packages/airflow/example_dags/example_complex.py for tasks to queue
[2024-08-27T14:40:06.385+0000] {logging_mixin.py:190} INFO - [2024-08-27T14:40:06.384+0000] {dagbag.py:587} INFO - Filling up the DagBag from /home/ubuntu/myenv/lib/python3.12/site-packages/airflow/example_dags/example_complex.py
[2024-08-27T14:40:06.399+0000] {processor.py:925} INFO - DAG(s) 'example_complex' retrieved from /home/ubuntu/myenv/lib/python3.12/site-packages/airflow/example_dags/example_complex.py
[2024-08-27T14:40:06.433+0000] {logging_mixin.py:190} INFO - [2024-08-27T14:40:06.432+0000] {dag.py:3211} INFO - Sync 1 DAGs
[2024-08-27T14:40:06.449+0000] {logging_mixin.py:190} INFO - [2024-08-27T14:40:06.448+0000] {dag.py:4138} INFO - Setting next_dagrun for example_complex to None, run_after=None
[2024-08-27T14:40:06.475+0000] {processor.py:208} INFO - Processing /home/ubuntu/myenv/lib/python3.12/site-packages/airflow/example_dags/example_complex.py took 0.100 seconds
[2024-08-27T14:41:21.537+0000] {processor.py:186} INFO - Started process (PID=6031) to work on /home/ubuntu/myenv/lib/python3.12/site-packages/airflow/example_dags/example_complex.py
[2024-08-27T14:41:21.538+0000] {processor.py:914} INFO - Processing file /home/ubuntu/myenv/lib/python3.12/site-packages/airflow/example_dags/example_complex.py for tasks to queue
[2024-08-27T14:41:21.541+0000] {logging_mixin.py:190} INFO - [2024-08-27T14:41:21.540+0000] {dagbag.py:587} INFO - Filling up the DagBag from /home/ubuntu/myenv/lib/python3.12/site-packages/airflow/example_dags/example_complex.py
[2024-08-27T14:41:21.554+0000] {processor.py:925} INFO - DAG(s) 'example_complex' retrieved from /home/ubuntu/myenv/lib/python3.12/site-packages/airflow/example_dags/example_complex.py
[2024-08-27T14:41:21.585+0000] {logging_mixin.py:190} INFO - [2024-08-27T14:41:21.585+0000] {dag.py:3211} INFO - Sync 1 DAGs
[2024-08-27T14:41:21.599+0000] {logging_mixin.py:190} INFO - [2024-08-27T14:41:21.599+0000] {dag.py:4138} INFO - Setting next_dagrun for example_complex to None, run_after=None
[2024-08-27T14:41:21.621+0000] {processor.py:208} INFO - Processing /home/ubuntu/myenv/lib/python3.12/site-packages/airflow/example_dags/example_complex.py took 0.090 seconds
[2024-08-27T14:42:37.255+0000] {processor.py:186} INFO - Started process (PID=6108) to work on /home/ubuntu/myenv/lib/python3.12/site-packages/airflow/example_dags/example_complex.py
[2024-08-27T14:42:37.257+0000] {processor.py:914} INFO - Processing file /home/ubuntu/myenv/lib/python3.12/site-packages/airflow/example_dags/example_complex.py for tasks to queue
[2024-08-27T14:42:37.259+0000] {logging_mixin.py:190} INFO - [2024-08-27T14:42:37.259+0000] {dagbag.py:587} INFO - Filling up the DagBag from /home/ubuntu/myenv/lib/python3.12/site-packages/airflow/example_dags/example_complex.py
[2024-08-27T14:42:37.273+0000] {processor.py:925} INFO - DAG(s) 'example_complex' retrieved from /home/ubuntu/myenv/lib/python3.12/site-packages/airflow/example_dags/example_complex.py
[2024-08-27T14:42:37.305+0000] {logging_mixin.py:190} INFO - [2024-08-27T14:42:37.304+0000] {dag.py:3211} INFO - Sync 1 DAGs
[2024-08-27T14:42:37.319+0000] {logging_mixin.py:190} INFO - [2024-08-27T14:42:37.319+0000] {dag.py:4138} INFO - Setting next_dagrun for example_complex to None, run_after=None
[2024-08-27T14:42:37.341+0000] {processor.py:208} INFO - Processing /home/ubuntu/myenv/lib/python3.12/site-packages/airflow/example_dags/example_complex.py took 0.092 seconds
[2024-08-27T14:43:53.610+0000] {processor.py:186} INFO - Started process (PID=6186) to work on /home/ubuntu/myenv/lib/python3.12/site-packages/airflow/example_dags/example_complex.py
[2024-08-27T14:43:53.612+0000] {processor.py:914} INFO - Processing file /home/ubuntu/myenv/lib/python3.12/site-packages/airflow/example_dags/example_complex.py for tasks to queue
[2024-08-27T14:43:53.614+0000] {logging_mixin.py:190} INFO - [2024-08-27T14:43:53.614+0000] {dagbag.py:587} INFO - Filling up the DagBag from /home/ubuntu/myenv/lib/python3.12/site-packages/airflow/example_dags/example_complex.py
[2024-08-27T14:43:53.628+0000] {processor.py:925} INFO - DAG(s) 'example_complex' retrieved from /home/ubuntu/myenv/lib/python3.12/site-packages/airflow/example_dags/example_complex.py
[2024-08-27T14:43:53.660+0000] {logging_mixin.py:190} INFO - [2024-08-27T14:43:53.660+0000] {dag.py:3211} INFO - Sync 1 DAGs
[2024-08-27T14:43:53.674+0000] {logging_mixin.py:190} INFO - [2024-08-27T14:43:53.674+0000] {dag.py:4138} INFO - Setting next_dagrun for example_complex to None, run_after=None
[2024-08-27T14:43:53.696+0000] {processor.py:208} INFO - Processing /home/ubuntu/myenv/lib/python3.12/site-packages/airflow/example_dags/example_complex.py took 0.092 seconds
[2024-08-27T14:45:08.623+0000] {processor.py:186} INFO - Started process (PID=6267) to work on /home/ubuntu/myenv/lib/python3.12/site-packages/airflow/example_dags/example_complex.py
[2024-08-27T14:45:08.624+0000] {processor.py:914} INFO - Processing file /home/ubuntu/myenv/lib/python3.12/site-packages/airflow/example_dags/example_complex.py for tasks to queue
[2024-08-27T14:45:08.627+0000] {logging_mixin.py:190} INFO - [2024-08-27T14:45:08.626+0000] {dagbag.py:587} INFO - Filling up the DagBag from /home/ubuntu/myenv/lib/python3.12/site-packages/airflow/example_dags/example_complex.py
[2024-08-27T14:45:08.641+0000] {processor.py:925} INFO - DAG(s) 'example_complex' retrieved from /home/ubuntu/myenv/lib/python3.12/site-packages/airflow/example_dags/example_complex.py
[2024-08-27T14:45:08.672+0000] {logging_mixin.py:190} INFO - [2024-08-27T14:45:08.672+0000] {dag.py:3211} INFO - Sync 1 DAGs
[2024-08-27T14:45:08.687+0000] {logging_mixin.py:190} INFO - [2024-08-27T14:45:08.686+0000] {dag.py:4138} INFO - Setting next_dagrun for example_complex to None, run_after=None
[2024-08-27T14:45:08.709+0000] {processor.py:208} INFO - Processing /home/ubuntu/myenv/lib/python3.12/site-packages/airflow/example_dags/example_complex.py took 0.092 seconds
[2024-08-27T14:46:00.877+0000] {processor.py:186} INFO - Started process (PID=6320) to work on /home/ubuntu/myenv/lib/python3.12/site-packages/airflow/example_dags/example_complex.py
[2024-08-27T14:46:00.879+0000] {processor.py:914} INFO - Processing file /home/ubuntu/myenv/lib/python3.12/site-packages/airflow/example_dags/example_complex.py for tasks to queue
[2024-08-27T14:46:00.881+0000] {logging_mixin.py:190} INFO - [2024-08-27T14:46:00.881+0000] {dagbag.py:587} INFO - Filling up the DagBag from /home/ubuntu/myenv/lib/python3.12/site-packages/airflow/example_dags/example_complex.py
[2024-08-27T14:46:00.896+0000] {processor.py:925} INFO - DAG(s) 'example_complex' retrieved from /home/ubuntu/myenv/lib/python3.12/site-packages/airflow/example_dags/example_complex.py
[2024-08-27T14:46:00.928+0000] {logging_mixin.py:190} INFO - [2024-08-27T14:46:00.927+0000] {dag.py:3211} INFO - Sync 1 DAGs
[2024-08-27T14:46:00.942+0000] {logging_mixin.py:190} INFO - [2024-08-27T14:46:00.941+0000] {dag.py:4138} INFO - Setting next_dagrun for example_complex to None, run_after=None
[2024-08-27T14:46:00.965+0000] {processor.py:208} INFO - Processing /home/ubuntu/myenv/lib/python3.12/site-packages/airflow/example_dags/example_complex.py took 0.094 seconds
[2024-08-27T14:47:09.137+0000] {processor.py:186} INFO - Started process (PID=6393) to work on /home/ubuntu/myenv/lib/python3.12/site-packages/airflow/example_dags/example_complex.py
[2024-08-27T14:47:09.139+0000] {processor.py:914} INFO - Processing file /home/ubuntu/myenv/lib/python3.12/site-packages/airflow/example_dags/example_complex.py for tasks to queue
[2024-08-27T14:47:09.141+0000] {logging_mixin.py:190} INFO - [2024-08-27T14:47:09.141+0000] {dagbag.py:587} INFO - Filling up the DagBag from /home/ubuntu/myenv/lib/python3.12/site-packages/airflow/example_dags/example_complex.py
[2024-08-27T14:47:09.155+0000] {processor.py:925} INFO - DAG(s) 'example_complex' retrieved from /home/ubuntu/myenv/lib/python3.12/site-packages/airflow/example_dags/example_complex.py
[2024-08-27T14:47:09.186+0000] {logging_mixin.py:190} INFO - [2024-08-27T14:47:09.186+0000] {dag.py:3211} INFO - Sync 1 DAGs
[2024-08-27T14:47:09.200+0000] {logging_mixin.py:190} INFO - [2024-08-27T14:47:09.200+0000] {dag.py:4138} INFO - Setting next_dagrun for example_complex to None, run_after=None
[2024-08-27T14:47:09.224+0000] {processor.py:208} INFO - Processing /home/ubuntu/myenv/lib/python3.12/site-packages/airflow/example_dags/example_complex.py took 0.093 seconds
[2024-08-27T14:48:02.355+0000] {processor.py:186} INFO - Started process (PID=6449) to work on /home/ubuntu/myenv/lib/python3.12/site-packages/airflow/example_dags/example_complex.py
[2024-08-27T14:48:02.357+0000] {processor.py:914} INFO - Processing file /home/ubuntu/myenv/lib/python3.12/site-packages/airflow/example_dags/example_complex.py for tasks to queue
[2024-08-27T14:48:02.360+0000] {logging_mixin.py:190} INFO - [2024-08-27T14:48:02.359+0000] {dagbag.py:587} INFO - Filling up the DagBag from /home/ubuntu/myenv/lib/python3.12/site-packages/airflow/example_dags/example_complex.py
[2024-08-27T14:48:02.375+0000] {processor.py:925} INFO - DAG(s) 'example_complex' retrieved from /home/ubuntu/myenv/lib/python3.12/site-packages/airflow/example_dags/example_complex.py
[2024-08-27T14:48:02.409+0000] {logging_mixin.py:190} INFO - [2024-08-27T14:48:02.409+0000] {dag.py:3211} INFO - Sync 1 DAGs
[2024-08-27T14:48:02.424+0000] {logging_mixin.py:190} INFO - [2024-08-27T14:48:02.424+0000] {dag.py:4138} INFO - Setting next_dagrun for example_complex to None, run_after=None
[2024-08-27T14:48:02.450+0000] {processor.py:208} INFO - Processing /home/ubuntu/myenv/lib/python3.12/site-packages/airflow/example_dags/example_complex.py took 0.101 seconds
[2024-08-27T14:49:19.490+0000] {processor.py:186} INFO - Started process (PID=6533) to work on /home/ubuntu/myenv/lib/python3.12/site-packages/airflow/example_dags/example_complex.py
[2024-08-27T14:49:19.492+0000] {processor.py:914} INFO - Processing file /home/ubuntu/myenv/lib/python3.12/site-packages/airflow/example_dags/example_complex.py for tasks to queue
[2024-08-27T14:49:19.494+0000] {logging_mixin.py:190} INFO - [2024-08-27T14:49:19.494+0000] {dagbag.py:587} INFO - Filling up the DagBag from /home/ubuntu/myenv/lib/python3.12/site-packages/airflow/example_dags/example_complex.py
[2024-08-27T14:49:19.508+0000] {processor.py:925} INFO - DAG(s) 'example_complex' retrieved from /home/ubuntu/myenv/lib/python3.12/site-packages/airflow/example_dags/example_complex.py
[2024-08-27T14:49:19.542+0000] {logging_mixin.py:190} INFO - [2024-08-27T14:49:19.541+0000] {dag.py:3211} INFO - Sync 1 DAGs
[2024-08-27T14:49:19.556+0000] {logging_mixin.py:190} INFO - [2024-08-27T14:49:19.556+0000] {dag.py:4138} INFO - Setting next_dagrun for example_complex to None, run_after=None
[2024-08-27T14:49:19.580+0000] {processor.py:208} INFO - Processing /home/ubuntu/myenv/lib/python3.12/site-packages/airflow/example_dags/example_complex.py took 0.096 seconds
[2024-08-27T16:10:25.818+0000] {processor.py:186} INFO - Started process (PID=7633) to work on /home/ubuntu/myenv/lib/python3.12/site-packages/airflow/example_dags/example_complex.py
[2024-08-27T16:10:25.820+0000] {processor.py:914} INFO - Processing file /home/ubuntu/myenv/lib/python3.12/site-packages/airflow/example_dags/example_complex.py for tasks to queue
[2024-08-27T16:10:25.822+0000] {logging_mixin.py:190} INFO - [2024-08-27T16:10:25.822+0000] {dagbag.py:587} INFO - Filling up the DagBag from /home/ubuntu/myenv/lib/python3.12/site-packages/airflow/example_dags/example_complex.py
[2024-08-27T16:10:25.836+0000] {processor.py:925} INFO - DAG(s) 'example_complex' retrieved from /home/ubuntu/myenv/lib/python3.12/site-packages/airflow/example_dags/example_complex.py
[2024-08-27T16:10:25.867+0000] {logging_mixin.py:190} INFO - [2024-08-27T16:10:25.867+0000] {dag.py:3211} INFO - Sync 1 DAGs
[2024-08-27T16:10:25.881+0000] {logging_mixin.py:190} INFO - [2024-08-27T16:10:25.881+0000] {dag.py:4138} INFO - Setting next_dagrun for example_complex to None, run_after=None
[2024-08-27T16:10:25.904+0000] {processor.py:208} INFO - Processing /home/ubuntu/myenv/lib/python3.12/site-packages/airflow/example_dags/example_complex.py took 0.092 seconds
[2024-08-27T16:11:20.513+0000] {processor.py:186} INFO - Started process (PID=7734) to work on /home/ubuntu/myenv/lib/python3.12/site-packages/airflow/example_dags/example_complex.py
[2024-08-27T16:11:20.515+0000] {processor.py:914} INFO - Processing file /home/ubuntu/myenv/lib/python3.12/site-packages/airflow/example_dags/example_complex.py for tasks to queue
[2024-08-27T16:11:20.517+0000] {logging_mixin.py:190} INFO - [2024-08-27T16:11:20.517+0000] {dagbag.py:587} INFO - Filling up the DagBag from /home/ubuntu/myenv/lib/python3.12/site-packages/airflow/example_dags/example_complex.py
[2024-08-27T16:11:20.531+0000] {processor.py:925} INFO - DAG(s) 'example_complex' retrieved from /home/ubuntu/myenv/lib/python3.12/site-packages/airflow/example_dags/example_complex.py
[2024-08-27T16:11:20.562+0000] {logging_mixin.py:190} INFO - [2024-08-27T16:11:20.562+0000] {dag.py:3211} INFO - Sync 1 DAGs
[2024-08-27T16:11:20.576+0000] {logging_mixin.py:190} INFO - [2024-08-27T16:11:20.576+0000] {dag.py:4138} INFO - Setting next_dagrun for example_complex to None, run_after=None
[2024-08-27T16:11:20.600+0000] {processor.py:208} INFO - Processing /home/ubuntu/myenv/lib/python3.12/site-packages/airflow/example_dags/example_complex.py took 0.092 seconds
[2024-08-27T16:12:15.702+0000] {processor.py:186} INFO - Started process (PID=7862) to work on /home/ubuntu/myenv/lib/python3.12/site-packages/airflow/example_dags/example_complex.py
[2024-08-27T16:12:15.703+0000] {processor.py:914} INFO - Processing file /home/ubuntu/myenv/lib/python3.12/site-packages/airflow/example_dags/example_complex.py for tasks to queue
[2024-08-27T16:12:15.705+0000] {logging_mixin.py:190} INFO - [2024-08-27T16:12:15.705+0000] {dagbag.py:587} INFO - Filling up the DagBag from /home/ubuntu/myenv/lib/python3.12/site-packages/airflow/example_dags/example_complex.py
[2024-08-27T16:12:15.719+0000] {processor.py:925} INFO - DAG(s) 'example_complex' retrieved from /home/ubuntu/myenv/lib/python3.12/site-packages/airflow/example_dags/example_complex.py
[2024-08-27T16:12:15.751+0000] {logging_mixin.py:190} INFO - [2024-08-27T16:12:15.750+0000] {dag.py:3211} INFO - Sync 1 DAGs
[2024-08-27T16:12:15.765+0000] {logging_mixin.py:190} INFO - [2024-08-27T16:12:15.764+0000] {dag.py:4138} INFO - Setting next_dagrun for example_complex to None, run_after=None
[2024-08-27T16:12:15.788+0000] {processor.py:208} INFO - Processing /home/ubuntu/myenv/lib/python3.12/site-packages/airflow/example_dags/example_complex.py took 0.093 seconds
[2024-08-27T16:13:32.874+0000] {processor.py:186} INFO - Started process (PID=7981) to work on /home/ubuntu/myenv/lib/python3.12/site-packages/airflow/example_dags/example_complex.py
[2024-08-27T16:13:32.876+0000] {processor.py:914} INFO - Processing file /home/ubuntu/myenv/lib/python3.12/site-packages/airflow/example_dags/example_complex.py for tasks to queue
[2024-08-27T16:13:32.878+0000] {logging_mixin.py:190} INFO - [2024-08-27T16:13:32.878+0000] {dagbag.py:587} INFO - Filling up the DagBag from /home/ubuntu/myenv/lib/python3.12/site-packages/airflow/example_dags/example_complex.py
[2024-08-27T16:13:32.891+0000] {processor.py:925} INFO - DAG(s) 'example_complex' retrieved from /home/ubuntu/myenv/lib/python3.12/site-packages/airflow/example_dags/example_complex.py
[2024-08-27T16:13:32.923+0000] {logging_mixin.py:190} INFO - [2024-08-27T16:13:32.923+0000] {dag.py:3211} INFO - Sync 1 DAGs
[2024-08-27T16:13:32.936+0000] {logging_mixin.py:190} INFO - [2024-08-27T16:13:32.936+0000] {dag.py:4138} INFO - Setting next_dagrun for example_complex to None, run_after=None
[2024-08-27T16:13:32.960+0000] {processor.py:208} INFO - Processing /home/ubuntu/myenv/lib/python3.12/site-packages/airflow/example_dags/example_complex.py took 0.091 seconds
