[2024-08-27T14:34:45.978+0000] {processor.py:186} INFO - Started process (PID=5544) to work on /home/ubuntu/myenv/lib/python3.12/site-packages/airflow/example_dags/example_latest_only.py
[2024-08-27T14:34:45.978+0000] {processor.py:914} INFO - Processing file /home/ubuntu/myenv/lib/python3.12/site-packages/airflow/example_dags/example_latest_only.py for tasks to queue
[2024-08-27T14:34:45.981+0000] {logging_mixin.py:190} INFO - [2024-08-27T14:34:45.980+0000] {dagbag.py:587} INFO - Filling up the DagBag from /home/ubuntu/myenv/lib/python3.12/site-packages/airflow/example_dags/example_latest_only.py
[2024-08-27T14:34:45.988+0000] {processor.py:925} INFO - DAG(s) 'latest_only' retrieved from /home/ubuntu/myenv/lib/python3.12/site-packages/airflow/example_dags/example_latest_only.py
[2024-08-27T14:34:46.107+0000] {logging_mixin.py:190} INFO - [2024-08-27T14:34:46.106+0000] {override.py:1900} INFO - Created Permission View: can delete on DAG:latest_only
[2024-08-27T14:34:46.120+0000] {logging_mixin.py:190} INFO - [2024-08-27T14:34:46.119+0000] {override.py:1900} INFO - Created Permission View: can edit on DAG:latest_only
[2024-08-27T14:34:46.130+0000] {logging_mixin.py:190} INFO - [2024-08-27T14:34:46.130+0000] {override.py:1900} INFO - Created Permission View: can read on DAG:latest_only
[2024-08-27T14:34:46.146+0000] {logging_mixin.py:190} INFO - [2024-08-27T14:34:46.146+0000] {override.py:1900} INFO - Created Permission View: can create on DAG Run:latest_only
[2024-08-27T14:34:46.155+0000] {logging_mixin.py:190} INFO - [2024-08-27T14:34:46.155+0000] {override.py:1900} INFO - Created Permission View: menu access on DAG Run:latest_only
[2024-08-27T14:34:46.166+0000] {logging_mixin.py:190} INFO - [2024-08-27T14:34:46.165+0000] {override.py:1900} INFO - Created Permission View: can delete on DAG Run:latest_only
[2024-08-27T14:34:46.175+0000] {logging_mixin.py:190} INFO - [2024-08-27T14:34:46.175+0000] {override.py:1900} INFO - Created Permission View: can read on DAG Run:latest_only
[2024-08-27T14:34:46.175+0000] {logging_mixin.py:190} INFO - [2024-08-27T14:34:46.175+0000] {dag.py:3211} INFO - Sync 1 DAGs
[2024-08-27T14:34:46.189+0000] {logging_mixin.py:190} INFO - [2024-08-27T14:34:46.188+0000] {dag.py:3234} INFO - Creating ORM DAG for latest_only
[2024-08-27T14:34:46.198+0000] {logging_mixin.py:190} INFO - [2024-08-27T14:34:46.198+0000] {dag.py:4138} INFO - Setting next_dagrun for latest_only to 2024-08-27 08:00:00+00:00, run_after=2024-08-27 12:00:00+00:00
[2024-08-27T14:34:46.220+0000] {processor.py:208} INFO - Processing /home/ubuntu/myenv/lib/python3.12/site-packages/airflow/example_dags/example_latest_only.py took 0.248 seconds
[2024-08-27T14:35:51.364+0000] {processor.py:186} INFO - Started process (PID=5617) to work on /home/ubuntu/myenv/lib/python3.12/site-packages/airflow/example_dags/example_latest_only.py
[2024-08-27T14:35:51.365+0000] {processor.py:914} INFO - Processing file /home/ubuntu/myenv/lib/python3.12/site-packages/airflow/example_dags/example_latest_only.py for tasks to queue
[2024-08-27T14:35:51.367+0000] {logging_mixin.py:190} INFO - [2024-08-27T14:35:51.367+0000] {dagbag.py:587} INFO - Filling up the DagBag from /home/ubuntu/myenv/lib/python3.12/site-packages/airflow/example_dags/example_latest_only.py
[2024-08-27T14:35:51.375+0000] {processor.py:925} INFO - DAG(s) 'latest_only' retrieved from /home/ubuntu/myenv/lib/python3.12/site-packages/airflow/example_dags/example_latest_only.py
[2024-08-27T14:35:51.392+0000] {logging_mixin.py:190} INFO - [2024-08-27T14:35:51.392+0000] {dag.py:3211} INFO - Sync 1 DAGs
[2024-08-27T14:35:51.413+0000] {logging_mixin.py:190} INFO - [2024-08-27T14:35:51.413+0000] {dag.py:4138} INFO - Setting next_dagrun for latest_only to 2024-08-27 08:00:00+00:00, run_after=2024-08-27 12:00:00+00:00
[2024-08-27T14:35:51.436+0000] {processor.py:208} INFO - Processing /home/ubuntu/myenv/lib/python3.12/site-packages/airflow/example_dags/example_latest_only.py took 0.078 seconds
[2024-08-27T14:36:44.638+0000] {processor.py:186} INFO - Started process (PID=5689) to work on /home/ubuntu/myenv/lib/python3.12/site-packages/airflow/example_dags/example_latest_only.py
[2024-08-27T14:36:44.639+0000] {processor.py:914} INFO - Processing file /home/ubuntu/myenv/lib/python3.12/site-packages/airflow/example_dags/example_latest_only.py for tasks to queue
[2024-08-27T14:36:44.641+0000] {logging_mixin.py:190} INFO - [2024-08-27T14:36:44.641+0000] {dagbag.py:587} INFO - Filling up the DagBag from /home/ubuntu/myenv/lib/python3.12/site-packages/airflow/example_dags/example_latest_only.py
[2024-08-27T14:36:44.649+0000] {processor.py:925} INFO - DAG(s) 'latest_only' retrieved from /home/ubuntu/myenv/lib/python3.12/site-packages/airflow/example_dags/example_latest_only.py
[2024-08-27T14:36:44.666+0000] {logging_mixin.py:190} INFO - [2024-08-27T14:36:44.666+0000] {dag.py:3211} INFO - Sync 1 DAGs
[2024-08-27T14:36:44.687+0000] {logging_mixin.py:190} INFO - [2024-08-27T14:36:44.687+0000] {dag.py:4138} INFO - Setting next_dagrun for latest_only to 2024-08-27 08:00:00+00:00, run_after=2024-08-27 12:00:00+00:00
[2024-08-27T14:36:44.710+0000] {processor.py:208} INFO - Processing /home/ubuntu/myenv/lib/python3.12/site-packages/airflow/example_dags/example_latest_only.py took 0.078 seconds
[2024-08-27T14:37:39.716+0000] {processor.py:186} INFO - Started process (PID=5763) to work on /home/ubuntu/myenv/lib/python3.12/site-packages/airflow/example_dags/example_latest_only.py
[2024-08-27T14:37:39.718+0000] {processor.py:914} INFO - Processing file /home/ubuntu/myenv/lib/python3.12/site-packages/airflow/example_dags/example_latest_only.py for tasks to queue
[2024-08-27T14:37:39.720+0000] {logging_mixin.py:190} INFO - [2024-08-27T14:37:39.719+0000] {dagbag.py:587} INFO - Filling up the DagBag from /home/ubuntu/myenv/lib/python3.12/site-packages/airflow/example_dags/example_latest_only.py
[2024-08-27T14:37:39.727+0000] {processor.py:925} INFO - DAG(s) 'latest_only' retrieved from /home/ubuntu/myenv/lib/python3.12/site-packages/airflow/example_dags/example_latest_only.py
[2024-08-27T14:37:39.744+0000] {logging_mixin.py:190} INFO - [2024-08-27T14:37:39.744+0000] {dag.py:3211} INFO - Sync 1 DAGs
[2024-08-27T14:37:39.765+0000] {logging_mixin.py:190} INFO - [2024-08-27T14:37:39.765+0000] {dag.py:4138} INFO - Setting next_dagrun for latest_only to 2024-08-27 08:00:00+00:00, run_after=2024-08-27 12:00:00+00:00
[2024-08-27T14:37:39.787+0000] {processor.py:208} INFO - Processing /home/ubuntu/myenv/lib/python3.12/site-packages/airflow/example_dags/example_latest_only.py took 0.077 seconds
[2024-08-27T14:38:31.558+0000] {processor.py:186} INFO - Started process (PID=5830) to work on /home/ubuntu/myenv/lib/python3.12/site-packages/airflow/example_dags/example_latest_only.py
[2024-08-27T14:38:31.560+0000] {processor.py:914} INFO - Processing file /home/ubuntu/myenv/lib/python3.12/site-packages/airflow/example_dags/example_latest_only.py for tasks to queue
[2024-08-27T14:38:31.562+0000] {logging_mixin.py:190} INFO - [2024-08-27T14:38:31.562+0000] {dagbag.py:587} INFO - Filling up the DagBag from /home/ubuntu/myenv/lib/python3.12/site-packages/airflow/example_dags/example_latest_only.py
[2024-08-27T14:38:31.570+0000] {processor.py:925} INFO - DAG(s) 'latest_only' retrieved from /home/ubuntu/myenv/lib/python3.12/site-packages/airflow/example_dags/example_latest_only.py
[2024-08-27T14:38:31.586+0000] {logging_mixin.py:190} INFO - [2024-08-27T14:38:31.586+0000] {dag.py:3211} INFO - Sync 1 DAGs
[2024-08-27T14:38:31.608+0000] {logging_mixin.py:190} INFO - [2024-08-27T14:38:31.607+0000] {dag.py:4138} INFO - Setting next_dagrun for latest_only to 2024-08-27 08:00:00+00:00, run_after=2024-08-27 12:00:00+00:00
[2024-08-27T14:38:31.746+0000] {processor.py:208} INFO - Processing /home/ubuntu/myenv/lib/python3.12/site-packages/airflow/example_dags/example_latest_only.py took 0.194 seconds
[2024-08-27T14:39:37.097+0000] {processor.py:186} INFO - Started process (PID=5910) to work on /home/ubuntu/myenv/lib/python3.12/site-packages/airflow/example_dags/example_latest_only.py
[2024-08-27T14:39:37.098+0000] {processor.py:914} INFO - Processing file /home/ubuntu/myenv/lib/python3.12/site-packages/airflow/example_dags/example_latest_only.py for tasks to queue
[2024-08-27T14:39:37.101+0000] {logging_mixin.py:190} INFO - [2024-08-27T14:39:37.100+0000] {dagbag.py:587} INFO - Filling up the DagBag from /home/ubuntu/myenv/lib/python3.12/site-packages/airflow/example_dags/example_latest_only.py
[2024-08-27T14:39:37.108+0000] {processor.py:925} INFO - DAG(s) 'latest_only' retrieved from /home/ubuntu/myenv/lib/python3.12/site-packages/airflow/example_dags/example_latest_only.py
[2024-08-27T14:39:37.126+0000] {logging_mixin.py:190} INFO - [2024-08-27T14:39:37.126+0000] {dag.py:3211} INFO - Sync 1 DAGs
[2024-08-27T14:39:37.149+0000] {logging_mixin.py:190} INFO - [2024-08-27T14:39:37.149+0000] {dag.py:4138} INFO - Setting next_dagrun for latest_only to 2024-08-27 08:00:00+00:00, run_after=2024-08-27 12:00:00+00:00
[2024-08-27T14:39:37.172+0000] {processor.py:208} INFO - Processing /home/ubuntu/myenv/lib/python3.12/site-packages/airflow/example_dags/example_latest_only.py took 0.081 seconds
[2024-08-27T14:40:32.238+0000] {processor.py:186} INFO - Started process (PID=5979) to work on /home/ubuntu/myenv/lib/python3.12/site-packages/airflow/example_dags/example_latest_only.py
[2024-08-27T14:40:32.239+0000] {processor.py:914} INFO - Processing file /home/ubuntu/myenv/lib/python3.12/site-packages/airflow/example_dags/example_latest_only.py for tasks to queue
[2024-08-27T14:40:32.242+0000] {logging_mixin.py:190} INFO - [2024-08-27T14:40:32.241+0000] {dagbag.py:587} INFO - Filling up the DagBag from /home/ubuntu/myenv/lib/python3.12/site-packages/airflow/example_dags/example_latest_only.py
[2024-08-27T14:40:32.250+0000] {processor.py:925} INFO - DAG(s) 'latest_only' retrieved from /home/ubuntu/myenv/lib/python3.12/site-packages/airflow/example_dags/example_latest_only.py
[2024-08-27T14:40:32.267+0000] {logging_mixin.py:190} INFO - [2024-08-27T14:40:32.267+0000] {dag.py:3211} INFO - Sync 1 DAGs
[2024-08-27T14:40:32.289+0000] {logging_mixin.py:190} INFO - [2024-08-27T14:40:32.289+0000] {dag.py:4138} INFO - Setting next_dagrun for latest_only to 2024-08-27 08:00:00+00:00, run_after=2024-08-27 12:00:00+00:00
[2024-08-27T14:40:32.312+0000] {processor.py:208} INFO - Processing /home/ubuntu/myenv/lib/python3.12/site-packages/airflow/example_dags/example_latest_only.py took 0.081 seconds
[2024-08-27T14:41:41.550+0000] {processor.py:186} INFO - Started process (PID=6051) to work on /home/ubuntu/myenv/lib/python3.12/site-packages/airflow/example_dags/example_latest_only.py
[2024-08-27T14:41:41.552+0000] {processor.py:914} INFO - Processing file /home/ubuntu/myenv/lib/python3.12/site-packages/airflow/example_dags/example_latest_only.py for tasks to queue
[2024-08-27T14:41:41.554+0000] {logging_mixin.py:190} INFO - [2024-08-27T14:41:41.554+0000] {dagbag.py:587} INFO - Filling up the DagBag from /home/ubuntu/myenv/lib/python3.12/site-packages/airflow/example_dags/example_latest_only.py
[2024-08-27T14:41:41.562+0000] {processor.py:925} INFO - DAG(s) 'latest_only' retrieved from /home/ubuntu/myenv/lib/python3.12/site-packages/airflow/example_dags/example_latest_only.py
[2024-08-27T14:41:41.579+0000] {logging_mixin.py:190} INFO - [2024-08-27T14:41:41.579+0000] {dag.py:3211} INFO - Sync 1 DAGs
[2024-08-27T14:41:41.601+0000] {logging_mixin.py:190} INFO - [2024-08-27T14:41:41.601+0000] {dag.py:4138} INFO - Setting next_dagrun for latest_only to 2024-08-27 08:00:00+00:00, run_after=2024-08-27 12:00:00+00:00
[2024-08-27T14:41:41.623+0000] {processor.py:208} INFO - Processing /home/ubuntu/myenv/lib/python3.12/site-packages/airflow/example_dags/example_latest_only.py took 0.080 seconds
[2024-08-27T14:42:32.093+0000] {processor.py:186} INFO - Started process (PID=6103) to work on /home/ubuntu/myenv/lib/python3.12/site-packages/airflow/example_dags/example_latest_only.py
[2024-08-27T14:42:32.095+0000] {processor.py:914} INFO - Processing file /home/ubuntu/myenv/lib/python3.12/site-packages/airflow/example_dags/example_latest_only.py for tasks to queue
[2024-08-27T14:42:32.097+0000] {logging_mixin.py:190} INFO - [2024-08-27T14:42:32.096+0000] {dagbag.py:587} INFO - Filling up the DagBag from /home/ubuntu/myenv/lib/python3.12/site-packages/airflow/example_dags/example_latest_only.py
[2024-08-27T14:42:32.104+0000] {processor.py:925} INFO - DAG(s) 'latest_only' retrieved from /home/ubuntu/myenv/lib/python3.12/site-packages/airflow/example_dags/example_latest_only.py
[2024-08-27T14:42:32.122+0000] {logging_mixin.py:190} INFO - [2024-08-27T14:42:32.122+0000] {dag.py:3211} INFO - Sync 1 DAGs
[2024-08-27T14:42:32.145+0000] {logging_mixin.py:190} INFO - [2024-08-27T14:42:32.144+0000] {dag.py:4138} INFO - Setting next_dagrun for latest_only to 2024-08-27 08:00:00+00:00, run_after=2024-08-27 12:00:00+00:00
[2024-08-27T14:42:32.168+0000] {processor.py:208} INFO - Processing /home/ubuntu/myenv/lib/python3.12/site-packages/airflow/example_dags/example_latest_only.py took 0.081 seconds
[2024-08-27T14:43:23.754+0000] {processor.py:186} INFO - Started process (PID=6154) to work on /home/ubuntu/myenv/lib/python3.12/site-packages/airflow/example_dags/example_latest_only.py
[2024-08-27T14:43:23.755+0000] {processor.py:914} INFO - Processing file /home/ubuntu/myenv/lib/python3.12/site-packages/airflow/example_dags/example_latest_only.py for tasks to queue
[2024-08-27T14:43:23.757+0000] {logging_mixin.py:190} INFO - [2024-08-27T14:43:23.757+0000] {dagbag.py:587} INFO - Filling up the DagBag from /home/ubuntu/myenv/lib/python3.12/site-packages/airflow/example_dags/example_latest_only.py
[2024-08-27T14:43:23.765+0000] {processor.py:925} INFO - DAG(s) 'latest_only' retrieved from /home/ubuntu/myenv/lib/python3.12/site-packages/airflow/example_dags/example_latest_only.py
[2024-08-27T14:43:23.782+0000] {logging_mixin.py:190} INFO - [2024-08-27T14:43:23.781+0000] {dag.py:3211} INFO - Sync 1 DAGs
[2024-08-27T14:43:23.804+0000] {logging_mixin.py:190} INFO - [2024-08-27T14:43:23.804+0000] {dag.py:4138} INFO - Setting next_dagrun for latest_only to 2024-08-27 08:00:00+00:00, run_after=2024-08-27 12:00:00+00:00
[2024-08-27T14:43:23.825+0000] {processor.py:208} INFO - Processing /home/ubuntu/myenv/lib/python3.12/site-packages/airflow/example_dags/example_latest_only.py took 0.078 seconds
[2024-08-27T14:44:14.313+0000] {processor.py:186} INFO - Started process (PID=6208) to work on /home/ubuntu/myenv/lib/python3.12/site-packages/airflow/example_dags/example_latest_only.py
[2024-08-27T14:44:14.314+0000] {processor.py:914} INFO - Processing file /home/ubuntu/myenv/lib/python3.12/site-packages/airflow/example_dags/example_latest_only.py for tasks to queue
[2024-08-27T14:44:14.317+0000] {logging_mixin.py:190} INFO - [2024-08-27T14:44:14.317+0000] {dagbag.py:587} INFO - Filling up the DagBag from /home/ubuntu/myenv/lib/python3.12/site-packages/airflow/example_dags/example_latest_only.py
[2024-08-27T14:44:14.325+0000] {processor.py:925} INFO - DAG(s) 'latest_only' retrieved from /home/ubuntu/myenv/lib/python3.12/site-packages/airflow/example_dags/example_latest_only.py
[2024-08-27T14:44:14.342+0000] {logging_mixin.py:190} INFO - [2024-08-27T14:44:14.341+0000] {dag.py:3211} INFO - Sync 1 DAGs
[2024-08-27T14:44:14.363+0000] {logging_mixin.py:190} INFO - [2024-08-27T14:44:14.363+0000] {dag.py:4138} INFO - Setting next_dagrun for latest_only to 2024-08-27 08:00:00+00:00, run_after=2024-08-27 12:00:00+00:00
[2024-08-27T14:44:14.386+0000] {processor.py:208} INFO - Processing /home/ubuntu/myenv/lib/python3.12/site-packages/airflow/example_dags/example_latest_only.py took 0.080 seconds
[2024-08-27T14:45:05.233+0000] {processor.py:186} INFO - Started process (PID=6263) to work on /home/ubuntu/myenv/lib/python3.12/site-packages/airflow/example_dags/example_latest_only.py
[2024-08-27T14:45:05.234+0000] {processor.py:914} INFO - Processing file /home/ubuntu/myenv/lib/python3.12/site-packages/airflow/example_dags/example_latest_only.py for tasks to queue
[2024-08-27T14:45:05.237+0000] {logging_mixin.py:190} INFO - [2024-08-27T14:45:05.236+0000] {dagbag.py:587} INFO - Filling up the DagBag from /home/ubuntu/myenv/lib/python3.12/site-packages/airflow/example_dags/example_latest_only.py
[2024-08-27T14:45:05.245+0000] {processor.py:925} INFO - DAG(s) 'latest_only' retrieved from /home/ubuntu/myenv/lib/python3.12/site-packages/airflow/example_dags/example_latest_only.py
[2024-08-27T14:45:05.263+0000] {logging_mixin.py:190} INFO - [2024-08-27T14:45:05.263+0000] {dag.py:3211} INFO - Sync 1 DAGs
[2024-08-27T14:45:05.288+0000] {logging_mixin.py:190} INFO - [2024-08-27T14:45:05.287+0000] {dag.py:4138} INFO - Setting next_dagrun for latest_only to 2024-08-27 08:00:00+00:00, run_after=2024-08-27 12:00:00+00:00
[2024-08-27T14:45:05.312+0000] {processor.py:208} INFO - Processing /home/ubuntu/myenv/lib/python3.12/site-packages/airflow/example_dags/example_latest_only.py took 0.087 seconds
[2024-08-27T14:45:56.345+0000] {processor.py:186} INFO - Started process (PID=6315) to work on /home/ubuntu/myenv/lib/python3.12/site-packages/airflow/example_dags/example_latest_only.py
[2024-08-27T14:45:56.347+0000] {processor.py:914} INFO - Processing file /home/ubuntu/myenv/lib/python3.12/site-packages/airflow/example_dags/example_latest_only.py for tasks to queue
[2024-08-27T14:45:56.349+0000] {logging_mixin.py:190} INFO - [2024-08-27T14:45:56.349+0000] {dagbag.py:587} INFO - Filling up the DagBag from /home/ubuntu/myenv/lib/python3.12/site-packages/airflow/example_dags/example_latest_only.py
[2024-08-27T14:45:56.357+0000] {processor.py:925} INFO - DAG(s) 'latest_only' retrieved from /home/ubuntu/myenv/lib/python3.12/site-packages/airflow/example_dags/example_latest_only.py
[2024-08-27T14:45:56.375+0000] {logging_mixin.py:190} INFO - [2024-08-27T14:45:56.375+0000] {dag.py:3211} INFO - Sync 1 DAGs
[2024-08-27T14:45:56.397+0000] {logging_mixin.py:190} INFO - [2024-08-27T14:45:56.397+0000] {dag.py:4138} INFO - Setting next_dagrun for latest_only to 2024-08-27 08:00:00+00:00, run_after=2024-08-27 12:00:00+00:00
[2024-08-27T14:45:56.419+0000] {processor.py:208} INFO - Processing /home/ubuntu/myenv/lib/python3.12/site-packages/airflow/example_dags/example_latest_only.py took 0.080 seconds
[2024-08-27T14:46:43.542+0000] {processor.py:186} INFO - Started process (PID=6367) to work on /home/ubuntu/myenv/lib/python3.12/site-packages/airflow/example_dags/example_latest_only.py
[2024-08-27T14:46:43.544+0000] {processor.py:914} INFO - Processing file /home/ubuntu/myenv/lib/python3.12/site-packages/airflow/example_dags/example_latest_only.py for tasks to queue
[2024-08-27T14:46:43.546+0000] {logging_mixin.py:190} INFO - [2024-08-27T14:46:43.546+0000] {dagbag.py:587} INFO - Filling up the DagBag from /home/ubuntu/myenv/lib/python3.12/site-packages/airflow/example_dags/example_latest_only.py
[2024-08-27T14:46:43.553+0000] {processor.py:925} INFO - DAG(s) 'latest_only' retrieved from /home/ubuntu/myenv/lib/python3.12/site-packages/airflow/example_dags/example_latest_only.py
[2024-08-27T14:46:43.571+0000] {logging_mixin.py:190} INFO - [2024-08-27T14:46:43.571+0000] {dag.py:3211} INFO - Sync 1 DAGs
[2024-08-27T14:46:43.593+0000] {logging_mixin.py:190} INFO - [2024-08-27T14:46:43.593+0000] {dag.py:4138} INFO - Setting next_dagrun for latest_only to 2024-08-27 08:00:00+00:00, run_after=2024-08-27 12:00:00+00:00
[2024-08-27T14:46:43.615+0000] {processor.py:208} INFO - Processing /home/ubuntu/myenv/lib/python3.12/site-packages/airflow/example_dags/example_latest_only.py took 0.080 seconds
[2024-08-27T14:47:34.460+0000] {processor.py:186} INFO - Started process (PID=6421) to work on /home/ubuntu/myenv/lib/python3.12/site-packages/airflow/example_dags/example_latest_only.py
[2024-08-27T14:47:34.461+0000] {processor.py:914} INFO - Processing file /home/ubuntu/myenv/lib/python3.12/site-packages/airflow/example_dags/example_latest_only.py for tasks to queue
[2024-08-27T14:47:34.464+0000] {logging_mixin.py:190} INFO - [2024-08-27T14:47:34.463+0000] {dagbag.py:587} INFO - Filling up the DagBag from /home/ubuntu/myenv/lib/python3.12/site-packages/airflow/example_dags/example_latest_only.py
[2024-08-27T14:47:34.472+0000] {processor.py:925} INFO - DAG(s) 'latest_only' retrieved from /home/ubuntu/myenv/lib/python3.12/site-packages/airflow/example_dags/example_latest_only.py
[2024-08-27T14:47:34.489+0000] {logging_mixin.py:190} INFO - [2024-08-27T14:47:34.489+0000] {dag.py:3211} INFO - Sync 1 DAGs
[2024-08-27T14:47:34.512+0000] {logging_mixin.py:190} INFO - [2024-08-27T14:47:34.511+0000] {dag.py:4138} INFO - Setting next_dagrun for latest_only to 2024-08-27 08:00:00+00:00, run_after=2024-08-27 12:00:00+00:00
[2024-08-27T14:47:34.534+0000] {processor.py:208} INFO - Processing /home/ubuntu/myenv/lib/python3.12/site-packages/airflow/example_dags/example_latest_only.py took 0.080 seconds
[2024-08-27T14:48:25.648+0000] {processor.py:186} INFO - Started process (PID=6477) to work on /home/ubuntu/myenv/lib/python3.12/site-packages/airflow/example_dags/example_latest_only.py
[2024-08-27T14:48:25.649+0000] {processor.py:914} INFO - Processing file /home/ubuntu/myenv/lib/python3.12/site-packages/airflow/example_dags/example_latest_only.py for tasks to queue
[2024-08-27T14:48:25.652+0000] {logging_mixin.py:190} INFO - [2024-08-27T14:48:25.651+0000] {dagbag.py:587} INFO - Filling up the DagBag from /home/ubuntu/myenv/lib/python3.12/site-packages/airflow/example_dags/example_latest_only.py
[2024-08-27T14:48:25.660+0000] {processor.py:925} INFO - DAG(s) 'latest_only' retrieved from /home/ubuntu/myenv/lib/python3.12/site-packages/airflow/example_dags/example_latest_only.py
[2024-08-27T14:48:25.678+0000] {logging_mixin.py:190} INFO - [2024-08-27T14:48:25.677+0000] {dag.py:3211} INFO - Sync 1 DAGs
[2024-08-27T14:48:25.700+0000] {logging_mixin.py:190} INFO - [2024-08-27T14:48:25.699+0000] {dag.py:4138} INFO - Setting next_dagrun for latest_only to 2024-08-27 08:00:00+00:00, run_after=2024-08-27 12:00:00+00:00
[2024-08-27T14:48:25.722+0000] {processor.py:208} INFO - Processing /home/ubuntu/myenv/lib/python3.12/site-packages/airflow/example_dags/example_latest_only.py took 0.081 seconds
[2024-08-27T14:49:17.296+0000] {processor.py:186} INFO - Started process (PID=6531) to work on /home/ubuntu/myenv/lib/python3.12/site-packages/airflow/example_dags/example_latest_only.py
[2024-08-27T14:49:17.298+0000] {processor.py:914} INFO - Processing file /home/ubuntu/myenv/lib/python3.12/site-packages/airflow/example_dags/example_latest_only.py for tasks to queue
[2024-08-27T14:49:17.300+0000] {logging_mixin.py:190} INFO - [2024-08-27T14:49:17.300+0000] {dagbag.py:587} INFO - Filling up the DagBag from /home/ubuntu/myenv/lib/python3.12/site-packages/airflow/example_dags/example_latest_only.py
[2024-08-27T14:49:17.308+0000] {processor.py:925} INFO - DAG(s) 'latest_only' retrieved from /home/ubuntu/myenv/lib/python3.12/site-packages/airflow/example_dags/example_latest_only.py
[2024-08-27T14:49:17.326+0000] {logging_mixin.py:190} INFO - [2024-08-27T14:49:17.325+0000] {dag.py:3211} INFO - Sync 1 DAGs
[2024-08-27T14:49:17.349+0000] {logging_mixin.py:190} INFO - [2024-08-27T14:49:17.349+0000] {dag.py:4138} INFO - Setting next_dagrun for latest_only to 2024-08-27 08:00:00+00:00, run_after=2024-08-27 12:00:00+00:00
[2024-08-27T14:49:17.371+0000] {processor.py:208} INFO - Processing /home/ubuntu/myenv/lib/python3.12/site-packages/airflow/example_dags/example_latest_only.py took 0.082 seconds
[2024-08-27T16:10:16.660+0000] {processor.py:186} INFO - Started process (PID=7624) to work on /home/ubuntu/myenv/lib/python3.12/site-packages/airflow/example_dags/example_latest_only.py
[2024-08-27T16:10:16.663+0000] {processor.py:914} INFO - Processing file /home/ubuntu/myenv/lib/python3.12/site-packages/airflow/example_dags/example_latest_only.py for tasks to queue
[2024-08-27T16:10:16.665+0000] {logging_mixin.py:190} INFO - [2024-08-27T16:10:16.665+0000] {dagbag.py:587} INFO - Filling up the DagBag from /home/ubuntu/myenv/lib/python3.12/site-packages/airflow/example_dags/example_latest_only.py
[2024-08-27T16:10:16.673+0000] {processor.py:925} INFO - DAG(s) 'latest_only' retrieved from /home/ubuntu/myenv/lib/python3.12/site-packages/airflow/example_dags/example_latest_only.py
[2024-08-27T16:10:16.693+0000] {logging_mixin.py:190} INFO - [2024-08-27T16:10:16.692+0000] {dag.py:3211} INFO - Sync 1 DAGs
[2024-08-27T16:10:16.715+0000] {logging_mixin.py:190} INFO - [2024-08-27T16:10:16.715+0000] {dag.py:4138} INFO - Setting next_dagrun for latest_only to 2024-08-27 12:00:00+00:00, run_after=2024-08-27 16:00:00+00:00
[2024-08-27T16:10:16.739+0000] {processor.py:208} INFO - Processing /home/ubuntu/myenv/lib/python3.12/site-packages/airflow/example_dags/example_latest_only.py took 0.085 seconds
[2024-08-27T16:11:12.401+0000] {processor.py:186} INFO - Started process (PID=7725) to work on /home/ubuntu/myenv/lib/python3.12/site-packages/airflow/example_dags/example_latest_only.py
[2024-08-27T16:11:12.403+0000] {processor.py:914} INFO - Processing file /home/ubuntu/myenv/lib/python3.12/site-packages/airflow/example_dags/example_latest_only.py for tasks to queue
[2024-08-27T16:11:12.405+0000] {logging_mixin.py:190} INFO - [2024-08-27T16:11:12.405+0000] {dagbag.py:587} INFO - Filling up the DagBag from /home/ubuntu/myenv/lib/python3.12/site-packages/airflow/example_dags/example_latest_only.py
[2024-08-27T16:11:12.413+0000] {processor.py:925} INFO - DAG(s) 'latest_only' retrieved from /home/ubuntu/myenv/lib/python3.12/site-packages/airflow/example_dags/example_latest_only.py
[2024-08-27T16:11:12.432+0000] {logging_mixin.py:190} INFO - [2024-08-27T16:11:12.431+0000] {dag.py:3211} INFO - Sync 1 DAGs
[2024-08-27T16:11:12.454+0000] {logging_mixin.py:190} INFO - [2024-08-27T16:11:12.454+0000] {dag.py:4138} INFO - Setting next_dagrun for latest_only to 2024-08-27 12:00:00+00:00, run_after=2024-08-27 16:00:00+00:00
[2024-08-27T16:11:12.501+0000] {processor.py:208} INFO - Processing /home/ubuntu/myenv/lib/python3.12/site-packages/airflow/example_dags/example_latest_only.py took 0.105 seconds
[2024-08-27T16:12:06.859+0000] {processor.py:186} INFO - Started process (PID=7851) to work on /home/ubuntu/myenv/lib/python3.12/site-packages/airflow/example_dags/example_latest_only.py
[2024-08-27T16:12:06.861+0000] {processor.py:914} INFO - Processing file /home/ubuntu/myenv/lib/python3.12/site-packages/airflow/example_dags/example_latest_only.py for tasks to queue
[2024-08-27T16:12:06.863+0000] {logging_mixin.py:190} INFO - [2024-08-27T16:12:06.863+0000] {dagbag.py:587} INFO - Filling up the DagBag from /home/ubuntu/myenv/lib/python3.12/site-packages/airflow/example_dags/example_latest_only.py
[2024-08-27T16:12:06.871+0000] {processor.py:925} INFO - DAG(s) 'latest_only' retrieved from /home/ubuntu/myenv/lib/python3.12/site-packages/airflow/example_dags/example_latest_only.py
[2024-08-27T16:12:06.889+0000] {logging_mixin.py:190} INFO - [2024-08-27T16:12:06.889+0000] {dag.py:3211} INFO - Sync 1 DAGs
[2024-08-27T16:12:06.912+0000] {logging_mixin.py:190} INFO - [2024-08-27T16:12:06.911+0000] {dag.py:4138} INFO - Setting next_dagrun for latest_only to 2024-08-27 12:00:00+00:00, run_after=2024-08-27 16:00:00+00:00
[2024-08-27T16:12:06.936+0000] {processor.py:208} INFO - Processing /home/ubuntu/myenv/lib/python3.12/site-packages/airflow/example_dags/example_latest_only.py took 0.083 seconds
[2024-08-27T16:12:58.368+0000] {processor.py:186} INFO - Started process (PID=7941) to work on /home/ubuntu/myenv/lib/python3.12/site-packages/airflow/example_dags/example_latest_only.py
[2024-08-27T16:12:58.370+0000] {processor.py:914} INFO - Processing file /home/ubuntu/myenv/lib/python3.12/site-packages/airflow/example_dags/example_latest_only.py for tasks to queue
[2024-08-27T16:12:58.372+0000] {logging_mixin.py:190} INFO - [2024-08-27T16:12:58.372+0000] {dagbag.py:587} INFO - Filling up the DagBag from /home/ubuntu/myenv/lib/python3.12/site-packages/airflow/example_dags/example_latest_only.py
[2024-08-27T16:12:58.380+0000] {processor.py:925} INFO - DAG(s) 'latest_only' retrieved from /home/ubuntu/myenv/lib/python3.12/site-packages/airflow/example_dags/example_latest_only.py
[2024-08-27T16:12:58.398+0000] {logging_mixin.py:190} INFO - [2024-08-27T16:12:58.397+0000] {dag.py:3211} INFO - Sync 1 DAGs
[2024-08-27T16:12:58.419+0000] {logging_mixin.py:190} INFO - [2024-08-27T16:12:58.419+0000] {dag.py:4138} INFO - Setting next_dagrun for latest_only to 2024-08-27 12:00:00+00:00, run_after=2024-08-27 16:00:00+00:00
[2024-08-27T16:12:58.444+0000] {processor.py:208} INFO - Processing /home/ubuntu/myenv/lib/python3.12/site-packages/airflow/example_dags/example_latest_only.py took 0.082 seconds
