[2024-08-27T14:34:39.074+0000] {processor.py:186} INFO - Started process (PID=5538) to work on /home/ubuntu/myenv/lib/python3.12/site-packages/airflow/example_dags/example_outlet_event_extra.py
[2024-08-27T14:34:39.075+0000] {processor.py:914} INFO - Processing file /home/ubuntu/myenv/lib/python3.12/site-packages/airflow/example_dags/example_outlet_event_extra.py for tasks to queue
[2024-08-27T14:34:39.077+0000] {logging_mixin.py:190} INFO - [2024-08-27T14:34:39.077+0000] {dagbag.py:587} INFO - Filling up the DagBag from /home/ubuntu/myenv/lib/python3.12/site-packages/airflow/example_dags/example_outlet_event_extra.py
[2024-08-27T14:34:39.092+0000] {processor.py:925} INFO - DAG(s) 'dataset_with_extra_from_classic_operator', 'dataset_with_extra_by_yield', 'dataset_with_extra_by_context' retrieved from /home/ubuntu/myenv/lib/python3.12/site-packages/airflow/example_dags/example_outlet_event_extra.py
[2024-08-27T14:34:39.211+0000] {logging_mixin.py:190} INFO - [2024-08-27T14:34:39.211+0000] {override.py:1900} INFO - Created Permission View: can delete on DAG:dataset_with_extra_from_classic_operator
[2024-08-27T14:34:39.224+0000] {logging_mixin.py:190} INFO - [2024-08-27T14:34:39.224+0000] {override.py:1900} INFO - Created Permission View: can edit on DAG:dataset_with_extra_from_classic_operator
[2024-08-27T14:34:39.234+0000] {logging_mixin.py:190} INFO - [2024-08-27T14:34:39.234+0000] {override.py:1900} INFO - Created Permission View: can read on DAG:dataset_with_extra_from_classic_operator
[2024-08-27T14:34:39.250+0000] {logging_mixin.py:190} INFO - [2024-08-27T14:34:39.249+0000] {override.py:1900} INFO - Created Permission View: can create on DAG Run:dataset_with_extra_from_classic_operator
[2024-08-27T14:34:39.260+0000] {logging_mixin.py:190} INFO - [2024-08-27T14:34:39.259+0000] {override.py:1900} INFO - Created Permission View: menu access on DAG Run:dataset_with_extra_from_classic_operator
[2024-08-27T14:34:39.269+0000] {logging_mixin.py:190} INFO - [2024-08-27T14:34:39.269+0000] {override.py:1900} INFO - Created Permission View: can delete on DAG Run:dataset_with_extra_from_classic_operator
[2024-08-27T14:34:39.278+0000] {logging_mixin.py:190} INFO - [2024-08-27T14:34:39.278+0000] {override.py:1900} INFO - Created Permission View: can read on DAG Run:dataset_with_extra_from_classic_operator
[2024-08-27T14:34:39.297+0000] {logging_mixin.py:190} INFO - [2024-08-27T14:34:39.297+0000] {override.py:1900} INFO - Created Permission View: can delete on DAG:dataset_with_extra_by_yield
[2024-08-27T14:34:39.307+0000] {logging_mixin.py:190} INFO - [2024-08-27T14:34:39.306+0000] {override.py:1900} INFO - Created Permission View: can edit on DAG:dataset_with_extra_by_yield
[2024-08-27T14:34:39.316+0000] {logging_mixin.py:190} INFO - [2024-08-27T14:34:39.315+0000] {override.py:1900} INFO - Created Permission View: can read on DAG:dataset_with_extra_by_yield
[2024-08-27T14:34:39.330+0000] {logging_mixin.py:190} INFO - [2024-08-27T14:34:39.330+0000] {override.py:1900} INFO - Created Permission View: can create on DAG Run:dataset_with_extra_by_yield
[2024-08-27T14:34:39.339+0000] {logging_mixin.py:190} INFO - [2024-08-27T14:34:39.339+0000] {override.py:1900} INFO - Created Permission View: menu access on DAG Run:dataset_with_extra_by_yield
[2024-08-27T14:34:39.348+0000] {logging_mixin.py:190} INFO - [2024-08-27T14:34:39.347+0000] {override.py:1900} INFO - Created Permission View: can delete on DAG Run:dataset_with_extra_by_yield
[2024-08-27T14:34:39.357+0000] {logging_mixin.py:190} INFO - [2024-08-27T14:34:39.357+0000] {override.py:1900} INFO - Created Permission View: can read on DAG Run:dataset_with_extra_by_yield
[2024-08-27T14:34:39.377+0000] {logging_mixin.py:190} INFO - [2024-08-27T14:34:39.377+0000] {override.py:1900} INFO - Created Permission View: can delete on DAG:dataset_with_extra_by_context
[2024-08-27T14:34:39.386+0000] {logging_mixin.py:190} INFO - [2024-08-27T14:34:39.385+0000] {override.py:1900} INFO - Created Permission View: can edit on DAG:dataset_with_extra_by_context
[2024-08-27T14:34:39.395+0000] {logging_mixin.py:190} INFO - [2024-08-27T14:34:39.395+0000] {override.py:1900} INFO - Created Permission View: can read on DAG:dataset_with_extra_by_context
[2024-08-27T14:34:39.409+0000] {logging_mixin.py:190} INFO - [2024-08-27T14:34:39.409+0000] {override.py:1900} INFO - Created Permission View: can create on DAG Run:dataset_with_extra_by_context
[2024-08-27T14:34:39.419+0000] {logging_mixin.py:190} INFO - [2024-08-27T14:34:39.419+0000] {override.py:1900} INFO - Created Permission View: menu access on DAG Run:dataset_with_extra_by_context
[2024-08-27T14:34:39.429+0000] {logging_mixin.py:190} INFO - [2024-08-27T14:34:39.428+0000] {override.py:1900} INFO - Created Permission View: can delete on DAG Run:dataset_with_extra_by_context
[2024-08-27T14:34:39.438+0000] {logging_mixin.py:190} INFO - [2024-08-27T14:34:39.437+0000] {override.py:1900} INFO - Created Permission View: can read on DAG Run:dataset_with_extra_by_context
[2024-08-27T14:34:39.438+0000] {logging_mixin.py:190} INFO - [2024-08-27T14:34:39.438+0000] {dag.py:3211} INFO - Sync 3 DAGs
[2024-08-27T14:34:39.450+0000] {logging_mixin.py:190} INFO - [2024-08-27T14:34:39.450+0000] {dag.py:3234} INFO - Creating ORM DAG for dataset_with_extra_from_classic_operator
[2024-08-27T14:34:39.451+0000] {logging_mixin.py:190} INFO - [2024-08-27T14:34:39.451+0000] {dag.py:3234} INFO - Creating ORM DAG for dataset_with_extra_by_context
[2024-08-27T14:34:39.451+0000] {logging_mixin.py:190} INFO - [2024-08-27T14:34:39.451+0000] {dag.py:3234} INFO - Creating ORM DAG for dataset_with_extra_by_yield
[2024-08-27T14:34:39.461+0000] {logging_mixin.py:190} INFO - [2024-08-27T14:34:39.461+0000] {dag.py:4138} INFO - Setting next_dagrun for dataset_with_extra_by_context to 2024-08-26 00:00:00+00:00, run_after=2024-08-27 00:00:00+00:00
[2024-08-27T14:34:39.463+0000] {logging_mixin.py:190} INFO - [2024-08-27T14:34:39.463+0000] {dag.py:4138} INFO - Setting next_dagrun for dataset_with_extra_by_yield to 2024-08-26 00:00:00+00:00, run_after=2024-08-27 00:00:00+00:00
[2024-08-27T14:34:39.465+0000] {logging_mixin.py:190} INFO - [2024-08-27T14:34:39.465+0000] {dag.py:4138} INFO - Setting next_dagrun for dataset_with_extra_from_classic_operator to 2024-08-26 00:00:00+00:00, run_after=2024-08-27 00:00:00+00:00
[2024-08-27T14:34:39.491+0000] {processor.py:208} INFO - Processing /home/ubuntu/myenv/lib/python3.12/site-packages/airflow/example_dags/example_outlet_event_extra.py took 0.423 seconds
[2024-08-27T14:35:42.580+0000] {processor.py:186} INFO - Started process (PID=5606) to work on /home/ubuntu/myenv/lib/python3.12/site-packages/airflow/example_dags/example_outlet_event_extra.py
[2024-08-27T14:35:42.582+0000] {processor.py:914} INFO - Processing file /home/ubuntu/myenv/lib/python3.12/site-packages/airflow/example_dags/example_outlet_event_extra.py for tasks to queue
[2024-08-27T14:35:42.584+0000] {logging_mixin.py:190} INFO - [2024-08-27T14:35:42.584+0000] {dagbag.py:587} INFO - Filling up the DagBag from /home/ubuntu/myenv/lib/python3.12/site-packages/airflow/example_dags/example_outlet_event_extra.py
[2024-08-27T14:35:42.599+0000] {processor.py:925} INFO - DAG(s) 'dataset_with_extra_by_context', 'dataset_with_extra_from_classic_operator', 'dataset_with_extra_by_yield' retrieved from /home/ubuntu/myenv/lib/python3.12/site-packages/airflow/example_dags/example_outlet_event_extra.py
[2024-08-27T14:35:42.621+0000] {logging_mixin.py:190} INFO - [2024-08-27T14:35:42.620+0000] {dag.py:3211} INFO - Sync 3 DAGs
[2024-08-27T14:35:42.644+0000] {logging_mixin.py:190} INFO - [2024-08-27T14:35:42.644+0000] {dag.py:4138} INFO - Setting next_dagrun for dataset_with_extra_by_context to 2024-08-26 00:00:00+00:00, run_after=2024-08-27 00:00:00+00:00
[2024-08-27T14:35:42.649+0000] {logging_mixin.py:190} INFO - [2024-08-27T14:35:42.649+0000] {dag.py:4138} INFO - Setting next_dagrun for dataset_with_extra_by_yield to 2024-08-26 00:00:00+00:00, run_after=2024-08-27 00:00:00+00:00
[2024-08-27T14:35:42.651+0000] {logging_mixin.py:190} INFO - [2024-08-27T14:35:42.651+0000] {dag.py:4138} INFO - Setting next_dagrun for dataset_with_extra_from_classic_operator to 2024-08-26 00:00:00+00:00, run_after=2024-08-27 00:00:00+00:00
[2024-08-27T14:35:42.675+0000] {processor.py:208} INFO - Processing /home/ubuntu/myenv/lib/python3.12/site-packages/airflow/example_dags/example_outlet_event_extra.py took 0.101 seconds
[2024-08-27T14:36:39.010+0000] {processor.py:186} INFO - Started process (PID=5681) to work on /home/ubuntu/myenv/lib/python3.12/site-packages/airflow/example_dags/example_outlet_event_extra.py
[2024-08-27T14:36:39.012+0000] {processor.py:914} INFO - Processing file /home/ubuntu/myenv/lib/python3.12/site-packages/airflow/example_dags/example_outlet_event_extra.py for tasks to queue
[2024-08-27T14:36:39.014+0000] {logging_mixin.py:190} INFO - [2024-08-27T14:36:39.014+0000] {dagbag.py:587} INFO - Filling up the DagBag from /home/ubuntu/myenv/lib/python3.12/site-packages/airflow/example_dags/example_outlet_event_extra.py
[2024-08-27T14:36:39.030+0000] {processor.py:925} INFO - DAG(s) 'dataset_with_extra_by_yield', 'dataset_with_extra_from_classic_operator', 'dataset_with_extra_by_context' retrieved from /home/ubuntu/myenv/lib/python3.12/site-packages/airflow/example_dags/example_outlet_event_extra.py
[2024-08-27T14:36:39.052+0000] {logging_mixin.py:190} INFO - [2024-08-27T14:36:39.052+0000] {dag.py:3211} INFO - Sync 3 DAGs
[2024-08-27T14:36:39.077+0000] {logging_mixin.py:190} INFO - [2024-08-27T14:36:39.077+0000] {dag.py:4138} INFO - Setting next_dagrun for dataset_with_extra_by_context to 2024-08-26 00:00:00+00:00, run_after=2024-08-27 00:00:00+00:00
[2024-08-27T14:36:39.082+0000] {logging_mixin.py:190} INFO - [2024-08-27T14:36:39.082+0000] {dag.py:4138} INFO - Setting next_dagrun for dataset_with_extra_by_yield to 2024-08-26 00:00:00+00:00, run_after=2024-08-27 00:00:00+00:00
[2024-08-27T14:36:39.085+0000] {logging_mixin.py:190} INFO - [2024-08-27T14:36:39.085+0000] {dag.py:4138} INFO - Setting next_dagrun for dataset_with_extra_from_classic_operator to 2024-08-26 00:00:00+00:00, run_after=2024-08-27 00:00:00+00:00
[2024-08-27T14:36:39.109+0000] {processor.py:208} INFO - Processing /home/ubuntu/myenv/lib/python3.12/site-packages/airflow/example_dags/example_outlet_event_extra.py took 0.105 seconds
[2024-08-27T14:37:34.027+0000] {processor.py:186} INFO - Started process (PID=5757) to work on /home/ubuntu/myenv/lib/python3.12/site-packages/airflow/example_dags/example_outlet_event_extra.py
[2024-08-27T14:37:34.029+0000] {processor.py:914} INFO - Processing file /home/ubuntu/myenv/lib/python3.12/site-packages/airflow/example_dags/example_outlet_event_extra.py for tasks to queue
[2024-08-27T14:37:34.031+0000] {logging_mixin.py:190} INFO - [2024-08-27T14:37:34.031+0000] {dagbag.py:587} INFO - Filling up the DagBag from /home/ubuntu/myenv/lib/python3.12/site-packages/airflow/example_dags/example_outlet_event_extra.py
[2024-08-27T14:37:34.046+0000] {processor.py:925} INFO - DAG(s) 'dataset_with_extra_from_classic_operator', 'dataset_with_extra_by_yield', 'dataset_with_extra_by_context' retrieved from /home/ubuntu/myenv/lib/python3.12/site-packages/airflow/example_dags/example_outlet_event_extra.py
[2024-08-27T14:37:34.068+0000] {logging_mixin.py:190} INFO - [2024-08-27T14:37:34.068+0000] {dag.py:3211} INFO - Sync 3 DAGs
[2024-08-27T14:37:34.092+0000] {logging_mixin.py:190} INFO - [2024-08-27T14:37:34.091+0000] {dag.py:4138} INFO - Setting next_dagrun for dataset_with_extra_by_context to 2024-08-26 00:00:00+00:00, run_after=2024-08-27 00:00:00+00:00
[2024-08-27T14:37:34.096+0000] {logging_mixin.py:190} INFO - [2024-08-27T14:37:34.096+0000] {dag.py:4138} INFO - Setting next_dagrun for dataset_with_extra_by_yield to 2024-08-26 00:00:00+00:00, run_after=2024-08-27 00:00:00+00:00
[2024-08-27T14:37:34.099+0000] {logging_mixin.py:190} INFO - [2024-08-27T14:37:34.098+0000] {dag.py:4138} INFO - Setting next_dagrun for dataset_with_extra_from_classic_operator to 2024-08-26 00:00:00+00:00, run_after=2024-08-27 00:00:00+00:00
[2024-08-27T14:37:34.122+0000] {processor.py:208} INFO - Processing /home/ubuntu/myenv/lib/python3.12/site-packages/airflow/example_dags/example_outlet_event_extra.py took 0.101 seconds
[2024-08-27T14:38:23.904+0000] {processor.py:186} INFO - Started process (PID=5822) to work on /home/ubuntu/myenv/lib/python3.12/site-packages/airflow/example_dags/example_outlet_event_extra.py
[2024-08-27T14:38:23.905+0000] {processor.py:914} INFO - Processing file /home/ubuntu/myenv/lib/python3.12/site-packages/airflow/example_dags/example_outlet_event_extra.py for tasks to queue
[2024-08-27T14:38:23.908+0000] {logging_mixin.py:190} INFO - [2024-08-27T14:38:23.907+0000] {dagbag.py:587} INFO - Filling up the DagBag from /home/ubuntu/myenv/lib/python3.12/site-packages/airflow/example_dags/example_outlet_event_extra.py
[2024-08-27T14:38:23.922+0000] {processor.py:925} INFO - DAG(s) 'dataset_with_extra_by_context', 'dataset_with_extra_by_yield', 'dataset_with_extra_from_classic_operator' retrieved from /home/ubuntu/myenv/lib/python3.12/site-packages/airflow/example_dags/example_outlet_event_extra.py
[2024-08-27T14:38:23.944+0000] {logging_mixin.py:190} INFO - [2024-08-27T14:38:23.944+0000] {dag.py:3211} INFO - Sync 3 DAGs
[2024-08-27T14:38:23.967+0000] {logging_mixin.py:190} INFO - [2024-08-27T14:38:23.967+0000] {dag.py:4138} INFO - Setting next_dagrun for dataset_with_extra_by_context to 2024-08-26 00:00:00+00:00, run_after=2024-08-27 00:00:00+00:00
[2024-08-27T14:38:23.973+0000] {logging_mixin.py:190} INFO - [2024-08-27T14:38:23.973+0000] {dag.py:4138} INFO - Setting next_dagrun for dataset_with_extra_by_yield to 2024-08-26 00:00:00+00:00, run_after=2024-08-27 00:00:00+00:00
[2024-08-27T14:38:23.976+0000] {logging_mixin.py:190} INFO - [2024-08-27T14:38:23.975+0000] {dag.py:4138} INFO - Setting next_dagrun for dataset_with_extra_from_classic_operator to 2024-08-26 00:00:00+00:00, run_after=2024-08-27 00:00:00+00:00
[2024-08-27T14:38:24.116+0000] {processor.py:208} INFO - Processing /home/ubuntu/myenv/lib/python3.12/site-packages/airflow/example_dags/example_outlet_event_extra.py took 0.218 seconds
[2024-08-27T14:39:32.579+0000] {processor.py:186} INFO - Started process (PID=5902) to work on /home/ubuntu/myenv/lib/python3.12/site-packages/airflow/example_dags/example_outlet_event_extra.py
[2024-08-27T14:39:32.580+0000] {processor.py:914} INFO - Processing file /home/ubuntu/myenv/lib/python3.12/site-packages/airflow/example_dags/example_outlet_event_extra.py for tasks to queue
[2024-08-27T14:39:32.583+0000] {logging_mixin.py:190} INFO - [2024-08-27T14:39:32.582+0000] {dagbag.py:587} INFO - Filling up the DagBag from /home/ubuntu/myenv/lib/python3.12/site-packages/airflow/example_dags/example_outlet_event_extra.py
[2024-08-27T14:39:32.598+0000] {processor.py:925} INFO - DAG(s) 'dataset_with_extra_by_context', 'dataset_with_extra_from_classic_operator', 'dataset_with_extra_by_yield' retrieved from /home/ubuntu/myenv/lib/python3.12/site-packages/airflow/example_dags/example_outlet_event_extra.py
[2024-08-27T14:39:32.621+0000] {logging_mixin.py:190} INFO - [2024-08-27T14:39:32.621+0000] {dag.py:3211} INFO - Sync 3 DAGs
[2024-08-27T14:39:32.646+0000] {logging_mixin.py:190} INFO - [2024-08-27T14:39:32.646+0000] {dag.py:4138} INFO - Setting next_dagrun for dataset_with_extra_by_context to 2024-08-26 00:00:00+00:00, run_after=2024-08-27 00:00:00+00:00
[2024-08-27T14:39:32.651+0000] {logging_mixin.py:190} INFO - [2024-08-27T14:39:32.651+0000] {dag.py:4138} INFO - Setting next_dagrun for dataset_with_extra_by_yield to 2024-08-26 00:00:00+00:00, run_after=2024-08-27 00:00:00+00:00
[2024-08-27T14:39:32.653+0000] {logging_mixin.py:190} INFO - [2024-08-27T14:39:32.653+0000] {dag.py:4138} INFO - Setting next_dagrun for dataset_with_extra_from_classic_operator to 2024-08-26 00:00:00+00:00, run_after=2024-08-27 00:00:00+00:00
[2024-08-27T14:39:32.678+0000] {processor.py:208} INFO - Processing /home/ubuntu/myenv/lib/python3.12/site-packages/airflow/example_dags/example_outlet_event_extra.py took 0.105 seconds
[2024-08-27T14:40:26.612+0000] {processor.py:186} INFO - Started process (PID=5973) to work on /home/ubuntu/myenv/lib/python3.12/site-packages/airflow/example_dags/example_outlet_event_extra.py
[2024-08-27T14:40:26.614+0000] {processor.py:914} INFO - Processing file /home/ubuntu/myenv/lib/python3.12/site-packages/airflow/example_dags/example_outlet_event_extra.py for tasks to queue
[2024-08-27T14:40:26.616+0000] {logging_mixin.py:190} INFO - [2024-08-27T14:40:26.616+0000] {dagbag.py:587} INFO - Filling up the DagBag from /home/ubuntu/myenv/lib/python3.12/site-packages/airflow/example_dags/example_outlet_event_extra.py
[2024-08-27T14:40:26.632+0000] {processor.py:925} INFO - DAG(s) 'dataset_with_extra_by_yield', 'dataset_with_extra_by_context', 'dataset_with_extra_from_classic_operator' retrieved from /home/ubuntu/myenv/lib/python3.12/site-packages/airflow/example_dags/example_outlet_event_extra.py
[2024-08-27T14:40:26.655+0000] {logging_mixin.py:190} INFO - [2024-08-27T14:40:26.655+0000] {dag.py:3211} INFO - Sync 3 DAGs
[2024-08-27T14:40:26.680+0000] {logging_mixin.py:190} INFO - [2024-08-27T14:40:26.679+0000] {dag.py:4138} INFO - Setting next_dagrun for dataset_with_extra_by_context to 2024-08-26 00:00:00+00:00, run_after=2024-08-27 00:00:00+00:00
[2024-08-27T14:40:26.685+0000] {logging_mixin.py:190} INFO - [2024-08-27T14:40:26.684+0000] {dag.py:4138} INFO - Setting next_dagrun for dataset_with_extra_by_yield to 2024-08-26 00:00:00+00:00, run_after=2024-08-27 00:00:00+00:00
[2024-08-27T14:40:26.687+0000] {logging_mixin.py:190} INFO - [2024-08-27T14:40:26.687+0000] {dag.py:4138} INFO - Setting next_dagrun for dataset_with_extra_from_classic_operator to 2024-08-26 00:00:00+00:00, run_after=2024-08-27 00:00:00+00:00
[2024-08-27T14:40:26.713+0000] {processor.py:208} INFO - Processing /home/ubuntu/myenv/lib/python3.12/site-packages/airflow/example_dags/example_outlet_event_extra.py took 0.107 seconds
[2024-08-27T14:41:15.943+0000] {processor.py:186} INFO - Started process (PID=6025) to work on /home/ubuntu/myenv/lib/python3.12/site-packages/airflow/example_dags/example_outlet_event_extra.py
[2024-08-27T14:41:15.944+0000] {processor.py:914} INFO - Processing file /home/ubuntu/myenv/lib/python3.12/site-packages/airflow/example_dags/example_outlet_event_extra.py for tasks to queue
[2024-08-27T14:41:15.947+0000] {logging_mixin.py:190} INFO - [2024-08-27T14:41:15.946+0000] {dagbag.py:587} INFO - Filling up the DagBag from /home/ubuntu/myenv/lib/python3.12/site-packages/airflow/example_dags/example_outlet_event_extra.py
[2024-08-27T14:41:15.963+0000] {processor.py:925} INFO - DAG(s) 'dataset_with_extra_from_classic_operator', 'dataset_with_extra_by_context', 'dataset_with_extra_by_yield' retrieved from /home/ubuntu/myenv/lib/python3.12/site-packages/airflow/example_dags/example_outlet_event_extra.py
[2024-08-27T14:41:15.986+0000] {logging_mixin.py:190} INFO - [2024-08-27T14:41:15.986+0000] {dag.py:3211} INFO - Sync 3 DAGs
[2024-08-27T14:41:16.011+0000] {logging_mixin.py:190} INFO - [2024-08-27T14:41:16.010+0000] {dag.py:4138} INFO - Setting next_dagrun for dataset_with_extra_by_context to 2024-08-26 00:00:00+00:00, run_after=2024-08-27 00:00:00+00:00
[2024-08-27T14:41:16.016+0000] {logging_mixin.py:190} INFO - [2024-08-27T14:41:16.015+0000] {dag.py:4138} INFO - Setting next_dagrun for dataset_with_extra_by_yield to 2024-08-26 00:00:00+00:00, run_after=2024-08-27 00:00:00+00:00
[2024-08-27T14:41:16.018+0000] {logging_mixin.py:190} INFO - [2024-08-27T14:41:16.018+0000] {dag.py:4138} INFO - Setting next_dagrun for dataset_with_extra_from_classic_operator to 2024-08-26 00:00:00+00:00, run_after=2024-08-27 00:00:00+00:00
[2024-08-27T14:41:16.042+0000] {processor.py:208} INFO - Processing /home/ubuntu/myenv/lib/python3.12/site-packages/airflow/example_dags/example_outlet_event_extra.py took 0.106 seconds
[2024-08-27T14:42:05.218+0000] {processor.py:186} INFO - Started process (PID=6075) to work on /home/ubuntu/myenv/lib/python3.12/site-packages/airflow/example_dags/example_outlet_event_extra.py
[2024-08-27T14:42:05.220+0000] {processor.py:914} INFO - Processing file /home/ubuntu/myenv/lib/python3.12/site-packages/airflow/example_dags/example_outlet_event_extra.py for tasks to queue
[2024-08-27T14:42:05.222+0000] {logging_mixin.py:190} INFO - [2024-08-27T14:42:05.222+0000] {dagbag.py:587} INFO - Filling up the DagBag from /home/ubuntu/myenv/lib/python3.12/site-packages/airflow/example_dags/example_outlet_event_extra.py
[2024-08-27T14:42:05.238+0000] {processor.py:925} INFO - DAG(s) 'dataset_with_extra_by_yield', 'dataset_with_extra_by_context', 'dataset_with_extra_from_classic_operator' retrieved from /home/ubuntu/myenv/lib/python3.12/site-packages/airflow/example_dags/example_outlet_event_extra.py
[2024-08-27T14:42:05.261+0000] {logging_mixin.py:190} INFO - [2024-08-27T14:42:05.261+0000] {dag.py:3211} INFO - Sync 3 DAGs
[2024-08-27T14:42:05.287+0000] {logging_mixin.py:190} INFO - [2024-08-27T14:42:05.286+0000] {dag.py:4138} INFO - Setting next_dagrun for dataset_with_extra_by_context to 2024-08-26 00:00:00+00:00, run_after=2024-08-27 00:00:00+00:00
[2024-08-27T14:42:05.292+0000] {logging_mixin.py:190} INFO - [2024-08-27T14:42:05.291+0000] {dag.py:4138} INFO - Setting next_dagrun for dataset_with_extra_by_yield to 2024-08-26 00:00:00+00:00, run_after=2024-08-27 00:00:00+00:00
[2024-08-27T14:42:05.294+0000] {logging_mixin.py:190} INFO - [2024-08-27T14:42:05.294+0000] {dag.py:4138} INFO - Setting next_dagrun for dataset_with_extra_from_classic_operator to 2024-08-26 00:00:00+00:00, run_after=2024-08-27 00:00:00+00:00
[2024-08-27T14:42:05.319+0000] {processor.py:208} INFO - Processing /home/ubuntu/myenv/lib/python3.12/site-packages/airflow/example_dags/example_outlet_event_extra.py took 0.107 seconds
[2024-08-27T14:42:56.798+0000] {processor.py:186} INFO - Started process (PID=6127) to work on /home/ubuntu/myenv/lib/python3.12/site-packages/airflow/example_dags/example_outlet_event_extra.py
[2024-08-27T14:42:56.800+0000] {processor.py:914} INFO - Processing file /home/ubuntu/myenv/lib/python3.12/site-packages/airflow/example_dags/example_outlet_event_extra.py for tasks to queue
[2024-08-27T14:42:56.802+0000] {logging_mixin.py:190} INFO - [2024-08-27T14:42:56.802+0000] {dagbag.py:587} INFO - Filling up the DagBag from /home/ubuntu/myenv/lib/python3.12/site-packages/airflow/example_dags/example_outlet_event_extra.py
[2024-08-27T14:42:56.818+0000] {processor.py:925} INFO - DAG(s) 'dataset_with_extra_by_context', 'dataset_with_extra_by_yield', 'dataset_with_extra_from_classic_operator' retrieved from /home/ubuntu/myenv/lib/python3.12/site-packages/airflow/example_dags/example_outlet_event_extra.py
[2024-08-27T14:42:56.840+0000] {logging_mixin.py:190} INFO - [2024-08-27T14:42:56.840+0000] {dag.py:3211} INFO - Sync 3 DAGs
[2024-08-27T14:42:56.864+0000] {logging_mixin.py:190} INFO - [2024-08-27T14:42:56.864+0000] {dag.py:4138} INFO - Setting next_dagrun for dataset_with_extra_by_context to 2024-08-26 00:00:00+00:00, run_after=2024-08-27 00:00:00+00:00
[2024-08-27T14:42:56.870+0000] {logging_mixin.py:190} INFO - [2024-08-27T14:42:56.870+0000] {dag.py:4138} INFO - Setting next_dagrun for dataset_with_extra_by_yield to 2024-08-26 00:00:00+00:00, run_after=2024-08-27 00:00:00+00:00
[2024-08-27T14:42:56.873+0000] {logging_mixin.py:190} INFO - [2024-08-27T14:42:56.872+0000] {dag.py:4138} INFO - Setting next_dagrun for dataset_with_extra_from_classic_operator to 2024-08-26 00:00:00+00:00, run_after=2024-08-27 00:00:00+00:00
[2024-08-27T14:42:56.897+0000] {processor.py:208} INFO - Processing /home/ubuntu/myenv/lib/python3.12/site-packages/airflow/example_dags/example_outlet_event_extra.py took 0.105 seconds
[2024-08-27T14:43:46.840+0000] {processor.py:186} INFO - Started process (PID=6179) to work on /home/ubuntu/myenv/lib/python3.12/site-packages/airflow/example_dags/example_outlet_event_extra.py
[2024-08-27T14:43:46.842+0000] {processor.py:914} INFO - Processing file /home/ubuntu/myenv/lib/python3.12/site-packages/airflow/example_dags/example_outlet_event_extra.py for tasks to queue
[2024-08-27T14:43:46.844+0000] {logging_mixin.py:190} INFO - [2024-08-27T14:43:46.843+0000] {dagbag.py:587} INFO - Filling up the DagBag from /home/ubuntu/myenv/lib/python3.12/site-packages/airflow/example_dags/example_outlet_event_extra.py
[2024-08-27T14:43:46.859+0000] {processor.py:925} INFO - DAG(s) 'dataset_with_extra_from_classic_operator', 'dataset_with_extra_by_yield', 'dataset_with_extra_by_context' retrieved from /home/ubuntu/myenv/lib/python3.12/site-packages/airflow/example_dags/example_outlet_event_extra.py
[2024-08-27T14:43:46.881+0000] {logging_mixin.py:190} INFO - [2024-08-27T14:43:46.881+0000] {dag.py:3211} INFO - Sync 3 DAGs
[2024-08-27T14:43:46.905+0000] {logging_mixin.py:190} INFO - [2024-08-27T14:43:46.905+0000] {dag.py:4138} INFO - Setting next_dagrun for dataset_with_extra_by_context to 2024-08-26 00:00:00+00:00, run_after=2024-08-27 00:00:00+00:00
[2024-08-27T14:43:46.910+0000] {logging_mixin.py:190} INFO - [2024-08-27T14:43:46.910+0000] {dag.py:4138} INFO - Setting next_dagrun for dataset_with_extra_by_yield to 2024-08-26 00:00:00+00:00, run_after=2024-08-27 00:00:00+00:00
[2024-08-27T14:43:46.912+0000] {logging_mixin.py:190} INFO - [2024-08-27T14:43:46.912+0000] {dag.py:4138} INFO - Setting next_dagrun for dataset_with_extra_from_classic_operator to 2024-08-26 00:00:00+00:00, run_after=2024-08-27 00:00:00+00:00
[2024-08-27T14:43:46.936+0000] {processor.py:208} INFO - Processing /home/ubuntu/myenv/lib/python3.12/site-packages/airflow/example_dags/example_outlet_event_extra.py took 0.102 seconds
[2024-08-27T14:44:37.237+0000] {processor.py:186} INFO - Started process (PID=6232) to work on /home/ubuntu/myenv/lib/python3.12/site-packages/airflow/example_dags/example_outlet_event_extra.py
[2024-08-27T14:44:37.238+0000] {processor.py:914} INFO - Processing file /home/ubuntu/myenv/lib/python3.12/site-packages/airflow/example_dags/example_outlet_event_extra.py for tasks to queue
[2024-08-27T14:44:37.240+0000] {logging_mixin.py:190} INFO - [2024-08-27T14:44:37.240+0000] {dagbag.py:587} INFO - Filling up the DagBag from /home/ubuntu/myenv/lib/python3.12/site-packages/airflow/example_dags/example_outlet_event_extra.py
[2024-08-27T14:44:37.256+0000] {processor.py:925} INFO - DAG(s) 'dataset_with_extra_by_yield', 'dataset_with_extra_from_classic_operator', 'dataset_with_extra_by_context' retrieved from /home/ubuntu/myenv/lib/python3.12/site-packages/airflow/example_dags/example_outlet_event_extra.py
[2024-08-27T14:44:37.278+0000] {logging_mixin.py:190} INFO - [2024-08-27T14:44:37.278+0000] {dag.py:3211} INFO - Sync 3 DAGs
[2024-08-27T14:44:37.301+0000] {logging_mixin.py:190} INFO - [2024-08-27T14:44:37.301+0000] {dag.py:4138} INFO - Setting next_dagrun for dataset_with_extra_by_context to 2024-08-26 00:00:00+00:00, run_after=2024-08-27 00:00:00+00:00
[2024-08-27T14:44:37.306+0000] {logging_mixin.py:190} INFO - [2024-08-27T14:44:37.306+0000] {dag.py:4138} INFO - Setting next_dagrun for dataset_with_extra_by_yield to 2024-08-26 00:00:00+00:00, run_after=2024-08-27 00:00:00+00:00
[2024-08-27T14:44:37.308+0000] {logging_mixin.py:190} INFO - [2024-08-27T14:44:37.308+0000] {dag.py:4138} INFO - Setting next_dagrun for dataset_with_extra_from_classic_operator to 2024-08-26 00:00:00+00:00, run_after=2024-08-27 00:00:00+00:00
[2024-08-27T14:44:37.332+0000] {processor.py:208} INFO - Processing /home/ubuntu/myenv/lib/python3.12/site-packages/airflow/example_dags/example_outlet_event_extra.py took 0.102 seconds
[2024-08-27T14:45:27.714+0000] {processor.py:186} INFO - Started process (PID=6286) to work on /home/ubuntu/myenv/lib/python3.12/site-packages/airflow/example_dags/example_outlet_event_extra.py
[2024-08-27T14:45:27.715+0000] {processor.py:914} INFO - Processing file /home/ubuntu/myenv/lib/python3.12/site-packages/airflow/example_dags/example_outlet_event_extra.py for tasks to queue
[2024-08-27T14:45:27.718+0000] {logging_mixin.py:190} INFO - [2024-08-27T14:45:27.717+0000] {dagbag.py:587} INFO - Filling up the DagBag from /home/ubuntu/myenv/lib/python3.12/site-packages/airflow/example_dags/example_outlet_event_extra.py
[2024-08-27T14:45:27.733+0000] {processor.py:925} INFO - DAG(s) 'dataset_with_extra_from_classic_operator', 'dataset_with_extra_by_yield', 'dataset_with_extra_by_context' retrieved from /home/ubuntu/myenv/lib/python3.12/site-packages/airflow/example_dags/example_outlet_event_extra.py
[2024-08-27T14:45:27.756+0000] {logging_mixin.py:190} INFO - [2024-08-27T14:45:27.756+0000] {dag.py:3211} INFO - Sync 3 DAGs
[2024-08-27T14:45:27.781+0000] {logging_mixin.py:190} INFO - [2024-08-27T14:45:27.781+0000] {dag.py:4138} INFO - Setting next_dagrun for dataset_with_extra_by_context to 2024-08-26 00:00:00+00:00, run_after=2024-08-27 00:00:00+00:00
[2024-08-27T14:45:27.786+0000] {logging_mixin.py:190} INFO - [2024-08-27T14:45:27.786+0000] {dag.py:4138} INFO - Setting next_dagrun for dataset_with_extra_by_yield to 2024-08-26 00:00:00+00:00, run_after=2024-08-27 00:00:00+00:00
[2024-08-27T14:45:27.789+0000] {logging_mixin.py:190} INFO - [2024-08-27T14:45:27.788+0000] {dag.py:4138} INFO - Setting next_dagrun for dataset_with_extra_from_classic_operator to 2024-08-26 00:00:00+00:00, run_after=2024-08-27 00:00:00+00:00
[2024-08-27T14:45:27.813+0000] {processor.py:208} INFO - Processing /home/ubuntu/myenv/lib/python3.12/site-packages/airflow/example_dags/example_outlet_event_extra.py took 0.106 seconds
[2024-08-27T14:46:17.960+0000] {processor.py:186} INFO - Started process (PID=6341) to work on /home/ubuntu/myenv/lib/python3.12/site-packages/airflow/example_dags/example_outlet_event_extra.py
[2024-08-27T14:46:17.962+0000] {processor.py:914} INFO - Processing file /home/ubuntu/myenv/lib/python3.12/site-packages/airflow/example_dags/example_outlet_event_extra.py for tasks to queue
[2024-08-27T14:46:17.964+0000] {logging_mixin.py:190} INFO - [2024-08-27T14:46:17.963+0000] {dagbag.py:587} INFO - Filling up the DagBag from /home/ubuntu/myenv/lib/python3.12/site-packages/airflow/example_dags/example_outlet_event_extra.py
[2024-08-27T14:46:17.979+0000] {processor.py:925} INFO - DAG(s) 'dataset_with_extra_from_classic_operator', 'dataset_with_extra_by_context', 'dataset_with_extra_by_yield' retrieved from /home/ubuntu/myenv/lib/python3.12/site-packages/airflow/example_dags/example_outlet_event_extra.py
[2024-08-27T14:46:18.002+0000] {logging_mixin.py:190} INFO - [2024-08-27T14:46:18.002+0000] {dag.py:3211} INFO - Sync 3 DAGs
[2024-08-27T14:46:18.026+0000] {logging_mixin.py:190} INFO - [2024-08-27T14:46:18.026+0000] {dag.py:4138} INFO - Setting next_dagrun for dataset_with_extra_by_context to 2024-08-26 00:00:00+00:00, run_after=2024-08-27 00:00:00+00:00
[2024-08-27T14:46:18.031+0000] {logging_mixin.py:190} INFO - [2024-08-27T14:46:18.031+0000] {dag.py:4138} INFO - Setting next_dagrun for dataset_with_extra_by_yield to 2024-08-26 00:00:00+00:00, run_after=2024-08-27 00:00:00+00:00
[2024-08-27T14:46:18.034+0000] {logging_mixin.py:190} INFO - [2024-08-27T14:46:18.033+0000] {dag.py:4138} INFO - Setting next_dagrun for dataset_with_extra_from_classic_operator to 2024-08-26 00:00:00+00:00, run_after=2024-08-27 00:00:00+00:00
[2024-08-27T14:46:18.058+0000] {processor.py:208} INFO - Processing /home/ubuntu/myenv/lib/python3.12/site-packages/airflow/example_dags/example_outlet_event_extra.py took 0.104 seconds
[2024-08-27T14:47:04.456+0000] {processor.py:186} INFO - Started process (PID=6389) to work on /home/ubuntu/myenv/lib/python3.12/site-packages/airflow/example_dags/example_outlet_event_extra.py
[2024-08-27T14:47:04.458+0000] {processor.py:914} INFO - Processing file /home/ubuntu/myenv/lib/python3.12/site-packages/airflow/example_dags/example_outlet_event_extra.py for tasks to queue
[2024-08-27T14:47:04.460+0000] {logging_mixin.py:190} INFO - [2024-08-27T14:47:04.460+0000] {dagbag.py:587} INFO - Filling up the DagBag from /home/ubuntu/myenv/lib/python3.12/site-packages/airflow/example_dags/example_outlet_event_extra.py
[2024-08-27T14:47:04.477+0000] {processor.py:925} INFO - DAG(s) 'dataset_with_extra_by_yield', 'dataset_with_extra_by_context', 'dataset_with_extra_from_classic_operator' retrieved from /home/ubuntu/myenv/lib/python3.12/site-packages/airflow/example_dags/example_outlet_event_extra.py
[2024-08-27T14:47:04.501+0000] {logging_mixin.py:190} INFO - [2024-08-27T14:47:04.500+0000] {dag.py:3211} INFO - Sync 3 DAGs
[2024-08-27T14:47:04.526+0000] {logging_mixin.py:190} INFO - [2024-08-27T14:47:04.525+0000] {dag.py:4138} INFO - Setting next_dagrun for dataset_with_extra_by_context to 2024-08-26 00:00:00+00:00, run_after=2024-08-27 00:00:00+00:00
[2024-08-27T14:47:04.531+0000] {logging_mixin.py:190} INFO - [2024-08-27T14:47:04.531+0000] {dag.py:4138} INFO - Setting next_dagrun for dataset_with_extra_by_yield to 2024-08-26 00:00:00+00:00, run_after=2024-08-27 00:00:00+00:00
[2024-08-27T14:47:04.533+0000] {logging_mixin.py:190} INFO - [2024-08-27T14:47:04.533+0000] {dag.py:4138} INFO - Setting next_dagrun for dataset_with_extra_from_classic_operator to 2024-08-26 00:00:00+00:00, run_after=2024-08-27 00:00:00+00:00
[2024-08-27T14:47:04.560+0000] {processor.py:208} INFO - Processing /home/ubuntu/myenv/lib/python3.12/site-packages/airflow/example_dags/example_outlet_event_extra.py took 0.111 seconds
[2024-08-27T14:47:55.257+0000] {processor.py:186} INFO - Started process (PID=6442) to work on /home/ubuntu/myenv/lib/python3.12/site-packages/airflow/example_dags/example_outlet_event_extra.py
[2024-08-27T14:47:55.259+0000] {processor.py:914} INFO - Processing file /home/ubuntu/myenv/lib/python3.12/site-packages/airflow/example_dags/example_outlet_event_extra.py for tasks to queue
[2024-08-27T14:47:55.261+0000] {logging_mixin.py:190} INFO - [2024-08-27T14:47:55.261+0000] {dagbag.py:587} INFO - Filling up the DagBag from /home/ubuntu/myenv/lib/python3.12/site-packages/airflow/example_dags/example_outlet_event_extra.py
[2024-08-27T14:47:55.277+0000] {processor.py:925} INFO - DAG(s) 'dataset_with_extra_from_classic_operator', 'dataset_with_extra_by_yield', 'dataset_with_extra_by_context' retrieved from /home/ubuntu/myenv/lib/python3.12/site-packages/airflow/example_dags/example_outlet_event_extra.py
[2024-08-27T14:47:55.302+0000] {logging_mixin.py:190} INFO - [2024-08-27T14:47:55.301+0000] {dag.py:3211} INFO - Sync 3 DAGs
[2024-08-27T14:47:55.328+0000] {logging_mixin.py:190} INFO - [2024-08-27T14:47:55.328+0000] {dag.py:4138} INFO - Setting next_dagrun for dataset_with_extra_by_context to 2024-08-26 00:00:00+00:00, run_after=2024-08-27 00:00:00+00:00
[2024-08-27T14:47:55.334+0000] {logging_mixin.py:190} INFO - [2024-08-27T14:47:55.334+0000] {dag.py:4138} INFO - Setting next_dagrun for dataset_with_extra_by_yield to 2024-08-26 00:00:00+00:00, run_after=2024-08-27 00:00:00+00:00
[2024-08-27T14:47:55.336+0000] {logging_mixin.py:190} INFO - [2024-08-27T14:47:55.336+0000] {dag.py:4138} INFO - Setting next_dagrun for dataset_with_extra_from_classic_operator to 2024-08-26 00:00:00+00:00, run_after=2024-08-27 00:00:00+00:00
[2024-08-27T14:47:55.364+0000] {processor.py:208} INFO - Processing /home/ubuntu/myenv/lib/python3.12/site-packages/airflow/example_dags/example_outlet_event_extra.py took 0.113 seconds
[2024-08-27T14:48:45.770+0000] {processor.py:186} INFO - Started process (PID=6498) to work on /home/ubuntu/myenv/lib/python3.12/site-packages/airflow/example_dags/example_outlet_event_extra.py
[2024-08-27T14:48:45.771+0000] {processor.py:914} INFO - Processing file /home/ubuntu/myenv/lib/python3.12/site-packages/airflow/example_dags/example_outlet_event_extra.py for tasks to queue
[2024-08-27T14:48:45.773+0000] {logging_mixin.py:190} INFO - [2024-08-27T14:48:45.773+0000] {dagbag.py:587} INFO - Filling up the DagBag from /home/ubuntu/myenv/lib/python3.12/site-packages/airflow/example_dags/example_outlet_event_extra.py
[2024-08-27T14:48:45.789+0000] {processor.py:925} INFO - DAG(s) 'dataset_with_extra_from_classic_operator', 'dataset_with_extra_by_yield', 'dataset_with_extra_by_context' retrieved from /home/ubuntu/myenv/lib/python3.12/site-packages/airflow/example_dags/example_outlet_event_extra.py
[2024-08-27T14:48:45.811+0000] {logging_mixin.py:190} INFO - [2024-08-27T14:48:45.810+0000] {dag.py:3211} INFO - Sync 3 DAGs
[2024-08-27T14:48:45.834+0000] {logging_mixin.py:190} INFO - [2024-08-27T14:48:45.834+0000] {dag.py:4138} INFO - Setting next_dagrun for dataset_with_extra_by_context to 2024-08-26 00:00:00+00:00, run_after=2024-08-27 00:00:00+00:00
[2024-08-27T14:48:45.839+0000] {logging_mixin.py:190} INFO - [2024-08-27T14:48:45.839+0000] {dag.py:4138} INFO - Setting next_dagrun for dataset_with_extra_by_yield to 2024-08-26 00:00:00+00:00, run_after=2024-08-27 00:00:00+00:00
[2024-08-27T14:48:45.841+0000] {logging_mixin.py:190} INFO - [2024-08-27T14:48:45.841+0000] {dag.py:4138} INFO - Setting next_dagrun for dataset_with_extra_from_classic_operator to 2024-08-26 00:00:00+00:00, run_after=2024-08-27 00:00:00+00:00
[2024-08-27T14:48:45.865+0000] {processor.py:208} INFO - Processing /home/ubuntu/myenv/lib/python3.12/site-packages/airflow/example_dags/example_outlet_event_extra.py took 0.102 seconds
[2024-08-27T14:49:38.755+0000] {processor.py:186} INFO - Started process (PID=6552) to work on /home/ubuntu/myenv/lib/python3.12/site-packages/airflow/example_dags/example_outlet_event_extra.py
[2024-08-27T14:49:38.757+0000] {processor.py:914} INFO - Processing file /home/ubuntu/myenv/lib/python3.12/site-packages/airflow/example_dags/example_outlet_event_extra.py for tasks to queue
[2024-08-27T14:49:38.760+0000] {logging_mixin.py:190} INFO - [2024-08-27T14:49:38.759+0000] {dagbag.py:587} INFO - Filling up the DagBag from /home/ubuntu/myenv/lib/python3.12/site-packages/airflow/example_dags/example_outlet_event_extra.py
[2024-08-27T14:49:38.776+0000] {processor.py:925} INFO - DAG(s) 'dataset_with_extra_by_yield', 'dataset_with_extra_from_classic_operator', 'dataset_with_extra_by_context' retrieved from /home/ubuntu/myenv/lib/python3.12/site-packages/airflow/example_dags/example_outlet_event_extra.py
[2024-08-27T14:49:38.799+0000] {logging_mixin.py:190} INFO - [2024-08-27T14:49:38.799+0000] {dag.py:3211} INFO - Sync 3 DAGs
[2024-08-27T14:49:38.824+0000] {logging_mixin.py:190} INFO - [2024-08-27T14:49:38.824+0000] {dag.py:4138} INFO - Setting next_dagrun for dataset_with_extra_by_context to 2024-08-26 00:00:00+00:00, run_after=2024-08-27 00:00:00+00:00
[2024-08-27T14:49:38.829+0000] {logging_mixin.py:190} INFO - [2024-08-27T14:49:38.829+0000] {dag.py:4138} INFO - Setting next_dagrun for dataset_with_extra_by_yield to 2024-08-26 00:00:00+00:00, run_after=2024-08-27 00:00:00+00:00
[2024-08-27T14:49:38.832+0000] {logging_mixin.py:190} INFO - [2024-08-27T14:49:38.832+0000] {dag.py:4138} INFO - Setting next_dagrun for dataset_with_extra_from_classic_operator to 2024-08-26 00:00:00+00:00, run_after=2024-08-27 00:00:00+00:00
[2024-08-27T14:49:38.858+0000] {processor.py:208} INFO - Processing /home/ubuntu/myenv/lib/python3.12/site-packages/airflow/example_dags/example_outlet_event_extra.py took 0.109 seconds
[2024-08-27T16:10:11.507+0000] {processor.py:186} INFO - Started process (PID=7618) to work on /home/ubuntu/myenv/lib/python3.12/site-packages/airflow/example_dags/example_outlet_event_extra.py
[2024-08-27T16:10:11.509+0000] {processor.py:914} INFO - Processing file /home/ubuntu/myenv/lib/python3.12/site-packages/airflow/example_dags/example_outlet_event_extra.py for tasks to queue
[2024-08-27T16:10:11.511+0000] {logging_mixin.py:190} INFO - [2024-08-27T16:10:11.510+0000] {dagbag.py:587} INFO - Filling up the DagBag from /home/ubuntu/myenv/lib/python3.12/site-packages/airflow/example_dags/example_outlet_event_extra.py
[2024-08-27T16:10:11.527+0000] {processor.py:925} INFO - DAG(s) 'dataset_with_extra_by_context', 'dataset_with_extra_by_yield', 'dataset_with_extra_from_classic_operator' retrieved from /home/ubuntu/myenv/lib/python3.12/site-packages/airflow/example_dags/example_outlet_event_extra.py
[2024-08-27T16:10:11.554+0000] {logging_mixin.py:190} INFO - [2024-08-27T16:10:11.554+0000] {dag.py:3211} INFO - Sync 3 DAGs
[2024-08-27T16:10:11.578+0000] {logging_mixin.py:190} INFO - [2024-08-27T16:10:11.578+0000] {dag.py:4138} INFO - Setting next_dagrun for dataset_with_extra_by_context to 2024-08-26 00:00:00+00:00, run_after=2024-08-27 00:00:00+00:00
[2024-08-27T16:10:11.583+0000] {logging_mixin.py:190} INFO - [2024-08-27T16:10:11.583+0000] {dag.py:4138} INFO - Setting next_dagrun for dataset_with_extra_by_yield to 2024-08-26 00:00:00+00:00, run_after=2024-08-27 00:00:00+00:00
[2024-08-27T16:10:11.585+0000] {logging_mixin.py:190} INFO - [2024-08-27T16:10:11.585+0000] {dag.py:4138} INFO - Setting next_dagrun for dataset_with_extra_from_classic_operator to 2024-08-26 00:00:00+00:00, run_after=2024-08-27 00:00:00+00:00
[2024-08-27T16:10:11.611+0000] {processor.py:208} INFO - Processing /home/ubuntu/myenv/lib/python3.12/site-packages/airflow/example_dags/example_outlet_event_extra.py took 0.110 seconds
[2024-08-27T16:11:06.110+0000] {processor.py:186} INFO - Started process (PID=7714) to work on /home/ubuntu/myenv/lib/python3.12/site-packages/airflow/example_dags/example_outlet_event_extra.py
[2024-08-27T16:11:06.111+0000] {processor.py:914} INFO - Processing file /home/ubuntu/myenv/lib/python3.12/site-packages/airflow/example_dags/example_outlet_event_extra.py for tasks to queue
[2024-08-27T16:11:06.114+0000] {logging_mixin.py:190} INFO - [2024-08-27T16:11:06.113+0000] {dagbag.py:587} INFO - Filling up the DagBag from /home/ubuntu/myenv/lib/python3.12/site-packages/airflow/example_dags/example_outlet_event_extra.py
[2024-08-27T16:11:06.129+0000] {processor.py:925} INFO - DAG(s) 'dataset_with_extra_by_yield', 'dataset_with_extra_from_classic_operator', 'dataset_with_extra_by_context' retrieved from /home/ubuntu/myenv/lib/python3.12/site-packages/airflow/example_dags/example_outlet_event_extra.py
[2024-08-27T16:11:06.152+0000] {logging_mixin.py:190} INFO - [2024-08-27T16:11:06.151+0000] {dag.py:3211} INFO - Sync 3 DAGs
[2024-08-27T16:11:06.176+0000] {logging_mixin.py:190} INFO - [2024-08-27T16:11:06.176+0000] {dag.py:4138} INFO - Setting next_dagrun for dataset_with_extra_by_context to 2024-08-26 00:00:00+00:00, run_after=2024-08-27 00:00:00+00:00
[2024-08-27T16:11:06.181+0000] {logging_mixin.py:190} INFO - [2024-08-27T16:11:06.181+0000] {dag.py:4138} INFO - Setting next_dagrun for dataset_with_extra_by_yield to 2024-08-26 00:00:00+00:00, run_after=2024-08-27 00:00:00+00:00
[2024-08-27T16:11:06.183+0000] {logging_mixin.py:190} INFO - [2024-08-27T16:11:06.183+0000] {dag.py:4138} INFO - Setting next_dagrun for dataset_with_extra_from_classic_operator to 2024-08-26 00:00:00+00:00, run_after=2024-08-27 00:00:00+00:00
[2024-08-27T16:11:06.209+0000] {processor.py:208} INFO - Processing /home/ubuntu/myenv/lib/python3.12/site-packages/airflow/example_dags/example_outlet_event_extra.py took 0.105 seconds
[2024-08-27T16:12:01.606+0000] {processor.py:186} INFO - Started process (PID=7845) to work on /home/ubuntu/myenv/lib/python3.12/site-packages/airflow/example_dags/example_outlet_event_extra.py
[2024-08-27T16:12:01.608+0000] {processor.py:914} INFO - Processing file /home/ubuntu/myenv/lib/python3.12/site-packages/airflow/example_dags/example_outlet_event_extra.py for tasks to queue
[2024-08-27T16:12:01.610+0000] {logging_mixin.py:190} INFO - [2024-08-27T16:12:01.610+0000] {dagbag.py:587} INFO - Filling up the DagBag from /home/ubuntu/myenv/lib/python3.12/site-packages/airflow/example_dags/example_outlet_event_extra.py
[2024-08-27T16:12:01.626+0000] {processor.py:925} INFO - DAG(s) 'dataset_with_extra_by_yield', 'dataset_with_extra_from_classic_operator', 'dataset_with_extra_by_context' retrieved from /home/ubuntu/myenv/lib/python3.12/site-packages/airflow/example_dags/example_outlet_event_extra.py
[2024-08-27T16:12:01.650+0000] {logging_mixin.py:190} INFO - [2024-08-27T16:12:01.649+0000] {dag.py:3211} INFO - Sync 3 DAGs
[2024-08-27T16:12:01.675+0000] {logging_mixin.py:190} INFO - [2024-08-27T16:12:01.674+0000] {dag.py:4138} INFO - Setting next_dagrun for dataset_with_extra_by_context to 2024-08-26 00:00:00+00:00, run_after=2024-08-27 00:00:00+00:00
[2024-08-27T16:12:01.680+0000] {logging_mixin.py:190} INFO - [2024-08-27T16:12:01.680+0000] {dag.py:4138} INFO - Setting next_dagrun for dataset_with_extra_by_yield to 2024-08-26 00:00:00+00:00, run_after=2024-08-27 00:00:00+00:00
[2024-08-27T16:12:01.682+0000] {logging_mixin.py:190} INFO - [2024-08-27T16:12:01.682+0000] {dag.py:4138} INFO - Setting next_dagrun for dataset_with_extra_from_classic_operator to 2024-08-26 00:00:00+00:00, run_after=2024-08-27 00:00:00+00:00
[2024-08-27T16:12:01.709+0000] {processor.py:208} INFO - Processing /home/ubuntu/myenv/lib/python3.12/site-packages/airflow/example_dags/example_outlet_event_extra.py took 0.109 seconds
[2024-08-27T16:12:52.747+0000] {processor.py:186} INFO - Started process (PID=7935) to work on /home/ubuntu/myenv/lib/python3.12/site-packages/airflow/example_dags/example_outlet_event_extra.py
[2024-08-27T16:12:52.748+0000] {processor.py:914} INFO - Processing file /home/ubuntu/myenv/lib/python3.12/site-packages/airflow/example_dags/example_outlet_event_extra.py for tasks to queue
[2024-08-27T16:12:52.751+0000] {logging_mixin.py:190} INFO - [2024-08-27T16:12:52.750+0000] {dagbag.py:587} INFO - Filling up the DagBag from /home/ubuntu/myenv/lib/python3.12/site-packages/airflow/example_dags/example_outlet_event_extra.py
[2024-08-27T16:12:52.767+0000] {processor.py:925} INFO - DAG(s) 'dataset_with_extra_by_yield', 'dataset_with_extra_by_context', 'dataset_with_extra_from_classic_operator' retrieved from /home/ubuntu/myenv/lib/python3.12/site-packages/airflow/example_dags/example_outlet_event_extra.py
[2024-08-27T16:12:52.789+0000] {logging_mixin.py:190} INFO - [2024-08-27T16:12:52.789+0000] {dag.py:3211} INFO - Sync 3 DAGs
[2024-08-27T16:12:52.814+0000] {logging_mixin.py:190} INFO - [2024-08-27T16:12:52.813+0000] {dag.py:4138} INFO - Setting next_dagrun for dataset_with_extra_by_context to 2024-08-26 00:00:00+00:00, run_after=2024-08-27 00:00:00+00:00
[2024-08-27T16:12:52.819+0000] {logging_mixin.py:190} INFO - [2024-08-27T16:12:52.819+0000] {dag.py:4138} INFO - Setting next_dagrun for dataset_with_extra_by_yield to 2024-08-26 00:00:00+00:00, run_after=2024-08-27 00:00:00+00:00
[2024-08-27T16:12:52.821+0000] {logging_mixin.py:190} INFO - [2024-08-27T16:12:52.821+0000] {dag.py:4138} INFO - Setting next_dagrun for dataset_with_extra_from_classic_operator to 2024-08-26 00:00:00+00:00, run_after=2024-08-27 00:00:00+00:00
[2024-08-27T16:12:52.849+0000] {processor.py:208} INFO - Processing /home/ubuntu/myenv/lib/python3.12/site-packages/airflow/example_dags/example_outlet_event_extra.py took 0.108 seconds
[2024-08-27T16:13:44.569+0000] {processor.py:186} INFO - Started process (PID=8027) to work on /home/ubuntu/myenv/lib/python3.12/site-packages/airflow/example_dags/example_outlet_event_extra.py
[2024-08-27T16:13:44.571+0000] {processor.py:914} INFO - Processing file /home/ubuntu/myenv/lib/python3.12/site-packages/airflow/example_dags/example_outlet_event_extra.py for tasks to queue
[2024-08-27T16:13:44.573+0000] {logging_mixin.py:190} INFO - [2024-08-27T16:13:44.572+0000] {dagbag.py:587} INFO - Filling up the DagBag from /home/ubuntu/myenv/lib/python3.12/site-packages/airflow/example_dags/example_outlet_event_extra.py
[2024-08-27T16:13:44.588+0000] {processor.py:925} INFO - DAG(s) 'dataset_with_extra_by_yield', 'dataset_with_extra_by_context', 'dataset_with_extra_from_classic_operator' retrieved from /home/ubuntu/myenv/lib/python3.12/site-packages/airflow/example_dags/example_outlet_event_extra.py
[2024-08-27T16:13:44.610+0000] {logging_mixin.py:190} INFO - [2024-08-27T16:13:44.610+0000] {dag.py:3211} INFO - Sync 3 DAGs
[2024-08-27T16:13:44.634+0000] {logging_mixin.py:190} INFO - [2024-08-27T16:13:44.633+0000] {dag.py:4138} INFO - Setting next_dagrun for dataset_with_extra_by_context to 2024-08-26 00:00:00+00:00, run_after=2024-08-27 00:00:00+00:00
[2024-08-27T16:13:44.638+0000] {logging_mixin.py:190} INFO - [2024-08-27T16:13:44.638+0000] {dag.py:4138} INFO - Setting next_dagrun for dataset_with_extra_by_yield to 2024-08-26 00:00:00+00:00, run_after=2024-08-27 00:00:00+00:00
[2024-08-27T16:13:44.641+0000] {logging_mixin.py:190} INFO - [2024-08-27T16:13:44.641+0000] {dag.py:4138} INFO - Setting next_dagrun for dataset_with_extra_from_classic_operator to 2024-08-26 00:00:00+00:00, run_after=2024-08-27 00:00:00+00:00
[2024-08-27T16:13:44.665+0000] {processor.py:208} INFO - Processing /home/ubuntu/myenv/lib/python3.12/site-packages/airflow/example_dags/example_outlet_event_extra.py took 0.102 seconds
