[2024-08-27T14:34:23.045+0000] {processor.py:186} INFO - Started process (PID=5525) to work on /home/ubuntu/myenv/lib/python3.12/site-packages/airflow/example_dags/example_task_group.py
[2024-08-27T14:34:23.046+0000] {processor.py:914} INFO - Processing file /home/ubuntu/myenv/lib/python3.12/site-packages/airflow/example_dags/example_task_group.py for tasks to queue
[2024-08-27T14:34:23.048+0000] {logging_mixin.py:190} INFO - [2024-08-27T14:34:23.048+0000] {dagbag.py:587} INFO - Filling up the DagBag from /home/ubuntu/myenv/lib/python3.12/site-packages/airflow/example_dags/example_task_group.py
[2024-08-27T14:34:23.058+0000] {processor.py:925} INFO - DAG(s) 'example_task_group' retrieved from /home/ubuntu/myenv/lib/python3.12/site-packages/airflow/example_dags/example_task_group.py
[2024-08-27T14:34:23.180+0000] {logging_mixin.py:190} INFO - [2024-08-27T14:34:23.179+0000] {override.py:1900} INFO - Created Permission View: can delete on DAG:example_task_group
[2024-08-27T14:34:23.193+0000] {logging_mixin.py:190} INFO - [2024-08-27T14:34:23.193+0000] {override.py:1900} INFO - Created Permission View: can edit on DAG:example_task_group
[2024-08-27T14:34:23.203+0000] {logging_mixin.py:190} INFO - [2024-08-27T14:34:23.202+0000] {override.py:1900} INFO - Created Permission View: can read on DAG:example_task_group
[2024-08-27T14:34:23.217+0000] {logging_mixin.py:190} INFO - [2024-08-27T14:34:23.217+0000] {override.py:1900} INFO - Created Permission View: can create on DAG Run:example_task_group
[2024-08-27T14:34:23.227+0000] {logging_mixin.py:190} INFO - [2024-08-27T14:34:23.226+0000] {override.py:1900} INFO - Created Permission View: menu access on DAG Run:example_task_group
[2024-08-27T14:34:23.237+0000] {logging_mixin.py:190} INFO - [2024-08-27T14:34:23.236+0000] {override.py:1900} INFO - Created Permission View: can delete on DAG Run:example_task_group
[2024-08-27T14:34:23.245+0000] {logging_mixin.py:190} INFO - [2024-08-27T14:34:23.245+0000] {override.py:1900} INFO - Created Permission View: can read on DAG Run:example_task_group
[2024-08-27T14:34:23.246+0000] {logging_mixin.py:190} INFO - [2024-08-27T14:34:23.246+0000] {dag.py:3211} INFO - Sync 1 DAGs
[2024-08-27T14:34:23.260+0000] {logging_mixin.py:190} INFO - [2024-08-27T14:34:23.260+0000] {dag.py:3234} INFO - Creating ORM DAG for example_task_group
[2024-08-27T14:34:23.269+0000] {logging_mixin.py:190} INFO - [2024-08-27T14:34:23.269+0000] {dag.py:4138} INFO - Setting next_dagrun for example_task_group to 2024-08-26 00:00:00+00:00, run_after=2024-08-27 00:00:00+00:00
[2024-08-27T14:34:23.290+0000] {processor.py:208} INFO - Processing /home/ubuntu/myenv/lib/python3.12/site-packages/airflow/example_dags/example_task_group.py took 0.251 seconds
[2024-08-27T14:35:30.560+0000] {processor.py:186} INFO - Started process (PID=5589) to work on /home/ubuntu/myenv/lib/python3.12/site-packages/airflow/example_dags/example_task_group.py
[2024-08-27T14:35:30.562+0000] {processor.py:914} INFO - Processing file /home/ubuntu/myenv/lib/python3.12/site-packages/airflow/example_dags/example_task_group.py for tasks to queue
[2024-08-27T14:35:30.564+0000] {logging_mixin.py:190} INFO - [2024-08-27T14:35:30.563+0000] {dagbag.py:587} INFO - Filling up the DagBag from /home/ubuntu/myenv/lib/python3.12/site-packages/airflow/example_dags/example_task_group.py
[2024-08-27T14:35:30.573+0000] {processor.py:925} INFO - DAG(s) 'example_task_group' retrieved from /home/ubuntu/myenv/lib/python3.12/site-packages/airflow/example_dags/example_task_group.py
[2024-08-27T14:35:30.593+0000] {logging_mixin.py:190} INFO - [2024-08-27T14:35:30.592+0000] {dag.py:3211} INFO - Sync 1 DAGs
[2024-08-27T14:35:30.615+0000] {logging_mixin.py:190} INFO - [2024-08-27T14:35:30.615+0000] {dag.py:4138} INFO - Setting next_dagrun for example_task_group to 2024-08-26 00:00:00+00:00, run_after=2024-08-27 00:00:00+00:00
[2024-08-27T14:35:30.638+0000] {processor.py:208} INFO - Processing /home/ubuntu/myenv/lib/python3.12/site-packages/airflow/example_dags/example_task_group.py took 0.083 seconds
[2024-08-27T14:36:23.630+0000] {processor.py:186} INFO - Started process (PID=5659) to work on /home/ubuntu/myenv/lib/python3.12/site-packages/airflow/example_dags/example_task_group.py
[2024-08-27T14:36:23.631+0000] {processor.py:914} INFO - Processing file /home/ubuntu/myenv/lib/python3.12/site-packages/airflow/example_dags/example_task_group.py for tasks to queue
[2024-08-27T14:36:23.634+0000] {logging_mixin.py:190} INFO - [2024-08-27T14:36:23.633+0000] {dagbag.py:587} INFO - Filling up the DagBag from /home/ubuntu/myenv/lib/python3.12/site-packages/airflow/example_dags/example_task_group.py
[2024-08-27T14:36:23.644+0000] {processor.py:925} INFO - DAG(s) 'example_task_group' retrieved from /home/ubuntu/myenv/lib/python3.12/site-packages/airflow/example_dags/example_task_group.py
[2024-08-27T14:36:23.663+0000] {logging_mixin.py:190} INFO - [2024-08-27T14:36:23.662+0000] {dag.py:3211} INFO - Sync 1 DAGs
[2024-08-27T14:36:23.684+0000] {logging_mixin.py:190} INFO - [2024-08-27T14:36:23.683+0000] {dag.py:4138} INFO - Setting next_dagrun for example_task_group to 2024-08-26 00:00:00+00:00, run_after=2024-08-27 00:00:00+00:00
[2024-08-27T14:36:23.708+0000] {processor.py:208} INFO - Processing /home/ubuntu/myenv/lib/python3.12/site-packages/airflow/example_dags/example_task_group.py took 0.085 seconds
[2024-08-27T14:37:12.831+0000] {processor.py:186} INFO - Started process (PID=5729) to work on /home/ubuntu/myenv/lib/python3.12/site-packages/airflow/example_dags/example_task_group.py
[2024-08-27T14:37:12.833+0000] {processor.py:914} INFO - Processing file /home/ubuntu/myenv/lib/python3.12/site-packages/airflow/example_dags/example_task_group.py for tasks to queue
[2024-08-27T14:37:12.836+0000] {logging_mixin.py:190} INFO - [2024-08-27T14:37:12.835+0000] {dagbag.py:587} INFO - Filling up the DagBag from /home/ubuntu/myenv/lib/python3.12/site-packages/airflow/example_dags/example_task_group.py
[2024-08-27T14:37:12.845+0000] {processor.py:925} INFO - DAG(s) 'example_task_group' retrieved from /home/ubuntu/myenv/lib/python3.12/site-packages/airflow/example_dags/example_task_group.py
[2024-08-27T14:37:12.865+0000] {logging_mixin.py:190} INFO - [2024-08-27T14:37:12.865+0000] {dag.py:3211} INFO - Sync 1 DAGs
[2024-08-27T14:37:12.886+0000] {logging_mixin.py:190} INFO - [2024-08-27T14:37:12.886+0000] {dag.py:4138} INFO - Setting next_dagrun for example_task_group to 2024-08-26 00:00:00+00:00, run_after=2024-08-27 00:00:00+00:00
[2024-08-27T14:37:12.910+0000] {processor.py:208} INFO - Processing /home/ubuntu/myenv/lib/python3.12/site-packages/airflow/example_dags/example_task_group.py took 0.084 seconds
[2024-08-27T14:38:02.042+0000] {processor.py:186} INFO - Started process (PID=5793) to work on /home/ubuntu/myenv/lib/python3.12/site-packages/airflow/example_dags/example_task_group.py
[2024-08-27T14:38:02.044+0000] {processor.py:914} INFO - Processing file /home/ubuntu/myenv/lib/python3.12/site-packages/airflow/example_dags/example_task_group.py for tasks to queue
[2024-08-27T14:38:02.047+0000] {logging_mixin.py:190} INFO - [2024-08-27T14:38:02.046+0000] {dagbag.py:587} INFO - Filling up the DagBag from /home/ubuntu/myenv/lib/python3.12/site-packages/airflow/example_dags/example_task_group.py
[2024-08-27T14:38:02.057+0000] {processor.py:925} INFO - DAG(s) 'example_task_group' retrieved from /home/ubuntu/myenv/lib/python3.12/site-packages/airflow/example_dags/example_task_group.py
[2024-08-27T14:38:02.077+0000] {logging_mixin.py:190} INFO - [2024-08-27T14:38:02.077+0000] {dag.py:3211} INFO - Sync 1 DAGs
[2024-08-27T14:38:02.101+0000] {logging_mixin.py:190} INFO - [2024-08-27T14:38:02.100+0000] {dag.py:4138} INFO - Setting next_dagrun for example_task_group to 2024-08-26 00:00:00+00:00, run_after=2024-08-27 00:00:00+00:00
[2024-08-27T14:38:02.128+0000] {processor.py:208} INFO - Processing /home/ubuntu/myenv/lib/python3.12/site-packages/airflow/example_dags/example_task_group.py took 0.093 seconds
[2024-08-27T14:38:58.976+0000] {processor.py:186} INFO - Started process (PID=5861) to work on /home/ubuntu/myenv/lib/python3.12/site-packages/airflow/example_dags/example_task_group.py
[2024-08-27T14:38:58.978+0000] {processor.py:914} INFO - Processing file /home/ubuntu/myenv/lib/python3.12/site-packages/airflow/example_dags/example_task_group.py for tasks to queue
[2024-08-27T14:38:58.981+0000] {logging_mixin.py:190} INFO - [2024-08-27T14:38:58.980+0000] {dagbag.py:587} INFO - Filling up the DagBag from /home/ubuntu/myenv/lib/python3.12/site-packages/airflow/example_dags/example_task_group.py
[2024-08-27T14:38:58.991+0000] {processor.py:925} INFO - DAG(s) 'example_task_group' retrieved from /home/ubuntu/myenv/lib/python3.12/site-packages/airflow/example_dags/example_task_group.py
[2024-08-27T14:38:59.011+0000] {logging_mixin.py:190} INFO - [2024-08-27T14:38:59.010+0000] {dag.py:3211} INFO - Sync 1 DAGs
[2024-08-27T14:38:59.165+0000] {logging_mixin.py:190} INFO - [2024-08-27T14:38:59.164+0000] {dag.py:4138} INFO - Setting next_dagrun for example_task_group to 2024-08-26 00:00:00+00:00, run_after=2024-08-27 00:00:00+00:00
[2024-08-27T14:38:59.186+0000] {processor.py:208} INFO - Processing /home/ubuntu/myenv/lib/python3.12/site-packages/airflow/example_dags/example_task_group.py took 0.216 seconds
[2024-08-27T14:39:57.126+0000] {processor.py:186} INFO - Started process (PID=5936) to work on /home/ubuntu/myenv/lib/python3.12/site-packages/airflow/example_dags/example_task_group.py
[2024-08-27T14:39:57.128+0000] {processor.py:914} INFO - Processing file /home/ubuntu/myenv/lib/python3.12/site-packages/airflow/example_dags/example_task_group.py for tasks to queue
[2024-08-27T14:39:57.131+0000] {logging_mixin.py:190} INFO - [2024-08-27T14:39:57.131+0000] {dagbag.py:587} INFO - Filling up the DagBag from /home/ubuntu/myenv/lib/python3.12/site-packages/airflow/example_dags/example_task_group.py
[2024-08-27T14:39:57.141+0000] {processor.py:925} INFO - DAG(s) 'example_task_group' retrieved from /home/ubuntu/myenv/lib/python3.12/site-packages/airflow/example_dags/example_task_group.py
[2024-08-27T14:39:57.161+0000] {logging_mixin.py:190} INFO - [2024-08-27T14:39:57.161+0000] {dag.py:3211} INFO - Sync 1 DAGs
[2024-08-27T14:39:57.184+0000] {logging_mixin.py:190} INFO - [2024-08-27T14:39:57.183+0000] {dag.py:4138} INFO - Setting next_dagrun for example_task_group to 2024-08-26 00:00:00+00:00, run_after=2024-08-27 00:00:00+00:00
[2024-08-27T14:39:57.206+0000] {processor.py:208} INFO - Processing /home/ubuntu/myenv/lib/python3.12/site-packages/airflow/example_dags/example_task_group.py took 0.086 seconds
[2024-08-27T14:40:47.213+0000] {processor.py:186} INFO - Started process (PID=5994) to work on /home/ubuntu/myenv/lib/python3.12/site-packages/airflow/example_dags/example_task_group.py
[2024-08-27T14:40:47.214+0000] {processor.py:914} INFO - Processing file /home/ubuntu/myenv/lib/python3.12/site-packages/airflow/example_dags/example_task_group.py for tasks to queue
[2024-08-27T14:40:47.217+0000] {logging_mixin.py:190} INFO - [2024-08-27T14:40:47.217+0000] {dagbag.py:587} INFO - Filling up the DagBag from /home/ubuntu/myenv/lib/python3.12/site-packages/airflow/example_dags/example_task_group.py
[2024-08-27T14:40:47.227+0000] {processor.py:925} INFO - DAG(s) 'example_task_group' retrieved from /home/ubuntu/myenv/lib/python3.12/site-packages/airflow/example_dags/example_task_group.py
[2024-08-27T14:40:47.246+0000] {logging_mixin.py:190} INFO - [2024-08-27T14:40:47.246+0000] {dag.py:3211} INFO - Sync 1 DAGs
[2024-08-27T14:40:47.269+0000] {logging_mixin.py:190} INFO - [2024-08-27T14:40:47.269+0000] {dag.py:4138} INFO - Setting next_dagrun for example_task_group to 2024-08-26 00:00:00+00:00, run_after=2024-08-27 00:00:00+00:00
[2024-08-27T14:40:47.291+0000] {processor.py:208} INFO - Processing /home/ubuntu/myenv/lib/python3.12/site-packages/airflow/example_dags/example_task_group.py took 0.084 seconds
[2024-08-27T14:41:36.678+0000] {processor.py:186} INFO - Started process (PID=6046) to work on /home/ubuntu/myenv/lib/python3.12/site-packages/airflow/example_dags/example_task_group.py
[2024-08-27T14:41:36.680+0000] {processor.py:914} INFO - Processing file /home/ubuntu/myenv/lib/python3.12/site-packages/airflow/example_dags/example_task_group.py for tasks to queue
[2024-08-27T14:41:36.683+0000] {logging_mixin.py:190} INFO - [2024-08-27T14:41:36.682+0000] {dagbag.py:587} INFO - Filling up the DagBag from /home/ubuntu/myenv/lib/python3.12/site-packages/airflow/example_dags/example_task_group.py
[2024-08-27T14:41:36.693+0000] {processor.py:925} INFO - DAG(s) 'example_task_group' retrieved from /home/ubuntu/myenv/lib/python3.12/site-packages/airflow/example_dags/example_task_group.py
[2024-08-27T14:41:36.712+0000] {logging_mixin.py:190} INFO - [2024-08-27T14:41:36.712+0000] {dag.py:3211} INFO - Sync 1 DAGs
[2024-08-27T14:41:36.733+0000] {logging_mixin.py:190} INFO - [2024-08-27T14:41:36.733+0000] {dag.py:4138} INFO - Setting next_dagrun for example_task_group to 2024-08-26 00:00:00+00:00, run_after=2024-08-27 00:00:00+00:00
[2024-08-27T14:41:36.755+0000] {processor.py:208} INFO - Processing /home/ubuntu/myenv/lib/python3.12/site-packages/airflow/example_dags/example_task_group.py took 0.083 seconds
[2024-08-27T14:42:26.941+0000] {processor.py:186} INFO - Started process (PID=6097) to work on /home/ubuntu/myenv/lib/python3.12/site-packages/airflow/example_dags/example_task_group.py
[2024-08-27T14:42:26.943+0000] {processor.py:914} INFO - Processing file /home/ubuntu/myenv/lib/python3.12/site-packages/airflow/example_dags/example_task_group.py for tasks to queue
[2024-08-27T14:42:26.946+0000] {logging_mixin.py:190} INFO - [2024-08-27T14:42:26.946+0000] {dagbag.py:587} INFO - Filling up the DagBag from /home/ubuntu/myenv/lib/python3.12/site-packages/airflow/example_dags/example_task_group.py
[2024-08-27T14:42:26.956+0000] {processor.py:925} INFO - DAG(s) 'example_task_group' retrieved from /home/ubuntu/myenv/lib/python3.12/site-packages/airflow/example_dags/example_task_group.py
[2024-08-27T14:42:26.977+0000] {logging_mixin.py:190} INFO - [2024-08-27T14:42:26.976+0000] {dag.py:3211} INFO - Sync 1 DAGs
[2024-08-27T14:42:26.999+0000] {logging_mixin.py:190} INFO - [2024-08-27T14:42:26.999+0000] {dag.py:4138} INFO - Setting next_dagrun for example_task_group to 2024-08-26 00:00:00+00:00, run_after=2024-08-27 00:00:00+00:00
[2024-08-27T14:42:27.022+0000] {processor.py:208} INFO - Processing /home/ubuntu/myenv/lib/python3.12/site-packages/airflow/example_dags/example_task_group.py took 0.087 seconds
[2024-08-27T14:43:17.509+0000] {processor.py:186} INFO - Started process (PID=6148) to work on /home/ubuntu/myenv/lib/python3.12/site-packages/airflow/example_dags/example_task_group.py
[2024-08-27T14:43:17.510+0000] {processor.py:914} INFO - Processing file /home/ubuntu/myenv/lib/python3.12/site-packages/airflow/example_dags/example_task_group.py for tasks to queue
[2024-08-27T14:43:17.513+0000] {logging_mixin.py:190} INFO - [2024-08-27T14:43:17.513+0000] {dagbag.py:587} INFO - Filling up the DagBag from /home/ubuntu/myenv/lib/python3.12/site-packages/airflow/example_dags/example_task_group.py
[2024-08-27T14:43:17.523+0000] {processor.py:925} INFO - DAG(s) 'example_task_group' retrieved from /home/ubuntu/myenv/lib/python3.12/site-packages/airflow/example_dags/example_task_group.py
[2024-08-27T14:43:17.543+0000] {logging_mixin.py:190} INFO - [2024-08-27T14:43:17.542+0000] {dag.py:3211} INFO - Sync 1 DAGs
[2024-08-27T14:43:17.565+0000] {logging_mixin.py:190} INFO - [2024-08-27T14:43:17.565+0000] {dag.py:4138} INFO - Setting next_dagrun for example_task_group to 2024-08-26 00:00:00+00:00, run_after=2024-08-27 00:00:00+00:00
[2024-08-27T14:43:17.587+0000] {processor.py:208} INFO - Processing /home/ubuntu/myenv/lib/python3.12/site-packages/airflow/example_dags/example_task_group.py took 0.084 seconds
[2024-08-27T14:44:08.040+0000] {processor.py:186} INFO - Started process (PID=6202) to work on /home/ubuntu/myenv/lib/python3.12/site-packages/airflow/example_dags/example_task_group.py
[2024-08-27T14:44:08.041+0000] {processor.py:914} INFO - Processing file /home/ubuntu/myenv/lib/python3.12/site-packages/airflow/example_dags/example_task_group.py for tasks to queue
[2024-08-27T14:44:08.043+0000] {logging_mixin.py:190} INFO - [2024-08-27T14:44:08.043+0000] {dagbag.py:587} INFO - Filling up the DagBag from /home/ubuntu/myenv/lib/python3.12/site-packages/airflow/example_dags/example_task_group.py
[2024-08-27T14:44:08.054+0000] {processor.py:925} INFO - DAG(s) 'example_task_group' retrieved from /home/ubuntu/myenv/lib/python3.12/site-packages/airflow/example_dags/example_task_group.py
[2024-08-27T14:44:08.073+0000] {logging_mixin.py:190} INFO - [2024-08-27T14:44:08.073+0000] {dag.py:3211} INFO - Sync 1 DAGs
[2024-08-27T14:44:08.095+0000] {logging_mixin.py:190} INFO - [2024-08-27T14:44:08.095+0000] {dag.py:4138} INFO - Setting next_dagrun for example_task_group to 2024-08-26 00:00:00+00:00, run_after=2024-08-27 00:00:00+00:00
[2024-08-27T14:44:08.118+0000] {processor.py:208} INFO - Processing /home/ubuntu/myenv/lib/python3.12/site-packages/airflow/example_dags/example_task_group.py took 0.085 seconds
[2024-08-27T14:44:59.187+0000] {processor.py:186} INFO - Started process (PID=6254) to work on /home/ubuntu/myenv/lib/python3.12/site-packages/airflow/example_dags/example_task_group.py
[2024-08-27T14:44:59.188+0000] {processor.py:914} INFO - Processing file /home/ubuntu/myenv/lib/python3.12/site-packages/airflow/example_dags/example_task_group.py for tasks to queue
[2024-08-27T14:44:59.191+0000] {logging_mixin.py:190} INFO - [2024-08-27T14:44:59.191+0000] {dagbag.py:587} INFO - Filling up the DagBag from /home/ubuntu/myenv/lib/python3.12/site-packages/airflow/example_dags/example_task_group.py
[2024-08-27T14:44:59.201+0000] {processor.py:925} INFO - DAG(s) 'example_task_group' retrieved from /home/ubuntu/myenv/lib/python3.12/site-packages/airflow/example_dags/example_task_group.py
[2024-08-27T14:44:59.220+0000] {logging_mixin.py:190} INFO - [2024-08-27T14:44:59.220+0000] {dag.py:3211} INFO - Sync 1 DAGs
[2024-08-27T14:44:59.242+0000] {logging_mixin.py:190} INFO - [2024-08-27T14:44:59.241+0000] {dag.py:4138} INFO - Setting next_dagrun for example_task_group to 2024-08-26 00:00:00+00:00, run_after=2024-08-27 00:00:00+00:00
[2024-08-27T14:44:59.264+0000] {processor.py:208} INFO - Processing /home/ubuntu/myenv/lib/python3.12/site-packages/airflow/example_dags/example_task_group.py took 0.084 seconds
[2024-08-27T14:45:51.706+0000] {processor.py:186} INFO - Started process (PID=6309) to work on /home/ubuntu/myenv/lib/python3.12/site-packages/airflow/example_dags/example_task_group.py
[2024-08-27T14:45:51.707+0000] {processor.py:914} INFO - Processing file /home/ubuntu/myenv/lib/python3.12/site-packages/airflow/example_dags/example_task_group.py for tasks to queue
[2024-08-27T14:45:51.710+0000] {logging_mixin.py:190} INFO - [2024-08-27T14:45:51.710+0000] {dagbag.py:587} INFO - Filling up the DagBag from /home/ubuntu/myenv/lib/python3.12/site-packages/airflow/example_dags/example_task_group.py
[2024-08-27T14:45:51.720+0000] {processor.py:925} INFO - DAG(s) 'example_task_group' retrieved from /home/ubuntu/myenv/lib/python3.12/site-packages/airflow/example_dags/example_task_group.py
[2024-08-27T14:45:51.740+0000] {logging_mixin.py:190} INFO - [2024-08-27T14:45:51.740+0000] {dag.py:3211} INFO - Sync 1 DAGs
[2024-08-27T14:45:51.762+0000] {logging_mixin.py:190} INFO - [2024-08-27T14:45:51.762+0000] {dag.py:4138} INFO - Setting next_dagrun for example_task_group to 2024-08-26 00:00:00+00:00, run_after=2024-08-27 00:00:00+00:00
[2024-08-27T14:45:51.785+0000] {processor.py:208} INFO - Processing /home/ubuntu/myenv/lib/python3.12/site-packages/airflow/example_dags/example_task_group.py took 0.085 seconds
[2024-08-27T14:46:38.225+0000] {processor.py:186} INFO - Started process (PID=6361) to work on /home/ubuntu/myenv/lib/python3.12/site-packages/airflow/example_dags/example_task_group.py
[2024-08-27T14:46:38.226+0000] {processor.py:914} INFO - Processing file /home/ubuntu/myenv/lib/python3.12/site-packages/airflow/example_dags/example_task_group.py for tasks to queue
[2024-08-27T14:46:38.229+0000] {logging_mixin.py:190} INFO - [2024-08-27T14:46:38.229+0000] {dagbag.py:587} INFO - Filling up the DagBag from /home/ubuntu/myenv/lib/python3.12/site-packages/airflow/example_dags/example_task_group.py
[2024-08-27T14:46:38.239+0000] {processor.py:925} INFO - DAG(s) 'example_task_group' retrieved from /home/ubuntu/myenv/lib/python3.12/site-packages/airflow/example_dags/example_task_group.py
[2024-08-27T14:46:38.259+0000] {logging_mixin.py:190} INFO - [2024-08-27T14:46:38.259+0000] {dag.py:3211} INFO - Sync 1 DAGs
[2024-08-27T14:46:38.281+0000] {logging_mixin.py:190} INFO - [2024-08-27T14:46:38.281+0000] {dag.py:4138} INFO - Setting next_dagrun for example_task_group to 2024-08-26 00:00:00+00:00, run_after=2024-08-27 00:00:00+00:00
[2024-08-27T14:46:38.304+0000] {processor.py:208} INFO - Processing /home/ubuntu/myenv/lib/python3.12/site-packages/airflow/example_dags/example_task_group.py took 0.085 seconds
[2024-08-27T14:47:25.268+0000] {processor.py:186} INFO - Started process (PID=6410) to work on /home/ubuntu/myenv/lib/python3.12/site-packages/airflow/example_dags/example_task_group.py
[2024-08-27T14:47:25.270+0000] {processor.py:914} INFO - Processing file /home/ubuntu/myenv/lib/python3.12/site-packages/airflow/example_dags/example_task_group.py for tasks to queue
[2024-08-27T14:47:25.272+0000] {logging_mixin.py:190} INFO - [2024-08-27T14:47:25.272+0000] {dagbag.py:587} INFO - Filling up the DagBag from /home/ubuntu/myenv/lib/python3.12/site-packages/airflow/example_dags/example_task_group.py
[2024-08-27T14:47:25.283+0000] {processor.py:925} INFO - DAG(s) 'example_task_group' retrieved from /home/ubuntu/myenv/lib/python3.12/site-packages/airflow/example_dags/example_task_group.py
[2024-08-27T14:47:25.303+0000] {logging_mixin.py:190} INFO - [2024-08-27T14:47:25.302+0000] {dag.py:3211} INFO - Sync 1 DAGs
[2024-08-27T14:47:25.324+0000] {logging_mixin.py:190} INFO - [2024-08-27T14:47:25.324+0000] {dag.py:4138} INFO - Setting next_dagrun for example_task_group to 2024-08-26 00:00:00+00:00, run_after=2024-08-27 00:00:00+00:00
[2024-08-27T14:47:25.347+0000] {processor.py:208} INFO - Processing /home/ubuntu/myenv/lib/python3.12/site-packages/airflow/example_dags/example_task_group.py took 0.085 seconds
[2024-08-27T14:48:17.630+0000] {processor.py:186} INFO - Started process (PID=6468) to work on /home/ubuntu/myenv/lib/python3.12/site-packages/airflow/example_dags/example_task_group.py
[2024-08-27T14:48:17.632+0000] {processor.py:914} INFO - Processing file /home/ubuntu/myenv/lib/python3.12/site-packages/airflow/example_dags/example_task_group.py for tasks to queue
[2024-08-27T14:48:17.635+0000] {logging_mixin.py:190} INFO - [2024-08-27T14:48:17.634+0000] {dagbag.py:587} INFO - Filling up the DagBag from /home/ubuntu/myenv/lib/python3.12/site-packages/airflow/example_dags/example_task_group.py
[2024-08-27T14:48:17.645+0000] {processor.py:925} INFO - DAG(s) 'example_task_group' retrieved from /home/ubuntu/myenv/lib/python3.12/site-packages/airflow/example_dags/example_task_group.py
[2024-08-27T14:48:17.664+0000] {logging_mixin.py:190} INFO - [2024-08-27T14:48:17.664+0000] {dag.py:3211} INFO - Sync 1 DAGs
[2024-08-27T14:48:17.686+0000] {logging_mixin.py:190} INFO - [2024-08-27T14:48:17.685+0000] {dag.py:4138} INFO - Setting next_dagrun for example_task_group to 2024-08-26 00:00:00+00:00, run_after=2024-08-27 00:00:00+00:00
[2024-08-27T14:48:17.708+0000] {processor.py:208} INFO - Processing /home/ubuntu/myenv/lib/python3.12/site-packages/airflow/example_dags/example_task_group.py took 0.085 seconds
[2024-08-27T14:49:08.033+0000] {processor.py:186} INFO - Started process (PID=6522) to work on /home/ubuntu/myenv/lib/python3.12/site-packages/airflow/example_dags/example_task_group.py
[2024-08-27T14:49:08.035+0000] {processor.py:914} INFO - Processing file /home/ubuntu/myenv/lib/python3.12/site-packages/airflow/example_dags/example_task_group.py for tasks to queue
[2024-08-27T14:49:08.037+0000] {logging_mixin.py:190} INFO - [2024-08-27T14:49:08.037+0000] {dagbag.py:587} INFO - Filling up the DagBag from /home/ubuntu/myenv/lib/python3.12/site-packages/airflow/example_dags/example_task_group.py
[2024-08-27T14:49:08.048+0000] {processor.py:925} INFO - DAG(s) 'example_task_group' retrieved from /home/ubuntu/myenv/lib/python3.12/site-packages/airflow/example_dags/example_task_group.py
[2024-08-27T14:49:08.068+0000] {logging_mixin.py:190} INFO - [2024-08-27T14:49:08.068+0000] {dag.py:3211} INFO - Sync 1 DAGs
[2024-08-27T14:49:08.092+0000] {logging_mixin.py:190} INFO - [2024-08-27T14:49:08.092+0000] {dag.py:4138} INFO - Setting next_dagrun for example_task_group to 2024-08-26 00:00:00+00:00, run_after=2024-08-27 00:00:00+00:00
[2024-08-27T14:49:08.115+0000] {processor.py:208} INFO - Processing /home/ubuntu/myenv/lib/python3.12/site-packages/airflow/example_dags/example_task_group.py took 0.088 seconds
[2024-08-27T16:09:58.816+0000] {processor.py:186} INFO - Started process (PID=7601) to work on /home/ubuntu/myenv/lib/python3.12/site-packages/airflow/example_dags/example_task_group.py
[2024-08-27T16:09:58.817+0000] {processor.py:914} INFO - Processing file /home/ubuntu/myenv/lib/python3.12/site-packages/airflow/example_dags/example_task_group.py for tasks to queue
[2024-08-27T16:09:58.820+0000] {logging_mixin.py:190} INFO - [2024-08-27T16:09:58.819+0000] {dagbag.py:587} INFO - Filling up the DagBag from /home/ubuntu/myenv/lib/python3.12/site-packages/airflow/example_dags/example_task_group.py
[2024-08-27T16:09:58.830+0000] {processor.py:925} INFO - DAG(s) 'example_task_group' retrieved from /home/ubuntu/myenv/lib/python3.12/site-packages/airflow/example_dags/example_task_group.py
[2024-08-27T16:09:58.853+0000] {logging_mixin.py:190} INFO - [2024-08-27T16:09:58.852+0000] {dag.py:3211} INFO - Sync 1 DAGs
[2024-08-27T16:09:58.876+0000] {logging_mixin.py:190} INFO - [2024-08-27T16:09:58.876+0000] {dag.py:4138} INFO - Setting next_dagrun for example_task_group to 2024-08-26 00:00:00+00:00, run_after=2024-08-27 00:00:00+00:00
[2024-08-27T16:09:58.900+0000] {processor.py:208} INFO - Processing /home/ubuntu/myenv/lib/python3.12/site-packages/airflow/example_dags/example_task_group.py took 0.090 seconds
[2024-08-27T16:10:53.311+0000] {processor.py:186} INFO - Started process (PID=7701) to work on /home/ubuntu/myenv/lib/python3.12/site-packages/airflow/example_dags/example_task_group.py
[2024-08-27T16:10:53.313+0000] {processor.py:914} INFO - Processing file /home/ubuntu/myenv/lib/python3.12/site-packages/airflow/example_dags/example_task_group.py for tasks to queue
[2024-08-27T16:10:53.315+0000] {logging_mixin.py:190} INFO - [2024-08-27T16:10:53.315+0000] {dagbag.py:587} INFO - Filling up the DagBag from /home/ubuntu/myenv/lib/python3.12/site-packages/airflow/example_dags/example_task_group.py
[2024-08-27T16:10:53.326+0000] {processor.py:925} INFO - DAG(s) 'example_task_group' retrieved from /home/ubuntu/myenv/lib/python3.12/site-packages/airflow/example_dags/example_task_group.py
[2024-08-27T16:10:53.345+0000] {logging_mixin.py:190} INFO - [2024-08-27T16:10:53.345+0000] {dag.py:3211} INFO - Sync 1 DAGs
[2024-08-27T16:10:53.367+0000] {logging_mixin.py:190} INFO - [2024-08-27T16:10:53.367+0000] {dag.py:4138} INFO - Setting next_dagrun for example_task_group to 2024-08-26 00:00:00+00:00, run_after=2024-08-27 00:00:00+00:00
[2024-08-27T16:10:53.390+0000] {processor.py:208} INFO - Processing /home/ubuntu/myenv/lib/python3.12/site-packages/airflow/example_dags/example_task_group.py took 0.084 seconds
[2024-08-27T16:11:44.027+0000] {processor.py:186} INFO - Started process (PID=7793) to work on /home/ubuntu/myenv/lib/python3.12/site-packages/airflow/example_dags/example_task_group.py
[2024-08-27T16:11:44.029+0000] {processor.py:914} INFO - Processing file /home/ubuntu/myenv/lib/python3.12/site-packages/airflow/example_dags/example_task_group.py for tasks to queue
[2024-08-27T16:11:44.032+0000] {logging_mixin.py:190} INFO - [2024-08-27T16:11:44.031+0000] {dagbag.py:587} INFO - Filling up the DagBag from /home/ubuntu/myenv/lib/python3.12/site-packages/airflow/example_dags/example_task_group.py
[2024-08-27T16:11:44.041+0000] {processor.py:925} INFO - DAG(s) 'example_task_group' retrieved from /home/ubuntu/myenv/lib/python3.12/site-packages/airflow/example_dags/example_task_group.py
[2024-08-27T16:11:44.060+0000] {logging_mixin.py:190} INFO - [2024-08-27T16:11:44.060+0000] {dag.py:3211} INFO - Sync 1 DAGs
[2024-08-27T16:11:44.081+0000] {logging_mixin.py:190} INFO - [2024-08-27T16:11:44.081+0000] {dag.py:4138} INFO - Setting next_dagrun for example_task_group to 2024-08-26 00:00:00+00:00, run_after=2024-08-27 00:00:00+00:00
[2024-08-27T16:11:44.106+0000] {processor.py:208} INFO - Processing /home/ubuntu/myenv/lib/python3.12/site-packages/airflow/example_dags/example_task_group.py took 0.084 seconds
[2024-08-27T16:12:33.762+0000] {processor.py:186} INFO - Started process (PID=7884) to work on /home/ubuntu/myenv/lib/python3.12/site-packages/airflow/example_dags/example_task_group.py
[2024-08-27T16:12:33.764+0000] {processor.py:914} INFO - Processing file /home/ubuntu/myenv/lib/python3.12/site-packages/airflow/example_dags/example_task_group.py for tasks to queue
[2024-08-27T16:12:33.767+0000] {logging_mixin.py:190} INFO - [2024-08-27T16:12:33.766+0000] {dagbag.py:587} INFO - Filling up the DagBag from /home/ubuntu/myenv/lib/python3.12/site-packages/airflow/example_dags/example_task_group.py
[2024-08-27T16:12:33.776+0000] {processor.py:925} INFO - DAG(s) 'example_task_group' retrieved from /home/ubuntu/myenv/lib/python3.12/site-packages/airflow/example_dags/example_task_group.py
[2024-08-27T16:12:33.796+0000] {logging_mixin.py:190} INFO - [2024-08-27T16:12:33.796+0000] {dag.py:3211} INFO - Sync 1 DAGs
[2024-08-27T16:12:33.817+0000] {logging_mixin.py:190} INFO - [2024-08-27T16:12:33.817+0000] {dag.py:4138} INFO - Setting next_dagrun for example_task_group to 2024-08-26 00:00:00+00:00, run_after=2024-08-27 00:00:00+00:00
[2024-08-27T16:12:33.841+0000] {processor.py:208} INFO - Processing /home/ubuntu/myenv/lib/python3.12/site-packages/airflow/example_dags/example_task_group.py took 0.085 seconds
[2024-08-27T16:13:26.733+0000] {processor.py:186} INFO - Started process (PID=7974) to work on /home/ubuntu/myenv/lib/python3.12/site-packages/airflow/example_dags/example_task_group.py
[2024-08-27T16:13:26.735+0000] {processor.py:914} INFO - Processing file /home/ubuntu/myenv/lib/python3.12/site-packages/airflow/example_dags/example_task_group.py for tasks to queue
[2024-08-27T16:13:26.737+0000] {logging_mixin.py:190} INFO - [2024-08-27T16:13:26.737+0000] {dagbag.py:587} INFO - Filling up the DagBag from /home/ubuntu/myenv/lib/python3.12/site-packages/airflow/example_dags/example_task_group.py
[2024-08-27T16:13:26.747+0000] {processor.py:925} INFO - DAG(s) 'example_task_group' retrieved from /home/ubuntu/myenv/lib/python3.12/site-packages/airflow/example_dags/example_task_group.py
[2024-08-27T16:13:26.767+0000] {logging_mixin.py:190} INFO - [2024-08-27T16:13:26.767+0000] {dag.py:3211} INFO - Sync 1 DAGs
[2024-08-27T16:13:26.789+0000] {logging_mixin.py:190} INFO - [2024-08-27T16:13:26.788+0000] {dag.py:4138} INFO - Setting next_dagrun for example_task_group to 2024-08-26 00:00:00+00:00, run_after=2024-08-27 00:00:00+00:00
[2024-08-27T16:13:26.812+0000] {processor.py:208} INFO - Processing /home/ubuntu/myenv/lib/python3.12/site-packages/airflow/example_dags/example_task_group.py took 0.085 seconds
