[2024-08-27T14:34:31.071+0000] {processor.py:186} INFO - Started process (PID=5531) to work on /home/ubuntu/myenv/lib/python3.12/site-packages/airflow/example_dags/example_setup_teardown_taskflow.py
[2024-08-27T14:34:31.072+0000] {processor.py:914} INFO - Processing file /home/ubuntu/myenv/lib/python3.12/site-packages/airflow/example_dags/example_setup_teardown_taskflow.py for tasks to queue
[2024-08-27T14:34:31.074+0000] {logging_mixin.py:190} INFO - [2024-08-27T14:34:31.074+0000] {dagbag.py:587} INFO - Filling up the DagBag from /home/ubuntu/myenv/lib/python3.12/site-packages/airflow/example_dags/example_setup_teardown_taskflow.py
[2024-08-27T14:34:31.086+0000] {processor.py:925} INFO - DAG(s) 'example_setup_teardown_taskflow' retrieved from /home/ubuntu/myenv/lib/python3.12/site-packages/airflow/example_dags/example_setup_teardown_taskflow.py
[2024-08-27T14:34:31.206+0000] {logging_mixin.py:190} INFO - [2024-08-27T14:34:31.205+0000] {override.py:1900} INFO - Created Permission View: can delete on DAG:example_setup_teardown_taskflow
[2024-08-27T14:34:31.219+0000] {logging_mixin.py:190} INFO - [2024-08-27T14:34:31.219+0000] {override.py:1900} INFO - Created Permission View: can edit on DAG:example_setup_teardown_taskflow
[2024-08-27T14:34:31.229+0000] {logging_mixin.py:190} INFO - [2024-08-27T14:34:31.229+0000] {override.py:1900} INFO - Created Permission View: can read on DAG:example_setup_teardown_taskflow
[2024-08-27T14:34:31.245+0000] {logging_mixin.py:190} INFO - [2024-08-27T14:34:31.244+0000] {override.py:1900} INFO - Created Permission View: can create on DAG Run:example_setup_teardown_taskflow
[2024-08-27T14:34:31.254+0000] {logging_mixin.py:190} INFO - [2024-08-27T14:34:31.253+0000] {override.py:1900} INFO - Created Permission View: menu access on DAG Run:example_setup_teardown_taskflow
[2024-08-27T14:34:31.263+0000] {logging_mixin.py:190} INFO - [2024-08-27T14:34:31.263+0000] {override.py:1900} INFO - Created Permission View: can delete on DAG Run:example_setup_teardown_taskflow
[2024-08-27T14:34:31.273+0000] {logging_mixin.py:190} INFO - [2024-08-27T14:34:31.273+0000] {override.py:1900} INFO - Created Permission View: can read on DAG Run:example_setup_teardown_taskflow
[2024-08-27T14:34:31.274+0000] {logging_mixin.py:190} INFO - [2024-08-27T14:34:31.274+0000] {dag.py:3211} INFO - Sync 1 DAGs
[2024-08-27T14:34:31.287+0000] {logging_mixin.py:190} INFO - [2024-08-27T14:34:31.287+0000] {dag.py:3234} INFO - Creating ORM DAG for example_setup_teardown_taskflow
[2024-08-27T14:34:31.296+0000] {logging_mixin.py:190} INFO - [2024-08-27T14:34:31.296+0000] {dag.py:4138} INFO - Setting next_dagrun for example_setup_teardown_taskflow to 2024-08-26 00:00:00+00:00, run_after=2024-08-27 00:00:00+00:00
[2024-08-27T14:34:31.317+0000] {processor.py:208} INFO - Processing /home/ubuntu/myenv/lib/python3.12/site-packages/airflow/example_dags/example_setup_teardown_taskflow.py took 0.252 seconds
[2024-08-27T14:35:35.210+0000] {processor.py:186} INFO - Started process (PID=5596) to work on /home/ubuntu/myenv/lib/python3.12/site-packages/airflow/example_dags/example_setup_teardown_taskflow.py
[2024-08-27T14:35:35.212+0000] {processor.py:914} INFO - Processing file /home/ubuntu/myenv/lib/python3.12/site-packages/airflow/example_dags/example_setup_teardown_taskflow.py for tasks to queue
[2024-08-27T14:35:35.214+0000] {logging_mixin.py:190} INFO - [2024-08-27T14:35:35.214+0000] {dagbag.py:587} INFO - Filling up the DagBag from /home/ubuntu/myenv/lib/python3.12/site-packages/airflow/example_dags/example_setup_teardown_taskflow.py
[2024-08-27T14:35:35.226+0000] {processor.py:925} INFO - DAG(s) 'example_setup_teardown_taskflow' retrieved from /home/ubuntu/myenv/lib/python3.12/site-packages/airflow/example_dags/example_setup_teardown_taskflow.py
[2024-08-27T14:35:35.246+0000] {logging_mixin.py:190} INFO - [2024-08-27T14:35:35.246+0000] {dag.py:3211} INFO - Sync 1 DAGs
[2024-08-27T14:35:35.269+0000] {logging_mixin.py:190} INFO - [2024-08-27T14:35:35.268+0000] {dag.py:4138} INFO - Setting next_dagrun for example_setup_teardown_taskflow to 2024-08-26 00:00:00+00:00, run_after=2024-08-27 00:00:00+00:00
[2024-08-27T14:35:35.292+0000] {processor.py:208} INFO - Processing /home/ubuntu/myenv/lib/python3.12/site-packages/airflow/example_dags/example_setup_teardown_taskflow.py took 0.088 seconds
[2024-08-27T14:36:29.190+0000] {processor.py:186} INFO - Started process (PID=5667) to work on /home/ubuntu/myenv/lib/python3.12/site-packages/airflow/example_dags/example_setup_teardown_taskflow.py
[2024-08-27T14:36:29.192+0000] {processor.py:914} INFO - Processing file /home/ubuntu/myenv/lib/python3.12/site-packages/airflow/example_dags/example_setup_teardown_taskflow.py for tasks to queue
[2024-08-27T14:36:29.194+0000] {logging_mixin.py:190} INFO - [2024-08-27T14:36:29.194+0000] {dagbag.py:587} INFO - Filling up the DagBag from /home/ubuntu/myenv/lib/python3.12/site-packages/airflow/example_dags/example_setup_teardown_taskflow.py
[2024-08-27T14:36:29.206+0000] {processor.py:925} INFO - DAG(s) 'example_setup_teardown_taskflow' retrieved from /home/ubuntu/myenv/lib/python3.12/site-packages/airflow/example_dags/example_setup_teardown_taskflow.py
[2024-08-27T14:36:29.226+0000] {logging_mixin.py:190} INFO - [2024-08-27T14:36:29.226+0000] {dag.py:3211} INFO - Sync 1 DAGs
[2024-08-27T14:36:29.247+0000] {logging_mixin.py:190} INFO - [2024-08-27T14:36:29.247+0000] {dag.py:4138} INFO - Setting next_dagrun for example_setup_teardown_taskflow to 2024-08-26 00:00:00+00:00, run_after=2024-08-27 00:00:00+00:00
[2024-08-27T14:36:29.271+0000] {processor.py:208} INFO - Processing /home/ubuntu/myenv/lib/python3.12/site-packages/airflow/example_dags/example_setup_teardown_taskflow.py took 0.086 seconds
[2024-08-27T14:37:27.036+0000] {processor.py:186} INFO - Started process (PID=5748) to work on /home/ubuntu/myenv/lib/python3.12/site-packages/airflow/example_dags/example_setup_teardown_taskflow.py
[2024-08-27T14:37:27.038+0000] {processor.py:914} INFO - Processing file /home/ubuntu/myenv/lib/python3.12/site-packages/airflow/example_dags/example_setup_teardown_taskflow.py for tasks to queue
[2024-08-27T14:37:27.040+0000] {logging_mixin.py:190} INFO - [2024-08-27T14:37:27.039+0000] {dagbag.py:587} INFO - Filling up the DagBag from /home/ubuntu/myenv/lib/python3.12/site-packages/airflow/example_dags/example_setup_teardown_taskflow.py
[2024-08-27T14:37:27.052+0000] {processor.py:925} INFO - DAG(s) 'example_setup_teardown_taskflow' retrieved from /home/ubuntu/myenv/lib/python3.12/site-packages/airflow/example_dags/example_setup_teardown_taskflow.py
[2024-08-27T14:37:27.072+0000] {logging_mixin.py:190} INFO - [2024-08-27T14:37:27.072+0000] {dag.py:3211} INFO - Sync 1 DAGs
[2024-08-27T14:37:27.094+0000] {logging_mixin.py:190} INFO - [2024-08-27T14:37:27.093+0000] {dag.py:4138} INFO - Setting next_dagrun for example_setup_teardown_taskflow to 2024-08-26 00:00:00+00:00, run_after=2024-08-27 00:00:00+00:00
[2024-08-27T14:37:27.117+0000] {processor.py:208} INFO - Processing /home/ubuntu/myenv/lib/python3.12/site-packages/airflow/example_dags/example_setup_teardown_taskflow.py took 0.087 seconds
[2024-08-27T14:38:16.442+0000] {processor.py:186} INFO - Started process (PID=5813) to work on /home/ubuntu/myenv/lib/python3.12/site-packages/airflow/example_dags/example_setup_teardown_taskflow.py
[2024-08-27T14:38:16.443+0000] {processor.py:914} INFO - Processing file /home/ubuntu/myenv/lib/python3.12/site-packages/airflow/example_dags/example_setup_teardown_taskflow.py for tasks to queue
[2024-08-27T14:38:16.445+0000] {logging_mixin.py:190} INFO - [2024-08-27T14:38:16.445+0000] {dagbag.py:587} INFO - Filling up the DagBag from /home/ubuntu/myenv/lib/python3.12/site-packages/airflow/example_dags/example_setup_teardown_taskflow.py
[2024-08-27T14:38:16.458+0000] {processor.py:925} INFO - DAG(s) 'example_setup_teardown_taskflow' retrieved from /home/ubuntu/myenv/lib/python3.12/site-packages/airflow/example_dags/example_setup_teardown_taskflow.py
[2024-08-27T14:38:16.477+0000] {logging_mixin.py:190} INFO - [2024-08-27T14:38:16.477+0000] {dag.py:3211} INFO - Sync 1 DAGs
[2024-08-27T14:38:16.498+0000] {logging_mixin.py:190} INFO - [2024-08-27T14:38:16.498+0000] {dag.py:4138} INFO - Setting next_dagrun for example_setup_teardown_taskflow to 2024-08-26 00:00:00+00:00, run_after=2024-08-27 00:00:00+00:00
[2024-08-27T14:38:16.521+0000] {processor.py:208} INFO - Processing /home/ubuntu/myenv/lib/python3.12/site-packages/airflow/example_dags/example_setup_teardown_taskflow.py took 0.086 seconds
[2024-08-27T14:39:25.032+0000] {processor.py:186} INFO - Started process (PID=5893) to work on /home/ubuntu/myenv/lib/python3.12/site-packages/airflow/example_dags/example_setup_teardown_taskflow.py
[2024-08-27T14:39:25.034+0000] {processor.py:914} INFO - Processing file /home/ubuntu/myenv/lib/python3.12/site-packages/airflow/example_dags/example_setup_teardown_taskflow.py for tasks to queue
[2024-08-27T14:39:25.037+0000] {logging_mixin.py:190} INFO - [2024-08-27T14:39:25.036+0000] {dagbag.py:587} INFO - Filling up the DagBag from /home/ubuntu/myenv/lib/python3.12/site-packages/airflow/example_dags/example_setup_teardown_taskflow.py
[2024-08-27T14:39:25.050+0000] {processor.py:925} INFO - DAG(s) 'example_setup_teardown_taskflow' retrieved from /home/ubuntu/myenv/lib/python3.12/site-packages/airflow/example_dags/example_setup_teardown_taskflow.py
[2024-08-27T14:39:25.071+0000] {logging_mixin.py:190} INFO - [2024-08-27T14:39:25.070+0000] {dag.py:3211} INFO - Sync 1 DAGs
[2024-08-27T14:39:25.094+0000] {logging_mixin.py:190} INFO - [2024-08-27T14:39:25.093+0000] {dag.py:4138} INFO - Setting next_dagrun for example_setup_teardown_taskflow to 2024-08-26 00:00:00+00:00, run_after=2024-08-27 00:00:00+00:00
[2024-08-27T14:39:25.117+0000] {processor.py:208} INFO - Processing /home/ubuntu/myenv/lib/python3.12/site-packages/airflow/example_dags/example_setup_teardown_taskflow.py took 0.092 seconds
[2024-08-27T14:40:19.014+0000] {processor.py:186} INFO - Started process (PID=5966) to work on /home/ubuntu/myenv/lib/python3.12/site-packages/airflow/example_dags/example_setup_teardown_taskflow.py
[2024-08-27T14:40:19.016+0000] {processor.py:914} INFO - Processing file /home/ubuntu/myenv/lib/python3.12/site-packages/airflow/example_dags/example_setup_teardown_taskflow.py for tasks to queue
[2024-08-27T14:40:19.018+0000] {logging_mixin.py:190} INFO - [2024-08-27T14:40:19.017+0000] {dagbag.py:587} INFO - Filling up the DagBag from /home/ubuntu/myenv/lib/python3.12/site-packages/airflow/example_dags/example_setup_teardown_taskflow.py
[2024-08-27T14:40:19.031+0000] {processor.py:925} INFO - DAG(s) 'example_setup_teardown_taskflow' retrieved from /home/ubuntu/myenv/lib/python3.12/site-packages/airflow/example_dags/example_setup_teardown_taskflow.py
[2024-08-27T14:40:19.052+0000] {logging_mixin.py:190} INFO - [2024-08-27T14:40:19.051+0000] {dag.py:3211} INFO - Sync 1 DAGs
[2024-08-27T14:40:19.075+0000] {logging_mixin.py:190} INFO - [2024-08-27T14:40:19.074+0000] {dag.py:4138} INFO - Setting next_dagrun for example_setup_teardown_taskflow to 2024-08-26 00:00:00+00:00, run_after=2024-08-27 00:00:00+00:00
[2024-08-27T14:40:19.097+0000] {processor.py:208} INFO - Processing /home/ubuntu/myenv/lib/python3.12/site-packages/airflow/example_dags/example_setup_teardown_taskflow.py took 0.090 seconds
[2024-08-27T14:41:08.584+0000] {processor.py:186} INFO - Started process (PID=6018) to work on /home/ubuntu/myenv/lib/python3.12/site-packages/airflow/example_dags/example_setup_teardown_taskflow.py
[2024-08-27T14:41:08.586+0000] {processor.py:914} INFO - Processing file /home/ubuntu/myenv/lib/python3.12/site-packages/airflow/example_dags/example_setup_teardown_taskflow.py for tasks to queue
[2024-08-27T14:41:08.588+0000] {logging_mixin.py:190} INFO - [2024-08-27T14:41:08.588+0000] {dagbag.py:587} INFO - Filling up the DagBag from /home/ubuntu/myenv/lib/python3.12/site-packages/airflow/example_dags/example_setup_teardown_taskflow.py
[2024-08-27T14:41:08.601+0000] {processor.py:925} INFO - DAG(s) 'example_setup_teardown_taskflow' retrieved from /home/ubuntu/myenv/lib/python3.12/site-packages/airflow/example_dags/example_setup_teardown_taskflow.py
[2024-08-27T14:41:08.622+0000] {logging_mixin.py:190} INFO - [2024-08-27T14:41:08.621+0000] {dag.py:3211} INFO - Sync 1 DAGs
[2024-08-27T14:41:08.644+0000] {logging_mixin.py:190} INFO - [2024-08-27T14:41:08.644+0000] {dag.py:4138} INFO - Setting next_dagrun for example_setup_teardown_taskflow to 2024-08-26 00:00:00+00:00, run_after=2024-08-27 00:00:00+00:00
[2024-08-27T14:41:08.667+0000] {processor.py:208} INFO - Processing /home/ubuntu/myenv/lib/python3.12/site-packages/airflow/example_dags/example_setup_teardown_taskflow.py took 0.089 seconds
[2024-08-27T14:41:59.329+0000] {processor.py:186} INFO - Started process (PID=6068) to work on /home/ubuntu/myenv/lib/python3.12/site-packages/airflow/example_dags/example_setup_teardown_taskflow.py
[2024-08-27T14:41:59.331+0000] {processor.py:914} INFO - Processing file /home/ubuntu/myenv/lib/python3.12/site-packages/airflow/example_dags/example_setup_teardown_taskflow.py for tasks to queue
[2024-08-27T14:41:59.333+0000] {logging_mixin.py:190} INFO - [2024-08-27T14:41:59.333+0000] {dagbag.py:587} INFO - Filling up the DagBag from /home/ubuntu/myenv/lib/python3.12/site-packages/airflow/example_dags/example_setup_teardown_taskflow.py
[2024-08-27T14:41:59.346+0000] {processor.py:925} INFO - DAG(s) 'example_setup_teardown_taskflow' retrieved from /home/ubuntu/myenv/lib/python3.12/site-packages/airflow/example_dags/example_setup_teardown_taskflow.py
[2024-08-27T14:41:59.367+0000] {logging_mixin.py:190} INFO - [2024-08-27T14:41:59.367+0000] {dag.py:3211} INFO - Sync 1 DAGs
[2024-08-27T14:41:59.391+0000] {logging_mixin.py:190} INFO - [2024-08-27T14:41:59.390+0000] {dag.py:4138} INFO - Setting next_dagrun for example_setup_teardown_taskflow to 2024-08-26 00:00:00+00:00, run_after=2024-08-27 00:00:00+00:00
[2024-08-27T14:41:59.414+0000] {processor.py:208} INFO - Processing /home/ubuntu/myenv/lib/python3.12/site-packages/airflow/example_dags/example_setup_teardown_taskflow.py took 0.091 seconds
[2024-08-27T14:42:49.788+0000] {processor.py:186} INFO - Started process (PID=6120) to work on /home/ubuntu/myenv/lib/python3.12/site-packages/airflow/example_dags/example_setup_teardown_taskflow.py
[2024-08-27T14:42:49.790+0000] {processor.py:914} INFO - Processing file /home/ubuntu/myenv/lib/python3.12/site-packages/airflow/example_dags/example_setup_teardown_taskflow.py for tasks to queue
[2024-08-27T14:42:49.792+0000] {logging_mixin.py:190} INFO - [2024-08-27T14:42:49.792+0000] {dagbag.py:587} INFO - Filling up the DagBag from /home/ubuntu/myenv/lib/python3.12/site-packages/airflow/example_dags/example_setup_teardown_taskflow.py
[2024-08-27T14:42:49.806+0000] {processor.py:925} INFO - DAG(s) 'example_setup_teardown_taskflow' retrieved from /home/ubuntu/myenv/lib/python3.12/site-packages/airflow/example_dags/example_setup_teardown_taskflow.py
[2024-08-27T14:42:49.826+0000] {logging_mixin.py:190} INFO - [2024-08-27T14:42:49.826+0000] {dag.py:3211} INFO - Sync 1 DAGs
[2024-08-27T14:42:49.849+0000] {logging_mixin.py:190} INFO - [2024-08-27T14:42:49.848+0000] {dag.py:4138} INFO - Setting next_dagrun for example_setup_teardown_taskflow to 2024-08-26 00:00:00+00:00, run_after=2024-08-27 00:00:00+00:00
[2024-08-27T14:42:49.870+0000] {processor.py:208} INFO - Processing /home/ubuntu/myenv/lib/python3.12/site-packages/airflow/example_dags/example_setup_teardown_taskflow.py took 0.088 seconds
[2024-08-27T14:43:40.447+0000] {processor.py:186} INFO - Started process (PID=6172) to work on /home/ubuntu/myenv/lib/python3.12/site-packages/airflow/example_dags/example_setup_teardown_taskflow.py
[2024-08-27T14:43:40.449+0000] {processor.py:914} INFO - Processing file /home/ubuntu/myenv/lib/python3.12/site-packages/airflow/example_dags/example_setup_teardown_taskflow.py for tasks to queue
[2024-08-27T14:43:40.451+0000] {logging_mixin.py:190} INFO - [2024-08-27T14:43:40.450+0000] {dagbag.py:587} INFO - Filling up the DagBag from /home/ubuntu/myenv/lib/python3.12/site-packages/airflow/example_dags/example_setup_teardown_taskflow.py
[2024-08-27T14:43:40.464+0000] {processor.py:925} INFO - DAG(s) 'example_setup_teardown_taskflow' retrieved from /home/ubuntu/myenv/lib/python3.12/site-packages/airflow/example_dags/example_setup_teardown_taskflow.py
[2024-08-27T14:43:40.484+0000] {logging_mixin.py:190} INFO - [2024-08-27T14:43:40.484+0000] {dag.py:3211} INFO - Sync 1 DAGs
[2024-08-27T14:43:40.506+0000] {logging_mixin.py:190} INFO - [2024-08-27T14:43:40.506+0000] {dag.py:4138} INFO - Setting next_dagrun for example_setup_teardown_taskflow to 2024-08-26 00:00:00+00:00, run_after=2024-08-27 00:00:00+00:00
[2024-08-27T14:43:40.529+0000] {processor.py:208} INFO - Processing /home/ubuntu/myenv/lib/python3.12/site-packages/airflow/example_dags/example_setup_teardown_taskflow.py took 0.088 seconds
[2024-08-27T14:44:29.769+0000] {processor.py:186} INFO - Started process (PID=6225) to work on /home/ubuntu/myenv/lib/python3.12/site-packages/airflow/example_dags/example_setup_teardown_taskflow.py
[2024-08-27T14:44:29.771+0000] {processor.py:914} INFO - Processing file /home/ubuntu/myenv/lib/python3.12/site-packages/airflow/example_dags/example_setup_teardown_taskflow.py for tasks to queue
[2024-08-27T14:44:29.773+0000] {logging_mixin.py:190} INFO - [2024-08-27T14:44:29.773+0000] {dagbag.py:587} INFO - Filling up the DagBag from /home/ubuntu/myenv/lib/python3.12/site-packages/airflow/example_dags/example_setup_teardown_taskflow.py
[2024-08-27T14:44:29.787+0000] {processor.py:925} INFO - DAG(s) 'example_setup_teardown_taskflow' retrieved from /home/ubuntu/myenv/lib/python3.12/site-packages/airflow/example_dags/example_setup_teardown_taskflow.py
[2024-08-27T14:44:29.808+0000] {logging_mixin.py:190} INFO - [2024-08-27T14:44:29.808+0000] {dag.py:3211} INFO - Sync 1 DAGs
[2024-08-27T14:44:29.832+0000] {logging_mixin.py:190} INFO - [2024-08-27T14:44:29.832+0000] {dag.py:4138} INFO - Setting next_dagrun for example_setup_teardown_taskflow to 2024-08-26 00:00:00+00:00, run_after=2024-08-27 00:00:00+00:00
[2024-08-27T14:44:29.854+0000] {processor.py:208} INFO - Processing /home/ubuntu/myenv/lib/python3.12/site-packages/airflow/example_dags/example_setup_teardown_taskflow.py took 0.091 seconds
[2024-08-27T14:45:21.311+0000] {processor.py:186} INFO - Started process (PID=6279) to work on /home/ubuntu/myenv/lib/python3.12/site-packages/airflow/example_dags/example_setup_teardown_taskflow.py
[2024-08-27T14:45:21.312+0000] {processor.py:914} INFO - Processing file /home/ubuntu/myenv/lib/python3.12/site-packages/airflow/example_dags/example_setup_teardown_taskflow.py for tasks to queue
[2024-08-27T14:45:21.315+0000] {logging_mixin.py:190} INFO - [2024-08-27T14:45:21.314+0000] {dagbag.py:587} INFO - Filling up the DagBag from /home/ubuntu/myenv/lib/python3.12/site-packages/airflow/example_dags/example_setup_teardown_taskflow.py
[2024-08-27T14:45:21.328+0000] {processor.py:925} INFO - DAG(s) 'example_setup_teardown_taskflow' retrieved from /home/ubuntu/myenv/lib/python3.12/site-packages/airflow/example_dags/example_setup_teardown_taskflow.py
[2024-08-27T14:45:21.348+0000] {logging_mixin.py:190} INFO - [2024-08-27T14:45:21.348+0000] {dag.py:3211} INFO - Sync 1 DAGs
[2024-08-27T14:45:21.370+0000] {logging_mixin.py:190} INFO - [2024-08-27T14:45:21.369+0000] {dag.py:4138} INFO - Setting next_dagrun for example_setup_teardown_taskflow to 2024-08-26 00:00:00+00:00, run_after=2024-08-27 00:00:00+00:00
[2024-08-27T14:45:21.391+0000] {processor.py:208} INFO - Processing /home/ubuntu/myenv/lib/python3.12/site-packages/airflow/example_dags/example_setup_teardown_taskflow.py took 0.086 seconds
[2024-08-27T14:46:12.635+0000] {processor.py:186} INFO - Started process (PID=6334) to work on /home/ubuntu/myenv/lib/python3.12/site-packages/airflow/example_dags/example_setup_teardown_taskflow.py
[2024-08-27T14:46:12.636+0000] {processor.py:914} INFO - Processing file /home/ubuntu/myenv/lib/python3.12/site-packages/airflow/example_dags/example_setup_teardown_taskflow.py for tasks to queue
[2024-08-27T14:46:12.638+0000] {logging_mixin.py:190} INFO - [2024-08-27T14:46:12.638+0000] {dagbag.py:587} INFO - Filling up the DagBag from /home/ubuntu/myenv/lib/python3.12/site-packages/airflow/example_dags/example_setup_teardown_taskflow.py
[2024-08-27T14:46:12.651+0000] {processor.py:925} INFO - DAG(s) 'example_setup_teardown_taskflow' retrieved from /home/ubuntu/myenv/lib/python3.12/site-packages/airflow/example_dags/example_setup_teardown_taskflow.py
[2024-08-27T14:46:12.674+0000] {logging_mixin.py:190} INFO - [2024-08-27T14:46:12.673+0000] {dag.py:3211} INFO - Sync 1 DAGs
[2024-08-27T14:46:12.698+0000] {logging_mixin.py:190} INFO - [2024-08-27T14:46:12.698+0000] {dag.py:4138} INFO - Setting next_dagrun for example_setup_teardown_taskflow to 2024-08-26 00:00:00+00:00, run_after=2024-08-27 00:00:00+00:00
[2024-08-27T14:46:12.720+0000] {processor.py:208} INFO - Processing /home/ubuntu/myenv/lib/python3.12/site-packages/airflow/example_dags/example_setup_teardown_taskflow.py took 0.092 seconds
[2024-08-27T14:46:58.165+0000] {processor.py:186} INFO - Started process (PID=6382) to work on /home/ubuntu/myenv/lib/python3.12/site-packages/airflow/example_dags/example_setup_teardown_taskflow.py
[2024-08-27T14:46:58.167+0000] {processor.py:914} INFO - Processing file /home/ubuntu/myenv/lib/python3.12/site-packages/airflow/example_dags/example_setup_teardown_taskflow.py for tasks to queue
[2024-08-27T14:46:58.169+0000] {logging_mixin.py:190} INFO - [2024-08-27T14:46:58.169+0000] {dagbag.py:587} INFO - Filling up the DagBag from /home/ubuntu/myenv/lib/python3.12/site-packages/airflow/example_dags/example_setup_teardown_taskflow.py
[2024-08-27T14:46:58.182+0000] {processor.py:925} INFO - DAG(s) 'example_setup_teardown_taskflow' retrieved from /home/ubuntu/myenv/lib/python3.12/site-packages/airflow/example_dags/example_setup_teardown_taskflow.py
[2024-08-27T14:46:58.202+0000] {logging_mixin.py:190} INFO - [2024-08-27T14:46:58.202+0000] {dag.py:3211} INFO - Sync 1 DAGs
[2024-08-27T14:46:58.224+0000] {logging_mixin.py:190} INFO - [2024-08-27T14:46:58.224+0000] {dag.py:4138} INFO - Setting next_dagrun for example_setup_teardown_taskflow to 2024-08-26 00:00:00+00:00, run_after=2024-08-27 00:00:00+00:00
[2024-08-27T14:46:58.245+0000] {processor.py:208} INFO - Processing /home/ubuntu/myenv/lib/python3.12/site-packages/airflow/example_dags/example_setup_teardown_taskflow.py took 0.086 seconds
[2024-08-27T14:47:49.180+0000] {processor.py:186} INFO - Started process (PID=6435) to work on /home/ubuntu/myenv/lib/python3.12/site-packages/airflow/example_dags/example_setup_teardown_taskflow.py
[2024-08-27T14:47:49.181+0000] {processor.py:914} INFO - Processing file /home/ubuntu/myenv/lib/python3.12/site-packages/airflow/example_dags/example_setup_teardown_taskflow.py for tasks to queue
[2024-08-27T14:47:49.184+0000] {logging_mixin.py:190} INFO - [2024-08-27T14:47:49.183+0000] {dagbag.py:587} INFO - Filling up the DagBag from /home/ubuntu/myenv/lib/python3.12/site-packages/airflow/example_dags/example_setup_teardown_taskflow.py
[2024-08-27T14:47:49.196+0000] {processor.py:925} INFO - DAG(s) 'example_setup_teardown_taskflow' retrieved from /home/ubuntu/myenv/lib/python3.12/site-packages/airflow/example_dags/example_setup_teardown_taskflow.py
[2024-08-27T14:47:49.216+0000] {logging_mixin.py:190} INFO - [2024-08-27T14:47:49.216+0000] {dag.py:3211} INFO - Sync 1 DAGs
[2024-08-27T14:47:49.238+0000] {logging_mixin.py:190} INFO - [2024-08-27T14:47:49.238+0000] {dag.py:4138} INFO - Setting next_dagrun for example_setup_teardown_taskflow to 2024-08-26 00:00:00+00:00, run_after=2024-08-27 00:00:00+00:00
[2024-08-27T14:47:49.260+0000] {processor.py:208} INFO - Processing /home/ubuntu/myenv/lib/python3.12/site-packages/airflow/example_dags/example_setup_teardown_taskflow.py took 0.086 seconds
[2024-08-27T14:48:39.378+0000] {processor.py:186} INFO - Started process (PID=6491) to work on /home/ubuntu/myenv/lib/python3.12/site-packages/airflow/example_dags/example_setup_teardown_taskflow.py
[2024-08-27T14:48:39.379+0000] {processor.py:914} INFO - Processing file /home/ubuntu/myenv/lib/python3.12/site-packages/airflow/example_dags/example_setup_teardown_taskflow.py for tasks to queue
[2024-08-27T14:48:39.381+0000] {logging_mixin.py:190} INFO - [2024-08-27T14:48:39.381+0000] {dagbag.py:587} INFO - Filling up the DagBag from /home/ubuntu/myenv/lib/python3.12/site-packages/airflow/example_dags/example_setup_teardown_taskflow.py
[2024-08-27T14:48:39.394+0000] {processor.py:925} INFO - DAG(s) 'example_setup_teardown_taskflow' retrieved from /home/ubuntu/myenv/lib/python3.12/site-packages/airflow/example_dags/example_setup_teardown_taskflow.py
[2024-08-27T14:48:39.415+0000] {logging_mixin.py:190} INFO - [2024-08-27T14:48:39.414+0000] {dag.py:3211} INFO - Sync 1 DAGs
[2024-08-27T14:48:39.437+0000] {logging_mixin.py:190} INFO - [2024-08-27T14:48:39.437+0000] {dag.py:4138} INFO - Setting next_dagrun for example_setup_teardown_taskflow to 2024-08-26 00:00:00+00:00, run_after=2024-08-27 00:00:00+00:00
[2024-08-27T14:48:39.459+0000] {processor.py:208} INFO - Processing /home/ubuntu/myenv/lib/python3.12/site-packages/airflow/example_dags/example_setup_teardown_taskflow.py took 0.088 seconds
[2024-08-27T14:49:31.942+0000] {processor.py:186} INFO - Started process (PID=6545) to work on /home/ubuntu/myenv/lib/python3.12/site-packages/airflow/example_dags/example_setup_teardown_taskflow.py
[2024-08-27T14:49:31.944+0000] {processor.py:914} INFO - Processing file /home/ubuntu/myenv/lib/python3.12/site-packages/airflow/example_dags/example_setup_teardown_taskflow.py for tasks to queue
[2024-08-27T14:49:31.946+0000] {logging_mixin.py:190} INFO - [2024-08-27T14:49:31.946+0000] {dagbag.py:587} INFO - Filling up the DagBag from /home/ubuntu/myenv/lib/python3.12/site-packages/airflow/example_dags/example_setup_teardown_taskflow.py
[2024-08-27T14:49:31.959+0000] {processor.py:925} INFO - DAG(s) 'example_setup_teardown_taskflow' retrieved from /home/ubuntu/myenv/lib/python3.12/site-packages/airflow/example_dags/example_setup_teardown_taskflow.py
[2024-08-27T14:49:31.980+0000] {logging_mixin.py:190} INFO - [2024-08-27T14:49:31.980+0000] {dag.py:3211} INFO - Sync 1 DAGs
[2024-08-27T14:49:32.002+0000] {logging_mixin.py:190} INFO - [2024-08-27T14:49:32.001+0000] {dag.py:4138} INFO - Setting next_dagrun for example_setup_teardown_taskflow to 2024-08-26 00:00:00+00:00, run_after=2024-08-27 00:00:00+00:00
[2024-08-27T14:49:32.027+0000] {processor.py:208} INFO - Processing /home/ubuntu/myenv/lib/python3.12/site-packages/airflow/example_dags/example_setup_teardown_taskflow.py took 0.091 seconds
[2024-08-27T16:10:03.973+0000] {processor.py:186} INFO - Started process (PID=7607) to work on /home/ubuntu/myenv/lib/python3.12/site-packages/airflow/example_dags/example_setup_teardown_taskflow.py
[2024-08-27T16:10:03.974+0000] {processor.py:914} INFO - Processing file /home/ubuntu/myenv/lib/python3.12/site-packages/airflow/example_dags/example_setup_teardown_taskflow.py for tasks to queue
[2024-08-27T16:10:03.977+0000] {logging_mixin.py:190} INFO - [2024-08-27T16:10:03.977+0000] {dagbag.py:587} INFO - Filling up the DagBag from /home/ubuntu/myenv/lib/python3.12/site-packages/airflow/example_dags/example_setup_teardown_taskflow.py
[2024-08-27T16:10:03.991+0000] {processor.py:925} INFO - DAG(s) 'example_setup_teardown_taskflow' retrieved from /home/ubuntu/myenv/lib/python3.12/site-packages/airflow/example_dags/example_setup_teardown_taskflow.py
[2024-08-27T16:10:04.014+0000] {logging_mixin.py:190} INFO - [2024-08-27T16:10:04.014+0000] {dag.py:3211} INFO - Sync 1 DAGs
[2024-08-27T16:10:04.038+0000] {logging_mixin.py:190} INFO - [2024-08-27T16:10:04.038+0000] {dag.py:4138} INFO - Setting next_dagrun for example_setup_teardown_taskflow to 2024-08-26 00:00:00+00:00, run_after=2024-08-27 00:00:00+00:00
[2024-08-27T16:10:04.063+0000] {processor.py:208} INFO - Processing /home/ubuntu/myenv/lib/python3.12/site-packages/airflow/example_dags/example_setup_teardown_taskflow.py took 0.097 seconds
[2024-08-27T16:10:59.705+0000] {processor.py:186} INFO - Started process (PID=7707) to work on /home/ubuntu/myenv/lib/python3.12/site-packages/airflow/example_dags/example_setup_teardown_taskflow.py
[2024-08-27T16:10:59.707+0000] {processor.py:914} INFO - Processing file /home/ubuntu/myenv/lib/python3.12/site-packages/airflow/example_dags/example_setup_teardown_taskflow.py for tasks to queue
[2024-08-27T16:10:59.709+0000] {logging_mixin.py:190} INFO - [2024-08-27T16:10:59.709+0000] {dagbag.py:587} INFO - Filling up the DagBag from /home/ubuntu/myenv/lib/python3.12/site-packages/airflow/example_dags/example_setup_teardown_taskflow.py
[2024-08-27T16:10:59.721+0000] {processor.py:925} INFO - DAG(s) 'example_setup_teardown_taskflow' retrieved from /home/ubuntu/myenv/lib/python3.12/site-packages/airflow/example_dags/example_setup_teardown_taskflow.py
[2024-08-27T16:10:59.742+0000] {logging_mixin.py:190} INFO - [2024-08-27T16:10:59.741+0000] {dag.py:3211} INFO - Sync 1 DAGs
[2024-08-27T16:10:59.764+0000] {logging_mixin.py:190} INFO - [2024-08-27T16:10:59.764+0000] {dag.py:4138} INFO - Setting next_dagrun for example_setup_teardown_taskflow to 2024-08-26 00:00:00+00:00, run_after=2024-08-27 00:00:00+00:00
[2024-08-27T16:10:59.787+0000] {processor.py:208} INFO - Processing /home/ubuntu/myenv/lib/python3.12/site-packages/airflow/example_dags/example_setup_teardown_taskflow.py took 0.088 seconds
[2024-08-27T16:11:54.170+0000] {processor.py:186} INFO - Started process (PID=7838) to work on /home/ubuntu/myenv/lib/python3.12/site-packages/airflow/example_dags/example_setup_teardown_taskflow.py
[2024-08-27T16:11:54.172+0000] {processor.py:914} INFO - Processing file /home/ubuntu/myenv/lib/python3.12/site-packages/airflow/example_dags/example_setup_teardown_taskflow.py for tasks to queue
[2024-08-27T16:11:54.174+0000] {logging_mixin.py:190} INFO - [2024-08-27T16:11:54.173+0000] {dagbag.py:587} INFO - Filling up the DagBag from /home/ubuntu/myenv/lib/python3.12/site-packages/airflow/example_dags/example_setup_teardown_taskflow.py
[2024-08-27T16:11:54.187+0000] {processor.py:925} INFO - DAG(s) 'example_setup_teardown_taskflow' retrieved from /home/ubuntu/myenv/lib/python3.12/site-packages/airflow/example_dags/example_setup_teardown_taskflow.py
[2024-08-27T16:11:54.208+0000] {logging_mixin.py:190} INFO - [2024-08-27T16:11:54.207+0000] {dag.py:3211} INFO - Sync 1 DAGs
[2024-08-27T16:11:54.230+0000] {logging_mixin.py:190} INFO - [2024-08-27T16:11:54.230+0000] {dag.py:4138} INFO - Setting next_dagrun for example_setup_teardown_taskflow to 2024-08-26 00:00:00+00:00, run_after=2024-08-27 00:00:00+00:00
[2024-08-27T16:11:54.254+0000] {processor.py:208} INFO - Processing /home/ubuntu/myenv/lib/python3.12/site-packages/airflow/example_dags/example_setup_teardown_taskflow.py took 0.091 seconds
[2024-08-27T16:12:44.987+0000] {processor.py:186} INFO - Started process (PID=7928) to work on /home/ubuntu/myenv/lib/python3.12/site-packages/airflow/example_dags/example_setup_teardown_taskflow.py
[2024-08-27T16:12:44.988+0000] {processor.py:914} INFO - Processing file /home/ubuntu/myenv/lib/python3.12/site-packages/airflow/example_dags/example_setup_teardown_taskflow.py for tasks to queue
[2024-08-27T16:12:44.991+0000] {logging_mixin.py:190} INFO - [2024-08-27T16:12:44.990+0000] {dagbag.py:587} INFO - Filling up the DagBag from /home/ubuntu/myenv/lib/python3.12/site-packages/airflow/example_dags/example_setup_teardown_taskflow.py
[2024-08-27T16:12:45.004+0000] {processor.py:925} INFO - DAG(s) 'example_setup_teardown_taskflow' retrieved from /home/ubuntu/myenv/lib/python3.12/site-packages/airflow/example_dags/example_setup_teardown_taskflow.py
[2024-08-27T16:12:45.025+0000] {logging_mixin.py:190} INFO - [2024-08-27T16:12:45.025+0000] {dag.py:3211} INFO - Sync 1 DAGs
[2024-08-27T16:12:45.047+0000] {logging_mixin.py:190} INFO - [2024-08-27T16:12:45.047+0000] {dag.py:4138} INFO - Setting next_dagrun for example_setup_teardown_taskflow to 2024-08-26 00:00:00+00:00, run_after=2024-08-27 00:00:00+00:00
[2024-08-27T16:12:45.070+0000] {processor.py:208} INFO - Processing /home/ubuntu/myenv/lib/python3.12/site-packages/airflow/example_dags/example_setup_teardown_taskflow.py took 0.090 seconds
[2024-08-27T16:13:38.016+0000] {processor.py:186} INFO - Started process (PID=7987) to work on /home/ubuntu/myenv/lib/python3.12/site-packages/airflow/example_dags/example_setup_teardown_taskflow.py
[2024-08-27T16:13:38.017+0000] {processor.py:914} INFO - Processing file /home/ubuntu/myenv/lib/python3.12/site-packages/airflow/example_dags/example_setup_teardown_taskflow.py for tasks to queue
[2024-08-27T16:13:38.020+0000] {logging_mixin.py:190} INFO - [2024-08-27T16:13:38.019+0000] {dagbag.py:587} INFO - Filling up the DagBag from /home/ubuntu/myenv/lib/python3.12/site-packages/airflow/example_dags/example_setup_teardown_taskflow.py
[2024-08-27T16:13:38.032+0000] {processor.py:925} INFO - DAG(s) 'example_setup_teardown_taskflow' retrieved from /home/ubuntu/myenv/lib/python3.12/site-packages/airflow/example_dags/example_setup_teardown_taskflow.py
[2024-08-27T16:13:38.053+0000] {logging_mixin.py:190} INFO - [2024-08-27T16:13:38.053+0000] {dag.py:3211} INFO - Sync 1 DAGs
[2024-08-27T16:13:38.074+0000] {logging_mixin.py:190} INFO - [2024-08-27T16:13:38.074+0000] {dag.py:4138} INFO - Setting next_dagrun for example_setup_teardown_taskflow to 2024-08-26 00:00:00+00:00, run_after=2024-08-27 00:00:00+00:00
[2024-08-27T16:13:38.098+0000] {processor.py:208} INFO - Processing /home/ubuntu/myenv/lib/python3.12/site-packages/airflow/example_dags/example_setup_teardown_taskflow.py took 0.088 seconds
