[2024-08-27T14:34:27.068+0000] {processor.py:186} INFO - Started process (PID=5528) to work on /home/ubuntu/myenv/lib/python3.12/site-packages/airflow/example_dags/example_setup_teardown.py
[2024-08-27T14:34:27.069+0000] {processor.py:914} INFO - Processing file /home/ubuntu/myenv/lib/python3.12/site-packages/airflow/example_dags/example_setup_teardown.py for tasks to queue
[2024-08-27T14:34:27.071+0000] {logging_mixin.py:190} INFO - [2024-08-27T14:34:27.070+0000] {dagbag.py:587} INFO - Filling up the DagBag from /home/ubuntu/myenv/lib/python3.12/site-packages/airflow/example_dags/example_setup_teardown.py
[2024-08-27T14:34:27.081+0000] {processor.py:925} INFO - DAG(s) 'example_setup_teardown' retrieved from /home/ubuntu/myenv/lib/python3.12/site-packages/airflow/example_dags/example_setup_teardown.py
[2024-08-27T14:34:27.199+0000] {logging_mixin.py:190} INFO - [2024-08-27T14:34:27.198+0000] {override.py:1900} INFO - Created Permission View: can delete on DAG:example_setup_teardown
[2024-08-27T14:34:27.214+0000] {logging_mixin.py:190} INFO - [2024-08-27T14:34:27.214+0000] {override.py:1900} INFO - Created Permission View: can edit on DAG:example_setup_teardown
[2024-08-27T14:34:27.223+0000] {logging_mixin.py:190} INFO - [2024-08-27T14:34:27.223+0000] {override.py:1900} INFO - Created Permission View: can read on DAG:example_setup_teardown
[2024-08-27T14:34:27.238+0000] {logging_mixin.py:190} INFO - [2024-08-27T14:34:27.238+0000] {override.py:1900} INFO - Created Permission View: can create on DAG Run:example_setup_teardown
[2024-08-27T14:34:27.247+0000] {logging_mixin.py:190} INFO - [2024-08-27T14:34:27.247+0000] {override.py:1900} INFO - Created Permission View: menu access on DAG Run:example_setup_teardown
[2024-08-27T14:34:27.256+0000] {logging_mixin.py:190} INFO - [2024-08-27T14:34:27.256+0000] {override.py:1900} INFO - Created Permission View: can delete on DAG Run:example_setup_teardown
[2024-08-27T14:34:27.265+0000] {logging_mixin.py:190} INFO - [2024-08-27T14:34:27.265+0000] {override.py:1900} INFO - Created Permission View: can read on DAG Run:example_setup_teardown
[2024-08-27T14:34:27.266+0000] {logging_mixin.py:190} INFO - [2024-08-27T14:34:27.265+0000] {dag.py:3211} INFO - Sync 1 DAGs
[2024-08-27T14:34:27.280+0000] {logging_mixin.py:190} INFO - [2024-08-27T14:34:27.280+0000] {dag.py:3234} INFO - Creating ORM DAG for example_setup_teardown
[2024-08-27T14:34:27.289+0000] {logging_mixin.py:190} INFO - [2024-08-27T14:34:27.289+0000] {dag.py:4138} INFO - Setting next_dagrun for example_setup_teardown to 2024-08-26 00:00:00+00:00, run_after=2024-08-27 00:00:00+00:00
[2024-08-27T14:34:27.310+0000] {processor.py:208} INFO - Processing /home/ubuntu/myenv/lib/python3.12/site-packages/airflow/example_dags/example_setup_teardown.py took 0.248 seconds
[2024-08-27T14:35:32.782+0000] {processor.py:186} INFO - Started process (PID=5592) to work on /home/ubuntu/myenv/lib/python3.12/site-packages/airflow/example_dags/example_setup_teardown.py
[2024-08-27T14:35:32.783+0000] {processor.py:914} INFO - Processing file /home/ubuntu/myenv/lib/python3.12/site-packages/airflow/example_dags/example_setup_teardown.py for tasks to queue
[2024-08-27T14:35:32.785+0000] {logging_mixin.py:190} INFO - [2024-08-27T14:35:32.785+0000] {dagbag.py:587} INFO - Filling up the DagBag from /home/ubuntu/myenv/lib/python3.12/site-packages/airflow/example_dags/example_setup_teardown.py
[2024-08-27T14:35:32.795+0000] {processor.py:925} INFO - DAG(s) 'example_setup_teardown' retrieved from /home/ubuntu/myenv/lib/python3.12/site-packages/airflow/example_dags/example_setup_teardown.py
[2024-08-27T14:35:32.813+0000] {logging_mixin.py:190} INFO - [2024-08-27T14:35:32.813+0000] {dag.py:3211} INFO - Sync 1 DAGs
[2024-08-27T14:35:32.835+0000] {logging_mixin.py:190} INFO - [2024-08-27T14:35:32.834+0000] {dag.py:4138} INFO - Setting next_dagrun for example_setup_teardown to 2024-08-26 00:00:00+00:00, run_after=2024-08-27 00:00:00+00:00
[2024-08-27T14:35:32.856+0000] {processor.py:208} INFO - Processing /home/ubuntu/myenv/lib/python3.12/site-packages/airflow/example_dags/example_setup_teardown.py took 0.081 seconds
[2024-08-27T14:36:26.329+0000] {processor.py:186} INFO - Started process (PID=5664) to work on /home/ubuntu/myenv/lib/python3.12/site-packages/airflow/example_dags/example_setup_teardown.py
[2024-08-27T14:36:26.331+0000] {processor.py:914} INFO - Processing file /home/ubuntu/myenv/lib/python3.12/site-packages/airflow/example_dags/example_setup_teardown.py for tasks to queue
[2024-08-27T14:36:26.333+0000] {logging_mixin.py:190} INFO - [2024-08-27T14:36:26.333+0000] {dagbag.py:587} INFO - Filling up the DagBag from /home/ubuntu/myenv/lib/python3.12/site-packages/airflow/example_dags/example_setup_teardown.py
[2024-08-27T14:36:26.343+0000] {processor.py:925} INFO - DAG(s) 'example_setup_teardown' retrieved from /home/ubuntu/myenv/lib/python3.12/site-packages/airflow/example_dags/example_setup_teardown.py
[2024-08-27T14:36:26.362+0000] {logging_mixin.py:190} INFO - [2024-08-27T14:36:26.362+0000] {dag.py:3211} INFO - Sync 1 DAGs
[2024-08-27T14:36:26.384+0000] {logging_mixin.py:190} INFO - [2024-08-27T14:36:26.384+0000] {dag.py:4138} INFO - Setting next_dagrun for example_setup_teardown to 2024-08-26 00:00:00+00:00, run_after=2024-08-27 00:00:00+00:00
[2024-08-27T14:36:26.408+0000] {processor.py:208} INFO - Processing /home/ubuntu/myenv/lib/python3.12/site-packages/airflow/example_dags/example_setup_teardown.py took 0.086 seconds
[2024-08-27T14:37:15.588+0000] {processor.py:186} INFO - Started process (PID=5732) to work on /home/ubuntu/myenv/lib/python3.12/site-packages/airflow/example_dags/example_setup_teardown.py
[2024-08-27T14:37:15.590+0000] {processor.py:914} INFO - Processing file /home/ubuntu/myenv/lib/python3.12/site-packages/airflow/example_dags/example_setup_teardown.py for tasks to queue
[2024-08-27T14:37:15.592+0000] {logging_mixin.py:190} INFO - [2024-08-27T14:37:15.591+0000] {dagbag.py:587} INFO - Filling up the DagBag from /home/ubuntu/myenv/lib/python3.12/site-packages/airflow/example_dags/example_setup_teardown.py
[2024-08-27T14:37:15.601+0000] {processor.py:925} INFO - DAG(s) 'example_setup_teardown' retrieved from /home/ubuntu/myenv/lib/python3.12/site-packages/airflow/example_dags/example_setup_teardown.py
[2024-08-27T14:37:15.619+0000] {logging_mixin.py:190} INFO - [2024-08-27T14:37:15.619+0000] {dag.py:3211} INFO - Sync 1 DAGs
[2024-08-27T14:37:15.640+0000] {logging_mixin.py:190} INFO - [2024-08-27T14:37:15.640+0000] {dag.py:4138} INFO - Setting next_dagrun for example_setup_teardown to 2024-08-26 00:00:00+00:00, run_after=2024-08-27 00:00:00+00:00
[2024-08-27T14:37:15.662+0000] {processor.py:208} INFO - Processing /home/ubuntu/myenv/lib/python3.12/site-packages/airflow/example_dags/example_setup_teardown.py took 0.080 seconds
[2024-08-27T14:38:05.157+0000] {processor.py:186} INFO - Started process (PID=5798) to work on /home/ubuntu/myenv/lib/python3.12/site-packages/airflow/example_dags/example_setup_teardown.py
[2024-08-27T14:38:05.159+0000] {processor.py:914} INFO - Processing file /home/ubuntu/myenv/lib/python3.12/site-packages/airflow/example_dags/example_setup_teardown.py for tasks to queue
[2024-08-27T14:38:05.161+0000] {logging_mixin.py:190} INFO - [2024-08-27T14:38:05.161+0000] {dagbag.py:587} INFO - Filling up the DagBag from /home/ubuntu/myenv/lib/python3.12/site-packages/airflow/example_dags/example_setup_teardown.py
[2024-08-27T14:38:05.170+0000] {processor.py:925} INFO - DAG(s) 'example_setup_teardown' retrieved from /home/ubuntu/myenv/lib/python3.12/site-packages/airflow/example_dags/example_setup_teardown.py
[2024-08-27T14:38:05.189+0000] {logging_mixin.py:190} INFO - [2024-08-27T14:38:05.188+0000] {dag.py:3211} INFO - Sync 1 DAGs
[2024-08-27T14:38:05.210+0000] {logging_mixin.py:190} INFO - [2024-08-27T14:38:05.210+0000] {dag.py:4138} INFO - Setting next_dagrun for example_setup_teardown to 2024-08-26 00:00:00+00:00, run_after=2024-08-27 00:00:00+00:00
[2024-08-27T14:38:05.233+0000] {processor.py:208} INFO - Processing /home/ubuntu/myenv/lib/python3.12/site-packages/airflow/example_dags/example_setup_teardown.py took 0.083 seconds
[2024-08-27T14:39:01.923+0000] {processor.py:186} INFO - Started process (PID=5864) to work on /home/ubuntu/myenv/lib/python3.12/site-packages/airflow/example_dags/example_setup_teardown.py
[2024-08-27T14:39:01.924+0000] {processor.py:914} INFO - Processing file /home/ubuntu/myenv/lib/python3.12/site-packages/airflow/example_dags/example_setup_teardown.py for tasks to queue
[2024-08-27T14:39:01.927+0000] {logging_mixin.py:190} INFO - [2024-08-27T14:39:01.926+0000] {dagbag.py:587} INFO - Filling up the DagBag from /home/ubuntu/myenv/lib/python3.12/site-packages/airflow/example_dags/example_setup_teardown.py
[2024-08-27T14:39:01.937+0000] {processor.py:925} INFO - DAG(s) 'example_setup_teardown' retrieved from /home/ubuntu/myenv/lib/python3.12/site-packages/airflow/example_dags/example_setup_teardown.py
[2024-08-27T14:39:01.958+0000] {logging_mixin.py:190} INFO - [2024-08-27T14:39:01.958+0000] {dag.py:3211} INFO - Sync 1 DAGs
[2024-08-27T14:39:02.129+0000] {logging_mixin.py:190} INFO - [2024-08-27T14:39:02.129+0000] {dag.py:4138} INFO - Setting next_dagrun for example_setup_teardown to 2024-08-26 00:00:00+00:00, run_after=2024-08-27 00:00:00+00:00
[2024-08-27T14:39:02.152+0000] {processor.py:208} INFO - Processing /home/ubuntu/myenv/lib/python3.12/site-packages/airflow/example_dags/example_setup_teardown.py took 0.235 seconds
[2024-08-27T14:39:59.766+0000] {processor.py:186} INFO - Started process (PID=5939) to work on /home/ubuntu/myenv/lib/python3.12/site-packages/airflow/example_dags/example_setup_teardown.py
[2024-08-27T14:39:59.767+0000] {processor.py:914} INFO - Processing file /home/ubuntu/myenv/lib/python3.12/site-packages/airflow/example_dags/example_setup_teardown.py for tasks to queue
[2024-08-27T14:39:59.770+0000] {logging_mixin.py:190} INFO - [2024-08-27T14:39:59.769+0000] {dagbag.py:587} INFO - Filling up the DagBag from /home/ubuntu/myenv/lib/python3.12/site-packages/airflow/example_dags/example_setup_teardown.py
[2024-08-27T14:39:59.779+0000] {processor.py:925} INFO - DAG(s) 'example_setup_teardown' retrieved from /home/ubuntu/myenv/lib/python3.12/site-packages/airflow/example_dags/example_setup_teardown.py
[2024-08-27T14:39:59.797+0000] {logging_mixin.py:190} INFO - [2024-08-27T14:39:59.797+0000] {dag.py:3211} INFO - Sync 1 DAGs
[2024-08-27T14:39:59.820+0000] {logging_mixin.py:190} INFO - [2024-08-27T14:39:59.819+0000] {dag.py:4138} INFO - Setting next_dagrun for example_setup_teardown to 2024-08-26 00:00:00+00:00, run_after=2024-08-27 00:00:00+00:00
[2024-08-27T14:39:59.842+0000] {processor.py:208} INFO - Processing /home/ubuntu/myenv/lib/python3.12/site-packages/airflow/example_dags/example_setup_teardown.py took 0.082 seconds
[2024-08-27T14:40:49.441+0000] {processor.py:186} INFO - Started process (PID=5997) to work on /home/ubuntu/myenv/lib/python3.12/site-packages/airflow/example_dags/example_setup_teardown.py
[2024-08-27T14:40:49.443+0000] {processor.py:914} INFO - Processing file /home/ubuntu/myenv/lib/python3.12/site-packages/airflow/example_dags/example_setup_teardown.py for tasks to queue
[2024-08-27T14:40:49.445+0000] {logging_mixin.py:190} INFO - [2024-08-27T14:40:49.445+0000] {dagbag.py:587} INFO - Filling up the DagBag from /home/ubuntu/myenv/lib/python3.12/site-packages/airflow/example_dags/example_setup_teardown.py
[2024-08-27T14:40:49.455+0000] {processor.py:925} INFO - DAG(s) 'example_setup_teardown' retrieved from /home/ubuntu/myenv/lib/python3.12/site-packages/airflow/example_dags/example_setup_teardown.py
[2024-08-27T14:40:49.473+0000] {logging_mixin.py:190} INFO - [2024-08-27T14:40:49.473+0000] {dag.py:3211} INFO - Sync 1 DAGs
[2024-08-27T14:40:49.496+0000] {logging_mixin.py:190} INFO - [2024-08-27T14:40:49.496+0000] {dag.py:4138} INFO - Setting next_dagrun for example_setup_teardown to 2024-08-26 00:00:00+00:00, run_after=2024-08-27 00:00:00+00:00
[2024-08-27T14:40:49.518+0000] {processor.py:208} INFO - Processing /home/ubuntu/myenv/lib/python3.12/site-packages/airflow/example_dags/example_setup_teardown.py took 0.083 seconds
[2024-08-27T14:41:39.260+0000] {processor.py:186} INFO - Started process (PID=6049) to work on /home/ubuntu/myenv/lib/python3.12/site-packages/airflow/example_dags/example_setup_teardown.py
[2024-08-27T14:41:39.262+0000] {processor.py:914} INFO - Processing file /home/ubuntu/myenv/lib/python3.12/site-packages/airflow/example_dags/example_setup_teardown.py for tasks to queue
[2024-08-27T14:41:39.264+0000] {logging_mixin.py:190} INFO - [2024-08-27T14:41:39.263+0000] {dagbag.py:587} INFO - Filling up the DagBag from /home/ubuntu/myenv/lib/python3.12/site-packages/airflow/example_dags/example_setup_teardown.py
[2024-08-27T14:41:39.274+0000] {processor.py:925} INFO - DAG(s) 'example_setup_teardown' retrieved from /home/ubuntu/myenv/lib/python3.12/site-packages/airflow/example_dags/example_setup_teardown.py
[2024-08-27T14:41:39.292+0000] {logging_mixin.py:190} INFO - [2024-08-27T14:41:39.292+0000] {dag.py:3211} INFO - Sync 1 DAGs
[2024-08-27T14:41:39.315+0000] {logging_mixin.py:190} INFO - [2024-08-27T14:41:39.314+0000] {dag.py:4138} INFO - Setting next_dagrun for example_setup_teardown to 2024-08-26 00:00:00+00:00, run_after=2024-08-27 00:00:00+00:00
[2024-08-27T14:41:39.338+0000] {processor.py:208} INFO - Processing /home/ubuntu/myenv/lib/python3.12/site-packages/airflow/example_dags/example_setup_teardown.py took 0.085 seconds
[2024-08-27T14:42:29.637+0000] {processor.py:186} INFO - Started process (PID=6100) to work on /home/ubuntu/myenv/lib/python3.12/site-packages/airflow/example_dags/example_setup_teardown.py
[2024-08-27T14:42:29.639+0000] {processor.py:914} INFO - Processing file /home/ubuntu/myenv/lib/python3.12/site-packages/airflow/example_dags/example_setup_teardown.py for tasks to queue
[2024-08-27T14:42:29.642+0000] {logging_mixin.py:190} INFO - [2024-08-27T14:42:29.641+0000] {dagbag.py:587} INFO - Filling up the DagBag from /home/ubuntu/myenv/lib/python3.12/site-packages/airflow/example_dags/example_setup_teardown.py
[2024-08-27T14:42:29.651+0000] {processor.py:925} INFO - DAG(s) 'example_setup_teardown' retrieved from /home/ubuntu/myenv/lib/python3.12/site-packages/airflow/example_dags/example_setup_teardown.py
[2024-08-27T14:42:29.669+0000] {logging_mixin.py:190} INFO - [2024-08-27T14:42:29.669+0000] {dag.py:3211} INFO - Sync 1 DAGs
[2024-08-27T14:42:29.691+0000] {logging_mixin.py:190} INFO - [2024-08-27T14:42:29.691+0000] {dag.py:4138} INFO - Setting next_dagrun for example_setup_teardown to 2024-08-26 00:00:00+00:00, run_after=2024-08-27 00:00:00+00:00
[2024-08-27T14:42:29.714+0000] {processor.py:208} INFO - Processing /home/ubuntu/myenv/lib/python3.12/site-packages/airflow/example_dags/example_setup_teardown.py took 0.083 seconds
[2024-08-27T14:43:20.319+0000] {processor.py:186} INFO - Started process (PID=6151) to work on /home/ubuntu/myenv/lib/python3.12/site-packages/airflow/example_dags/example_setup_teardown.py
[2024-08-27T14:43:20.321+0000] {processor.py:914} INFO - Processing file /home/ubuntu/myenv/lib/python3.12/site-packages/airflow/example_dags/example_setup_teardown.py for tasks to queue
[2024-08-27T14:43:20.323+0000] {logging_mixin.py:190} INFO - [2024-08-27T14:43:20.322+0000] {dagbag.py:587} INFO - Filling up the DagBag from /home/ubuntu/myenv/lib/python3.12/site-packages/airflow/example_dags/example_setup_teardown.py
[2024-08-27T14:43:20.333+0000] {processor.py:925} INFO - DAG(s) 'example_setup_teardown' retrieved from /home/ubuntu/myenv/lib/python3.12/site-packages/airflow/example_dags/example_setup_teardown.py
[2024-08-27T14:43:20.351+0000] {logging_mixin.py:190} INFO - [2024-08-27T14:43:20.351+0000] {dag.py:3211} INFO - Sync 1 DAGs
[2024-08-27T14:43:20.374+0000] {logging_mixin.py:190} INFO - [2024-08-27T14:43:20.373+0000] {dag.py:4138} INFO - Setting next_dagrun for example_setup_teardown to 2024-08-26 00:00:00+00:00, run_after=2024-08-27 00:00:00+00:00
[2024-08-27T14:43:20.396+0000] {processor.py:208} INFO - Processing /home/ubuntu/myenv/lib/python3.12/site-packages/airflow/example_dags/example_setup_teardown.py took 0.084 seconds
[2024-08-27T14:44:11.032+0000] {processor.py:186} INFO - Started process (PID=6205) to work on /home/ubuntu/myenv/lib/python3.12/site-packages/airflow/example_dags/example_setup_teardown.py
[2024-08-27T14:44:11.033+0000] {processor.py:914} INFO - Processing file /home/ubuntu/myenv/lib/python3.12/site-packages/airflow/example_dags/example_setup_teardown.py for tasks to queue
[2024-08-27T14:44:11.036+0000] {logging_mixin.py:190} INFO - [2024-08-27T14:44:11.035+0000] {dagbag.py:587} INFO - Filling up the DagBag from /home/ubuntu/myenv/lib/python3.12/site-packages/airflow/example_dags/example_setup_teardown.py
[2024-08-27T14:44:11.047+0000] {processor.py:925} INFO - DAG(s) 'example_setup_teardown' retrieved from /home/ubuntu/myenv/lib/python3.12/site-packages/airflow/example_dags/example_setup_teardown.py
[2024-08-27T14:44:11.065+0000] {logging_mixin.py:190} INFO - [2024-08-27T14:44:11.065+0000] {dag.py:3211} INFO - Sync 1 DAGs
[2024-08-27T14:44:11.088+0000] {logging_mixin.py:190} INFO - [2024-08-27T14:44:11.088+0000] {dag.py:4138} INFO - Setting next_dagrun for example_setup_teardown to 2024-08-26 00:00:00+00:00, run_after=2024-08-27 00:00:00+00:00
[2024-08-27T14:44:11.113+0000] {processor.py:208} INFO - Processing /home/ubuntu/myenv/lib/python3.12/site-packages/airflow/example_dags/example_setup_teardown.py took 0.088 seconds
[2024-08-27T14:45:01.793+0000] {processor.py:186} INFO - Started process (PID=6257) to work on /home/ubuntu/myenv/lib/python3.12/site-packages/airflow/example_dags/example_setup_teardown.py
[2024-08-27T14:45:01.795+0000] {processor.py:914} INFO - Processing file /home/ubuntu/myenv/lib/python3.12/site-packages/airflow/example_dags/example_setup_teardown.py for tasks to queue
[2024-08-27T14:45:01.798+0000] {logging_mixin.py:190} INFO - [2024-08-27T14:45:01.798+0000] {dagbag.py:587} INFO - Filling up the DagBag from /home/ubuntu/myenv/lib/python3.12/site-packages/airflow/example_dags/example_setup_teardown.py
[2024-08-27T14:45:01.809+0000] {processor.py:925} INFO - DAG(s) 'example_setup_teardown' retrieved from /home/ubuntu/myenv/lib/python3.12/site-packages/airflow/example_dags/example_setup_teardown.py
[2024-08-27T14:45:01.828+0000] {logging_mixin.py:190} INFO - [2024-08-27T14:45:01.828+0000] {dag.py:3211} INFO - Sync 1 DAGs
[2024-08-27T14:45:01.852+0000] {logging_mixin.py:190} INFO - [2024-08-27T14:45:01.851+0000] {dag.py:4138} INFO - Setting next_dagrun for example_setup_teardown to 2024-08-26 00:00:00+00:00, run_after=2024-08-27 00:00:00+00:00
[2024-08-27T14:45:01.875+0000] {processor.py:208} INFO - Processing /home/ubuntu/myenv/lib/python3.12/site-packages/airflow/example_dags/example_setup_teardown.py took 0.088 seconds
[2024-08-27T14:45:53.755+0000] {processor.py:186} INFO - Started process (PID=6312) to work on /home/ubuntu/myenv/lib/python3.12/site-packages/airflow/example_dags/example_setup_teardown.py
[2024-08-27T14:45:53.756+0000] {processor.py:914} INFO - Processing file /home/ubuntu/myenv/lib/python3.12/site-packages/airflow/example_dags/example_setup_teardown.py for tasks to queue
[2024-08-27T14:45:53.759+0000] {logging_mixin.py:190} INFO - [2024-08-27T14:45:53.759+0000] {dagbag.py:587} INFO - Filling up the DagBag from /home/ubuntu/myenv/lib/python3.12/site-packages/airflow/example_dags/example_setup_teardown.py
[2024-08-27T14:45:53.769+0000] {processor.py:925} INFO - DAG(s) 'example_setup_teardown' retrieved from /home/ubuntu/myenv/lib/python3.12/site-packages/airflow/example_dags/example_setup_teardown.py
[2024-08-27T14:45:53.788+0000] {logging_mixin.py:190} INFO - [2024-08-27T14:45:53.788+0000] {dag.py:3211} INFO - Sync 1 DAGs
[2024-08-27T14:45:53.810+0000] {logging_mixin.py:190} INFO - [2024-08-27T14:45:53.810+0000] {dag.py:4138} INFO - Setting next_dagrun for example_setup_teardown to 2024-08-26 00:00:00+00:00, run_after=2024-08-27 00:00:00+00:00
[2024-08-27T14:45:53.834+0000] {processor.py:208} INFO - Processing /home/ubuntu/myenv/lib/python3.12/site-packages/airflow/example_dags/example_setup_teardown.py took 0.086 seconds
[2024-08-27T14:46:40.742+0000] {processor.py:186} INFO - Started process (PID=6364) to work on /home/ubuntu/myenv/lib/python3.12/site-packages/airflow/example_dags/example_setup_teardown.py
[2024-08-27T14:46:40.743+0000] {processor.py:914} INFO - Processing file /home/ubuntu/myenv/lib/python3.12/site-packages/airflow/example_dags/example_setup_teardown.py for tasks to queue
[2024-08-27T14:46:40.746+0000] {logging_mixin.py:190} INFO - [2024-08-27T14:46:40.746+0000] {dagbag.py:587} INFO - Filling up the DagBag from /home/ubuntu/myenv/lib/python3.12/site-packages/airflow/example_dags/example_setup_teardown.py
[2024-08-27T14:46:40.756+0000] {processor.py:925} INFO - DAG(s) 'example_setup_teardown' retrieved from /home/ubuntu/myenv/lib/python3.12/site-packages/airflow/example_dags/example_setup_teardown.py
[2024-08-27T14:46:40.774+0000] {logging_mixin.py:190} INFO - [2024-08-27T14:46:40.774+0000] {dag.py:3211} INFO - Sync 1 DAGs
[2024-08-27T14:46:40.796+0000] {logging_mixin.py:190} INFO - [2024-08-27T14:46:40.796+0000] {dag.py:4138} INFO - Setting next_dagrun for example_setup_teardown to 2024-08-26 00:00:00+00:00, run_after=2024-08-27 00:00:00+00:00
[2024-08-27T14:46:40.818+0000] {processor.py:208} INFO - Processing /home/ubuntu/myenv/lib/python3.12/site-packages/airflow/example_dags/example_setup_teardown.py took 0.083 seconds
[2024-08-27T14:47:28.802+0000] {processor.py:186} INFO - Started process (PID=6413) to work on /home/ubuntu/myenv/lib/python3.12/site-packages/airflow/example_dags/example_setup_teardown.py
[2024-08-27T14:47:28.803+0000] {processor.py:914} INFO - Processing file /home/ubuntu/myenv/lib/python3.12/site-packages/airflow/example_dags/example_setup_teardown.py for tasks to queue
[2024-08-27T14:47:28.806+0000] {logging_mixin.py:190} INFO - [2024-08-27T14:47:28.806+0000] {dagbag.py:587} INFO - Filling up the DagBag from /home/ubuntu/myenv/lib/python3.12/site-packages/airflow/example_dags/example_setup_teardown.py
[2024-08-27T14:47:28.816+0000] {processor.py:925} INFO - DAG(s) 'example_setup_teardown' retrieved from /home/ubuntu/myenv/lib/python3.12/site-packages/airflow/example_dags/example_setup_teardown.py
[2024-08-27T14:47:28.834+0000] {logging_mixin.py:190} INFO - [2024-08-27T14:47:28.834+0000] {dag.py:3211} INFO - Sync 1 DAGs
[2024-08-27T14:47:28.856+0000] {logging_mixin.py:190} INFO - [2024-08-27T14:47:28.856+0000] {dag.py:4138} INFO - Setting next_dagrun for example_setup_teardown to 2024-08-26 00:00:00+00:00, run_after=2024-08-27 00:00:00+00:00
[2024-08-27T14:47:28.879+0000] {processor.py:208} INFO - Processing /home/ubuntu/myenv/lib/python3.12/site-packages/airflow/example_dags/example_setup_teardown.py took 0.083 seconds
[2024-08-27T14:48:21.152+0000] {processor.py:186} INFO - Started process (PID=6471) to work on /home/ubuntu/myenv/lib/python3.12/site-packages/airflow/example_dags/example_setup_teardown.py
[2024-08-27T14:48:21.154+0000] {processor.py:914} INFO - Processing file /home/ubuntu/myenv/lib/python3.12/site-packages/airflow/example_dags/example_setup_teardown.py for tasks to queue
[2024-08-27T14:48:21.156+0000] {logging_mixin.py:190} INFO - [2024-08-27T14:48:21.155+0000] {dagbag.py:587} INFO - Filling up the DagBag from /home/ubuntu/myenv/lib/python3.12/site-packages/airflow/example_dags/example_setup_teardown.py
[2024-08-27T14:48:21.165+0000] {processor.py:925} INFO - DAG(s) 'example_setup_teardown' retrieved from /home/ubuntu/myenv/lib/python3.12/site-packages/airflow/example_dags/example_setup_teardown.py
[2024-08-27T14:48:21.183+0000] {logging_mixin.py:190} INFO - [2024-08-27T14:48:21.183+0000] {dag.py:3211} INFO - Sync 1 DAGs
[2024-08-27T14:48:21.205+0000] {logging_mixin.py:190} INFO - [2024-08-27T14:48:21.205+0000] {dag.py:4138} INFO - Setting next_dagrun for example_setup_teardown to 2024-08-26 00:00:00+00:00, run_after=2024-08-27 00:00:00+00:00
[2024-08-27T14:48:21.229+0000] {processor.py:208} INFO - Processing /home/ubuntu/myenv/lib/python3.12/site-packages/airflow/example_dags/example_setup_teardown.py took 0.084 seconds
[2024-08-27T14:49:11.076+0000] {processor.py:186} INFO - Started process (PID=6525) to work on /home/ubuntu/myenv/lib/python3.12/site-packages/airflow/example_dags/example_setup_teardown.py
[2024-08-27T14:49:11.077+0000] {processor.py:914} INFO - Processing file /home/ubuntu/myenv/lib/python3.12/site-packages/airflow/example_dags/example_setup_teardown.py for tasks to queue
[2024-08-27T14:49:11.080+0000] {logging_mixin.py:190} INFO - [2024-08-27T14:49:11.079+0000] {dagbag.py:587} INFO - Filling up the DagBag from /home/ubuntu/myenv/lib/python3.12/site-packages/airflow/example_dags/example_setup_teardown.py
[2024-08-27T14:49:11.090+0000] {processor.py:925} INFO - DAG(s) 'example_setup_teardown' retrieved from /home/ubuntu/myenv/lib/python3.12/site-packages/airflow/example_dags/example_setup_teardown.py
[2024-08-27T14:49:11.109+0000] {logging_mixin.py:190} INFO - [2024-08-27T14:49:11.109+0000] {dag.py:3211} INFO - Sync 1 DAGs
[2024-08-27T14:49:11.133+0000] {logging_mixin.py:190} INFO - [2024-08-27T14:49:11.133+0000] {dag.py:4138} INFO - Setting next_dagrun for example_setup_teardown to 2024-08-26 00:00:00+00:00, run_after=2024-08-27 00:00:00+00:00
[2024-08-27T14:49:11.157+0000] {processor.py:208} INFO - Processing /home/ubuntu/myenv/lib/python3.12/site-packages/airflow/example_dags/example_setup_teardown.py took 0.087 seconds
[2024-08-27T16:10:02.336+0000] {processor.py:186} INFO - Started process (PID=7604) to work on /home/ubuntu/myenv/lib/python3.12/site-packages/airflow/example_dags/example_setup_teardown.py
[2024-08-27T16:10:02.338+0000] {processor.py:914} INFO - Processing file /home/ubuntu/myenv/lib/python3.12/site-packages/airflow/example_dags/example_setup_teardown.py for tasks to queue
[2024-08-27T16:10:02.341+0000] {logging_mixin.py:190} INFO - [2024-08-27T16:10:02.340+0000] {dagbag.py:587} INFO - Filling up the DagBag from /home/ubuntu/myenv/lib/python3.12/site-packages/airflow/example_dags/example_setup_teardown.py
[2024-08-27T16:10:02.351+0000] {processor.py:925} INFO - DAG(s) 'example_setup_teardown' retrieved from /home/ubuntu/myenv/lib/python3.12/site-packages/airflow/example_dags/example_setup_teardown.py
[2024-08-27T16:10:02.373+0000] {logging_mixin.py:190} INFO - [2024-08-27T16:10:02.373+0000] {dag.py:3211} INFO - Sync 1 DAGs
[2024-08-27T16:10:02.399+0000] {logging_mixin.py:190} INFO - [2024-08-27T16:10:02.398+0000] {dag.py:4138} INFO - Setting next_dagrun for example_setup_teardown to 2024-08-26 00:00:00+00:00, run_after=2024-08-27 00:00:00+00:00
[2024-08-27T16:10:02.424+0000] {processor.py:208} INFO - Processing /home/ubuntu/myenv/lib/python3.12/site-packages/airflow/example_dags/example_setup_teardown.py took 0.095 seconds
[2024-08-27T16:10:56.845+0000] {processor.py:186} INFO - Started process (PID=7704) to work on /home/ubuntu/myenv/lib/python3.12/site-packages/airflow/example_dags/example_setup_teardown.py
[2024-08-27T16:10:56.847+0000] {processor.py:914} INFO - Processing file /home/ubuntu/myenv/lib/python3.12/site-packages/airflow/example_dags/example_setup_teardown.py for tasks to queue
[2024-08-27T16:10:56.849+0000] {logging_mixin.py:190} INFO - [2024-08-27T16:10:56.848+0000] {dagbag.py:587} INFO - Filling up the DagBag from /home/ubuntu/myenv/lib/python3.12/site-packages/airflow/example_dags/example_setup_teardown.py
[2024-08-27T16:10:56.859+0000] {processor.py:925} INFO - DAG(s) 'example_setup_teardown' retrieved from /home/ubuntu/myenv/lib/python3.12/site-packages/airflow/example_dags/example_setup_teardown.py
[2024-08-27T16:10:56.876+0000] {logging_mixin.py:190} INFO - [2024-08-27T16:10:56.876+0000] {dag.py:3211} INFO - Sync 1 DAGs
[2024-08-27T16:10:56.898+0000] {logging_mixin.py:190} INFO - [2024-08-27T16:10:56.898+0000] {dag.py:4138} INFO - Setting next_dagrun for example_setup_teardown to 2024-08-26 00:00:00+00:00, run_after=2024-08-27 00:00:00+00:00
[2024-08-27T16:10:56.921+0000] {processor.py:208} INFO - Processing /home/ubuntu/myenv/lib/python3.12/site-packages/airflow/example_dags/example_setup_teardown.py took 0.081 seconds
[2024-08-27T16:11:51.421+0000] {processor.py:186} INFO - Started process (PID=7834) to work on /home/ubuntu/myenv/lib/python3.12/site-packages/airflow/example_dags/example_setup_teardown.py
[2024-08-27T16:11:51.422+0000] {processor.py:914} INFO - Processing file /home/ubuntu/myenv/lib/python3.12/site-packages/airflow/example_dags/example_setup_teardown.py for tasks to queue
[2024-08-27T16:11:51.424+0000] {logging_mixin.py:190} INFO - [2024-08-27T16:11:51.424+0000] {dagbag.py:587} INFO - Filling up the DagBag from /home/ubuntu/myenv/lib/python3.12/site-packages/airflow/example_dags/example_setup_teardown.py
[2024-08-27T16:11:51.434+0000] {processor.py:925} INFO - DAG(s) 'example_setup_teardown' retrieved from /home/ubuntu/myenv/lib/python3.12/site-packages/airflow/example_dags/example_setup_teardown.py
[2024-08-27T16:11:51.453+0000] {logging_mixin.py:190} INFO - [2024-08-27T16:11:51.453+0000] {dag.py:3211} INFO - Sync 1 DAGs
[2024-08-27T16:11:51.475+0000] {logging_mixin.py:190} INFO - [2024-08-27T16:11:51.475+0000] {dag.py:4138} INFO - Setting next_dagrun for example_setup_teardown to 2024-08-26 00:00:00+00:00, run_after=2024-08-27 00:00:00+00:00
[2024-08-27T16:11:51.501+0000] {processor.py:208} INFO - Processing /home/ubuntu/myenv/lib/python3.12/site-packages/airflow/example_dags/example_setup_teardown.py took 0.087 seconds
[2024-08-27T16:12:42.436+0000] {processor.py:186} INFO - Started process (PID=7892) to work on /home/ubuntu/myenv/lib/python3.12/site-packages/airflow/example_dags/example_setup_teardown.py
[2024-08-27T16:12:42.438+0000] {processor.py:914} INFO - Processing file /home/ubuntu/myenv/lib/python3.12/site-packages/airflow/example_dags/example_setup_teardown.py for tasks to queue
[2024-08-27T16:12:42.440+0000] {logging_mixin.py:190} INFO - [2024-08-27T16:12:42.440+0000] {dagbag.py:587} INFO - Filling up the DagBag from /home/ubuntu/myenv/lib/python3.12/site-packages/airflow/example_dags/example_setup_teardown.py
[2024-08-27T16:12:42.450+0000] {processor.py:925} INFO - DAG(s) 'example_setup_teardown' retrieved from /home/ubuntu/myenv/lib/python3.12/site-packages/airflow/example_dags/example_setup_teardown.py
[2024-08-27T16:12:42.469+0000] {logging_mixin.py:190} INFO - [2024-08-27T16:12:42.469+0000] {dag.py:3211} INFO - Sync 1 DAGs
[2024-08-27T16:12:42.492+0000] {logging_mixin.py:190} INFO - [2024-08-27T16:12:42.492+0000] {dag.py:4138} INFO - Setting next_dagrun for example_setup_teardown to 2024-08-26 00:00:00+00:00, run_after=2024-08-27 00:00:00+00:00
[2024-08-27T16:12:42.515+0000] {processor.py:208} INFO - Processing /home/ubuntu/myenv/lib/python3.12/site-packages/airflow/example_dags/example_setup_teardown.py took 0.085 seconds
[2024-08-27T16:13:35.415+0000] {processor.py:186} INFO - Started process (PID=7984) to work on /home/ubuntu/myenv/lib/python3.12/site-packages/airflow/example_dags/example_setup_teardown.py
[2024-08-27T16:13:35.417+0000] {processor.py:914} INFO - Processing file /home/ubuntu/myenv/lib/python3.12/site-packages/airflow/example_dags/example_setup_teardown.py for tasks to queue
[2024-08-27T16:13:35.419+0000] {logging_mixin.py:190} INFO - [2024-08-27T16:13:35.418+0000] {dagbag.py:587} INFO - Filling up the DagBag from /home/ubuntu/myenv/lib/python3.12/site-packages/airflow/example_dags/example_setup_teardown.py
[2024-08-27T16:13:35.428+0000] {processor.py:925} INFO - DAG(s) 'example_setup_teardown' retrieved from /home/ubuntu/myenv/lib/python3.12/site-packages/airflow/example_dags/example_setup_teardown.py
[2024-08-27T16:13:35.447+0000] {logging_mixin.py:190} INFO - [2024-08-27T16:13:35.447+0000] {dag.py:3211} INFO - Sync 1 DAGs
[2024-08-27T16:13:35.469+0000] {logging_mixin.py:190} INFO - [2024-08-27T16:13:35.468+0000] {dag.py:4138} INFO - Setting next_dagrun for example_setup_teardown to 2024-08-26 00:00:00+00:00, run_after=2024-08-27 00:00:00+00:00
[2024-08-27T16:13:35.497+0000] {processor.py:208} INFO - Processing /home/ubuntu/myenv/lib/python3.12/site-packages/airflow/example_dags/example_setup_teardown.py took 0.088 seconds
