[2024-08-27T14:35:10.564+0000] {processor.py:186} INFO - Started process (PID=5565) to work on /home/ubuntu/myenv/lib/python3.12/site-packages/airflow/example_dags/example_bash_decorator.py
[2024-08-27T14:35:10.565+0000] {processor.py:914} INFO - Processing file /home/ubuntu/myenv/lib/python3.12/site-packages/airflow/example_dags/example_bash_decorator.py for tasks to queue
[2024-08-27T14:35:10.567+0000] {logging_mixin.py:190} INFO - [2024-08-27T14:35:10.566+0000] {dagbag.py:587} INFO - Filling up the DagBag from /home/ubuntu/myenv/lib/python3.12/site-packages/airflow/example_dags/example_bash_decorator.py
[2024-08-27T14:35:10.584+0000] {processor.py:925} INFO - DAG(s) 'example_bash_decorator' retrieved from /home/ubuntu/myenv/lib/python3.12/site-packages/airflow/example_dags/example_bash_decorator.py
[2024-08-27T14:35:10.703+0000] {logging_mixin.py:190} INFO - [2024-08-27T14:35:10.703+0000] {override.py:1900} INFO - Created Permission View: can delete on DAG:example_bash_decorator
[2024-08-27T14:35:10.716+0000] {logging_mixin.py:190} INFO - [2024-08-27T14:35:10.716+0000] {override.py:1900} INFO - Created Permission View: can edit on DAG:example_bash_decorator
[2024-08-27T14:35:10.726+0000] {logging_mixin.py:190} INFO - [2024-08-27T14:35:10.725+0000] {override.py:1900} INFO - Created Permission View: can read on DAG:example_bash_decorator
[2024-08-27T14:35:10.741+0000] {logging_mixin.py:190} INFO - [2024-08-27T14:35:10.741+0000] {override.py:1900} INFO - Created Permission View: can create on DAG Run:example_bash_decorator
[2024-08-27T14:35:10.751+0000] {logging_mixin.py:190} INFO - [2024-08-27T14:35:10.751+0000] {override.py:1900} INFO - Created Permission View: menu access on DAG Run:example_bash_decorator
[2024-08-27T14:35:10.761+0000] {logging_mixin.py:190} INFO - [2024-08-27T14:35:10.761+0000] {override.py:1900} INFO - Created Permission View: can delete on DAG Run:example_bash_decorator
[2024-08-27T14:35:10.771+0000] {logging_mixin.py:190} INFO - [2024-08-27T14:35:10.771+0000] {override.py:1900} INFO - Created Permission View: can read on DAG Run:example_bash_decorator
[2024-08-27T14:35:10.772+0000] {logging_mixin.py:190} INFO - [2024-08-27T14:35:10.772+0000] {dag.py:3211} INFO - Sync 1 DAGs
[2024-08-27T14:35:10.786+0000] {logging_mixin.py:190} INFO - [2024-08-27T14:35:10.786+0000] {dag.py:3234} INFO - Creating ORM DAG for example_bash_decorator
[2024-08-27T14:35:10.787+0000] {logging_mixin.py:190} INFO - [2024-08-27T14:35:10.787+0000] {dag.py:4138} INFO - Setting next_dagrun for example_bash_decorator to None, run_after=None
[2024-08-27T14:35:10.807+0000] {processor.py:208} INFO - Processing /home/ubuntu/myenv/lib/python3.12/site-packages/airflow/example_dags/example_bash_decorator.py took 0.249 seconds
[2024-08-27T14:36:08.490+0000] {processor.py:186} INFO - Started process (PID=5639) to work on /home/ubuntu/myenv/lib/python3.12/site-packages/airflow/example_dags/example_bash_decorator.py
[2024-08-27T14:36:08.492+0000] {processor.py:914} INFO - Processing file /home/ubuntu/myenv/lib/python3.12/site-packages/airflow/example_dags/example_bash_decorator.py for tasks to queue
[2024-08-27T14:36:08.494+0000] {logging_mixin.py:190} INFO - [2024-08-27T14:36:08.494+0000] {dagbag.py:587} INFO - Filling up the DagBag from /home/ubuntu/myenv/lib/python3.12/site-packages/airflow/example_dags/example_bash_decorator.py
[2024-08-27T14:36:08.511+0000] {processor.py:925} INFO - DAG(s) 'example_bash_decorator' retrieved from /home/ubuntu/myenv/lib/python3.12/site-packages/airflow/example_dags/example_bash_decorator.py
[2024-08-27T14:36:08.532+0000] {logging_mixin.py:190} INFO - [2024-08-27T14:36:08.532+0000] {dag.py:3211} INFO - Sync 1 DAGs
[2024-08-27T14:36:08.546+0000] {logging_mixin.py:190} INFO - [2024-08-27T14:36:08.546+0000] {dag.py:4138} INFO - Setting next_dagrun for example_bash_decorator to None, run_after=None
[2024-08-27T14:36:08.568+0000] {processor.py:208} INFO - Processing /home/ubuntu/myenv/lib/python3.12/site-packages/airflow/example_dags/example_bash_decorator.py took 0.083 seconds
[2024-08-27T14:37:23.126+0000] {processor.py:186} INFO - Started process (PID=5741) to work on /home/ubuntu/myenv/lib/python3.12/site-packages/airflow/example_dags/example_bash_decorator.py
[2024-08-27T14:37:23.128+0000] {processor.py:914} INFO - Processing file /home/ubuntu/myenv/lib/python3.12/site-packages/airflow/example_dags/example_bash_decorator.py for tasks to queue
[2024-08-27T14:37:23.130+0000] {logging_mixin.py:190} INFO - [2024-08-27T14:37:23.130+0000] {dagbag.py:587} INFO - Filling up the DagBag from /home/ubuntu/myenv/lib/python3.12/site-packages/airflow/example_dags/example_bash_decorator.py
[2024-08-27T14:37:23.147+0000] {processor.py:925} INFO - DAG(s) 'example_bash_decorator' retrieved from /home/ubuntu/myenv/lib/python3.12/site-packages/airflow/example_dags/example_bash_decorator.py
[2024-08-27T14:37:23.168+0000] {logging_mixin.py:190} INFO - [2024-08-27T14:37:23.168+0000] {dag.py:3211} INFO - Sync 1 DAGs
[2024-08-27T14:37:23.181+0000] {logging_mixin.py:190} INFO - [2024-08-27T14:37:23.181+0000] {dag.py:4138} INFO - Setting next_dagrun for example_bash_decorator to None, run_after=None
[2024-08-27T14:37:23.202+0000] {processor.py:208} INFO - Processing /home/ubuntu/myenv/lib/python3.12/site-packages/airflow/example_dags/example_bash_decorator.py took 0.082 seconds
[2024-08-27T14:38:39.621+0000] {processor.py:186} INFO - Started process (PID=5839) to work on /home/ubuntu/myenv/lib/python3.12/site-packages/airflow/example_dags/example_bash_decorator.py
[2024-08-27T14:38:39.622+0000] {processor.py:914} INFO - Processing file /home/ubuntu/myenv/lib/python3.12/site-packages/airflow/example_dags/example_bash_decorator.py for tasks to queue
[2024-08-27T14:38:39.624+0000] {logging_mixin.py:190} INFO - [2024-08-27T14:38:39.624+0000] {dagbag.py:587} INFO - Filling up the DagBag from /home/ubuntu/myenv/lib/python3.12/site-packages/airflow/example_dags/example_bash_decorator.py
[2024-08-27T14:38:39.641+0000] {processor.py:925} INFO - DAG(s) 'example_bash_decorator' retrieved from /home/ubuntu/myenv/lib/python3.12/site-packages/airflow/example_dags/example_bash_decorator.py
[2024-08-27T14:38:39.662+0000] {logging_mixin.py:190} INFO - [2024-08-27T14:38:39.662+0000] {dag.py:3211} INFO - Sync 1 DAGs
[2024-08-27T14:38:39.798+0000] {logging_mixin.py:190} INFO - [2024-08-27T14:38:39.797+0000] {dag.py:4138} INFO - Setting next_dagrun for example_bash_decorator to None, run_after=None
[2024-08-27T14:38:39.838+0000] {processor.py:208} INFO - Processing /home/ubuntu/myenv/lib/python3.12/site-packages/airflow/example_dags/example_bash_decorator.py took 0.223 seconds
[2024-08-27T14:39:45.676+0000] {processor.py:186} INFO - Started process (PID=5920) to work on /home/ubuntu/myenv/lib/python3.12/site-packages/airflow/example_dags/example_bash_decorator.py
[2024-08-27T14:39:45.678+0000] {processor.py:914} INFO - Processing file /home/ubuntu/myenv/lib/python3.12/site-packages/airflow/example_dags/example_bash_decorator.py for tasks to queue
[2024-08-27T14:39:45.680+0000] {logging_mixin.py:190} INFO - [2024-08-27T14:39:45.679+0000] {dagbag.py:587} INFO - Filling up the DagBag from /home/ubuntu/myenv/lib/python3.12/site-packages/airflow/example_dags/example_bash_decorator.py
[2024-08-27T14:39:45.700+0000] {processor.py:925} INFO - DAG(s) 'example_bash_decorator' retrieved from /home/ubuntu/myenv/lib/python3.12/site-packages/airflow/example_dags/example_bash_decorator.py
[2024-08-27T14:39:45.722+0000] {logging_mixin.py:190} INFO - [2024-08-27T14:39:45.722+0000] {dag.py:3211} INFO - Sync 1 DAGs
[2024-08-27T14:39:45.737+0000] {logging_mixin.py:190} INFO - [2024-08-27T14:39:45.736+0000] {dag.py:4138} INFO - Setting next_dagrun for example_bash_decorator to None, run_after=None
[2024-08-27T14:39:45.759+0000] {processor.py:208} INFO - Processing /home/ubuntu/myenv/lib/python3.12/site-packages/airflow/example_dags/example_bash_decorator.py took 0.090 seconds
[2024-08-27T14:41:00.826+0000] {processor.py:186} INFO - Started process (PID=6009) to work on /home/ubuntu/myenv/lib/python3.12/site-packages/airflow/example_dags/example_bash_decorator.py
[2024-08-27T14:41:00.828+0000] {processor.py:914} INFO - Processing file /home/ubuntu/myenv/lib/python3.12/site-packages/airflow/example_dags/example_bash_decorator.py for tasks to queue
[2024-08-27T14:41:00.830+0000] {logging_mixin.py:190} INFO - [2024-08-27T14:41:00.829+0000] {dagbag.py:587} INFO - Filling up the DagBag from /home/ubuntu/myenv/lib/python3.12/site-packages/airflow/example_dags/example_bash_decorator.py
[2024-08-27T14:41:00.847+0000] {processor.py:925} INFO - DAG(s) 'example_bash_decorator' retrieved from /home/ubuntu/myenv/lib/python3.12/site-packages/airflow/example_dags/example_bash_decorator.py
[2024-08-27T14:41:00.869+0000] {logging_mixin.py:190} INFO - [2024-08-27T14:41:00.869+0000] {dag.py:3211} INFO - Sync 1 DAGs
[2024-08-27T14:41:00.883+0000] {logging_mixin.py:190} INFO - [2024-08-27T14:41:00.882+0000] {dag.py:4138} INFO - Setting next_dagrun for example_bash_decorator to None, run_after=None
[2024-08-27T14:41:00.905+0000] {processor.py:208} INFO - Processing /home/ubuntu/myenv/lib/python3.12/site-packages/airflow/example_dags/example_bash_decorator.py took 0.085 seconds
[2024-08-27T14:42:15.623+0000] {processor.py:186} INFO - Started process (PID=6085) to work on /home/ubuntu/myenv/lib/python3.12/site-packages/airflow/example_dags/example_bash_decorator.py
[2024-08-27T14:42:15.624+0000] {processor.py:914} INFO - Processing file /home/ubuntu/myenv/lib/python3.12/site-packages/airflow/example_dags/example_bash_decorator.py for tasks to queue
[2024-08-27T14:42:15.627+0000] {logging_mixin.py:190} INFO - [2024-08-27T14:42:15.626+0000] {dagbag.py:587} INFO - Filling up the DagBag from /home/ubuntu/myenv/lib/python3.12/site-packages/airflow/example_dags/example_bash_decorator.py
[2024-08-27T14:42:15.645+0000] {processor.py:925} INFO - DAG(s) 'example_bash_decorator' retrieved from /home/ubuntu/myenv/lib/python3.12/site-packages/airflow/example_dags/example_bash_decorator.py
[2024-08-27T14:42:15.667+0000] {logging_mixin.py:190} INFO - [2024-08-27T14:42:15.667+0000] {dag.py:3211} INFO - Sync 1 DAGs
[2024-08-27T14:42:15.682+0000] {logging_mixin.py:190} INFO - [2024-08-27T14:42:15.682+0000] {dag.py:4138} INFO - Setting next_dagrun for example_bash_decorator to None, run_after=None
[2024-08-27T14:42:15.705+0000] {processor.py:208} INFO - Processing /home/ubuntu/myenv/lib/python3.12/site-packages/airflow/example_dags/example_bash_decorator.py took 0.088 seconds
[2024-08-27T14:43:32.845+0000] {processor.py:186} INFO - Started process (PID=6163) to work on /home/ubuntu/myenv/lib/python3.12/site-packages/airflow/example_dags/example_bash_decorator.py
[2024-08-27T14:43:32.846+0000] {processor.py:914} INFO - Processing file /home/ubuntu/myenv/lib/python3.12/site-packages/airflow/example_dags/example_bash_decorator.py for tasks to queue
[2024-08-27T14:43:32.848+0000] {logging_mixin.py:190} INFO - [2024-08-27T14:43:32.848+0000] {dagbag.py:587} INFO - Filling up the DagBag from /home/ubuntu/myenv/lib/python3.12/site-packages/airflow/example_dags/example_bash_decorator.py
[2024-08-27T14:43:32.866+0000] {processor.py:925} INFO - DAG(s) 'example_bash_decorator' retrieved from /home/ubuntu/myenv/lib/python3.12/site-packages/airflow/example_dags/example_bash_decorator.py
[2024-08-27T14:43:32.888+0000] {logging_mixin.py:190} INFO - [2024-08-27T14:43:32.887+0000] {dag.py:3211} INFO - Sync 1 DAGs
[2024-08-27T14:43:32.901+0000] {logging_mixin.py:190} INFO - [2024-08-27T14:43:32.901+0000] {dag.py:4138} INFO - Setting next_dagrun for example_bash_decorator to None, run_after=None
[2024-08-27T14:43:32.923+0000] {processor.py:208} INFO - Processing /home/ubuntu/myenv/lib/python3.12/site-packages/airflow/example_dags/example_bash_decorator.py took 0.084 seconds
[2024-08-27T14:44:46.498+0000] {processor.py:186} INFO - Started process (PID=6242) to work on /home/ubuntu/myenv/lib/python3.12/site-packages/airflow/example_dags/example_bash_decorator.py
[2024-08-27T14:44:46.500+0000] {processor.py:914} INFO - Processing file /home/ubuntu/myenv/lib/python3.12/site-packages/airflow/example_dags/example_bash_decorator.py for tasks to queue
[2024-08-27T14:44:46.502+0000] {logging_mixin.py:190} INFO - [2024-08-27T14:44:46.501+0000] {dagbag.py:587} INFO - Filling up the DagBag from /home/ubuntu/myenv/lib/python3.12/site-packages/airflow/example_dags/example_bash_decorator.py
[2024-08-27T14:44:46.520+0000] {processor.py:925} INFO - DAG(s) 'example_bash_decorator' retrieved from /home/ubuntu/myenv/lib/python3.12/site-packages/airflow/example_dags/example_bash_decorator.py
[2024-08-27T14:44:46.543+0000] {logging_mixin.py:190} INFO - [2024-08-27T14:44:46.542+0000] {dag.py:3211} INFO - Sync 1 DAGs
[2024-08-27T14:44:46.557+0000] {logging_mixin.py:190} INFO - [2024-08-27T14:44:46.557+0000] {dag.py:4138} INFO - Setting next_dagrun for example_bash_decorator to None, run_after=None
[2024-08-27T14:44:46.579+0000] {processor.py:208} INFO - Processing /home/ubuntu/myenv/lib/python3.12/site-packages/airflow/example_dags/example_bash_decorator.py took 0.088 seconds
[2024-08-27T14:46:03.086+0000] {processor.py:186} INFO - Started process (PID=6325) to work on /home/ubuntu/myenv/lib/python3.12/site-packages/airflow/example_dags/example_bash_decorator.py
[2024-08-27T14:46:03.087+0000] {processor.py:914} INFO - Processing file /home/ubuntu/myenv/lib/python3.12/site-packages/airflow/example_dags/example_bash_decorator.py for tasks to queue
[2024-08-27T14:46:03.089+0000] {logging_mixin.py:190} INFO - [2024-08-27T14:46:03.089+0000] {dagbag.py:587} INFO - Filling up the DagBag from /home/ubuntu/myenv/lib/python3.12/site-packages/airflow/example_dags/example_bash_decorator.py
[2024-08-27T14:46:03.108+0000] {processor.py:925} INFO - DAG(s) 'example_bash_decorator' retrieved from /home/ubuntu/myenv/lib/python3.12/site-packages/airflow/example_dags/example_bash_decorator.py
[2024-08-27T14:46:03.130+0000] {logging_mixin.py:190} INFO - [2024-08-27T14:46:03.129+0000] {dag.py:3211} INFO - Sync 1 DAGs
[2024-08-27T14:46:03.144+0000] {logging_mixin.py:190} INFO - [2024-08-27T14:46:03.143+0000] {dag.py:4138} INFO - Setting next_dagrun for example_bash_decorator to None, run_after=None
[2024-08-27T14:46:03.167+0000] {processor.py:208} INFO - Processing /home/ubuntu/myenv/lib/python3.12/site-packages/airflow/example_dags/example_bash_decorator.py took 0.088 seconds
[2024-08-27T14:47:14.072+0000] {processor.py:186} INFO - Started process (PID=6398) to work on /home/ubuntu/myenv/lib/python3.12/site-packages/airflow/example_dags/example_bash_decorator.py
[2024-08-27T14:47:14.074+0000] {processor.py:914} INFO - Processing file /home/ubuntu/myenv/lib/python3.12/site-packages/airflow/example_dags/example_bash_decorator.py for tasks to queue
[2024-08-27T14:47:14.076+0000] {logging_mixin.py:190} INFO - [2024-08-27T14:47:14.076+0000] {dagbag.py:587} INFO - Filling up the DagBag from /home/ubuntu/myenv/lib/python3.12/site-packages/airflow/example_dags/example_bash_decorator.py
[2024-08-27T14:47:14.094+0000] {processor.py:925} INFO - DAG(s) 'example_bash_decorator' retrieved from /home/ubuntu/myenv/lib/python3.12/site-packages/airflow/example_dags/example_bash_decorator.py
[2024-08-27T14:47:14.117+0000] {logging_mixin.py:190} INFO - [2024-08-27T14:47:14.116+0000] {dag.py:3211} INFO - Sync 1 DAGs
[2024-08-27T14:47:14.131+0000] {logging_mixin.py:190} INFO - [2024-08-27T14:47:14.131+0000] {dag.py:4138} INFO - Setting next_dagrun for example_bash_decorator to None, run_after=None
[2024-08-27T14:47:14.154+0000] {processor.py:208} INFO - Processing /home/ubuntu/myenv/lib/python3.12/site-packages/airflow/example_dags/example_bash_decorator.py took 0.088 seconds
[2024-08-27T14:48:31.455+0000] {processor.py:186} INFO - Started process (PID=6482) to work on /home/ubuntu/myenv/lib/python3.12/site-packages/airflow/example_dags/example_bash_decorator.py
[2024-08-27T14:48:31.457+0000] {processor.py:914} INFO - Processing file /home/ubuntu/myenv/lib/python3.12/site-packages/airflow/example_dags/example_bash_decorator.py for tasks to queue
[2024-08-27T14:48:31.459+0000] {logging_mixin.py:190} INFO - [2024-08-27T14:48:31.459+0000] {dagbag.py:587} INFO - Filling up the DagBag from /home/ubuntu/myenv/lib/python3.12/site-packages/airflow/example_dags/example_bash_decorator.py
[2024-08-27T14:48:31.477+0000] {processor.py:925} INFO - DAG(s) 'example_bash_decorator' retrieved from /home/ubuntu/myenv/lib/python3.12/site-packages/airflow/example_dags/example_bash_decorator.py
[2024-08-27T14:48:31.498+0000] {logging_mixin.py:190} INFO - [2024-08-27T14:48:31.498+0000] {dag.py:3211} INFO - Sync 1 DAGs
[2024-08-27T14:48:31.512+0000] {logging_mixin.py:190} INFO - [2024-08-27T14:48:31.512+0000] {dag.py:4138} INFO - Setting next_dagrun for example_bash_decorator to None, run_after=None
[2024-08-27T14:48:31.535+0000] {processor.py:208} INFO - Processing /home/ubuntu/myenv/lib/python3.12/site-packages/airflow/example_dags/example_bash_decorator.py took 0.086 seconds
[2024-08-27T14:49:48.896+0000] {processor.py:186} INFO - Started process (PID=6565) to work on /home/ubuntu/myenv/lib/python3.12/site-packages/airflow/example_dags/example_bash_decorator.py
[2024-08-27T14:49:48.898+0000] {processor.py:914} INFO - Processing file /home/ubuntu/myenv/lib/python3.12/site-packages/airflow/example_dags/example_bash_decorator.py for tasks to queue
[2024-08-27T14:49:48.900+0000] {logging_mixin.py:190} INFO - [2024-08-27T14:49:48.899+0000] {dagbag.py:587} INFO - Filling up the DagBag from /home/ubuntu/myenv/lib/python3.12/site-packages/airflow/example_dags/example_bash_decorator.py
[2024-08-27T14:49:48.917+0000] {processor.py:925} INFO - DAG(s) 'example_bash_decorator' retrieved from /home/ubuntu/myenv/lib/python3.12/site-packages/airflow/example_dags/example_bash_decorator.py
[2024-08-27T14:49:48.938+0000] {logging_mixin.py:190} INFO - [2024-08-27T14:49:48.938+0000] {dag.py:3211} INFO - Sync 1 DAGs
[2024-08-27T14:49:48.952+0000] {logging_mixin.py:190} INFO - [2024-08-27T14:49:48.952+0000] {dag.py:4138} INFO - Setting next_dagrun for example_bash_decorator to None, run_after=None
[2024-08-27T14:49:48.974+0000] {processor.py:208} INFO - Processing /home/ubuntu/myenv/lib/python3.12/site-packages/airflow/example_dags/example_bash_decorator.py took 0.084 seconds
[2024-08-27T16:10:35.079+0000] {processor.py:186} INFO - Started process (PID=7643) to work on /home/ubuntu/myenv/lib/python3.12/site-packages/airflow/example_dags/example_bash_decorator.py
[2024-08-27T16:10:35.080+0000] {processor.py:914} INFO - Processing file /home/ubuntu/myenv/lib/python3.12/site-packages/airflow/example_dags/example_bash_decorator.py for tasks to queue
[2024-08-27T16:10:35.082+0000] {logging_mixin.py:190} INFO - [2024-08-27T16:10:35.082+0000] {dagbag.py:587} INFO - Filling up the DagBag from /home/ubuntu/myenv/lib/python3.12/site-packages/airflow/example_dags/example_bash_decorator.py
[2024-08-27T16:10:35.099+0000] {processor.py:925} INFO - DAG(s) 'example_bash_decorator' retrieved from /home/ubuntu/myenv/lib/python3.12/site-packages/airflow/example_dags/example_bash_decorator.py
[2024-08-27T16:10:35.213+0000] {logging_mixin.py:190} INFO - [2024-08-27T16:10:35.213+0000] {dag.py:3211} INFO - Sync 1 DAGs
[2024-08-27T16:10:35.226+0000] {logging_mixin.py:190} INFO - [2024-08-27T16:10:35.226+0000] {dag.py:4138} INFO - Setting next_dagrun for example_bash_decorator to None, run_after=None
[2024-08-27T16:10:35.249+0000] {processor.py:208} INFO - Processing /home/ubuntu/myenv/lib/python3.12/site-packages/airflow/example_dags/example_bash_decorator.py took 0.176 seconds
[2024-08-27T16:11:50.939+0000] {processor.py:186} INFO - Started process (PID=7833) to work on /home/ubuntu/myenv/lib/python3.12/site-packages/airflow/example_dags/example_bash_decorator.py
[2024-08-27T16:11:50.941+0000] {processor.py:914} INFO - Processing file /home/ubuntu/myenv/lib/python3.12/site-packages/airflow/example_dags/example_bash_decorator.py for tasks to queue
[2024-08-27T16:11:50.943+0000] {logging_mixin.py:190} INFO - [2024-08-27T16:11:50.942+0000] {dagbag.py:587} INFO - Filling up the DagBag from /home/ubuntu/myenv/lib/python3.12/site-packages/airflow/example_dags/example_bash_decorator.py
[2024-08-27T16:11:50.959+0000] {processor.py:925} INFO - DAG(s) 'example_bash_decorator' retrieved from /home/ubuntu/myenv/lib/python3.12/site-packages/airflow/example_dags/example_bash_decorator.py
[2024-08-27T16:11:50.980+0000] {logging_mixin.py:190} INFO - [2024-08-27T16:11:50.980+0000] {dag.py:3211} INFO - Sync 1 DAGs
[2024-08-27T16:11:50.994+0000] {logging_mixin.py:190} INFO - [2024-08-27T16:11:50.993+0000] {dag.py:4138} INFO - Setting next_dagrun for example_bash_decorator to None, run_after=None
[2024-08-27T16:11:51.018+0000] {processor.py:208} INFO - Processing /home/ubuntu/myenv/lib/python3.12/site-packages/airflow/example_dags/example_bash_decorator.py took 0.085 seconds
[2024-08-27T16:13:07.760+0000] {processor.py:186} INFO - Started process (PID=7951) to work on /home/ubuntu/myenv/lib/python3.12/site-packages/airflow/example_dags/example_bash_decorator.py
[2024-08-27T16:13:07.761+0000] {processor.py:914} INFO - Processing file /home/ubuntu/myenv/lib/python3.12/site-packages/airflow/example_dags/example_bash_decorator.py for tasks to queue
[2024-08-27T16:13:07.763+0000] {logging_mixin.py:190} INFO - [2024-08-27T16:13:07.763+0000] {dagbag.py:587} INFO - Filling up the DagBag from /home/ubuntu/myenv/lib/python3.12/site-packages/airflow/example_dags/example_bash_decorator.py
[2024-08-27T16:13:07.780+0000] {processor.py:925} INFO - DAG(s) 'example_bash_decorator' retrieved from /home/ubuntu/myenv/lib/python3.12/site-packages/airflow/example_dags/example_bash_decorator.py
[2024-08-27T16:13:07.802+0000] {logging_mixin.py:190} INFO - [2024-08-27T16:13:07.802+0000] {dag.py:3211} INFO - Sync 1 DAGs
[2024-08-27T16:13:07.817+0000] {logging_mixin.py:190} INFO - [2024-08-27T16:13:07.816+0000] {dag.py:4138} INFO - Setting next_dagrun for example_bash_decorator to None, run_after=None
[2024-08-27T16:13:07.839+0000] {processor.py:208} INFO - Processing /home/ubuntu/myenv/lib/python3.12/site-packages/airflow/example_dags/example_bash_decorator.py took 0.086 seconds
