[2024-08-27T14:35:06.327+0000] {processor.py:186} INFO - Started process (PID=5562) to work on /home/ubuntu/myenv/lib/python3.12/site-packages/airflow/example_dags/example_branch_labels.py
[2024-08-27T14:35:06.328+0000] {processor.py:914} INFO - Processing file /home/ubuntu/myenv/lib/python3.12/site-packages/airflow/example_dags/example_branch_labels.py for tasks to queue
[2024-08-27T14:35:06.330+0000] {logging_mixin.py:190} INFO - [2024-08-27T14:35:06.330+0000] {dagbag.py:587} INFO - Filling up the DagBag from /home/ubuntu/myenv/lib/python3.12/site-packages/airflow/example_dags/example_branch_labels.py
[2024-08-27T14:35:06.342+0000] {processor.py:925} INFO - DAG(s) 'example_branch_labels' retrieved from /home/ubuntu/myenv/lib/python3.12/site-packages/airflow/example_dags/example_branch_labels.py
[2024-08-27T14:35:06.464+0000] {logging_mixin.py:190} INFO - [2024-08-27T14:35:06.463+0000] {override.py:1900} INFO - Created Permission View: can delete on DAG:example_branch_labels
[2024-08-27T14:35:06.478+0000] {logging_mixin.py:190} INFO - [2024-08-27T14:35:06.478+0000] {override.py:1900} INFO - Created Permission View: can edit on DAG:example_branch_labels
[2024-08-27T14:35:06.489+0000] {logging_mixin.py:190} INFO - [2024-08-27T14:35:06.489+0000] {override.py:1900} INFO - Created Permission View: can read on DAG:example_branch_labels
[2024-08-27T14:35:06.506+0000] {logging_mixin.py:190} INFO - [2024-08-27T14:35:06.505+0000] {override.py:1900} INFO - Created Permission View: can create on DAG Run:example_branch_labels
[2024-08-27T14:35:06.516+0000] {logging_mixin.py:190} INFO - [2024-08-27T14:35:06.516+0000] {override.py:1900} INFO - Created Permission View: menu access on DAG Run:example_branch_labels
[2024-08-27T14:35:06.527+0000] {logging_mixin.py:190} INFO - [2024-08-27T14:35:06.526+0000] {override.py:1900} INFO - Created Permission View: can delete on DAG Run:example_branch_labels
[2024-08-27T14:35:06.537+0000] {logging_mixin.py:190} INFO - [2024-08-27T14:35:06.536+0000] {override.py:1900} INFO - Created Permission View: can read on DAG Run:example_branch_labels
[2024-08-27T14:35:06.537+0000] {logging_mixin.py:190} INFO - [2024-08-27T14:35:06.537+0000] {dag.py:3211} INFO - Sync 1 DAGs
[2024-08-27T14:35:06.550+0000] {logging_mixin.py:190} INFO - [2024-08-27T14:35:06.550+0000] {dag.py:3234} INFO - Creating ORM DAG for example_branch_labels
[2024-08-27T14:35:06.560+0000] {logging_mixin.py:190} INFO - [2024-08-27T14:35:06.560+0000] {dag.py:4138} INFO - Setting next_dagrun for example_branch_labels to 2024-08-26 00:00:00+00:00, run_after=2024-08-27 00:00:00+00:00
[2024-08-27T14:35:06.584+0000] {processor.py:208} INFO - Processing /home/ubuntu/myenv/lib/python3.12/site-packages/airflow/example_dags/example_branch_labels.py took 0.263 seconds
[2024-08-27T14:36:05.632+0000] {processor.py:186} INFO - Started process (PID=5636) to work on /home/ubuntu/myenv/lib/python3.12/site-packages/airflow/example_dags/example_branch_labels.py
[2024-08-27T14:36:05.634+0000] {processor.py:914} INFO - Processing file /home/ubuntu/myenv/lib/python3.12/site-packages/airflow/example_dags/example_branch_labels.py for tasks to queue
[2024-08-27T14:36:05.636+0000] {logging_mixin.py:190} INFO - [2024-08-27T14:36:05.636+0000] {dagbag.py:587} INFO - Filling up the DagBag from /home/ubuntu/myenv/lib/python3.12/site-packages/airflow/example_dags/example_branch_labels.py
[2024-08-27T14:36:05.647+0000] {processor.py:925} INFO - DAG(s) 'example_branch_labels' retrieved from /home/ubuntu/myenv/lib/python3.12/site-packages/airflow/example_dags/example_branch_labels.py
[2024-08-27T14:36:05.666+0000] {logging_mixin.py:190} INFO - [2024-08-27T14:36:05.666+0000] {dag.py:3211} INFO - Sync 1 DAGs
[2024-08-27T14:36:05.688+0000] {logging_mixin.py:190} INFO - [2024-08-27T14:36:05.688+0000] {dag.py:4138} INFO - Setting next_dagrun for example_branch_labels to 2024-08-26 00:00:00+00:00, run_after=2024-08-27 00:00:00+00:00
[2024-08-27T14:36:05.712+0000] {processor.py:208} INFO - Processing /home/ubuntu/myenv/lib/python3.12/site-packages/airflow/example_dags/example_branch_labels.py took 0.085 seconds
[2024-08-27T14:37:20.027+0000] {processor.py:186} INFO - Started process (PID=5738) to work on /home/ubuntu/myenv/lib/python3.12/site-packages/airflow/example_dags/example_branch_labels.py
[2024-08-27T14:37:20.029+0000] {processor.py:914} INFO - Processing file /home/ubuntu/myenv/lib/python3.12/site-packages/airflow/example_dags/example_branch_labels.py for tasks to queue
[2024-08-27T14:37:20.031+0000] {logging_mixin.py:190} INFO - [2024-08-27T14:37:20.030+0000] {dagbag.py:587} INFO - Filling up the DagBag from /home/ubuntu/myenv/lib/python3.12/site-packages/airflow/example_dags/example_branch_labels.py
[2024-08-27T14:37:20.042+0000] {processor.py:925} INFO - DAG(s) 'example_branch_labels' retrieved from /home/ubuntu/myenv/lib/python3.12/site-packages/airflow/example_dags/example_branch_labels.py
[2024-08-27T14:37:20.060+0000] {logging_mixin.py:190} INFO - [2024-08-27T14:37:20.060+0000] {dag.py:3211} INFO - Sync 1 DAGs
[2024-08-27T14:37:20.083+0000] {logging_mixin.py:190} INFO - [2024-08-27T14:37:20.083+0000] {dag.py:4138} INFO - Setting next_dagrun for example_branch_labels to 2024-08-26 00:00:00+00:00, run_after=2024-08-27 00:00:00+00:00
[2024-08-27T14:37:20.106+0000] {processor.py:208} INFO - Processing /home/ubuntu/myenv/lib/python3.12/site-packages/airflow/example_dags/example_branch_labels.py took 0.085 seconds
[2024-08-27T14:38:35.587+0000] {processor.py:186} INFO - Started process (PID=5836) to work on /home/ubuntu/myenv/lib/python3.12/site-packages/airflow/example_dags/example_branch_labels.py
[2024-08-27T14:38:35.588+0000] {processor.py:914} INFO - Processing file /home/ubuntu/myenv/lib/python3.12/site-packages/airflow/example_dags/example_branch_labels.py for tasks to queue
[2024-08-27T14:38:35.590+0000] {logging_mixin.py:190} INFO - [2024-08-27T14:38:35.590+0000] {dagbag.py:587} INFO - Filling up the DagBag from /home/ubuntu/myenv/lib/python3.12/site-packages/airflow/example_dags/example_branch_labels.py
[2024-08-27T14:38:35.601+0000] {processor.py:925} INFO - DAG(s) 'example_branch_labels' retrieved from /home/ubuntu/myenv/lib/python3.12/site-packages/airflow/example_dags/example_branch_labels.py
[2024-08-27T14:38:35.620+0000] {logging_mixin.py:190} INFO - [2024-08-27T14:38:35.619+0000] {dag.py:3211} INFO - Sync 1 DAGs
[2024-08-27T14:38:35.642+0000] {logging_mixin.py:190} INFO - [2024-08-27T14:38:35.642+0000] {dag.py:4138} INFO - Setting next_dagrun for example_branch_labels to 2024-08-26 00:00:00+00:00, run_after=2024-08-27 00:00:00+00:00
[2024-08-27T14:38:35.785+0000] {processor.py:208} INFO - Processing /home/ubuntu/myenv/lib/python3.12/site-packages/airflow/example_dags/example_branch_labels.py took 0.205 seconds
[2024-08-27T14:39:42.823+0000] {processor.py:186} INFO - Started process (PID=5917) to work on /home/ubuntu/myenv/lib/python3.12/site-packages/airflow/example_dags/example_branch_labels.py
[2024-08-27T14:39:42.825+0000] {processor.py:914} INFO - Processing file /home/ubuntu/myenv/lib/python3.12/site-packages/airflow/example_dags/example_branch_labels.py for tasks to queue
[2024-08-27T14:39:42.827+0000] {logging_mixin.py:190} INFO - [2024-08-27T14:39:42.827+0000] {dagbag.py:587} INFO - Filling up the DagBag from /home/ubuntu/myenv/lib/python3.12/site-packages/airflow/example_dags/example_branch_labels.py
[2024-08-27T14:39:42.839+0000] {processor.py:925} INFO - DAG(s) 'example_branch_labels' retrieved from /home/ubuntu/myenv/lib/python3.12/site-packages/airflow/example_dags/example_branch_labels.py
[2024-08-27T14:39:42.858+0000] {logging_mixin.py:190} INFO - [2024-08-27T14:39:42.857+0000] {dag.py:3211} INFO - Sync 1 DAGs
[2024-08-27T14:39:42.882+0000] {logging_mixin.py:190} INFO - [2024-08-27T14:39:42.882+0000] {dag.py:4138} INFO - Setting next_dagrun for example_branch_labels to 2024-08-26 00:00:00+00:00, run_after=2024-08-27 00:00:00+00:00
[2024-08-27T14:39:42.907+0000] {processor.py:208} INFO - Processing /home/ubuntu/myenv/lib/python3.12/site-packages/airflow/example_dags/example_branch_labels.py took 0.090 seconds
[2024-08-27T14:40:58.094+0000] {processor.py:186} INFO - Started process (PID=6006) to work on /home/ubuntu/myenv/lib/python3.12/site-packages/airflow/example_dags/example_branch_labels.py
[2024-08-27T14:40:58.095+0000] {processor.py:914} INFO - Processing file /home/ubuntu/myenv/lib/python3.12/site-packages/airflow/example_dags/example_branch_labels.py for tasks to queue
[2024-08-27T14:40:58.097+0000] {logging_mixin.py:190} INFO - [2024-08-27T14:40:58.097+0000] {dagbag.py:587} INFO - Filling up the DagBag from /home/ubuntu/myenv/lib/python3.12/site-packages/airflow/example_dags/example_branch_labels.py
[2024-08-27T14:40:58.109+0000] {processor.py:925} INFO - DAG(s) 'example_branch_labels' retrieved from /home/ubuntu/myenv/lib/python3.12/site-packages/airflow/example_dags/example_branch_labels.py
[2024-08-27T14:40:58.127+0000] {logging_mixin.py:190} INFO - [2024-08-27T14:40:58.127+0000] {dag.py:3211} INFO - Sync 1 DAGs
[2024-08-27T14:40:58.151+0000] {logging_mixin.py:190} INFO - [2024-08-27T14:40:58.150+0000] {dag.py:4138} INFO - Setting next_dagrun for example_branch_labels to 2024-08-26 00:00:00+00:00, run_after=2024-08-27 00:00:00+00:00
[2024-08-27T14:40:58.172+0000] {processor.py:208} INFO - Processing /home/ubuntu/myenv/lib/python3.12/site-packages/airflow/example_dags/example_branch_labels.py took 0.085 seconds
[2024-08-27T14:42:12.864+0000] {processor.py:186} INFO - Started process (PID=6082) to work on /home/ubuntu/myenv/lib/python3.12/site-packages/airflow/example_dags/example_branch_labels.py
[2024-08-27T14:42:12.865+0000] {processor.py:914} INFO - Processing file /home/ubuntu/myenv/lib/python3.12/site-packages/airflow/example_dags/example_branch_labels.py for tasks to queue
[2024-08-27T14:42:12.867+0000] {logging_mixin.py:190} INFO - [2024-08-27T14:42:12.867+0000] {dagbag.py:587} INFO - Filling up the DagBag from /home/ubuntu/myenv/lib/python3.12/site-packages/airflow/example_dags/example_branch_labels.py
[2024-08-27T14:42:12.879+0000] {processor.py:925} INFO - DAG(s) 'example_branch_labels' retrieved from /home/ubuntu/myenv/lib/python3.12/site-packages/airflow/example_dags/example_branch_labels.py
[2024-08-27T14:42:12.898+0000] {logging_mixin.py:190} INFO - [2024-08-27T14:42:12.897+0000] {dag.py:3211} INFO - Sync 1 DAGs
[2024-08-27T14:42:12.921+0000] {logging_mixin.py:190} INFO - [2024-08-27T14:42:12.920+0000] {dag.py:4138} INFO - Setting next_dagrun for example_branch_labels to 2024-08-26 00:00:00+00:00, run_after=2024-08-27 00:00:00+00:00
[2024-08-27T14:42:12.943+0000] {processor.py:208} INFO - Processing /home/ubuntu/myenv/lib/python3.12/site-packages/airflow/example_dags/example_branch_labels.py took 0.085 seconds
[2024-08-27T14:43:30.147+0000] {processor.py:186} INFO - Started process (PID=6160) to work on /home/ubuntu/myenv/lib/python3.12/site-packages/airflow/example_dags/example_branch_labels.py
[2024-08-27T14:43:30.149+0000] {processor.py:914} INFO - Processing file /home/ubuntu/myenv/lib/python3.12/site-packages/airflow/example_dags/example_branch_labels.py for tasks to queue
[2024-08-27T14:43:30.151+0000] {logging_mixin.py:190} INFO - [2024-08-27T14:43:30.151+0000] {dagbag.py:587} INFO - Filling up the DagBag from /home/ubuntu/myenv/lib/python3.12/site-packages/airflow/example_dags/example_branch_labels.py
[2024-08-27T14:43:30.163+0000] {processor.py:925} INFO - DAG(s) 'example_branch_labels' retrieved from /home/ubuntu/myenv/lib/python3.12/site-packages/airflow/example_dags/example_branch_labels.py
[2024-08-27T14:43:30.181+0000] {logging_mixin.py:190} INFO - [2024-08-27T14:43:30.181+0000] {dag.py:3211} INFO - Sync 1 DAGs
[2024-08-27T14:43:30.204+0000] {logging_mixin.py:190} INFO - [2024-08-27T14:43:30.204+0000] {dag.py:4138} INFO - Setting next_dagrun for example_branch_labels to 2024-08-26 00:00:00+00:00, run_after=2024-08-27 00:00:00+00:00
[2024-08-27T14:43:30.226+0000] {processor.py:208} INFO - Processing /home/ubuntu/myenv/lib/python3.12/site-packages/airflow/example_dags/example_branch_labels.py took 0.085 seconds
[2024-08-27T14:44:43.847+0000] {processor.py:186} INFO - Started process (PID=6239) to work on /home/ubuntu/myenv/lib/python3.12/site-packages/airflow/example_dags/example_branch_labels.py
[2024-08-27T14:44:43.849+0000] {processor.py:914} INFO - Processing file /home/ubuntu/myenv/lib/python3.12/site-packages/airflow/example_dags/example_branch_labels.py for tasks to queue
[2024-08-27T14:44:43.851+0000] {logging_mixin.py:190} INFO - [2024-08-27T14:44:43.850+0000] {dagbag.py:587} INFO - Filling up the DagBag from /home/ubuntu/myenv/lib/python3.12/site-packages/airflow/example_dags/example_branch_labels.py
[2024-08-27T14:44:43.862+0000] {processor.py:925} INFO - DAG(s) 'example_branch_labels' retrieved from /home/ubuntu/myenv/lib/python3.12/site-packages/airflow/example_dags/example_branch_labels.py
[2024-08-27T14:44:43.881+0000] {logging_mixin.py:190} INFO - [2024-08-27T14:44:43.881+0000] {dag.py:3211} INFO - Sync 1 DAGs
[2024-08-27T14:44:43.904+0000] {logging_mixin.py:190} INFO - [2024-08-27T14:44:43.904+0000] {dag.py:4138} INFO - Setting next_dagrun for example_branch_labels to 2024-08-26 00:00:00+00:00, run_after=2024-08-27 00:00:00+00:00
[2024-08-27T14:44:43.926+0000] {processor.py:208} INFO - Processing /home/ubuntu/myenv/lib/python3.12/site-packages/airflow/example_dags/example_branch_labels.py took 0.085 seconds
[2024-08-27T14:46:02.377+0000] {processor.py:186} INFO - Started process (PID=6322) to work on /home/ubuntu/myenv/lib/python3.12/site-packages/airflow/example_dags/example_branch_labels.py
[2024-08-27T14:46:02.378+0000] {processor.py:914} INFO - Processing file /home/ubuntu/myenv/lib/python3.12/site-packages/airflow/example_dags/example_branch_labels.py for tasks to queue
[2024-08-27T14:46:02.381+0000] {logging_mixin.py:190} INFO - [2024-08-27T14:46:02.380+0000] {dagbag.py:587} INFO - Filling up the DagBag from /home/ubuntu/myenv/lib/python3.12/site-packages/airflow/example_dags/example_branch_labels.py
[2024-08-27T14:46:02.393+0000] {processor.py:925} INFO - DAG(s) 'example_branch_labels' retrieved from /home/ubuntu/myenv/lib/python3.12/site-packages/airflow/example_dags/example_branch_labels.py
[2024-08-27T14:46:02.414+0000] {logging_mixin.py:190} INFO - [2024-08-27T14:46:02.413+0000] {dag.py:3211} INFO - Sync 1 DAGs
[2024-08-27T14:46:02.439+0000] {logging_mixin.py:190} INFO - [2024-08-27T14:46:02.438+0000] {dag.py:4138} INFO - Setting next_dagrun for example_branch_labels to 2024-08-26 00:00:00+00:00, run_after=2024-08-27 00:00:00+00:00
[2024-08-27T14:46:02.463+0000] {processor.py:208} INFO - Processing /home/ubuntu/myenv/lib/python3.12/site-packages/airflow/example_dags/example_branch_labels.py took 0.093 seconds
[2024-08-27T14:47:10.967+0000] {processor.py:186} INFO - Started process (PID=6395) to work on /home/ubuntu/myenv/lib/python3.12/site-packages/airflow/example_dags/example_branch_labels.py
[2024-08-27T14:47:10.968+0000] {processor.py:914} INFO - Processing file /home/ubuntu/myenv/lib/python3.12/site-packages/airflow/example_dags/example_branch_labels.py for tasks to queue
[2024-08-27T14:47:10.971+0000] {logging_mixin.py:190} INFO - [2024-08-27T14:47:10.970+0000] {dagbag.py:587} INFO - Filling up the DagBag from /home/ubuntu/myenv/lib/python3.12/site-packages/airflow/example_dags/example_branch_labels.py
[2024-08-27T14:47:10.982+0000] {processor.py:925} INFO - DAG(s) 'example_branch_labels' retrieved from /home/ubuntu/myenv/lib/python3.12/site-packages/airflow/example_dags/example_branch_labels.py
[2024-08-27T14:47:11.001+0000] {logging_mixin.py:190} INFO - [2024-08-27T14:47:11.001+0000] {dag.py:3211} INFO - Sync 1 DAGs
[2024-08-27T14:47:11.024+0000] {logging_mixin.py:190} INFO - [2024-08-27T14:47:11.024+0000] {dag.py:4138} INFO - Setting next_dagrun for example_branch_labels to 2024-08-26 00:00:00+00:00, run_after=2024-08-27 00:00:00+00:00
[2024-08-27T14:47:11.047+0000] {processor.py:208} INFO - Processing /home/ubuntu/myenv/lib/python3.12/site-packages/airflow/example_dags/example_branch_labels.py took 0.086 seconds
[2024-08-27T14:48:27.934+0000] {processor.py:186} INFO - Started process (PID=6479) to work on /home/ubuntu/myenv/lib/python3.12/site-packages/airflow/example_dags/example_branch_labels.py
[2024-08-27T14:48:27.935+0000] {processor.py:914} INFO - Processing file /home/ubuntu/myenv/lib/python3.12/site-packages/airflow/example_dags/example_branch_labels.py for tasks to queue
[2024-08-27T14:48:27.938+0000] {logging_mixin.py:190} INFO - [2024-08-27T14:48:27.937+0000] {dagbag.py:587} INFO - Filling up the DagBag from /home/ubuntu/myenv/lib/python3.12/site-packages/airflow/example_dags/example_branch_labels.py
[2024-08-27T14:48:27.950+0000] {processor.py:925} INFO - DAG(s) 'example_branch_labels' retrieved from /home/ubuntu/myenv/lib/python3.12/site-packages/airflow/example_dags/example_branch_labels.py
[2024-08-27T14:48:27.970+0000] {logging_mixin.py:190} INFO - [2024-08-27T14:48:27.969+0000] {dag.py:3211} INFO - Sync 1 DAGs
[2024-08-27T14:48:27.993+0000] {logging_mixin.py:190} INFO - [2024-08-27T14:48:27.993+0000] {dag.py:4138} INFO - Setting next_dagrun for example_branch_labels to 2024-08-26 00:00:00+00:00, run_after=2024-08-27 00:00:00+00:00
[2024-08-27T14:48:28.016+0000] {processor.py:208} INFO - Processing /home/ubuntu/myenv/lib/python3.12/site-packages/airflow/example_dags/example_branch_labels.py took 0.089 seconds
[2024-08-27T14:49:46.300+0000] {processor.py:186} INFO - Started process (PID=6562) to work on /home/ubuntu/myenv/lib/python3.12/site-packages/airflow/example_dags/example_branch_labels.py
[2024-08-27T14:49:46.302+0000] {processor.py:914} INFO - Processing file /home/ubuntu/myenv/lib/python3.12/site-packages/airflow/example_dags/example_branch_labels.py for tasks to queue
[2024-08-27T14:49:46.304+0000] {logging_mixin.py:190} INFO - [2024-08-27T14:49:46.304+0000] {dagbag.py:587} INFO - Filling up the DagBag from /home/ubuntu/myenv/lib/python3.12/site-packages/airflow/example_dags/example_branch_labels.py
[2024-08-27T14:49:46.316+0000] {processor.py:925} INFO - DAG(s) 'example_branch_labels' retrieved from /home/ubuntu/myenv/lib/python3.12/site-packages/airflow/example_dags/example_branch_labels.py
[2024-08-27T14:49:46.335+0000] {logging_mixin.py:190} INFO - [2024-08-27T14:49:46.335+0000] {dag.py:3211} INFO - Sync 1 DAGs
[2024-08-27T14:49:46.359+0000] {logging_mixin.py:190} INFO - [2024-08-27T14:49:46.358+0000] {dag.py:4138} INFO - Setting next_dagrun for example_branch_labels to 2024-08-26 00:00:00+00:00, run_after=2024-08-27 00:00:00+00:00
[2024-08-27T14:49:46.382+0000] {processor.py:208} INFO - Processing /home/ubuntu/myenv/lib/python3.12/site-packages/airflow/example_dags/example_branch_labels.py took 0.088 seconds
[2024-08-27T16:10:32.307+0000] {processor.py:186} INFO - Started process (PID=7640) to work on /home/ubuntu/myenv/lib/python3.12/site-packages/airflow/example_dags/example_branch_labels.py
[2024-08-27T16:10:32.308+0000] {processor.py:914} INFO - Processing file /home/ubuntu/myenv/lib/python3.12/site-packages/airflow/example_dags/example_branch_labels.py for tasks to queue
[2024-08-27T16:10:32.311+0000] {logging_mixin.py:190} INFO - [2024-08-27T16:10:32.310+0000] {dagbag.py:587} INFO - Filling up the DagBag from /home/ubuntu/myenv/lib/python3.12/site-packages/airflow/example_dags/example_branch_labels.py
[2024-08-27T16:10:32.322+0000] {processor.py:925} INFO - DAG(s) 'example_branch_labels' retrieved from /home/ubuntu/myenv/lib/python3.12/site-packages/airflow/example_dags/example_branch_labels.py
[2024-08-27T16:10:32.340+0000] {logging_mixin.py:190} INFO - [2024-08-27T16:10:32.340+0000] {dag.py:3211} INFO - Sync 1 DAGs
[2024-08-27T16:10:32.362+0000] {logging_mixin.py:190} INFO - [2024-08-27T16:10:32.362+0000] {dag.py:4138} INFO - Setting next_dagrun for example_branch_labels to 2024-08-26 00:00:00+00:00, run_after=2024-08-27 00:00:00+00:00
[2024-08-27T16:10:32.386+0000] {processor.py:208} INFO - Processing /home/ubuntu/myenv/lib/python3.12/site-packages/airflow/example_dags/example_branch_labels.py took 0.085 seconds
[2024-08-27T16:11:47.421+0000] {processor.py:186} INFO - Started process (PID=7796) to work on /home/ubuntu/myenv/lib/python3.12/site-packages/airflow/example_dags/example_branch_labels.py
[2024-08-27T16:11:47.422+0000] {processor.py:914} INFO - Processing file /home/ubuntu/myenv/lib/python3.12/site-packages/airflow/example_dags/example_branch_labels.py for tasks to queue
[2024-08-27T16:11:47.424+0000] {logging_mixin.py:190} INFO - [2024-08-27T16:11:47.424+0000] {dagbag.py:587} INFO - Filling up the DagBag from /home/ubuntu/myenv/lib/python3.12/site-packages/airflow/example_dags/example_branch_labels.py
[2024-08-27T16:11:47.435+0000] {processor.py:925} INFO - DAG(s) 'example_branch_labels' retrieved from /home/ubuntu/myenv/lib/python3.12/site-packages/airflow/example_dags/example_branch_labels.py
[2024-08-27T16:11:47.454+0000] {logging_mixin.py:190} INFO - [2024-08-27T16:11:47.454+0000] {dag.py:3211} INFO - Sync 1 DAGs
[2024-08-27T16:11:47.477+0000] {logging_mixin.py:190} INFO - [2024-08-27T16:11:47.477+0000] {dag.py:4138} INFO - Setting next_dagrun for example_branch_labels to 2024-08-26 00:00:00+00:00, run_after=2024-08-27 00:00:00+00:00
[2024-08-27T16:11:47.502+0000] {processor.py:208} INFO - Processing /home/ubuntu/myenv/lib/python3.12/site-packages/airflow/example_dags/example_branch_labels.py took 0.088 seconds
[2024-08-27T16:13:04.672+0000] {processor.py:186} INFO - Started process (PID=7948) to work on /home/ubuntu/myenv/lib/python3.12/site-packages/airflow/example_dags/example_branch_labels.py
[2024-08-27T16:13:04.673+0000] {processor.py:914} INFO - Processing file /home/ubuntu/myenv/lib/python3.12/site-packages/airflow/example_dags/example_branch_labels.py for tasks to queue
[2024-08-27T16:13:04.676+0000] {logging_mixin.py:190} INFO - [2024-08-27T16:13:04.675+0000] {dagbag.py:587} INFO - Filling up the DagBag from /home/ubuntu/myenv/lib/python3.12/site-packages/airflow/example_dags/example_branch_labels.py
[2024-08-27T16:13:04.688+0000] {processor.py:925} INFO - DAG(s) 'example_branch_labels' retrieved from /home/ubuntu/myenv/lib/python3.12/site-packages/airflow/example_dags/example_branch_labels.py
[2024-08-27T16:13:04.707+0000] {logging_mixin.py:190} INFO - [2024-08-27T16:13:04.707+0000] {dag.py:3211} INFO - Sync 1 DAGs
[2024-08-27T16:13:04.733+0000] {logging_mixin.py:190} INFO - [2024-08-27T16:13:04.733+0000] {dag.py:4138} INFO - Setting next_dagrun for example_branch_labels to 2024-08-26 00:00:00+00:00, run_after=2024-08-27 00:00:00+00:00
[2024-08-27T16:13:04.756+0000] {processor.py:208} INFO - Processing /home/ubuntu/myenv/lib/python3.12/site-packages/airflow/example_dags/example_branch_labels.py took 0.091 seconds
