[2024-08-27T14:34:54.863+0000] {processor.py:186} INFO - Started process (PID=5550) to work on /home/ubuntu/myenv/lib/python3.12/site-packages/airflow/example_dags/example_dynamic_task_mapping_with_no_taskflow_operators.py
[2024-08-27T14:34:54.863+0000] {processor.py:914} INFO - Processing file /home/ubuntu/myenv/lib/python3.12/site-packages/airflow/example_dags/example_dynamic_task_mapping_with_no_taskflow_operators.py for tasks to queue
[2024-08-27T14:34:54.866+0000] {logging_mixin.py:190} INFO - [2024-08-27T14:34:54.865+0000] {dagbag.py:587} INFO - Filling up the DagBag from /home/ubuntu/myenv/lib/python3.12/site-packages/airflow/example_dags/example_dynamic_task_mapping_with_no_taskflow_operators.py
[2024-08-27T14:34:54.875+0000] {processor.py:925} INFO - DAG(s) 'example_dynamic_task_mapping_with_no_taskflow_operators' retrieved from /home/ubuntu/myenv/lib/python3.12/site-packages/airflow/example_dags/example_dynamic_task_mapping_with_no_taskflow_operators.py
[2024-08-27T14:34:54.995+0000] {logging_mixin.py:190} INFO - [2024-08-27T14:34:54.994+0000] {override.py:1900} INFO - Created Permission View: can delete on DAG:example_dynamic_task_mapping_with_no_taskflow_operators
[2024-08-27T14:34:55.009+0000] {logging_mixin.py:190} INFO - [2024-08-27T14:34:55.008+0000] {override.py:1900} INFO - Created Permission View: can edit on DAG:example_dynamic_task_mapping_with_no_taskflow_operators
[2024-08-27T14:34:55.019+0000] {logging_mixin.py:190} INFO - [2024-08-27T14:34:55.019+0000] {override.py:1900} INFO - Created Permission View: can read on DAG:example_dynamic_task_mapping_with_no_taskflow_operators
[2024-08-27T14:34:55.035+0000] {logging_mixin.py:190} INFO - [2024-08-27T14:34:55.034+0000] {override.py:1900} INFO - Created Permission View: can create on DAG Run:example_dynamic_task_mapping_with_no_taskflow_operators
[2024-08-27T14:34:55.044+0000] {logging_mixin.py:190} INFO - [2024-08-27T14:34:55.044+0000] {override.py:1900} INFO - Created Permission View: menu access on DAG Run:example_dynamic_task_mapping_with_no_taskflow_operators
[2024-08-27T14:34:55.053+0000] {logging_mixin.py:190} INFO - [2024-08-27T14:34:55.053+0000] {override.py:1900} INFO - Created Permission View: can delete on DAG Run:example_dynamic_task_mapping_with_no_taskflow_operators
[2024-08-27T14:34:55.063+0000] {logging_mixin.py:190} INFO - [2024-08-27T14:34:55.063+0000] {override.py:1900} INFO - Created Permission View: can read on DAG Run:example_dynamic_task_mapping_with_no_taskflow_operators
[2024-08-27T14:34:55.064+0000] {logging_mixin.py:190} INFO - [2024-08-27T14:34:55.064+0000] {dag.py:3211} INFO - Sync 1 DAGs
[2024-08-27T14:34:55.077+0000] {logging_mixin.py:190} INFO - [2024-08-27T14:34:55.076+0000] {dag.py:3234} INFO - Creating ORM DAG for example_dynamic_task_mapping_with_no_taskflow_operators
[2024-08-27T14:34:55.086+0000] {logging_mixin.py:190} INFO - [2024-08-27T14:34:55.086+0000] {dag.py:4138} INFO - Setting next_dagrun for example_dynamic_task_mapping_with_no_taskflow_operators to 2024-08-26 00:00:00+00:00, run_after=2024-08-27 00:00:00+00:00
[2024-08-27T14:34:55.108+0000] {processor.py:208} INFO - Processing /home/ubuntu/myenv/lib/python3.12/site-packages/airflow/example_dags/example_dynamic_task_mapping_with_no_taskflow_operators.py took 0.251 seconds
[2024-08-27T14:35:57.856+0000] {processor.py:186} INFO - Started process (PID=5625) to work on /home/ubuntu/myenv/lib/python3.12/site-packages/airflow/example_dags/example_dynamic_task_mapping_with_no_taskflow_operators.py
[2024-08-27T14:35:57.858+0000] {processor.py:914} INFO - Processing file /home/ubuntu/myenv/lib/python3.12/site-packages/airflow/example_dags/example_dynamic_task_mapping_with_no_taskflow_operators.py for tasks to queue
[2024-08-27T14:35:57.860+0000] {logging_mixin.py:190} INFO - [2024-08-27T14:35:57.860+0000] {dagbag.py:587} INFO - Filling up the DagBag from /home/ubuntu/myenv/lib/python3.12/site-packages/airflow/example_dags/example_dynamic_task_mapping_with_no_taskflow_operators.py
[2024-08-27T14:35:57.870+0000] {processor.py:925} INFO - DAG(s) 'example_dynamic_task_mapping_with_no_taskflow_operators' retrieved from /home/ubuntu/myenv/lib/python3.12/site-packages/airflow/example_dags/example_dynamic_task_mapping_with_no_taskflow_operators.py
[2024-08-27T14:35:57.887+0000] {logging_mixin.py:190} INFO - [2024-08-27T14:35:57.887+0000] {dag.py:3211} INFO - Sync 1 DAGs
[2024-08-27T14:35:57.909+0000] {logging_mixin.py:190} INFO - [2024-08-27T14:35:57.909+0000] {dag.py:4138} INFO - Setting next_dagrun for example_dynamic_task_mapping_with_no_taskflow_operators to 2024-08-26 00:00:00+00:00, run_after=2024-08-27 00:00:00+00:00
[2024-08-27T14:35:57.933+0000] {processor.py:208} INFO - Processing /home/ubuntu/myenv/lib/python3.12/site-packages/airflow/example_dags/example_dynamic_task_mapping_with_no_taskflow_operators.py took 0.083 seconds
[2024-08-27T14:36:50.887+0000] {processor.py:186} INFO - Started process (PID=5696) to work on /home/ubuntu/myenv/lib/python3.12/site-packages/airflow/example_dags/example_dynamic_task_mapping_with_no_taskflow_operators.py
[2024-08-27T14:36:50.888+0000] {processor.py:914} INFO - Processing file /home/ubuntu/myenv/lib/python3.12/site-packages/airflow/example_dags/example_dynamic_task_mapping_with_no_taskflow_operators.py for tasks to queue
[2024-08-27T14:36:50.891+0000] {logging_mixin.py:190} INFO - [2024-08-27T14:36:50.890+0000] {dagbag.py:587} INFO - Filling up the DagBag from /home/ubuntu/myenv/lib/python3.12/site-packages/airflow/example_dags/example_dynamic_task_mapping_with_no_taskflow_operators.py
[2024-08-27T14:36:50.900+0000] {processor.py:925} INFO - DAG(s) 'example_dynamic_task_mapping_with_no_taskflow_operators' retrieved from /home/ubuntu/myenv/lib/python3.12/site-packages/airflow/example_dags/example_dynamic_task_mapping_with_no_taskflow_operators.py
[2024-08-27T14:36:50.916+0000] {logging_mixin.py:190} INFO - [2024-08-27T14:36:50.916+0000] {dag.py:3211} INFO - Sync 1 DAGs
[2024-08-27T14:36:50.938+0000] {logging_mixin.py:190} INFO - [2024-08-27T14:36:50.937+0000] {dag.py:4138} INFO - Setting next_dagrun for example_dynamic_task_mapping_with_no_taskflow_operators to 2024-08-26 00:00:00+00:00, run_after=2024-08-27 00:00:00+00:00
[2024-08-27T14:36:50.960+0000] {processor.py:208} INFO - Processing /home/ubuntu/myenv/lib/python3.12/site-packages/airflow/example_dags/example_dynamic_task_mapping_with_no_taskflow_operators.py took 0.079 seconds
[2024-08-27T14:37:46.014+0000] {processor.py:186} INFO - Started process (PID=5771) to work on /home/ubuntu/myenv/lib/python3.12/site-packages/airflow/example_dags/example_dynamic_task_mapping_with_no_taskflow_operators.py
[2024-08-27T14:37:46.016+0000] {processor.py:914} INFO - Processing file /home/ubuntu/myenv/lib/python3.12/site-packages/airflow/example_dags/example_dynamic_task_mapping_with_no_taskflow_operators.py for tasks to queue
[2024-08-27T14:37:46.018+0000] {logging_mixin.py:190} INFO - [2024-08-27T14:37:46.017+0000] {dagbag.py:587} INFO - Filling up the DagBag from /home/ubuntu/myenv/lib/python3.12/site-packages/airflow/example_dags/example_dynamic_task_mapping_with_no_taskflow_operators.py
[2024-08-27T14:37:46.027+0000] {processor.py:925} INFO - DAG(s) 'example_dynamic_task_mapping_with_no_taskflow_operators' retrieved from /home/ubuntu/myenv/lib/python3.12/site-packages/airflow/example_dags/example_dynamic_task_mapping_with_no_taskflow_operators.py
[2024-08-27T14:37:46.044+0000] {logging_mixin.py:190} INFO - [2024-08-27T14:37:46.044+0000] {dag.py:3211} INFO - Sync 1 DAGs
[2024-08-27T14:37:46.065+0000] {logging_mixin.py:190} INFO - [2024-08-27T14:37:46.065+0000] {dag.py:4138} INFO - Setting next_dagrun for example_dynamic_task_mapping_with_no_taskflow_operators to 2024-08-26 00:00:00+00:00, run_after=2024-08-27 00:00:00+00:00
[2024-08-27T14:37:46.087+0000] {processor.py:208} INFO - Processing /home/ubuntu/myenv/lib/python3.12/site-packages/airflow/example_dags/example_dynamic_task_mapping_with_no_taskflow_operators.py took 0.079 seconds
[2024-08-27T14:39:07.810+0000] {processor.py:186} INFO - Started process (PID=5872) to work on /home/ubuntu/myenv/lib/python3.12/site-packages/airflow/example_dags/example_dynamic_task_mapping_with_no_taskflow_operators.py
[2024-08-27T14:39:07.811+0000] {processor.py:914} INFO - Processing file /home/ubuntu/myenv/lib/python3.12/site-packages/airflow/example_dags/example_dynamic_task_mapping_with_no_taskflow_operators.py for tasks to queue
[2024-08-27T14:39:07.813+0000] {logging_mixin.py:190} INFO - [2024-08-27T14:39:07.813+0000] {dagbag.py:587} INFO - Filling up the DagBag from /home/ubuntu/myenv/lib/python3.12/site-packages/airflow/example_dags/example_dynamic_task_mapping_with_no_taskflow_operators.py
[2024-08-27T14:39:07.823+0000] {processor.py:925} INFO - DAG(s) 'example_dynamic_task_mapping_with_no_taskflow_operators' retrieved from /home/ubuntu/myenv/lib/python3.12/site-packages/airflow/example_dags/example_dynamic_task_mapping_with_no_taskflow_operators.py
[2024-08-27T14:39:07.968+0000] {logging_mixin.py:190} INFO - [2024-08-27T14:39:07.968+0000] {dag.py:3211} INFO - Sync 1 DAGs
[2024-08-27T14:39:07.986+0000] {logging_mixin.py:190} INFO - [2024-08-27T14:39:07.986+0000] {dag.py:4138} INFO - Setting next_dagrun for example_dynamic_task_mapping_with_no_taskflow_operators to 2024-08-26 00:00:00+00:00, run_after=2024-08-27 00:00:00+00:00
[2024-08-27T14:39:08.007+0000] {processor.py:208} INFO - Processing /home/ubuntu/myenv/lib/python3.12/site-packages/airflow/example_dags/example_dynamic_task_mapping_with_no_taskflow_operators.py took 0.203 seconds
[2024-08-27T14:40:03.421+0000] {processor.py:186} INFO - Started process (PID=5949) to work on /home/ubuntu/myenv/lib/python3.12/site-packages/airflow/example_dags/example_dynamic_task_mapping_with_no_taskflow_operators.py
[2024-08-27T14:40:03.423+0000] {processor.py:914} INFO - Processing file /home/ubuntu/myenv/lib/python3.12/site-packages/airflow/example_dags/example_dynamic_task_mapping_with_no_taskflow_operators.py for tasks to queue
[2024-08-27T14:40:03.426+0000] {logging_mixin.py:190} INFO - [2024-08-27T14:40:03.425+0000] {dagbag.py:587} INFO - Filling up the DagBag from /home/ubuntu/myenv/lib/python3.12/site-packages/airflow/example_dags/example_dynamic_task_mapping_with_no_taskflow_operators.py
[2024-08-27T14:40:03.436+0000] {processor.py:925} INFO - DAG(s) 'example_dynamic_task_mapping_with_no_taskflow_operators' retrieved from /home/ubuntu/myenv/lib/python3.12/site-packages/airflow/example_dags/example_dynamic_task_mapping_with_no_taskflow_operators.py
[2024-08-27T14:40:03.455+0000] {logging_mixin.py:190} INFO - [2024-08-27T14:40:03.455+0000] {dag.py:3211} INFO - Sync 1 DAGs
[2024-08-27T14:40:03.480+0000] {logging_mixin.py:190} INFO - [2024-08-27T14:40:03.480+0000] {dag.py:4138} INFO - Setting next_dagrun for example_dynamic_task_mapping_with_no_taskflow_operators to 2024-08-26 00:00:00+00:00, run_after=2024-08-27 00:00:00+00:00
[2024-08-27T14:40:03.503+0000] {processor.py:208} INFO - Processing /home/ubuntu/myenv/lib/python3.12/site-packages/airflow/example_dags/example_dynamic_task_mapping_with_no_taskflow_operators.py took 0.089 seconds
[2024-08-27T14:40:54.095+0000] {processor.py:186} INFO - Started process (PID=6002) to work on /home/ubuntu/myenv/lib/python3.12/site-packages/airflow/example_dags/example_dynamic_task_mapping_with_no_taskflow_operators.py
[2024-08-27T14:40:54.097+0000] {processor.py:914} INFO - Processing file /home/ubuntu/myenv/lib/python3.12/site-packages/airflow/example_dags/example_dynamic_task_mapping_with_no_taskflow_operators.py for tasks to queue
[2024-08-27T14:40:54.099+0000] {logging_mixin.py:190} INFO - [2024-08-27T14:40:54.099+0000] {dagbag.py:587} INFO - Filling up the DagBag from /home/ubuntu/myenv/lib/python3.12/site-packages/airflow/example_dags/example_dynamic_task_mapping_with_no_taskflow_operators.py
[2024-08-27T14:40:54.109+0000] {processor.py:925} INFO - DAG(s) 'example_dynamic_task_mapping_with_no_taskflow_operators' retrieved from /home/ubuntu/myenv/lib/python3.12/site-packages/airflow/example_dags/example_dynamic_task_mapping_with_no_taskflow_operators.py
[2024-08-27T14:40:54.126+0000] {logging_mixin.py:190} INFO - [2024-08-27T14:40:54.126+0000] {dag.py:3211} INFO - Sync 1 DAGs
[2024-08-27T14:40:54.150+0000] {logging_mixin.py:190} INFO - [2024-08-27T14:40:54.150+0000] {dag.py:4138} INFO - Setting next_dagrun for example_dynamic_task_mapping_with_no_taskflow_operators to 2024-08-26 00:00:00+00:00, run_after=2024-08-27 00:00:00+00:00
[2024-08-27T14:40:54.173+0000] {processor.py:208} INFO - Processing /home/ubuntu/myenv/lib/python3.12/site-packages/airflow/example_dags/example_dynamic_task_mapping_with_no_taskflow_operators.py took 0.084 seconds
[2024-08-27T14:41:48.047+0000] {processor.py:186} INFO - Started process (PID=6057) to work on /home/ubuntu/myenv/lib/python3.12/site-packages/airflow/example_dags/example_dynamic_task_mapping_with_no_taskflow_operators.py
[2024-08-27T14:41:48.048+0000] {processor.py:914} INFO - Processing file /home/ubuntu/myenv/lib/python3.12/site-packages/airflow/example_dags/example_dynamic_task_mapping_with_no_taskflow_operators.py for tasks to queue
[2024-08-27T14:41:48.050+0000] {logging_mixin.py:190} INFO - [2024-08-27T14:41:48.050+0000] {dagbag.py:587} INFO - Filling up the DagBag from /home/ubuntu/myenv/lib/python3.12/site-packages/airflow/example_dags/example_dynamic_task_mapping_with_no_taskflow_operators.py
[2024-08-27T14:41:48.060+0000] {processor.py:925} INFO - DAG(s) 'example_dynamic_task_mapping_with_no_taskflow_operators' retrieved from /home/ubuntu/myenv/lib/python3.12/site-packages/airflow/example_dags/example_dynamic_task_mapping_with_no_taskflow_operators.py
[2024-08-27T14:41:48.077+0000] {logging_mixin.py:190} INFO - [2024-08-27T14:41:48.077+0000] {dag.py:3211} INFO - Sync 1 DAGs
[2024-08-27T14:41:48.099+0000] {logging_mixin.py:190} INFO - [2024-08-27T14:41:48.099+0000] {dag.py:4138} INFO - Setting next_dagrun for example_dynamic_task_mapping_with_no_taskflow_operators to 2024-08-26 00:00:00+00:00, run_after=2024-08-27 00:00:00+00:00
[2024-08-27T14:41:48.123+0000] {processor.py:208} INFO - Processing /home/ubuntu/myenv/lib/python3.12/site-packages/airflow/example_dags/example_dynamic_task_mapping_with_no_taskflow_operators.py took 0.082 seconds
[2024-08-27T14:43:02.707+0000] {processor.py:186} INFO - Started process (PID=6133) to work on /home/ubuntu/myenv/lib/python3.12/site-packages/airflow/example_dags/example_dynamic_task_mapping_with_no_taskflow_operators.py
[2024-08-27T14:43:02.708+0000] {processor.py:914} INFO - Processing file /home/ubuntu/myenv/lib/python3.12/site-packages/airflow/example_dags/example_dynamic_task_mapping_with_no_taskflow_operators.py for tasks to queue
[2024-08-27T14:43:02.711+0000] {logging_mixin.py:190} INFO - [2024-08-27T14:43:02.710+0000] {dagbag.py:587} INFO - Filling up the DagBag from /home/ubuntu/myenv/lib/python3.12/site-packages/airflow/example_dags/example_dynamic_task_mapping_with_no_taskflow_operators.py
[2024-08-27T14:43:02.721+0000] {processor.py:925} INFO - DAG(s) 'example_dynamic_task_mapping_with_no_taskflow_operators' retrieved from /home/ubuntu/myenv/lib/python3.12/site-packages/airflow/example_dags/example_dynamic_task_mapping_with_no_taskflow_operators.py
[2024-08-27T14:43:02.739+0000] {logging_mixin.py:190} INFO - [2024-08-27T14:43:02.739+0000] {dag.py:3211} INFO - Sync 1 DAGs
[2024-08-27T14:43:02.763+0000] {logging_mixin.py:190} INFO - [2024-08-27T14:43:02.763+0000] {dag.py:4138} INFO - Setting next_dagrun for example_dynamic_task_mapping_with_no_taskflow_operators to 2024-08-26 00:00:00+00:00, run_after=2024-08-27 00:00:00+00:00
[2024-08-27T14:43:02.786+0000] {processor.py:208} INFO - Processing /home/ubuntu/myenv/lib/python3.12/site-packages/airflow/example_dags/example_dynamic_task_mapping_with_no_taskflow_operators.py took 0.086 seconds
[2024-08-27T14:43:52.897+0000] {processor.py:186} INFO - Started process (PID=6185) to work on /home/ubuntu/myenv/lib/python3.12/site-packages/airflow/example_dags/example_dynamic_task_mapping_with_no_taskflow_operators.py
[2024-08-27T14:43:52.898+0000] {processor.py:914} INFO - Processing file /home/ubuntu/myenv/lib/python3.12/site-packages/airflow/example_dags/example_dynamic_task_mapping_with_no_taskflow_operators.py for tasks to queue
[2024-08-27T14:43:52.901+0000] {logging_mixin.py:190} INFO - [2024-08-27T14:43:52.900+0000] {dagbag.py:587} INFO - Filling up the DagBag from /home/ubuntu/myenv/lib/python3.12/site-packages/airflow/example_dags/example_dynamic_task_mapping_with_no_taskflow_operators.py
[2024-08-27T14:43:52.910+0000] {processor.py:925} INFO - DAG(s) 'example_dynamic_task_mapping_with_no_taskflow_operators' retrieved from /home/ubuntu/myenv/lib/python3.12/site-packages/airflow/example_dags/example_dynamic_task_mapping_with_no_taskflow_operators.py
[2024-08-27T14:43:52.928+0000] {logging_mixin.py:190} INFO - [2024-08-27T14:43:52.928+0000] {dag.py:3211} INFO - Sync 1 DAGs
[2024-08-27T14:43:52.950+0000] {logging_mixin.py:190} INFO - [2024-08-27T14:43:52.950+0000] {dag.py:4138} INFO - Setting next_dagrun for example_dynamic_task_mapping_with_no_taskflow_operators to 2024-08-26 00:00:00+00:00, run_after=2024-08-27 00:00:00+00:00
[2024-08-27T14:43:52.972+0000] {processor.py:208} INFO - Processing /home/ubuntu/myenv/lib/python3.12/site-packages/airflow/example_dags/example_dynamic_task_mapping_with_no_taskflow_operators.py took 0.082 seconds
[2024-08-27T14:45:08.354+0000] {processor.py:186} INFO - Started process (PID=6266) to work on /home/ubuntu/myenv/lib/python3.12/site-packages/airflow/example_dags/example_dynamic_task_mapping_with_no_taskflow_operators.py
[2024-08-27T14:45:08.355+0000] {processor.py:914} INFO - Processing file /home/ubuntu/myenv/lib/python3.12/site-packages/airflow/example_dags/example_dynamic_task_mapping_with_no_taskflow_operators.py for tasks to queue
[2024-08-27T14:45:08.358+0000] {logging_mixin.py:190} INFO - [2024-08-27T14:45:08.357+0000] {dagbag.py:587} INFO - Filling up the DagBag from /home/ubuntu/myenv/lib/python3.12/site-packages/airflow/example_dags/example_dynamic_task_mapping_with_no_taskflow_operators.py
[2024-08-27T14:45:08.367+0000] {processor.py:925} INFO - DAG(s) 'example_dynamic_task_mapping_with_no_taskflow_operators' retrieved from /home/ubuntu/myenv/lib/python3.12/site-packages/airflow/example_dags/example_dynamic_task_mapping_with_no_taskflow_operators.py
[2024-08-27T14:45:08.385+0000] {logging_mixin.py:190} INFO - [2024-08-27T14:45:08.384+0000] {dag.py:3211} INFO - Sync 1 DAGs
[2024-08-27T14:45:08.407+0000] {logging_mixin.py:190} INFO - [2024-08-27T14:45:08.407+0000] {dag.py:4138} INFO - Setting next_dagrun for example_dynamic_task_mapping_with_no_taskflow_operators to 2024-08-26 00:00:00+00:00, run_after=2024-08-27 00:00:00+00:00
[2024-08-27T14:45:08.429+0000] {processor.py:208} INFO - Processing /home/ubuntu/myenv/lib/python3.12/site-packages/airflow/example_dags/example_dynamic_task_mapping_with_no_taskflow_operators.py took 0.082 seconds
[2024-08-27T14:45:59.735+0000] {processor.py:186} INFO - Started process (PID=6319) to work on /home/ubuntu/myenv/lib/python3.12/site-packages/airflow/example_dags/example_dynamic_task_mapping_with_no_taskflow_operators.py
[2024-08-27T14:45:59.736+0000] {processor.py:914} INFO - Processing file /home/ubuntu/myenv/lib/python3.12/site-packages/airflow/example_dags/example_dynamic_task_mapping_with_no_taskflow_operators.py for tasks to queue
[2024-08-27T14:45:59.739+0000] {logging_mixin.py:190} INFO - [2024-08-27T14:45:59.738+0000] {dagbag.py:587} INFO - Filling up the DagBag from /home/ubuntu/myenv/lib/python3.12/site-packages/airflow/example_dags/example_dynamic_task_mapping_with_no_taskflow_operators.py
[2024-08-27T14:45:59.748+0000] {processor.py:925} INFO - DAG(s) 'example_dynamic_task_mapping_with_no_taskflow_operators' retrieved from /home/ubuntu/myenv/lib/python3.12/site-packages/airflow/example_dags/example_dynamic_task_mapping_with_no_taskflow_operators.py
[2024-08-27T14:45:59.765+0000] {logging_mixin.py:190} INFO - [2024-08-27T14:45:59.765+0000] {dag.py:3211} INFO - Sync 1 DAGs
[2024-08-27T14:45:59.787+0000] {logging_mixin.py:190} INFO - [2024-08-27T14:45:59.787+0000] {dag.py:4138} INFO - Setting next_dagrun for example_dynamic_task_mapping_with_no_taskflow_operators to 2024-08-26 00:00:00+00:00, run_after=2024-08-27 00:00:00+00:00
[2024-08-27T14:45:59.811+0000] {processor.py:208} INFO - Processing /home/ubuntu/myenv/lib/python3.12/site-packages/airflow/example_dags/example_dynamic_task_mapping_with_no_taskflow_operators.py took 0.082 seconds
[2024-08-27T14:47:07.995+0000] {processor.py:186} INFO - Started process (PID=6392) to work on /home/ubuntu/myenv/lib/python3.12/site-packages/airflow/example_dags/example_dynamic_task_mapping_with_no_taskflow_operators.py
[2024-08-27T14:47:07.997+0000] {processor.py:914} INFO - Processing file /home/ubuntu/myenv/lib/python3.12/site-packages/airflow/example_dags/example_dynamic_task_mapping_with_no_taskflow_operators.py for tasks to queue
[2024-08-27T14:47:07.999+0000] {logging_mixin.py:190} INFO - [2024-08-27T14:47:07.999+0000] {dagbag.py:587} INFO - Filling up the DagBag from /home/ubuntu/myenv/lib/python3.12/site-packages/airflow/example_dags/example_dynamic_task_mapping_with_no_taskflow_operators.py
[2024-08-27T14:47:08.009+0000] {processor.py:925} INFO - DAG(s) 'example_dynamic_task_mapping_with_no_taskflow_operators' retrieved from /home/ubuntu/myenv/lib/python3.12/site-packages/airflow/example_dags/example_dynamic_task_mapping_with_no_taskflow_operators.py
[2024-08-27T14:47:08.027+0000] {logging_mixin.py:190} INFO - [2024-08-27T14:47:08.027+0000] {dag.py:3211} INFO - Sync 1 DAGs
[2024-08-27T14:47:08.050+0000] {logging_mixin.py:190} INFO - [2024-08-27T14:47:08.050+0000] {dag.py:4138} INFO - Setting next_dagrun for example_dynamic_task_mapping_with_no_taskflow_operators to 2024-08-26 00:00:00+00:00, run_after=2024-08-27 00:00:00+00:00
[2024-08-27T14:47:08.073+0000] {processor.py:208} INFO - Processing /home/ubuntu/myenv/lib/python3.12/site-packages/airflow/example_dags/example_dynamic_task_mapping_with_no_taskflow_operators.py took 0.084 seconds
[2024-08-27T14:47:59.481+0000] {processor.py:186} INFO - Started process (PID=6446) to work on /home/ubuntu/myenv/lib/python3.12/site-packages/airflow/example_dags/example_dynamic_task_mapping_with_no_taskflow_operators.py
[2024-08-27T14:47:59.484+0000] {processor.py:914} INFO - Processing file /home/ubuntu/myenv/lib/python3.12/site-packages/airflow/example_dags/example_dynamic_task_mapping_with_no_taskflow_operators.py for tasks to queue
[2024-08-27T14:47:59.486+0000] {logging_mixin.py:190} INFO - [2024-08-27T14:47:59.485+0000] {dagbag.py:587} INFO - Filling up the DagBag from /home/ubuntu/myenv/lib/python3.12/site-packages/airflow/example_dags/example_dynamic_task_mapping_with_no_taskflow_operators.py
[2024-08-27T14:47:59.495+0000] {processor.py:925} INFO - DAG(s) 'example_dynamic_task_mapping_with_no_taskflow_operators' retrieved from /home/ubuntu/myenv/lib/python3.12/site-packages/airflow/example_dags/example_dynamic_task_mapping_with_no_taskflow_operators.py
[2024-08-27T14:47:59.512+0000] {logging_mixin.py:190} INFO - [2024-08-27T14:47:59.512+0000] {dag.py:3211} INFO - Sync 1 DAGs
[2024-08-27T14:47:59.535+0000] {logging_mixin.py:190} INFO - [2024-08-27T14:47:59.535+0000] {dag.py:4138} INFO - Setting next_dagrun for example_dynamic_task_mapping_with_no_taskflow_operators to 2024-08-26 00:00:00+00:00, run_after=2024-08-27 00:00:00+00:00
[2024-08-27T14:47:59.558+0000] {processor.py:208} INFO - Processing /home/ubuntu/myenv/lib/python3.12/site-packages/airflow/example_dags/example_dynamic_task_mapping_with_no_taskflow_operators.py took 0.083 seconds
[2024-08-27T14:48:52.163+0000] {processor.py:186} INFO - Started process (PID=6504) to work on /home/ubuntu/myenv/lib/python3.12/site-packages/airflow/example_dags/example_dynamic_task_mapping_with_no_taskflow_operators.py
[2024-08-27T14:48:52.165+0000] {processor.py:914} INFO - Processing file /home/ubuntu/myenv/lib/python3.12/site-packages/airflow/example_dags/example_dynamic_task_mapping_with_no_taskflow_operators.py for tasks to queue
[2024-08-27T14:48:52.167+0000] {logging_mixin.py:190} INFO - [2024-08-27T14:48:52.166+0000] {dagbag.py:587} INFO - Filling up the DagBag from /home/ubuntu/myenv/lib/python3.12/site-packages/airflow/example_dags/example_dynamic_task_mapping_with_no_taskflow_operators.py
[2024-08-27T14:48:52.176+0000] {processor.py:925} INFO - DAG(s) 'example_dynamic_task_mapping_with_no_taskflow_operators' retrieved from /home/ubuntu/myenv/lib/python3.12/site-packages/airflow/example_dags/example_dynamic_task_mapping_with_no_taskflow_operators.py
[2024-08-27T14:48:52.193+0000] {logging_mixin.py:190} INFO - [2024-08-27T14:48:52.192+0000] {dag.py:3211} INFO - Sync 1 DAGs
[2024-08-27T14:48:52.214+0000] {logging_mixin.py:190} INFO - [2024-08-27T14:48:52.214+0000] {dag.py:4138} INFO - Setting next_dagrun for example_dynamic_task_mapping_with_no_taskflow_operators to 2024-08-26 00:00:00+00:00, run_after=2024-08-27 00:00:00+00:00
[2024-08-27T14:48:52.237+0000] {processor.py:208} INFO - Processing /home/ubuntu/myenv/lib/python3.12/site-packages/airflow/example_dags/example_dynamic_task_mapping_with_no_taskflow_operators.py took 0.081 seconds
[2024-08-27T14:49:44.008+0000] {processor.py:186} INFO - Started process (PID=6558) to work on /home/ubuntu/myenv/lib/python3.12/site-packages/airflow/example_dags/example_dynamic_task_mapping_with_no_taskflow_operators.py
[2024-08-27T14:49:44.010+0000] {processor.py:914} INFO - Processing file /home/ubuntu/myenv/lib/python3.12/site-packages/airflow/example_dags/example_dynamic_task_mapping_with_no_taskflow_operators.py for tasks to queue
[2024-08-27T14:49:44.012+0000] {logging_mixin.py:190} INFO - [2024-08-27T14:49:44.012+0000] {dagbag.py:587} INFO - Filling up the DagBag from /home/ubuntu/myenv/lib/python3.12/site-packages/airflow/example_dags/example_dynamic_task_mapping_with_no_taskflow_operators.py
[2024-08-27T14:49:44.022+0000] {processor.py:925} INFO - DAG(s) 'example_dynamic_task_mapping_with_no_taskflow_operators' retrieved from /home/ubuntu/myenv/lib/python3.12/site-packages/airflow/example_dags/example_dynamic_task_mapping_with_no_taskflow_operators.py
[2024-08-27T14:49:44.040+0000] {logging_mixin.py:190} INFO - [2024-08-27T14:49:44.040+0000] {dag.py:3211} INFO - Sync 1 DAGs
[2024-08-27T14:49:44.062+0000] {logging_mixin.py:190} INFO - [2024-08-27T14:49:44.062+0000] {dag.py:4138} INFO - Setting next_dagrun for example_dynamic_task_mapping_with_no_taskflow_operators to 2024-08-26 00:00:00+00:00, run_after=2024-08-27 00:00:00+00:00
[2024-08-27T14:49:44.085+0000] {processor.py:208} INFO - Processing /home/ubuntu/myenv/lib/python3.12/site-packages/airflow/example_dags/example_dynamic_task_mapping_with_no_taskflow_operators.py took 0.083 seconds
[2024-08-27T16:10:22.883+0000] {processor.py:186} INFO - Started process (PID=7630) to work on /home/ubuntu/myenv/lib/python3.12/site-packages/airflow/example_dags/example_dynamic_task_mapping_with_no_taskflow_operators.py
[2024-08-27T16:10:22.885+0000] {processor.py:914} INFO - Processing file /home/ubuntu/myenv/lib/python3.12/site-packages/airflow/example_dags/example_dynamic_task_mapping_with_no_taskflow_operators.py for tasks to queue
[2024-08-27T16:10:22.887+0000] {logging_mixin.py:190} INFO - [2024-08-27T16:10:22.887+0000] {dagbag.py:587} INFO - Filling up the DagBag from /home/ubuntu/myenv/lib/python3.12/site-packages/airflow/example_dags/example_dynamic_task_mapping_with_no_taskflow_operators.py
[2024-08-27T16:10:22.896+0000] {processor.py:925} INFO - DAG(s) 'example_dynamic_task_mapping_with_no_taskflow_operators' retrieved from /home/ubuntu/myenv/lib/python3.12/site-packages/airflow/example_dags/example_dynamic_task_mapping_with_no_taskflow_operators.py
[2024-08-27T16:10:22.914+0000] {logging_mixin.py:190} INFO - [2024-08-27T16:10:22.914+0000] {dag.py:3211} INFO - Sync 1 DAGs
[2024-08-27T16:10:22.935+0000] {logging_mixin.py:190} INFO - [2024-08-27T16:10:22.935+0000] {dag.py:4138} INFO - Setting next_dagrun for example_dynamic_task_mapping_with_no_taskflow_operators to 2024-08-26 00:00:00+00:00, run_after=2024-08-27 00:00:00+00:00
[2024-08-27T16:10:22.958+0000] {processor.py:208} INFO - Processing /home/ubuntu/myenv/lib/python3.12/site-packages/airflow/example_dags/example_dynamic_task_mapping_with_no_taskflow_operators.py took 0.080 seconds
[2024-08-27T16:11:17.652+0000] {processor.py:186} INFO - Started process (PID=7731) to work on /home/ubuntu/myenv/lib/python3.12/site-packages/airflow/example_dags/example_dynamic_task_mapping_with_no_taskflow_operators.py
[2024-08-27T16:11:17.654+0000] {processor.py:914} INFO - Processing file /home/ubuntu/myenv/lib/python3.12/site-packages/airflow/example_dags/example_dynamic_task_mapping_with_no_taskflow_operators.py for tasks to queue
[2024-08-27T16:11:17.656+0000] {logging_mixin.py:190} INFO - [2024-08-27T16:11:17.656+0000] {dagbag.py:587} INFO - Filling up the DagBag from /home/ubuntu/myenv/lib/python3.12/site-packages/airflow/example_dags/example_dynamic_task_mapping_with_no_taskflow_operators.py
[2024-08-27T16:11:17.666+0000] {processor.py:925} INFO - DAG(s) 'example_dynamic_task_mapping_with_no_taskflow_operators' retrieved from /home/ubuntu/myenv/lib/python3.12/site-packages/airflow/example_dags/example_dynamic_task_mapping_with_no_taskflow_operators.py
[2024-08-27T16:11:17.684+0000] {logging_mixin.py:190} INFO - [2024-08-27T16:11:17.683+0000] {dag.py:3211} INFO - Sync 1 DAGs
[2024-08-27T16:11:17.706+0000] {logging_mixin.py:190} INFO - [2024-08-27T16:11:17.706+0000] {dag.py:4138} INFO - Setting next_dagrun for example_dynamic_task_mapping_with_no_taskflow_operators to 2024-08-26 00:00:00+00:00, run_after=2024-08-27 00:00:00+00:00
[2024-08-27T16:11:17.730+0000] {processor.py:208} INFO - Processing /home/ubuntu/myenv/lib/python3.12/site-packages/airflow/example_dags/example_dynamic_task_mapping_with_no_taskflow_operators.py took 0.084 seconds
[2024-08-27T16:12:13.161+0000] {processor.py:186} INFO - Started process (PID=7859) to work on /home/ubuntu/myenv/lib/python3.12/site-packages/airflow/example_dags/example_dynamic_task_mapping_with_no_taskflow_operators.py
[2024-08-27T16:12:13.163+0000] {processor.py:914} INFO - Processing file /home/ubuntu/myenv/lib/python3.12/site-packages/airflow/example_dags/example_dynamic_task_mapping_with_no_taskflow_operators.py for tasks to queue
[2024-08-27T16:12:13.165+0000] {logging_mixin.py:190} INFO - [2024-08-27T16:12:13.165+0000] {dagbag.py:587} INFO - Filling up the DagBag from /home/ubuntu/myenv/lib/python3.12/site-packages/airflow/example_dags/example_dynamic_task_mapping_with_no_taskflow_operators.py
[2024-08-27T16:12:13.174+0000] {processor.py:925} INFO - DAG(s) 'example_dynamic_task_mapping_with_no_taskflow_operators' retrieved from /home/ubuntu/myenv/lib/python3.12/site-packages/airflow/example_dags/example_dynamic_task_mapping_with_no_taskflow_operators.py
[2024-08-27T16:12:13.192+0000] {logging_mixin.py:190} INFO - [2024-08-27T16:12:13.192+0000] {dag.py:3211} INFO - Sync 1 DAGs
[2024-08-27T16:12:13.213+0000] {logging_mixin.py:190} INFO - [2024-08-27T16:12:13.213+0000] {dag.py:4138} INFO - Setting next_dagrun for example_dynamic_task_mapping_with_no_taskflow_operators to 2024-08-26 00:00:00+00:00, run_after=2024-08-27 00:00:00+00:00
[2024-08-27T16:12:13.236+0000] {processor.py:208} INFO - Processing /home/ubuntu/myenv/lib/python3.12/site-packages/airflow/example_dags/example_dynamic_task_mapping_with_no_taskflow_operators.py took 0.081 seconds
[2024-08-27T16:13:29.449+0000] {processor.py:186} INFO - Started process (PID=7977) to work on /home/ubuntu/myenv/lib/python3.12/site-packages/airflow/example_dags/example_dynamic_task_mapping_with_no_taskflow_operators.py
[2024-08-27T16:13:29.451+0000] {processor.py:914} INFO - Processing file /home/ubuntu/myenv/lib/python3.12/site-packages/airflow/example_dags/example_dynamic_task_mapping_with_no_taskflow_operators.py for tasks to queue
[2024-08-27T16:13:29.453+0000] {logging_mixin.py:190} INFO - [2024-08-27T16:13:29.453+0000] {dagbag.py:587} INFO - Filling up the DagBag from /home/ubuntu/myenv/lib/python3.12/site-packages/airflow/example_dags/example_dynamic_task_mapping_with_no_taskflow_operators.py
[2024-08-27T16:13:29.462+0000] {processor.py:925} INFO - DAG(s) 'example_dynamic_task_mapping_with_no_taskflow_operators' retrieved from /home/ubuntu/myenv/lib/python3.12/site-packages/airflow/example_dags/example_dynamic_task_mapping_with_no_taskflow_operators.py
[2024-08-27T16:13:29.480+0000] {logging_mixin.py:190} INFO - [2024-08-27T16:13:29.480+0000] {dag.py:3211} INFO - Sync 1 DAGs
[2024-08-27T16:13:29.502+0000] {logging_mixin.py:190} INFO - [2024-08-27T16:13:29.502+0000] {dag.py:4138} INFO - Setting next_dagrun for example_dynamic_task_mapping_with_no_taskflow_operators to 2024-08-26 00:00:00+00:00, run_after=2024-08-27 00:00:00+00:00
[2024-08-27T16:13:29.524+0000] {processor.py:208} INFO - Processing /home/ubuntu/myenv/lib/python3.12/site-packages/airflow/example_dags/example_dynamic_task_mapping_with_no_taskflow_operators.py took 0.081 seconds
