[2024-08-27T14:34:40.627+0000] {processor.py:186} INFO - Started process (PID=5539) to work on /home/ubuntu/myenv/lib/python3.12/site-packages/airflow/example_dags/example_nested_branch_dag.py
[2024-08-27T14:34:40.628+0000] {processor.py:914} INFO - Processing file /home/ubuntu/myenv/lib/python3.12/site-packages/airflow/example_dags/example_nested_branch_dag.py for tasks to queue
[2024-08-27T14:34:40.630+0000] {logging_mixin.py:190} INFO - [2024-08-27T14:34:40.630+0000] {dagbag.py:587} INFO - Filling up the DagBag from /home/ubuntu/myenv/lib/python3.12/site-packages/airflow/example_dags/example_nested_branch_dag.py
[2024-08-27T14:34:40.643+0000] {processor.py:925} INFO - DAG(s) 'example_nested_branch_dag' retrieved from /home/ubuntu/myenv/lib/python3.12/site-packages/airflow/example_dags/example_nested_branch_dag.py
[2024-08-27T14:34:40.768+0000] {logging_mixin.py:190} INFO - [2024-08-27T14:34:40.767+0000] {override.py:1900} INFO - Created Permission View: can delete on DAG:example_nested_branch_dag
[2024-08-27T14:34:40.781+0000] {logging_mixin.py:190} INFO - [2024-08-27T14:34:40.781+0000] {override.py:1900} INFO - Created Permission View: can edit on DAG:example_nested_branch_dag
[2024-08-27T14:34:40.791+0000] {logging_mixin.py:190} INFO - [2024-08-27T14:34:40.791+0000] {override.py:1900} INFO - Created Permission View: can read on DAG:example_nested_branch_dag
[2024-08-27T14:34:40.807+0000] {logging_mixin.py:190} INFO - [2024-08-27T14:34:40.806+0000] {override.py:1900} INFO - Created Permission View: can create on DAG Run:example_nested_branch_dag
[2024-08-27T14:34:40.816+0000] {logging_mixin.py:190} INFO - [2024-08-27T14:34:40.816+0000] {override.py:1900} INFO - Created Permission View: menu access on DAG Run:example_nested_branch_dag
[2024-08-27T14:34:40.826+0000] {logging_mixin.py:190} INFO - [2024-08-27T14:34:40.826+0000] {override.py:1900} INFO - Created Permission View: can delete on DAG Run:example_nested_branch_dag
[2024-08-27T14:34:40.836+0000] {logging_mixin.py:190} INFO - [2024-08-27T14:34:40.836+0000] {override.py:1900} INFO - Created Permission View: can read on DAG Run:example_nested_branch_dag
[2024-08-27T14:34:40.837+0000] {logging_mixin.py:190} INFO - [2024-08-27T14:34:40.836+0000] {dag.py:3211} INFO - Sync 1 DAGs
[2024-08-27T14:34:40.849+0000] {logging_mixin.py:190} INFO - [2024-08-27T14:34:40.849+0000] {dag.py:3234} INFO - Creating ORM DAG for example_nested_branch_dag
[2024-08-27T14:34:40.859+0000] {logging_mixin.py:190} INFO - [2024-08-27T14:34:40.859+0000] {dag.py:4138} INFO - Setting next_dagrun for example_nested_branch_dag to 2024-08-26 00:00:00+00:00, run_after=2024-08-27 00:00:00+00:00
[2024-08-27T14:34:40.881+0000] {processor.py:208} INFO - Processing /home/ubuntu/myenv/lib/python3.12/site-packages/airflow/example_dags/example_nested_branch_dag.py took 0.260 seconds
[2024-08-27T14:35:43.070+0000] {processor.py:186} INFO - Started process (PID=5607) to work on /home/ubuntu/myenv/lib/python3.12/site-packages/airflow/example_dags/example_nested_branch_dag.py
[2024-08-27T14:35:43.071+0000] {processor.py:914} INFO - Processing file /home/ubuntu/myenv/lib/python3.12/site-packages/airflow/example_dags/example_nested_branch_dag.py for tasks to queue
[2024-08-27T14:35:43.073+0000] {logging_mixin.py:190} INFO - [2024-08-27T14:35:43.073+0000] {dagbag.py:587} INFO - Filling up the DagBag from /home/ubuntu/myenv/lib/python3.12/site-packages/airflow/example_dags/example_nested_branch_dag.py
[2024-08-27T14:35:43.086+0000] {processor.py:925} INFO - DAG(s) 'example_nested_branch_dag' retrieved from /home/ubuntu/myenv/lib/python3.12/site-packages/airflow/example_dags/example_nested_branch_dag.py
[2024-08-27T14:35:43.106+0000] {logging_mixin.py:190} INFO - [2024-08-27T14:35:43.106+0000] {dag.py:3211} INFO - Sync 1 DAGs
[2024-08-27T14:35:43.128+0000] {logging_mixin.py:190} INFO - [2024-08-27T14:35:43.128+0000] {dag.py:4138} INFO - Setting next_dagrun for example_nested_branch_dag to 2024-08-26 00:00:00+00:00, run_after=2024-08-27 00:00:00+00:00
[2024-08-27T14:35:43.151+0000] {processor.py:208} INFO - Processing /home/ubuntu/myenv/lib/python3.12/site-packages/airflow/example_dags/example_nested_branch_dag.py took 0.087 seconds
[2024-08-27T14:36:39.488+0000] {processor.py:186} INFO - Started process (PID=5682) to work on /home/ubuntu/myenv/lib/python3.12/site-packages/airflow/example_dags/example_nested_branch_dag.py
[2024-08-27T14:36:39.490+0000] {processor.py:914} INFO - Processing file /home/ubuntu/myenv/lib/python3.12/site-packages/airflow/example_dags/example_nested_branch_dag.py for tasks to queue
[2024-08-27T14:36:39.492+0000] {logging_mixin.py:190} INFO - [2024-08-27T14:36:39.492+0000] {dagbag.py:587} INFO - Filling up the DagBag from /home/ubuntu/myenv/lib/python3.12/site-packages/airflow/example_dags/example_nested_branch_dag.py
[2024-08-27T14:36:39.505+0000] {processor.py:925} INFO - DAG(s) 'example_nested_branch_dag' retrieved from /home/ubuntu/myenv/lib/python3.12/site-packages/airflow/example_dags/example_nested_branch_dag.py
[2024-08-27T14:36:39.525+0000] {logging_mixin.py:190} INFO - [2024-08-27T14:36:39.525+0000] {dag.py:3211} INFO - Sync 1 DAGs
[2024-08-27T14:36:39.548+0000] {logging_mixin.py:190} INFO - [2024-08-27T14:36:39.548+0000] {dag.py:4138} INFO - Setting next_dagrun for example_nested_branch_dag to 2024-08-26 00:00:00+00:00, run_after=2024-08-27 00:00:00+00:00
[2024-08-27T14:36:39.572+0000] {processor.py:208} INFO - Processing /home/ubuntu/myenv/lib/python3.12/site-packages/airflow/example_dags/example_nested_branch_dag.py took 0.090 seconds
[2024-08-27T14:37:34.730+0000] {processor.py:186} INFO - Started process (PID=5758) to work on /home/ubuntu/myenv/lib/python3.12/site-packages/airflow/example_dags/example_nested_branch_dag.py
[2024-08-27T14:37:34.731+0000] {processor.py:914} INFO - Processing file /home/ubuntu/myenv/lib/python3.12/site-packages/airflow/example_dags/example_nested_branch_dag.py for tasks to queue
[2024-08-27T14:37:34.733+0000] {logging_mixin.py:190} INFO - [2024-08-27T14:37:34.733+0000] {dagbag.py:587} INFO - Filling up the DagBag from /home/ubuntu/myenv/lib/python3.12/site-packages/airflow/example_dags/example_nested_branch_dag.py
[2024-08-27T14:37:34.746+0000] {processor.py:925} INFO - DAG(s) 'example_nested_branch_dag' retrieved from /home/ubuntu/myenv/lib/python3.12/site-packages/airflow/example_dags/example_nested_branch_dag.py
[2024-08-27T14:37:34.766+0000] {logging_mixin.py:190} INFO - [2024-08-27T14:37:34.766+0000] {dag.py:3211} INFO - Sync 1 DAGs
[2024-08-27T14:37:34.789+0000] {logging_mixin.py:190} INFO - [2024-08-27T14:37:34.789+0000] {dag.py:4138} INFO - Setting next_dagrun for example_nested_branch_dag to 2024-08-26 00:00:00+00:00, run_after=2024-08-27 00:00:00+00:00
[2024-08-27T14:37:34.812+0000] {processor.py:208} INFO - Processing /home/ubuntu/myenv/lib/python3.12/site-packages/airflow/example_dags/example_nested_branch_dag.py took 0.089 seconds
[2024-08-27T14:38:25.244+0000] {processor.py:186} INFO - Started process (PID=5823) to work on /home/ubuntu/myenv/lib/python3.12/site-packages/airflow/example_dags/example_nested_branch_dag.py
[2024-08-27T14:38:25.246+0000] {processor.py:914} INFO - Processing file /home/ubuntu/myenv/lib/python3.12/site-packages/airflow/example_dags/example_nested_branch_dag.py for tasks to queue
[2024-08-27T14:38:25.248+0000] {logging_mixin.py:190} INFO - [2024-08-27T14:38:25.248+0000] {dagbag.py:587} INFO - Filling up the DagBag from /home/ubuntu/myenv/lib/python3.12/site-packages/airflow/example_dags/example_nested_branch_dag.py
[2024-08-27T14:38:25.261+0000] {processor.py:925} INFO - DAG(s) 'example_nested_branch_dag' retrieved from /home/ubuntu/myenv/lib/python3.12/site-packages/airflow/example_dags/example_nested_branch_dag.py
[2024-08-27T14:38:25.281+0000] {logging_mixin.py:190} INFO - [2024-08-27T14:38:25.281+0000] {dag.py:3211} INFO - Sync 1 DAGs
[2024-08-27T14:38:25.304+0000] {logging_mixin.py:190} INFO - [2024-08-27T14:38:25.304+0000] {dag.py:4138} INFO - Setting next_dagrun for example_nested_branch_dag to 2024-08-26 00:00:00+00:00, run_after=2024-08-27 00:00:00+00:00
[2024-08-27T14:38:25.452+0000] {processor.py:208} INFO - Processing /home/ubuntu/myenv/lib/python3.12/site-packages/airflow/example_dags/example_nested_branch_dag.py took 0.214 seconds
[2024-08-27T14:39:33.820+0000] {processor.py:186} INFO - Started process (PID=5905) to work on /home/ubuntu/myenv/lib/python3.12/site-packages/airflow/example_dags/example_nested_branch_dag.py
[2024-08-27T14:39:33.822+0000] {processor.py:914} INFO - Processing file /home/ubuntu/myenv/lib/python3.12/site-packages/airflow/example_dags/example_nested_branch_dag.py for tasks to queue
[2024-08-27T14:39:33.824+0000] {logging_mixin.py:190} INFO - [2024-08-27T14:39:33.824+0000] {dagbag.py:587} INFO - Filling up the DagBag from /home/ubuntu/myenv/lib/python3.12/site-packages/airflow/example_dags/example_nested_branch_dag.py
[2024-08-27T14:39:33.838+0000] {processor.py:925} INFO - DAG(s) 'example_nested_branch_dag' retrieved from /home/ubuntu/myenv/lib/python3.12/site-packages/airflow/example_dags/example_nested_branch_dag.py
[2024-08-27T14:39:33.857+0000] {logging_mixin.py:190} INFO - [2024-08-27T14:39:33.857+0000] {dag.py:3211} INFO - Sync 1 DAGs
[2024-08-27T14:39:33.880+0000] {logging_mixin.py:190} INFO - [2024-08-27T14:39:33.880+0000] {dag.py:4138} INFO - Setting next_dagrun for example_nested_branch_dag to 2024-08-26 00:00:00+00:00, run_after=2024-08-27 00:00:00+00:00
[2024-08-27T14:39:33.904+0000] {processor.py:208} INFO - Processing /home/ubuntu/myenv/lib/python3.12/site-packages/airflow/example_dags/example_nested_branch_dag.py took 0.090 seconds
[2024-08-27T14:40:27.089+0000] {processor.py:186} INFO - Started process (PID=5974) to work on /home/ubuntu/myenv/lib/python3.12/site-packages/airflow/example_dags/example_nested_branch_dag.py
[2024-08-27T14:40:27.090+0000] {processor.py:914} INFO - Processing file /home/ubuntu/myenv/lib/python3.12/site-packages/airflow/example_dags/example_nested_branch_dag.py for tasks to queue
[2024-08-27T14:40:27.093+0000] {logging_mixin.py:190} INFO - [2024-08-27T14:40:27.092+0000] {dagbag.py:587} INFO - Filling up the DagBag from /home/ubuntu/myenv/lib/python3.12/site-packages/airflow/example_dags/example_nested_branch_dag.py
[2024-08-27T14:40:27.106+0000] {processor.py:925} INFO - DAG(s) 'example_nested_branch_dag' retrieved from /home/ubuntu/myenv/lib/python3.12/site-packages/airflow/example_dags/example_nested_branch_dag.py
[2024-08-27T14:40:27.125+0000] {logging_mixin.py:190} INFO - [2024-08-27T14:40:27.125+0000] {dag.py:3211} INFO - Sync 1 DAGs
[2024-08-27T14:40:27.148+0000] {logging_mixin.py:190} INFO - [2024-08-27T14:40:27.148+0000] {dag.py:4138} INFO - Setting next_dagrun for example_nested_branch_dag to 2024-08-26 00:00:00+00:00, run_after=2024-08-27 00:00:00+00:00
[2024-08-27T14:40:27.171+0000] {processor.py:208} INFO - Processing /home/ubuntu/myenv/lib/python3.12/site-packages/airflow/example_dags/example_nested_branch_dag.py took 0.088 seconds
[2024-08-27T14:41:17.183+0000] {processor.py:186} INFO - Started process (PID=6026) to work on /home/ubuntu/myenv/lib/python3.12/site-packages/airflow/example_dags/example_nested_branch_dag.py
[2024-08-27T14:41:17.185+0000] {processor.py:914} INFO - Processing file /home/ubuntu/myenv/lib/python3.12/site-packages/airflow/example_dags/example_nested_branch_dag.py for tasks to queue
[2024-08-27T14:41:17.187+0000] {logging_mixin.py:190} INFO - [2024-08-27T14:41:17.186+0000] {dagbag.py:587} INFO - Filling up the DagBag from /home/ubuntu/myenv/lib/python3.12/site-packages/airflow/example_dags/example_nested_branch_dag.py
[2024-08-27T14:41:17.200+0000] {processor.py:925} INFO - DAG(s) 'example_nested_branch_dag' retrieved from /home/ubuntu/myenv/lib/python3.12/site-packages/airflow/example_dags/example_nested_branch_dag.py
[2024-08-27T14:41:17.219+0000] {logging_mixin.py:190} INFO - [2024-08-27T14:41:17.219+0000] {dag.py:3211} INFO - Sync 1 DAGs
[2024-08-27T14:41:17.242+0000] {logging_mixin.py:190} INFO - [2024-08-27T14:41:17.242+0000] {dag.py:4138} INFO - Setting next_dagrun for example_nested_branch_dag to 2024-08-26 00:00:00+00:00, run_after=2024-08-27 00:00:00+00:00
[2024-08-27T14:41:17.264+0000] {processor.py:208} INFO - Processing /home/ubuntu/myenv/lib/python3.12/site-packages/airflow/example_dags/example_nested_branch_dag.py took 0.087 seconds
[2024-08-27T14:42:06.470+0000] {processor.py:186} INFO - Started process (PID=6076) to work on /home/ubuntu/myenv/lib/python3.12/site-packages/airflow/example_dags/example_nested_branch_dag.py
[2024-08-27T14:42:06.471+0000] {processor.py:914} INFO - Processing file /home/ubuntu/myenv/lib/python3.12/site-packages/airflow/example_dags/example_nested_branch_dag.py for tasks to queue
[2024-08-27T14:42:06.473+0000] {logging_mixin.py:190} INFO - [2024-08-27T14:42:06.473+0000] {dagbag.py:587} INFO - Filling up the DagBag from /home/ubuntu/myenv/lib/python3.12/site-packages/airflow/example_dags/example_nested_branch_dag.py
[2024-08-27T14:42:06.487+0000] {processor.py:925} INFO - DAG(s) 'example_nested_branch_dag' retrieved from /home/ubuntu/myenv/lib/python3.12/site-packages/airflow/example_dags/example_nested_branch_dag.py
[2024-08-27T14:42:06.507+0000] {logging_mixin.py:190} INFO - [2024-08-27T14:42:06.507+0000] {dag.py:3211} INFO - Sync 1 DAGs
[2024-08-27T14:42:06.531+0000] {logging_mixin.py:190} INFO - [2024-08-27T14:42:06.531+0000] {dag.py:4138} INFO - Setting next_dagrun for example_nested_branch_dag to 2024-08-26 00:00:00+00:00, run_after=2024-08-27 00:00:00+00:00
[2024-08-27T14:42:06.555+0000] {processor.py:208} INFO - Processing /home/ubuntu/myenv/lib/python3.12/site-packages/airflow/example_dags/example_nested_branch_dag.py took 0.092 seconds
[2024-08-27T14:42:58.049+0000] {processor.py:186} INFO - Started process (PID=6128) to work on /home/ubuntu/myenv/lib/python3.12/site-packages/airflow/example_dags/example_nested_branch_dag.py
[2024-08-27T14:42:58.051+0000] {processor.py:914} INFO - Processing file /home/ubuntu/myenv/lib/python3.12/site-packages/airflow/example_dags/example_nested_branch_dag.py for tasks to queue
[2024-08-27T14:42:58.053+0000] {logging_mixin.py:190} INFO - [2024-08-27T14:42:58.053+0000] {dagbag.py:587} INFO - Filling up the DagBag from /home/ubuntu/myenv/lib/python3.12/site-packages/airflow/example_dags/example_nested_branch_dag.py
[2024-08-27T14:42:58.066+0000] {processor.py:925} INFO - DAG(s) 'example_nested_branch_dag' retrieved from /home/ubuntu/myenv/lib/python3.12/site-packages/airflow/example_dags/example_nested_branch_dag.py
[2024-08-27T14:42:58.086+0000] {logging_mixin.py:190} INFO - [2024-08-27T14:42:58.086+0000] {dag.py:3211} INFO - Sync 1 DAGs
[2024-08-27T14:42:58.109+0000] {logging_mixin.py:190} INFO - [2024-08-27T14:42:58.108+0000] {dag.py:4138} INFO - Setting next_dagrun for example_nested_branch_dag to 2024-08-26 00:00:00+00:00, run_after=2024-08-27 00:00:00+00:00
[2024-08-27T14:42:58.131+0000] {processor.py:208} INFO - Processing /home/ubuntu/myenv/lib/python3.12/site-packages/airflow/example_dags/example_nested_branch_dag.py took 0.088 seconds
[2024-08-27T14:43:48.080+0000] {processor.py:186} INFO - Started process (PID=6180) to work on /home/ubuntu/myenv/lib/python3.12/site-packages/airflow/example_dags/example_nested_branch_dag.py
[2024-08-27T14:43:48.082+0000] {processor.py:914} INFO - Processing file /home/ubuntu/myenv/lib/python3.12/site-packages/airflow/example_dags/example_nested_branch_dag.py for tasks to queue
[2024-08-27T14:43:48.084+0000] {logging_mixin.py:190} INFO - [2024-08-27T14:43:48.084+0000] {dagbag.py:587} INFO - Filling up the DagBag from /home/ubuntu/myenv/lib/python3.12/site-packages/airflow/example_dags/example_nested_branch_dag.py
[2024-08-27T14:43:48.097+0000] {processor.py:925} INFO - DAG(s) 'example_nested_branch_dag' retrieved from /home/ubuntu/myenv/lib/python3.12/site-packages/airflow/example_dags/example_nested_branch_dag.py
[2024-08-27T14:43:48.116+0000] {logging_mixin.py:190} INFO - [2024-08-27T14:43:48.116+0000] {dag.py:3211} INFO - Sync 1 DAGs
[2024-08-27T14:43:48.139+0000] {logging_mixin.py:190} INFO - [2024-08-27T14:43:48.139+0000] {dag.py:4138} INFO - Setting next_dagrun for example_nested_branch_dag to 2024-08-26 00:00:00+00:00, run_after=2024-08-27 00:00:00+00:00
[2024-08-27T14:43:48.162+0000] {processor.py:208} INFO - Processing /home/ubuntu/myenv/lib/python3.12/site-packages/airflow/example_dags/example_nested_branch_dag.py took 0.087 seconds
[2024-08-27T14:44:38.332+0000] {processor.py:186} INFO - Started process (PID=6233) to work on /home/ubuntu/myenv/lib/python3.12/site-packages/airflow/example_dags/example_nested_branch_dag.py
[2024-08-27T14:44:38.333+0000] {processor.py:914} INFO - Processing file /home/ubuntu/myenv/lib/python3.12/site-packages/airflow/example_dags/example_nested_branch_dag.py for tasks to queue
[2024-08-27T14:44:38.335+0000] {logging_mixin.py:190} INFO - [2024-08-27T14:44:38.335+0000] {dagbag.py:587} INFO - Filling up the DagBag from /home/ubuntu/myenv/lib/python3.12/site-packages/airflow/example_dags/example_nested_branch_dag.py
[2024-08-27T14:44:38.349+0000] {processor.py:925} INFO - DAG(s) 'example_nested_branch_dag' retrieved from /home/ubuntu/myenv/lib/python3.12/site-packages/airflow/example_dags/example_nested_branch_dag.py
[2024-08-27T14:44:38.370+0000] {logging_mixin.py:190} INFO - [2024-08-27T14:44:38.369+0000] {dag.py:3211} INFO - Sync 1 DAGs
[2024-08-27T14:44:38.393+0000] {logging_mixin.py:190} INFO - [2024-08-27T14:44:38.393+0000] {dag.py:4138} INFO - Setting next_dagrun for example_nested_branch_dag to 2024-08-26 00:00:00+00:00, run_after=2024-08-27 00:00:00+00:00
[2024-08-27T14:44:38.416+0000] {processor.py:208} INFO - Processing /home/ubuntu/myenv/lib/python3.12/site-packages/airflow/example_dags/example_nested_branch_dag.py took 0.091 seconds
[2024-08-27T14:45:28.954+0000] {processor.py:186} INFO - Started process (PID=6287) to work on /home/ubuntu/myenv/lib/python3.12/site-packages/airflow/example_dags/example_nested_branch_dag.py
[2024-08-27T14:45:28.955+0000] {processor.py:914} INFO - Processing file /home/ubuntu/myenv/lib/python3.12/site-packages/airflow/example_dags/example_nested_branch_dag.py for tasks to queue
[2024-08-27T14:45:28.958+0000] {logging_mixin.py:190} INFO - [2024-08-27T14:45:28.957+0000] {dagbag.py:587} INFO - Filling up the DagBag from /home/ubuntu/myenv/lib/python3.12/site-packages/airflow/example_dags/example_nested_branch_dag.py
[2024-08-27T14:45:28.971+0000] {processor.py:925} INFO - DAG(s) 'example_nested_branch_dag' retrieved from /home/ubuntu/myenv/lib/python3.12/site-packages/airflow/example_dags/example_nested_branch_dag.py
[2024-08-27T14:45:28.990+0000] {logging_mixin.py:190} INFO - [2024-08-27T14:45:28.990+0000] {dag.py:3211} INFO - Sync 1 DAGs
[2024-08-27T14:45:29.013+0000] {logging_mixin.py:190} INFO - [2024-08-27T14:45:29.013+0000] {dag.py:4138} INFO - Setting next_dagrun for example_nested_branch_dag to 2024-08-26 00:00:00+00:00, run_after=2024-08-27 00:00:00+00:00
[2024-08-27T14:45:29.036+0000] {processor.py:208} INFO - Processing /home/ubuntu/myenv/lib/python3.12/site-packages/airflow/example_dags/example_nested_branch_dag.py took 0.088 seconds
[2024-08-27T14:46:19.211+0000] {processor.py:186} INFO - Started process (PID=6342) to work on /home/ubuntu/myenv/lib/python3.12/site-packages/airflow/example_dags/example_nested_branch_dag.py
[2024-08-27T14:46:19.212+0000] {processor.py:914} INFO - Processing file /home/ubuntu/myenv/lib/python3.12/site-packages/airflow/example_dags/example_nested_branch_dag.py for tasks to queue
[2024-08-27T14:46:19.215+0000] {logging_mixin.py:190} INFO - [2024-08-27T14:46:19.214+0000] {dagbag.py:587} INFO - Filling up the DagBag from /home/ubuntu/myenv/lib/python3.12/site-packages/airflow/example_dags/example_nested_branch_dag.py
[2024-08-27T14:46:19.228+0000] {processor.py:925} INFO - DAG(s) 'example_nested_branch_dag' retrieved from /home/ubuntu/myenv/lib/python3.12/site-packages/airflow/example_dags/example_nested_branch_dag.py
[2024-08-27T14:46:19.248+0000] {logging_mixin.py:190} INFO - [2024-08-27T14:46:19.247+0000] {dag.py:3211} INFO - Sync 1 DAGs
[2024-08-27T14:46:19.271+0000] {logging_mixin.py:190} INFO - [2024-08-27T14:46:19.270+0000] {dag.py:4138} INFO - Setting next_dagrun for example_nested_branch_dag to 2024-08-26 00:00:00+00:00, run_after=2024-08-27 00:00:00+00:00
[2024-08-27T14:46:19.293+0000] {processor.py:208} INFO - Processing /home/ubuntu/myenv/lib/python3.12/site-packages/airflow/example_dags/example_nested_branch_dag.py took 0.089 seconds
[2024-08-27T14:47:05.711+0000] {processor.py:186} INFO - Started process (PID=6390) to work on /home/ubuntu/myenv/lib/python3.12/site-packages/airflow/example_dags/example_nested_branch_dag.py
[2024-08-27T14:47:05.713+0000] {processor.py:914} INFO - Processing file /home/ubuntu/myenv/lib/python3.12/site-packages/airflow/example_dags/example_nested_branch_dag.py for tasks to queue
[2024-08-27T14:47:05.715+0000] {logging_mixin.py:190} INFO - [2024-08-27T14:47:05.714+0000] {dagbag.py:587} INFO - Filling up the DagBag from /home/ubuntu/myenv/lib/python3.12/site-packages/airflow/example_dags/example_nested_branch_dag.py
[2024-08-27T14:47:05.729+0000] {processor.py:925} INFO - DAG(s) 'example_nested_branch_dag' retrieved from /home/ubuntu/myenv/lib/python3.12/site-packages/airflow/example_dags/example_nested_branch_dag.py
[2024-08-27T14:47:05.750+0000] {logging_mixin.py:190} INFO - [2024-08-27T14:47:05.749+0000] {dag.py:3211} INFO - Sync 1 DAGs
[2024-08-27T14:47:05.773+0000] {logging_mixin.py:190} INFO - [2024-08-27T14:47:05.773+0000] {dag.py:4138} INFO - Setting next_dagrun for example_nested_branch_dag to 2024-08-26 00:00:00+00:00, run_after=2024-08-27 00:00:00+00:00
[2024-08-27T14:47:05.797+0000] {processor.py:208} INFO - Processing /home/ubuntu/myenv/lib/python3.12/site-packages/airflow/example_dags/example_nested_branch_dag.py took 0.093 seconds
[2024-08-27T14:47:56.050+0000] {processor.py:186} INFO - Started process (PID=6443) to work on /home/ubuntu/myenv/lib/python3.12/site-packages/airflow/example_dags/example_nested_branch_dag.py
[2024-08-27T14:47:56.051+0000] {processor.py:914} INFO - Processing file /home/ubuntu/myenv/lib/python3.12/site-packages/airflow/example_dags/example_nested_branch_dag.py for tasks to queue
[2024-08-27T14:47:56.054+0000] {logging_mixin.py:190} INFO - [2024-08-27T14:47:56.053+0000] {dagbag.py:587} INFO - Filling up the DagBag from /home/ubuntu/myenv/lib/python3.12/site-packages/airflow/example_dags/example_nested_branch_dag.py
[2024-08-27T14:47:56.067+0000] {processor.py:925} INFO - DAG(s) 'example_nested_branch_dag' retrieved from /home/ubuntu/myenv/lib/python3.12/site-packages/airflow/example_dags/example_nested_branch_dag.py
[2024-08-27T14:47:56.087+0000] {logging_mixin.py:190} INFO - [2024-08-27T14:47:56.087+0000] {dag.py:3211} INFO - Sync 1 DAGs
[2024-08-27T14:47:56.111+0000] {logging_mixin.py:190} INFO - [2024-08-27T14:47:56.111+0000] {dag.py:4138} INFO - Setting next_dagrun for example_nested_branch_dag to 2024-08-26 00:00:00+00:00, run_after=2024-08-27 00:00:00+00:00
[2024-08-27T14:47:56.133+0000] {processor.py:208} INFO - Processing /home/ubuntu/myenv/lib/python3.12/site-packages/airflow/example_dags/example_nested_branch_dag.py took 0.090 seconds
[2024-08-27T14:48:47.013+0000] {processor.py:186} INFO - Started process (PID=6499) to work on /home/ubuntu/myenv/lib/python3.12/site-packages/airflow/example_dags/example_nested_branch_dag.py
[2024-08-27T14:48:47.014+0000] {processor.py:914} INFO - Processing file /home/ubuntu/myenv/lib/python3.12/site-packages/airflow/example_dags/example_nested_branch_dag.py for tasks to queue
[2024-08-27T14:48:47.016+0000] {logging_mixin.py:190} INFO - [2024-08-27T14:48:47.016+0000] {dagbag.py:587} INFO - Filling up the DagBag from /home/ubuntu/myenv/lib/python3.12/site-packages/airflow/example_dags/example_nested_branch_dag.py
[2024-08-27T14:48:47.030+0000] {processor.py:925} INFO - DAG(s) 'example_nested_branch_dag' retrieved from /home/ubuntu/myenv/lib/python3.12/site-packages/airflow/example_dags/example_nested_branch_dag.py
[2024-08-27T14:48:47.049+0000] {logging_mixin.py:190} INFO - [2024-08-27T14:48:47.049+0000] {dag.py:3211} INFO - Sync 1 DAGs
[2024-08-27T14:48:47.071+0000] {logging_mixin.py:190} INFO - [2024-08-27T14:48:47.071+0000] {dag.py:4138} INFO - Setting next_dagrun for example_nested_branch_dag to 2024-08-26 00:00:00+00:00, run_after=2024-08-27 00:00:00+00:00
[2024-08-27T14:48:47.094+0000] {processor.py:208} INFO - Processing /home/ubuntu/myenv/lib/python3.12/site-packages/airflow/example_dags/example_nested_branch_dag.py took 0.087 seconds
[2024-08-27T14:49:40.007+0000] {processor.py:186} INFO - Started process (PID=6553) to work on /home/ubuntu/myenv/lib/python3.12/site-packages/airflow/example_dags/example_nested_branch_dag.py
[2024-08-27T14:49:40.010+0000] {processor.py:914} INFO - Processing file /home/ubuntu/myenv/lib/python3.12/site-packages/airflow/example_dags/example_nested_branch_dag.py for tasks to queue
[2024-08-27T14:49:40.012+0000] {logging_mixin.py:190} INFO - [2024-08-27T14:49:40.011+0000] {dagbag.py:587} INFO - Filling up the DagBag from /home/ubuntu/myenv/lib/python3.12/site-packages/airflow/example_dags/example_nested_branch_dag.py
[2024-08-27T14:49:40.025+0000] {processor.py:925} INFO - DAG(s) 'example_nested_branch_dag' retrieved from /home/ubuntu/myenv/lib/python3.12/site-packages/airflow/example_dags/example_nested_branch_dag.py
[2024-08-27T14:49:40.045+0000] {logging_mixin.py:190} INFO - [2024-08-27T14:49:40.045+0000] {dag.py:3211} INFO - Sync 1 DAGs
[2024-08-27T14:49:40.068+0000] {logging_mixin.py:190} INFO - [2024-08-27T14:49:40.068+0000] {dag.py:4138} INFO - Setting next_dagrun for example_nested_branch_dag to 2024-08-26 00:00:00+00:00, run_after=2024-08-27 00:00:00+00:00
[2024-08-27T14:49:40.091+0000] {processor.py:208} INFO - Processing /home/ubuntu/myenv/lib/python3.12/site-packages/airflow/example_dags/example_nested_branch_dag.py took 0.090 seconds
[2024-08-27T16:10:12.591+0000] {processor.py:186} INFO - Started process (PID=7619) to work on /home/ubuntu/myenv/lib/python3.12/site-packages/airflow/example_dags/example_nested_branch_dag.py
[2024-08-27T16:10:12.593+0000] {processor.py:914} INFO - Processing file /home/ubuntu/myenv/lib/python3.12/site-packages/airflow/example_dags/example_nested_branch_dag.py for tasks to queue
[2024-08-27T16:10:12.595+0000] {logging_mixin.py:190} INFO - [2024-08-27T16:10:12.595+0000] {dagbag.py:587} INFO - Filling up the DagBag from /home/ubuntu/myenv/lib/python3.12/site-packages/airflow/example_dags/example_nested_branch_dag.py
[2024-08-27T16:10:12.608+0000] {processor.py:925} INFO - DAG(s) 'example_nested_branch_dag' retrieved from /home/ubuntu/myenv/lib/python3.12/site-packages/airflow/example_dags/example_nested_branch_dag.py
[2024-08-27T16:10:12.632+0000] {logging_mixin.py:190} INFO - [2024-08-27T16:10:12.632+0000] {dag.py:3211} INFO - Sync 1 DAGs
[2024-08-27T16:10:12.655+0000] {logging_mixin.py:190} INFO - [2024-08-27T16:10:12.655+0000] {dag.py:4138} INFO - Setting next_dagrun for example_nested_branch_dag to 2024-08-26 00:00:00+00:00, run_after=2024-08-27 00:00:00+00:00
[2024-08-27T16:10:12.678+0000] {processor.py:208} INFO - Processing /home/ubuntu/myenv/lib/python3.12/site-packages/airflow/example_dags/example_nested_branch_dag.py took 0.092 seconds
[2024-08-27T16:11:07.350+0000] {processor.py:186} INFO - Started process (PID=7715) to work on /home/ubuntu/myenv/lib/python3.12/site-packages/airflow/example_dags/example_nested_branch_dag.py
[2024-08-27T16:11:07.352+0000] {processor.py:914} INFO - Processing file /home/ubuntu/myenv/lib/python3.12/site-packages/airflow/example_dags/example_nested_branch_dag.py for tasks to queue
[2024-08-27T16:11:07.354+0000] {logging_mixin.py:190} INFO - [2024-08-27T16:11:07.354+0000] {dagbag.py:587} INFO - Filling up the DagBag from /home/ubuntu/myenv/lib/python3.12/site-packages/airflow/example_dags/example_nested_branch_dag.py
[2024-08-27T16:11:07.368+0000] {processor.py:925} INFO - DAG(s) 'example_nested_branch_dag' retrieved from /home/ubuntu/myenv/lib/python3.12/site-packages/airflow/example_dags/example_nested_branch_dag.py
[2024-08-27T16:11:07.388+0000] {logging_mixin.py:190} INFO - [2024-08-27T16:11:07.388+0000] {dag.py:3211} INFO - Sync 1 DAGs
[2024-08-27T16:11:07.412+0000] {logging_mixin.py:190} INFO - [2024-08-27T16:11:07.412+0000] {dag.py:4138} INFO - Setting next_dagrun for example_nested_branch_dag to 2024-08-26 00:00:00+00:00, run_after=2024-08-27 00:00:00+00:00
[2024-08-27T16:11:07.437+0000] {processor.py:208} INFO - Processing /home/ubuntu/myenv/lib/python3.12/site-packages/airflow/example_dags/example_nested_branch_dag.py took 0.093 seconds
[2024-08-27T16:12:02.860+0000] {processor.py:186} INFO - Started process (PID=7846) to work on /home/ubuntu/myenv/lib/python3.12/site-packages/airflow/example_dags/example_nested_branch_dag.py
[2024-08-27T16:12:02.862+0000] {processor.py:914} INFO - Processing file /home/ubuntu/myenv/lib/python3.12/site-packages/airflow/example_dags/example_nested_branch_dag.py for tasks to queue
[2024-08-27T16:12:02.864+0000] {logging_mixin.py:190} INFO - [2024-08-27T16:12:02.864+0000] {dagbag.py:587} INFO - Filling up the DagBag from /home/ubuntu/myenv/lib/python3.12/site-packages/airflow/example_dags/example_nested_branch_dag.py
[2024-08-27T16:12:02.878+0000] {processor.py:925} INFO - DAG(s) 'example_nested_branch_dag' retrieved from /home/ubuntu/myenv/lib/python3.12/site-packages/airflow/example_dags/example_nested_branch_dag.py
[2024-08-27T16:12:02.900+0000] {logging_mixin.py:190} INFO - [2024-08-27T16:12:02.899+0000] {dag.py:3211} INFO - Sync 1 DAGs
[2024-08-27T16:12:02.926+0000] {logging_mixin.py:190} INFO - [2024-08-27T16:12:02.925+0000] {dag.py:4138} INFO - Setting next_dagrun for example_nested_branch_dag to 2024-08-26 00:00:00+00:00, run_after=2024-08-27 00:00:00+00:00
[2024-08-27T16:12:02.951+0000] {processor.py:208} INFO - Processing /home/ubuntu/myenv/lib/python3.12/site-packages/airflow/example_dags/example_nested_branch_dag.py took 0.097 seconds
[2024-08-27T16:12:53.217+0000] {processor.py:186} INFO - Started process (PID=7936) to work on /home/ubuntu/myenv/lib/python3.12/site-packages/airflow/example_dags/example_nested_branch_dag.py
[2024-08-27T16:12:53.218+0000] {processor.py:914} INFO - Processing file /home/ubuntu/myenv/lib/python3.12/site-packages/airflow/example_dags/example_nested_branch_dag.py for tasks to queue
[2024-08-27T16:12:53.220+0000] {logging_mixin.py:190} INFO - [2024-08-27T16:12:53.220+0000] {dagbag.py:587} INFO - Filling up the DagBag from /home/ubuntu/myenv/lib/python3.12/site-packages/airflow/example_dags/example_nested_branch_dag.py
[2024-08-27T16:12:53.233+0000] {processor.py:925} INFO - DAG(s) 'example_nested_branch_dag' retrieved from /home/ubuntu/myenv/lib/python3.12/site-packages/airflow/example_dags/example_nested_branch_dag.py
[2024-08-27T16:12:53.253+0000] {logging_mixin.py:190} INFO - [2024-08-27T16:12:53.252+0000] {dag.py:3211} INFO - Sync 1 DAGs
[2024-08-27T16:12:53.275+0000] {logging_mixin.py:190} INFO - [2024-08-27T16:12:53.275+0000] {dag.py:4138} INFO - Setting next_dagrun for example_nested_branch_dag to 2024-08-26 00:00:00+00:00, run_after=2024-08-27 00:00:00+00:00
[2024-08-27T16:12:53.300+0000] {processor.py:208} INFO - Processing /home/ubuntu/myenv/lib/python3.12/site-packages/airflow/example_dags/example_nested_branch_dag.py took 0.089 seconds
[2024-08-27T16:13:45.826+0000] {processor.py:186} INFO - Started process (PID=8028) to work on /home/ubuntu/myenv/lib/python3.12/site-packages/airflow/example_dags/example_nested_branch_dag.py
[2024-08-27T16:13:45.828+0000] {processor.py:914} INFO - Processing file /home/ubuntu/myenv/lib/python3.12/site-packages/airflow/example_dags/example_nested_branch_dag.py for tasks to queue
[2024-08-27T16:13:45.830+0000] {logging_mixin.py:190} INFO - [2024-08-27T16:13:45.830+0000] {dagbag.py:587} INFO - Filling up the DagBag from /home/ubuntu/myenv/lib/python3.12/site-packages/airflow/example_dags/example_nested_branch_dag.py
[2024-08-27T16:13:45.843+0000] {processor.py:925} INFO - DAG(s) 'example_nested_branch_dag' retrieved from /home/ubuntu/myenv/lib/python3.12/site-packages/airflow/example_dags/example_nested_branch_dag.py
[2024-08-27T16:13:45.863+0000] {logging_mixin.py:190} INFO - [2024-08-27T16:13:45.863+0000] {dag.py:3211} INFO - Sync 1 DAGs
[2024-08-27T16:13:45.885+0000] {logging_mixin.py:190} INFO - [2024-08-27T16:13:45.885+0000] {dag.py:4138} INFO - Setting next_dagrun for example_nested_branch_dag to 2024-08-26 00:00:00+00:00, run_after=2024-08-27 00:00:00+00:00
[2024-08-27T16:13:45.908+0000] {processor.py:208} INFO - Processing /home/ubuntu/myenv/lib/python3.12/site-packages/airflow/example_dags/example_nested_branch_dag.py took 0.088 seconds
