[2024-08-27T14:34:29.730+0000] {processor.py:186} INFO - Started process (PID=5530) to work on /home/ubuntu/myenv/lib/python3.12/site-packages/airflow/example_dags/example_short_circuit_decorator.py
[2024-08-27T14:34:29.731+0000] {processor.py:914} INFO - Processing file /home/ubuntu/myenv/lib/python3.12/site-packages/airflow/example_dags/example_short_circuit_decorator.py for tasks to queue
[2024-08-27T14:34:29.733+0000] {logging_mixin.py:190} INFO - [2024-08-27T14:34:29.732+0000] {dagbag.py:587} INFO - Filling up the DagBag from /home/ubuntu/myenv/lib/python3.12/site-packages/airflow/example_dags/example_short_circuit_decorator.py
[2024-08-27T14:34:29.745+0000] {processor.py:925} INFO - DAG(s) 'example_short_circuit_decorator' retrieved from /home/ubuntu/myenv/lib/python3.12/site-packages/airflow/example_dags/example_short_circuit_decorator.py
[2024-08-27T14:34:29.867+0000] {logging_mixin.py:190} INFO - [2024-08-27T14:34:29.866+0000] {override.py:1900} INFO - Created Permission View: can delete on DAG:example_short_circuit_decorator
[2024-08-27T14:34:29.881+0000] {logging_mixin.py:190} INFO - [2024-08-27T14:34:29.881+0000] {override.py:1900} INFO - Created Permission View: can edit on DAG:example_short_circuit_decorator
[2024-08-27T14:34:29.891+0000] {logging_mixin.py:190} INFO - [2024-08-27T14:34:29.891+0000] {override.py:1900} INFO - Created Permission View: can read on DAG:example_short_circuit_decorator
[2024-08-27T14:34:29.906+0000] {logging_mixin.py:190} INFO - [2024-08-27T14:34:29.906+0000] {override.py:1900} INFO - Created Permission View: can create on DAG Run:example_short_circuit_decorator
[2024-08-27T14:34:29.916+0000] {logging_mixin.py:190} INFO - [2024-08-27T14:34:29.916+0000] {override.py:1900} INFO - Created Permission View: menu access on DAG Run:example_short_circuit_decorator
[2024-08-27T14:34:29.926+0000] {logging_mixin.py:190} INFO - [2024-08-27T14:34:29.926+0000] {override.py:1900} INFO - Created Permission View: can delete on DAG Run:example_short_circuit_decorator
[2024-08-27T14:34:29.936+0000] {logging_mixin.py:190} INFO - [2024-08-27T14:34:29.935+0000] {override.py:1900} INFO - Created Permission View: can read on DAG Run:example_short_circuit_decorator
[2024-08-27T14:34:29.936+0000] {logging_mixin.py:190} INFO - [2024-08-27T14:34:29.936+0000] {dag.py:3211} INFO - Sync 1 DAGs
[2024-08-27T14:34:29.951+0000] {logging_mixin.py:190} INFO - [2024-08-27T14:34:29.951+0000] {dag.py:3234} INFO - Creating ORM DAG for example_short_circuit_decorator
[2024-08-27T14:34:29.960+0000] {logging_mixin.py:190} INFO - [2024-08-27T14:34:29.960+0000] {dag.py:4138} INFO - Setting next_dagrun for example_short_circuit_decorator to 2024-08-26 00:00:00+00:00, run_after=2024-08-27 00:00:00+00:00
[2024-08-27T14:34:29.982+0000] {processor.py:208} INFO - Processing /home/ubuntu/myenv/lib/python3.12/site-packages/airflow/example_dags/example_short_circuit_decorator.py took 0.258 seconds
[2024-08-27T14:35:34.070+0000] {processor.py:186} INFO - Started process (PID=5594) to work on /home/ubuntu/myenv/lib/python3.12/site-packages/airflow/example_dags/example_short_circuit_decorator.py
[2024-08-27T14:35:34.072+0000] {processor.py:914} INFO - Processing file /home/ubuntu/myenv/lib/python3.12/site-packages/airflow/example_dags/example_short_circuit_decorator.py for tasks to queue
[2024-08-27T14:35:34.074+0000] {logging_mixin.py:190} INFO - [2024-08-27T14:35:34.073+0000] {dagbag.py:587} INFO - Filling up the DagBag from /home/ubuntu/myenv/lib/python3.12/site-packages/airflow/example_dags/example_short_circuit_decorator.py
[2024-08-27T14:35:34.086+0000] {processor.py:925} INFO - DAG(s) 'example_short_circuit_decorator' retrieved from /home/ubuntu/myenv/lib/python3.12/site-packages/airflow/example_dags/example_short_circuit_decorator.py
[2024-08-27T14:35:34.107+0000] {logging_mixin.py:190} INFO - [2024-08-27T14:35:34.107+0000] {dag.py:3211} INFO - Sync 1 DAGs
[2024-08-27T14:35:34.130+0000] {logging_mixin.py:190} INFO - [2024-08-27T14:35:34.130+0000] {dag.py:4138} INFO - Setting next_dagrun for example_short_circuit_decorator to 2024-08-26 00:00:00+00:00, run_after=2024-08-27 00:00:00+00:00
[2024-08-27T14:35:34.153+0000] {processor.py:208} INFO - Processing /home/ubuntu/myenv/lib/python3.12/site-packages/airflow/example_dags/example_short_circuit_decorator.py took 0.089 seconds
[2024-08-27T14:36:28.609+0000] {processor.py:186} INFO - Started process (PID=5666) to work on /home/ubuntu/myenv/lib/python3.12/site-packages/airflow/example_dags/example_short_circuit_decorator.py
[2024-08-27T14:36:28.611+0000] {processor.py:914} INFO - Processing file /home/ubuntu/myenv/lib/python3.12/site-packages/airflow/example_dags/example_short_circuit_decorator.py for tasks to queue
[2024-08-27T14:36:28.613+0000] {logging_mixin.py:190} INFO - [2024-08-27T14:36:28.613+0000] {dagbag.py:587} INFO - Filling up the DagBag from /home/ubuntu/myenv/lib/python3.12/site-packages/airflow/example_dags/example_short_circuit_decorator.py
[2024-08-27T14:36:28.624+0000] {processor.py:925} INFO - DAG(s) 'example_short_circuit_decorator' retrieved from /home/ubuntu/myenv/lib/python3.12/site-packages/airflow/example_dags/example_short_circuit_decorator.py
[2024-08-27T14:36:28.645+0000] {logging_mixin.py:190} INFO - [2024-08-27T14:36:28.645+0000] {dag.py:3211} INFO - Sync 1 DAGs
[2024-08-27T14:36:28.666+0000] {logging_mixin.py:190} INFO - [2024-08-27T14:36:28.666+0000] {dag.py:4138} INFO - Setting next_dagrun for example_short_circuit_decorator to 2024-08-26 00:00:00+00:00, run_after=2024-08-27 00:00:00+00:00
[2024-08-27T14:36:28.691+0000] {processor.py:208} INFO - Processing /home/ubuntu/myenv/lib/python3.12/site-packages/airflow/example_dags/example_short_circuit_decorator.py took 0.088 seconds
[2024-08-27T14:37:25.886+0000] {processor.py:186} INFO - Started process (PID=5747) to work on /home/ubuntu/myenv/lib/python3.12/site-packages/airflow/example_dags/example_short_circuit_decorator.py
[2024-08-27T14:37:25.887+0000] {processor.py:914} INFO - Processing file /home/ubuntu/myenv/lib/python3.12/site-packages/airflow/example_dags/example_short_circuit_decorator.py for tasks to queue
[2024-08-27T14:37:25.889+0000] {logging_mixin.py:190} INFO - [2024-08-27T14:37:25.889+0000] {dagbag.py:587} INFO - Filling up the DagBag from /home/ubuntu/myenv/lib/python3.12/site-packages/airflow/example_dags/example_short_circuit_decorator.py
[2024-08-27T14:37:25.901+0000] {processor.py:925} INFO - DAG(s) 'example_short_circuit_decorator' retrieved from /home/ubuntu/myenv/lib/python3.12/site-packages/airflow/example_dags/example_short_circuit_decorator.py
[2024-08-27T14:37:25.922+0000] {logging_mixin.py:190} INFO - [2024-08-27T14:37:25.922+0000] {dag.py:3211} INFO - Sync 1 DAGs
[2024-08-27T14:37:25.943+0000] {logging_mixin.py:190} INFO - [2024-08-27T14:37:25.943+0000] {dag.py:4138} INFO - Setting next_dagrun for example_short_circuit_decorator to 2024-08-26 00:00:00+00:00, run_after=2024-08-27 00:00:00+00:00
[2024-08-27T14:37:25.967+0000] {processor.py:208} INFO - Processing /home/ubuntu/myenv/lib/python3.12/site-packages/airflow/example_dags/example_short_circuit_decorator.py took 0.087 seconds
[2024-08-27T14:38:15.299+0000] {processor.py:186} INFO - Started process (PID=5811) to work on /home/ubuntu/myenv/lib/python3.12/site-packages/airflow/example_dags/example_short_circuit_decorator.py
[2024-08-27T14:38:15.301+0000] {processor.py:914} INFO - Processing file /home/ubuntu/myenv/lib/python3.12/site-packages/airflow/example_dags/example_short_circuit_decorator.py for tasks to queue
[2024-08-27T14:38:15.303+0000] {logging_mixin.py:190} INFO - [2024-08-27T14:38:15.303+0000] {dagbag.py:587} INFO - Filling up the DagBag from /home/ubuntu/myenv/lib/python3.12/site-packages/airflow/example_dags/example_short_circuit_decorator.py
[2024-08-27T14:38:15.315+0000] {processor.py:925} INFO - DAG(s) 'example_short_circuit_decorator' retrieved from /home/ubuntu/myenv/lib/python3.12/site-packages/airflow/example_dags/example_short_circuit_decorator.py
[2024-08-27T14:38:15.336+0000] {logging_mixin.py:190} INFO - [2024-08-27T14:38:15.335+0000] {dag.py:3211} INFO - Sync 1 DAGs
[2024-08-27T14:38:15.357+0000] {logging_mixin.py:190} INFO - [2024-08-27T14:38:15.357+0000] {dag.py:4138} INFO - Setting next_dagrun for example_short_circuit_decorator to 2024-08-26 00:00:00+00:00, run_after=2024-08-27 00:00:00+00:00
[2024-08-27T14:38:15.379+0000] {processor.py:208} INFO - Processing /home/ubuntu/myenv/lib/python3.12/site-packages/airflow/example_dags/example_short_circuit_decorator.py took 0.086 seconds
[2024-08-27T14:39:23.892+0000] {processor.py:186} INFO - Started process (PID=5892) to work on /home/ubuntu/myenv/lib/python3.12/site-packages/airflow/example_dags/example_short_circuit_decorator.py
[2024-08-27T14:39:23.893+0000] {processor.py:914} INFO - Processing file /home/ubuntu/myenv/lib/python3.12/site-packages/airflow/example_dags/example_short_circuit_decorator.py for tasks to queue
[2024-08-27T14:39:23.896+0000] {logging_mixin.py:190} INFO - [2024-08-27T14:39:23.895+0000] {dagbag.py:587} INFO - Filling up the DagBag from /home/ubuntu/myenv/lib/python3.12/site-packages/airflow/example_dags/example_short_circuit_decorator.py
[2024-08-27T14:39:23.907+0000] {processor.py:925} INFO - DAG(s) 'example_short_circuit_decorator' retrieved from /home/ubuntu/myenv/lib/python3.12/site-packages/airflow/example_dags/example_short_circuit_decorator.py
[2024-08-27T14:39:23.928+0000] {logging_mixin.py:190} INFO - [2024-08-27T14:39:23.928+0000] {dag.py:3211} INFO - Sync 1 DAGs
[2024-08-27T14:39:23.950+0000] {logging_mixin.py:190} INFO - [2024-08-27T14:39:23.949+0000] {dag.py:4138} INFO - Setting next_dagrun for example_short_circuit_decorator to 2024-08-26 00:00:00+00:00, run_after=2024-08-27 00:00:00+00:00
[2024-08-27T14:39:23.973+0000] {processor.py:208} INFO - Processing /home/ubuntu/myenv/lib/python3.12/site-packages/airflow/example_dags/example_short_circuit_decorator.py took 0.087 seconds
[2024-08-27T14:40:17.870+0000] {processor.py:186} INFO - Started process (PID=5965) to work on /home/ubuntu/myenv/lib/python3.12/site-packages/airflow/example_dags/example_short_circuit_decorator.py
[2024-08-27T14:40:17.872+0000] {processor.py:914} INFO - Processing file /home/ubuntu/myenv/lib/python3.12/site-packages/airflow/example_dags/example_short_circuit_decorator.py for tasks to queue
[2024-08-27T14:40:17.874+0000] {logging_mixin.py:190} INFO - [2024-08-27T14:40:17.874+0000] {dagbag.py:587} INFO - Filling up the DagBag from /home/ubuntu/myenv/lib/python3.12/site-packages/airflow/example_dags/example_short_circuit_decorator.py
[2024-08-27T14:40:17.886+0000] {processor.py:925} INFO - DAG(s) 'example_short_circuit_decorator' retrieved from /home/ubuntu/myenv/lib/python3.12/site-packages/airflow/example_dags/example_short_circuit_decorator.py
[2024-08-27T14:40:17.907+0000] {logging_mixin.py:190} INFO - [2024-08-27T14:40:17.907+0000] {dag.py:3211} INFO - Sync 1 DAGs
[2024-08-27T14:40:17.930+0000] {logging_mixin.py:190} INFO - [2024-08-27T14:40:17.930+0000] {dag.py:4138} INFO - Setting next_dagrun for example_short_circuit_decorator to 2024-08-26 00:00:00+00:00, run_after=2024-08-27 00:00:00+00:00
[2024-08-27T14:40:17.953+0000] {processor.py:208} INFO - Processing /home/ubuntu/myenv/lib/python3.12/site-packages/airflow/example_dags/example_short_circuit_decorator.py took 0.089 seconds
[2024-08-27T14:41:08.399+0000] {processor.py:186} INFO - Started process (PID=6017) to work on /home/ubuntu/myenv/lib/python3.12/site-packages/airflow/example_dags/example_short_circuit_decorator.py
[2024-08-27T14:41:08.401+0000] {processor.py:914} INFO - Processing file /home/ubuntu/myenv/lib/python3.12/site-packages/airflow/example_dags/example_short_circuit_decorator.py for tasks to queue
[2024-08-27T14:41:08.403+0000] {logging_mixin.py:190} INFO - [2024-08-27T14:41:08.402+0000] {dagbag.py:587} INFO - Filling up the DagBag from /home/ubuntu/myenv/lib/python3.12/site-packages/airflow/example_dags/example_short_circuit_decorator.py
[2024-08-27T14:41:08.415+0000] {processor.py:925} INFO - DAG(s) 'example_short_circuit_decorator' retrieved from /home/ubuntu/myenv/lib/python3.12/site-packages/airflow/example_dags/example_short_circuit_decorator.py
[2024-08-27T14:41:08.437+0000] {logging_mixin.py:190} INFO - [2024-08-27T14:41:08.437+0000] {dag.py:3211} INFO - Sync 1 DAGs
[2024-08-27T14:41:08.459+0000] {logging_mixin.py:190} INFO - [2024-08-27T14:41:08.459+0000] {dag.py:4138} INFO - Setting next_dagrun for example_short_circuit_decorator to 2024-08-26 00:00:00+00:00, run_after=2024-08-27 00:00:00+00:00
[2024-08-27T14:41:08.481+0000] {processor.py:208} INFO - Processing /home/ubuntu/myenv/lib/python3.12/site-packages/airflow/example_dags/example_short_circuit_decorator.py took 0.089 seconds
[2024-08-27T14:41:58.349+0000] {processor.py:186} INFO - Started process (PID=6067) to work on /home/ubuntu/myenv/lib/python3.12/site-packages/airflow/example_dags/example_short_circuit_decorator.py
[2024-08-27T14:41:58.350+0000] {processor.py:914} INFO - Processing file /home/ubuntu/myenv/lib/python3.12/site-packages/airflow/example_dags/example_short_circuit_decorator.py for tasks to queue
[2024-08-27T14:41:58.353+0000] {logging_mixin.py:190} INFO - [2024-08-27T14:41:58.352+0000] {dagbag.py:587} INFO - Filling up the DagBag from /home/ubuntu/myenv/lib/python3.12/site-packages/airflow/example_dags/example_short_circuit_decorator.py
[2024-08-27T14:41:58.365+0000] {processor.py:925} INFO - DAG(s) 'example_short_circuit_decorator' retrieved from /home/ubuntu/myenv/lib/python3.12/site-packages/airflow/example_dags/example_short_circuit_decorator.py
[2024-08-27T14:41:58.387+0000] {logging_mixin.py:190} INFO - [2024-08-27T14:41:58.387+0000] {dag.py:3211} INFO - Sync 1 DAGs
[2024-08-27T14:41:58.412+0000] {logging_mixin.py:190} INFO - [2024-08-27T14:41:58.411+0000] {dag.py:4138} INFO - Setting next_dagrun for example_short_circuit_decorator to 2024-08-26 00:00:00+00:00, run_after=2024-08-27 00:00:00+00:00
[2024-08-27T14:41:58.438+0000] {processor.py:208} INFO - Processing /home/ubuntu/myenv/lib/python3.12/site-packages/airflow/example_dags/example_short_circuit_decorator.py took 0.095 seconds
[2024-08-27T14:42:48.787+0000] {processor.py:186} INFO - Started process (PID=6119) to work on /home/ubuntu/myenv/lib/python3.12/site-packages/airflow/example_dags/example_short_circuit_decorator.py
[2024-08-27T14:42:48.789+0000] {processor.py:914} INFO - Processing file /home/ubuntu/myenv/lib/python3.12/site-packages/airflow/example_dags/example_short_circuit_decorator.py for tasks to queue
[2024-08-27T14:42:48.791+0000] {logging_mixin.py:190} INFO - [2024-08-27T14:42:48.791+0000] {dagbag.py:587} INFO - Filling up the DagBag from /home/ubuntu/myenv/lib/python3.12/site-packages/airflow/example_dags/example_short_circuit_decorator.py
[2024-08-27T14:42:48.803+0000] {processor.py:925} INFO - DAG(s) 'example_short_circuit_decorator' retrieved from /home/ubuntu/myenv/lib/python3.12/site-packages/airflow/example_dags/example_short_circuit_decorator.py
[2024-08-27T14:42:48.824+0000] {logging_mixin.py:190} INFO - [2024-08-27T14:42:48.824+0000] {dag.py:3211} INFO - Sync 1 DAGs
[2024-08-27T14:42:48.846+0000] {logging_mixin.py:190} INFO - [2024-08-27T14:42:48.846+0000] {dag.py:4138} INFO - Setting next_dagrun for example_short_circuit_decorator to 2024-08-26 00:00:00+00:00, run_after=2024-08-27 00:00:00+00:00
[2024-08-27T14:42:48.870+0000] {processor.py:208} INFO - Processing /home/ubuntu/myenv/lib/python3.12/site-packages/airflow/example_dags/example_short_circuit_decorator.py took 0.089 seconds
[2024-08-27T14:43:39.306+0000] {processor.py:186} INFO - Started process (PID=6171) to work on /home/ubuntu/myenv/lib/python3.12/site-packages/airflow/example_dags/example_short_circuit_decorator.py
[2024-08-27T14:43:39.308+0000] {processor.py:914} INFO - Processing file /home/ubuntu/myenv/lib/python3.12/site-packages/airflow/example_dags/example_short_circuit_decorator.py for tasks to queue
[2024-08-27T14:43:39.310+0000] {logging_mixin.py:190} INFO - [2024-08-27T14:43:39.310+0000] {dagbag.py:587} INFO - Filling up the DagBag from /home/ubuntu/myenv/lib/python3.12/site-packages/airflow/example_dags/example_short_circuit_decorator.py
[2024-08-27T14:43:39.322+0000] {processor.py:925} INFO - DAG(s) 'example_short_circuit_decorator' retrieved from /home/ubuntu/myenv/lib/python3.12/site-packages/airflow/example_dags/example_short_circuit_decorator.py
[2024-08-27T14:43:39.343+0000] {logging_mixin.py:190} INFO - [2024-08-27T14:43:39.343+0000] {dag.py:3211} INFO - Sync 1 DAGs
[2024-08-27T14:43:39.365+0000] {logging_mixin.py:190} INFO - [2024-08-27T14:43:39.365+0000] {dag.py:4138} INFO - Setting next_dagrun for example_short_circuit_decorator to 2024-08-26 00:00:00+00:00, run_after=2024-08-27 00:00:00+00:00
[2024-08-27T14:43:39.387+0000] {processor.py:208} INFO - Processing /home/ubuntu/myenv/lib/python3.12/site-packages/airflow/example_dags/example_short_circuit_decorator.py took 0.087 seconds
[2024-08-27T14:44:29.191+0000] {processor.py:186} INFO - Started process (PID=6224) to work on /home/ubuntu/myenv/lib/python3.12/site-packages/airflow/example_dags/example_short_circuit_decorator.py
[2024-08-27T14:44:29.193+0000] {processor.py:914} INFO - Processing file /home/ubuntu/myenv/lib/python3.12/site-packages/airflow/example_dags/example_short_circuit_decorator.py for tasks to queue
[2024-08-27T14:44:29.195+0000] {logging_mixin.py:190} INFO - [2024-08-27T14:44:29.195+0000] {dagbag.py:587} INFO - Filling up the DagBag from /home/ubuntu/myenv/lib/python3.12/site-packages/airflow/example_dags/example_short_circuit_decorator.py
[2024-08-27T14:44:29.207+0000] {processor.py:925} INFO - DAG(s) 'example_short_circuit_decorator' retrieved from /home/ubuntu/myenv/lib/python3.12/site-packages/airflow/example_dags/example_short_circuit_decorator.py
[2024-08-27T14:44:29.229+0000] {logging_mixin.py:190} INFO - [2024-08-27T14:44:29.228+0000] {dag.py:3211} INFO - Sync 1 DAGs
[2024-08-27T14:44:29.251+0000] {logging_mixin.py:190} INFO - [2024-08-27T14:44:29.251+0000] {dag.py:4138} INFO - Setting next_dagrun for example_short_circuit_decorator to 2024-08-26 00:00:00+00:00, run_after=2024-08-27 00:00:00+00:00
[2024-08-27T14:44:29.274+0000] {processor.py:208} INFO - Processing /home/ubuntu/myenv/lib/python3.12/site-packages/airflow/example_dags/example_short_circuit_decorator.py took 0.089 seconds
[2024-08-27T14:45:20.733+0000] {processor.py:186} INFO - Started process (PID=6278) to work on /home/ubuntu/myenv/lib/python3.12/site-packages/airflow/example_dags/example_short_circuit_decorator.py
[2024-08-27T14:45:20.734+0000] {processor.py:914} INFO - Processing file /home/ubuntu/myenv/lib/python3.12/site-packages/airflow/example_dags/example_short_circuit_decorator.py for tasks to queue
[2024-08-27T14:45:20.737+0000] {logging_mixin.py:190} INFO - [2024-08-27T14:45:20.736+0000] {dagbag.py:587} INFO - Filling up the DagBag from /home/ubuntu/myenv/lib/python3.12/site-packages/airflow/example_dags/example_short_circuit_decorator.py
[2024-08-27T14:45:20.749+0000] {processor.py:925} INFO - DAG(s) 'example_short_circuit_decorator' retrieved from /home/ubuntu/myenv/lib/python3.12/site-packages/airflow/example_dags/example_short_circuit_decorator.py
[2024-08-27T14:45:20.770+0000] {logging_mixin.py:190} INFO - [2024-08-27T14:45:20.770+0000] {dag.py:3211} INFO - Sync 1 DAGs
[2024-08-27T14:45:20.791+0000] {logging_mixin.py:190} INFO - [2024-08-27T14:45:20.791+0000] {dag.py:4138} INFO - Setting next_dagrun for example_short_circuit_decorator to 2024-08-26 00:00:00+00:00, run_after=2024-08-27 00:00:00+00:00
[2024-08-27T14:45:20.815+0000] {processor.py:208} INFO - Processing /home/ubuntu/myenv/lib/python3.12/site-packages/airflow/example_dags/example_short_circuit_decorator.py took 0.089 seconds
[2024-08-27T14:46:11.493+0000] {processor.py:186} INFO - Started process (PID=6333) to work on /home/ubuntu/myenv/lib/python3.12/site-packages/airflow/example_dags/example_short_circuit_decorator.py
[2024-08-27T14:46:11.497+0000] {processor.py:914} INFO - Processing file /home/ubuntu/myenv/lib/python3.12/site-packages/airflow/example_dags/example_short_circuit_decorator.py for tasks to queue
[2024-08-27T14:46:11.499+0000] {logging_mixin.py:190} INFO - [2024-08-27T14:46:11.499+0000] {dagbag.py:587} INFO - Filling up the DagBag from /home/ubuntu/myenv/lib/python3.12/site-packages/airflow/example_dags/example_short_circuit_decorator.py
[2024-08-27T14:46:11.511+0000] {processor.py:925} INFO - DAG(s) 'example_short_circuit_decorator' retrieved from /home/ubuntu/myenv/lib/python3.12/site-packages/airflow/example_dags/example_short_circuit_decorator.py
[2024-08-27T14:46:11.533+0000] {logging_mixin.py:190} INFO - [2024-08-27T14:46:11.533+0000] {dag.py:3211} INFO - Sync 1 DAGs
[2024-08-27T14:46:11.556+0000] {logging_mixin.py:190} INFO - [2024-08-27T14:46:11.556+0000] {dag.py:4138} INFO - Setting next_dagrun for example_short_circuit_decorator to 2024-08-26 00:00:00+00:00, run_after=2024-08-27 00:00:00+00:00
[2024-08-27T14:46:11.579+0000] {processor.py:208} INFO - Processing /home/ubuntu/myenv/lib/python3.12/site-packages/airflow/example_dags/example_short_circuit_decorator.py took 0.093 seconds
[2024-08-27T14:46:57.026+0000] {processor.py:186} INFO - Started process (PID=6381) to work on /home/ubuntu/myenv/lib/python3.12/site-packages/airflow/example_dags/example_short_circuit_decorator.py
[2024-08-27T14:46:57.027+0000] {processor.py:914} INFO - Processing file /home/ubuntu/myenv/lib/python3.12/site-packages/airflow/example_dags/example_short_circuit_decorator.py for tasks to queue
[2024-08-27T14:46:57.029+0000] {logging_mixin.py:190} INFO - [2024-08-27T14:46:57.029+0000] {dagbag.py:587} INFO - Filling up the DagBag from /home/ubuntu/myenv/lib/python3.12/site-packages/airflow/example_dags/example_short_circuit_decorator.py
[2024-08-27T14:46:57.041+0000] {processor.py:925} INFO - DAG(s) 'example_short_circuit_decorator' retrieved from /home/ubuntu/myenv/lib/python3.12/site-packages/airflow/example_dags/example_short_circuit_decorator.py
[2024-08-27T14:46:57.062+0000] {logging_mixin.py:190} INFO - [2024-08-27T14:46:57.062+0000] {dag.py:3211} INFO - Sync 1 DAGs
[2024-08-27T14:46:57.085+0000] {logging_mixin.py:190} INFO - [2024-08-27T14:46:57.084+0000] {dag.py:4138} INFO - Setting next_dagrun for example_short_circuit_decorator to 2024-08-26 00:00:00+00:00, run_after=2024-08-27 00:00:00+00:00
[2024-08-27T14:46:57.107+0000] {processor.py:208} INFO - Processing /home/ubuntu/myenv/lib/python3.12/site-packages/airflow/example_dags/example_short_circuit_decorator.py took 0.088 seconds
[2024-08-27T14:47:48.040+0000] {processor.py:186} INFO - Started process (PID=6434) to work on /home/ubuntu/myenv/lib/python3.12/site-packages/airflow/example_dags/example_short_circuit_decorator.py
[2024-08-27T14:47:48.041+0000] {processor.py:914} INFO - Processing file /home/ubuntu/myenv/lib/python3.12/site-packages/airflow/example_dags/example_short_circuit_decorator.py for tasks to queue
[2024-08-27T14:47:48.043+0000] {logging_mixin.py:190} INFO - [2024-08-27T14:47:48.043+0000] {dagbag.py:587} INFO - Filling up the DagBag from /home/ubuntu/myenv/lib/python3.12/site-packages/airflow/example_dags/example_short_circuit_decorator.py
[2024-08-27T14:47:48.055+0000] {processor.py:925} INFO - DAG(s) 'example_short_circuit_decorator' retrieved from /home/ubuntu/myenv/lib/python3.12/site-packages/airflow/example_dags/example_short_circuit_decorator.py
[2024-08-27T14:47:48.077+0000] {logging_mixin.py:190} INFO - [2024-08-27T14:47:48.077+0000] {dag.py:3211} INFO - Sync 1 DAGs
[2024-08-27T14:47:48.100+0000] {logging_mixin.py:190} INFO - [2024-08-27T14:47:48.100+0000] {dag.py:4138} INFO - Setting next_dagrun for example_short_circuit_decorator to 2024-08-26 00:00:00+00:00, run_after=2024-08-27 00:00:00+00:00
[2024-08-27T14:47:48.123+0000] {processor.py:208} INFO - Processing /home/ubuntu/myenv/lib/python3.12/site-packages/airflow/example_dags/example_short_circuit_decorator.py took 0.090 seconds
[2024-08-27T14:48:38.237+0000] {processor.py:186} INFO - Started process (PID=6490) to work on /home/ubuntu/myenv/lib/python3.12/site-packages/airflow/example_dags/example_short_circuit_decorator.py
[2024-08-27T14:48:38.239+0000] {processor.py:914} INFO - Processing file /home/ubuntu/myenv/lib/python3.12/site-packages/airflow/example_dags/example_short_circuit_decorator.py for tasks to queue
[2024-08-27T14:48:38.241+0000] {logging_mixin.py:190} INFO - [2024-08-27T14:48:38.240+0000] {dagbag.py:587} INFO - Filling up the DagBag from /home/ubuntu/myenv/lib/python3.12/site-packages/airflow/example_dags/example_short_circuit_decorator.py
[2024-08-27T14:48:38.253+0000] {processor.py:925} INFO - DAG(s) 'example_short_circuit_decorator' retrieved from /home/ubuntu/myenv/lib/python3.12/site-packages/airflow/example_dags/example_short_circuit_decorator.py
[2024-08-27T14:48:38.275+0000] {logging_mixin.py:190} INFO - [2024-08-27T14:48:38.275+0000] {dag.py:3211} INFO - Sync 1 DAGs
[2024-08-27T14:48:38.297+0000] {logging_mixin.py:190} INFO - [2024-08-27T14:48:38.297+0000] {dag.py:4138} INFO - Setting next_dagrun for example_short_circuit_decorator to 2024-08-26 00:00:00+00:00, run_after=2024-08-27 00:00:00+00:00
[2024-08-27T14:48:38.320+0000] {processor.py:208} INFO - Processing /home/ubuntu/myenv/lib/python3.12/site-packages/airflow/example_dags/example_short_circuit_decorator.py took 0.090 seconds
[2024-08-27T14:49:30.801+0000] {processor.py:186} INFO - Started process (PID=6544) to work on /home/ubuntu/myenv/lib/python3.12/site-packages/airflow/example_dags/example_short_circuit_decorator.py
[2024-08-27T14:49:30.803+0000] {processor.py:914} INFO - Processing file /home/ubuntu/myenv/lib/python3.12/site-packages/airflow/example_dags/example_short_circuit_decorator.py for tasks to queue
[2024-08-27T14:49:30.805+0000] {logging_mixin.py:190} INFO - [2024-08-27T14:49:30.805+0000] {dagbag.py:587} INFO - Filling up the DagBag from /home/ubuntu/myenv/lib/python3.12/site-packages/airflow/example_dags/example_short_circuit_decorator.py
[2024-08-27T14:49:30.817+0000] {processor.py:925} INFO - DAG(s) 'example_short_circuit_decorator' retrieved from /home/ubuntu/myenv/lib/python3.12/site-packages/airflow/example_dags/example_short_circuit_decorator.py
[2024-08-27T14:49:30.839+0000] {logging_mixin.py:190} INFO - [2024-08-27T14:49:30.839+0000] {dag.py:3211} INFO - Sync 1 DAGs
[2024-08-27T14:49:30.861+0000] {logging_mixin.py:190} INFO - [2024-08-27T14:49:30.861+0000] {dag.py:4138} INFO - Setting next_dagrun for example_short_circuit_decorator to 2024-08-26 00:00:00+00:00, run_after=2024-08-27 00:00:00+00:00
[2024-08-27T14:49:30.885+0000] {processor.py:208} INFO - Processing /home/ubuntu/myenv/lib/python3.12/site-packages/airflow/example_dags/example_short_circuit_decorator.py took 0.090 seconds
[2024-08-27T16:10:02.817+0000] {processor.py:186} INFO - Started process (PID=7606) to work on /home/ubuntu/myenv/lib/python3.12/site-packages/airflow/example_dags/example_short_circuit_decorator.py
[2024-08-27T16:10:02.818+0000] {processor.py:914} INFO - Processing file /home/ubuntu/myenv/lib/python3.12/site-packages/airflow/example_dags/example_short_circuit_decorator.py for tasks to queue
[2024-08-27T16:10:02.820+0000] {logging_mixin.py:190} INFO - [2024-08-27T16:10:02.820+0000] {dagbag.py:587} INFO - Filling up the DagBag from /home/ubuntu/myenv/lib/python3.12/site-packages/airflow/example_dags/example_short_circuit_decorator.py
[2024-08-27T16:10:02.833+0000] {processor.py:925} INFO - DAG(s) 'example_short_circuit_decorator' retrieved from /home/ubuntu/myenv/lib/python3.12/site-packages/airflow/example_dags/example_short_circuit_decorator.py
[2024-08-27T16:10:02.857+0000] {logging_mixin.py:190} INFO - [2024-08-27T16:10:02.857+0000] {dag.py:3211} INFO - Sync 1 DAGs
[2024-08-27T16:10:02.881+0000] {logging_mixin.py:190} INFO - [2024-08-27T16:10:02.880+0000] {dag.py:4138} INFO - Setting next_dagrun for example_short_circuit_decorator to 2024-08-26 00:00:00+00:00, run_after=2024-08-27 00:00:00+00:00
[2024-08-27T16:10:02.905+0000] {processor.py:208} INFO - Processing /home/ubuntu/myenv/lib/python3.12/site-packages/airflow/example_dags/example_short_circuit_decorator.py took 0.094 seconds
[2024-08-27T16:10:59.127+0000] {processor.py:186} INFO - Started process (PID=7706) to work on /home/ubuntu/myenv/lib/python3.12/site-packages/airflow/example_dags/example_short_circuit_decorator.py
[2024-08-27T16:10:59.129+0000] {processor.py:914} INFO - Processing file /home/ubuntu/myenv/lib/python3.12/site-packages/airflow/example_dags/example_short_circuit_decorator.py for tasks to queue
[2024-08-27T16:10:59.131+0000] {logging_mixin.py:190} INFO - [2024-08-27T16:10:59.131+0000] {dagbag.py:587} INFO - Filling up the DagBag from /home/ubuntu/myenv/lib/python3.12/site-packages/airflow/example_dags/example_short_circuit_decorator.py
[2024-08-27T16:10:59.143+0000] {processor.py:925} INFO - DAG(s) 'example_short_circuit_decorator' retrieved from /home/ubuntu/myenv/lib/python3.12/site-packages/airflow/example_dags/example_short_circuit_decorator.py
[2024-08-27T16:10:59.165+0000] {logging_mixin.py:190} INFO - [2024-08-27T16:10:59.164+0000] {dag.py:3211} INFO - Sync 1 DAGs
[2024-08-27T16:10:59.187+0000] {logging_mixin.py:190} INFO - [2024-08-27T16:10:59.187+0000] {dag.py:4138} INFO - Setting next_dagrun for example_short_circuit_decorator to 2024-08-26 00:00:00+00:00, run_after=2024-08-27 00:00:00+00:00
[2024-08-27T16:10:59.210+0000] {processor.py:208} INFO - Processing /home/ubuntu/myenv/lib/python3.12/site-packages/airflow/example_dags/example_short_circuit_decorator.py took 0.089 seconds
[2024-08-27T16:11:53.713+0000] {processor.py:186} INFO - Started process (PID=7837) to work on /home/ubuntu/myenv/lib/python3.12/site-packages/airflow/example_dags/example_short_circuit_decorator.py
[2024-08-27T16:11:53.716+0000] {processor.py:914} INFO - Processing file /home/ubuntu/myenv/lib/python3.12/site-packages/airflow/example_dags/example_short_circuit_decorator.py for tasks to queue
[2024-08-27T16:11:53.718+0000] {logging_mixin.py:190} INFO - [2024-08-27T16:11:53.718+0000] {dagbag.py:587} INFO - Filling up the DagBag from /home/ubuntu/myenv/lib/python3.12/site-packages/airflow/example_dags/example_short_circuit_decorator.py
[2024-08-27T16:11:53.730+0000] {processor.py:925} INFO - DAG(s) 'example_short_circuit_decorator' retrieved from /home/ubuntu/myenv/lib/python3.12/site-packages/airflow/example_dags/example_short_circuit_decorator.py
[2024-08-27T16:11:53.751+0000] {logging_mixin.py:190} INFO - [2024-08-27T16:11:53.751+0000] {dag.py:3211} INFO - Sync 1 DAGs
[2024-08-27T16:11:53.773+0000] {logging_mixin.py:190} INFO - [2024-08-27T16:11:53.772+0000] {dag.py:4138} INFO - Setting next_dagrun for example_short_circuit_decorator to 2024-08-26 00:00:00+00:00, run_after=2024-08-27 00:00:00+00:00
[2024-08-27T16:11:53.796+0000] {processor.py:208} INFO - Processing /home/ubuntu/myenv/lib/python3.12/site-packages/airflow/example_dags/example_short_circuit_decorator.py took 0.089 seconds
[2024-08-27T16:12:44.011+0000] {processor.py:186} INFO - Started process (PID=7910) to work on /home/ubuntu/myenv/lib/python3.12/site-packages/airflow/example_dags/example_short_circuit_decorator.py
[2024-08-27T16:12:44.012+0000] {processor.py:914} INFO - Processing file /home/ubuntu/myenv/lib/python3.12/site-packages/airflow/example_dags/example_short_circuit_decorator.py for tasks to queue
[2024-08-27T16:12:44.014+0000] {logging_mixin.py:190} INFO - [2024-08-27T16:12:44.014+0000] {dagbag.py:587} INFO - Filling up the DagBag from /home/ubuntu/myenv/lib/python3.12/site-packages/airflow/example_dags/example_short_circuit_decorator.py
[2024-08-27T16:12:44.026+0000] {processor.py:925} INFO - DAG(s) 'example_short_circuit_decorator' retrieved from /home/ubuntu/myenv/lib/python3.12/site-packages/airflow/example_dags/example_short_circuit_decorator.py
[2024-08-27T16:12:44.047+0000] {logging_mixin.py:190} INFO - [2024-08-27T16:12:44.047+0000] {dag.py:3211} INFO - Sync 1 DAGs
[2024-08-27T16:12:44.069+0000] {logging_mixin.py:190} INFO - [2024-08-27T16:12:44.068+0000] {dag.py:4138} INFO - Setting next_dagrun for example_short_circuit_decorator to 2024-08-26 00:00:00+00:00, run_after=2024-08-27 00:00:00+00:00
[2024-08-27T16:12:44.093+0000] {processor.py:208} INFO - Processing /home/ubuntu/myenv/lib/python3.12/site-packages/airflow/example_dags/example_short_circuit_decorator.py took 0.088 seconds
[2024-08-27T16:13:36.876+0000] {processor.py:186} INFO - Started process (PID=7986) to work on /home/ubuntu/myenv/lib/python3.12/site-packages/airflow/example_dags/example_short_circuit_decorator.py
[2024-08-27T16:13:36.878+0000] {processor.py:914} INFO - Processing file /home/ubuntu/myenv/lib/python3.12/site-packages/airflow/example_dags/example_short_circuit_decorator.py for tasks to queue
[2024-08-27T16:13:36.880+0000] {logging_mixin.py:190} INFO - [2024-08-27T16:13:36.879+0000] {dagbag.py:587} INFO - Filling up the DagBag from /home/ubuntu/myenv/lib/python3.12/site-packages/airflow/example_dags/example_short_circuit_decorator.py
[2024-08-27T16:13:36.892+0000] {processor.py:925} INFO - DAG(s) 'example_short_circuit_decorator' retrieved from /home/ubuntu/myenv/lib/python3.12/site-packages/airflow/example_dags/example_short_circuit_decorator.py
[2024-08-27T16:13:36.914+0000] {logging_mixin.py:190} INFO - [2024-08-27T16:13:36.914+0000] {dag.py:3211} INFO - Sync 1 DAGs
[2024-08-27T16:13:36.936+0000] {logging_mixin.py:190} INFO - [2024-08-27T16:13:36.936+0000] {dag.py:4138} INFO - Setting next_dagrun for example_short_circuit_decorator to 2024-08-26 00:00:00+00:00, run_after=2024-08-27 00:00:00+00:00
[2024-08-27T16:13:36.960+0000] {processor.py:208} INFO - Processing /home/ubuntu/myenv/lib/python3.12/site-packages/airflow/example_dags/example_short_circuit_decorator.py took 0.090 seconds
