[2024-08-27T14:34:36.413+0000] {processor.py:186} INFO - Started process (PID=5536) to work on /home/ubuntu/myenv/lib/python3.12/site-packages/airflow/example_dags/example_python_operator.py
[2024-08-27T14:34:36.414+0000] {processor.py:914} INFO - Processing file /home/ubuntu/myenv/lib/python3.12/site-packages/airflow/example_dags/example_python_operator.py for tasks to queue
[2024-08-27T14:34:36.417+0000] {logging_mixin.py:190} INFO - [2024-08-27T14:34:36.416+0000] {dagbag.py:587} INFO - Filling up the DagBag from /home/ubuntu/myenv/lib/python3.12/site-packages/airflow/example_dags/example_python_operator.py
[2024-08-27T14:34:36.424+0000] {logging_mixin.py:190} INFO - [2024-08-27T14:34:36.423+0000] {example_python_operator.py:93} WARNING - The virtalenv_python example task requires virtualenv, please install it.
[2024-08-27T14:34:36.426+0000] {processor.py:925} INFO - DAG(s) 'example_python_operator' retrieved from /home/ubuntu/myenv/lib/python3.12/site-packages/airflow/example_dags/example_python_operator.py
[2024-08-27T14:34:36.553+0000] {logging_mixin.py:190} INFO - [2024-08-27T14:34:36.551+0000] {override.py:1900} INFO - Created Permission View: can delete on DAG:example_python_operator
[2024-08-27T14:34:36.567+0000] {logging_mixin.py:190} INFO - [2024-08-27T14:34:36.566+0000] {override.py:1900} INFO - Created Permission View: can edit on DAG:example_python_operator
[2024-08-27T14:34:36.577+0000] {logging_mixin.py:190} INFO - [2024-08-27T14:34:36.576+0000] {override.py:1900} INFO - Created Permission View: can read on DAG:example_python_operator
[2024-08-27T14:34:36.593+0000] {logging_mixin.py:190} INFO - [2024-08-27T14:34:36.592+0000] {override.py:1900} INFO - Created Permission View: can create on DAG Run:example_python_operator
[2024-08-27T14:34:36.602+0000] {logging_mixin.py:190} INFO - [2024-08-27T14:34:36.602+0000] {override.py:1900} INFO - Created Permission View: menu access on DAG Run:example_python_operator
[2024-08-27T14:34:36.612+0000] {logging_mixin.py:190} INFO - [2024-08-27T14:34:36.612+0000] {override.py:1900} INFO - Created Permission View: can delete on DAG Run:example_python_operator
[2024-08-27T14:34:36.624+0000] {logging_mixin.py:190} INFO - [2024-08-27T14:34:36.624+0000] {override.py:1900} INFO - Created Permission View: can read on DAG Run:example_python_operator
[2024-08-27T14:34:36.625+0000] {logging_mixin.py:190} INFO - [2024-08-27T14:34:36.625+0000] {dag.py:3211} INFO - Sync 1 DAGs
[2024-08-27T14:34:36.638+0000] {logging_mixin.py:190} INFO - [2024-08-27T14:34:36.638+0000] {dag.py:3234} INFO - Creating ORM DAG for example_python_operator
[2024-08-27T14:34:36.639+0000] {logging_mixin.py:190} INFO - [2024-08-27T14:34:36.639+0000] {dag.py:4138} INFO - Setting next_dagrun for example_python_operator to None, run_after=None
[2024-08-27T14:34:36.662+0000] {processor.py:208} INFO - Processing /home/ubuntu/myenv/lib/python3.12/site-packages/airflow/example_dags/example_python_operator.py took 0.255 seconds
[2024-08-27T14:35:40.861+0000] {processor.py:186} INFO - Started process (PID=5602) to work on /home/ubuntu/myenv/lib/python3.12/site-packages/airflow/example_dags/example_python_operator.py
[2024-08-27T14:35:40.863+0000] {processor.py:914} INFO - Processing file /home/ubuntu/myenv/lib/python3.12/site-packages/airflow/example_dags/example_python_operator.py for tasks to queue
[2024-08-27T14:35:40.865+0000] {logging_mixin.py:190} INFO - [2024-08-27T14:35:40.864+0000] {dagbag.py:587} INFO - Filling up the DagBag from /home/ubuntu/myenv/lib/python3.12/site-packages/airflow/example_dags/example_python_operator.py
[2024-08-27T14:35:40.873+0000] {logging_mixin.py:190} INFO - [2024-08-27T14:35:40.872+0000] {example_python_operator.py:93} WARNING - The virtalenv_python example task requires virtualenv, please install it.
[2024-08-27T14:35:40.875+0000] {processor.py:925} INFO - DAG(s) 'example_python_operator' retrieved from /home/ubuntu/myenv/lib/python3.12/site-packages/airflow/example_dags/example_python_operator.py
[2024-08-27T14:35:40.895+0000] {logging_mixin.py:190} INFO - [2024-08-27T14:35:40.895+0000] {dag.py:3211} INFO - Sync 1 DAGs
[2024-08-27T14:35:40.909+0000] {logging_mixin.py:190} INFO - [2024-08-27T14:35:40.909+0000] {dag.py:4138} INFO - Setting next_dagrun for example_python_operator to None, run_after=None
[2024-08-27T14:35:40.933+0000] {processor.py:208} INFO - Processing /home/ubuntu/myenv/lib/python3.12/site-packages/airflow/example_dags/example_python_operator.py took 0.078 seconds
[2024-08-27T14:36:36.629+0000] {processor.py:186} INFO - Started process (PID=5678) to work on /home/ubuntu/myenv/lib/python3.12/site-packages/airflow/example_dags/example_python_operator.py
[2024-08-27T14:36:36.631+0000] {processor.py:914} INFO - Processing file /home/ubuntu/myenv/lib/python3.12/site-packages/airflow/example_dags/example_python_operator.py for tasks to queue
[2024-08-27T14:36:36.633+0000] {logging_mixin.py:190} INFO - [2024-08-27T14:36:36.633+0000] {dagbag.py:587} INFO - Filling up the DagBag from /home/ubuntu/myenv/lib/python3.12/site-packages/airflow/example_dags/example_python_operator.py
[2024-08-27T14:36:36.640+0000] {logging_mixin.py:190} INFO - [2024-08-27T14:36:36.640+0000] {example_python_operator.py:93} WARNING - The virtalenv_python example task requires virtualenv, please install it.
[2024-08-27T14:36:36.643+0000] {processor.py:925} INFO - DAG(s) 'example_python_operator' retrieved from /home/ubuntu/myenv/lib/python3.12/site-packages/airflow/example_dags/example_python_operator.py
[2024-08-27T14:36:36.662+0000] {logging_mixin.py:190} INFO - [2024-08-27T14:36:36.662+0000] {dag.py:3211} INFO - Sync 1 DAGs
[2024-08-27T14:36:36.676+0000] {logging_mixin.py:190} INFO - [2024-08-27T14:36:36.676+0000] {dag.py:4138} INFO - Setting next_dagrun for example_python_operator to None, run_after=None
[2024-08-27T14:36:36.698+0000] {processor.py:208} INFO - Processing /home/ubuntu/myenv/lib/python3.12/site-packages/airflow/example_dags/example_python_operator.py took 0.074 seconds
[2024-08-27T14:37:32.187+0000] {processor.py:186} INFO - Started process (PID=5754) to work on /home/ubuntu/myenv/lib/python3.12/site-packages/airflow/example_dags/example_python_operator.py
[2024-08-27T14:37:32.189+0000] {processor.py:914} INFO - Processing file /home/ubuntu/myenv/lib/python3.12/site-packages/airflow/example_dags/example_python_operator.py for tasks to queue
[2024-08-27T14:37:32.191+0000] {logging_mixin.py:190} INFO - [2024-08-27T14:37:32.190+0000] {dagbag.py:587} INFO - Filling up the DagBag from /home/ubuntu/myenv/lib/python3.12/site-packages/airflow/example_dags/example_python_operator.py
[2024-08-27T14:37:32.198+0000] {logging_mixin.py:190} INFO - [2024-08-27T14:37:32.198+0000] {example_python_operator.py:93} WARNING - The virtalenv_python example task requires virtualenv, please install it.
[2024-08-27T14:37:32.201+0000] {processor.py:925} INFO - DAG(s) 'example_python_operator' retrieved from /home/ubuntu/myenv/lib/python3.12/site-packages/airflow/example_dags/example_python_operator.py
[2024-08-27T14:37:32.220+0000] {logging_mixin.py:190} INFO - [2024-08-27T14:37:32.219+0000] {dag.py:3211} INFO - Sync 1 DAGs
[2024-08-27T14:37:32.233+0000] {logging_mixin.py:190} INFO - [2024-08-27T14:37:32.233+0000] {dag.py:4138} INFO - Setting next_dagrun for example_python_operator to None, run_after=None
[2024-08-27T14:37:32.256+0000] {processor.py:208} INFO - Processing /home/ubuntu/myenv/lib/python3.12/site-packages/airflow/example_dags/example_python_operator.py took 0.075 seconds
[2024-08-27T14:38:21.846+0000] {processor.py:186} INFO - Started process (PID=5820) to work on /home/ubuntu/myenv/lib/python3.12/site-packages/airflow/example_dags/example_python_operator.py
[2024-08-27T14:38:21.847+0000] {processor.py:914} INFO - Processing file /home/ubuntu/myenv/lib/python3.12/site-packages/airflow/example_dags/example_python_operator.py for tasks to queue
[2024-08-27T14:38:21.850+0000] {logging_mixin.py:190} INFO - [2024-08-27T14:38:21.849+0000] {dagbag.py:587} INFO - Filling up the DagBag from /home/ubuntu/myenv/lib/python3.12/site-packages/airflow/example_dags/example_python_operator.py
[2024-08-27T14:38:21.857+0000] {logging_mixin.py:190} INFO - [2024-08-27T14:38:21.857+0000] {example_python_operator.py:93} WARNING - The virtalenv_python example task requires virtualenv, please install it.
[2024-08-27T14:38:21.860+0000] {processor.py:925} INFO - DAG(s) 'example_python_operator' retrieved from /home/ubuntu/myenv/lib/python3.12/site-packages/airflow/example_dags/example_python_operator.py
[2024-08-27T14:38:21.879+0000] {logging_mixin.py:190} INFO - [2024-08-27T14:38:21.879+0000] {dag.py:3211} INFO - Sync 1 DAGs
[2024-08-27T14:38:21.893+0000] {logging_mixin.py:190} INFO - [2024-08-27T14:38:21.892+0000] {dag.py:4138} INFO - Setting next_dagrun for example_python_operator to None, run_after=None
[2024-08-27T14:38:21.915+0000] {processor.py:208} INFO - Processing /home/ubuntu/myenv/lib/python3.12/site-packages/airflow/example_dags/example_python_operator.py took 0.075 seconds
[2024-08-27T14:39:30.184+0000] {processor.py:186} INFO - Started process (PID=5900) to work on /home/ubuntu/myenv/lib/python3.12/site-packages/airflow/example_dags/example_python_operator.py
[2024-08-27T14:39:30.186+0000] {processor.py:914} INFO - Processing file /home/ubuntu/myenv/lib/python3.12/site-packages/airflow/example_dags/example_python_operator.py for tasks to queue
[2024-08-27T14:39:30.188+0000] {logging_mixin.py:190} INFO - [2024-08-27T14:39:30.188+0000] {dagbag.py:587} INFO - Filling up the DagBag from /home/ubuntu/myenv/lib/python3.12/site-packages/airflow/example_dags/example_python_operator.py
[2024-08-27T14:39:30.196+0000] {logging_mixin.py:190} INFO - [2024-08-27T14:39:30.196+0000] {example_python_operator.py:93} WARNING - The virtalenv_python example task requires virtualenv, please install it.
[2024-08-27T14:39:30.199+0000] {processor.py:925} INFO - DAG(s) 'example_python_operator' retrieved from /home/ubuntu/myenv/lib/python3.12/site-packages/airflow/example_dags/example_python_operator.py
[2024-08-27T14:39:30.219+0000] {logging_mixin.py:190} INFO - [2024-08-27T14:39:30.219+0000] {dag.py:3211} INFO - Sync 1 DAGs
[2024-08-27T14:39:30.233+0000] {logging_mixin.py:190} INFO - [2024-08-27T14:39:30.233+0000] {dag.py:4138} INFO - Setting next_dagrun for example_python_operator to None, run_after=None
[2024-08-27T14:39:30.258+0000] {processor.py:208} INFO - Processing /home/ubuntu/myenv/lib/python3.12/site-packages/airflow/example_dags/example_python_operator.py took 0.080 seconds
[2024-08-27T14:40:24.230+0000] {processor.py:186} INFO - Started process (PID=5971) to work on /home/ubuntu/myenv/lib/python3.12/site-packages/airflow/example_dags/example_python_operator.py
[2024-08-27T14:40:24.231+0000] {processor.py:914} INFO - Processing file /home/ubuntu/myenv/lib/python3.12/site-packages/airflow/example_dags/example_python_operator.py for tasks to queue
[2024-08-27T14:40:24.234+0000] {logging_mixin.py:190} INFO - [2024-08-27T14:40:24.233+0000] {dagbag.py:587} INFO - Filling up the DagBag from /home/ubuntu/myenv/lib/python3.12/site-packages/airflow/example_dags/example_python_operator.py
[2024-08-27T14:40:24.241+0000] {logging_mixin.py:190} INFO - [2024-08-27T14:40:24.241+0000] {example_python_operator.py:93} WARNING - The virtalenv_python example task requires virtualenv, please install it.
[2024-08-27T14:40:24.244+0000] {processor.py:925} INFO - DAG(s) 'example_python_operator' retrieved from /home/ubuntu/myenv/lib/python3.12/site-packages/airflow/example_dags/example_python_operator.py
[2024-08-27T14:40:24.263+0000] {logging_mixin.py:190} INFO - [2024-08-27T14:40:24.263+0000] {dag.py:3211} INFO - Sync 1 DAGs
[2024-08-27T14:40:24.277+0000] {logging_mixin.py:190} INFO - [2024-08-27T14:40:24.277+0000] {dag.py:4138} INFO - Setting next_dagrun for example_python_operator to None, run_after=None
[2024-08-27T14:40:24.300+0000] {processor.py:208} INFO - Processing /home/ubuntu/myenv/lib/python3.12/site-packages/airflow/example_dags/example_python_operator.py took 0.076 seconds
[2024-08-27T14:41:13.550+0000] {processor.py:186} INFO - Started process (PID=6023) to work on /home/ubuntu/myenv/lib/python3.12/site-packages/airflow/example_dags/example_python_operator.py
[2024-08-27T14:41:13.551+0000] {processor.py:914} INFO - Processing file /home/ubuntu/myenv/lib/python3.12/site-packages/airflow/example_dags/example_python_operator.py for tasks to queue
[2024-08-27T14:41:13.553+0000] {logging_mixin.py:190} INFO - [2024-08-27T14:41:13.553+0000] {dagbag.py:587} INFO - Filling up the DagBag from /home/ubuntu/myenv/lib/python3.12/site-packages/airflow/example_dags/example_python_operator.py
[2024-08-27T14:41:13.561+0000] {logging_mixin.py:190} INFO - [2024-08-27T14:41:13.561+0000] {example_python_operator.py:93} WARNING - The virtalenv_python example task requires virtualenv, please install it.
[2024-08-27T14:41:13.564+0000] {processor.py:925} INFO - DAG(s) 'example_python_operator' retrieved from /home/ubuntu/myenv/lib/python3.12/site-packages/airflow/example_dags/example_python_operator.py
[2024-08-27T14:41:13.583+0000] {logging_mixin.py:190} INFO - [2024-08-27T14:41:13.582+0000] {dag.py:3211} INFO - Sync 1 DAGs
[2024-08-27T14:41:13.597+0000] {logging_mixin.py:190} INFO - [2024-08-27T14:41:13.596+0000] {dag.py:4138} INFO - Setting next_dagrun for example_python_operator to None, run_after=None
[2024-08-27T14:41:13.619+0000] {processor.py:208} INFO - Processing /home/ubuntu/myenv/lib/python3.12/site-packages/airflow/example_dags/example_python_operator.py took 0.075 seconds
[2024-08-27T14:42:03.710+0000] {processor.py:186} INFO - Started process (PID=6073) to work on /home/ubuntu/myenv/lib/python3.12/site-packages/airflow/example_dags/example_python_operator.py
[2024-08-27T14:42:03.712+0000] {processor.py:914} INFO - Processing file /home/ubuntu/myenv/lib/python3.12/site-packages/airflow/example_dags/example_python_operator.py for tasks to queue
[2024-08-27T14:42:03.714+0000] {logging_mixin.py:190} INFO - [2024-08-27T14:42:03.714+0000] {dagbag.py:587} INFO - Filling up the DagBag from /home/ubuntu/myenv/lib/python3.12/site-packages/airflow/example_dags/example_python_operator.py
[2024-08-27T14:42:03.723+0000] {logging_mixin.py:190} INFO - [2024-08-27T14:42:03.722+0000] {example_python_operator.py:93} WARNING - The virtalenv_python example task requires virtualenv, please install it.
[2024-08-27T14:42:03.726+0000] {processor.py:925} INFO - DAG(s) 'example_python_operator' retrieved from /home/ubuntu/myenv/lib/python3.12/site-packages/airflow/example_dags/example_python_operator.py
[2024-08-27T14:42:03.747+0000] {logging_mixin.py:190} INFO - [2024-08-27T14:42:03.746+0000] {dag.py:3211} INFO - Sync 1 DAGs
[2024-08-27T14:42:03.763+0000] {logging_mixin.py:190} INFO - [2024-08-27T14:42:03.763+0000] {dag.py:4138} INFO - Setting next_dagrun for example_python_operator to None, run_after=None
[2024-08-27T14:42:03.788+0000] {processor.py:208} INFO - Processing /home/ubuntu/myenv/lib/python3.12/site-packages/airflow/example_dags/example_python_operator.py took 0.084 seconds
[2024-08-27T14:42:54.688+0000] {processor.py:186} INFO - Started process (PID=6125) to work on /home/ubuntu/myenv/lib/python3.12/site-packages/airflow/example_dags/example_python_operator.py
[2024-08-27T14:42:54.689+0000] {processor.py:914} INFO - Processing file /home/ubuntu/myenv/lib/python3.12/site-packages/airflow/example_dags/example_python_operator.py for tasks to queue
[2024-08-27T14:42:54.692+0000] {logging_mixin.py:190} INFO - [2024-08-27T14:42:54.691+0000] {dagbag.py:587} INFO - Filling up the DagBag from /home/ubuntu/myenv/lib/python3.12/site-packages/airflow/example_dags/example_python_operator.py
[2024-08-27T14:42:54.700+0000] {logging_mixin.py:190} INFO - [2024-08-27T14:42:54.699+0000] {example_python_operator.py:93} WARNING - The virtalenv_python example task requires virtualenv, please install it.
[2024-08-27T14:42:54.702+0000] {processor.py:925} INFO - DAG(s) 'example_python_operator' retrieved from /home/ubuntu/myenv/lib/python3.12/site-packages/airflow/example_dags/example_python_operator.py
[2024-08-27T14:42:54.722+0000] {logging_mixin.py:190} INFO - [2024-08-27T14:42:54.722+0000] {dag.py:3211} INFO - Sync 1 DAGs
[2024-08-27T14:42:54.737+0000] {logging_mixin.py:190} INFO - [2024-08-27T14:42:54.737+0000] {dag.py:4138} INFO - Setting next_dagrun for example_python_operator to None, run_after=None
[2024-08-27T14:42:54.761+0000] {processor.py:208} INFO - Processing /home/ubuntu/myenv/lib/python3.12/site-packages/airflow/example_dags/example_python_operator.py took 0.080 seconds
[2024-08-27T14:43:44.459+0000] {processor.py:186} INFO - Started process (PID=6177) to work on /home/ubuntu/myenv/lib/python3.12/site-packages/airflow/example_dags/example_python_operator.py
[2024-08-27T14:43:44.460+0000] {processor.py:914} INFO - Processing file /home/ubuntu/myenv/lib/python3.12/site-packages/airflow/example_dags/example_python_operator.py for tasks to queue
[2024-08-27T14:43:44.462+0000] {logging_mixin.py:190} INFO - [2024-08-27T14:43:44.462+0000] {dagbag.py:587} INFO - Filling up the DagBag from /home/ubuntu/myenv/lib/python3.12/site-packages/airflow/example_dags/example_python_operator.py
[2024-08-27T14:43:44.470+0000] {logging_mixin.py:190} INFO - [2024-08-27T14:43:44.470+0000] {example_python_operator.py:93} WARNING - The virtalenv_python example task requires virtualenv, please install it.
[2024-08-27T14:43:44.473+0000] {processor.py:925} INFO - DAG(s) 'example_python_operator' retrieved from /home/ubuntu/myenv/lib/python3.12/site-packages/airflow/example_dags/example_python_operator.py
[2024-08-27T14:43:44.493+0000] {logging_mixin.py:190} INFO - [2024-08-27T14:43:44.493+0000] {dag.py:3211} INFO - Sync 1 DAGs
[2024-08-27T14:43:44.508+0000] {logging_mixin.py:190} INFO - [2024-08-27T14:43:44.508+0000] {dag.py:4138} INFO - Setting next_dagrun for example_python_operator to None, run_after=None
[2024-08-27T14:43:44.531+0000] {processor.py:208} INFO - Processing /home/ubuntu/myenv/lib/python3.12/site-packages/airflow/example_dags/example_python_operator.py took 0.079 seconds
[2024-08-27T14:44:34.843+0000] {processor.py:186} INFO - Started process (PID=6230) to work on /home/ubuntu/myenv/lib/python3.12/site-packages/airflow/example_dags/example_python_operator.py
[2024-08-27T14:44:34.845+0000] {processor.py:914} INFO - Processing file /home/ubuntu/myenv/lib/python3.12/site-packages/airflow/example_dags/example_python_operator.py for tasks to queue
[2024-08-27T14:44:34.847+0000] {logging_mixin.py:190} INFO - [2024-08-27T14:44:34.846+0000] {dagbag.py:587} INFO - Filling up the DagBag from /home/ubuntu/myenv/lib/python3.12/site-packages/airflow/example_dags/example_python_operator.py
[2024-08-27T14:44:34.855+0000] {logging_mixin.py:190} INFO - [2024-08-27T14:44:34.854+0000] {example_python_operator.py:93} WARNING - The virtalenv_python example task requires virtualenv, please install it.
[2024-08-27T14:44:34.858+0000] {processor.py:925} INFO - DAG(s) 'example_python_operator' retrieved from /home/ubuntu/myenv/lib/python3.12/site-packages/airflow/example_dags/example_python_operator.py
[2024-08-27T14:44:34.877+0000] {logging_mixin.py:190} INFO - [2024-08-27T14:44:34.877+0000] {dag.py:3211} INFO - Sync 1 DAGs
[2024-08-27T14:44:34.892+0000] {logging_mixin.py:190} INFO - [2024-08-27T14:44:34.892+0000] {dag.py:4138} INFO - Setting next_dagrun for example_python_operator to None, run_after=None
[2024-08-27T14:44:34.915+0000] {processor.py:208} INFO - Processing /home/ubuntu/myenv/lib/python3.12/site-packages/airflow/example_dags/example_python_operator.py took 0.078 seconds
[2024-08-27T14:45:26.051+0000] {processor.py:186} INFO - Started process (PID=6284) to work on /home/ubuntu/myenv/lib/python3.12/site-packages/airflow/example_dags/example_python_operator.py
[2024-08-27T14:45:26.052+0000] {processor.py:914} INFO - Processing file /home/ubuntu/myenv/lib/python3.12/site-packages/airflow/example_dags/example_python_operator.py for tasks to queue
[2024-08-27T14:45:26.055+0000] {logging_mixin.py:190} INFO - [2024-08-27T14:45:26.054+0000] {dagbag.py:587} INFO - Filling up the DagBag from /home/ubuntu/myenv/lib/python3.12/site-packages/airflow/example_dags/example_python_operator.py
[2024-08-27T14:45:26.062+0000] {logging_mixin.py:190} INFO - [2024-08-27T14:45:26.062+0000] {example_python_operator.py:93} WARNING - The virtalenv_python example task requires virtualenv, please install it.
[2024-08-27T14:45:26.065+0000] {processor.py:925} INFO - DAG(s) 'example_python_operator' retrieved from /home/ubuntu/myenv/lib/python3.12/site-packages/airflow/example_dags/example_python_operator.py
[2024-08-27T14:45:26.093+0000] {logging_mixin.py:190} INFO - [2024-08-27T14:45:26.092+0000] {dag.py:3211} INFO - Sync 1 DAGs
[2024-08-27T14:45:26.107+0000] {logging_mixin.py:190} INFO - [2024-08-27T14:45:26.107+0000] {dag.py:4138} INFO - Setting next_dagrun for example_python_operator to None, run_after=None
[2024-08-27T14:45:26.130+0000] {processor.py:208} INFO - Processing /home/ubuntu/myenv/lib/python3.12/site-packages/airflow/example_dags/example_python_operator.py took 0.085 seconds
[2024-08-27T14:46:16.427+0000] {processor.py:186} INFO - Started process (PID=6339) to work on /home/ubuntu/myenv/lib/python3.12/site-packages/airflow/example_dags/example_python_operator.py
[2024-08-27T14:46:16.429+0000] {processor.py:914} INFO - Processing file /home/ubuntu/myenv/lib/python3.12/site-packages/airflow/example_dags/example_python_operator.py for tasks to queue
[2024-08-27T14:46:16.431+0000] {logging_mixin.py:190} INFO - [2024-08-27T14:46:16.431+0000] {dagbag.py:587} INFO - Filling up the DagBag from /home/ubuntu/myenv/lib/python3.12/site-packages/airflow/example_dags/example_python_operator.py
[2024-08-27T14:46:16.438+0000] {logging_mixin.py:190} INFO - [2024-08-27T14:46:16.438+0000] {example_python_operator.py:93} WARNING - The virtalenv_python example task requires virtualenv, please install it.
[2024-08-27T14:46:16.441+0000] {processor.py:925} INFO - DAG(s) 'example_python_operator' retrieved from /home/ubuntu/myenv/lib/python3.12/site-packages/airflow/example_dags/example_python_operator.py
[2024-08-27T14:46:16.461+0000] {logging_mixin.py:190} INFO - [2024-08-27T14:46:16.460+0000] {dag.py:3211} INFO - Sync 1 DAGs
[2024-08-27T14:46:16.475+0000] {logging_mixin.py:190} INFO - [2024-08-27T14:46:16.474+0000] {dag.py:4138} INFO - Setting next_dagrun for example_python_operator to None, run_after=None
[2024-08-27T14:46:16.498+0000] {processor.py:208} INFO - Processing /home/ubuntu/myenv/lib/python3.12/site-packages/airflow/example_dags/example_python_operator.py took 0.077 seconds
[2024-08-27T14:47:03.231+0000] {processor.py:186} INFO - Started process (PID=6387) to work on /home/ubuntu/myenv/lib/python3.12/site-packages/airflow/example_dags/example_python_operator.py
[2024-08-27T14:47:03.235+0000] {processor.py:914} INFO - Processing file /home/ubuntu/myenv/lib/python3.12/site-packages/airflow/example_dags/example_python_operator.py for tasks to queue
[2024-08-27T14:47:03.237+0000] {logging_mixin.py:190} INFO - [2024-08-27T14:47:03.237+0000] {dagbag.py:587} INFO - Filling up the DagBag from /home/ubuntu/myenv/lib/python3.12/site-packages/airflow/example_dags/example_python_operator.py
[2024-08-27T14:47:03.245+0000] {logging_mixin.py:190} INFO - [2024-08-27T14:47:03.245+0000] {example_python_operator.py:93} WARNING - The virtalenv_python example task requires virtualenv, please install it.
[2024-08-27T14:47:03.248+0000] {processor.py:925} INFO - DAG(s) 'example_python_operator' retrieved from /home/ubuntu/myenv/lib/python3.12/site-packages/airflow/example_dags/example_python_operator.py
[2024-08-27T14:47:03.269+0000] {logging_mixin.py:190} INFO - [2024-08-27T14:47:03.268+0000] {dag.py:3211} INFO - Sync 1 DAGs
[2024-08-27T14:47:03.283+0000] {logging_mixin.py:190} INFO - [2024-08-27T14:47:03.283+0000] {dag.py:4138} INFO - Setting next_dagrun for example_python_operator to None, run_after=None
[2024-08-27T14:47:03.307+0000] {processor.py:208} INFO - Processing /home/ubuntu/myenv/lib/python3.12/site-packages/airflow/example_dags/example_python_operator.py took 0.083 seconds
[2024-08-27T14:47:54.332+0000] {processor.py:186} INFO - Started process (PID=6440) to work on /home/ubuntu/myenv/lib/python3.12/site-packages/airflow/example_dags/example_python_operator.py
[2024-08-27T14:47:54.337+0000] {processor.py:914} INFO - Processing file /home/ubuntu/myenv/lib/python3.12/site-packages/airflow/example_dags/example_python_operator.py for tasks to queue
[2024-08-27T14:47:54.339+0000] {logging_mixin.py:190} INFO - [2024-08-27T14:47:54.338+0000] {dagbag.py:587} INFO - Filling up the DagBag from /home/ubuntu/myenv/lib/python3.12/site-packages/airflow/example_dags/example_python_operator.py
[2024-08-27T14:47:54.347+0000] {logging_mixin.py:190} INFO - [2024-08-27T14:47:54.347+0000] {example_python_operator.py:93} WARNING - The virtalenv_python example task requires virtualenv, please install it.
[2024-08-27T14:47:54.350+0000] {processor.py:925} INFO - DAG(s) 'example_python_operator' retrieved from /home/ubuntu/myenv/lib/python3.12/site-packages/airflow/example_dags/example_python_operator.py
[2024-08-27T14:47:54.370+0000] {logging_mixin.py:190} INFO - [2024-08-27T14:47:54.370+0000] {dag.py:3211} INFO - Sync 1 DAGs
[2024-08-27T14:47:54.385+0000] {logging_mixin.py:190} INFO - [2024-08-27T14:47:54.385+0000] {dag.py:4138} INFO - Setting next_dagrun for example_python_operator to None, run_after=None
[2024-08-27T14:47:54.410+0000] {processor.py:208} INFO - Processing /home/ubuntu/myenv/lib/python3.12/site-packages/airflow/example_dags/example_python_operator.py took 0.084 seconds
[2024-08-27T14:48:43.390+0000] {processor.py:186} INFO - Started process (PID=6496) to work on /home/ubuntu/myenv/lib/python3.12/site-packages/airflow/example_dags/example_python_operator.py
[2024-08-27T14:48:43.392+0000] {processor.py:914} INFO - Processing file /home/ubuntu/myenv/lib/python3.12/site-packages/airflow/example_dags/example_python_operator.py for tasks to queue
[2024-08-27T14:48:43.394+0000] {logging_mixin.py:190} INFO - [2024-08-27T14:48:43.393+0000] {dagbag.py:587} INFO - Filling up the DagBag from /home/ubuntu/myenv/lib/python3.12/site-packages/airflow/example_dags/example_python_operator.py
[2024-08-27T14:48:43.401+0000] {logging_mixin.py:190} INFO - [2024-08-27T14:48:43.401+0000] {example_python_operator.py:93} WARNING - The virtalenv_python example task requires virtualenv, please install it.
[2024-08-27T14:48:43.404+0000] {processor.py:925} INFO - DAG(s) 'example_python_operator' retrieved from /home/ubuntu/myenv/lib/python3.12/site-packages/airflow/example_dags/example_python_operator.py
[2024-08-27T14:48:43.423+0000] {logging_mixin.py:190} INFO - [2024-08-27T14:48:43.423+0000] {dag.py:3211} INFO - Sync 1 DAGs
[2024-08-27T14:48:43.437+0000] {logging_mixin.py:190} INFO - [2024-08-27T14:48:43.437+0000] {dag.py:4138} INFO - Setting next_dagrun for example_python_operator to None, run_after=None
[2024-08-27T14:48:43.460+0000] {processor.py:208} INFO - Processing /home/ubuntu/myenv/lib/python3.12/site-packages/airflow/example_dags/example_python_operator.py took 0.076 seconds
[2024-08-27T14:49:36.369+0000] {processor.py:186} INFO - Started process (PID=6550) to work on /home/ubuntu/myenv/lib/python3.12/site-packages/airflow/example_dags/example_python_operator.py
[2024-08-27T14:49:36.370+0000] {processor.py:914} INFO - Processing file /home/ubuntu/myenv/lib/python3.12/site-packages/airflow/example_dags/example_python_operator.py for tasks to queue
[2024-08-27T14:49:36.373+0000] {logging_mixin.py:190} INFO - [2024-08-27T14:49:36.372+0000] {dagbag.py:587} INFO - Filling up the DagBag from /home/ubuntu/myenv/lib/python3.12/site-packages/airflow/example_dags/example_python_operator.py
[2024-08-27T14:49:36.380+0000] {logging_mixin.py:190} INFO - [2024-08-27T14:49:36.380+0000] {example_python_operator.py:93} WARNING - The virtalenv_python example task requires virtualenv, please install it.
[2024-08-27T14:49:36.383+0000] {processor.py:925} INFO - DAG(s) 'example_python_operator' retrieved from /home/ubuntu/myenv/lib/python3.12/site-packages/airflow/example_dags/example_python_operator.py
[2024-08-27T14:49:36.403+0000] {logging_mixin.py:190} INFO - [2024-08-27T14:49:36.403+0000] {dag.py:3211} INFO - Sync 1 DAGs
[2024-08-27T14:49:36.417+0000] {logging_mixin.py:190} INFO - [2024-08-27T14:49:36.417+0000] {dag.py:4138} INFO - Setting next_dagrun for example_python_operator to None, run_after=None
[2024-08-27T14:49:36.440+0000] {processor.py:208} INFO - Processing /home/ubuntu/myenv/lib/python3.12/site-packages/airflow/example_dags/example_python_operator.py took 0.077 seconds
[2024-08-27T16:10:09.124+0000] {processor.py:186} INFO - Started process (PID=7616) to work on /home/ubuntu/myenv/lib/python3.12/site-packages/airflow/example_dags/example_python_operator.py
[2024-08-27T16:10:09.125+0000] {processor.py:914} INFO - Processing file /home/ubuntu/myenv/lib/python3.12/site-packages/airflow/example_dags/example_python_operator.py for tasks to queue
[2024-08-27T16:10:09.128+0000] {logging_mixin.py:190} INFO - [2024-08-27T16:10:09.127+0000] {dagbag.py:587} INFO - Filling up the DagBag from /home/ubuntu/myenv/lib/python3.12/site-packages/airflow/example_dags/example_python_operator.py
[2024-08-27T16:10:09.135+0000] {logging_mixin.py:190} INFO - [2024-08-27T16:10:09.135+0000] {example_python_operator.py:93} WARNING - The virtalenv_python example task requires virtualenv, please install it.
[2024-08-27T16:10:09.138+0000] {processor.py:925} INFO - DAG(s) 'example_python_operator' retrieved from /home/ubuntu/myenv/lib/python3.12/site-packages/airflow/example_dags/example_python_operator.py
[2024-08-27T16:10:09.160+0000] {logging_mixin.py:190} INFO - [2024-08-27T16:10:09.159+0000] {dag.py:3211} INFO - Sync 1 DAGs
[2024-08-27T16:10:09.175+0000] {logging_mixin.py:190} INFO - [2024-08-27T16:10:09.175+0000] {dag.py:4138} INFO - Setting next_dagrun for example_python_operator to None, run_after=None
[2024-08-27T16:10:09.200+0000] {processor.py:208} INFO - Processing /home/ubuntu/myenv/lib/python3.12/site-packages/airflow/example_dags/example_python_operator.py took 0.082 seconds
[2024-08-27T16:11:04.600+0000] {processor.py:186} INFO - Started process (PID=7712) to work on /home/ubuntu/myenv/lib/python3.12/site-packages/airflow/example_dags/example_python_operator.py
[2024-08-27T16:11:04.602+0000] {processor.py:914} INFO - Processing file /home/ubuntu/myenv/lib/python3.12/site-packages/airflow/example_dags/example_python_operator.py for tasks to queue
[2024-08-27T16:11:04.604+0000] {logging_mixin.py:190} INFO - [2024-08-27T16:11:04.604+0000] {dagbag.py:587} INFO - Filling up the DagBag from /home/ubuntu/myenv/lib/python3.12/site-packages/airflow/example_dags/example_python_operator.py
[2024-08-27T16:11:04.612+0000] {logging_mixin.py:190} INFO - [2024-08-27T16:11:04.612+0000] {example_python_operator.py:93} WARNING - The virtalenv_python example task requires virtualenv, please install it.
[2024-08-27T16:11:04.615+0000] {processor.py:925} INFO - DAG(s) 'example_python_operator' retrieved from /home/ubuntu/myenv/lib/python3.12/site-packages/airflow/example_dags/example_python_operator.py
[2024-08-27T16:11:04.635+0000] {logging_mixin.py:190} INFO - [2024-08-27T16:11:04.635+0000] {dag.py:3211} INFO - Sync 1 DAGs
[2024-08-27T16:11:04.650+0000] {logging_mixin.py:190} INFO - [2024-08-27T16:11:04.650+0000] {dag.py:4138} INFO - Setting next_dagrun for example_python_operator to None, run_after=None
[2024-08-27T16:11:04.675+0000] {processor.py:208} INFO - Processing /home/ubuntu/myenv/lib/python3.12/site-packages/airflow/example_dags/example_python_operator.py took 0.081 seconds
[2024-08-27T16:11:59.720+0000] {processor.py:186} INFO - Started process (PID=7843) to work on /home/ubuntu/myenv/lib/python3.12/site-packages/airflow/example_dags/example_python_operator.py
[2024-08-27T16:11:59.721+0000] {processor.py:914} INFO - Processing file /home/ubuntu/myenv/lib/python3.12/site-packages/airflow/example_dags/example_python_operator.py for tasks to queue
[2024-08-27T16:11:59.724+0000] {logging_mixin.py:190} INFO - [2024-08-27T16:11:59.723+0000] {dagbag.py:587} INFO - Filling up the DagBag from /home/ubuntu/myenv/lib/python3.12/site-packages/airflow/example_dags/example_python_operator.py
[2024-08-27T16:11:59.731+0000] {logging_mixin.py:190} INFO - [2024-08-27T16:11:59.731+0000] {example_python_operator.py:93} WARNING - The virtalenv_python example task requires virtualenv, please install it.
[2024-08-27T16:11:59.734+0000] {processor.py:925} INFO - DAG(s) 'example_python_operator' retrieved from /home/ubuntu/myenv/lib/python3.12/site-packages/airflow/example_dags/example_python_operator.py
[2024-08-27T16:11:59.753+0000] {logging_mixin.py:190} INFO - [2024-08-27T16:11:59.753+0000] {dag.py:3211} INFO - Sync 1 DAGs
[2024-08-27T16:11:59.767+0000] {logging_mixin.py:190} INFO - [2024-08-27T16:11:59.766+0000] {dag.py:4138} INFO - Setting next_dagrun for example_python_operator to None, run_after=None
[2024-08-27T16:11:59.790+0000] {processor.py:208} INFO - Processing /home/ubuntu/myenv/lib/python3.12/site-packages/airflow/example_dags/example_python_operator.py took 0.077 seconds
[2024-08-27T16:12:50.366+0000] {processor.py:186} INFO - Started process (PID=7933) to work on /home/ubuntu/myenv/lib/python3.12/site-packages/airflow/example_dags/example_python_operator.py
[2024-08-27T16:12:50.368+0000] {processor.py:914} INFO - Processing file /home/ubuntu/myenv/lib/python3.12/site-packages/airflow/example_dags/example_python_operator.py for tasks to queue
[2024-08-27T16:12:50.370+0000] {logging_mixin.py:190} INFO - [2024-08-27T16:12:50.369+0000] {dagbag.py:587} INFO - Filling up the DagBag from /home/ubuntu/myenv/lib/python3.12/site-packages/airflow/example_dags/example_python_operator.py
[2024-08-27T16:12:50.377+0000] {logging_mixin.py:190} INFO - [2024-08-27T16:12:50.377+0000] {example_python_operator.py:93} WARNING - The virtalenv_python example task requires virtualenv, please install it.
[2024-08-27T16:12:50.380+0000] {processor.py:925} INFO - DAG(s) 'example_python_operator' retrieved from /home/ubuntu/myenv/lib/python3.12/site-packages/airflow/example_dags/example_python_operator.py
[2024-08-27T16:12:50.399+0000] {logging_mixin.py:190} INFO - [2024-08-27T16:12:50.399+0000] {dag.py:3211} INFO - Sync 1 DAGs
[2024-08-27T16:12:50.413+0000] {logging_mixin.py:190} INFO - [2024-08-27T16:12:50.413+0000] {dag.py:4138} INFO - Setting next_dagrun for example_python_operator to None, run_after=None
[2024-08-27T16:12:50.436+0000] {processor.py:208} INFO - Processing /home/ubuntu/myenv/lib/python3.12/site-packages/airflow/example_dags/example_python_operator.py took 0.076 seconds
[2024-08-27T16:13:42.513+0000] {processor.py:186} INFO - Started process (PID=7992) to work on /home/ubuntu/myenv/lib/python3.12/site-packages/airflow/example_dags/example_python_operator.py
[2024-08-27T16:13:42.515+0000] {processor.py:914} INFO - Processing file /home/ubuntu/myenv/lib/python3.12/site-packages/airflow/example_dags/example_python_operator.py for tasks to queue
[2024-08-27T16:13:42.517+0000] {logging_mixin.py:190} INFO - [2024-08-27T16:13:42.517+0000] {dagbag.py:587} INFO - Filling up the DagBag from /home/ubuntu/myenv/lib/python3.12/site-packages/airflow/example_dags/example_python_operator.py
[2024-08-27T16:13:42.524+0000] {logging_mixin.py:190} INFO - [2024-08-27T16:13:42.524+0000] {example_python_operator.py:93} WARNING - The virtalenv_python example task requires virtualenv, please install it.
[2024-08-27T16:13:42.527+0000] {processor.py:925} INFO - DAG(s) 'example_python_operator' retrieved from /home/ubuntu/myenv/lib/python3.12/site-packages/airflow/example_dags/example_python_operator.py
[2024-08-27T16:13:42.546+0000] {logging_mixin.py:190} INFO - [2024-08-27T16:13:42.546+0000] {dag.py:3211} INFO - Sync 1 DAGs
[2024-08-27T16:13:42.560+0000] {logging_mixin.py:190} INFO - [2024-08-27T16:13:42.559+0000] {dag.py:4138} INFO - Setting next_dagrun for example_python_operator to None, run_after=None
[2024-08-27T16:13:42.585+0000] {processor.py:208} INFO - Processing /home/ubuntu/myenv/lib/python3.12/site-packages/airflow/example_dags/example_python_operator.py took 0.077 seconds
