[2024-08-27T14:35:01.231+0000] {processor.py:186} INFO - Started process (PID=5555) to work on /home/ubuntu/myenv/lib/python3.12/site-packages/airflow/example_dags/example_branch_operator_decorator.py
[2024-08-27T14:35:01.231+0000] {processor.py:914} INFO - Processing file /home/ubuntu/myenv/lib/python3.12/site-packages/airflow/example_dags/example_branch_operator_decorator.py for tasks to queue
[2024-08-27T14:35:01.234+0000] {logging_mixin.py:190} INFO - [2024-08-27T14:35:01.233+0000] {dagbag.py:587} INFO - Filling up the DagBag from /home/ubuntu/myenv/lib/python3.12/site-packages/airflow/example_dags/example_branch_operator_decorator.py
[2024-08-27T14:35:01.236+0000] {processor.py:927} WARNING - No viable dags retrieved from /home/ubuntu/myenv/lib/python3.12/site-packages/airflow/example_dags/example_branch_operator_decorator.py
[2024-08-27T14:35:01.248+0000] {processor.py:208} INFO - Processing /home/ubuntu/myenv/lib/python3.12/site-packages/airflow/example_dags/example_branch_operator_decorator.py took 0.024 seconds
[2024-08-27T14:36:02.600+0000] {processor.py:186} INFO - Started process (PID=5630) to work on /home/ubuntu/myenv/lib/python3.12/site-packages/airflow/example_dags/example_branch_operator_decorator.py
[2024-08-27T14:36:02.602+0000] {processor.py:914} INFO - Processing file /home/ubuntu/myenv/lib/python3.12/site-packages/airflow/example_dags/example_branch_operator_decorator.py for tasks to queue
[2024-08-27T14:36:02.604+0000] {logging_mixin.py:190} INFO - [2024-08-27T14:36:02.604+0000] {dagbag.py:587} INFO - Filling up the DagBag from /home/ubuntu/myenv/lib/python3.12/site-packages/airflow/example_dags/example_branch_operator_decorator.py
[2024-08-27T14:36:02.607+0000] {processor.py:927} WARNING - No viable dags retrieved from /home/ubuntu/myenv/lib/python3.12/site-packages/airflow/example_dags/example_branch_operator_decorator.py
[2024-08-27T14:36:02.620+0000] {processor.py:208} INFO - Processing /home/ubuntu/myenv/lib/python3.12/site-packages/airflow/example_dags/example_branch_operator_decorator.py took 0.026 seconds
[2024-08-27T14:36:56.141+0000] {processor.py:186} INFO - Started process (PID=5702) to work on /home/ubuntu/myenv/lib/python3.12/site-packages/airflow/example_dags/example_branch_operator_decorator.py
[2024-08-27T14:36:56.142+0000] {processor.py:914} INFO - Processing file /home/ubuntu/myenv/lib/python3.12/site-packages/airflow/example_dags/example_branch_operator_decorator.py for tasks to queue
[2024-08-27T14:36:56.144+0000] {logging_mixin.py:190} INFO - [2024-08-27T14:36:56.144+0000] {dagbag.py:587} INFO - Filling up the DagBag from /home/ubuntu/myenv/lib/python3.12/site-packages/airflow/example_dags/example_branch_operator_decorator.py
[2024-08-27T14:36:56.147+0000] {processor.py:927} WARNING - No viable dags retrieved from /home/ubuntu/myenv/lib/python3.12/site-packages/airflow/example_dags/example_branch_operator_decorator.py
[2024-08-27T14:36:56.159+0000] {processor.py:208} INFO - Processing /home/ubuntu/myenv/lib/python3.12/site-packages/airflow/example_dags/example_branch_operator_decorator.py took 0.024 seconds
[2024-08-27T14:38:09.594+0000] {processor.py:186} INFO - Started process (PID=5804) to work on /home/ubuntu/myenv/lib/python3.12/site-packages/airflow/example_dags/example_branch_operator_decorator.py
[2024-08-27T14:38:09.596+0000] {processor.py:914} INFO - Processing file /home/ubuntu/myenv/lib/python3.12/site-packages/airflow/example_dags/example_branch_operator_decorator.py for tasks to queue
[2024-08-27T14:38:09.598+0000] {logging_mixin.py:190} INFO - [2024-08-27T14:38:09.598+0000] {dagbag.py:587} INFO - Filling up the DagBag from /home/ubuntu/myenv/lib/python3.12/site-packages/airflow/example_dags/example_branch_operator_decorator.py
[2024-08-27T14:38:09.601+0000] {processor.py:927} WARNING - No viable dags retrieved from /home/ubuntu/myenv/lib/python3.12/site-packages/airflow/example_dags/example_branch_operator_decorator.py
[2024-08-27T14:38:09.612+0000] {processor.py:208} INFO - Processing /home/ubuntu/myenv/lib/python3.12/site-packages/airflow/example_dags/example_branch_operator_decorator.py took 0.024 seconds
[2024-08-27T14:39:13.658+0000] {processor.py:186} INFO - Started process (PID=5879) to work on /home/ubuntu/myenv/lib/python3.12/site-packages/airflow/example_dags/example_branch_operator_decorator.py
[2024-08-27T14:39:13.660+0000] {processor.py:914} INFO - Processing file /home/ubuntu/myenv/lib/python3.12/site-packages/airflow/example_dags/example_branch_operator_decorator.py for tasks to queue
[2024-08-27T14:39:13.662+0000] {logging_mixin.py:190} INFO - [2024-08-27T14:39:13.662+0000] {dagbag.py:587} INFO - Filling up the DagBag from /home/ubuntu/myenv/lib/python3.12/site-packages/airflow/example_dags/example_branch_operator_decorator.py
[2024-08-27T14:39:13.665+0000] {processor.py:927} WARNING - No viable dags retrieved from /home/ubuntu/myenv/lib/python3.12/site-packages/airflow/example_dags/example_branch_operator_decorator.py
[2024-08-27T14:39:13.676+0000] {processor.py:208} INFO - Processing /home/ubuntu/myenv/lib/python3.12/site-packages/airflow/example_dags/example_branch_operator_decorator.py took 0.024 seconds
[2024-08-27T14:40:08.871+0000] {processor.py:186} INFO - Started process (PID=5954) to work on /home/ubuntu/myenv/lib/python3.12/site-packages/airflow/example_dags/example_branch_operator_decorator.py
[2024-08-27T14:40:08.873+0000] {processor.py:914} INFO - Processing file /home/ubuntu/myenv/lib/python3.12/site-packages/airflow/example_dags/example_branch_operator_decorator.py for tasks to queue
[2024-08-27T14:40:08.875+0000] {logging_mixin.py:190} INFO - [2024-08-27T14:40:08.874+0000] {dagbag.py:587} INFO - Filling up the DagBag from /home/ubuntu/myenv/lib/python3.12/site-packages/airflow/example_dags/example_branch_operator_decorator.py
[2024-08-27T14:40:08.878+0000] {processor.py:927} WARNING - No viable dags retrieved from /home/ubuntu/myenv/lib/python3.12/site-packages/airflow/example_dags/example_branch_operator_decorator.py
[2024-08-27T14:40:08.889+0000] {processor.py:208} INFO - Processing /home/ubuntu/myenv/lib/python3.12/site-packages/airflow/example_dags/example_branch_operator_decorator.py took 0.025 seconds
[2024-08-27T14:41:23.920+0000] {processor.py:186} INFO - Started process (PID=6033) to work on /home/ubuntu/myenv/lib/python3.12/site-packages/airflow/example_dags/example_branch_operator_decorator.py
[2024-08-27T14:41:23.922+0000] {processor.py:914} INFO - Processing file /home/ubuntu/myenv/lib/python3.12/site-packages/airflow/example_dags/example_branch_operator_decorator.py for tasks to queue
[2024-08-27T14:41:23.924+0000] {logging_mixin.py:190} INFO - [2024-08-27T14:41:23.924+0000] {dagbag.py:587} INFO - Filling up the DagBag from /home/ubuntu/myenv/lib/python3.12/site-packages/airflow/example_dags/example_branch_operator_decorator.py
[2024-08-27T14:41:23.927+0000] {processor.py:927} WARNING - No viable dags retrieved from /home/ubuntu/myenv/lib/python3.12/site-packages/airflow/example_dags/example_branch_operator_decorator.py
[2024-08-27T14:41:23.938+0000] {processor.py:208} INFO - Processing /home/ubuntu/myenv/lib/python3.12/site-packages/airflow/example_dags/example_branch_operator_decorator.py took 0.024 seconds
[2024-08-27T14:42:39.645+0000] {processor.py:186} INFO - Started process (PID=6110) to work on /home/ubuntu/myenv/lib/python3.12/site-packages/airflow/example_dags/example_branch_operator_decorator.py
[2024-08-27T14:42:39.646+0000] {processor.py:914} INFO - Processing file /home/ubuntu/myenv/lib/python3.12/site-packages/airflow/example_dags/example_branch_operator_decorator.py for tasks to queue
[2024-08-27T14:42:39.649+0000] {logging_mixin.py:190} INFO - [2024-08-27T14:42:39.648+0000] {dagbag.py:587} INFO - Filling up the DagBag from /home/ubuntu/myenv/lib/python3.12/site-packages/airflow/example_dags/example_branch_operator_decorator.py
[2024-08-27T14:42:39.652+0000] {processor.py:927} WARNING - No viable dags retrieved from /home/ubuntu/myenv/lib/python3.12/site-packages/airflow/example_dags/example_branch_operator_decorator.py
[2024-08-27T14:42:39.663+0000] {processor.py:208} INFO - Processing /home/ubuntu/myenv/lib/python3.12/site-packages/airflow/example_dags/example_branch_operator_decorator.py took 0.025 seconds
[2024-08-27T14:43:56.003+0000] {processor.py:186} INFO - Started process (PID=6188) to work on /home/ubuntu/myenv/lib/python3.12/site-packages/airflow/example_dags/example_branch_operator_decorator.py
[2024-08-27T14:43:56.004+0000] {processor.py:914} INFO - Processing file /home/ubuntu/myenv/lib/python3.12/site-packages/airflow/example_dags/example_branch_operator_decorator.py for tasks to queue
[2024-08-27T14:43:56.007+0000] {logging_mixin.py:190} INFO - [2024-08-27T14:43:56.006+0000] {dagbag.py:587} INFO - Filling up the DagBag from /home/ubuntu/myenv/lib/python3.12/site-packages/airflow/example_dags/example_branch_operator_decorator.py
[2024-08-27T14:43:56.010+0000] {processor.py:927} WARNING - No viable dags retrieved from /home/ubuntu/myenv/lib/python3.12/site-packages/airflow/example_dags/example_branch_operator_decorator.py
[2024-08-27T14:43:56.021+0000] {processor.py:208} INFO - Processing /home/ubuntu/myenv/lib/python3.12/site-packages/airflow/example_dags/example_branch_operator_decorator.py took 0.025 seconds
[2024-08-27T14:45:11.008+0000] {processor.py:186} INFO - Started process (PID=6269) to work on /home/ubuntu/myenv/lib/python3.12/site-packages/airflow/example_dags/example_branch_operator_decorator.py
[2024-08-27T14:45:11.013+0000] {processor.py:914} INFO - Processing file /home/ubuntu/myenv/lib/python3.12/site-packages/airflow/example_dags/example_branch_operator_decorator.py for tasks to queue
[2024-08-27T14:45:11.015+0000] {logging_mixin.py:190} INFO - [2024-08-27T14:45:11.015+0000] {dagbag.py:587} INFO - Filling up the DagBag from /home/ubuntu/myenv/lib/python3.12/site-packages/airflow/example_dags/example_branch_operator_decorator.py
[2024-08-27T14:45:11.018+0000] {processor.py:927} WARNING - No viable dags retrieved from /home/ubuntu/myenv/lib/python3.12/site-packages/airflow/example_dags/example_branch_operator_decorator.py
[2024-08-27T14:45:11.030+0000] {processor.py:208} INFO - Processing /home/ubuntu/myenv/lib/python3.12/site-packages/airflow/example_dags/example_branch_operator_decorator.py took 0.028 seconds
[2024-08-27T14:46:25.595+0000] {processor.py:186} INFO - Started process (PID=6348) to work on /home/ubuntu/myenv/lib/python3.12/site-packages/airflow/example_dags/example_branch_operator_decorator.py
[2024-08-27T14:46:25.597+0000] {processor.py:914} INFO - Processing file /home/ubuntu/myenv/lib/python3.12/site-packages/airflow/example_dags/example_branch_operator_decorator.py for tasks to queue
[2024-08-27T14:46:25.599+0000] {logging_mixin.py:190} INFO - [2024-08-27T14:46:25.599+0000] {dagbag.py:587} INFO - Filling up the DagBag from /home/ubuntu/myenv/lib/python3.12/site-packages/airflow/example_dags/example_branch_operator_decorator.py
[2024-08-27T14:46:25.602+0000] {processor.py:927} WARNING - No viable dags retrieved from /home/ubuntu/myenv/lib/python3.12/site-packages/airflow/example_dags/example_branch_operator_decorator.py
[2024-08-27T14:46:25.614+0000] {processor.py:208} INFO - Processing /home/ubuntu/myenv/lib/python3.12/site-packages/airflow/example_dags/example_branch_operator_decorator.py took 0.024 seconds
[2024-08-27T14:47:39.207+0000] {processor.py:186} INFO - Started process (PID=6425) to work on /home/ubuntu/myenv/lib/python3.12/site-packages/airflow/example_dags/example_branch_operator_decorator.py
[2024-08-27T14:47:39.208+0000] {processor.py:914} INFO - Processing file /home/ubuntu/myenv/lib/python3.12/site-packages/airflow/example_dags/example_branch_operator_decorator.py for tasks to queue
[2024-08-27T14:47:39.211+0000] {logging_mixin.py:190} INFO - [2024-08-27T14:47:39.210+0000] {dagbag.py:587} INFO - Filling up the DagBag from /home/ubuntu/myenv/lib/python3.12/site-packages/airflow/example_dags/example_branch_operator_decorator.py
[2024-08-27T14:47:39.214+0000] {processor.py:927} WARNING - No viable dags retrieved from /home/ubuntu/myenv/lib/python3.12/site-packages/airflow/example_dags/example_branch_operator_decorator.py
[2024-08-27T14:47:39.226+0000] {processor.py:208} INFO - Processing /home/ubuntu/myenv/lib/python3.12/site-packages/airflow/example_dags/example_branch_operator_decorator.py took 0.025 seconds
[2024-08-27T14:48:54.832+0000] {processor.py:186} INFO - Started process (PID=6507) to work on /home/ubuntu/myenv/lib/python3.12/site-packages/airflow/example_dags/example_branch_operator_decorator.py
[2024-08-27T14:48:54.834+0000] {processor.py:914} INFO - Processing file /home/ubuntu/myenv/lib/python3.12/site-packages/airflow/example_dags/example_branch_operator_decorator.py for tasks to queue
[2024-08-27T14:48:54.836+0000] {logging_mixin.py:190} INFO - [2024-08-27T14:48:54.836+0000] {dagbag.py:587} INFO - Filling up the DagBag from /home/ubuntu/myenv/lib/python3.12/site-packages/airflow/example_dags/example_branch_operator_decorator.py
[2024-08-27T14:48:54.839+0000] {processor.py:927} WARNING - No viable dags retrieved from /home/ubuntu/myenv/lib/python3.12/site-packages/airflow/example_dags/example_branch_operator_decorator.py
[2024-08-27T14:48:54.852+0000] {processor.py:208} INFO - Processing /home/ubuntu/myenv/lib/python3.12/site-packages/airflow/example_dags/example_branch_operator_decorator.py took 0.026 seconds
[2024-08-27T16:10:27.738+0000] {processor.py:186} INFO - Started process (PID=7635) to work on /home/ubuntu/myenv/lib/python3.12/site-packages/airflow/example_dags/example_branch_operator_decorator.py
[2024-08-27T16:10:27.740+0000] {processor.py:914} INFO - Processing file /home/ubuntu/myenv/lib/python3.12/site-packages/airflow/example_dags/example_branch_operator_decorator.py for tasks to queue
[2024-08-27T16:10:27.742+0000] {logging_mixin.py:190} INFO - [2024-08-27T16:10:27.742+0000] {dagbag.py:587} INFO - Filling up the DagBag from /home/ubuntu/myenv/lib/python3.12/site-packages/airflow/example_dags/example_branch_operator_decorator.py
[2024-08-27T16:10:27.745+0000] {processor.py:927} WARNING - No viable dags retrieved from /home/ubuntu/myenv/lib/python3.12/site-packages/airflow/example_dags/example_branch_operator_decorator.py
[2024-08-27T16:10:27.758+0000] {processor.py:208} INFO - Processing /home/ubuntu/myenv/lib/python3.12/site-packages/airflow/example_dags/example_branch_operator_decorator.py took 0.025 seconds
[2024-08-27T16:11:22.906+0000] {processor.py:186} INFO - Started process (PID=7736) to work on /home/ubuntu/myenv/lib/python3.12/site-packages/airflow/example_dags/example_branch_operator_decorator.py
[2024-08-27T16:11:22.907+0000] {processor.py:914} INFO - Processing file /home/ubuntu/myenv/lib/python3.12/site-packages/airflow/example_dags/example_branch_operator_decorator.py for tasks to queue
[2024-08-27T16:11:22.910+0000] {logging_mixin.py:190} INFO - [2024-08-27T16:11:22.909+0000] {dagbag.py:587} INFO - Filling up the DagBag from /home/ubuntu/myenv/lib/python3.12/site-packages/airflow/example_dags/example_branch_operator_decorator.py
[2024-08-27T16:11:22.912+0000] {processor.py:927} WARNING - No viable dags retrieved from /home/ubuntu/myenv/lib/python3.12/site-packages/airflow/example_dags/example_branch_operator_decorator.py
[2024-08-27T16:11:22.924+0000] {processor.py:208} INFO - Processing /home/ubuntu/myenv/lib/python3.12/site-packages/airflow/example_dags/example_branch_operator_decorator.py took 0.024 seconds
[2024-08-27T16:12:37.763+0000] {processor.py:186} INFO - Started process (PID=7888) to work on /home/ubuntu/myenv/lib/python3.12/site-packages/airflow/example_dags/example_branch_operator_decorator.py
[2024-08-27T16:12:37.764+0000] {processor.py:914} INFO - Processing file /home/ubuntu/myenv/lib/python3.12/site-packages/airflow/example_dags/example_branch_operator_decorator.py for tasks to queue
[2024-08-27T16:12:37.766+0000] {logging_mixin.py:190} INFO - [2024-08-27T16:12:37.766+0000] {dagbag.py:587} INFO - Filling up the DagBag from /home/ubuntu/myenv/lib/python3.12/site-packages/airflow/example_dags/example_branch_operator_decorator.py
[2024-08-27T16:12:37.769+0000] {processor.py:927} WARNING - No viable dags retrieved from /home/ubuntu/myenv/lib/python3.12/site-packages/airflow/example_dags/example_branch_operator_decorator.py
[2024-08-27T16:12:37.781+0000] {processor.py:208} INFO - Processing /home/ubuntu/myenv/lib/python3.12/site-packages/airflow/example_dags/example_branch_operator_decorator.py took 0.025 seconds
[2024-08-27T16:13:34.265+0000] {processor.py:186} INFO - Started process (PID=7983) to work on /home/ubuntu/myenv/lib/python3.12/site-packages/airflow/example_dags/example_branch_operator_decorator.py
[2024-08-27T16:13:34.267+0000] {processor.py:914} INFO - Processing file /home/ubuntu/myenv/lib/python3.12/site-packages/airflow/example_dags/example_branch_operator_decorator.py for tasks to queue
[2024-08-27T16:13:34.269+0000] {logging_mixin.py:190} INFO - [2024-08-27T16:13:34.268+0000] {dagbag.py:587} INFO - Filling up the DagBag from /home/ubuntu/myenv/lib/python3.12/site-packages/airflow/example_dags/example_branch_operator_decorator.py
[2024-08-27T16:13:34.272+0000] {processor.py:927} WARNING - No viable dags retrieved from /home/ubuntu/myenv/lib/python3.12/site-packages/airflow/example_dags/example_branch_operator_decorator.py
[2024-08-27T16:13:34.284+0000] {processor.py:208} INFO - Processing /home/ubuntu/myenv/lib/python3.12/site-packages/airflow/example_dags/example_branch_operator_decorator.py took 0.025 seconds
