[2024-08-27T14:34:25.728+0000] {processor.py:186} INFO - Started process (PID=5527) to work on /home/ubuntu/myenv/lib/python3.12/site-packages/airflow/example_dags/example_skip_dag.py
[2024-08-27T14:34:25.729+0000] {processor.py:914} INFO - Processing file /home/ubuntu/myenv/lib/python3.12/site-packages/airflow/example_dags/example_skip_dag.py for tasks to queue
[2024-08-27T14:34:25.731+0000] {logging_mixin.py:190} INFO - [2024-08-27T14:34:25.730+0000] {dagbag.py:587} INFO - Filling up the DagBag from /home/ubuntu/myenv/lib/python3.12/site-packages/airflow/example_dags/example_skip_dag.py
[2024-08-27T14:34:25.740+0000] {processor.py:925} INFO - DAG(s) 'example_skip_dag' retrieved from /home/ubuntu/myenv/lib/python3.12/site-packages/airflow/example_dags/example_skip_dag.py
[2024-08-27T14:34:25.860+0000] {logging_mixin.py:190} INFO - [2024-08-27T14:34:25.859+0000] {override.py:1900} INFO - Created Permission View: can delete on DAG:example_skip_dag
[2024-08-27T14:34:25.873+0000] {logging_mixin.py:190} INFO - [2024-08-27T14:34:25.872+0000] {override.py:1900} INFO - Created Permission View: can edit on DAG:example_skip_dag
[2024-08-27T14:34:25.885+0000] {logging_mixin.py:190} INFO - [2024-08-27T14:34:25.885+0000] {override.py:1900} INFO - Created Permission View: can read on DAG:example_skip_dag
[2024-08-27T14:34:25.900+0000] {logging_mixin.py:190} INFO - [2024-08-27T14:34:25.900+0000] {override.py:1900} INFO - Created Permission View: can create on DAG Run:example_skip_dag
[2024-08-27T14:34:25.909+0000] {logging_mixin.py:190} INFO - [2024-08-27T14:34:25.908+0000] {override.py:1900} INFO - Created Permission View: menu access on DAG Run:example_skip_dag
[2024-08-27T14:34:25.918+0000] {logging_mixin.py:190} INFO - [2024-08-27T14:34:25.918+0000] {override.py:1900} INFO - Created Permission View: can delete on DAG Run:example_skip_dag
[2024-08-27T14:34:25.928+0000] {logging_mixin.py:190} INFO - [2024-08-27T14:34:25.928+0000] {override.py:1900} INFO - Created Permission View: can read on DAG Run:example_skip_dag
[2024-08-27T14:34:25.929+0000] {logging_mixin.py:190} INFO - [2024-08-27T14:34:25.929+0000] {dag.py:3211} INFO - Sync 1 DAGs
[2024-08-27T14:34:25.943+0000] {logging_mixin.py:190} INFO - [2024-08-27T14:34:25.942+0000] {dag.py:3234} INFO - Creating ORM DAG for example_skip_dag
[2024-08-27T14:34:25.952+0000] {logging_mixin.py:190} INFO - [2024-08-27T14:34:25.951+0000] {dag.py:4138} INFO - Setting next_dagrun for example_skip_dag to 2024-08-26 00:00:00+00:00, run_after=2024-08-27 00:00:00+00:00
[2024-08-27T14:34:25.973+0000] {processor.py:208} INFO - Processing /home/ubuntu/myenv/lib/python3.12/site-packages/airflow/example_dags/example_skip_dag.py took 0.251 seconds
[2024-08-27T14:35:32.280+0000] {processor.py:186} INFO - Started process (PID=5591) to work on /home/ubuntu/myenv/lib/python3.12/site-packages/airflow/example_dags/example_skip_dag.py
[2024-08-27T14:35:32.282+0000] {processor.py:914} INFO - Processing file /home/ubuntu/myenv/lib/python3.12/site-packages/airflow/example_dags/example_skip_dag.py for tasks to queue
[2024-08-27T14:35:32.284+0000] {logging_mixin.py:190} INFO - [2024-08-27T14:35:32.284+0000] {dagbag.py:587} INFO - Filling up the DagBag from /home/ubuntu/myenv/lib/python3.12/site-packages/airflow/example_dags/example_skip_dag.py
[2024-08-27T14:35:32.293+0000] {processor.py:925} INFO - DAG(s) 'example_skip_dag' retrieved from /home/ubuntu/myenv/lib/python3.12/site-packages/airflow/example_dags/example_skip_dag.py
[2024-08-27T14:35:32.311+0000] {logging_mixin.py:190} INFO - [2024-08-27T14:35:32.311+0000] {dag.py:3211} INFO - Sync 1 DAGs
[2024-08-27T14:35:32.333+0000] {logging_mixin.py:190} INFO - [2024-08-27T14:35:32.333+0000] {dag.py:4138} INFO - Setting next_dagrun for example_skip_dag to 2024-08-26 00:00:00+00:00, run_after=2024-08-27 00:00:00+00:00
[2024-08-27T14:35:32.357+0000] {processor.py:208} INFO - Processing /home/ubuntu/myenv/lib/python3.12/site-packages/airflow/example_dags/example_skip_dag.py took 0.082 seconds
[2024-08-27T14:36:25.190+0000] {processor.py:186} INFO - Started process (PID=5663) to work on /home/ubuntu/myenv/lib/python3.12/site-packages/airflow/example_dags/example_skip_dag.py
[2024-08-27T14:36:25.191+0000] {processor.py:914} INFO - Processing file /home/ubuntu/myenv/lib/python3.12/site-packages/airflow/example_dags/example_skip_dag.py for tasks to queue
[2024-08-27T14:36:25.194+0000] {logging_mixin.py:190} INFO - [2024-08-27T14:36:25.193+0000] {dagbag.py:587} INFO - Filling up the DagBag from /home/ubuntu/myenv/lib/python3.12/site-packages/airflow/example_dags/example_skip_dag.py
[2024-08-27T14:36:25.202+0000] {processor.py:925} INFO - DAG(s) 'example_skip_dag' retrieved from /home/ubuntu/myenv/lib/python3.12/site-packages/airflow/example_dags/example_skip_dag.py
[2024-08-27T14:36:25.221+0000] {logging_mixin.py:190} INFO - [2024-08-27T14:36:25.220+0000] {dag.py:3211} INFO - Sync 1 DAGs
[2024-08-27T14:36:25.242+0000] {logging_mixin.py:190} INFO - [2024-08-27T14:36:25.242+0000] {dag.py:4138} INFO - Setting next_dagrun for example_skip_dag to 2024-08-26 00:00:00+00:00, run_after=2024-08-27 00:00:00+00:00
[2024-08-27T14:36:25.266+0000] {processor.py:208} INFO - Processing /home/ubuntu/myenv/lib/python3.12/site-packages/airflow/example_dags/example_skip_dag.py took 0.083 seconds
[2024-08-27T14:37:14.447+0000] {processor.py:186} INFO - Started process (PID=5731) to work on /home/ubuntu/myenv/lib/python3.12/site-packages/airflow/example_dags/example_skip_dag.py
[2024-08-27T14:37:14.448+0000] {processor.py:914} INFO - Processing file /home/ubuntu/myenv/lib/python3.12/site-packages/airflow/example_dags/example_skip_dag.py for tasks to queue
[2024-08-27T14:37:14.450+0000] {logging_mixin.py:190} INFO - [2024-08-27T14:37:14.450+0000] {dagbag.py:587} INFO - Filling up the DagBag from /home/ubuntu/myenv/lib/python3.12/site-packages/airflow/example_dags/example_skip_dag.py
[2024-08-27T14:37:14.459+0000] {processor.py:925} INFO - DAG(s) 'example_skip_dag' retrieved from /home/ubuntu/myenv/lib/python3.12/site-packages/airflow/example_dags/example_skip_dag.py
[2024-08-27T14:37:14.477+0000] {logging_mixin.py:190} INFO - [2024-08-27T14:37:14.477+0000] {dag.py:3211} INFO - Sync 1 DAGs
[2024-08-27T14:37:14.498+0000] {logging_mixin.py:190} INFO - [2024-08-27T14:37:14.498+0000] {dag.py:4138} INFO - Setting next_dagrun for example_skip_dag to 2024-08-26 00:00:00+00:00, run_after=2024-08-27 00:00:00+00:00
[2024-08-27T14:37:14.520+0000] {processor.py:208} INFO - Processing /home/ubuntu/myenv/lib/python3.12/site-packages/airflow/example_dags/example_skip_dag.py took 0.080 seconds
[2024-08-27T14:38:04.418+0000] {processor.py:186} INFO - Started process (PID=5797) to work on /home/ubuntu/myenv/lib/python3.12/site-packages/airflow/example_dags/example_skip_dag.py
[2024-08-27T14:38:04.419+0000] {processor.py:914} INFO - Processing file /home/ubuntu/myenv/lib/python3.12/site-packages/airflow/example_dags/example_skip_dag.py for tasks to queue
[2024-08-27T14:38:04.421+0000] {logging_mixin.py:190} INFO - [2024-08-27T14:38:04.421+0000] {dagbag.py:587} INFO - Filling up the DagBag from /home/ubuntu/myenv/lib/python3.12/site-packages/airflow/example_dags/example_skip_dag.py
[2024-08-27T14:38:04.430+0000] {processor.py:925} INFO - DAG(s) 'example_skip_dag' retrieved from /home/ubuntu/myenv/lib/python3.12/site-packages/airflow/example_dags/example_skip_dag.py
[2024-08-27T14:38:04.450+0000] {logging_mixin.py:190} INFO - [2024-08-27T14:38:04.450+0000] {dag.py:3211} INFO - Sync 1 DAGs
[2024-08-27T14:38:04.472+0000] {logging_mixin.py:190} INFO - [2024-08-27T14:38:04.472+0000] {dag.py:4138} INFO - Setting next_dagrun for example_skip_dag to 2024-08-26 00:00:00+00:00, run_after=2024-08-27 00:00:00+00:00
[2024-08-27T14:38:04.495+0000] {processor.py:208} INFO - Processing /home/ubuntu/myenv/lib/python3.12/site-packages/airflow/example_dags/example_skip_dag.py took 0.085 seconds
[2024-08-27T14:39:01.342+0000] {processor.py:186} INFO - Started process (PID=5863) to work on /home/ubuntu/myenv/lib/python3.12/site-packages/airflow/example_dags/example_skip_dag.py
[2024-08-27T14:39:01.344+0000] {processor.py:914} INFO - Processing file /home/ubuntu/myenv/lib/python3.12/site-packages/airflow/example_dags/example_skip_dag.py for tasks to queue
[2024-08-27T14:39:01.346+0000] {logging_mixin.py:190} INFO - [2024-08-27T14:39:01.346+0000] {dagbag.py:587} INFO - Filling up the DagBag from /home/ubuntu/myenv/lib/python3.12/site-packages/airflow/example_dags/example_skip_dag.py
[2024-08-27T14:39:01.355+0000] {processor.py:925} INFO - DAG(s) 'example_skip_dag' retrieved from /home/ubuntu/myenv/lib/python3.12/site-packages/airflow/example_dags/example_skip_dag.py
[2024-08-27T14:39:01.374+0000] {logging_mixin.py:190} INFO - [2024-08-27T14:39:01.374+0000] {dag.py:3211} INFO - Sync 1 DAGs
[2024-08-27T14:39:01.534+0000] {logging_mixin.py:190} INFO - [2024-08-27T14:39:01.534+0000] {dag.py:4138} INFO - Setting next_dagrun for example_skip_dag to 2024-08-26 00:00:00+00:00, run_after=2024-08-27 00:00:00+00:00
[2024-08-27T14:39:01.556+0000] {processor.py:208} INFO - Processing /home/ubuntu/myenv/lib/python3.12/site-packages/airflow/example_dags/example_skip_dag.py took 0.220 seconds
[2024-08-27T14:39:58.626+0000] {processor.py:186} INFO - Started process (PID=5938) to work on /home/ubuntu/myenv/lib/python3.12/site-packages/airflow/example_dags/example_skip_dag.py
[2024-08-27T14:39:58.627+0000] {processor.py:914} INFO - Processing file /home/ubuntu/myenv/lib/python3.12/site-packages/airflow/example_dags/example_skip_dag.py for tasks to queue
[2024-08-27T14:39:58.630+0000] {logging_mixin.py:190} INFO - [2024-08-27T14:39:58.629+0000] {dagbag.py:587} INFO - Filling up the DagBag from /home/ubuntu/myenv/lib/python3.12/site-packages/airflow/example_dags/example_skip_dag.py
[2024-08-27T14:39:58.639+0000] {processor.py:925} INFO - DAG(s) 'example_skip_dag' retrieved from /home/ubuntu/myenv/lib/python3.12/site-packages/airflow/example_dags/example_skip_dag.py
[2024-08-27T14:39:58.659+0000] {logging_mixin.py:190} INFO - [2024-08-27T14:39:58.659+0000] {dag.py:3211} INFO - Sync 1 DAGs
[2024-08-27T14:39:58.683+0000] {logging_mixin.py:190} INFO - [2024-08-27T14:39:58.683+0000] {dag.py:4138} INFO - Setting next_dagrun for example_skip_dag to 2024-08-26 00:00:00+00:00, run_after=2024-08-27 00:00:00+00:00
[2024-08-27T14:39:58.706+0000] {processor.py:208} INFO - Processing /home/ubuntu/myenv/lib/python3.12/site-packages/airflow/example_dags/example_skip_dag.py took 0.088 seconds
[2024-08-27T14:40:48.299+0000] {processor.py:186} INFO - Started process (PID=5996) to work on /home/ubuntu/myenv/lib/python3.12/site-packages/airflow/example_dags/example_skip_dag.py
[2024-08-27T14:40:48.300+0000] {processor.py:914} INFO - Processing file /home/ubuntu/myenv/lib/python3.12/site-packages/airflow/example_dags/example_skip_dag.py for tasks to queue
[2024-08-27T14:40:48.303+0000] {logging_mixin.py:190} INFO - [2024-08-27T14:40:48.302+0000] {dagbag.py:587} INFO - Filling up the DagBag from /home/ubuntu/myenv/lib/python3.12/site-packages/airflow/example_dags/example_skip_dag.py
[2024-08-27T14:40:48.311+0000] {processor.py:925} INFO - DAG(s) 'example_skip_dag' retrieved from /home/ubuntu/myenv/lib/python3.12/site-packages/airflow/example_dags/example_skip_dag.py
[2024-08-27T14:40:48.330+0000] {logging_mixin.py:190} INFO - [2024-08-27T14:40:48.330+0000] {dag.py:3211} INFO - Sync 1 DAGs
[2024-08-27T14:40:48.353+0000] {logging_mixin.py:190} INFO - [2024-08-27T14:40:48.353+0000] {dag.py:4138} INFO - Setting next_dagrun for example_skip_dag to 2024-08-26 00:00:00+00:00, run_after=2024-08-27 00:00:00+00:00
[2024-08-27T14:40:48.375+0000] {processor.py:208} INFO - Processing /home/ubuntu/myenv/lib/python3.12/site-packages/airflow/example_dags/example_skip_dag.py took 0.083 seconds
[2024-08-27T14:41:39.062+0000] {processor.py:186} INFO - Started process (PID=6048) to work on /home/ubuntu/myenv/lib/python3.12/site-packages/airflow/example_dags/example_skip_dag.py
[2024-08-27T14:41:39.063+0000] {processor.py:914} INFO - Processing file /home/ubuntu/myenv/lib/python3.12/site-packages/airflow/example_dags/example_skip_dag.py for tasks to queue
[2024-08-27T14:41:39.066+0000] {logging_mixin.py:190} INFO - [2024-08-27T14:41:39.066+0000] {dagbag.py:587} INFO - Filling up the DagBag from /home/ubuntu/myenv/lib/python3.12/site-packages/airflow/example_dags/example_skip_dag.py
[2024-08-27T14:41:39.075+0000] {processor.py:925} INFO - DAG(s) 'example_skip_dag' retrieved from /home/ubuntu/myenv/lib/python3.12/site-packages/airflow/example_dags/example_skip_dag.py
[2024-08-27T14:41:39.094+0000] {logging_mixin.py:190} INFO - [2024-08-27T14:41:39.094+0000] {dag.py:3211} INFO - Sync 1 DAGs
[2024-08-27T14:41:39.116+0000] {logging_mixin.py:190} INFO - [2024-08-27T14:41:39.116+0000] {dag.py:4138} INFO - Setting next_dagrun for example_skip_dag to 2024-08-26 00:00:00+00:00, run_after=2024-08-27 00:00:00+00:00
[2024-08-27T14:41:39.139+0000] {processor.py:208} INFO - Processing /home/ubuntu/myenv/lib/python3.12/site-packages/airflow/example_dags/example_skip_dag.py took 0.083 seconds
[2024-08-27T14:42:29.322+0000] {processor.py:186} INFO - Started process (PID=6099) to work on /home/ubuntu/myenv/lib/python3.12/site-packages/airflow/example_dags/example_skip_dag.py
[2024-08-27T14:42:29.324+0000] {processor.py:914} INFO - Processing file /home/ubuntu/myenv/lib/python3.12/site-packages/airflow/example_dags/example_skip_dag.py for tasks to queue
[2024-08-27T14:42:29.326+0000] {logging_mixin.py:190} INFO - [2024-08-27T14:42:29.326+0000] {dagbag.py:587} INFO - Filling up the DagBag from /home/ubuntu/myenv/lib/python3.12/site-packages/airflow/example_dags/example_skip_dag.py
[2024-08-27T14:42:29.335+0000] {processor.py:925} INFO - DAG(s) 'example_skip_dag' retrieved from /home/ubuntu/myenv/lib/python3.12/site-packages/airflow/example_dags/example_skip_dag.py
[2024-08-27T14:42:29.355+0000] {logging_mixin.py:190} INFO - [2024-08-27T14:42:29.355+0000] {dag.py:3211} INFO - Sync 1 DAGs
[2024-08-27T14:42:29.378+0000] {logging_mixin.py:190} INFO - [2024-08-27T14:42:29.378+0000] {dag.py:4138} INFO - Setting next_dagrun for example_skip_dag to 2024-08-26 00:00:00+00:00, run_after=2024-08-27 00:00:00+00:00
[2024-08-27T14:42:29.400+0000] {processor.py:208} INFO - Processing /home/ubuntu/myenv/lib/python3.12/site-packages/airflow/example_dags/example_skip_dag.py took 0.085 seconds
[2024-08-27T14:43:19.900+0000] {processor.py:186} INFO - Started process (PID=6150) to work on /home/ubuntu/myenv/lib/python3.12/site-packages/airflow/example_dags/example_skip_dag.py
[2024-08-27T14:43:19.901+0000] {processor.py:914} INFO - Processing file /home/ubuntu/myenv/lib/python3.12/site-packages/airflow/example_dags/example_skip_dag.py for tasks to queue
[2024-08-27T14:43:19.904+0000] {logging_mixin.py:190} INFO - [2024-08-27T14:43:19.904+0000] {dagbag.py:587} INFO - Filling up the DagBag from /home/ubuntu/myenv/lib/python3.12/site-packages/airflow/example_dags/example_skip_dag.py
[2024-08-27T14:43:19.913+0000] {processor.py:925} INFO - DAG(s) 'example_skip_dag' retrieved from /home/ubuntu/myenv/lib/python3.12/site-packages/airflow/example_dags/example_skip_dag.py
[2024-08-27T14:43:19.932+0000] {logging_mixin.py:190} INFO - [2024-08-27T14:43:19.932+0000] {dag.py:3211} INFO - Sync 1 DAGs
[2024-08-27T14:43:19.955+0000] {logging_mixin.py:190} INFO - [2024-08-27T14:43:19.955+0000] {dag.py:4138} INFO - Setting next_dagrun for example_skip_dag to 2024-08-26 00:00:00+00:00, run_after=2024-08-27 00:00:00+00:00
[2024-08-27T14:43:19.977+0000] {processor.py:208} INFO - Processing /home/ubuntu/myenv/lib/python3.12/site-packages/airflow/example_dags/example_skip_dag.py took 0.084 seconds
[2024-08-27T14:44:10.313+0000] {processor.py:186} INFO - Started process (PID=6204) to work on /home/ubuntu/myenv/lib/python3.12/site-packages/airflow/example_dags/example_skip_dag.py
[2024-08-27T14:44:10.314+0000] {processor.py:914} INFO - Processing file /home/ubuntu/myenv/lib/python3.12/site-packages/airflow/example_dags/example_skip_dag.py for tasks to queue
[2024-08-27T14:44:10.317+0000] {logging_mixin.py:190} INFO - [2024-08-27T14:44:10.316+0000] {dagbag.py:587} INFO - Filling up the DagBag from /home/ubuntu/myenv/lib/python3.12/site-packages/airflow/example_dags/example_skip_dag.py
[2024-08-27T14:44:10.326+0000] {processor.py:925} INFO - DAG(s) 'example_skip_dag' retrieved from /home/ubuntu/myenv/lib/python3.12/site-packages/airflow/example_dags/example_skip_dag.py
[2024-08-27T14:44:10.345+0000] {logging_mixin.py:190} INFO - [2024-08-27T14:44:10.345+0000] {dag.py:3211} INFO - Sync 1 DAGs
[2024-08-27T14:44:10.368+0000] {logging_mixin.py:190} INFO - [2024-08-27T14:44:10.367+0000] {dag.py:4138} INFO - Setting next_dagrun for example_skip_dag to 2024-08-26 00:00:00+00:00, run_after=2024-08-27 00:00:00+00:00
[2024-08-27T14:44:10.392+0000] {processor.py:208} INFO - Processing /home/ubuntu/myenv/lib/python3.12/site-packages/airflow/example_dags/example_skip_dag.py took 0.085 seconds
[2024-08-27T14:45:00.806+0000] {processor.py:186} INFO - Started process (PID=6256) to work on /home/ubuntu/myenv/lib/python3.12/site-packages/airflow/example_dags/example_skip_dag.py
[2024-08-27T14:45:00.807+0000] {processor.py:914} INFO - Processing file /home/ubuntu/myenv/lib/python3.12/site-packages/airflow/example_dags/example_skip_dag.py for tasks to queue
[2024-08-27T14:45:00.810+0000] {logging_mixin.py:190} INFO - [2024-08-27T14:45:00.810+0000] {dagbag.py:587} INFO - Filling up the DagBag from /home/ubuntu/myenv/lib/python3.12/site-packages/airflow/example_dags/example_skip_dag.py
[2024-08-27T14:45:00.819+0000] {processor.py:925} INFO - DAG(s) 'example_skip_dag' retrieved from /home/ubuntu/myenv/lib/python3.12/site-packages/airflow/example_dags/example_skip_dag.py
[2024-08-27T14:45:00.838+0000] {logging_mixin.py:190} INFO - [2024-08-27T14:45:00.838+0000] {dag.py:3211} INFO - Sync 1 DAGs
[2024-08-27T14:45:00.860+0000] {logging_mixin.py:190} INFO - [2024-08-27T14:45:00.859+0000] {dag.py:4138} INFO - Setting next_dagrun for example_skip_dag to 2024-08-26 00:00:00+00:00, run_after=2024-08-27 00:00:00+00:00
[2024-08-27T14:45:00.882+0000] {processor.py:208} INFO - Processing /home/ubuntu/myenv/lib/python3.12/site-packages/airflow/example_dags/example_skip_dag.py took 0.082 seconds
[2024-08-27T14:45:52.611+0000] {processor.py:186} INFO - Started process (PID=6311) to work on /home/ubuntu/myenv/lib/python3.12/site-packages/airflow/example_dags/example_skip_dag.py
[2024-08-27T14:45:52.613+0000] {processor.py:914} INFO - Processing file /home/ubuntu/myenv/lib/python3.12/site-packages/airflow/example_dags/example_skip_dag.py for tasks to queue
[2024-08-27T14:45:52.616+0000] {logging_mixin.py:190} INFO - [2024-08-27T14:45:52.615+0000] {dagbag.py:587} INFO - Filling up the DagBag from /home/ubuntu/myenv/lib/python3.12/site-packages/airflow/example_dags/example_skip_dag.py
[2024-08-27T14:45:52.625+0000] {processor.py:925} INFO - DAG(s) 'example_skip_dag' retrieved from /home/ubuntu/myenv/lib/python3.12/site-packages/airflow/example_dags/example_skip_dag.py
[2024-08-27T14:45:52.644+0000] {logging_mixin.py:190} INFO - [2024-08-27T14:45:52.644+0000] {dag.py:3211} INFO - Sync 1 DAGs
[2024-08-27T14:45:52.668+0000] {logging_mixin.py:190} INFO - [2024-08-27T14:45:52.667+0000] {dag.py:4138} INFO - Setting next_dagrun for example_skip_dag to 2024-08-26 00:00:00+00:00, run_after=2024-08-27 00:00:00+00:00
[2024-08-27T14:45:52.691+0000] {processor.py:208} INFO - Processing /home/ubuntu/myenv/lib/python3.12/site-packages/airflow/example_dags/example_skip_dag.py took 0.085 seconds
[2024-08-27T14:46:39.595+0000] {processor.py:186} INFO - Started process (PID=6363) to work on /home/ubuntu/myenv/lib/python3.12/site-packages/airflow/example_dags/example_skip_dag.py
[2024-08-27T14:46:39.596+0000] {processor.py:914} INFO - Processing file /home/ubuntu/myenv/lib/python3.12/site-packages/airflow/example_dags/example_skip_dag.py for tasks to queue
[2024-08-27T14:46:39.599+0000] {logging_mixin.py:190} INFO - [2024-08-27T14:46:39.599+0000] {dagbag.py:587} INFO - Filling up the DagBag from /home/ubuntu/myenv/lib/python3.12/site-packages/airflow/example_dags/example_skip_dag.py
[2024-08-27T14:46:39.608+0000] {processor.py:925} INFO - DAG(s) 'example_skip_dag' retrieved from /home/ubuntu/myenv/lib/python3.12/site-packages/airflow/example_dags/example_skip_dag.py
[2024-08-27T14:46:39.627+0000] {logging_mixin.py:190} INFO - [2024-08-27T14:46:39.627+0000] {dag.py:3211} INFO - Sync 1 DAGs
[2024-08-27T14:46:39.650+0000] {logging_mixin.py:190} INFO - [2024-08-27T14:46:39.650+0000] {dag.py:4138} INFO - Setting next_dagrun for example_skip_dag to 2024-08-26 00:00:00+00:00, run_after=2024-08-27 00:00:00+00:00
[2024-08-27T14:46:39.673+0000] {processor.py:208} INFO - Processing /home/ubuntu/myenv/lib/python3.12/site-packages/airflow/example_dags/example_skip_dag.py took 0.084 seconds
[2024-08-27T14:47:27.661+0000] {processor.py:186} INFO - Started process (PID=6412) to work on /home/ubuntu/myenv/lib/python3.12/site-packages/airflow/example_dags/example_skip_dag.py
[2024-08-27T14:47:27.663+0000] {processor.py:914} INFO - Processing file /home/ubuntu/myenv/lib/python3.12/site-packages/airflow/example_dags/example_skip_dag.py for tasks to queue
[2024-08-27T14:47:27.666+0000] {logging_mixin.py:190} INFO - [2024-08-27T14:47:27.665+0000] {dagbag.py:587} INFO - Filling up the DagBag from /home/ubuntu/myenv/lib/python3.12/site-packages/airflow/example_dags/example_skip_dag.py
[2024-08-27T14:47:27.674+0000] {processor.py:925} INFO - DAG(s) 'example_skip_dag' retrieved from /home/ubuntu/myenv/lib/python3.12/site-packages/airflow/example_dags/example_skip_dag.py
[2024-08-27T14:47:27.694+0000] {logging_mixin.py:190} INFO - [2024-08-27T14:47:27.694+0000] {dag.py:3211} INFO - Sync 1 DAGs
[2024-08-27T14:47:27.717+0000] {logging_mixin.py:190} INFO - [2024-08-27T14:47:27.716+0000] {dag.py:4138} INFO - Setting next_dagrun for example_skip_dag to 2024-08-26 00:00:00+00:00, run_after=2024-08-27 00:00:00+00:00
[2024-08-27T14:47:27.740+0000] {processor.py:208} INFO - Processing /home/ubuntu/myenv/lib/python3.12/site-packages/airflow/example_dags/example_skip_dag.py took 0.085 seconds
[2024-08-27T14:48:20.011+0000] {processor.py:186} INFO - Started process (PID=6470) to work on /home/ubuntu/myenv/lib/python3.12/site-packages/airflow/example_dags/example_skip_dag.py
[2024-08-27T14:48:20.013+0000] {processor.py:914} INFO - Processing file /home/ubuntu/myenv/lib/python3.12/site-packages/airflow/example_dags/example_skip_dag.py for tasks to queue
[2024-08-27T14:48:20.016+0000] {logging_mixin.py:190} INFO - [2024-08-27T14:48:20.015+0000] {dagbag.py:587} INFO - Filling up the DagBag from /home/ubuntu/myenv/lib/python3.12/site-packages/airflow/example_dags/example_skip_dag.py
[2024-08-27T14:48:20.024+0000] {processor.py:925} INFO - DAG(s) 'example_skip_dag' retrieved from /home/ubuntu/myenv/lib/python3.12/site-packages/airflow/example_dags/example_skip_dag.py
[2024-08-27T14:48:20.044+0000] {logging_mixin.py:190} INFO - [2024-08-27T14:48:20.044+0000] {dag.py:3211} INFO - Sync 1 DAGs
[2024-08-27T14:48:20.067+0000] {logging_mixin.py:190} INFO - [2024-08-27T14:48:20.067+0000] {dag.py:4138} INFO - Setting next_dagrun for example_skip_dag to 2024-08-26 00:00:00+00:00, run_after=2024-08-27 00:00:00+00:00
[2024-08-27T14:48:20.090+0000] {processor.py:208} INFO - Processing /home/ubuntu/myenv/lib/python3.12/site-packages/airflow/example_dags/example_skip_dag.py took 0.085 seconds
[2024-08-27T14:49:10.426+0000] {processor.py:186} INFO - Started process (PID=6524) to work on /home/ubuntu/myenv/lib/python3.12/site-packages/airflow/example_dags/example_skip_dag.py
[2024-08-27T14:49:10.428+0000] {processor.py:914} INFO - Processing file /home/ubuntu/myenv/lib/python3.12/site-packages/airflow/example_dags/example_skip_dag.py for tasks to queue
[2024-08-27T14:49:10.430+0000] {logging_mixin.py:190} INFO - [2024-08-27T14:49:10.430+0000] {dagbag.py:587} INFO - Filling up the DagBag from /home/ubuntu/myenv/lib/python3.12/site-packages/airflow/example_dags/example_skip_dag.py
[2024-08-27T14:49:10.440+0000] {processor.py:925} INFO - DAG(s) 'example_skip_dag' retrieved from /home/ubuntu/myenv/lib/python3.12/site-packages/airflow/example_dags/example_skip_dag.py
[2024-08-27T14:49:10.460+0000] {logging_mixin.py:190} INFO - [2024-08-27T14:49:10.460+0000] {dag.py:3211} INFO - Sync 1 DAGs
[2024-08-27T14:49:10.484+0000] {logging_mixin.py:190} INFO - [2024-08-27T14:49:10.484+0000] {dag.py:4138} INFO - Setting next_dagrun for example_skip_dag to 2024-08-26 00:00:00+00:00, run_after=2024-08-27 00:00:00+00:00
[2024-08-27T14:49:10.509+0000] {processor.py:208} INFO - Processing /home/ubuntu/myenv/lib/python3.12/site-packages/airflow/example_dags/example_skip_dag.py took 0.090 seconds
[2024-08-27T16:10:01.195+0000] {processor.py:186} INFO - Started process (PID=7603) to work on /home/ubuntu/myenv/lib/python3.12/site-packages/airflow/example_dags/example_skip_dag.py
[2024-08-27T16:10:01.197+0000] {processor.py:914} INFO - Processing file /home/ubuntu/myenv/lib/python3.12/site-packages/airflow/example_dags/example_skip_dag.py for tasks to queue
[2024-08-27T16:10:01.199+0000] {logging_mixin.py:190} INFO - [2024-08-27T16:10:01.199+0000] {dagbag.py:587} INFO - Filling up the DagBag from /home/ubuntu/myenv/lib/python3.12/site-packages/airflow/example_dags/example_skip_dag.py
[2024-08-27T16:10:01.208+0000] {processor.py:925} INFO - DAG(s) 'example_skip_dag' retrieved from /home/ubuntu/myenv/lib/python3.12/site-packages/airflow/example_dags/example_skip_dag.py
[2024-08-27T16:10:01.230+0000] {logging_mixin.py:190} INFO - [2024-08-27T16:10:01.230+0000] {dag.py:3211} INFO - Sync 1 DAGs
[2024-08-27T16:10:01.254+0000] {logging_mixin.py:190} INFO - [2024-08-27T16:10:01.254+0000] {dag.py:4138} INFO - Setting next_dagrun for example_skip_dag to 2024-08-26 00:00:00+00:00, run_after=2024-08-27 00:00:00+00:00
[2024-08-27T16:10:01.277+0000] {processor.py:208} INFO - Processing /home/ubuntu/myenv/lib/python3.12/site-packages/airflow/example_dags/example_skip_dag.py took 0.088 seconds
[2024-08-27T16:10:55.706+0000] {processor.py:186} INFO - Started process (PID=7703) to work on /home/ubuntu/myenv/lib/python3.12/site-packages/airflow/example_dags/example_skip_dag.py
[2024-08-27T16:10:55.707+0000] {processor.py:914} INFO - Processing file /home/ubuntu/myenv/lib/python3.12/site-packages/airflow/example_dags/example_skip_dag.py for tasks to queue
[2024-08-27T16:10:55.710+0000] {logging_mixin.py:190} INFO - [2024-08-27T16:10:55.709+0000] {dagbag.py:587} INFO - Filling up the DagBag from /home/ubuntu/myenv/lib/python3.12/site-packages/airflow/example_dags/example_skip_dag.py
[2024-08-27T16:10:55.719+0000] {processor.py:925} INFO - DAG(s) 'example_skip_dag' retrieved from /home/ubuntu/myenv/lib/python3.12/site-packages/airflow/example_dags/example_skip_dag.py
[2024-08-27T16:10:55.740+0000] {logging_mixin.py:190} INFO - [2024-08-27T16:10:55.740+0000] {dag.py:3211} INFO - Sync 1 DAGs
[2024-08-27T16:10:55.763+0000] {logging_mixin.py:190} INFO - [2024-08-27T16:10:55.763+0000] {dag.py:4138} INFO - Setting next_dagrun for example_skip_dag to 2024-08-26 00:00:00+00:00, run_after=2024-08-27 00:00:00+00:00
[2024-08-27T16:10:55.787+0000] {processor.py:208} INFO - Processing /home/ubuntu/myenv/lib/python3.12/site-packages/airflow/example_dags/example_skip_dag.py took 0.088 seconds
[2024-08-27T16:11:46.269+0000] {processor.py:186} INFO - Started process (PID=7795) to work on /home/ubuntu/myenv/lib/python3.12/site-packages/airflow/example_dags/example_skip_dag.py
[2024-08-27T16:11:46.273+0000] {processor.py:914} INFO - Processing file /home/ubuntu/myenv/lib/python3.12/site-packages/airflow/example_dags/example_skip_dag.py for tasks to queue
[2024-08-27T16:11:46.275+0000] {logging_mixin.py:190} INFO - [2024-08-27T16:11:46.275+0000] {dagbag.py:587} INFO - Filling up the DagBag from /home/ubuntu/myenv/lib/python3.12/site-packages/airflow/example_dags/example_skip_dag.py
[2024-08-27T16:11:46.284+0000] {processor.py:925} INFO - DAG(s) 'example_skip_dag' retrieved from /home/ubuntu/myenv/lib/python3.12/site-packages/airflow/example_dags/example_skip_dag.py
[2024-08-27T16:11:46.303+0000] {logging_mixin.py:190} INFO - [2024-08-27T16:11:46.302+0000] {dag.py:3211} INFO - Sync 1 DAGs
[2024-08-27T16:11:46.324+0000] {logging_mixin.py:190} INFO - [2024-08-27T16:11:46.324+0000] {dag.py:4138} INFO - Setting next_dagrun for example_skip_dag to 2024-08-26 00:00:00+00:00, run_after=2024-08-27 00:00:00+00:00
[2024-08-27T16:11:46.348+0000] {processor.py:208} INFO - Processing /home/ubuntu/myenv/lib/python3.12/site-packages/airflow/example_dags/example_skip_dag.py took 0.085 seconds
[2024-08-27T16:12:35.988+0000] {processor.py:186} INFO - Started process (PID=7886) to work on /home/ubuntu/myenv/lib/python3.12/site-packages/airflow/example_dags/example_skip_dag.py
[2024-08-27T16:12:35.989+0000] {processor.py:914} INFO - Processing file /home/ubuntu/myenv/lib/python3.12/site-packages/airflow/example_dags/example_skip_dag.py for tasks to queue
[2024-08-27T16:12:35.992+0000] {logging_mixin.py:190} INFO - [2024-08-27T16:12:35.991+0000] {dagbag.py:587} INFO - Filling up the DagBag from /home/ubuntu/myenv/lib/python3.12/site-packages/airflow/example_dags/example_skip_dag.py
[2024-08-27T16:12:36.000+0000] {processor.py:925} INFO - DAG(s) 'example_skip_dag' retrieved from /home/ubuntu/myenv/lib/python3.12/site-packages/airflow/example_dags/example_skip_dag.py
[2024-08-27T16:12:36.020+0000] {logging_mixin.py:190} INFO - [2024-08-27T16:12:36.020+0000] {dag.py:3211} INFO - Sync 1 DAGs
[2024-08-27T16:12:36.043+0000] {logging_mixin.py:190} INFO - [2024-08-27T16:12:36.043+0000] {dag.py:4138} INFO - Setting next_dagrun for example_skip_dag to 2024-08-26 00:00:00+00:00, run_after=2024-08-27 00:00:00+00:00
[2024-08-27T16:12:36.067+0000] {processor.py:208} INFO - Processing /home/ubuntu/myenv/lib/python3.12/site-packages/airflow/example_dags/example_skip_dag.py took 0.086 seconds
[2024-08-27T16:13:29.114+0000] {processor.py:186} INFO - Started process (PID=7976) to work on /home/ubuntu/myenv/lib/python3.12/site-packages/airflow/example_dags/example_skip_dag.py
[2024-08-27T16:13:29.116+0000] {processor.py:914} INFO - Processing file /home/ubuntu/myenv/lib/python3.12/site-packages/airflow/example_dags/example_skip_dag.py for tasks to queue
[2024-08-27T16:13:29.118+0000] {logging_mixin.py:190} INFO - [2024-08-27T16:13:29.117+0000] {dagbag.py:587} INFO - Filling up the DagBag from /home/ubuntu/myenv/lib/python3.12/site-packages/airflow/example_dags/example_skip_dag.py
[2024-08-27T16:13:29.126+0000] {processor.py:925} INFO - DAG(s) 'example_skip_dag' retrieved from /home/ubuntu/myenv/lib/python3.12/site-packages/airflow/example_dags/example_skip_dag.py
[2024-08-27T16:13:29.145+0000] {logging_mixin.py:190} INFO - [2024-08-27T16:13:29.145+0000] {dag.py:3211} INFO - Sync 1 DAGs
[2024-08-27T16:13:29.167+0000] {logging_mixin.py:190} INFO - [2024-08-27T16:13:29.166+0000] {dag.py:4138} INFO - Setting next_dagrun for example_skip_dag to 2024-08-26 00:00:00+00:00, run_after=2024-08-27 00:00:00+00:00
[2024-08-27T16:13:29.189+0000] {processor.py:208} INFO - Processing /home/ubuntu/myenv/lib/python3.12/site-packages/airflow/example_dags/example_skip_dag.py took 0.082 seconds
