[2024-08-27T14:34:57.231+0000] {processor.py:186} INFO - Started process (PID=5552) to work on /home/ubuntu/myenv/lib/python3.12/site-packages/airflow/example_dags/example_branch_operator.py
[2024-08-27T14:34:57.232+0000] {processor.py:914} INFO - Processing file /home/ubuntu/myenv/lib/python3.12/site-packages/airflow/example_dags/example_branch_operator.py for tasks to queue
[2024-08-27T14:34:57.234+0000] {logging_mixin.py:190} INFO - [2024-08-27T14:34:57.233+0000] {dagbag.py:587} INFO - Filling up the DagBag from /home/ubuntu/myenv/lib/python3.12/site-packages/airflow/example_dags/example_branch_operator.py
[2024-08-27T14:34:57.236+0000] {processor.py:927} WARNING - No viable dags retrieved from /home/ubuntu/myenv/lib/python3.12/site-packages/airflow/example_dags/example_branch_operator.py
[2024-08-27T14:34:57.248+0000] {processor.py:208} INFO - Processing /home/ubuntu/myenv/lib/python3.12/site-packages/airflow/example_dags/example_branch_operator.py took 0.023 seconds
[2024-08-27T14:35:59.383+0000] {processor.py:186} INFO - Started process (PID=5627) to work on /home/ubuntu/myenv/lib/python3.12/site-packages/airflow/example_dags/example_branch_operator.py
[2024-08-27T14:35:59.385+0000] {processor.py:914} INFO - Processing file /home/ubuntu/myenv/lib/python3.12/site-packages/airflow/example_dags/example_branch_operator.py for tasks to queue
[2024-08-27T14:35:59.387+0000] {logging_mixin.py:190} INFO - [2024-08-27T14:35:59.387+0000] {dagbag.py:587} INFO - Filling up the DagBag from /home/ubuntu/myenv/lib/python3.12/site-packages/airflow/example_dags/example_branch_operator.py
[2024-08-27T14:35:59.390+0000] {processor.py:927} WARNING - No viable dags retrieved from /home/ubuntu/myenv/lib/python3.12/site-packages/airflow/example_dags/example_branch_operator.py
[2024-08-27T14:35:59.402+0000] {processor.py:208} INFO - Processing /home/ubuntu/myenv/lib/python3.12/site-packages/airflow/example_dags/example_branch_operator.py took 0.025 seconds
[2024-08-27T14:36:53.167+0000] {processor.py:186} INFO - Started process (PID=5699) to work on /home/ubuntu/myenv/lib/python3.12/site-packages/airflow/example_dags/example_branch_operator.py
[2024-08-27T14:36:53.168+0000] {processor.py:914} INFO - Processing file /home/ubuntu/myenv/lib/python3.12/site-packages/airflow/example_dags/example_branch_operator.py for tasks to queue
[2024-08-27T14:36:53.170+0000] {logging_mixin.py:190} INFO - [2024-08-27T14:36:53.170+0000] {dagbag.py:587} INFO - Filling up the DagBag from /home/ubuntu/myenv/lib/python3.12/site-packages/airflow/example_dags/example_branch_operator.py
[2024-08-27T14:36:53.173+0000] {processor.py:927} WARNING - No viable dags retrieved from /home/ubuntu/myenv/lib/python3.12/site-packages/airflow/example_dags/example_branch_operator.py
[2024-08-27T14:36:53.185+0000] {processor.py:208} INFO - Processing /home/ubuntu/myenv/lib/python3.12/site-packages/airflow/example_dags/example_branch_operator.py took 0.024 seconds
[2024-08-27T14:37:47.740+0000] {processor.py:186} INFO - Started process (PID=5774) to work on /home/ubuntu/myenv/lib/python3.12/site-packages/airflow/example_dags/example_branch_operator.py
[2024-08-27T14:37:47.741+0000] {processor.py:914} INFO - Processing file /home/ubuntu/myenv/lib/python3.12/site-packages/airflow/example_dags/example_branch_operator.py for tasks to queue
[2024-08-27T14:37:47.743+0000] {logging_mixin.py:190} INFO - [2024-08-27T14:37:47.743+0000] {dagbag.py:587} INFO - Filling up the DagBag from /home/ubuntu/myenv/lib/python3.12/site-packages/airflow/example_dags/example_branch_operator.py
[2024-08-27T14:37:47.746+0000] {processor.py:927} WARNING - No viable dags retrieved from /home/ubuntu/myenv/lib/python3.12/site-packages/airflow/example_dags/example_branch_operator.py
[2024-08-27T14:37:47.758+0000] {processor.py:208} INFO - Processing /home/ubuntu/myenv/lib/python3.12/site-packages/airflow/example_dags/example_branch_operator.py took 0.024 seconds
[2024-08-27T14:39:09.701+0000] {processor.py:186} INFO - Started process (PID=5875) to work on /home/ubuntu/myenv/lib/python3.12/site-packages/airflow/example_dags/example_branch_operator.py
[2024-08-27T14:39:09.703+0000] {processor.py:914} INFO - Processing file /home/ubuntu/myenv/lib/python3.12/site-packages/airflow/example_dags/example_branch_operator.py for tasks to queue
[2024-08-27T14:39:09.705+0000] {logging_mixin.py:190} INFO - [2024-08-27T14:39:09.705+0000] {dagbag.py:587} INFO - Filling up the DagBag from /home/ubuntu/myenv/lib/python3.12/site-packages/airflow/example_dags/example_branch_operator.py
[2024-08-27T14:39:09.708+0000] {processor.py:927} WARNING - No viable dags retrieved from /home/ubuntu/myenv/lib/python3.12/site-packages/airflow/example_dags/example_branch_operator.py
[2024-08-27T14:39:09.720+0000] {processor.py:208} INFO - Processing /home/ubuntu/myenv/lib/python3.12/site-packages/airflow/example_dags/example_branch_operator.py took 0.026 seconds
[2024-08-27T14:40:05.706+0000] {processor.py:186} INFO - Started process (PID=5951) to work on /home/ubuntu/myenv/lib/python3.12/site-packages/airflow/example_dags/example_branch_operator.py
[2024-08-27T14:40:05.707+0000] {processor.py:914} INFO - Processing file /home/ubuntu/myenv/lib/python3.12/site-packages/airflow/example_dags/example_branch_operator.py for tasks to queue
[2024-08-27T14:40:05.710+0000] {logging_mixin.py:190} INFO - [2024-08-27T14:40:05.709+0000] {dagbag.py:587} INFO - Filling up the DagBag from /home/ubuntu/myenv/lib/python3.12/site-packages/airflow/example_dags/example_branch_operator.py
[2024-08-27T14:40:05.713+0000] {processor.py:927} WARNING - No viable dags retrieved from /home/ubuntu/myenv/lib/python3.12/site-packages/airflow/example_dags/example_branch_operator.py
[2024-08-27T14:40:05.725+0000] {processor.py:208} INFO - Processing /home/ubuntu/myenv/lib/python3.12/site-packages/airflow/example_dags/example_branch_operator.py took 0.026 seconds
[2024-08-27T14:40:56.376+0000] {processor.py:186} INFO - Started process (PID=6004) to work on /home/ubuntu/myenv/lib/python3.12/site-packages/airflow/example_dags/example_branch_operator.py
[2024-08-27T14:40:56.378+0000] {processor.py:914} INFO - Processing file /home/ubuntu/myenv/lib/python3.12/site-packages/airflow/example_dags/example_branch_operator.py for tasks to queue
[2024-08-27T14:40:56.380+0000] {logging_mixin.py:190} INFO - [2024-08-27T14:40:56.380+0000] {dagbag.py:587} INFO - Filling up the DagBag from /home/ubuntu/myenv/lib/python3.12/site-packages/airflow/example_dags/example_branch_operator.py
[2024-08-27T14:40:56.383+0000] {processor.py:927} WARNING - No viable dags retrieved from /home/ubuntu/myenv/lib/python3.12/site-packages/airflow/example_dags/example_branch_operator.py
[2024-08-27T14:40:56.394+0000] {processor.py:208} INFO - Processing /home/ubuntu/myenv/lib/python3.12/site-packages/airflow/example_dags/example_branch_operator.py took 0.024 seconds
[2024-08-27T14:42:10.470+0000] {processor.py:186} INFO - Started process (PID=6080) to work on /home/ubuntu/myenv/lib/python3.12/site-packages/airflow/example_dags/example_branch_operator.py
[2024-08-27T14:42:10.472+0000] {processor.py:914} INFO - Processing file /home/ubuntu/myenv/lib/python3.12/site-packages/airflow/example_dags/example_branch_operator.py for tasks to queue
[2024-08-27T14:42:10.474+0000] {logging_mixin.py:190} INFO - [2024-08-27T14:42:10.474+0000] {dagbag.py:587} INFO - Filling up the DagBag from /home/ubuntu/myenv/lib/python3.12/site-packages/airflow/example_dags/example_branch_operator.py
[2024-08-27T14:42:10.477+0000] {processor.py:927} WARNING - No viable dags retrieved from /home/ubuntu/myenv/lib/python3.12/site-packages/airflow/example_dags/example_branch_operator.py
[2024-08-27T14:42:10.489+0000] {processor.py:208} INFO - Processing /home/ubuntu/myenv/lib/python3.12/site-packages/airflow/example_dags/example_branch_operator.py took 0.025 seconds
[2024-08-27T14:43:04.998+0000] {processor.py:186} INFO - Started process (PID=6135) to work on /home/ubuntu/myenv/lib/python3.12/site-packages/airflow/example_dags/example_branch_operator.py
[2024-08-27T14:43:04.999+0000] {processor.py:914} INFO - Processing file /home/ubuntu/myenv/lib/python3.12/site-packages/airflow/example_dags/example_branch_operator.py for tasks to queue
[2024-08-27T14:43:05.002+0000] {logging_mixin.py:190} INFO - [2024-08-27T14:43:05.001+0000] {dagbag.py:587} INFO - Filling up the DagBag from /home/ubuntu/myenv/lib/python3.12/site-packages/airflow/example_dags/example_branch_operator.py
[2024-08-27T14:43:05.005+0000] {processor.py:927} WARNING - No viable dags retrieved from /home/ubuntu/myenv/lib/python3.12/site-packages/airflow/example_dags/example_branch_operator.py
[2024-08-27T14:43:05.017+0000] {processor.py:208} INFO - Processing /home/ubuntu/myenv/lib/python3.12/site-packages/airflow/example_dags/example_branch_operator.py took 0.026 seconds
[2024-08-27T14:44:20.615+0000] {processor.py:186} INFO - Started process (PID=6214) to work on /home/ubuntu/myenv/lib/python3.12/site-packages/airflow/example_dags/example_branch_operator.py
[2024-08-27T14:44:20.616+0000] {processor.py:914} INFO - Processing file /home/ubuntu/myenv/lib/python3.12/site-packages/airflow/example_dags/example_branch_operator.py for tasks to queue
[2024-08-27T14:44:20.618+0000] {logging_mixin.py:190} INFO - [2024-08-27T14:44:20.618+0000] {dagbag.py:587} INFO - Filling up the DagBag from /home/ubuntu/myenv/lib/python3.12/site-packages/airflow/example_dags/example_branch_operator.py
[2024-08-27T14:44:20.621+0000] {processor.py:927} WARNING - No viable dags retrieved from /home/ubuntu/myenv/lib/python3.12/site-packages/airflow/example_dags/example_branch_operator.py
[2024-08-27T14:44:20.633+0000] {processor.py:208} INFO - Processing /home/ubuntu/myenv/lib/python3.12/site-packages/airflow/example_dags/example_branch_operator.py took 0.024 seconds
[2024-08-27T14:45:36.865+0000] {processor.py:186} INFO - Started process (PID=6295) to work on /home/ubuntu/myenv/lib/python3.12/site-packages/airflow/example_dags/example_branch_operator.py
[2024-08-27T14:45:36.866+0000] {processor.py:914} INFO - Processing file /home/ubuntu/myenv/lib/python3.12/site-packages/airflow/example_dags/example_branch_operator.py for tasks to queue
[2024-08-27T14:45:36.869+0000] {logging_mixin.py:190} INFO - [2024-08-27T14:45:36.868+0000] {dagbag.py:587} INFO - Filling up the DagBag from /home/ubuntu/myenv/lib/python3.12/site-packages/airflow/example_dags/example_branch_operator.py
[2024-08-27T14:45:36.871+0000] {processor.py:927} WARNING - No viable dags retrieved from /home/ubuntu/myenv/lib/python3.12/site-packages/airflow/example_dags/example_branch_operator.py
[2024-08-27T14:45:36.883+0000] {processor.py:208} INFO - Processing /home/ubuntu/myenv/lib/python3.12/site-packages/airflow/example_dags/example_branch_operator.py took 0.025 seconds
[2024-08-27T14:46:47.390+0000] {processor.py:186} INFO - Started process (PID=6371) to work on /home/ubuntu/myenv/lib/python3.12/site-packages/airflow/example_dags/example_branch_operator.py
[2024-08-27T14:46:47.392+0000] {processor.py:914} INFO - Processing file /home/ubuntu/myenv/lib/python3.12/site-packages/airflow/example_dags/example_branch_operator.py for tasks to queue
[2024-08-27T14:46:47.394+0000] {logging_mixin.py:190} INFO - [2024-08-27T14:46:47.394+0000] {dagbag.py:587} INFO - Filling up the DagBag from /home/ubuntu/myenv/lib/python3.12/site-packages/airflow/example_dags/example_branch_operator.py
[2024-08-27T14:46:47.397+0000] {processor.py:927} WARNING - No viable dags retrieved from /home/ubuntu/myenv/lib/python3.12/site-packages/airflow/example_dags/example_branch_operator.py
[2024-08-27T14:46:47.409+0000] {processor.py:208} INFO - Processing /home/ubuntu/myenv/lib/python3.12/site-packages/airflow/example_dags/example_branch_operator.py took 0.025 seconds
[2024-08-27T14:48:01.202+0000] {processor.py:186} INFO - Started process (PID=6448) to work on /home/ubuntu/myenv/lib/python3.12/site-packages/airflow/example_dags/example_branch_operator.py
[2024-08-27T14:48:01.203+0000] {processor.py:914} INFO - Processing file /home/ubuntu/myenv/lib/python3.12/site-packages/airflow/example_dags/example_branch_operator.py for tasks to queue
[2024-08-27T14:48:01.205+0000] {logging_mixin.py:190} INFO - [2024-08-27T14:48:01.205+0000] {dagbag.py:587} INFO - Filling up the DagBag from /home/ubuntu/myenv/lib/python3.12/site-packages/airflow/example_dags/example_branch_operator.py
[2024-08-27T14:48:01.208+0000] {processor.py:927} WARNING - No viable dags retrieved from /home/ubuntu/myenv/lib/python3.12/site-packages/airflow/example_dags/example_branch_operator.py
[2024-08-27T14:48:01.220+0000] {processor.py:208} INFO - Processing /home/ubuntu/myenv/lib/python3.12/site-packages/airflow/example_dags/example_branch_operator.py took 0.024 seconds
[2024-08-27T14:48:53.690+0000] {processor.py:186} INFO - Started process (PID=6506) to work on /home/ubuntu/myenv/lib/python3.12/site-packages/airflow/example_dags/example_branch_operator.py
[2024-08-27T14:48:53.692+0000] {processor.py:914} INFO - Processing file /home/ubuntu/myenv/lib/python3.12/site-packages/airflow/example_dags/example_branch_operator.py for tasks to queue
[2024-08-27T14:48:53.694+0000] {logging_mixin.py:190} INFO - [2024-08-27T14:48:53.694+0000] {dagbag.py:587} INFO - Filling up the DagBag from /home/ubuntu/myenv/lib/python3.12/site-packages/airflow/example_dags/example_branch_operator.py
[2024-08-27T14:48:53.697+0000] {processor.py:927} WARNING - No viable dags retrieved from /home/ubuntu/myenv/lib/python3.12/site-packages/airflow/example_dags/example_branch_operator.py
[2024-08-27T14:48:53.709+0000] {processor.py:208} INFO - Processing /home/ubuntu/myenv/lib/python3.12/site-packages/airflow/example_dags/example_branch_operator.py took 0.025 seconds
[2024-08-27T16:10:24.677+0000] {processor.py:186} INFO - Started process (PID=7632) to work on /home/ubuntu/myenv/lib/python3.12/site-packages/airflow/example_dags/example_branch_operator.py
[2024-08-27T16:10:24.679+0000] {processor.py:914} INFO - Processing file /home/ubuntu/myenv/lib/python3.12/site-packages/airflow/example_dags/example_branch_operator.py for tasks to queue
[2024-08-27T16:10:24.681+0000] {logging_mixin.py:190} INFO - [2024-08-27T16:10:24.681+0000] {dagbag.py:587} INFO - Filling up the DagBag from /home/ubuntu/myenv/lib/python3.12/site-packages/airflow/example_dags/example_branch_operator.py
[2024-08-27T16:10:24.684+0000] {processor.py:927} WARNING - No viable dags retrieved from /home/ubuntu/myenv/lib/python3.12/site-packages/airflow/example_dags/example_branch_operator.py
[2024-08-27T16:10:24.697+0000] {processor.py:208} INFO - Processing /home/ubuntu/myenv/lib/python3.12/site-packages/airflow/example_dags/example_branch_operator.py took 0.026 seconds
[2024-08-27T16:11:19.932+0000] {processor.py:186} INFO - Started process (PID=7733) to work on /home/ubuntu/myenv/lib/python3.12/site-packages/airflow/example_dags/example_branch_operator.py
[2024-08-27T16:11:19.934+0000] {processor.py:914} INFO - Processing file /home/ubuntu/myenv/lib/python3.12/site-packages/airflow/example_dags/example_branch_operator.py for tasks to queue
[2024-08-27T16:11:19.936+0000] {logging_mixin.py:190} INFO - [2024-08-27T16:11:19.935+0000] {dagbag.py:587} INFO - Filling up the DagBag from /home/ubuntu/myenv/lib/python3.12/site-packages/airflow/example_dags/example_branch_operator.py
[2024-08-27T16:11:19.939+0000] {processor.py:927} WARNING - No viable dags retrieved from /home/ubuntu/myenv/lib/python3.12/site-packages/airflow/example_dags/example_branch_operator.py
[2024-08-27T16:11:19.951+0000] {processor.py:208} INFO - Processing /home/ubuntu/myenv/lib/python3.12/site-packages/airflow/example_dags/example_branch_operator.py took 0.025 seconds
[2024-08-27T16:12:14.558+0000] {processor.py:186} INFO - Started process (PID=7861) to work on /home/ubuntu/myenv/lib/python3.12/site-packages/airflow/example_dags/example_branch_operator.py
[2024-08-27T16:12:14.559+0000] {processor.py:914} INFO - Processing file /home/ubuntu/myenv/lib/python3.12/site-packages/airflow/example_dags/example_branch_operator.py for tasks to queue
[2024-08-27T16:12:14.562+0000] {logging_mixin.py:190} INFO - [2024-08-27T16:12:14.561+0000] {dagbag.py:587} INFO - Filling up the DagBag from /home/ubuntu/myenv/lib/python3.12/site-packages/airflow/example_dags/example_branch_operator.py
[2024-08-27T16:12:14.564+0000] {processor.py:927} WARNING - No viable dags retrieved from /home/ubuntu/myenv/lib/python3.12/site-packages/airflow/example_dags/example_branch_operator.py
[2024-08-27T16:12:14.576+0000] {processor.py:208} INFO - Processing /home/ubuntu/myenv/lib/python3.12/site-packages/airflow/example_dags/example_branch_operator.py took 0.025 seconds
[2024-08-27T16:13:31.732+0000] {processor.py:186} INFO - Started process (PID=7980) to work on /home/ubuntu/myenv/lib/python3.12/site-packages/airflow/example_dags/example_branch_operator.py
[2024-08-27T16:13:31.734+0000] {processor.py:914} INFO - Processing file /home/ubuntu/myenv/lib/python3.12/site-packages/airflow/example_dags/example_branch_operator.py for tasks to queue
[2024-08-27T16:13:31.736+0000] {logging_mixin.py:190} INFO - [2024-08-27T16:13:31.736+0000] {dagbag.py:587} INFO - Filling up the DagBag from /home/ubuntu/myenv/lib/python3.12/site-packages/airflow/example_dags/example_branch_operator.py
[2024-08-27T16:13:31.739+0000] {processor.py:927} WARNING - No viable dags retrieved from /home/ubuntu/myenv/lib/python3.12/site-packages/airflow/example_dags/example_branch_operator.py
[2024-08-27T16:13:31.751+0000] {processor.py:208} INFO - Processing /home/ubuntu/myenv/lib/python3.12/site-packages/airflow/example_dags/example_branch_operator.py took 0.025 seconds
