[2024-08-27T14:35:02.293+0000] {processor.py:186} INFO - Started process (PID=5559) to work on /home/ubuntu/myenv/lib/python3.12/site-packages/airflow/example_dags/example_branch_python_dop_operator_3.py
[2024-08-27T14:35:02.294+0000] {processor.py:914} INFO - Processing file /home/ubuntu/myenv/lib/python3.12/site-packages/airflow/example_dags/example_branch_python_dop_operator_3.py for tasks to queue
[2024-08-27T14:35:02.296+0000] {logging_mixin.py:190} INFO - [2024-08-27T14:35:02.296+0000] {dagbag.py:587} INFO - Filling up the DagBag from /home/ubuntu/myenv/lib/python3.12/site-packages/airflow/example_dags/example_branch_python_dop_operator_3.py
[2024-08-27T14:35:02.309+0000] {processor.py:925} INFO - DAG(s) 'example_branch_dop_operator_v3' retrieved from /home/ubuntu/myenv/lib/python3.12/site-packages/airflow/example_dags/example_branch_python_dop_operator_3.py
[2024-08-27T14:35:02.443+0000] {logging_mixin.py:190} INFO - [2024-08-27T14:35:02.442+0000] {override.py:1900} INFO - Created Permission View: can delete on DAG:example_branch_dop_operator_v3
[2024-08-27T14:35:02.458+0000] {logging_mixin.py:190} INFO - [2024-08-27T14:35:02.457+0000] {override.py:1900} INFO - Created Permission View: can edit on DAG:example_branch_dop_operator_v3
[2024-08-27T14:35:02.469+0000] {logging_mixin.py:190} INFO - [2024-08-27T14:35:02.468+0000] {override.py:1900} INFO - Created Permission View: can read on DAG:example_branch_dop_operator_v3
[2024-08-27T14:35:02.486+0000] {logging_mixin.py:190} INFO - [2024-08-27T14:35:02.485+0000] {override.py:1900} INFO - Created Permission View: can create on DAG Run:example_branch_dop_operator_v3
[2024-08-27T14:35:02.497+0000] {logging_mixin.py:190} INFO - [2024-08-27T14:35:02.496+0000] {override.py:1900} INFO - Created Permission View: menu access on DAG Run:example_branch_dop_operator_v3
[2024-08-27T14:35:02.508+0000] {logging_mixin.py:190} INFO - [2024-08-27T14:35:02.508+0000] {override.py:1900} INFO - Created Permission View: can delete on DAG Run:example_branch_dop_operator_v3
[2024-08-27T14:35:02.519+0000] {logging_mixin.py:190} INFO - [2024-08-27T14:35:02.518+0000] {override.py:1900} INFO - Created Permission View: can read on DAG Run:example_branch_dop_operator_v3
[2024-08-27T14:35:02.519+0000] {logging_mixin.py:190} INFO - [2024-08-27T14:35:02.519+0000] {dag.py:3211} INFO - Sync 1 DAGs
[2024-08-27T14:35:02.533+0000] {logging_mixin.py:190} INFO - [2024-08-27T14:35:02.533+0000] {dag.py:3234} INFO - Creating ORM DAG for example_branch_dop_operator_v3
[2024-08-27T14:35:02.547+0000] {logging_mixin.py:190} INFO - [2024-08-27T14:35:02.546+0000] {dag.py:4138} INFO - Setting next_dagrun for example_branch_dop_operator_v3 to 2024-08-27 14:34:00+00:00, run_after=2024-08-27 14:35:00+00:00
[2024-08-27T14:35:02.572+0000] {processor.py:208} INFO - Processing /home/ubuntu/myenv/lib/python3.12/site-packages/airflow/example_dags/example_branch_python_dop_operator_3.py took 0.285 seconds
[2024-08-27T14:36:03.087+0000] {processor.py:186} INFO - Started process (PID=5631) to work on /home/ubuntu/myenv/lib/python3.12/site-packages/airflow/example_dags/example_branch_python_dop_operator_3.py
[2024-08-27T14:36:03.088+0000] {processor.py:914} INFO - Processing file /home/ubuntu/myenv/lib/python3.12/site-packages/airflow/example_dags/example_branch_python_dop_operator_3.py for tasks to queue
[2024-08-27T14:36:03.091+0000] {logging_mixin.py:190} INFO - [2024-08-27T14:36:03.090+0000] {dagbag.py:587} INFO - Filling up the DagBag from /home/ubuntu/myenv/lib/python3.12/site-packages/airflow/example_dags/example_branch_python_dop_operator_3.py
[2024-08-27T14:36:03.102+0000] {processor.py:925} INFO - DAG(s) 'example_branch_dop_operator_v3' retrieved from /home/ubuntu/myenv/lib/python3.12/site-packages/airflow/example_dags/example_branch_python_dop_operator_3.py
[2024-08-27T14:36:03.120+0000] {logging_mixin.py:190} INFO - [2024-08-27T14:36:03.120+0000] {dag.py:3211} INFO - Sync 1 DAGs
[2024-08-27T14:36:03.144+0000] {logging_mixin.py:190} INFO - [2024-08-27T14:36:03.144+0000] {dag.py:4138} INFO - Setting next_dagrun for example_branch_dop_operator_v3 to 2024-08-27 14:35:00+00:00, run_after=2024-08-27 14:36:00+00:00
[2024-08-27T14:36:03.167+0000] {processor.py:208} INFO - Processing /home/ubuntu/myenv/lib/python3.12/site-packages/airflow/example_dags/example_branch_python_dop_operator_3.py took 0.087 seconds
[2024-08-27T14:36:57.280+0000] {processor.py:186} INFO - Started process (PID=5703) to work on /home/ubuntu/myenv/lib/python3.12/site-packages/airflow/example_dags/example_branch_python_dop_operator_3.py
[2024-08-27T14:36:57.282+0000] {processor.py:914} INFO - Processing file /home/ubuntu/myenv/lib/python3.12/site-packages/airflow/example_dags/example_branch_python_dop_operator_3.py for tasks to queue
[2024-08-27T14:36:57.284+0000] {logging_mixin.py:190} INFO - [2024-08-27T14:36:57.284+0000] {dagbag.py:587} INFO - Filling up the DagBag from /home/ubuntu/myenv/lib/python3.12/site-packages/airflow/example_dags/example_branch_python_dop_operator_3.py
[2024-08-27T14:36:57.296+0000] {processor.py:925} INFO - DAG(s) 'example_branch_dop_operator_v3' retrieved from /home/ubuntu/myenv/lib/python3.12/site-packages/airflow/example_dags/example_branch_python_dop_operator_3.py
[2024-08-27T14:36:57.313+0000] {logging_mixin.py:190} INFO - [2024-08-27T14:36:57.313+0000] {dag.py:3211} INFO - Sync 1 DAGs
[2024-08-27T14:36:57.337+0000] {logging_mixin.py:190} INFO - [2024-08-27T14:36:57.337+0000] {dag.py:4138} INFO - Setting next_dagrun for example_branch_dop_operator_v3 to 2024-08-27 14:35:00+00:00, run_after=2024-08-27 14:36:00+00:00
[2024-08-27T14:36:57.360+0000] {processor.py:208} INFO - Processing /home/ubuntu/myenv/lib/python3.12/site-packages/airflow/example_dags/example_branch_python_dop_operator_3.py took 0.085 seconds
[2024-08-27T14:38:10.735+0000] {processor.py:186} INFO - Started process (PID=5805) to work on /home/ubuntu/myenv/lib/python3.12/site-packages/airflow/example_dags/example_branch_python_dop_operator_3.py
[2024-08-27T14:38:10.736+0000] {processor.py:914} INFO - Processing file /home/ubuntu/myenv/lib/python3.12/site-packages/airflow/example_dags/example_branch_python_dop_operator_3.py for tasks to queue
[2024-08-27T14:38:10.738+0000] {logging_mixin.py:190} INFO - [2024-08-27T14:38:10.738+0000] {dagbag.py:587} INFO - Filling up the DagBag from /home/ubuntu/myenv/lib/python3.12/site-packages/airflow/example_dags/example_branch_python_dop_operator_3.py
[2024-08-27T14:38:10.750+0000] {processor.py:925} INFO - DAG(s) 'example_branch_dop_operator_v3' retrieved from /home/ubuntu/myenv/lib/python3.12/site-packages/airflow/example_dags/example_branch_python_dop_operator_3.py
[2024-08-27T14:38:10.768+0000] {logging_mixin.py:190} INFO - [2024-08-27T14:38:10.767+0000] {dag.py:3211} INFO - Sync 1 DAGs
[2024-08-27T14:38:10.792+0000] {logging_mixin.py:190} INFO - [2024-08-27T14:38:10.792+0000] {dag.py:4138} INFO - Setting next_dagrun for example_branch_dop_operator_v3 to 2024-08-27 14:37:00+00:00, run_after=2024-08-27 14:38:00+00:00
[2024-08-27T14:38:10.815+0000] {processor.py:208} INFO - Processing /home/ubuntu/myenv/lib/python3.12/site-packages/airflow/example_dags/example_branch_python_dop_operator_3.py took 0.086 seconds
[2024-08-27T14:39:14.798+0000] {processor.py:186} INFO - Started process (PID=5880) to work on /home/ubuntu/myenv/lib/python3.12/site-packages/airflow/example_dags/example_branch_python_dop_operator_3.py
[2024-08-27T14:39:14.799+0000] {processor.py:914} INFO - Processing file /home/ubuntu/myenv/lib/python3.12/site-packages/airflow/example_dags/example_branch_python_dop_operator_3.py for tasks to queue
[2024-08-27T14:39:14.802+0000] {logging_mixin.py:190} INFO - [2024-08-27T14:39:14.801+0000] {dagbag.py:587} INFO - Filling up the DagBag from /home/ubuntu/myenv/lib/python3.12/site-packages/airflow/example_dags/example_branch_python_dop_operator_3.py
[2024-08-27T14:39:14.813+0000] {processor.py:925} INFO - DAG(s) 'example_branch_dop_operator_v3' retrieved from /home/ubuntu/myenv/lib/python3.12/site-packages/airflow/example_dags/example_branch_python_dop_operator_3.py
[2024-08-27T14:39:14.830+0000] {logging_mixin.py:190} INFO - [2024-08-27T14:39:14.830+0000] {dag.py:3211} INFO - Sync 1 DAGs
[2024-08-27T14:39:14.855+0000] {logging_mixin.py:190} INFO - [2024-08-27T14:39:14.855+0000] {dag.py:4138} INFO - Setting next_dagrun for example_branch_dop_operator_v3 to 2024-08-27 14:38:00+00:00, run_after=2024-08-27 14:39:00+00:00
[2024-08-27T14:39:14.878+0000] {processor.py:208} INFO - Processing /home/ubuntu/myenv/lib/python3.12/site-packages/airflow/example_dags/example_branch_python_dop_operator_3.py took 0.087 seconds
[2024-08-27T14:40:10.011+0000] {processor.py:186} INFO - Started process (PID=5955) to work on /home/ubuntu/myenv/lib/python3.12/site-packages/airflow/example_dags/example_branch_python_dop_operator_3.py
[2024-08-27T14:40:10.013+0000] {processor.py:914} INFO - Processing file /home/ubuntu/myenv/lib/python3.12/site-packages/airflow/example_dags/example_branch_python_dop_operator_3.py for tasks to queue
[2024-08-27T14:40:10.015+0000] {logging_mixin.py:190} INFO - [2024-08-27T14:40:10.015+0000] {dagbag.py:587} INFO - Filling up the DagBag from /home/ubuntu/myenv/lib/python3.12/site-packages/airflow/example_dags/example_branch_python_dop_operator_3.py
[2024-08-27T14:40:10.027+0000] {processor.py:925} INFO - DAG(s) 'example_branch_dop_operator_v3' retrieved from /home/ubuntu/myenv/lib/python3.12/site-packages/airflow/example_dags/example_branch_python_dop_operator_3.py
[2024-08-27T14:40:10.045+0000] {logging_mixin.py:190} INFO - [2024-08-27T14:40:10.045+0000] {dag.py:3211} INFO - Sync 1 DAGs
[2024-08-27T14:40:10.071+0000] {logging_mixin.py:190} INFO - [2024-08-27T14:40:10.070+0000] {dag.py:4138} INFO - Setting next_dagrun for example_branch_dop_operator_v3 to 2024-08-27 14:39:00+00:00, run_after=2024-08-27 14:40:00+00:00
[2024-08-27T14:40:10.094+0000] {processor.py:208} INFO - Processing /home/ubuntu/myenv/lib/python3.12/site-packages/airflow/example_dags/example_branch_python_dop_operator_3.py took 0.089 seconds
[2024-08-27T14:41:25.071+0000] {processor.py:186} INFO - Started process (PID=6034) to work on /home/ubuntu/myenv/lib/python3.12/site-packages/airflow/example_dags/example_branch_python_dop_operator_3.py
[2024-08-27T14:41:25.073+0000] {processor.py:914} INFO - Processing file /home/ubuntu/myenv/lib/python3.12/site-packages/airflow/example_dags/example_branch_python_dop_operator_3.py for tasks to queue
[2024-08-27T14:41:25.075+0000] {logging_mixin.py:190} INFO - [2024-08-27T14:41:25.075+0000] {dagbag.py:587} INFO - Filling up the DagBag from /home/ubuntu/myenv/lib/python3.12/site-packages/airflow/example_dags/example_branch_python_dop_operator_3.py
[2024-08-27T14:41:25.087+0000] {processor.py:925} INFO - DAG(s) 'example_branch_dop_operator_v3' retrieved from /home/ubuntu/myenv/lib/python3.12/site-packages/airflow/example_dags/example_branch_python_dop_operator_3.py
[2024-08-27T14:41:25.105+0000] {logging_mixin.py:190} INFO - [2024-08-27T14:41:25.104+0000] {dag.py:3211} INFO - Sync 1 DAGs
[2024-08-27T14:41:25.129+0000] {logging_mixin.py:190} INFO - [2024-08-27T14:41:25.129+0000] {dag.py:4138} INFO - Setting next_dagrun for example_branch_dop_operator_v3 to 2024-08-27 14:40:00+00:00, run_after=2024-08-27 14:41:00+00:00
[2024-08-27T14:41:25.151+0000] {processor.py:208} INFO - Processing /home/ubuntu/myenv/lib/python3.12/site-packages/airflow/example_dags/example_branch_python_dop_operator_3.py took 0.086 seconds
[2024-08-27T14:42:40.788+0000] {processor.py:186} INFO - Started process (PID=6111) to work on /home/ubuntu/myenv/lib/python3.12/site-packages/airflow/example_dags/example_branch_python_dop_operator_3.py
[2024-08-27T14:42:40.790+0000] {processor.py:914} INFO - Processing file /home/ubuntu/myenv/lib/python3.12/site-packages/airflow/example_dags/example_branch_python_dop_operator_3.py for tasks to queue
[2024-08-27T14:42:40.792+0000] {logging_mixin.py:190} INFO - [2024-08-27T14:42:40.791+0000] {dagbag.py:587} INFO - Filling up the DagBag from /home/ubuntu/myenv/lib/python3.12/site-packages/airflow/example_dags/example_branch_python_dop_operator_3.py
[2024-08-27T14:42:40.804+0000] {processor.py:925} INFO - DAG(s) 'example_branch_dop_operator_v3' retrieved from /home/ubuntu/myenv/lib/python3.12/site-packages/airflow/example_dags/example_branch_python_dop_operator_3.py
[2024-08-27T14:42:40.822+0000] {logging_mixin.py:190} INFO - [2024-08-27T14:42:40.821+0000] {dag.py:3211} INFO - Sync 1 DAGs
[2024-08-27T14:42:40.847+0000] {logging_mixin.py:190} INFO - [2024-08-27T14:42:40.847+0000] {dag.py:4138} INFO - Setting next_dagrun for example_branch_dop_operator_v3 to 2024-08-27 14:41:00+00:00, run_after=2024-08-27 14:42:00+00:00
[2024-08-27T14:42:40.871+0000] {processor.py:208} INFO - Processing /home/ubuntu/myenv/lib/python3.12/site-packages/airflow/example_dags/example_branch_python_dop_operator_3.py took 0.089 seconds
[2024-08-27T14:43:57.142+0000] {processor.py:186} INFO - Started process (PID=6190) to work on /home/ubuntu/myenv/lib/python3.12/site-packages/airflow/example_dags/example_branch_python_dop_operator_3.py
[2024-08-27T14:43:57.144+0000] {processor.py:914} INFO - Processing file /home/ubuntu/myenv/lib/python3.12/site-packages/airflow/example_dags/example_branch_python_dop_operator_3.py for tasks to queue
[2024-08-27T14:43:57.146+0000] {logging_mixin.py:190} INFO - [2024-08-27T14:43:57.145+0000] {dagbag.py:587} INFO - Filling up the DagBag from /home/ubuntu/myenv/lib/python3.12/site-packages/airflow/example_dags/example_branch_python_dop_operator_3.py
[2024-08-27T14:43:57.158+0000] {processor.py:925} INFO - DAG(s) 'example_branch_dop_operator_v3' retrieved from /home/ubuntu/myenv/lib/python3.12/site-packages/airflow/example_dags/example_branch_python_dop_operator_3.py
[2024-08-27T14:43:57.175+0000] {logging_mixin.py:190} INFO - [2024-08-27T14:43:57.175+0000] {dag.py:3211} INFO - Sync 1 DAGs
[2024-08-27T14:43:57.200+0000] {logging_mixin.py:190} INFO - [2024-08-27T14:43:57.200+0000] {dag.py:4138} INFO - Setting next_dagrun for example_branch_dop_operator_v3 to 2024-08-27 14:42:00+00:00, run_after=2024-08-27 14:43:00+00:00
[2024-08-27T14:43:57.222+0000] {processor.py:208} INFO - Processing /home/ubuntu/myenv/lib/python3.12/site-packages/airflow/example_dags/example_branch_python_dop_operator_3.py took 0.086 seconds
[2024-08-27T14:45:11.939+0000] {processor.py:186} INFO - Started process (PID=6270) to work on /home/ubuntu/myenv/lib/python3.12/site-packages/airflow/example_dags/example_branch_python_dop_operator_3.py
[2024-08-27T14:45:11.941+0000] {processor.py:914} INFO - Processing file /home/ubuntu/myenv/lib/python3.12/site-packages/airflow/example_dags/example_branch_python_dop_operator_3.py for tasks to queue
[2024-08-27T14:45:11.943+0000] {logging_mixin.py:190} INFO - [2024-08-27T14:45:11.942+0000] {dagbag.py:587} INFO - Filling up the DagBag from /home/ubuntu/myenv/lib/python3.12/site-packages/airflow/example_dags/example_branch_python_dop_operator_3.py
[2024-08-27T14:45:11.955+0000] {processor.py:925} INFO - DAG(s) 'example_branch_dop_operator_v3' retrieved from /home/ubuntu/myenv/lib/python3.12/site-packages/airflow/example_dags/example_branch_python_dop_operator_3.py
[2024-08-27T14:45:11.973+0000] {logging_mixin.py:190} INFO - [2024-08-27T14:45:11.973+0000] {dag.py:3211} INFO - Sync 1 DAGs
[2024-08-27T14:45:11.998+0000] {logging_mixin.py:190} INFO - [2024-08-27T14:45:11.998+0000] {dag.py:4138} INFO - Setting next_dagrun for example_branch_dop_operator_v3 to 2024-08-27 14:44:00+00:00, run_after=2024-08-27 14:45:00+00:00
[2024-08-27T14:45:12.021+0000] {processor.py:208} INFO - Processing /home/ubuntu/myenv/lib/python3.12/site-packages/airflow/example_dags/example_branch_python_dop_operator_3.py took 0.089 seconds
[2024-08-27T14:46:26.736+0000] {processor.py:186} INFO - Started process (PID=6349) to work on /home/ubuntu/myenv/lib/python3.12/site-packages/airflow/example_dags/example_branch_python_dop_operator_3.py
[2024-08-27T14:46:26.738+0000] {processor.py:914} INFO - Processing file /home/ubuntu/myenv/lib/python3.12/site-packages/airflow/example_dags/example_branch_python_dop_operator_3.py for tasks to queue
[2024-08-27T14:46:26.740+0000] {logging_mixin.py:190} INFO - [2024-08-27T14:46:26.739+0000] {dagbag.py:587} INFO - Filling up the DagBag from /home/ubuntu/myenv/lib/python3.12/site-packages/airflow/example_dags/example_branch_python_dop_operator_3.py
[2024-08-27T14:46:26.752+0000] {processor.py:925} INFO - DAG(s) 'example_branch_dop_operator_v3' retrieved from /home/ubuntu/myenv/lib/python3.12/site-packages/airflow/example_dags/example_branch_python_dop_operator_3.py
[2024-08-27T14:46:26.769+0000] {logging_mixin.py:190} INFO - [2024-08-27T14:46:26.769+0000] {dag.py:3211} INFO - Sync 1 DAGs
[2024-08-27T14:46:26.793+0000] {logging_mixin.py:190} INFO - [2024-08-27T14:46:26.793+0000] {dag.py:4138} INFO - Setting next_dagrun for example_branch_dop_operator_v3 to 2024-08-27 14:45:00+00:00, run_after=2024-08-27 14:46:00+00:00
[2024-08-27T14:46:26.816+0000] {processor.py:208} INFO - Processing /home/ubuntu/myenv/lib/python3.12/site-packages/airflow/example_dags/example_branch_python_dop_operator_3.py took 0.087 seconds
[2024-08-27T14:47:40.109+0000] {processor.py:186} INFO - Started process (PID=6426) to work on /home/ubuntu/myenv/lib/python3.12/site-packages/airflow/example_dags/example_branch_python_dop_operator_3.py
[2024-08-27T14:47:40.110+0000] {processor.py:914} INFO - Processing file /home/ubuntu/myenv/lib/python3.12/site-packages/airflow/example_dags/example_branch_python_dop_operator_3.py for tasks to queue
[2024-08-27T14:47:40.112+0000] {logging_mixin.py:190} INFO - [2024-08-27T14:47:40.112+0000] {dagbag.py:587} INFO - Filling up the DagBag from /home/ubuntu/myenv/lib/python3.12/site-packages/airflow/example_dags/example_branch_python_dop_operator_3.py
[2024-08-27T14:47:40.124+0000] {processor.py:925} INFO - DAG(s) 'example_branch_dop_operator_v3' retrieved from /home/ubuntu/myenv/lib/python3.12/site-packages/airflow/example_dags/example_branch_python_dop_operator_3.py
[2024-08-27T14:47:40.142+0000] {logging_mixin.py:190} INFO - [2024-08-27T14:47:40.141+0000] {dag.py:3211} INFO - Sync 1 DAGs
[2024-08-27T14:47:40.166+0000] {logging_mixin.py:190} INFO - [2024-08-27T14:47:40.166+0000] {dag.py:4138} INFO - Setting next_dagrun for example_branch_dop_operator_v3 to 2024-08-27 14:46:00+00:00, run_after=2024-08-27 14:47:00+00:00
[2024-08-27T14:47:40.190+0000] {processor.py:208} INFO - Processing /home/ubuntu/myenv/lib/python3.12/site-packages/airflow/example_dags/example_branch_python_dop_operator_3.py took 0.087 seconds
[2024-08-27T14:48:55.933+0000] {processor.py:186} INFO - Started process (PID=6508) to work on /home/ubuntu/myenv/lib/python3.12/site-packages/airflow/example_dags/example_branch_python_dop_operator_3.py
[2024-08-27T14:48:55.934+0000] {processor.py:914} INFO - Processing file /home/ubuntu/myenv/lib/python3.12/site-packages/airflow/example_dags/example_branch_python_dop_operator_3.py for tasks to queue
[2024-08-27T14:48:55.937+0000] {logging_mixin.py:190} INFO - [2024-08-27T14:48:55.936+0000] {dagbag.py:587} INFO - Filling up the DagBag from /home/ubuntu/myenv/lib/python3.12/site-packages/airflow/example_dags/example_branch_python_dop_operator_3.py
[2024-08-27T14:48:55.948+0000] {processor.py:925} INFO - DAG(s) 'example_branch_dop_operator_v3' retrieved from /home/ubuntu/myenv/lib/python3.12/site-packages/airflow/example_dags/example_branch_python_dop_operator_3.py
[2024-08-27T14:48:55.965+0000] {logging_mixin.py:190} INFO - [2024-08-27T14:48:55.965+0000] {dag.py:3211} INFO - Sync 1 DAGs
[2024-08-27T14:48:55.990+0000] {logging_mixin.py:190} INFO - [2024-08-27T14:48:55.990+0000] {dag.py:4138} INFO - Setting next_dagrun for example_branch_dop_operator_v3 to 2024-08-27 14:47:00+00:00, run_after=2024-08-27 14:48:00+00:00
[2024-08-27T14:48:56.015+0000] {processor.py:208} INFO - Processing /home/ubuntu/myenv/lib/python3.12/site-packages/airflow/example_dags/example_branch_python_dop_operator_3.py took 0.088 seconds
[2024-08-27T16:10:28.676+0000] {processor.py:186} INFO - Started process (PID=7636) to work on /home/ubuntu/myenv/lib/python3.12/site-packages/airflow/example_dags/example_branch_python_dop_operator_3.py
[2024-08-27T16:10:28.678+0000] {processor.py:914} INFO - Processing file /home/ubuntu/myenv/lib/python3.12/site-packages/airflow/example_dags/example_branch_python_dop_operator_3.py for tasks to queue
[2024-08-27T16:10:28.680+0000] {logging_mixin.py:190} INFO - [2024-08-27T16:10:28.679+0000] {dagbag.py:587} INFO - Filling up the DagBag from /home/ubuntu/myenv/lib/python3.12/site-packages/airflow/example_dags/example_branch_python_dop_operator_3.py
[2024-08-27T16:10:28.692+0000] {processor.py:925} INFO - DAG(s) 'example_branch_dop_operator_v3' retrieved from /home/ubuntu/myenv/lib/python3.12/site-packages/airflow/example_dags/example_branch_python_dop_operator_3.py
[2024-08-27T16:10:28.710+0000] {logging_mixin.py:190} INFO - [2024-08-27T16:10:28.709+0000] {dag.py:3211} INFO - Sync 1 DAGs
[2024-08-27T16:10:28.735+0000] {logging_mixin.py:190} INFO - [2024-08-27T16:10:28.735+0000] {dag.py:4138} INFO - Setting next_dagrun for example_branch_dop_operator_v3 to 2024-08-27 16:09:00+00:00, run_after=2024-08-27 16:10:00+00:00
[2024-08-27T16:10:28.760+0000] {processor.py:208} INFO - Processing /home/ubuntu/myenv/lib/python3.12/site-packages/airflow/example_dags/example_branch_python_dop_operator_3.py took 0.090 seconds
[2024-08-27T16:11:23.743+0000] {processor.py:186} INFO - Started process (PID=7737) to work on /home/ubuntu/myenv/lib/python3.12/site-packages/airflow/example_dags/example_branch_python_dop_operator_3.py
[2024-08-27T16:11:23.745+0000] {processor.py:914} INFO - Processing file /home/ubuntu/myenv/lib/python3.12/site-packages/airflow/example_dags/example_branch_python_dop_operator_3.py for tasks to queue
[2024-08-27T16:11:23.747+0000] {logging_mixin.py:190} INFO - [2024-08-27T16:11:23.747+0000] {dagbag.py:587} INFO - Filling up the DagBag from /home/ubuntu/myenv/lib/python3.12/site-packages/airflow/example_dags/example_branch_python_dop_operator_3.py
[2024-08-27T16:11:23.759+0000] {processor.py:925} INFO - DAG(s) 'example_branch_dop_operator_v3' retrieved from /home/ubuntu/myenv/lib/python3.12/site-packages/airflow/example_dags/example_branch_python_dop_operator_3.py
[2024-08-27T16:11:23.776+0000] {logging_mixin.py:190} INFO - [2024-08-27T16:11:23.776+0000] {dag.py:3211} INFO - Sync 1 DAGs
[2024-08-27T16:11:23.800+0000] {logging_mixin.py:190} INFO - [2024-08-27T16:11:23.800+0000] {dag.py:4138} INFO - Setting next_dagrun for example_branch_dop_operator_v3 to 2024-08-27 16:10:00+00:00, run_after=2024-08-27 16:11:00+00:00
[2024-08-27T16:11:23.822+0000] {processor.py:208} INFO - Processing /home/ubuntu/myenv/lib/python3.12/site-packages/airflow/example_dags/example_branch_python_dop_operator_3.py took 0.085 seconds
[2024-08-27T16:12:38.913+0000] {processor.py:186} INFO - Started process (PID=7889) to work on /home/ubuntu/myenv/lib/python3.12/site-packages/airflow/example_dags/example_branch_python_dop_operator_3.py
[2024-08-27T16:12:38.915+0000] {processor.py:914} INFO - Processing file /home/ubuntu/myenv/lib/python3.12/site-packages/airflow/example_dags/example_branch_python_dop_operator_3.py for tasks to queue
[2024-08-27T16:12:38.917+0000] {logging_mixin.py:190} INFO - [2024-08-27T16:12:38.916+0000] {dagbag.py:587} INFO - Filling up the DagBag from /home/ubuntu/myenv/lib/python3.12/site-packages/airflow/example_dags/example_branch_python_dop_operator_3.py
[2024-08-27T16:12:38.929+0000] {processor.py:925} INFO - DAG(s) 'example_branch_dop_operator_v3' retrieved from /home/ubuntu/myenv/lib/python3.12/site-packages/airflow/example_dags/example_branch_python_dop_operator_3.py
[2024-08-27T16:12:38.946+0000] {logging_mixin.py:190} INFO - [2024-08-27T16:12:38.946+0000] {dag.py:3211} INFO - Sync 1 DAGs
[2024-08-27T16:12:38.971+0000] {logging_mixin.py:190} INFO - [2024-08-27T16:12:38.971+0000] {dag.py:4138} INFO - Setting next_dagrun for example_branch_dop_operator_v3 to 2024-08-27 16:11:00+00:00, run_after=2024-08-27 16:12:00+00:00
[2024-08-27T16:12:38.995+0000] {processor.py:208} INFO - Processing /home/ubuntu/myenv/lib/python3.12/site-packages/airflow/example_dags/example_branch_python_dop_operator_3.py took 0.087 seconds
