[2024-08-27T14:34:53.521+0000] {processor.py:186} INFO - Started process (PID=5549) to work on /home/ubuntu/myenv/lib/python3.12/site-packages/airflow/example_dags/example_display_name.py
[2024-08-27T14:34:53.522+0000] {processor.py:914} INFO - Processing file /home/ubuntu/myenv/lib/python3.12/site-packages/airflow/example_dags/example_display_name.py for tasks to queue
[2024-08-27T14:34:53.524+0000] {logging_mixin.py:190} INFO - [2024-08-27T14:34:53.524+0000] {dagbag.py:587} INFO - Filling up the DagBag from /home/ubuntu/myenv/lib/python3.12/site-packages/airflow/example_dags/example_display_name.py
[2024-08-27T14:34:53.533+0000] {processor.py:925} INFO - DAG(s) 'example_display_name' retrieved from /home/ubuntu/myenv/lib/python3.12/site-packages/airflow/example_dags/example_display_name.py
[2024-08-27T14:34:53.648+0000] {logging_mixin.py:190} INFO - [2024-08-27T14:34:53.647+0000] {override.py:1900} INFO - Created Permission View: can delete on DAG:example_display_name
[2024-08-27T14:34:53.661+0000] {logging_mixin.py:190} INFO - [2024-08-27T14:34:53.661+0000] {override.py:1900} INFO - Created Permission View: can edit on DAG:example_display_name
[2024-08-27T14:34:53.671+0000] {logging_mixin.py:190} INFO - [2024-08-27T14:34:53.671+0000] {override.py:1900} INFO - Created Permission View: can read on DAG:example_display_name
[2024-08-27T14:34:53.686+0000] {logging_mixin.py:190} INFO - [2024-08-27T14:34:53.686+0000] {override.py:1900} INFO - Created Permission View: can create on DAG Run:example_display_name
[2024-08-27T14:34:53.696+0000] {logging_mixin.py:190} INFO - [2024-08-27T14:34:53.696+0000] {override.py:1900} INFO - Created Permission View: menu access on DAG Run:example_display_name
[2024-08-27T14:34:53.706+0000] {logging_mixin.py:190} INFO - [2024-08-27T14:34:53.706+0000] {override.py:1900} INFO - Created Permission View: can delete on DAG Run:example_display_name
[2024-08-27T14:34:53.716+0000] {logging_mixin.py:190} INFO - [2024-08-27T14:34:53.715+0000] {override.py:1900} INFO - Created Permission View: can read on DAG Run:example_display_name
[2024-08-27T14:34:53.716+0000] {logging_mixin.py:190} INFO - [2024-08-27T14:34:53.716+0000] {dag.py:3211} INFO - Sync 1 DAGs
[2024-08-27T14:34:53.729+0000] {logging_mixin.py:190} INFO - [2024-08-27T14:34:53.728+0000] {dag.py:3234} INFO - Creating ORM DAG for example_display_name
[2024-08-27T14:34:53.729+0000] {logging_mixin.py:190} INFO - [2024-08-27T14:34:53.729+0000] {dag.py:4138} INFO - Setting next_dagrun for example_display_name to None, run_after=None
[2024-08-27T14:34:53.749+0000] {processor.py:208} INFO - Processing /home/ubuntu/myenv/lib/python3.12/site-packages/airflow/example_dags/example_display_name.py took 0.233 seconds
[2024-08-27T14:35:56.716+0000] {processor.py:186} INFO - Started process (PID=5624) to work on /home/ubuntu/myenv/lib/python3.12/site-packages/airflow/example_dags/example_display_name.py
[2024-08-27T14:35:56.718+0000] {processor.py:914} INFO - Processing file /home/ubuntu/myenv/lib/python3.12/site-packages/airflow/example_dags/example_display_name.py for tasks to queue
[2024-08-27T14:35:56.720+0000] {logging_mixin.py:190} INFO - [2024-08-27T14:35:56.720+0000] {dagbag.py:587} INFO - Filling up the DagBag from /home/ubuntu/myenv/lib/python3.12/site-packages/airflow/example_dags/example_display_name.py
[2024-08-27T14:35:56.729+0000] {processor.py:925} INFO - DAG(s) 'example_display_name' retrieved from /home/ubuntu/myenv/lib/python3.12/site-packages/airflow/example_dags/example_display_name.py
[2024-08-27T14:35:56.746+0000] {logging_mixin.py:190} INFO - [2024-08-27T14:35:56.746+0000] {dag.py:3211} INFO - Sync 1 DAGs
[2024-08-27T14:35:56.760+0000] {logging_mixin.py:190} INFO - [2024-08-27T14:35:56.760+0000] {dag.py:4138} INFO - Setting next_dagrun for example_display_name to None, run_after=None
[2024-08-27T14:35:56.783+0000] {processor.py:208} INFO - Processing /home/ubuntu/myenv/lib/python3.12/site-packages/airflow/example_dags/example_display_name.py took 0.073 seconds
[2024-08-27T14:36:49.738+0000] {processor.py:186} INFO - Started process (PID=5694) to work on /home/ubuntu/myenv/lib/python3.12/site-packages/airflow/example_dags/example_display_name.py
[2024-08-27T14:36:49.739+0000] {processor.py:914} INFO - Processing file /home/ubuntu/myenv/lib/python3.12/site-packages/airflow/example_dags/example_display_name.py for tasks to queue
[2024-08-27T14:36:49.741+0000] {logging_mixin.py:190} INFO - [2024-08-27T14:36:49.741+0000] {dagbag.py:587} INFO - Filling up the DagBag from /home/ubuntu/myenv/lib/python3.12/site-packages/airflow/example_dags/example_display_name.py
[2024-08-27T14:36:49.750+0000] {processor.py:925} INFO - DAG(s) 'example_display_name' retrieved from /home/ubuntu/myenv/lib/python3.12/site-packages/airflow/example_dags/example_display_name.py
[2024-08-27T14:36:49.767+0000] {logging_mixin.py:190} INFO - [2024-08-27T14:36:49.767+0000] {dag.py:3211} INFO - Sync 1 DAGs
[2024-08-27T14:36:49.781+0000] {logging_mixin.py:190} INFO - [2024-08-27T14:36:49.780+0000] {dag.py:4138} INFO - Setting next_dagrun for example_display_name to None, run_after=None
[2024-08-27T14:36:49.803+0000] {processor.py:208} INFO - Processing /home/ubuntu/myenv/lib/python3.12/site-packages/airflow/example_dags/example_display_name.py took 0.071 seconds
[2024-08-27T14:37:44.872+0000] {processor.py:186} INFO - Started process (PID=5770) to work on /home/ubuntu/myenv/lib/python3.12/site-packages/airflow/example_dags/example_display_name.py
[2024-08-27T14:37:44.873+0000] {processor.py:914} INFO - Processing file /home/ubuntu/myenv/lib/python3.12/site-packages/airflow/example_dags/example_display_name.py for tasks to queue
[2024-08-27T14:37:44.876+0000] {logging_mixin.py:190} INFO - [2024-08-27T14:37:44.875+0000] {dagbag.py:587} INFO - Filling up the DagBag from /home/ubuntu/myenv/lib/python3.12/site-packages/airflow/example_dags/example_display_name.py
[2024-08-27T14:37:44.884+0000] {processor.py:925} INFO - DAG(s) 'example_display_name' retrieved from /home/ubuntu/myenv/lib/python3.12/site-packages/airflow/example_dags/example_display_name.py
[2024-08-27T14:37:44.902+0000] {logging_mixin.py:190} INFO - [2024-08-27T14:37:44.901+0000] {dag.py:3211} INFO - Sync 1 DAGs
[2024-08-27T14:37:44.915+0000] {logging_mixin.py:190} INFO - [2024-08-27T14:37:44.915+0000] {dag.py:4138} INFO - Setting next_dagrun for example_display_name to None, run_after=None
[2024-08-27T14:37:44.938+0000] {processor.py:208} INFO - Processing /home/ubuntu/myenv/lib/python3.12/site-packages/airflow/example_dags/example_display_name.py took 0.073 seconds
[2024-08-27T14:39:06.467+0000] {processor.py:186} INFO - Started process (PID=5871) to work on /home/ubuntu/myenv/lib/python3.12/site-packages/airflow/example_dags/example_display_name.py
[2024-08-27T14:39:06.468+0000] {processor.py:914} INFO - Processing file /home/ubuntu/myenv/lib/python3.12/site-packages/airflow/example_dags/example_display_name.py for tasks to queue
[2024-08-27T14:39:06.470+0000] {logging_mixin.py:190} INFO - [2024-08-27T14:39:06.470+0000] {dagbag.py:587} INFO - Filling up the DagBag from /home/ubuntu/myenv/lib/python3.12/site-packages/airflow/example_dags/example_display_name.py
[2024-08-27T14:39:06.479+0000] {processor.py:925} INFO - DAG(s) 'example_display_name' retrieved from /home/ubuntu/myenv/lib/python3.12/site-packages/airflow/example_dags/example_display_name.py
[2024-08-27T14:39:06.627+0000] {logging_mixin.py:190} INFO - [2024-08-27T14:39:06.627+0000] {dag.py:3211} INFO - Sync 1 DAGs
[2024-08-27T14:39:06.639+0000] {logging_mixin.py:190} INFO - [2024-08-27T14:39:06.638+0000] {dag.py:4138} INFO - Setting next_dagrun for example_display_name to None, run_after=None
[2024-08-27T14:39:06.659+0000] {processor.py:208} INFO - Processing /home/ubuntu/myenv/lib/python3.12/site-packages/airflow/example_dags/example_display_name.py took 0.199 seconds
[2024-08-27T14:40:02.270+0000] {processor.py:186} INFO - Started process (PID=5948) to work on /home/ubuntu/myenv/lib/python3.12/site-packages/airflow/example_dags/example_display_name.py
[2024-08-27T14:40:02.272+0000] {processor.py:914} INFO - Processing file /home/ubuntu/myenv/lib/python3.12/site-packages/airflow/example_dags/example_display_name.py for tasks to queue
[2024-08-27T14:40:02.274+0000] {logging_mixin.py:190} INFO - [2024-08-27T14:40:02.274+0000] {dagbag.py:587} INFO - Filling up the DagBag from /home/ubuntu/myenv/lib/python3.12/site-packages/airflow/example_dags/example_display_name.py
[2024-08-27T14:40:02.284+0000] {processor.py:925} INFO - DAG(s) 'example_display_name' retrieved from /home/ubuntu/myenv/lib/python3.12/site-packages/airflow/example_dags/example_display_name.py
[2024-08-27T14:40:02.302+0000] {logging_mixin.py:190} INFO - [2024-08-27T14:40:02.302+0000] {dag.py:3211} INFO - Sync 1 DAGs
[2024-08-27T14:40:02.318+0000] {logging_mixin.py:190} INFO - [2024-08-27T14:40:02.318+0000] {dag.py:4138} INFO - Setting next_dagrun for example_display_name to None, run_after=None
[2024-08-27T14:40:02.344+0000] {processor.py:208} INFO - Processing /home/ubuntu/myenv/lib/python3.12/site-packages/airflow/example_dags/example_display_name.py took 0.080 seconds
[2024-08-27T14:40:52.943+0000] {processor.py:186} INFO - Started process (PID=6001) to work on /home/ubuntu/myenv/lib/python3.12/site-packages/airflow/example_dags/example_display_name.py
[2024-08-27T14:40:52.945+0000] {processor.py:914} INFO - Processing file /home/ubuntu/myenv/lib/python3.12/site-packages/airflow/example_dags/example_display_name.py for tasks to queue
[2024-08-27T14:40:52.947+0000] {logging_mixin.py:190} INFO - [2024-08-27T14:40:52.947+0000] {dagbag.py:587} INFO - Filling up the DagBag from /home/ubuntu/myenv/lib/python3.12/site-packages/airflow/example_dags/example_display_name.py
[2024-08-27T14:40:52.956+0000] {processor.py:925} INFO - DAG(s) 'example_display_name' retrieved from /home/ubuntu/myenv/lib/python3.12/site-packages/airflow/example_dags/example_display_name.py
[2024-08-27T14:40:52.973+0000] {logging_mixin.py:190} INFO - [2024-08-27T14:40:52.973+0000] {dag.py:3211} INFO - Sync 1 DAGs
[2024-08-27T14:40:52.988+0000] {logging_mixin.py:190} INFO - [2024-08-27T14:40:52.988+0000] {dag.py:4138} INFO - Setting next_dagrun for example_display_name to None, run_after=None
[2024-08-27T14:40:53.010+0000] {processor.py:208} INFO - Processing /home/ubuntu/myenv/lib/python3.12/site-packages/airflow/example_dags/example_display_name.py took 0.073 seconds
[2024-08-27T14:41:46.905+0000] {processor.py:186} INFO - Started process (PID=6056) to work on /home/ubuntu/myenv/lib/python3.12/site-packages/airflow/example_dags/example_display_name.py
[2024-08-27T14:41:46.906+0000] {processor.py:914} INFO - Processing file /home/ubuntu/myenv/lib/python3.12/site-packages/airflow/example_dags/example_display_name.py for tasks to queue
[2024-08-27T14:41:46.908+0000] {logging_mixin.py:190} INFO - [2024-08-27T14:41:46.908+0000] {dagbag.py:587} INFO - Filling up the DagBag from /home/ubuntu/myenv/lib/python3.12/site-packages/airflow/example_dags/example_display_name.py
[2024-08-27T14:41:46.918+0000] {processor.py:925} INFO - DAG(s) 'example_display_name' retrieved from /home/ubuntu/myenv/lib/python3.12/site-packages/airflow/example_dags/example_display_name.py
[2024-08-27T14:41:46.935+0000] {logging_mixin.py:190} INFO - [2024-08-27T14:41:46.935+0000] {dag.py:3211} INFO - Sync 1 DAGs
[2024-08-27T14:41:46.950+0000] {logging_mixin.py:190} INFO - [2024-08-27T14:41:46.949+0000] {dag.py:4138} INFO - Setting next_dagrun for example_display_name to None, run_after=None
[2024-08-27T14:41:46.973+0000] {processor.py:208} INFO - Processing /home/ubuntu/myenv/lib/python3.12/site-packages/airflow/example_dags/example_display_name.py took 0.075 seconds
[2024-08-27T14:43:02.051+0000] {processor.py:186} INFO - Started process (PID=6132) to work on /home/ubuntu/myenv/lib/python3.12/site-packages/airflow/example_dags/example_display_name.py
[2024-08-27T14:43:02.053+0000] {processor.py:914} INFO - Processing file /home/ubuntu/myenv/lib/python3.12/site-packages/airflow/example_dags/example_display_name.py for tasks to queue
[2024-08-27T14:43:02.056+0000] {logging_mixin.py:190} INFO - [2024-08-27T14:43:02.055+0000] {dagbag.py:587} INFO - Filling up the DagBag from /home/ubuntu/myenv/lib/python3.12/site-packages/airflow/example_dags/example_display_name.py
[2024-08-27T14:43:02.065+0000] {processor.py:925} INFO - DAG(s) 'example_display_name' retrieved from /home/ubuntu/myenv/lib/python3.12/site-packages/airflow/example_dags/example_display_name.py
[2024-08-27T14:43:02.085+0000] {logging_mixin.py:190} INFO - [2024-08-27T14:43:02.085+0000] {dag.py:3211} INFO - Sync 1 DAGs
[2024-08-27T14:43:02.101+0000] {logging_mixin.py:190} INFO - [2024-08-27T14:43:02.101+0000] {dag.py:4138} INFO - Setting next_dagrun for example_display_name to None, run_after=None
[2024-08-27T14:43:02.129+0000] {processor.py:208} INFO - Processing /home/ubuntu/myenv/lib/python3.12/site-packages/airflow/example_dags/example_display_name.py took 0.084 seconds
[2024-08-27T14:43:51.888+0000] {processor.py:186} INFO - Started process (PID=6184) to work on /home/ubuntu/myenv/lib/python3.12/site-packages/airflow/example_dags/example_display_name.py
[2024-08-27T14:43:51.890+0000] {processor.py:914} INFO - Processing file /home/ubuntu/myenv/lib/python3.12/site-packages/airflow/example_dags/example_display_name.py for tasks to queue
[2024-08-27T14:43:51.892+0000] {logging_mixin.py:190} INFO - [2024-08-27T14:43:51.892+0000] {dagbag.py:587} INFO - Filling up the DagBag from /home/ubuntu/myenv/lib/python3.12/site-packages/airflow/example_dags/example_display_name.py
[2024-08-27T14:43:51.901+0000] {processor.py:925} INFO - DAG(s) 'example_display_name' retrieved from /home/ubuntu/myenv/lib/python3.12/site-packages/airflow/example_dags/example_display_name.py
[2024-08-27T14:43:51.919+0000] {logging_mixin.py:190} INFO - [2024-08-27T14:43:51.919+0000] {dag.py:3211} INFO - Sync 1 DAGs
[2024-08-27T14:43:51.934+0000] {logging_mixin.py:190} INFO - [2024-08-27T14:43:51.934+0000] {dag.py:4138} INFO - Setting next_dagrun for example_display_name to None, run_after=None
[2024-08-27T14:43:51.957+0000] {processor.py:208} INFO - Processing /home/ubuntu/myenv/lib/python3.12/site-packages/airflow/example_dags/example_display_name.py took 0.075 seconds
[2024-08-27T14:44:41.561+0000] {processor.py:186} INFO - Started process (PID=6237) to work on /home/ubuntu/myenv/lib/python3.12/site-packages/airflow/example_dags/example_display_name.py
[2024-08-27T14:44:41.562+0000] {processor.py:914} INFO - Processing file /home/ubuntu/myenv/lib/python3.12/site-packages/airflow/example_dags/example_display_name.py for tasks to queue
[2024-08-27T14:44:41.565+0000] {logging_mixin.py:190} INFO - [2024-08-27T14:44:41.564+0000] {dagbag.py:587} INFO - Filling up the DagBag from /home/ubuntu/myenv/lib/python3.12/site-packages/airflow/example_dags/example_display_name.py
[2024-08-27T14:44:41.574+0000] {processor.py:925} INFO - DAG(s) 'example_display_name' retrieved from /home/ubuntu/myenv/lib/python3.12/site-packages/airflow/example_dags/example_display_name.py
[2024-08-27T14:44:41.592+0000] {logging_mixin.py:190} INFO - [2024-08-27T14:44:41.591+0000] {dag.py:3211} INFO - Sync 1 DAGs
[2024-08-27T14:44:41.606+0000] {logging_mixin.py:190} INFO - [2024-08-27T14:44:41.606+0000] {dag.py:4138} INFO - Setting next_dagrun for example_display_name to None, run_after=None
[2024-08-27T14:44:41.629+0000] {processor.py:208} INFO - Processing /home/ubuntu/myenv/lib/python3.12/site-packages/airflow/example_dags/example_display_name.py took 0.075 seconds
[2024-08-27T14:45:34.710+0000] {processor.py:186} INFO - Started process (PID=6293) to work on /home/ubuntu/myenv/lib/python3.12/site-packages/airflow/example_dags/example_display_name.py
[2024-08-27T14:45:34.712+0000] {processor.py:914} INFO - Processing file /home/ubuntu/myenv/lib/python3.12/site-packages/airflow/example_dags/example_display_name.py for tasks to queue
[2024-08-27T14:45:34.714+0000] {logging_mixin.py:190} INFO - [2024-08-27T14:45:34.714+0000] {dagbag.py:587} INFO - Filling up the DagBag from /home/ubuntu/myenv/lib/python3.12/site-packages/airflow/example_dags/example_display_name.py
[2024-08-27T14:45:34.723+0000] {processor.py:925} INFO - DAG(s) 'example_display_name' retrieved from /home/ubuntu/myenv/lib/python3.12/site-packages/airflow/example_dags/example_display_name.py
[2024-08-27T14:45:34.740+0000] {logging_mixin.py:190} INFO - [2024-08-27T14:45:34.740+0000] {dag.py:3211} INFO - Sync 1 DAGs
[2024-08-27T14:45:34.754+0000] {logging_mixin.py:190} INFO - [2024-08-27T14:45:34.754+0000] {dag.py:4138} INFO - Setting next_dagrun for example_display_name to None, run_after=None
[2024-08-27T14:45:34.777+0000] {processor.py:208} INFO - Processing /home/ubuntu/myenv/lib/python3.12/site-packages/airflow/example_dags/example_display_name.py took 0.073 seconds
[2024-08-27T14:46:45.109+0000] {processor.py:186} INFO - Started process (PID=6369) to work on /home/ubuntu/myenv/lib/python3.12/site-packages/airflow/example_dags/example_display_name.py
[2024-08-27T14:46:45.110+0000] {processor.py:914} INFO - Processing file /home/ubuntu/myenv/lib/python3.12/site-packages/airflow/example_dags/example_display_name.py for tasks to queue
[2024-08-27T14:46:45.113+0000] {logging_mixin.py:190} INFO - [2024-08-27T14:46:45.112+0000] {dagbag.py:587} INFO - Filling up the DagBag from /home/ubuntu/myenv/lib/python3.12/site-packages/airflow/example_dags/example_display_name.py
[2024-08-27T14:46:45.122+0000] {processor.py:925} INFO - DAG(s) 'example_display_name' retrieved from /home/ubuntu/myenv/lib/python3.12/site-packages/airflow/example_dags/example_display_name.py
[2024-08-27T14:46:45.140+0000] {logging_mixin.py:190} INFO - [2024-08-27T14:46:45.139+0000] {dag.py:3211} INFO - Sync 1 DAGs
[2024-08-27T14:46:45.154+0000] {logging_mixin.py:190} INFO - [2024-08-27T14:46:45.153+0000] {dag.py:4138} INFO - Setting next_dagrun for example_display_name to None, run_after=None
[2024-08-27T14:46:45.178+0000] {processor.py:208} INFO - Processing /home/ubuntu/myenv/lib/python3.12/site-packages/airflow/example_dags/example_display_name.py took 0.076 seconds
[2024-08-27T14:47:58.341+0000] {processor.py:186} INFO - Started process (PID=6445) to work on /home/ubuntu/myenv/lib/python3.12/site-packages/airflow/example_dags/example_display_name.py
[2024-08-27T14:47:58.343+0000] {processor.py:914} INFO - Processing file /home/ubuntu/myenv/lib/python3.12/site-packages/airflow/example_dags/example_display_name.py for tasks to queue
[2024-08-27T14:47:58.345+0000] {logging_mixin.py:190} INFO - [2024-08-27T14:47:58.345+0000] {dagbag.py:587} INFO - Filling up the DagBag from /home/ubuntu/myenv/lib/python3.12/site-packages/airflow/example_dags/example_display_name.py
[2024-08-27T14:47:58.354+0000] {processor.py:925} INFO - DAG(s) 'example_display_name' retrieved from /home/ubuntu/myenv/lib/python3.12/site-packages/airflow/example_dags/example_display_name.py
[2024-08-27T14:47:58.372+0000] {logging_mixin.py:190} INFO - [2024-08-27T14:47:58.371+0000] {dag.py:3211} INFO - Sync 1 DAGs
[2024-08-27T14:47:58.387+0000] {logging_mixin.py:190} INFO - [2024-08-27T14:47:58.386+0000] {dag.py:4138} INFO - Setting next_dagrun for example_display_name to None, run_after=None
[2024-08-27T14:47:58.410+0000] {processor.py:208} INFO - Processing /home/ubuntu/myenv/lib/python3.12/site-packages/airflow/example_dags/example_display_name.py took 0.075 seconds
[2024-08-27T14:48:51.022+0000] {processor.py:186} INFO - Started process (PID=6503) to work on /home/ubuntu/myenv/lib/python3.12/site-packages/airflow/example_dags/example_display_name.py
[2024-08-27T14:48:51.024+0000] {processor.py:914} INFO - Processing file /home/ubuntu/myenv/lib/python3.12/site-packages/airflow/example_dags/example_display_name.py for tasks to queue
[2024-08-27T14:48:51.026+0000] {logging_mixin.py:190} INFO - [2024-08-27T14:48:51.026+0000] {dagbag.py:587} INFO - Filling up the DagBag from /home/ubuntu/myenv/lib/python3.12/site-packages/airflow/example_dags/example_display_name.py
[2024-08-27T14:48:51.035+0000] {processor.py:925} INFO - DAG(s) 'example_display_name' retrieved from /home/ubuntu/myenv/lib/python3.12/site-packages/airflow/example_dags/example_display_name.py
[2024-08-27T14:48:51.052+0000] {logging_mixin.py:190} INFO - [2024-08-27T14:48:51.052+0000] {dag.py:3211} INFO - Sync 1 DAGs
[2024-08-27T14:48:51.066+0000] {logging_mixin.py:190} INFO - [2024-08-27T14:48:51.066+0000] {dag.py:4138} INFO - Setting next_dagrun for example_display_name to None, run_after=None
[2024-08-27T14:48:51.088+0000] {processor.py:208} INFO - Processing /home/ubuntu/myenv/lib/python3.12/site-packages/airflow/example_dags/example_display_name.py took 0.072 seconds
[2024-08-27T14:49:43.851+0000] {processor.py:186} INFO - Started process (PID=6557) to work on /home/ubuntu/myenv/lib/python3.12/site-packages/airflow/example_dags/example_display_name.py
[2024-08-27T14:49:43.853+0000] {processor.py:914} INFO - Processing file /home/ubuntu/myenv/lib/python3.12/site-packages/airflow/example_dags/example_display_name.py for tasks to queue
[2024-08-27T14:49:43.855+0000] {logging_mixin.py:190} INFO - [2024-08-27T14:49:43.855+0000] {dagbag.py:587} INFO - Filling up the DagBag from /home/ubuntu/myenv/lib/python3.12/site-packages/airflow/example_dags/example_display_name.py
[2024-08-27T14:49:43.865+0000] {processor.py:925} INFO - DAG(s) 'example_display_name' retrieved from /home/ubuntu/myenv/lib/python3.12/site-packages/airflow/example_dags/example_display_name.py
[2024-08-27T14:49:43.883+0000] {logging_mixin.py:190} INFO - [2024-08-27T14:49:43.883+0000] {dag.py:3211} INFO - Sync 1 DAGs
[2024-08-27T14:49:43.898+0000] {logging_mixin.py:190} INFO - [2024-08-27T14:49:43.898+0000] {dag.py:4138} INFO - Setting next_dagrun for example_display_name to None, run_after=None
[2024-08-27T14:49:43.922+0000] {processor.py:208} INFO - Processing /home/ubuntu/myenv/lib/python3.12/site-packages/airflow/example_dags/example_display_name.py took 0.078 seconds
[2024-08-27T16:10:22.010+0000] {processor.py:186} INFO - Started process (PID=7629) to work on /home/ubuntu/myenv/lib/python3.12/site-packages/airflow/example_dags/example_display_name.py
[2024-08-27T16:10:22.011+0000] {processor.py:914} INFO - Processing file /home/ubuntu/myenv/lib/python3.12/site-packages/airflow/example_dags/example_display_name.py for tasks to queue
[2024-08-27T16:10:22.013+0000] {logging_mixin.py:190} INFO - [2024-08-27T16:10:22.013+0000] {dagbag.py:587} INFO - Filling up the DagBag from /home/ubuntu/myenv/lib/python3.12/site-packages/airflow/example_dags/example_display_name.py
[2024-08-27T16:10:22.023+0000] {processor.py:925} INFO - DAG(s) 'example_display_name' retrieved from /home/ubuntu/myenv/lib/python3.12/site-packages/airflow/example_dags/example_display_name.py
[2024-08-27T16:10:22.041+0000] {logging_mixin.py:190} INFO - [2024-08-27T16:10:22.040+0000] {dag.py:3211} INFO - Sync 1 DAGs
[2024-08-27T16:10:22.055+0000] {logging_mixin.py:190} INFO - [2024-08-27T16:10:22.054+0000] {dag.py:4138} INFO - Setting next_dagrun for example_display_name to None, run_after=None
[2024-08-27T16:10:22.078+0000] {processor.py:208} INFO - Processing /home/ubuntu/myenv/lib/python3.12/site-packages/airflow/example_dags/example_display_name.py took 0.075 seconds
[2024-08-27T16:11:16.512+0000] {processor.py:186} INFO - Started process (PID=7730) to work on /home/ubuntu/myenv/lib/python3.12/site-packages/airflow/example_dags/example_display_name.py
[2024-08-27T16:11:16.514+0000] {processor.py:914} INFO - Processing file /home/ubuntu/myenv/lib/python3.12/site-packages/airflow/example_dags/example_display_name.py for tasks to queue
[2024-08-27T16:11:16.516+0000] {logging_mixin.py:190} INFO - [2024-08-27T16:11:16.515+0000] {dagbag.py:587} INFO - Filling up the DagBag from /home/ubuntu/myenv/lib/python3.12/site-packages/airflow/example_dags/example_display_name.py
[2024-08-27T16:11:16.525+0000] {processor.py:925} INFO - DAG(s) 'example_display_name' retrieved from /home/ubuntu/myenv/lib/python3.12/site-packages/airflow/example_dags/example_display_name.py
[2024-08-27T16:11:16.542+0000] {logging_mixin.py:190} INFO - [2024-08-27T16:11:16.541+0000] {dag.py:3211} INFO - Sync 1 DAGs
[2024-08-27T16:11:16.555+0000] {logging_mixin.py:190} INFO - [2024-08-27T16:11:16.555+0000] {dag.py:4138} INFO - Setting next_dagrun for example_display_name to None, run_after=None
[2024-08-27T16:11:16.579+0000] {processor.py:208} INFO - Processing /home/ubuntu/myenv/lib/python3.12/site-packages/airflow/example_dags/example_display_name.py took 0.072 seconds
[2024-08-27T16:12:12.010+0000] {processor.py:186} INFO - Started process (PID=7858) to work on /home/ubuntu/myenv/lib/python3.12/site-packages/airflow/example_dags/example_display_name.py
[2024-08-27T16:12:12.012+0000] {processor.py:914} INFO - Processing file /home/ubuntu/myenv/lib/python3.12/site-packages/airflow/example_dags/example_display_name.py for tasks to queue
[2024-08-27T16:12:12.014+0000] {logging_mixin.py:190} INFO - [2024-08-27T16:12:12.014+0000] {dagbag.py:587} INFO - Filling up the DagBag from /home/ubuntu/myenv/lib/python3.12/site-packages/airflow/example_dags/example_display_name.py
[2024-08-27T16:12:12.023+0000] {processor.py:925} INFO - DAG(s) 'example_display_name' retrieved from /home/ubuntu/myenv/lib/python3.12/site-packages/airflow/example_dags/example_display_name.py
[2024-08-27T16:12:12.041+0000] {logging_mixin.py:190} INFO - [2024-08-27T16:12:12.041+0000] {dag.py:3211} INFO - Sync 1 DAGs
[2024-08-27T16:12:12.055+0000] {logging_mixin.py:190} INFO - [2024-08-27T16:12:12.055+0000] {dag.py:4138} INFO - Setting next_dagrun for example_display_name to None, run_after=None
[2024-08-27T16:12:12.079+0000] {processor.py:208} INFO - Processing /home/ubuntu/myenv/lib/python3.12/site-packages/airflow/example_dags/example_display_name.py took 0.075 seconds
[2024-08-27T16:13:03.520+0000] {processor.py:186} INFO - Started process (PID=7947) to work on /home/ubuntu/myenv/lib/python3.12/site-packages/airflow/example_dags/example_display_name.py
[2024-08-27T16:13:03.522+0000] {processor.py:914} INFO - Processing file /home/ubuntu/myenv/lib/python3.12/site-packages/airflow/example_dags/example_display_name.py for tasks to queue
[2024-08-27T16:13:03.524+0000] {logging_mixin.py:190} INFO - [2024-08-27T16:13:03.524+0000] {dagbag.py:587} INFO - Filling up the DagBag from /home/ubuntu/myenv/lib/python3.12/site-packages/airflow/example_dags/example_display_name.py
[2024-08-27T16:13:03.534+0000] {processor.py:925} INFO - DAG(s) 'example_display_name' retrieved from /home/ubuntu/myenv/lib/python3.12/site-packages/airflow/example_dags/example_display_name.py
[2024-08-27T16:13:03.552+0000] {logging_mixin.py:190} INFO - [2024-08-27T16:13:03.552+0000] {dag.py:3211} INFO - Sync 1 DAGs
[2024-08-27T16:13:03.568+0000] {logging_mixin.py:190} INFO - [2024-08-27T16:13:03.567+0000] {dag.py:4138} INFO - Setting next_dagrun for example_display_name to None, run_after=None
[2024-08-27T16:13:03.593+0000] {processor.py:208} INFO - Processing /home/ubuntu/myenv/lib/python3.12/site-packages/airflow/example_dags/example_display_name.py took 0.079 seconds
