[2024-08-27T14:34:19.115+0000] {processor.py:186} INFO - Started process (PID=5521) to work on /home/ubuntu/myenv/lib/python3.12/site-packages/airflow/example_dags/example_sla_dag.py
[2024-08-27T14:34:19.116+0000] {processor.py:914} INFO - Processing file /home/ubuntu/myenv/lib/python3.12/site-packages/airflow/example_dags/example_sla_dag.py for tasks to queue
[2024-08-27T14:34:19.118+0000] {logging_mixin.py:190} INFO - [2024-08-27T14:34:19.118+0000] {dagbag.py:587} INFO - Filling up the DagBag from /home/ubuntu/myenv/lib/python3.12/site-packages/airflow/example_dags/example_sla_dag.py
[2024-08-27T14:34:19.130+0000] {processor.py:925} INFO - DAG(s) 'example_sla_dag' retrieved from /home/ubuntu/myenv/lib/python3.12/site-packages/airflow/example_dags/example_sla_dag.py
[2024-08-27T14:34:19.255+0000] {logging_mixin.py:190} INFO - [2024-08-27T14:34:19.254+0000] {override.py:1900} INFO - Created Permission View: can delete on DAG:example_sla_dag
[2024-08-27T14:34:19.268+0000] {logging_mixin.py:190} INFO - [2024-08-27T14:34:19.268+0000] {override.py:1900} INFO - Created Permission View: can edit on DAG:example_sla_dag
[2024-08-27T14:34:19.279+0000] {logging_mixin.py:190} INFO - [2024-08-27T14:34:19.278+0000] {override.py:1900} INFO - Created Permission View: can read on DAG:example_sla_dag
[2024-08-27T14:34:19.294+0000] {logging_mixin.py:190} INFO - [2024-08-27T14:34:19.294+0000] {override.py:1900} INFO - Created Permission View: can create on DAG Run:example_sla_dag
[2024-08-27T14:34:19.304+0000] {logging_mixin.py:190} INFO - [2024-08-27T14:34:19.304+0000] {override.py:1900} INFO - Created Permission View: menu access on DAG Run:example_sla_dag
[2024-08-27T14:34:19.315+0000] {logging_mixin.py:190} INFO - [2024-08-27T14:34:19.315+0000] {override.py:1900} INFO - Created Permission View: can delete on DAG Run:example_sla_dag
[2024-08-27T14:34:19.326+0000] {logging_mixin.py:190} INFO - [2024-08-27T14:34:19.326+0000] {override.py:1900} INFO - Created Permission View: can read on DAG Run:example_sla_dag
[2024-08-27T14:34:19.327+0000] {logging_mixin.py:190} INFO - [2024-08-27T14:34:19.326+0000] {dag.py:3211} INFO - Sync 1 DAGs
[2024-08-27T14:34:19.341+0000] {logging_mixin.py:190} INFO - [2024-08-27T14:34:19.341+0000] {dag.py:3234} INFO - Creating ORM DAG for example_sla_dag
[2024-08-27T14:34:19.353+0000] {logging_mixin.py:190} INFO - [2024-08-27T14:34:19.353+0000] {dag.py:4138} INFO - Setting next_dagrun for example_sla_dag to 2024-08-27 14:32:00+00:00, run_after=2024-08-27 14:34:00+00:00
[2024-08-27T14:34:19.374+0000] {processor.py:208} INFO - Processing /home/ubuntu/myenv/lib/python3.12/site-packages/airflow/example_dags/example_sla_dag.py took 0.265 seconds
[2024-08-27T14:35:27.132+0000] {processor.py:186} INFO - Started process (PID=5585) to work on /home/ubuntu/myenv/lib/python3.12/site-packages/airflow/example_dags/example_sla_dag.py
[2024-08-27T14:35:27.133+0000] {processor.py:914} INFO - Processing file /home/ubuntu/myenv/lib/python3.12/site-packages/airflow/example_dags/example_sla_dag.py for tasks to queue
[2024-08-27T14:35:27.136+0000] {logging_mixin.py:190} INFO - [2024-08-27T14:35:27.135+0000] {dagbag.py:587} INFO - Filling up the DagBag from /home/ubuntu/myenv/lib/python3.12/site-packages/airflow/example_dags/example_sla_dag.py
[2024-08-27T14:35:27.147+0000] {processor.py:925} INFO - DAG(s) 'example_sla_dag' retrieved from /home/ubuntu/myenv/lib/python3.12/site-packages/airflow/example_dags/example_sla_dag.py
[2024-08-27T14:35:27.163+0000] {logging_mixin.py:190} INFO - [2024-08-27T14:35:27.163+0000] {dag.py:3211} INFO - Sync 1 DAGs
[2024-08-27T14:35:27.187+0000] {logging_mixin.py:190} INFO - [2024-08-27T14:35:27.187+0000] {dag.py:4138} INFO - Setting next_dagrun for example_sla_dag to 2024-08-27 14:32:00+00:00, run_after=2024-08-27 14:34:00+00:00
[2024-08-27T14:35:27.208+0000] {processor.py:208} INFO - Processing /home/ubuntu/myenv/lib/python3.12/site-packages/airflow/example_dags/example_sla_dag.py took 0.083 seconds
[2024-08-27T14:36:21.077+0000] {processor.py:186} INFO - Started process (PID=5656) to work on /home/ubuntu/myenv/lib/python3.12/site-packages/airflow/example_dags/example_sla_dag.py
[2024-08-27T14:36:21.078+0000] {processor.py:914} INFO - Processing file /home/ubuntu/myenv/lib/python3.12/site-packages/airflow/example_dags/example_sla_dag.py for tasks to queue
[2024-08-27T14:36:21.081+0000] {logging_mixin.py:190} INFO - [2024-08-27T14:36:21.081+0000] {dagbag.py:587} INFO - Filling up the DagBag from /home/ubuntu/myenv/lib/python3.12/site-packages/airflow/example_dags/example_sla_dag.py
[2024-08-27T14:36:21.092+0000] {processor.py:925} INFO - DAG(s) 'example_sla_dag' retrieved from /home/ubuntu/myenv/lib/python3.12/site-packages/airflow/example_dags/example_sla_dag.py
[2024-08-27T14:36:21.108+0000] {logging_mixin.py:190} INFO - [2024-08-27T14:36:21.108+0000] {dag.py:3211} INFO - Sync 1 DAGs
[2024-08-27T14:36:21.131+0000] {logging_mixin.py:190} INFO - [2024-08-27T14:36:21.131+0000] {dag.py:4138} INFO - Setting next_dagrun for example_sla_dag to 2024-08-27 14:34:00+00:00, run_after=2024-08-27 14:36:00+00:00
[2024-08-27T14:36:21.154+0000] {processor.py:208} INFO - Processing /home/ubuntu/myenv/lib/python3.12/site-packages/airflow/example_dags/example_sla_dag.py took 0.083 seconds
[2024-08-27T14:37:09.860+0000] {processor.py:186} INFO - Started process (PID=5724) to work on /home/ubuntu/myenv/lib/python3.12/site-packages/airflow/example_dags/example_sla_dag.py
[2024-08-27T14:37:09.864+0000] {processor.py:914} INFO - Processing file /home/ubuntu/myenv/lib/python3.12/site-packages/airflow/example_dags/example_sla_dag.py for tasks to queue
[2024-08-27T14:37:09.867+0000] {logging_mixin.py:190} INFO - [2024-08-27T14:37:09.867+0000] {dagbag.py:587} INFO - Filling up the DagBag from /home/ubuntu/myenv/lib/python3.12/site-packages/airflow/example_dags/example_sla_dag.py
[2024-08-27T14:37:09.878+0000] {processor.py:925} INFO - DAG(s) 'example_sla_dag' retrieved from /home/ubuntu/myenv/lib/python3.12/site-packages/airflow/example_dags/example_sla_dag.py
[2024-08-27T14:37:09.896+0000] {logging_mixin.py:190} INFO - [2024-08-27T14:37:09.895+0000] {dag.py:3211} INFO - Sync 1 DAGs
[2024-08-27T14:37:09.920+0000] {logging_mixin.py:190} INFO - [2024-08-27T14:37:09.920+0000] {dag.py:4138} INFO - Setting next_dagrun for example_sla_dag to 2024-08-27 14:34:00+00:00, run_after=2024-08-27 14:36:00+00:00
[2024-08-27T14:37:09.942+0000] {processor.py:208} INFO - Processing /home/ubuntu/myenv/lib/python3.12/site-packages/airflow/example_dags/example_sla_dag.py took 0.089 seconds
[2024-08-27T14:38:00.320+0000] {processor.py:186} INFO - Started process (PID=5790) to work on /home/ubuntu/myenv/lib/python3.12/site-packages/airflow/example_dags/example_sla_dag.py
[2024-08-27T14:38:00.321+0000] {processor.py:914} INFO - Processing file /home/ubuntu/myenv/lib/python3.12/site-packages/airflow/example_dags/example_sla_dag.py for tasks to queue
[2024-08-27T14:38:00.324+0000] {logging_mixin.py:190} INFO - [2024-08-27T14:38:00.324+0000] {dagbag.py:587} INFO - Filling up the DagBag from /home/ubuntu/myenv/lib/python3.12/site-packages/airflow/example_dags/example_sla_dag.py
[2024-08-27T14:38:00.336+0000] {processor.py:925} INFO - DAG(s) 'example_sla_dag' retrieved from /home/ubuntu/myenv/lib/python3.12/site-packages/airflow/example_dags/example_sla_dag.py
[2024-08-27T14:38:00.353+0000] {logging_mixin.py:190} INFO - [2024-08-27T14:38:00.353+0000] {dag.py:3211} INFO - Sync 1 DAGs
[2024-08-27T14:38:00.378+0000] {logging_mixin.py:190} INFO - [2024-08-27T14:38:00.377+0000] {dag.py:4138} INFO - Setting next_dagrun for example_sla_dag to 2024-08-27 14:36:00+00:00, run_after=2024-08-27 14:38:00+00:00
[2024-08-27T14:38:00.400+0000] {processor.py:208} INFO - Processing /home/ubuntu/myenv/lib/python3.12/site-packages/airflow/example_dags/example_sla_dag.py took 0.086 seconds
[2024-08-27T14:38:55.053+0000] {processor.py:186} INFO - Started process (PID=5857) to work on /home/ubuntu/myenv/lib/python3.12/site-packages/airflow/example_dags/example_sla_dag.py
[2024-08-27T14:38:55.055+0000] {processor.py:914} INFO - Processing file /home/ubuntu/myenv/lib/python3.12/site-packages/airflow/example_dags/example_sla_dag.py for tasks to queue
[2024-08-27T14:38:55.058+0000] {logging_mixin.py:190} INFO - [2024-08-27T14:38:55.057+0000] {dagbag.py:587} INFO - Filling up the DagBag from /home/ubuntu/myenv/lib/python3.12/site-packages/airflow/example_dags/example_sla_dag.py
[2024-08-27T14:38:55.069+0000] {processor.py:925} INFO - DAG(s) 'example_sla_dag' retrieved from /home/ubuntu/myenv/lib/python3.12/site-packages/airflow/example_dags/example_sla_dag.py
[2024-08-27T14:38:55.086+0000] {logging_mixin.py:190} INFO - [2024-08-27T14:38:55.085+0000] {dag.py:3211} INFO - Sync 1 DAGs
[2024-08-27T14:38:55.237+0000] {logging_mixin.py:190} INFO - [2024-08-27T14:38:55.237+0000] {dag.py:4138} INFO - Setting next_dagrun for example_sla_dag to 2024-08-27 14:36:00+00:00, run_after=2024-08-27 14:38:00+00:00
[2024-08-27T14:38:55.258+0000] {processor.py:208} INFO - Processing /home/ubuntu/myenv/lib/python3.12/site-packages/airflow/example_dags/example_sla_dag.py took 0.210 seconds
[2024-08-27T14:39:54.256+0000] {processor.py:186} INFO - Started process (PID=5931) to work on /home/ubuntu/myenv/lib/python3.12/site-packages/airflow/example_dags/example_sla_dag.py
[2024-08-27T14:39:54.258+0000] {processor.py:914} INFO - Processing file /home/ubuntu/myenv/lib/python3.12/site-packages/airflow/example_dags/example_sla_dag.py for tasks to queue
[2024-08-27T14:39:54.261+0000] {logging_mixin.py:190} INFO - [2024-08-27T14:39:54.260+0000] {dagbag.py:587} INFO - Filling up the DagBag from /home/ubuntu/myenv/lib/python3.12/site-packages/airflow/example_dags/example_sla_dag.py
[2024-08-27T14:39:54.272+0000] {processor.py:925} INFO - DAG(s) 'example_sla_dag' retrieved from /home/ubuntu/myenv/lib/python3.12/site-packages/airflow/example_dags/example_sla_dag.py
[2024-08-27T14:39:54.289+0000] {logging_mixin.py:190} INFO - [2024-08-27T14:39:54.289+0000] {dag.py:3211} INFO - Sync 1 DAGs
[2024-08-27T14:39:54.313+0000] {logging_mixin.py:190} INFO - [2024-08-27T14:39:54.313+0000] {dag.py:4138} INFO - Setting next_dagrun for example_sla_dag to 2024-08-27 14:36:00+00:00, run_after=2024-08-27 14:38:00+00:00
[2024-08-27T14:39:54.335+0000] {processor.py:208} INFO - Processing /home/ubuntu/myenv/lib/python3.12/site-packages/airflow/example_dags/example_sla_dag.py took 0.085 seconds
[2024-08-27T14:40:43.693+0000] {processor.py:186} INFO - Started process (PID=5991) to work on /home/ubuntu/myenv/lib/python3.12/site-packages/airflow/example_dags/example_sla_dag.py
[2024-08-27T14:40:43.694+0000] {processor.py:914} INFO - Processing file /home/ubuntu/myenv/lib/python3.12/site-packages/airflow/example_dags/example_sla_dag.py for tasks to queue
[2024-08-27T14:40:43.697+0000] {logging_mixin.py:190} INFO - [2024-08-27T14:40:43.697+0000] {dagbag.py:587} INFO - Filling up the DagBag from /home/ubuntu/myenv/lib/python3.12/site-packages/airflow/example_dags/example_sla_dag.py
[2024-08-27T14:40:43.708+0000] {processor.py:925} INFO - DAG(s) 'example_sla_dag' retrieved from /home/ubuntu/myenv/lib/python3.12/site-packages/airflow/example_dags/example_sla_dag.py
[2024-08-27T14:40:43.725+0000] {logging_mixin.py:190} INFO - [2024-08-27T14:40:43.725+0000] {dag.py:3211} INFO - Sync 1 DAGs
[2024-08-27T14:40:43.750+0000] {logging_mixin.py:190} INFO - [2024-08-27T14:40:43.749+0000] {dag.py:4138} INFO - Setting next_dagrun for example_sla_dag to 2024-08-27 14:38:00+00:00, run_after=2024-08-27 14:40:00+00:00
[2024-08-27T14:40:43.772+0000] {processor.py:208} INFO - Processing /home/ubuntu/myenv/lib/python3.12/site-packages/airflow/example_dags/example_sla_dag.py took 0.086 seconds
[2024-08-27T14:41:34.109+0000] {processor.py:186} INFO - Started process (PID=6043) to work on /home/ubuntu/myenv/lib/python3.12/site-packages/airflow/example_dags/example_sla_dag.py
[2024-08-27T14:41:34.110+0000] {processor.py:914} INFO - Processing file /home/ubuntu/myenv/lib/python3.12/site-packages/airflow/example_dags/example_sla_dag.py for tasks to queue
[2024-08-27T14:41:34.113+0000] {logging_mixin.py:190} INFO - [2024-08-27T14:41:34.113+0000] {dagbag.py:587} INFO - Filling up the DagBag from /home/ubuntu/myenv/lib/python3.12/site-packages/airflow/example_dags/example_sla_dag.py
[2024-08-27T14:41:34.124+0000] {processor.py:925} INFO - DAG(s) 'example_sla_dag' retrieved from /home/ubuntu/myenv/lib/python3.12/site-packages/airflow/example_dags/example_sla_dag.py
[2024-08-27T14:41:34.141+0000] {logging_mixin.py:190} INFO - [2024-08-27T14:41:34.141+0000] {dag.py:3211} INFO - Sync 1 DAGs
[2024-08-27T14:41:34.165+0000] {logging_mixin.py:190} INFO - [2024-08-27T14:41:34.165+0000] {dag.py:4138} INFO - Setting next_dagrun for example_sla_dag to 2024-08-27 14:38:00+00:00, run_after=2024-08-27 14:40:00+00:00
[2024-08-27T14:41:34.188+0000] {processor.py:208} INFO - Processing /home/ubuntu/myenv/lib/python3.12/site-packages/airflow/example_dags/example_sla_dag.py took 0.085 seconds
[2024-08-27T14:42:24.394+0000] {processor.py:186} INFO - Started process (PID=6094) to work on /home/ubuntu/myenv/lib/python3.12/site-packages/airflow/example_dags/example_sla_dag.py
[2024-08-27T14:42:24.396+0000] {processor.py:914} INFO - Processing file /home/ubuntu/myenv/lib/python3.12/site-packages/airflow/example_dags/example_sla_dag.py for tasks to queue
[2024-08-27T14:42:24.398+0000] {logging_mixin.py:190} INFO - [2024-08-27T14:42:24.397+0000] {dagbag.py:587} INFO - Filling up the DagBag from /home/ubuntu/myenv/lib/python3.12/site-packages/airflow/example_dags/example_sla_dag.py
[2024-08-27T14:42:24.410+0000] {processor.py:925} INFO - DAG(s) 'example_sla_dag' retrieved from /home/ubuntu/myenv/lib/python3.12/site-packages/airflow/example_dags/example_sla_dag.py
[2024-08-27T14:42:24.428+0000] {logging_mixin.py:190} INFO - [2024-08-27T14:42:24.427+0000] {dag.py:3211} INFO - Sync 1 DAGs
[2024-08-27T14:42:24.452+0000] {logging_mixin.py:190} INFO - [2024-08-27T14:42:24.452+0000] {dag.py:4138} INFO - Setting next_dagrun for example_sla_dag to 2024-08-27 14:40:00+00:00, run_after=2024-08-27 14:42:00+00:00
[2024-08-27T14:42:24.475+0000] {processor.py:208} INFO - Processing /home/ubuntu/myenv/lib/python3.12/site-packages/airflow/example_dags/example_sla_dag.py took 0.088 seconds
[2024-08-27T14:43:14.650+0000] {processor.py:186} INFO - Started process (PID=6145) to work on /home/ubuntu/myenv/lib/python3.12/site-packages/airflow/example_dags/example_sla_dag.py
[2024-08-27T14:43:14.651+0000] {processor.py:914} INFO - Processing file /home/ubuntu/myenv/lib/python3.12/site-packages/airflow/example_dags/example_sla_dag.py for tasks to queue
[2024-08-27T14:43:14.654+0000] {logging_mixin.py:190} INFO - [2024-08-27T14:43:14.654+0000] {dagbag.py:587} INFO - Filling up the DagBag from /home/ubuntu/myenv/lib/python3.12/site-packages/airflow/example_dags/example_sla_dag.py
[2024-08-27T14:43:14.665+0000] {processor.py:925} INFO - DAG(s) 'example_sla_dag' retrieved from /home/ubuntu/myenv/lib/python3.12/site-packages/airflow/example_dags/example_sla_dag.py
[2024-08-27T14:43:14.683+0000] {logging_mixin.py:190} INFO - [2024-08-27T14:43:14.682+0000] {dag.py:3211} INFO - Sync 1 DAGs
[2024-08-27T14:43:14.708+0000] {logging_mixin.py:190} INFO - [2024-08-27T14:43:14.707+0000] {dag.py:4138} INFO - Setting next_dagrun for example_sla_dag to 2024-08-27 14:40:00+00:00, run_after=2024-08-27 14:42:00+00:00
[2024-08-27T14:43:14.730+0000] {processor.py:208} INFO - Processing /home/ubuntu/myenv/lib/python3.12/site-packages/airflow/example_dags/example_sla_dag.py took 0.087 seconds
[2024-08-27T14:44:05.065+0000] {processor.py:186} INFO - Started process (PID=6199) to work on /home/ubuntu/myenv/lib/python3.12/site-packages/airflow/example_dags/example_sla_dag.py
[2024-08-27T14:44:05.067+0000] {processor.py:914} INFO - Processing file /home/ubuntu/myenv/lib/python3.12/site-packages/airflow/example_dags/example_sla_dag.py for tasks to queue
[2024-08-27T14:44:05.069+0000] {logging_mixin.py:190} INFO - [2024-08-27T14:44:05.069+0000] {dagbag.py:587} INFO - Filling up the DagBag from /home/ubuntu/myenv/lib/python3.12/site-packages/airflow/example_dags/example_sla_dag.py
[2024-08-27T14:44:05.082+0000] {processor.py:925} INFO - DAG(s) 'example_sla_dag' retrieved from /home/ubuntu/myenv/lib/python3.12/site-packages/airflow/example_dags/example_sla_dag.py
[2024-08-27T14:44:05.099+0000] {logging_mixin.py:190} INFO - [2024-08-27T14:44:05.099+0000] {dag.py:3211} INFO - Sync 1 DAGs
[2024-08-27T14:44:05.124+0000] {logging_mixin.py:190} INFO - [2024-08-27T14:44:05.124+0000] {dag.py:4138} INFO - Setting next_dagrun for example_sla_dag to 2024-08-27 14:42:00+00:00, run_after=2024-08-27 14:44:00+00:00
[2024-08-27T14:44:05.147+0000] {processor.py:208} INFO - Processing /home/ubuntu/myenv/lib/python3.12/site-packages/airflow/example_dags/example_sla_dag.py took 0.088 seconds
[2024-08-27T14:44:55.651+0000] {processor.py:186} INFO - Started process (PID=6251) to work on /home/ubuntu/myenv/lib/python3.12/site-packages/airflow/example_dags/example_sla_dag.py
[2024-08-27T14:44:55.653+0000] {processor.py:914} INFO - Processing file /home/ubuntu/myenv/lib/python3.12/site-packages/airflow/example_dags/example_sla_dag.py for tasks to queue
[2024-08-27T14:44:55.655+0000] {logging_mixin.py:190} INFO - [2024-08-27T14:44:55.654+0000] {dagbag.py:587} INFO - Filling up the DagBag from /home/ubuntu/myenv/lib/python3.12/site-packages/airflow/example_dags/example_sla_dag.py
[2024-08-27T14:44:55.667+0000] {processor.py:925} INFO - DAG(s) 'example_sla_dag' retrieved from /home/ubuntu/myenv/lib/python3.12/site-packages/airflow/example_dags/example_sla_dag.py
[2024-08-27T14:44:55.693+0000] {logging_mixin.py:190} INFO - [2024-08-27T14:44:55.693+0000] {dag.py:3211} INFO - Sync 1 DAGs
[2024-08-27T14:44:55.718+0000] {logging_mixin.py:190} INFO - [2024-08-27T14:44:55.718+0000] {dag.py:4138} INFO - Setting next_dagrun for example_sla_dag to 2024-08-27 14:42:00+00:00, run_after=2024-08-27 14:44:00+00:00
[2024-08-27T14:44:55.740+0000] {processor.py:208} INFO - Processing /home/ubuntu/myenv/lib/python3.12/site-packages/airflow/example_dags/example_sla_dag.py took 0.096 seconds
[2024-08-27T14:45:48.184+0000] {processor.py:186} INFO - Started process (PID=6306) to work on /home/ubuntu/myenv/lib/python3.12/site-packages/airflow/example_dags/example_sla_dag.py
[2024-08-27T14:45:48.186+0000] {processor.py:914} INFO - Processing file /home/ubuntu/myenv/lib/python3.12/site-packages/airflow/example_dags/example_sla_dag.py for tasks to queue
[2024-08-27T14:45:48.189+0000] {logging_mixin.py:190} INFO - [2024-08-27T14:45:48.187+0000] {dagbag.py:587} INFO - Filling up the DagBag from /home/ubuntu/myenv/lib/python3.12/site-packages/airflow/example_dags/example_sla_dag.py
[2024-08-27T14:45:48.200+0000] {processor.py:925} INFO - DAG(s) 'example_sla_dag' retrieved from /home/ubuntu/myenv/lib/python3.12/site-packages/airflow/example_dags/example_sla_dag.py
[2024-08-27T14:45:48.217+0000] {logging_mixin.py:190} INFO - [2024-08-27T14:45:48.217+0000] {dag.py:3211} INFO - Sync 1 DAGs
[2024-08-27T14:45:48.243+0000] {logging_mixin.py:190} INFO - [2024-08-27T14:45:48.243+0000] {dag.py:4138} INFO - Setting next_dagrun for example_sla_dag to 2024-08-27 14:42:00+00:00, run_after=2024-08-27 14:44:00+00:00
[2024-08-27T14:45:48.266+0000] {processor.py:208} INFO - Processing /home/ubuntu/myenv/lib/python3.12/site-packages/airflow/example_dags/example_sla_dag.py took 0.088 seconds
[2024-08-27T14:46:34.704+0000] {processor.py:186} INFO - Started process (PID=6358) to work on /home/ubuntu/myenv/lib/python3.12/site-packages/airflow/example_dags/example_sla_dag.py
[2024-08-27T14:46:34.706+0000] {processor.py:914} INFO - Processing file /home/ubuntu/myenv/lib/python3.12/site-packages/airflow/example_dags/example_sla_dag.py for tasks to queue
[2024-08-27T14:46:34.708+0000] {logging_mixin.py:190} INFO - [2024-08-27T14:46:34.708+0000] {dagbag.py:587} INFO - Filling up the DagBag from /home/ubuntu/myenv/lib/python3.12/site-packages/airflow/example_dags/example_sla_dag.py
[2024-08-27T14:46:34.720+0000] {processor.py:925} INFO - DAG(s) 'example_sla_dag' retrieved from /home/ubuntu/myenv/lib/python3.12/site-packages/airflow/example_dags/example_sla_dag.py
[2024-08-27T14:46:34.737+0000] {logging_mixin.py:190} INFO - [2024-08-27T14:46:34.736+0000] {dag.py:3211} INFO - Sync 1 DAGs
[2024-08-27T14:46:34.762+0000] {logging_mixin.py:190} INFO - [2024-08-27T14:46:34.762+0000] {dag.py:4138} INFO - Setting next_dagrun for example_sla_dag to 2024-08-27 14:44:00+00:00, run_after=2024-08-27 14:46:00+00:00
[2024-08-27T14:46:34.783+0000] {processor.py:208} INFO - Processing /home/ubuntu/myenv/lib/python3.12/site-packages/airflow/example_dags/example_sla_dag.py took 0.085 seconds
[2024-08-27T14:47:23.550+0000] {processor.py:186} INFO - Started process (PID=6407) to work on /home/ubuntu/myenv/lib/python3.12/site-packages/airflow/example_dags/example_sla_dag.py
[2024-08-27T14:47:23.551+0000] {processor.py:914} INFO - Processing file /home/ubuntu/myenv/lib/python3.12/site-packages/airflow/example_dags/example_sla_dag.py for tasks to queue
[2024-08-27T14:47:23.553+0000] {logging_mixin.py:190} INFO - [2024-08-27T14:47:23.553+0000] {dagbag.py:587} INFO - Filling up the DagBag from /home/ubuntu/myenv/lib/python3.12/site-packages/airflow/example_dags/example_sla_dag.py
[2024-08-27T14:47:23.566+0000] {processor.py:925} INFO - DAG(s) 'example_sla_dag' retrieved from /home/ubuntu/myenv/lib/python3.12/site-packages/airflow/example_dags/example_sla_dag.py
[2024-08-27T14:47:23.587+0000] {logging_mixin.py:190} INFO - [2024-08-27T14:47:23.587+0000] {dag.py:3211} INFO - Sync 1 DAGs
[2024-08-27T14:47:23.612+0000] {logging_mixin.py:190} INFO - [2024-08-27T14:47:23.612+0000] {dag.py:4138} INFO - Setting next_dagrun for example_sla_dag to 2024-08-27 14:44:00+00:00, run_after=2024-08-27 14:46:00+00:00
[2024-08-27T14:47:23.635+0000] {processor.py:208} INFO - Processing /home/ubuntu/myenv/lib/python3.12/site-packages/airflow/example_dags/example_sla_dag.py took 0.092 seconds
[2024-08-27T14:48:14.820+0000] {processor.py:186} INFO - Started process (PID=6463) to work on /home/ubuntu/myenv/lib/python3.12/site-packages/airflow/example_dags/example_sla_dag.py
[2024-08-27T14:48:14.822+0000] {processor.py:914} INFO - Processing file /home/ubuntu/myenv/lib/python3.12/site-packages/airflow/example_dags/example_sla_dag.py for tasks to queue
[2024-08-27T14:48:14.825+0000] {logging_mixin.py:190} INFO - [2024-08-27T14:48:14.825+0000] {dagbag.py:587} INFO - Filling up the DagBag from /home/ubuntu/myenv/lib/python3.12/site-packages/airflow/example_dags/example_sla_dag.py
[2024-08-27T14:48:14.837+0000] {processor.py:925} INFO - DAG(s) 'example_sla_dag' retrieved from /home/ubuntu/myenv/lib/python3.12/site-packages/airflow/example_dags/example_sla_dag.py
[2024-08-27T14:48:14.855+0000] {logging_mixin.py:190} INFO - [2024-08-27T14:48:14.855+0000] {dag.py:3211} INFO - Sync 1 DAGs
[2024-08-27T14:48:14.880+0000] {logging_mixin.py:190} INFO - [2024-08-27T14:48:14.880+0000] {dag.py:4138} INFO - Setting next_dagrun for example_sla_dag to 2024-08-27 14:46:00+00:00, run_after=2024-08-27 14:48:00+00:00
[2024-08-27T14:48:14.902+0000] {processor.py:208} INFO - Processing /home/ubuntu/myenv/lib/python3.12/site-packages/airflow/example_dags/example_sla_dag.py took 0.088 seconds
[2024-08-27T14:49:04.769+0000] {processor.py:186} INFO - Started process (PID=6519) to work on /home/ubuntu/myenv/lib/python3.12/site-packages/airflow/example_dags/example_sla_dag.py
[2024-08-27T14:49:04.770+0000] {processor.py:914} INFO - Processing file /home/ubuntu/myenv/lib/python3.12/site-packages/airflow/example_dags/example_sla_dag.py for tasks to queue
[2024-08-27T14:49:04.773+0000] {logging_mixin.py:190} INFO - [2024-08-27T14:49:04.772+0000] {dagbag.py:587} INFO - Filling up the DagBag from /home/ubuntu/myenv/lib/python3.12/site-packages/airflow/example_dags/example_sla_dag.py
[2024-08-27T14:49:04.785+0000] {processor.py:925} INFO - DAG(s) 'example_sla_dag' retrieved from /home/ubuntu/myenv/lib/python3.12/site-packages/airflow/example_dags/example_sla_dag.py
[2024-08-27T14:49:04.803+0000] {logging_mixin.py:190} INFO - [2024-08-27T14:49:04.802+0000] {dag.py:3211} INFO - Sync 1 DAGs
[2024-08-27T14:49:04.828+0000] {logging_mixin.py:190} INFO - [2024-08-27T14:49:04.827+0000] {dag.py:4138} INFO - Setting next_dagrun for example_sla_dag to 2024-08-27 14:46:00+00:00, run_after=2024-08-27 14:48:00+00:00
[2024-08-27T14:49:04.852+0000] {processor.py:208} INFO - Processing /home/ubuntu/myenv/lib/python3.12/site-packages/airflow/example_dags/example_sla_dag.py took 0.090 seconds
[2024-08-27T14:49:57.749+0000] {processor.py:186} INFO - Started process (PID=6574) to work on /home/ubuntu/myenv/lib/python3.12/site-packages/airflow/example_dags/example_sla_dag.py
[2024-08-27T14:49:57.751+0000] {processor.py:914} INFO - Processing file /home/ubuntu/myenv/lib/python3.12/site-packages/airflow/example_dags/example_sla_dag.py for tasks to queue
[2024-08-27T14:49:57.753+0000] {logging_mixin.py:190} INFO - [2024-08-27T14:49:57.753+0000] {dagbag.py:587} INFO - Filling up the DagBag from /home/ubuntu/myenv/lib/python3.12/site-packages/airflow/example_dags/example_sla_dag.py
[2024-08-27T14:49:57.765+0000] {processor.py:925} INFO - DAG(s) 'example_sla_dag' retrieved from /home/ubuntu/myenv/lib/python3.12/site-packages/airflow/example_dags/example_sla_dag.py
[2024-08-27T14:49:57.783+0000] {logging_mixin.py:190} INFO - [2024-08-27T14:49:57.783+0000] {dag.py:3211} INFO - Sync 1 DAGs
[2024-08-27T14:49:57.808+0000] {logging_mixin.py:190} INFO - [2024-08-27T14:49:57.808+0000] {dag.py:4138} INFO - Setting next_dagrun for example_sla_dag to 2024-08-27 14:46:00+00:00, run_after=2024-08-27 14:48:00+00:00
[2024-08-27T14:49:57.831+0000] {processor.py:208} INFO - Processing /home/ubuntu/myenv/lib/python3.12/site-packages/airflow/example_dags/example_sla_dag.py took 0.088 seconds
[2024-08-27T16:09:57.080+0000] {processor.py:186} INFO - Started process (PID=7598) to work on /home/ubuntu/myenv/lib/python3.12/site-packages/airflow/example_dags/example_sla_dag.py
[2024-08-27T16:09:57.081+0000] {processor.py:914} INFO - Processing file /home/ubuntu/myenv/lib/python3.12/site-packages/airflow/example_dags/example_sla_dag.py for tasks to queue
[2024-08-27T16:09:57.084+0000] {logging_mixin.py:190} INFO - [2024-08-27T16:09:57.083+0000] {dagbag.py:587} INFO - Filling up the DagBag from /home/ubuntu/myenv/lib/python3.12/site-packages/airflow/example_dags/example_sla_dag.py
[2024-08-27T16:09:57.095+0000] {processor.py:925} INFO - DAG(s) 'example_sla_dag' retrieved from /home/ubuntu/myenv/lib/python3.12/site-packages/airflow/example_dags/example_sla_dag.py
[2024-08-27T16:09:57.119+0000] {logging_mixin.py:190} INFO - [2024-08-27T16:09:57.119+0000] {dag.py:3211} INFO - Sync 1 DAGs
[2024-08-27T16:09:57.144+0000] {logging_mixin.py:190} INFO - [2024-08-27T16:09:57.143+0000] {dag.py:4138} INFO - Setting next_dagrun for example_sla_dag to 2024-08-27 16:06:00+00:00, run_after=2024-08-27 16:08:00+00:00
[2024-08-27T16:09:57.165+0000] {processor.py:208} INFO - Processing /home/ubuntu/myenv/lib/python3.12/site-packages/airflow/example_dags/example_sla_dag.py took 0.091 seconds
[2024-08-27T16:10:50.532+0000] {processor.py:186} INFO - Started process (PID=7698) to work on /home/ubuntu/myenv/lib/python3.12/site-packages/airflow/example_dags/example_sla_dag.py
[2024-08-27T16:10:50.534+0000] {processor.py:914} INFO - Processing file /home/ubuntu/myenv/lib/python3.12/site-packages/airflow/example_dags/example_sla_dag.py for tasks to queue
[2024-08-27T16:10:50.536+0000] {logging_mixin.py:190} INFO - [2024-08-27T16:10:50.535+0000] {dagbag.py:587} INFO - Filling up the DagBag from /home/ubuntu/myenv/lib/python3.12/site-packages/airflow/example_dags/example_sla_dag.py
[2024-08-27T16:10:50.547+0000] {processor.py:925} INFO - DAG(s) 'example_sla_dag' retrieved from /home/ubuntu/myenv/lib/python3.12/site-packages/airflow/example_dags/example_sla_dag.py
[2024-08-27T16:10:50.565+0000] {logging_mixin.py:190} INFO - [2024-08-27T16:10:50.565+0000] {dag.py:3211} INFO - Sync 1 DAGs
[2024-08-27T16:10:50.590+0000] {logging_mixin.py:190} INFO - [2024-08-27T16:10:50.590+0000] {dag.py:4138} INFO - Setting next_dagrun for example_sla_dag to 2024-08-27 16:08:00+00:00, run_after=2024-08-27 16:10:00+00:00
[2024-08-27T16:10:50.612+0000] {processor.py:208} INFO - Processing /home/ubuntu/myenv/lib/python3.12/site-packages/airflow/example_dags/example_sla_dag.py took 0.086 seconds
[2024-08-27T16:11:41.119+0000] {processor.py:186} INFO - Started process (PID=7757) to work on /home/ubuntu/myenv/lib/python3.12/site-packages/airflow/example_dags/example_sla_dag.py
[2024-08-27T16:11:41.120+0000] {processor.py:914} INFO - Processing file /home/ubuntu/myenv/lib/python3.12/site-packages/airflow/example_dags/example_sla_dag.py for tasks to queue
[2024-08-27T16:11:41.123+0000] {logging_mixin.py:190} INFO - [2024-08-27T16:11:41.122+0000] {dagbag.py:587} INFO - Filling up the DagBag from /home/ubuntu/myenv/lib/python3.12/site-packages/airflow/example_dags/example_sla_dag.py
[2024-08-27T16:11:41.134+0000] {processor.py:925} INFO - DAG(s) 'example_sla_dag' retrieved from /home/ubuntu/myenv/lib/python3.12/site-packages/airflow/example_dags/example_sla_dag.py
[2024-08-27T16:11:41.151+0000] {logging_mixin.py:190} INFO - [2024-08-27T16:11:41.150+0000] {dag.py:3211} INFO - Sync 1 DAGs
[2024-08-27T16:11:41.174+0000] {logging_mixin.py:190} INFO - [2024-08-27T16:11:41.174+0000] {dag.py:4138} INFO - Setting next_dagrun for example_sla_dag to 2024-08-27 16:08:00+00:00, run_after=2024-08-27 16:10:00+00:00
[2024-08-27T16:11:41.198+0000] {processor.py:208} INFO - Processing /home/ubuntu/myenv/lib/python3.12/site-packages/airflow/example_dags/example_sla_dag.py took 0.085 seconds
[2024-08-27T16:12:31.148+0000] {processor.py:186} INFO - Started process (PID=7879) to work on /home/ubuntu/myenv/lib/python3.12/site-packages/airflow/example_dags/example_sla_dag.py
[2024-08-27T16:12:31.149+0000] {processor.py:914} INFO - Processing file /home/ubuntu/myenv/lib/python3.12/site-packages/airflow/example_dags/example_sla_dag.py for tasks to queue
[2024-08-27T16:12:31.152+0000] {logging_mixin.py:190} INFO - [2024-08-27T16:12:31.151+0000] {dagbag.py:587} INFO - Filling up the DagBag from /home/ubuntu/myenv/lib/python3.12/site-packages/airflow/example_dags/example_sla_dag.py
[2024-08-27T16:12:31.163+0000] {processor.py:925} INFO - DAG(s) 'example_sla_dag' retrieved from /home/ubuntu/myenv/lib/python3.12/site-packages/airflow/example_dags/example_sla_dag.py
[2024-08-27T16:12:31.181+0000] {logging_mixin.py:190} INFO - [2024-08-27T16:12:31.181+0000] {dag.py:3211} INFO - Sync 1 DAGs
[2024-08-27T16:12:31.205+0000] {logging_mixin.py:190} INFO - [2024-08-27T16:12:31.205+0000] {dag.py:4138} INFO - Setting next_dagrun for example_sla_dag to 2024-08-27 16:10:00+00:00, run_after=2024-08-27 16:12:00+00:00
[2024-08-27T16:12:31.228+0000] {processor.py:208} INFO - Processing /home/ubuntu/myenv/lib/python3.12/site-packages/airflow/example_dags/example_sla_dag.py took 0.086 seconds
[2024-08-27T16:13:24.020+0000] {processor.py:186} INFO - Started process (PID=7969) to work on /home/ubuntu/myenv/lib/python3.12/site-packages/airflow/example_dags/example_sla_dag.py
[2024-08-27T16:13:24.022+0000] {processor.py:914} INFO - Processing file /home/ubuntu/myenv/lib/python3.12/site-packages/airflow/example_dags/example_sla_dag.py for tasks to queue
[2024-08-27T16:13:24.024+0000] {logging_mixin.py:190} INFO - [2024-08-27T16:13:24.024+0000] {dagbag.py:587} INFO - Filling up the DagBag from /home/ubuntu/myenv/lib/python3.12/site-packages/airflow/example_dags/example_sla_dag.py
[2024-08-27T16:13:24.036+0000] {processor.py:925} INFO - DAG(s) 'example_sla_dag' retrieved from /home/ubuntu/myenv/lib/python3.12/site-packages/airflow/example_dags/example_sla_dag.py
[2024-08-27T16:13:24.053+0000] {logging_mixin.py:190} INFO - [2024-08-27T16:13:24.053+0000] {dag.py:3211} INFO - Sync 1 DAGs
[2024-08-27T16:13:24.078+0000] {logging_mixin.py:190} INFO - [2024-08-27T16:13:24.078+0000] {dag.py:4138} INFO - Setting next_dagrun for example_sla_dag to 2024-08-27 16:10:00+00:00, run_after=2024-08-27 16:12:00+00:00
[2024-08-27T16:13:24.101+0000] {processor.py:208} INFO - Processing /home/ubuntu/myenv/lib/python3.12/site-packages/airflow/example_dags/example_sla_dag.py took 0.087 seconds
