[2024-08-27T14:35:07.682+0000] {processor.py:186} INFO - Started process (PID=5563) to work on /home/ubuntu/myenv/lib/python3.12/site-packages/airflow/example_dags/example_branch_day_of_week_operator.py
[2024-08-27T14:35:07.683+0000] {processor.py:914} INFO - Processing file /home/ubuntu/myenv/lib/python3.12/site-packages/airflow/example_dags/example_branch_day_of_week_operator.py for tasks to queue
[2024-08-27T14:35:07.685+0000] {logging_mixin.py:190} INFO - [2024-08-27T14:35:07.685+0000] {dagbag.py:587} INFO - Filling up the DagBag from /home/ubuntu/myenv/lib/python3.12/site-packages/airflow/example_dags/example_branch_day_of_week_operator.py
[2024-08-27T14:35:07.696+0000] {processor.py:925} INFO - DAG(s) 'example_weekday_branch_operator' retrieved from /home/ubuntu/myenv/lib/python3.12/site-packages/airflow/example_dags/example_branch_day_of_week_operator.py
[2024-08-27T14:35:07.818+0000] {logging_mixin.py:190} INFO - [2024-08-27T14:35:07.817+0000] {override.py:1900} INFO - Created Permission View: can delete on DAG:example_weekday_branch_operator
[2024-08-27T14:35:07.832+0000] {logging_mixin.py:190} INFO - [2024-08-27T14:35:07.831+0000] {override.py:1900} INFO - Created Permission View: can edit on DAG:example_weekday_branch_operator
[2024-08-27T14:35:07.844+0000] {logging_mixin.py:190} INFO - [2024-08-27T14:35:07.844+0000] {override.py:1900} INFO - Created Permission View: can read on DAG:example_weekday_branch_operator
[2024-08-27T14:35:07.862+0000] {logging_mixin.py:190} INFO - [2024-08-27T14:35:07.861+0000] {override.py:1900} INFO - Created Permission View: can create on DAG Run:example_weekday_branch_operator
[2024-08-27T14:35:07.872+0000] {logging_mixin.py:190} INFO - [2024-08-27T14:35:07.871+0000] {override.py:1900} INFO - Created Permission View: menu access on DAG Run:example_weekday_branch_operator
[2024-08-27T14:35:07.882+0000] {logging_mixin.py:190} INFO - [2024-08-27T14:35:07.881+0000] {override.py:1900} INFO - Created Permission View: can delete on DAG Run:example_weekday_branch_operator
[2024-08-27T14:35:07.893+0000] {logging_mixin.py:190} INFO - [2024-08-27T14:35:07.892+0000] {override.py:1900} INFO - Created Permission View: can read on DAG Run:example_weekday_branch_operator
[2024-08-27T14:35:07.893+0000] {logging_mixin.py:190} INFO - [2024-08-27T14:35:07.893+0000] {dag.py:3211} INFO - Sync 1 DAGs
[2024-08-27T14:35:07.906+0000] {logging_mixin.py:190} INFO - [2024-08-27T14:35:07.906+0000] {dag.py:3234} INFO - Creating ORM DAG for example_weekday_branch_operator
[2024-08-27T14:35:07.918+0000] {logging_mixin.py:190} INFO - [2024-08-27T14:35:07.918+0000] {dag.py:4138} INFO - Setting next_dagrun for example_weekday_branch_operator to 2024-08-26 00:00:00+00:00, run_after=2024-08-27 00:00:00+00:00
[2024-08-27T14:35:07.940+0000] {processor.py:208} INFO - Processing /home/ubuntu/myenv/lib/python3.12/site-packages/airflow/example_dags/example_branch_day_of_week_operator.py took 0.264 seconds
[2024-08-27T14:36:06.772+0000] {processor.py:186} INFO - Started process (PID=5637) to work on /home/ubuntu/myenv/lib/python3.12/site-packages/airflow/example_dags/example_branch_day_of_week_operator.py
[2024-08-27T14:36:06.774+0000] {processor.py:914} INFO - Processing file /home/ubuntu/myenv/lib/python3.12/site-packages/airflow/example_dags/example_branch_day_of_week_operator.py for tasks to queue
[2024-08-27T14:36:06.776+0000] {logging_mixin.py:190} INFO - [2024-08-27T14:36:06.775+0000] {dagbag.py:587} INFO - Filling up the DagBag from /home/ubuntu/myenv/lib/python3.12/site-packages/airflow/example_dags/example_branch_day_of_week_operator.py
[2024-08-27T14:36:06.787+0000] {processor.py:925} INFO - DAG(s) 'example_weekday_branch_operator' retrieved from /home/ubuntu/myenv/lib/python3.12/site-packages/airflow/example_dags/example_branch_day_of_week_operator.py
[2024-08-27T14:36:06.806+0000] {logging_mixin.py:190} INFO - [2024-08-27T14:36:06.806+0000] {dag.py:3211} INFO - Sync 1 DAGs
[2024-08-27T14:36:06.830+0000] {logging_mixin.py:190} INFO - [2024-08-27T14:36:06.829+0000] {dag.py:4138} INFO - Setting next_dagrun for example_weekday_branch_operator to 2024-08-26 00:00:00+00:00, run_after=2024-08-27 00:00:00+00:00
[2024-08-27T14:36:06.852+0000] {processor.py:208} INFO - Processing /home/ubuntu/myenv/lib/python3.12/site-packages/airflow/example_dags/example_branch_day_of_week_operator.py took 0.086 seconds
[2024-08-27T14:37:20.737+0000] {processor.py:186} INFO - Started process (PID=5739) to work on /home/ubuntu/myenv/lib/python3.12/site-packages/airflow/example_dags/example_branch_day_of_week_operator.py
[2024-08-27T14:37:20.738+0000] {processor.py:914} INFO - Processing file /home/ubuntu/myenv/lib/python3.12/site-packages/airflow/example_dags/example_branch_day_of_week_operator.py for tasks to queue
[2024-08-27T14:37:20.740+0000] {logging_mixin.py:190} INFO - [2024-08-27T14:37:20.740+0000] {dagbag.py:587} INFO - Filling up the DagBag from /home/ubuntu/myenv/lib/python3.12/site-packages/airflow/example_dags/example_branch_day_of_week_operator.py
[2024-08-27T14:37:20.752+0000] {processor.py:925} INFO - DAG(s) 'example_weekday_branch_operator' retrieved from /home/ubuntu/myenv/lib/python3.12/site-packages/airflow/example_dags/example_branch_day_of_week_operator.py
[2024-08-27T14:37:20.770+0000] {logging_mixin.py:190} INFO - [2024-08-27T14:37:20.770+0000] {dag.py:3211} INFO - Sync 1 DAGs
[2024-08-27T14:37:20.793+0000] {logging_mixin.py:190} INFO - [2024-08-27T14:37:20.793+0000] {dag.py:4138} INFO - Setting next_dagrun for example_weekday_branch_operator to 2024-08-26 00:00:00+00:00, run_after=2024-08-27 00:00:00+00:00
[2024-08-27T14:37:20.815+0000] {processor.py:208} INFO - Processing /home/ubuntu/myenv/lib/python3.12/site-packages/airflow/example_dags/example_branch_day_of_week_operator.py took 0.084 seconds
[2024-08-27T14:38:36.929+0000] {processor.py:186} INFO - Started process (PID=5837) to work on /home/ubuntu/myenv/lib/python3.12/site-packages/airflow/example_dags/example_branch_day_of_week_operator.py
[2024-08-27T14:38:36.931+0000] {processor.py:914} INFO - Processing file /home/ubuntu/myenv/lib/python3.12/site-packages/airflow/example_dags/example_branch_day_of_week_operator.py for tasks to queue
[2024-08-27T14:38:36.933+0000] {logging_mixin.py:190} INFO - [2024-08-27T14:38:36.933+0000] {dagbag.py:587} INFO - Filling up the DagBag from /home/ubuntu/myenv/lib/python3.12/site-packages/airflow/example_dags/example_branch_day_of_week_operator.py
[2024-08-27T14:38:36.944+0000] {processor.py:925} INFO - DAG(s) 'example_weekday_branch_operator' retrieved from /home/ubuntu/myenv/lib/python3.12/site-packages/airflow/example_dags/example_branch_day_of_week_operator.py
[2024-08-27T14:38:36.963+0000] {logging_mixin.py:190} INFO - [2024-08-27T14:38:36.963+0000] {dag.py:3211} INFO - Sync 1 DAGs
[2024-08-27T14:38:36.986+0000] {logging_mixin.py:190} INFO - [2024-08-27T14:38:36.986+0000] {dag.py:4138} INFO - Setting next_dagrun for example_weekday_branch_operator to 2024-08-26 00:00:00+00:00, run_after=2024-08-27 00:00:00+00:00
[2024-08-27T14:38:37.140+0000] {processor.py:208} INFO - Processing /home/ubuntu/myenv/lib/python3.12/site-packages/airflow/example_dags/example_branch_day_of_week_operator.py took 0.217 seconds
[2024-08-27T14:39:43.964+0000] {processor.py:186} INFO - Started process (PID=5918) to work on /home/ubuntu/myenv/lib/python3.12/site-packages/airflow/example_dags/example_branch_day_of_week_operator.py
[2024-08-27T14:39:43.965+0000] {processor.py:914} INFO - Processing file /home/ubuntu/myenv/lib/python3.12/site-packages/airflow/example_dags/example_branch_day_of_week_operator.py for tasks to queue
[2024-08-27T14:39:43.968+0000] {logging_mixin.py:190} INFO - [2024-08-27T14:39:43.967+0000] {dagbag.py:587} INFO - Filling up the DagBag from /home/ubuntu/myenv/lib/python3.12/site-packages/airflow/example_dags/example_branch_day_of_week_operator.py
[2024-08-27T14:39:43.979+0000] {processor.py:925} INFO - DAG(s) 'example_weekday_branch_operator' retrieved from /home/ubuntu/myenv/lib/python3.12/site-packages/airflow/example_dags/example_branch_day_of_week_operator.py
[2024-08-27T14:39:43.998+0000] {logging_mixin.py:190} INFO - [2024-08-27T14:39:43.998+0000] {dag.py:3211} INFO - Sync 1 DAGs
[2024-08-27T14:39:44.024+0000] {logging_mixin.py:190} INFO - [2024-08-27T14:39:44.024+0000] {dag.py:4138} INFO - Setting next_dagrun for example_weekday_branch_operator to 2024-08-26 00:00:00+00:00, run_after=2024-08-27 00:00:00+00:00
[2024-08-27T14:39:44.047+0000] {processor.py:208} INFO - Processing /home/ubuntu/myenv/lib/python3.12/site-packages/airflow/example_dags/example_branch_day_of_week_operator.py took 0.090 seconds
[2024-08-27T14:40:58.441+0000] {processor.py:186} INFO - Started process (PID=6007) to work on /home/ubuntu/myenv/lib/python3.12/site-packages/airflow/example_dags/example_branch_day_of_week_operator.py
[2024-08-27T14:40:58.443+0000] {processor.py:914} INFO - Processing file /home/ubuntu/myenv/lib/python3.12/site-packages/airflow/example_dags/example_branch_day_of_week_operator.py for tasks to queue
[2024-08-27T14:40:58.445+0000] {logging_mixin.py:190} INFO - [2024-08-27T14:40:58.444+0000] {dagbag.py:587} INFO - Filling up the DagBag from /home/ubuntu/myenv/lib/python3.12/site-packages/airflow/example_dags/example_branch_day_of_week_operator.py
[2024-08-27T14:40:58.456+0000] {processor.py:925} INFO - DAG(s) 'example_weekday_branch_operator' retrieved from /home/ubuntu/myenv/lib/python3.12/site-packages/airflow/example_dags/example_branch_day_of_week_operator.py
[2024-08-27T14:40:58.475+0000] {logging_mixin.py:190} INFO - [2024-08-27T14:40:58.474+0000] {dag.py:3211} INFO - Sync 1 DAGs
[2024-08-27T14:40:58.498+0000] {logging_mixin.py:190} INFO - [2024-08-27T14:40:58.498+0000] {dag.py:4138} INFO - Setting next_dagrun for example_weekday_branch_operator to 2024-08-26 00:00:00+00:00, run_after=2024-08-27 00:00:00+00:00
[2024-08-27T14:40:58.521+0000] {processor.py:208} INFO - Processing /home/ubuntu/myenv/lib/python3.12/site-packages/airflow/example_dags/example_branch_day_of_week_operator.py took 0.086 seconds
[2024-08-27T14:42:14.004+0000] {processor.py:186} INFO - Started process (PID=6083) to work on /home/ubuntu/myenv/lib/python3.12/site-packages/airflow/example_dags/example_branch_day_of_week_operator.py
[2024-08-27T14:42:14.006+0000] {processor.py:914} INFO - Processing file /home/ubuntu/myenv/lib/python3.12/site-packages/airflow/example_dags/example_branch_day_of_week_operator.py for tasks to queue
[2024-08-27T14:42:14.009+0000] {logging_mixin.py:190} INFO - [2024-08-27T14:42:14.008+0000] {dagbag.py:587} INFO - Filling up the DagBag from /home/ubuntu/myenv/lib/python3.12/site-packages/airflow/example_dags/example_branch_day_of_week_operator.py
[2024-08-27T14:42:14.020+0000] {processor.py:925} INFO - DAG(s) 'example_weekday_branch_operator' retrieved from /home/ubuntu/myenv/lib/python3.12/site-packages/airflow/example_dags/example_branch_day_of_week_operator.py
[2024-08-27T14:42:14.040+0000] {logging_mixin.py:190} INFO - [2024-08-27T14:42:14.039+0000] {dag.py:3211} INFO - Sync 1 DAGs
[2024-08-27T14:42:14.064+0000] {logging_mixin.py:190} INFO - [2024-08-27T14:42:14.064+0000] {dag.py:4138} INFO - Setting next_dagrun for example_weekday_branch_operator to 2024-08-26 00:00:00+00:00, run_after=2024-08-27 00:00:00+00:00
[2024-08-27T14:42:14.087+0000] {processor.py:208} INFO - Processing /home/ubuntu/myenv/lib/python3.12/site-packages/airflow/example_dags/example_branch_day_of_week_operator.py took 0.089 seconds
[2024-08-27T14:43:30.461+0000] {processor.py:186} INFO - Started process (PID=6161) to work on /home/ubuntu/myenv/lib/python3.12/site-packages/airflow/example_dags/example_branch_day_of_week_operator.py
[2024-08-27T14:43:30.462+0000] {processor.py:914} INFO - Processing file /home/ubuntu/myenv/lib/python3.12/site-packages/airflow/example_dags/example_branch_day_of_week_operator.py for tasks to queue
[2024-08-27T14:43:30.465+0000] {logging_mixin.py:190} INFO - [2024-08-27T14:43:30.464+0000] {dagbag.py:587} INFO - Filling up the DagBag from /home/ubuntu/myenv/lib/python3.12/site-packages/airflow/example_dags/example_branch_day_of_week_operator.py
[2024-08-27T14:43:30.476+0000] {processor.py:925} INFO - DAG(s) 'example_weekday_branch_operator' retrieved from /home/ubuntu/myenv/lib/python3.12/site-packages/airflow/example_dags/example_branch_day_of_week_operator.py
[2024-08-27T14:43:30.495+0000] {logging_mixin.py:190} INFO - [2024-08-27T14:43:30.495+0000] {dag.py:3211} INFO - Sync 1 DAGs
[2024-08-27T14:43:30.518+0000] {logging_mixin.py:190} INFO - [2024-08-27T14:43:30.518+0000] {dag.py:4138} INFO - Setting next_dagrun for example_weekday_branch_operator to 2024-08-26 00:00:00+00:00, run_after=2024-08-27 00:00:00+00:00
[2024-08-27T14:43:30.540+0000] {processor.py:208} INFO - Processing /home/ubuntu/myenv/lib/python3.12/site-packages/airflow/example_dags/example_branch_day_of_week_operator.py took 0.086 seconds
[2024-08-27T14:44:44.987+0000] {processor.py:186} INFO - Started process (PID=6240) to work on /home/ubuntu/myenv/lib/python3.12/site-packages/airflow/example_dags/example_branch_day_of_week_operator.py
[2024-08-27T14:44:44.989+0000] {processor.py:914} INFO - Processing file /home/ubuntu/myenv/lib/python3.12/site-packages/airflow/example_dags/example_branch_day_of_week_operator.py for tasks to queue
[2024-08-27T14:44:44.991+0000] {logging_mixin.py:190} INFO - [2024-08-27T14:44:44.991+0000] {dagbag.py:587} INFO - Filling up the DagBag from /home/ubuntu/myenv/lib/python3.12/site-packages/airflow/example_dags/example_branch_day_of_week_operator.py
[2024-08-27T14:44:45.003+0000] {processor.py:925} INFO - DAG(s) 'example_weekday_branch_operator' retrieved from /home/ubuntu/myenv/lib/python3.12/site-packages/airflow/example_dags/example_branch_day_of_week_operator.py
[2024-08-27T14:44:45.022+0000] {logging_mixin.py:190} INFO - [2024-08-27T14:44:45.022+0000] {dag.py:3211} INFO - Sync 1 DAGs
[2024-08-27T14:44:45.046+0000] {logging_mixin.py:190} INFO - [2024-08-27T14:44:45.045+0000] {dag.py:4138} INFO - Setting next_dagrun for example_weekday_branch_operator to 2024-08-26 00:00:00+00:00, run_after=2024-08-27 00:00:00+00:00
[2024-08-27T14:44:45.069+0000] {processor.py:208} INFO - Processing /home/ubuntu/myenv/lib/python3.12/site-packages/airflow/example_dags/example_branch_day_of_week_operator.py took 0.087 seconds
[2024-08-27T14:46:02.590+0000] {processor.py:186} INFO - Started process (PID=6323) to work on /home/ubuntu/myenv/lib/python3.12/site-packages/airflow/example_dags/example_branch_day_of_week_operator.py
[2024-08-27T14:46:02.592+0000] {processor.py:914} INFO - Processing file /home/ubuntu/myenv/lib/python3.12/site-packages/airflow/example_dags/example_branch_day_of_week_operator.py for tasks to queue
[2024-08-27T14:46:02.594+0000] {logging_mixin.py:190} INFO - [2024-08-27T14:46:02.594+0000] {dagbag.py:587} INFO - Filling up the DagBag from /home/ubuntu/myenv/lib/python3.12/site-packages/airflow/example_dags/example_branch_day_of_week_operator.py
[2024-08-27T14:46:02.606+0000] {processor.py:925} INFO - DAG(s) 'example_weekday_branch_operator' retrieved from /home/ubuntu/myenv/lib/python3.12/site-packages/airflow/example_dags/example_branch_day_of_week_operator.py
[2024-08-27T14:46:02.626+0000] {logging_mixin.py:190} INFO - [2024-08-27T14:46:02.625+0000] {dag.py:3211} INFO - Sync 1 DAGs
[2024-08-27T14:46:02.650+0000] {logging_mixin.py:190} INFO - [2024-08-27T14:46:02.650+0000] {dag.py:4138} INFO - Setting next_dagrun for example_weekday_branch_operator to 2024-08-26 00:00:00+00:00, run_after=2024-08-27 00:00:00+00:00
[2024-08-27T14:46:02.675+0000] {processor.py:208} INFO - Processing /home/ubuntu/myenv/lib/python3.12/site-packages/airflow/example_dags/example_branch_day_of_week_operator.py took 0.092 seconds
[2024-08-27T14:47:12.108+0000] {processor.py:186} INFO - Started process (PID=6396) to work on /home/ubuntu/myenv/lib/python3.12/site-packages/airflow/example_dags/example_branch_day_of_week_operator.py
[2024-08-27T14:47:12.109+0000] {processor.py:914} INFO - Processing file /home/ubuntu/myenv/lib/python3.12/site-packages/airflow/example_dags/example_branch_day_of_week_operator.py for tasks to queue
[2024-08-27T14:47:12.111+0000] {logging_mixin.py:190} INFO - [2024-08-27T14:47:12.111+0000] {dagbag.py:587} INFO - Filling up the DagBag from /home/ubuntu/myenv/lib/python3.12/site-packages/airflow/example_dags/example_branch_day_of_week_operator.py
[2024-08-27T14:47:12.124+0000] {processor.py:925} INFO - DAG(s) 'example_weekday_branch_operator' retrieved from /home/ubuntu/myenv/lib/python3.12/site-packages/airflow/example_dags/example_branch_day_of_week_operator.py
[2024-08-27T14:47:12.143+0000] {logging_mixin.py:190} INFO - [2024-08-27T14:47:12.143+0000] {dag.py:3211} INFO - Sync 1 DAGs
[2024-08-27T14:47:12.167+0000] {logging_mixin.py:190} INFO - [2024-08-27T14:47:12.167+0000] {dag.py:4138} INFO - Setting next_dagrun for example_weekday_branch_operator to 2024-08-26 00:00:00+00:00, run_after=2024-08-27 00:00:00+00:00
[2024-08-27T14:47:12.191+0000] {processor.py:208} INFO - Processing /home/ubuntu/myenv/lib/python3.12/site-packages/airflow/example_dags/example_branch_day_of_week_operator.py took 0.090 seconds
[2024-08-27T14:48:29.074+0000] {processor.py:186} INFO - Started process (PID=6480) to work on /home/ubuntu/myenv/lib/python3.12/site-packages/airflow/example_dags/example_branch_day_of_week_operator.py
[2024-08-27T14:48:29.076+0000] {processor.py:914} INFO - Processing file /home/ubuntu/myenv/lib/python3.12/site-packages/airflow/example_dags/example_branch_day_of_week_operator.py for tasks to queue
[2024-08-27T14:48:29.078+0000] {logging_mixin.py:190} INFO - [2024-08-27T14:48:29.077+0000] {dagbag.py:587} INFO - Filling up the DagBag from /home/ubuntu/myenv/lib/python3.12/site-packages/airflow/example_dags/example_branch_day_of_week_operator.py
[2024-08-27T14:48:29.089+0000] {processor.py:925} INFO - DAG(s) 'example_weekday_branch_operator' retrieved from /home/ubuntu/myenv/lib/python3.12/site-packages/airflow/example_dags/example_branch_day_of_week_operator.py
[2024-08-27T14:48:29.108+0000] {logging_mixin.py:190} INFO - [2024-08-27T14:48:29.108+0000] {dag.py:3211} INFO - Sync 1 DAGs
[2024-08-27T14:48:29.131+0000] {logging_mixin.py:190} INFO - [2024-08-27T14:48:29.130+0000] {dag.py:4138} INFO - Setting next_dagrun for example_weekday_branch_operator to 2024-08-26 00:00:00+00:00, run_after=2024-08-27 00:00:00+00:00
[2024-08-27T14:48:29.153+0000] {processor.py:208} INFO - Processing /home/ubuntu/myenv/lib/python3.12/site-packages/airflow/example_dags/example_branch_day_of_week_operator.py took 0.086 seconds
[2024-08-27T14:49:46.512+0000] {processor.py:186} INFO - Started process (PID=6563) to work on /home/ubuntu/myenv/lib/python3.12/site-packages/airflow/example_dags/example_branch_day_of_week_operator.py
[2024-08-27T14:49:46.514+0000] {processor.py:914} INFO - Processing file /home/ubuntu/myenv/lib/python3.12/site-packages/airflow/example_dags/example_branch_day_of_week_operator.py for tasks to queue
[2024-08-27T14:49:46.516+0000] {logging_mixin.py:190} INFO - [2024-08-27T14:49:46.516+0000] {dagbag.py:587} INFO - Filling up the DagBag from /home/ubuntu/myenv/lib/python3.12/site-packages/airflow/example_dags/example_branch_day_of_week_operator.py
[2024-08-27T14:49:46.527+0000] {processor.py:925} INFO - DAG(s) 'example_weekday_branch_operator' retrieved from /home/ubuntu/myenv/lib/python3.12/site-packages/airflow/example_dags/example_branch_day_of_week_operator.py
[2024-08-27T14:49:46.546+0000] {logging_mixin.py:190} INFO - [2024-08-27T14:49:46.546+0000] {dag.py:3211} INFO - Sync 1 DAGs
[2024-08-27T14:49:46.570+0000] {logging_mixin.py:190} INFO - [2024-08-27T14:49:46.570+0000] {dag.py:4138} INFO - Setting next_dagrun for example_weekday_branch_operator to 2024-08-26 00:00:00+00:00, run_after=2024-08-27 00:00:00+00:00
[2024-08-27T14:49:46.593+0000] {processor.py:208} INFO - Processing /home/ubuntu/myenv/lib/python3.12/site-packages/airflow/example_dags/example_branch_day_of_week_operator.py took 0.088 seconds
[2024-08-27T16:10:33.027+0000] {processor.py:186} INFO - Started process (PID=7641) to work on /home/ubuntu/myenv/lib/python3.12/site-packages/airflow/example_dags/example_branch_day_of_week_operator.py
[2024-08-27T16:10:33.028+0000] {processor.py:914} INFO - Processing file /home/ubuntu/myenv/lib/python3.12/site-packages/airflow/example_dags/example_branch_day_of_week_operator.py for tasks to queue
[2024-08-27T16:10:33.030+0000] {logging_mixin.py:190} INFO - [2024-08-27T16:10:33.030+0000] {dagbag.py:587} INFO - Filling up the DagBag from /home/ubuntu/myenv/lib/python3.12/site-packages/airflow/example_dags/example_branch_day_of_week_operator.py
[2024-08-27T16:10:33.042+0000] {processor.py:925} INFO - DAG(s) 'example_weekday_branch_operator' retrieved from /home/ubuntu/myenv/lib/python3.12/site-packages/airflow/example_dags/example_branch_day_of_week_operator.py
[2024-08-27T16:10:33.060+0000] {logging_mixin.py:190} INFO - [2024-08-27T16:10:33.060+0000] {dag.py:3211} INFO - Sync 1 DAGs
[2024-08-27T16:10:33.083+0000] {logging_mixin.py:190} INFO - [2024-08-27T16:10:33.082+0000] {dag.py:4138} INFO - Setting next_dagrun for example_weekday_branch_operator to 2024-08-26 00:00:00+00:00, run_after=2024-08-27 00:00:00+00:00
[2024-08-27T16:10:33.107+0000] {processor.py:208} INFO - Processing /home/ubuntu/myenv/lib/python3.12/site-packages/airflow/example_dags/example_branch_day_of_week_operator.py took 0.086 seconds
[2024-08-27T16:11:48.559+0000] {processor.py:186} INFO - Started process (PID=7813) to work on /home/ubuntu/myenv/lib/python3.12/site-packages/airflow/example_dags/example_branch_day_of_week_operator.py
[2024-08-27T16:11:48.561+0000] {processor.py:914} INFO - Processing file /home/ubuntu/myenv/lib/python3.12/site-packages/airflow/example_dags/example_branch_day_of_week_operator.py for tasks to queue
[2024-08-27T16:11:48.563+0000] {logging_mixin.py:190} INFO - [2024-08-27T16:11:48.562+0000] {dagbag.py:587} INFO - Filling up the DagBag from /home/ubuntu/myenv/lib/python3.12/site-packages/airflow/example_dags/example_branch_day_of_week_operator.py
[2024-08-27T16:11:48.573+0000] {processor.py:925} INFO - DAG(s) 'example_weekday_branch_operator' retrieved from /home/ubuntu/myenv/lib/python3.12/site-packages/airflow/example_dags/example_branch_day_of_week_operator.py
[2024-08-27T16:11:48.592+0000] {logging_mixin.py:190} INFO - [2024-08-27T16:11:48.591+0000] {dag.py:3211} INFO - Sync 1 DAGs
[2024-08-27T16:11:48.614+0000] {logging_mixin.py:190} INFO - [2024-08-27T16:11:48.614+0000] {dag.py:4138} INFO - Setting next_dagrun for example_weekday_branch_operator to 2024-08-26 00:00:00+00:00, run_after=2024-08-27 00:00:00+00:00
[2024-08-27T16:11:48.638+0000] {processor.py:208} INFO - Processing /home/ubuntu/myenv/lib/python3.12/site-packages/airflow/example_dags/example_branch_day_of_week_operator.py took 0.085 seconds
[2024-08-27T16:13:05.374+0000] {processor.py:186} INFO - Started process (PID=7949) to work on /home/ubuntu/myenv/lib/python3.12/site-packages/airflow/example_dags/example_branch_day_of_week_operator.py
[2024-08-27T16:13:05.375+0000] {processor.py:914} INFO - Processing file /home/ubuntu/myenv/lib/python3.12/site-packages/airflow/example_dags/example_branch_day_of_week_operator.py for tasks to queue
[2024-08-27T16:13:05.378+0000] {logging_mixin.py:190} INFO - [2024-08-27T16:13:05.377+0000] {dagbag.py:587} INFO - Filling up the DagBag from /home/ubuntu/myenv/lib/python3.12/site-packages/airflow/example_dags/example_branch_day_of_week_operator.py
[2024-08-27T16:13:05.389+0000] {processor.py:925} INFO - DAG(s) 'example_weekday_branch_operator' retrieved from /home/ubuntu/myenv/lib/python3.12/site-packages/airflow/example_dags/example_branch_day_of_week_operator.py
[2024-08-27T16:13:05.408+0000] {logging_mixin.py:190} INFO - [2024-08-27T16:13:05.408+0000] {dag.py:3211} INFO - Sync 1 DAGs
[2024-08-27T16:13:05.432+0000] {logging_mixin.py:190} INFO - [2024-08-27T16:13:05.432+0000] {dag.py:4138} INFO - Setting next_dagrun for example_weekday_branch_operator to 2024-08-26 00:00:00+00:00, run_after=2024-08-27 00:00:00+00:00
[2024-08-27T16:13:05.456+0000] {processor.py:208} INFO - Processing /home/ubuntu/myenv/lib/python3.12/site-packages/airflow/example_dags/example_branch_day_of_week_operator.py took 0.089 seconds
