[2024-08-27T14:34:24.387+0000] {processor.py:186} INFO - Started process (PID=5526) to work on /home/ubuntu/myenv/lib/python3.12/site-packages/airflow/example_dags/example_subdag_operator.py
[2024-08-27T14:34:24.388+0000] {processor.py:914} INFO - Processing file /home/ubuntu/myenv/lib/python3.12/site-packages/airflow/example_dags/example_subdag_operator.py for tasks to queue
[2024-08-27T14:34:24.390+0000] {logging_mixin.py:190} INFO - [2024-08-27T14:34:24.390+0000] {dagbag.py:587} INFO - Filling up the DagBag from /home/ubuntu/myenv/lib/python3.12/site-packages/airflow/example_dags/example_subdag_operator.py
[2024-08-27T14:34:24.415+0000] {processor.py:925} INFO - DAG(s) 'example_subdag_operator.section-1', 'example_subdag_operator.section-2', 'example_subdag_operator' retrieved from /home/ubuntu/myenv/lib/python3.12/site-packages/airflow/example_dags/example_subdag_operator.py
[2024-08-27T14:34:24.533+0000] {logging_mixin.py:190} INFO - [2024-08-27T14:34:24.533+0000] {override.py:1900} INFO - Created Permission View: can delete on DAG:example_subdag_operator
[2024-08-27T14:34:24.547+0000] {logging_mixin.py:190} INFO - [2024-08-27T14:34:24.546+0000] {override.py:1900} INFO - Created Permission View: can edit on DAG:example_subdag_operator
[2024-08-27T14:34:24.556+0000] {logging_mixin.py:190} INFO - [2024-08-27T14:34:24.556+0000] {override.py:1900} INFO - Created Permission View: can read on DAG:example_subdag_operator
[2024-08-27T14:34:24.573+0000] {logging_mixin.py:190} INFO - [2024-08-27T14:34:24.572+0000] {override.py:1900} INFO - Created Permission View: can create on DAG Run:example_subdag_operator
[2024-08-27T14:34:24.582+0000] {logging_mixin.py:190} INFO - [2024-08-27T14:34:24.582+0000] {override.py:1900} INFO - Created Permission View: menu access on DAG Run:example_subdag_operator
[2024-08-27T14:34:24.592+0000] {logging_mixin.py:190} INFO - [2024-08-27T14:34:24.592+0000] {override.py:1900} INFO - Created Permission View: can delete on DAG Run:example_subdag_operator
[2024-08-27T14:34:24.602+0000] {logging_mixin.py:190} INFO - [2024-08-27T14:34:24.602+0000] {override.py:1900} INFO - Created Permission View: can read on DAG Run:example_subdag_operator
[2024-08-27T14:34:24.602+0000] {logging_mixin.py:190} INFO - [2024-08-27T14:34:24.602+0000] {dag.py:3211} INFO - Sync 3 DAGs
[2024-08-27T14:34:24.617+0000] {logging_mixin.py:190} INFO - [2024-08-27T14:34:24.617+0000] {dag.py:3234} INFO - Creating ORM DAG for example_subdag_operator
[2024-08-27T14:34:24.617+0000] {logging_mixin.py:190} INFO - [2024-08-27T14:34:24.617+0000] {dag.py:3234} INFO - Creating ORM DAG for example_subdag_operator.section-1
[2024-08-27T14:34:24.618+0000] {logging_mixin.py:190} INFO - [2024-08-27T14:34:24.618+0000] {dag.py:3234} INFO - Creating ORM DAG for example_subdag_operator.section-2
[2024-08-27T14:34:24.627+0000] {logging_mixin.py:190} INFO - [2024-08-27T14:34:24.626+0000] {dag.py:4138} INFO - Setting next_dagrun for example_subdag_operator to 2022-01-01 00:00:00+00:00, run_after=2022-01-01 00:00:00+00:00
[2024-08-27T14:34:24.627+0000] {logging_mixin.py:190} INFO - [2024-08-27T14:34:24.627+0000] {dag.py:4138} INFO - Setting next_dagrun for example_subdag_operator.section-1 to None, run_after=None
[2024-08-27T14:34:24.628+0000] {logging_mixin.py:190} INFO - [2024-08-27T14:34:24.628+0000] {dag.py:4138} INFO - Setting next_dagrun for example_subdag_operator.section-2 to None, run_after=None
[2024-08-27T14:34:24.634+0000] {logging_mixin.py:190} INFO - [2024-08-27T14:34:24.634+0000] {dag.py:3211} INFO - Sync 2 DAGs
[2024-08-27T14:34:24.638+0000] {logging_mixin.py:190} INFO - [2024-08-27T14:34:24.638+0000] {dag.py:4138} INFO - Setting next_dagrun for example_subdag_operator.section-1 to None, run_after=None
[2024-08-27T14:34:24.641+0000] {logging_mixin.py:190} INFO - [2024-08-27T14:34:24.641+0000] {dag.py:4138} INFO - Setting next_dagrun for example_subdag_operator.section-2 to None, run_after=None
[2024-08-27T14:34:24.658+0000] {processor.py:208} INFO - Processing /home/ubuntu/myenv/lib/python3.12/site-packages/airflow/example_dags/example_subdag_operator.py took 0.277 seconds
[2024-08-27T14:35:31.700+0000] {processor.py:186} INFO - Started process (PID=5590) to work on /home/ubuntu/myenv/lib/python3.12/site-packages/airflow/example_dags/example_subdag_operator.py
[2024-08-27T14:35:31.702+0000] {processor.py:914} INFO - Processing file /home/ubuntu/myenv/lib/python3.12/site-packages/airflow/example_dags/example_subdag_operator.py for tasks to queue
[2024-08-27T14:35:31.704+0000] {logging_mixin.py:190} INFO - [2024-08-27T14:35:31.703+0000] {dagbag.py:587} INFO - Filling up the DagBag from /home/ubuntu/myenv/lib/python3.12/site-packages/airflow/example_dags/example_subdag_operator.py
[2024-08-27T14:35:31.728+0000] {processor.py:925} INFO - DAG(s) 'example_subdag_operator.section-1', 'example_subdag_operator.section-2', 'example_subdag_operator' retrieved from /home/ubuntu/myenv/lib/python3.12/site-packages/airflow/example_dags/example_subdag_operator.py
[2024-08-27T14:35:31.744+0000] {logging_mixin.py:190} INFO - [2024-08-27T14:35:31.744+0000] {dag.py:3211} INFO - Sync 3 DAGs
[2024-08-27T14:35:31.766+0000] {logging_mixin.py:190} INFO - [2024-08-27T14:35:31.766+0000] {dag.py:4138} INFO - Setting next_dagrun for example_subdag_operator to 2022-01-01 00:00:00+00:00, run_after=2022-01-01 00:00:00+00:00
[2024-08-27T14:35:31.770+0000] {logging_mixin.py:190} INFO - [2024-08-27T14:35:31.770+0000] {dag.py:4138} INFO - Setting next_dagrun for example_subdag_operator.section-1 to None, run_after=None
[2024-08-27T14:35:31.771+0000] {logging_mixin.py:190} INFO - [2024-08-27T14:35:31.771+0000] {dag.py:4138} INFO - Setting next_dagrun for example_subdag_operator.section-2 to None, run_after=None
[2024-08-27T14:35:31.777+0000] {logging_mixin.py:190} INFO - [2024-08-27T14:35:31.777+0000] {dag.py:3211} INFO - Sync 2 DAGs
[2024-08-27T14:35:31.780+0000] {logging_mixin.py:190} INFO - [2024-08-27T14:35:31.780+0000] {dag.py:4138} INFO - Setting next_dagrun for example_subdag_operator.section-1 to None, run_after=None
[2024-08-27T14:35:31.781+0000] {logging_mixin.py:190} INFO - [2024-08-27T14:35:31.781+0000] {dag.py:4138} INFO - Setting next_dagrun for example_subdag_operator.section-2 to None, run_after=None
[2024-08-27T14:35:31.796+0000] {processor.py:208} INFO - Processing /home/ubuntu/myenv/lib/python3.12/site-packages/airflow/example_dags/example_subdag_operator.py took 0.102 seconds
[2024-08-27T14:36:23.939+0000] {processor.py:186} INFO - Started process (PID=5661) to work on /home/ubuntu/myenv/lib/python3.12/site-packages/airflow/example_dags/example_subdag_operator.py
[2024-08-27T14:36:23.941+0000] {processor.py:914} INFO - Processing file /home/ubuntu/myenv/lib/python3.12/site-packages/airflow/example_dags/example_subdag_operator.py for tasks to queue
[2024-08-27T14:36:23.943+0000] {logging_mixin.py:190} INFO - [2024-08-27T14:36:23.943+0000] {dagbag.py:587} INFO - Filling up the DagBag from /home/ubuntu/myenv/lib/python3.12/site-packages/airflow/example_dags/example_subdag_operator.py
[2024-08-27T14:36:23.967+0000] {processor.py:925} INFO - DAG(s) 'example_subdag_operator.section-1', 'example_subdag_operator.section-2', 'example_subdag_operator' retrieved from /home/ubuntu/myenv/lib/python3.12/site-packages/airflow/example_dags/example_subdag_operator.py
[2024-08-27T14:36:23.984+0000] {logging_mixin.py:190} INFO - [2024-08-27T14:36:23.983+0000] {dag.py:3211} INFO - Sync 3 DAGs
[2024-08-27T14:36:24.006+0000] {logging_mixin.py:190} INFO - [2024-08-27T14:36:24.005+0000] {dag.py:4138} INFO - Setting next_dagrun for example_subdag_operator to 2022-01-01 00:00:00+00:00, run_after=2022-01-01 00:00:00+00:00
[2024-08-27T14:36:24.009+0000] {logging_mixin.py:190} INFO - [2024-08-27T14:36:24.009+0000] {dag.py:4138} INFO - Setting next_dagrun for example_subdag_operator.section-1 to None, run_after=None
[2024-08-27T14:36:24.010+0000] {logging_mixin.py:190} INFO - [2024-08-27T14:36:24.010+0000] {dag.py:4138} INFO - Setting next_dagrun for example_subdag_operator.section-2 to None, run_after=None
[2024-08-27T14:36:24.017+0000] {logging_mixin.py:190} INFO - [2024-08-27T14:36:24.017+0000] {dag.py:3211} INFO - Sync 2 DAGs
[2024-08-27T14:36:24.021+0000] {logging_mixin.py:190} INFO - [2024-08-27T14:36:24.021+0000] {dag.py:4138} INFO - Setting next_dagrun for example_subdag_operator.section-1 to None, run_after=None
[2024-08-27T14:36:24.022+0000] {logging_mixin.py:190} INFO - [2024-08-27T14:36:24.022+0000] {dag.py:4138} INFO - Setting next_dagrun for example_subdag_operator.section-2 to None, run_after=None
[2024-08-27T14:36:24.045+0000] {processor.py:208} INFO - Processing /home/ubuntu/myenv/lib/python3.12/site-packages/airflow/example_dags/example_subdag_operator.py took 0.113 seconds
[2024-08-27T14:37:13.971+0000] {processor.py:186} INFO - Started process (PID=5730) to work on /home/ubuntu/myenv/lib/python3.12/site-packages/airflow/example_dags/example_subdag_operator.py
[2024-08-27T14:37:13.972+0000] {processor.py:914} INFO - Processing file /home/ubuntu/myenv/lib/python3.12/site-packages/airflow/example_dags/example_subdag_operator.py for tasks to queue
[2024-08-27T14:37:13.975+0000] {logging_mixin.py:190} INFO - [2024-08-27T14:37:13.975+0000] {dagbag.py:587} INFO - Filling up the DagBag from /home/ubuntu/myenv/lib/python3.12/site-packages/airflow/example_dags/example_subdag_operator.py
[2024-08-27T14:37:14.000+0000] {processor.py:925} INFO - DAG(s) 'example_subdag_operator.section-1', 'example_subdag_operator.section-2', 'example_subdag_operator' retrieved from /home/ubuntu/myenv/lib/python3.12/site-packages/airflow/example_dags/example_subdag_operator.py
[2024-08-27T14:37:14.016+0000] {logging_mixin.py:190} INFO - [2024-08-27T14:37:14.016+0000] {dag.py:3211} INFO - Sync 3 DAGs
[2024-08-27T14:37:14.038+0000] {logging_mixin.py:190} INFO - [2024-08-27T14:37:14.037+0000] {dag.py:4138} INFO - Setting next_dagrun for example_subdag_operator to 2022-01-01 00:00:00+00:00, run_after=2022-01-01 00:00:00+00:00
[2024-08-27T14:37:14.041+0000] {logging_mixin.py:190} INFO - [2024-08-27T14:37:14.041+0000] {dag.py:4138} INFO - Setting next_dagrun for example_subdag_operator.section-1 to None, run_after=None
[2024-08-27T14:37:14.042+0000] {logging_mixin.py:190} INFO - [2024-08-27T14:37:14.042+0000] {dag.py:4138} INFO - Setting next_dagrun for example_subdag_operator.section-2 to None, run_after=None
[2024-08-27T14:37:14.048+0000] {logging_mixin.py:190} INFO - [2024-08-27T14:37:14.048+0000] {dag.py:3211} INFO - Sync 2 DAGs
[2024-08-27T14:37:14.052+0000] {logging_mixin.py:190} INFO - [2024-08-27T14:37:14.051+0000] {dag.py:4138} INFO - Setting next_dagrun for example_subdag_operator.section-1 to None, run_after=None
[2024-08-27T14:37:14.052+0000] {logging_mixin.py:190} INFO - [2024-08-27T14:37:14.052+0000] {dag.py:4138} INFO - Setting next_dagrun for example_subdag_operator.section-2 to None, run_after=None
[2024-08-27T14:37:14.068+0000] {processor.py:208} INFO - Processing /home/ubuntu/myenv/lib/python3.12/site-packages/airflow/example_dags/example_subdag_operator.py took 0.103 seconds
[2024-08-27T14:38:03.202+0000] {processor.py:186} INFO - Started process (PID=5796) to work on /home/ubuntu/myenv/lib/python3.12/site-packages/airflow/example_dags/example_subdag_operator.py
[2024-08-27T14:38:03.203+0000] {processor.py:914} INFO - Processing file /home/ubuntu/myenv/lib/python3.12/site-packages/airflow/example_dags/example_subdag_operator.py for tasks to queue
[2024-08-27T14:38:03.206+0000] {logging_mixin.py:190} INFO - [2024-08-27T14:38:03.205+0000] {dagbag.py:587} INFO - Filling up the DagBag from /home/ubuntu/myenv/lib/python3.12/site-packages/airflow/example_dags/example_subdag_operator.py
[2024-08-27T14:38:03.233+0000] {processor.py:925} INFO - DAG(s) 'example_subdag_operator.section-1', 'example_subdag_operator.section-2', 'example_subdag_operator' retrieved from /home/ubuntu/myenv/lib/python3.12/site-packages/airflow/example_dags/example_subdag_operator.py
[2024-08-27T14:38:03.251+0000] {logging_mixin.py:190} INFO - [2024-08-27T14:38:03.251+0000] {dag.py:3211} INFO - Sync 3 DAGs
[2024-08-27T14:38:03.274+0000] {logging_mixin.py:190} INFO - [2024-08-27T14:38:03.274+0000] {dag.py:4138} INFO - Setting next_dagrun for example_subdag_operator to 2022-01-01 00:00:00+00:00, run_after=2022-01-01 00:00:00+00:00
[2024-08-27T14:38:03.278+0000] {logging_mixin.py:190} INFO - [2024-08-27T14:38:03.278+0000] {dag.py:4138} INFO - Setting next_dagrun for example_subdag_operator.section-1 to None, run_after=None
[2024-08-27T14:38:03.279+0000] {logging_mixin.py:190} INFO - [2024-08-27T14:38:03.279+0000] {dag.py:4138} INFO - Setting next_dagrun for example_subdag_operator.section-2 to None, run_after=None
[2024-08-27T14:38:03.285+0000] {logging_mixin.py:190} INFO - [2024-08-27T14:38:03.285+0000] {dag.py:3211} INFO - Sync 2 DAGs
[2024-08-27T14:38:03.289+0000] {logging_mixin.py:190} INFO - [2024-08-27T14:38:03.289+0000] {dag.py:4138} INFO - Setting next_dagrun for example_subdag_operator.section-1 to None, run_after=None
[2024-08-27T14:38:03.290+0000] {logging_mixin.py:190} INFO - [2024-08-27T14:38:03.289+0000] {dag.py:4138} INFO - Setting next_dagrun for example_subdag_operator.section-2 to None, run_after=None
[2024-08-27T14:38:03.307+0000] {processor.py:208} INFO - Processing /home/ubuntu/myenv/lib/python3.12/site-packages/airflow/example_dags/example_subdag_operator.py took 0.112 seconds
[2024-08-27T14:39:00.327+0000] {processor.py:186} INFO - Started process (PID=5862) to work on /home/ubuntu/myenv/lib/python3.12/site-packages/airflow/example_dags/example_subdag_operator.py
[2024-08-27T14:39:00.329+0000] {processor.py:914} INFO - Processing file /home/ubuntu/myenv/lib/python3.12/site-packages/airflow/example_dags/example_subdag_operator.py for tasks to queue
[2024-08-27T14:39:00.331+0000] {logging_mixin.py:190} INFO - [2024-08-27T14:39:00.331+0000] {dagbag.py:587} INFO - Filling up the DagBag from /home/ubuntu/myenv/lib/python3.12/site-packages/airflow/example_dags/example_subdag_operator.py
[2024-08-27T14:39:00.356+0000] {processor.py:925} INFO - DAG(s) 'example_subdag_operator.section-1', 'example_subdag_operator.section-2', 'example_subdag_operator' retrieved from /home/ubuntu/myenv/lib/python3.12/site-packages/airflow/example_dags/example_subdag_operator.py
[2024-08-27T14:39:00.372+0000] {logging_mixin.py:190} INFO - [2024-08-27T14:39:00.372+0000] {dag.py:3211} INFO - Sync 3 DAGs
[2024-08-27T14:39:00.522+0000] {logging_mixin.py:190} INFO - [2024-08-27T14:39:00.522+0000] {dag.py:4138} INFO - Setting next_dagrun for example_subdag_operator to 2022-01-01 00:00:00+00:00, run_after=2022-01-01 00:00:00+00:00
[2024-08-27T14:39:00.525+0000] {logging_mixin.py:190} INFO - [2024-08-27T14:39:00.525+0000] {dag.py:4138} INFO - Setting next_dagrun for example_subdag_operator.section-1 to None, run_after=None
[2024-08-27T14:39:00.526+0000] {logging_mixin.py:190} INFO - [2024-08-27T14:39:00.526+0000] {dag.py:4138} INFO - Setting next_dagrun for example_subdag_operator.section-2 to None, run_after=None
[2024-08-27T14:39:00.531+0000] {logging_mixin.py:190} INFO - [2024-08-27T14:39:00.531+0000] {dag.py:3211} INFO - Sync 2 DAGs
[2024-08-27T14:39:00.536+0000] {logging_mixin.py:190} INFO - [2024-08-27T14:39:00.535+0000] {dag.py:4138} INFO - Setting next_dagrun for example_subdag_operator.section-1 to None, run_after=None
[2024-08-27T14:39:00.536+0000] {logging_mixin.py:190} INFO - [2024-08-27T14:39:00.536+0000] {dag.py:4138} INFO - Setting next_dagrun for example_subdag_operator.section-2 to None, run_after=None
[2024-08-27T14:39:00.550+0000] {processor.py:208} INFO - Processing /home/ubuntu/myenv/lib/python3.12/site-packages/airflow/example_dags/example_subdag_operator.py took 0.229 seconds
[2024-08-27T14:39:57.382+0000] {processor.py:186} INFO - Started process (PID=5937) to work on /home/ubuntu/myenv/lib/python3.12/site-packages/airflow/example_dags/example_subdag_operator.py
[2024-08-27T14:39:57.384+0000] {processor.py:914} INFO - Processing file /home/ubuntu/myenv/lib/python3.12/site-packages/airflow/example_dags/example_subdag_operator.py for tasks to queue
[2024-08-27T14:39:57.386+0000] {logging_mixin.py:190} INFO - [2024-08-27T14:39:57.386+0000] {dagbag.py:587} INFO - Filling up the DagBag from /home/ubuntu/myenv/lib/python3.12/site-packages/airflow/example_dags/example_subdag_operator.py
[2024-08-27T14:39:57.411+0000] {processor.py:925} INFO - DAG(s) 'example_subdag_operator.section-1', 'example_subdag_operator.section-2', 'example_subdag_operator' retrieved from /home/ubuntu/myenv/lib/python3.12/site-packages/airflow/example_dags/example_subdag_operator.py
[2024-08-27T14:39:57.428+0000] {logging_mixin.py:190} INFO - [2024-08-27T14:39:57.427+0000] {dag.py:3211} INFO - Sync 3 DAGs
[2024-08-27T14:39:57.450+0000] {logging_mixin.py:190} INFO - [2024-08-27T14:39:57.450+0000] {dag.py:4138} INFO - Setting next_dagrun for example_subdag_operator to 2022-01-01 00:00:00+00:00, run_after=2022-01-01 00:00:00+00:00
[2024-08-27T14:39:57.454+0000] {logging_mixin.py:190} INFO - [2024-08-27T14:39:57.453+0000] {dag.py:4138} INFO - Setting next_dagrun for example_subdag_operator.section-1 to None, run_after=None
[2024-08-27T14:39:57.455+0000] {logging_mixin.py:190} INFO - [2024-08-27T14:39:57.454+0000] {dag.py:4138} INFO - Setting next_dagrun for example_subdag_operator.section-2 to None, run_after=None
[2024-08-27T14:39:57.460+0000] {logging_mixin.py:190} INFO - [2024-08-27T14:39:57.460+0000] {dag.py:3211} INFO - Sync 2 DAGs
[2024-08-27T14:39:57.464+0000] {logging_mixin.py:190} INFO - [2024-08-27T14:39:57.464+0000] {dag.py:4138} INFO - Setting next_dagrun for example_subdag_operator.section-1 to None, run_after=None
[2024-08-27T14:39:57.464+0000] {logging_mixin.py:190} INFO - [2024-08-27T14:39:57.464+0000] {dag.py:4138} INFO - Setting next_dagrun for example_subdag_operator.section-2 to None, run_after=None
[2024-08-27T14:39:57.480+0000] {processor.py:208} INFO - Processing /home/ubuntu/myenv/lib/python3.12/site-packages/airflow/example_dags/example_subdag_operator.py took 0.104 seconds
[2024-08-27T14:40:47.693+0000] {processor.py:186} INFO - Started process (PID=5995) to work on /home/ubuntu/myenv/lib/python3.12/site-packages/airflow/example_dags/example_subdag_operator.py
[2024-08-27T14:40:47.695+0000] {processor.py:914} INFO - Processing file /home/ubuntu/myenv/lib/python3.12/site-packages/airflow/example_dags/example_subdag_operator.py for tasks to queue
[2024-08-27T14:40:47.697+0000] {logging_mixin.py:190} INFO - [2024-08-27T14:40:47.697+0000] {dagbag.py:587} INFO - Filling up the DagBag from /home/ubuntu/myenv/lib/python3.12/site-packages/airflow/example_dags/example_subdag_operator.py
[2024-08-27T14:40:47.723+0000] {processor.py:925} INFO - DAG(s) 'example_subdag_operator.section-1', 'example_subdag_operator.section-2', 'example_subdag_operator' retrieved from /home/ubuntu/myenv/lib/python3.12/site-packages/airflow/example_dags/example_subdag_operator.py
[2024-08-27T14:40:47.740+0000] {logging_mixin.py:190} INFO - [2024-08-27T14:40:47.740+0000] {dag.py:3211} INFO - Sync 3 DAGs
[2024-08-27T14:40:47.764+0000] {logging_mixin.py:190} INFO - [2024-08-27T14:40:47.763+0000] {dag.py:4138} INFO - Setting next_dagrun for example_subdag_operator to 2022-01-01 00:00:00+00:00, run_after=2022-01-01 00:00:00+00:00
[2024-08-27T14:40:47.767+0000] {logging_mixin.py:190} INFO - [2024-08-27T14:40:47.767+0000] {dag.py:4138} INFO - Setting next_dagrun for example_subdag_operator.section-1 to None, run_after=None
[2024-08-27T14:40:47.768+0000] {logging_mixin.py:190} INFO - [2024-08-27T14:40:47.768+0000] {dag.py:4138} INFO - Setting next_dagrun for example_subdag_operator.section-2 to None, run_after=None
[2024-08-27T14:40:47.774+0000] {logging_mixin.py:190} INFO - [2024-08-27T14:40:47.774+0000] {dag.py:3211} INFO - Sync 2 DAGs
[2024-08-27T14:40:47.779+0000] {logging_mixin.py:190} INFO - [2024-08-27T14:40:47.778+0000] {dag.py:4138} INFO - Setting next_dagrun for example_subdag_operator.section-1 to None, run_after=None
[2024-08-27T14:40:47.779+0000] {logging_mixin.py:190} INFO - [2024-08-27T14:40:47.779+0000] {dag.py:4138} INFO - Setting next_dagrun for example_subdag_operator.section-2 to None, run_after=None
[2024-08-27T14:40:47.794+0000] {processor.py:208} INFO - Processing /home/ubuntu/myenv/lib/python3.12/site-packages/airflow/example_dags/example_subdag_operator.py took 0.108 seconds
[2024-08-27T14:41:37.821+0000] {processor.py:186} INFO - Started process (PID=6047) to work on /home/ubuntu/myenv/lib/python3.12/site-packages/airflow/example_dags/example_subdag_operator.py
[2024-08-27T14:41:37.822+0000] {processor.py:914} INFO - Processing file /home/ubuntu/myenv/lib/python3.12/site-packages/airflow/example_dags/example_subdag_operator.py for tasks to queue
[2024-08-27T14:41:37.825+0000] {logging_mixin.py:190} INFO - [2024-08-27T14:41:37.825+0000] {dagbag.py:587} INFO - Filling up the DagBag from /home/ubuntu/myenv/lib/python3.12/site-packages/airflow/example_dags/example_subdag_operator.py
[2024-08-27T14:41:37.851+0000] {processor.py:925} INFO - DAG(s) 'example_subdag_operator.section-1', 'example_subdag_operator.section-2', 'example_subdag_operator' retrieved from /home/ubuntu/myenv/lib/python3.12/site-packages/airflow/example_dags/example_subdag_operator.py
[2024-08-27T14:41:37.868+0000] {logging_mixin.py:190} INFO - [2024-08-27T14:41:37.868+0000] {dag.py:3211} INFO - Sync 3 DAGs
[2024-08-27T14:41:37.891+0000] {logging_mixin.py:190} INFO - [2024-08-27T14:41:37.890+0000] {dag.py:4138} INFO - Setting next_dagrun for example_subdag_operator to 2022-01-01 00:00:00+00:00, run_after=2022-01-01 00:00:00+00:00
[2024-08-27T14:41:37.894+0000] {logging_mixin.py:190} INFO - [2024-08-27T14:41:37.894+0000] {dag.py:4138} INFO - Setting next_dagrun for example_subdag_operator.section-1 to None, run_after=None
[2024-08-27T14:41:37.895+0000] {logging_mixin.py:190} INFO - [2024-08-27T14:41:37.895+0000] {dag.py:4138} INFO - Setting next_dagrun for example_subdag_operator.section-2 to None, run_after=None
[2024-08-27T14:41:37.901+0000] {logging_mixin.py:190} INFO - [2024-08-27T14:41:37.901+0000] {dag.py:3211} INFO - Sync 2 DAGs
[2024-08-27T14:41:37.905+0000] {logging_mixin.py:190} INFO - [2024-08-27T14:41:37.905+0000] {dag.py:4138} INFO - Setting next_dagrun for example_subdag_operator.section-1 to None, run_after=None
[2024-08-27T14:41:37.906+0000] {logging_mixin.py:190} INFO - [2024-08-27T14:41:37.905+0000] {dag.py:4138} INFO - Setting next_dagrun for example_subdag_operator.section-2 to None, run_after=None
[2024-08-27T14:41:37.922+0000] {processor.py:208} INFO - Processing /home/ubuntu/myenv/lib/python3.12/site-packages/airflow/example_dags/example_subdag_operator.py took 0.108 seconds
[2024-08-27T14:42:28.082+0000] {processor.py:186} INFO - Started process (PID=6098) to work on /home/ubuntu/myenv/lib/python3.12/site-packages/airflow/example_dags/example_subdag_operator.py
[2024-08-27T14:42:28.083+0000] {processor.py:914} INFO - Processing file /home/ubuntu/myenv/lib/python3.12/site-packages/airflow/example_dags/example_subdag_operator.py for tasks to queue
[2024-08-27T14:42:28.086+0000] {logging_mixin.py:190} INFO - [2024-08-27T14:42:28.086+0000] {dagbag.py:587} INFO - Filling up the DagBag from /home/ubuntu/myenv/lib/python3.12/site-packages/airflow/example_dags/example_subdag_operator.py
[2024-08-27T14:42:28.111+0000] {processor.py:925} INFO - DAG(s) 'example_subdag_operator.section-1', 'example_subdag_operator.section-2', 'example_subdag_operator' retrieved from /home/ubuntu/myenv/lib/python3.12/site-packages/airflow/example_dags/example_subdag_operator.py
[2024-08-27T14:42:28.129+0000] {logging_mixin.py:190} INFO - [2024-08-27T14:42:28.128+0000] {dag.py:3211} INFO - Sync 3 DAGs
[2024-08-27T14:42:28.151+0000] {logging_mixin.py:190} INFO - [2024-08-27T14:42:28.151+0000] {dag.py:4138} INFO - Setting next_dagrun for example_subdag_operator to 2022-01-01 00:00:00+00:00, run_after=2022-01-01 00:00:00+00:00
[2024-08-27T14:42:28.155+0000] {logging_mixin.py:190} INFO - [2024-08-27T14:42:28.154+0000] {dag.py:4138} INFO - Setting next_dagrun for example_subdag_operator.section-1 to None, run_after=None
[2024-08-27T14:42:28.156+0000] {logging_mixin.py:190} INFO - [2024-08-27T14:42:28.156+0000] {dag.py:4138} INFO - Setting next_dagrun for example_subdag_operator.section-2 to None, run_after=None
[2024-08-27T14:42:28.162+0000] {logging_mixin.py:190} INFO - [2024-08-27T14:42:28.162+0000] {dag.py:3211} INFO - Sync 2 DAGs
[2024-08-27T14:42:28.166+0000] {logging_mixin.py:190} INFO - [2024-08-27T14:42:28.166+0000] {dag.py:4138} INFO - Setting next_dagrun for example_subdag_operator.section-1 to None, run_after=None
[2024-08-27T14:42:28.166+0000] {logging_mixin.py:190} INFO - [2024-08-27T14:42:28.166+0000] {dag.py:4138} INFO - Setting next_dagrun for example_subdag_operator.section-2 to None, run_after=None
[2024-08-27T14:42:28.182+0000] {processor.py:208} INFO - Processing /home/ubuntu/myenv/lib/python3.12/site-packages/airflow/example_dags/example_subdag_operator.py took 0.106 seconds
[2024-08-27T14:43:18.659+0000] {processor.py:186} INFO - Started process (PID=6149) to work on /home/ubuntu/myenv/lib/python3.12/site-packages/airflow/example_dags/example_subdag_operator.py
[2024-08-27T14:43:18.660+0000] {processor.py:914} INFO - Processing file /home/ubuntu/myenv/lib/python3.12/site-packages/airflow/example_dags/example_subdag_operator.py for tasks to queue
[2024-08-27T14:43:18.663+0000] {logging_mixin.py:190} INFO - [2024-08-27T14:43:18.663+0000] {dagbag.py:587} INFO - Filling up the DagBag from /home/ubuntu/myenv/lib/python3.12/site-packages/airflow/example_dags/example_subdag_operator.py
[2024-08-27T14:43:18.687+0000] {processor.py:925} INFO - DAG(s) 'example_subdag_operator.section-1', 'example_subdag_operator.section-2', 'example_subdag_operator' retrieved from /home/ubuntu/myenv/lib/python3.12/site-packages/airflow/example_dags/example_subdag_operator.py
[2024-08-27T14:43:18.704+0000] {logging_mixin.py:190} INFO - [2024-08-27T14:43:18.703+0000] {dag.py:3211} INFO - Sync 3 DAGs
[2024-08-27T14:43:18.726+0000] {logging_mixin.py:190} INFO - [2024-08-27T14:43:18.726+0000] {dag.py:4138} INFO - Setting next_dagrun for example_subdag_operator to 2022-01-01 00:00:00+00:00, run_after=2022-01-01 00:00:00+00:00
[2024-08-27T14:43:18.730+0000] {logging_mixin.py:190} INFO - [2024-08-27T14:43:18.729+0000] {dag.py:4138} INFO - Setting next_dagrun for example_subdag_operator.section-1 to None, run_after=None
[2024-08-27T14:43:18.730+0000] {logging_mixin.py:190} INFO - [2024-08-27T14:43:18.730+0000] {dag.py:4138} INFO - Setting next_dagrun for example_subdag_operator.section-2 to None, run_after=None
[2024-08-27T14:43:18.736+0000] {logging_mixin.py:190} INFO - [2024-08-27T14:43:18.736+0000] {dag.py:3211} INFO - Sync 2 DAGs
[2024-08-27T14:43:18.740+0000] {logging_mixin.py:190} INFO - [2024-08-27T14:43:18.740+0000] {dag.py:4138} INFO - Setting next_dagrun for example_subdag_operator.section-1 to None, run_after=None
[2024-08-27T14:43:18.741+0000] {logging_mixin.py:190} INFO - [2024-08-27T14:43:18.740+0000] {dag.py:4138} INFO - Setting next_dagrun for example_subdag_operator.section-2 to None, run_after=None
[2024-08-27T14:43:18.755+0000] {processor.py:208} INFO - Processing /home/ubuntu/myenv/lib/python3.12/site-packages/airflow/example_dags/example_subdag_operator.py took 0.103 seconds
[2024-08-27T14:44:09.061+0000] {processor.py:186} INFO - Started process (PID=6203) to work on /home/ubuntu/myenv/lib/python3.12/site-packages/airflow/example_dags/example_subdag_operator.py
[2024-08-27T14:44:09.063+0000] {processor.py:914} INFO - Processing file /home/ubuntu/myenv/lib/python3.12/site-packages/airflow/example_dags/example_subdag_operator.py for tasks to queue
[2024-08-27T14:44:09.065+0000] {logging_mixin.py:190} INFO - [2024-08-27T14:44:09.065+0000] {dagbag.py:587} INFO - Filling up the DagBag from /home/ubuntu/myenv/lib/python3.12/site-packages/airflow/example_dags/example_subdag_operator.py
[2024-08-27T14:44:09.090+0000] {processor.py:925} INFO - DAG(s) 'example_subdag_operator.section-1', 'example_subdag_operator.section-2', 'example_subdag_operator' retrieved from /home/ubuntu/myenv/lib/python3.12/site-packages/airflow/example_dags/example_subdag_operator.py
[2024-08-27T14:44:09.107+0000] {logging_mixin.py:190} INFO - [2024-08-27T14:44:09.107+0000] {dag.py:3211} INFO - Sync 3 DAGs
[2024-08-27T14:44:09.129+0000] {logging_mixin.py:190} INFO - [2024-08-27T14:44:09.128+0000] {dag.py:4138} INFO - Setting next_dagrun for example_subdag_operator to 2022-01-01 00:00:00+00:00, run_after=2022-01-01 00:00:00+00:00
[2024-08-27T14:44:09.132+0000] {logging_mixin.py:190} INFO - [2024-08-27T14:44:09.132+0000] {dag.py:4138} INFO - Setting next_dagrun for example_subdag_operator.section-1 to None, run_after=None
[2024-08-27T14:44:09.133+0000] {logging_mixin.py:190} INFO - [2024-08-27T14:44:09.133+0000] {dag.py:4138} INFO - Setting next_dagrun for example_subdag_operator.section-2 to None, run_after=None
[2024-08-27T14:44:09.140+0000] {logging_mixin.py:190} INFO - [2024-08-27T14:44:09.140+0000] {dag.py:3211} INFO - Sync 2 DAGs
[2024-08-27T14:44:09.144+0000] {logging_mixin.py:190} INFO - [2024-08-27T14:44:09.144+0000] {dag.py:4138} INFO - Setting next_dagrun for example_subdag_operator.section-1 to None, run_after=None
[2024-08-27T14:44:09.144+0000] {logging_mixin.py:190} INFO - [2024-08-27T14:44:09.144+0000] {dag.py:4138} INFO - Setting next_dagrun for example_subdag_operator.section-2 to None, run_after=None
[2024-08-27T14:44:09.159+0000] {processor.py:208} INFO - Processing /home/ubuntu/myenv/lib/python3.12/site-packages/airflow/example_dags/example_subdag_operator.py took 0.104 seconds
[2024-08-27T14:45:00.328+0000] {processor.py:186} INFO - Started process (PID=6255) to work on /home/ubuntu/myenv/lib/python3.12/site-packages/airflow/example_dags/example_subdag_operator.py
[2024-08-27T14:45:00.330+0000] {processor.py:914} INFO - Processing file /home/ubuntu/myenv/lib/python3.12/site-packages/airflow/example_dags/example_subdag_operator.py for tasks to queue
[2024-08-27T14:45:00.333+0000] {logging_mixin.py:190} INFO - [2024-08-27T14:45:00.332+0000] {dagbag.py:587} INFO - Filling up the DagBag from /home/ubuntu/myenv/lib/python3.12/site-packages/airflow/example_dags/example_subdag_operator.py
[2024-08-27T14:45:00.358+0000] {processor.py:925} INFO - DAG(s) 'example_subdag_operator.section-1', 'example_subdag_operator.section-2', 'example_subdag_operator' retrieved from /home/ubuntu/myenv/lib/python3.12/site-packages/airflow/example_dags/example_subdag_operator.py
[2024-08-27T14:45:00.374+0000] {logging_mixin.py:190} INFO - [2024-08-27T14:45:00.374+0000] {dag.py:3211} INFO - Sync 3 DAGs
[2024-08-27T14:45:00.396+0000] {logging_mixin.py:190} INFO - [2024-08-27T14:45:00.395+0000] {dag.py:4138} INFO - Setting next_dagrun for example_subdag_operator to 2022-01-01 00:00:00+00:00, run_after=2022-01-01 00:00:00+00:00
[2024-08-27T14:45:00.399+0000] {logging_mixin.py:190} INFO - [2024-08-27T14:45:00.399+0000] {dag.py:4138} INFO - Setting next_dagrun for example_subdag_operator.section-1 to None, run_after=None
[2024-08-27T14:45:00.400+0000] {logging_mixin.py:190} INFO - [2024-08-27T14:45:00.400+0000] {dag.py:4138} INFO - Setting next_dagrun for example_subdag_operator.section-2 to None, run_after=None
[2024-08-27T14:45:00.406+0000] {logging_mixin.py:190} INFO - [2024-08-27T14:45:00.406+0000] {dag.py:3211} INFO - Sync 2 DAGs
[2024-08-27T14:45:00.410+0000] {logging_mixin.py:190} INFO - [2024-08-27T14:45:00.410+0000] {dag.py:4138} INFO - Setting next_dagrun for example_subdag_operator.section-1 to None, run_after=None
[2024-08-27T14:45:00.410+0000] {logging_mixin.py:190} INFO - [2024-08-27T14:45:00.410+0000] {dag.py:4138} INFO - Setting next_dagrun for example_subdag_operator.section-2 to None, run_after=None
[2024-08-27T14:45:00.426+0000] {processor.py:208} INFO - Processing /home/ubuntu/myenv/lib/python3.12/site-packages/airflow/example_dags/example_subdag_operator.py took 0.104 seconds
[2024-08-27T14:45:52.183+0000] {processor.py:186} INFO - Started process (PID=6310) to work on /home/ubuntu/myenv/lib/python3.12/site-packages/airflow/example_dags/example_subdag_operator.py
[2024-08-27T14:45:52.185+0000] {processor.py:914} INFO - Processing file /home/ubuntu/myenv/lib/python3.12/site-packages/airflow/example_dags/example_subdag_operator.py for tasks to queue
[2024-08-27T14:45:52.188+0000] {logging_mixin.py:190} INFO - [2024-08-27T14:45:52.188+0000] {dagbag.py:587} INFO - Filling up the DagBag from /home/ubuntu/myenv/lib/python3.12/site-packages/airflow/example_dags/example_subdag_operator.py
[2024-08-27T14:45:52.213+0000] {processor.py:925} INFO - DAG(s) 'example_subdag_operator.section-1', 'example_subdag_operator.section-2', 'example_subdag_operator' retrieved from /home/ubuntu/myenv/lib/python3.12/site-packages/airflow/example_dags/example_subdag_operator.py
[2024-08-27T14:45:52.231+0000] {logging_mixin.py:190} INFO - [2024-08-27T14:45:52.230+0000] {dag.py:3211} INFO - Sync 3 DAGs
[2024-08-27T14:45:52.253+0000] {logging_mixin.py:190} INFO - [2024-08-27T14:45:52.253+0000] {dag.py:4138} INFO - Setting next_dagrun for example_subdag_operator to 2022-01-01 00:00:00+00:00, run_after=2022-01-01 00:00:00+00:00
[2024-08-27T14:45:52.257+0000] {logging_mixin.py:190} INFO - [2024-08-27T14:45:52.256+0000] {dag.py:4138} INFO - Setting next_dagrun for example_subdag_operator.section-1 to None, run_after=None
[2024-08-27T14:45:52.258+0000] {logging_mixin.py:190} INFO - [2024-08-27T14:45:52.258+0000] {dag.py:4138} INFO - Setting next_dagrun for example_subdag_operator.section-2 to None, run_after=None
[2024-08-27T14:45:52.264+0000] {logging_mixin.py:190} INFO - [2024-08-27T14:45:52.264+0000] {dag.py:3211} INFO - Sync 2 DAGs
[2024-08-27T14:45:52.268+0000] {logging_mixin.py:190} INFO - [2024-08-27T14:45:52.268+0000] {dag.py:4138} INFO - Setting next_dagrun for example_subdag_operator.section-1 to None, run_after=None
[2024-08-27T14:45:52.268+0000] {logging_mixin.py:190} INFO - [2024-08-27T14:45:52.268+0000] {dag.py:4138} INFO - Setting next_dagrun for example_subdag_operator.section-2 to None, run_after=None
[2024-08-27T14:45:52.284+0000] {processor.py:208} INFO - Processing /home/ubuntu/myenv/lib/python3.12/site-packages/airflow/example_dags/example_subdag_operator.py took 0.106 seconds
[2024-08-27T14:46:38.705+0000] {processor.py:186} INFO - Started process (PID=6362) to work on /home/ubuntu/myenv/lib/python3.12/site-packages/airflow/example_dags/example_subdag_operator.py
[2024-08-27T14:46:38.706+0000] {processor.py:914} INFO - Processing file /home/ubuntu/myenv/lib/python3.12/site-packages/airflow/example_dags/example_subdag_operator.py for tasks to queue
[2024-08-27T14:46:38.709+0000] {logging_mixin.py:190} INFO - [2024-08-27T14:46:38.709+0000] {dagbag.py:587} INFO - Filling up the DagBag from /home/ubuntu/myenv/lib/python3.12/site-packages/airflow/example_dags/example_subdag_operator.py
[2024-08-27T14:46:38.734+0000] {processor.py:925} INFO - DAG(s) 'example_subdag_operator.section-1', 'example_subdag_operator.section-2', 'example_subdag_operator' retrieved from /home/ubuntu/myenv/lib/python3.12/site-packages/airflow/example_dags/example_subdag_operator.py
[2024-08-27T14:46:38.751+0000] {logging_mixin.py:190} INFO - [2024-08-27T14:46:38.750+0000] {dag.py:3211} INFO - Sync 3 DAGs
[2024-08-27T14:46:38.773+0000] {logging_mixin.py:190} INFO - [2024-08-27T14:46:38.773+0000] {dag.py:4138} INFO - Setting next_dagrun for example_subdag_operator to 2022-01-01 00:00:00+00:00, run_after=2022-01-01 00:00:00+00:00
[2024-08-27T14:46:38.776+0000] {logging_mixin.py:190} INFO - [2024-08-27T14:46:38.776+0000] {dag.py:4138} INFO - Setting next_dagrun for example_subdag_operator.section-1 to None, run_after=None
[2024-08-27T14:46:38.777+0000] {logging_mixin.py:190} INFO - [2024-08-27T14:46:38.777+0000] {dag.py:4138} INFO - Setting next_dagrun for example_subdag_operator.section-2 to None, run_after=None
[2024-08-27T14:46:38.783+0000] {logging_mixin.py:190} INFO - [2024-08-27T14:46:38.783+0000] {dag.py:3211} INFO - Sync 2 DAGs
[2024-08-27T14:46:38.787+0000] {logging_mixin.py:190} INFO - [2024-08-27T14:46:38.787+0000] {dag.py:4138} INFO - Setting next_dagrun for example_subdag_operator.section-1 to None, run_after=None
[2024-08-27T14:46:38.787+0000] {logging_mixin.py:190} INFO - [2024-08-27T14:46:38.787+0000] {dag.py:4138} INFO - Setting next_dagrun for example_subdag_operator.section-2 to None, run_after=None
[2024-08-27T14:46:38.802+0000] {processor.py:208} INFO - Processing /home/ubuntu/myenv/lib/python3.12/site-packages/airflow/example_dags/example_subdag_operator.py took 0.104 seconds
[2024-08-27T14:47:26.420+0000] {processor.py:186} INFO - Started process (PID=6411) to work on /home/ubuntu/myenv/lib/python3.12/site-packages/airflow/example_dags/example_subdag_operator.py
[2024-08-27T14:47:26.421+0000] {processor.py:914} INFO - Processing file /home/ubuntu/myenv/lib/python3.12/site-packages/airflow/example_dags/example_subdag_operator.py for tasks to queue
[2024-08-27T14:47:26.424+0000] {logging_mixin.py:190} INFO - [2024-08-27T14:47:26.424+0000] {dagbag.py:587} INFO - Filling up the DagBag from /home/ubuntu/myenv/lib/python3.12/site-packages/airflow/example_dags/example_subdag_operator.py
[2024-08-27T14:47:26.449+0000] {processor.py:925} INFO - DAG(s) 'example_subdag_operator.section-1', 'example_subdag_operator.section-2', 'example_subdag_operator' retrieved from /home/ubuntu/myenv/lib/python3.12/site-packages/airflow/example_dags/example_subdag_operator.py
[2024-08-27T14:47:26.466+0000] {logging_mixin.py:190} INFO - [2024-08-27T14:47:26.466+0000] {dag.py:3211} INFO - Sync 3 DAGs
[2024-08-27T14:47:26.488+0000] {logging_mixin.py:190} INFO - [2024-08-27T14:47:26.487+0000] {dag.py:4138} INFO - Setting next_dagrun for example_subdag_operator to 2022-01-01 00:00:00+00:00, run_after=2022-01-01 00:00:00+00:00
[2024-08-27T14:47:26.491+0000] {logging_mixin.py:190} INFO - [2024-08-27T14:47:26.491+0000] {dag.py:4138} INFO - Setting next_dagrun for example_subdag_operator.section-1 to None, run_after=None
[2024-08-27T14:47:26.492+0000] {logging_mixin.py:190} INFO - [2024-08-27T14:47:26.492+0000] {dag.py:4138} INFO - Setting next_dagrun for example_subdag_operator.section-2 to None, run_after=None
[2024-08-27T14:47:26.498+0000] {logging_mixin.py:190} INFO - [2024-08-27T14:47:26.498+0000] {dag.py:3211} INFO - Sync 2 DAGs
[2024-08-27T14:47:26.502+0000] {logging_mixin.py:190} INFO - [2024-08-27T14:47:26.502+0000] {dag.py:4138} INFO - Setting next_dagrun for example_subdag_operator.section-1 to None, run_after=None
[2024-08-27T14:47:26.502+0000] {logging_mixin.py:190} INFO - [2024-08-27T14:47:26.502+0000] {dag.py:4138} INFO - Setting next_dagrun for example_subdag_operator.section-2 to None, run_after=None
[2024-08-27T14:47:26.517+0000] {processor.py:208} INFO - Processing /home/ubuntu/myenv/lib/python3.12/site-packages/airflow/example_dags/example_subdag_operator.py took 0.103 seconds
[2024-08-27T14:48:18.770+0000] {processor.py:186} INFO - Started process (PID=6469) to work on /home/ubuntu/myenv/lib/python3.12/site-packages/airflow/example_dags/example_subdag_operator.py
[2024-08-27T14:48:18.771+0000] {processor.py:914} INFO - Processing file /home/ubuntu/myenv/lib/python3.12/site-packages/airflow/example_dags/example_subdag_operator.py for tasks to queue
[2024-08-27T14:48:18.774+0000] {logging_mixin.py:190} INFO - [2024-08-27T14:48:18.774+0000] {dagbag.py:587} INFO - Filling up the DagBag from /home/ubuntu/myenv/lib/python3.12/site-packages/airflow/example_dags/example_subdag_operator.py
[2024-08-27T14:48:18.800+0000] {processor.py:925} INFO - DAG(s) 'example_subdag_operator.section-1', 'example_subdag_operator.section-2', 'example_subdag_operator' retrieved from /home/ubuntu/myenv/lib/python3.12/site-packages/airflow/example_dags/example_subdag_operator.py
[2024-08-27T14:48:18.817+0000] {logging_mixin.py:190} INFO - [2024-08-27T14:48:18.817+0000] {dag.py:3211} INFO - Sync 3 DAGs
[2024-08-27T14:48:18.840+0000] {logging_mixin.py:190} INFO - [2024-08-27T14:48:18.840+0000] {dag.py:4138} INFO - Setting next_dagrun for example_subdag_operator to 2022-01-01 00:00:00+00:00, run_after=2022-01-01 00:00:00+00:00
[2024-08-27T14:48:18.844+0000] {logging_mixin.py:190} INFO - [2024-08-27T14:48:18.844+0000] {dag.py:4138} INFO - Setting next_dagrun for example_subdag_operator.section-1 to None, run_after=None
[2024-08-27T14:48:18.845+0000] {logging_mixin.py:190} INFO - [2024-08-27T14:48:18.845+0000] {dag.py:4138} INFO - Setting next_dagrun for example_subdag_operator.section-2 to None, run_after=None
[2024-08-27T14:48:18.851+0000] {logging_mixin.py:190} INFO - [2024-08-27T14:48:18.851+0000] {dag.py:3211} INFO - Sync 2 DAGs
[2024-08-27T14:48:18.855+0000] {logging_mixin.py:190} INFO - [2024-08-27T14:48:18.855+0000] {dag.py:4138} INFO - Setting next_dagrun for example_subdag_operator.section-1 to None, run_after=None
[2024-08-27T14:48:18.855+0000] {logging_mixin.py:190} INFO - [2024-08-27T14:48:18.855+0000] {dag.py:4138} INFO - Setting next_dagrun for example_subdag_operator.section-2 to None, run_after=None
[2024-08-27T14:48:18.870+0000] {processor.py:208} INFO - Processing /home/ubuntu/myenv/lib/python3.12/site-packages/airflow/example_dags/example_subdag_operator.py took 0.107 seconds
[2024-08-27T14:49:09.184+0000] {processor.py:186} INFO - Started process (PID=6523) to work on /home/ubuntu/myenv/lib/python3.12/site-packages/airflow/example_dags/example_subdag_operator.py
[2024-08-27T14:49:09.186+0000] {processor.py:914} INFO - Processing file /home/ubuntu/myenv/lib/python3.12/site-packages/airflow/example_dags/example_subdag_operator.py for tasks to queue
[2024-08-27T14:49:09.188+0000] {logging_mixin.py:190} INFO - [2024-08-27T14:49:09.188+0000] {dagbag.py:587} INFO - Filling up the DagBag from /home/ubuntu/myenv/lib/python3.12/site-packages/airflow/example_dags/example_subdag_operator.py
[2024-08-27T14:49:09.215+0000] {processor.py:925} INFO - DAG(s) 'example_subdag_operator.section-1', 'example_subdag_operator.section-2', 'example_subdag_operator' retrieved from /home/ubuntu/myenv/lib/python3.12/site-packages/airflow/example_dags/example_subdag_operator.py
[2024-08-27T14:49:09.232+0000] {logging_mixin.py:190} INFO - [2024-08-27T14:49:09.232+0000] {dag.py:3211} INFO - Sync 3 DAGs
[2024-08-27T14:49:09.256+0000] {logging_mixin.py:190} INFO - [2024-08-27T14:49:09.255+0000] {dag.py:4138} INFO - Setting next_dagrun for example_subdag_operator to 2022-01-01 00:00:00+00:00, run_after=2022-01-01 00:00:00+00:00
[2024-08-27T14:49:09.259+0000] {logging_mixin.py:190} INFO - [2024-08-27T14:49:09.259+0000] {dag.py:4138} INFO - Setting next_dagrun for example_subdag_operator.section-1 to None, run_after=None
[2024-08-27T14:49:09.260+0000] {logging_mixin.py:190} INFO - [2024-08-27T14:49:09.260+0000] {dag.py:4138} INFO - Setting next_dagrun for example_subdag_operator.section-2 to None, run_after=None
[2024-08-27T14:49:09.266+0000] {logging_mixin.py:190} INFO - [2024-08-27T14:49:09.266+0000] {dag.py:3211} INFO - Sync 2 DAGs
[2024-08-27T14:49:09.270+0000] {logging_mixin.py:190} INFO - [2024-08-27T14:49:09.270+0000] {dag.py:4138} INFO - Setting next_dagrun for example_subdag_operator.section-1 to None, run_after=None
[2024-08-27T14:49:09.271+0000] {logging_mixin.py:190} INFO - [2024-08-27T14:49:09.270+0000] {dag.py:4138} INFO - Setting next_dagrun for example_subdag_operator.section-2 to None, run_after=None
[2024-08-27T14:49:09.286+0000] {processor.py:208} INFO - Processing /home/ubuntu/myenv/lib/python3.12/site-packages/airflow/example_dags/example_subdag_operator.py took 0.108 seconds
[2024-08-27T16:09:59.955+0000] {processor.py:186} INFO - Started process (PID=7602) to work on /home/ubuntu/myenv/lib/python3.12/site-packages/airflow/example_dags/example_subdag_operator.py
[2024-08-27T16:09:59.957+0000] {processor.py:914} INFO - Processing file /home/ubuntu/myenv/lib/python3.12/site-packages/airflow/example_dags/example_subdag_operator.py for tasks to queue
[2024-08-27T16:09:59.959+0000] {logging_mixin.py:190} INFO - [2024-08-27T16:09:59.959+0000] {dagbag.py:587} INFO - Filling up the DagBag from /home/ubuntu/myenv/lib/python3.12/site-packages/airflow/example_dags/example_subdag_operator.py
[2024-08-27T16:09:59.985+0000] {processor.py:925} INFO - DAG(s) 'example_subdag_operator.section-1', 'example_subdag_operator.section-2', 'example_subdag_operator' retrieved from /home/ubuntu/myenv/lib/python3.12/site-packages/airflow/example_dags/example_subdag_operator.py
[2024-08-27T16:10:00.005+0000] {logging_mixin.py:190} INFO - [2024-08-27T16:10:00.004+0000] {dag.py:3211} INFO - Sync 3 DAGs
[2024-08-27T16:10:00.030+0000] {logging_mixin.py:190} INFO - [2024-08-27T16:10:00.029+0000] {dag.py:4138} INFO - Setting next_dagrun for example_subdag_operator to 2022-01-01 00:00:00+00:00, run_after=2022-01-01 00:00:00+00:00
[2024-08-27T16:10:00.033+0000] {logging_mixin.py:190} INFO - [2024-08-27T16:10:00.033+0000] {dag.py:4138} INFO - Setting next_dagrun for example_subdag_operator.section-1 to None, run_after=None
[2024-08-27T16:10:00.035+0000] {logging_mixin.py:190} INFO - [2024-08-27T16:10:00.034+0000] {dag.py:4138} INFO - Setting next_dagrun for example_subdag_operator.section-2 to None, run_after=None
[2024-08-27T16:10:00.041+0000] {logging_mixin.py:190} INFO - [2024-08-27T16:10:00.041+0000] {dag.py:3211} INFO - Sync 2 DAGs
[2024-08-27T16:10:00.045+0000] {logging_mixin.py:190} INFO - [2024-08-27T16:10:00.045+0000] {dag.py:4138} INFO - Setting next_dagrun for example_subdag_operator.section-1 to None, run_after=None
[2024-08-27T16:10:00.045+0000] {logging_mixin.py:190} INFO - [2024-08-27T16:10:00.045+0000] {dag.py:4138} INFO - Setting next_dagrun for example_subdag_operator.section-2 to None, run_after=None
[2024-08-27T16:10:00.060+0000] {processor.py:208} INFO - Processing /home/ubuntu/myenv/lib/python3.12/site-packages/airflow/example_dags/example_subdag_operator.py took 0.111 seconds
[2024-08-27T16:10:54.454+0000] {processor.py:186} INFO - Started process (PID=7702) to work on /home/ubuntu/myenv/lib/python3.12/site-packages/airflow/example_dags/example_subdag_operator.py
[2024-08-27T16:10:54.455+0000] {processor.py:914} INFO - Processing file /home/ubuntu/myenv/lib/python3.12/site-packages/airflow/example_dags/example_subdag_operator.py for tasks to queue
[2024-08-27T16:10:54.458+0000] {logging_mixin.py:190} INFO - [2024-08-27T16:10:54.457+0000] {dagbag.py:587} INFO - Filling up the DagBag from /home/ubuntu/myenv/lib/python3.12/site-packages/airflow/example_dags/example_subdag_operator.py
[2024-08-27T16:10:54.483+0000] {processor.py:925} INFO - DAG(s) 'example_subdag_operator.section-1', 'example_subdag_operator.section-2', 'example_subdag_operator' retrieved from /home/ubuntu/myenv/lib/python3.12/site-packages/airflow/example_dags/example_subdag_operator.py
[2024-08-27T16:10:54.500+0000] {logging_mixin.py:190} INFO - [2024-08-27T16:10:54.500+0000] {dag.py:3211} INFO - Sync 3 DAGs
[2024-08-27T16:10:54.522+0000] {logging_mixin.py:190} INFO - [2024-08-27T16:10:54.522+0000] {dag.py:4138} INFO - Setting next_dagrun for example_subdag_operator to 2022-01-01 00:00:00+00:00, run_after=2022-01-01 00:00:00+00:00
[2024-08-27T16:10:54.526+0000] {logging_mixin.py:190} INFO - [2024-08-27T16:10:54.526+0000] {dag.py:4138} INFO - Setting next_dagrun for example_subdag_operator.section-1 to None, run_after=None
[2024-08-27T16:10:54.527+0000] {logging_mixin.py:190} INFO - [2024-08-27T16:10:54.527+0000] {dag.py:4138} INFO - Setting next_dagrun for example_subdag_operator.section-2 to None, run_after=None
[2024-08-27T16:10:54.533+0000] {logging_mixin.py:190} INFO - [2024-08-27T16:10:54.533+0000] {dag.py:3211} INFO - Sync 2 DAGs
[2024-08-27T16:10:54.537+0000] {logging_mixin.py:190} INFO - [2024-08-27T16:10:54.537+0000] {dag.py:4138} INFO - Setting next_dagrun for example_subdag_operator.section-1 to None, run_after=None
[2024-08-27T16:10:54.537+0000] {logging_mixin.py:190} INFO - [2024-08-27T16:10:54.537+0000] {dag.py:4138} INFO - Setting next_dagrun for example_subdag_operator.section-2 to None, run_after=None
[2024-08-27T16:10:54.553+0000] {processor.py:208} INFO - Processing /home/ubuntu/myenv/lib/python3.12/site-packages/airflow/example_dags/example_subdag_operator.py took 0.105 seconds
[2024-08-27T16:11:45.169+0000] {processor.py:186} INFO - Started process (PID=7794) to work on /home/ubuntu/myenv/lib/python3.12/site-packages/airflow/example_dags/example_subdag_operator.py
[2024-08-27T16:11:45.171+0000] {processor.py:914} INFO - Processing file /home/ubuntu/myenv/lib/python3.12/site-packages/airflow/example_dags/example_subdag_operator.py for tasks to queue
[2024-08-27T16:11:45.173+0000] {logging_mixin.py:190} INFO - [2024-08-27T16:11:45.173+0000] {dagbag.py:587} INFO - Filling up the DagBag from /home/ubuntu/myenv/lib/python3.12/site-packages/airflow/example_dags/example_subdag_operator.py
[2024-08-27T16:11:45.198+0000] {processor.py:925} INFO - DAG(s) 'example_subdag_operator.section-1', 'example_subdag_operator.section-2', 'example_subdag_operator' retrieved from /home/ubuntu/myenv/lib/python3.12/site-packages/airflow/example_dags/example_subdag_operator.py
[2024-08-27T16:11:45.214+0000] {logging_mixin.py:190} INFO - [2024-08-27T16:11:45.214+0000] {dag.py:3211} INFO - Sync 3 DAGs
[2024-08-27T16:11:45.235+0000] {logging_mixin.py:190} INFO - [2024-08-27T16:11:45.235+0000] {dag.py:4138} INFO - Setting next_dagrun for example_subdag_operator to 2022-01-01 00:00:00+00:00, run_after=2022-01-01 00:00:00+00:00
[2024-08-27T16:11:45.239+0000] {logging_mixin.py:190} INFO - [2024-08-27T16:11:45.239+0000] {dag.py:4138} INFO - Setting next_dagrun for example_subdag_operator.section-1 to None, run_after=None
[2024-08-27T16:11:45.241+0000] {logging_mixin.py:190} INFO - [2024-08-27T16:11:45.241+0000] {dag.py:4138} INFO - Setting next_dagrun for example_subdag_operator.section-2 to None, run_after=None
[2024-08-27T16:11:45.247+0000] {logging_mixin.py:190} INFO - [2024-08-27T16:11:45.247+0000] {dag.py:3211} INFO - Sync 2 DAGs
[2024-08-27T16:11:45.251+0000] {logging_mixin.py:190} INFO - [2024-08-27T16:11:45.251+0000] {dag.py:4138} INFO - Setting next_dagrun for example_subdag_operator.section-1 to None, run_after=None
[2024-08-27T16:11:45.251+0000] {logging_mixin.py:190} INFO - [2024-08-27T16:11:45.251+0000] {dag.py:4138} INFO - Setting next_dagrun for example_subdag_operator.section-2 to None, run_after=None
[2024-08-27T16:11:45.266+0000] {processor.py:208} INFO - Processing /home/ubuntu/myenv/lib/python3.12/site-packages/airflow/example_dags/example_subdag_operator.py took 0.104 seconds
[2024-08-27T16:12:34.744+0000] {processor.py:186} INFO - Started process (PID=7885) to work on /home/ubuntu/myenv/lib/python3.12/site-packages/airflow/example_dags/example_subdag_operator.py
[2024-08-27T16:12:34.746+0000] {processor.py:914} INFO - Processing file /home/ubuntu/myenv/lib/python3.12/site-packages/airflow/example_dags/example_subdag_operator.py for tasks to queue
[2024-08-27T16:12:34.748+0000] {logging_mixin.py:190} INFO - [2024-08-27T16:12:34.748+0000] {dagbag.py:587} INFO - Filling up the DagBag from /home/ubuntu/myenv/lib/python3.12/site-packages/airflow/example_dags/example_subdag_operator.py
[2024-08-27T16:12:34.774+0000] {processor.py:925} INFO - DAG(s) 'example_subdag_operator.section-1', 'example_subdag_operator.section-2', 'example_subdag_operator' retrieved from /home/ubuntu/myenv/lib/python3.12/site-packages/airflow/example_dags/example_subdag_operator.py
[2024-08-27T16:12:34.790+0000] {logging_mixin.py:190} INFO - [2024-08-27T16:12:34.790+0000] {dag.py:3211} INFO - Sync 3 DAGs
[2024-08-27T16:12:34.812+0000] {logging_mixin.py:190} INFO - [2024-08-27T16:12:34.812+0000] {dag.py:4138} INFO - Setting next_dagrun for example_subdag_operator to 2022-01-01 00:00:00+00:00, run_after=2022-01-01 00:00:00+00:00
[2024-08-27T16:12:34.816+0000] {logging_mixin.py:190} INFO - [2024-08-27T16:12:34.816+0000] {dag.py:4138} INFO - Setting next_dagrun for example_subdag_operator.section-1 to None, run_after=None
[2024-08-27T16:12:34.817+0000] {logging_mixin.py:190} INFO - [2024-08-27T16:12:34.817+0000] {dag.py:4138} INFO - Setting next_dagrun for example_subdag_operator.section-2 to None, run_after=None
[2024-08-27T16:12:34.823+0000] {logging_mixin.py:190} INFO - [2024-08-27T16:12:34.823+0000] {dag.py:3211} INFO - Sync 2 DAGs
[2024-08-27T16:12:34.827+0000] {logging_mixin.py:190} INFO - [2024-08-27T16:12:34.827+0000] {dag.py:4138} INFO - Setting next_dagrun for example_subdag_operator.section-1 to None, run_after=None
[2024-08-27T16:12:34.828+0000] {logging_mixin.py:190} INFO - [2024-08-27T16:12:34.828+0000] {dag.py:4138} INFO - Setting next_dagrun for example_subdag_operator.section-2 to None, run_after=None
[2024-08-27T16:12:34.845+0000] {processor.py:208} INFO - Processing /home/ubuntu/myenv/lib/python3.12/site-packages/airflow/example_dags/example_subdag_operator.py took 0.106 seconds
[2024-08-27T16:13:27.874+0000] {processor.py:186} INFO - Started process (PID=7975) to work on /home/ubuntu/myenv/lib/python3.12/site-packages/airflow/example_dags/example_subdag_operator.py
[2024-08-27T16:13:27.876+0000] {processor.py:914} INFO - Processing file /home/ubuntu/myenv/lib/python3.12/site-packages/airflow/example_dags/example_subdag_operator.py for tasks to queue
[2024-08-27T16:13:27.878+0000] {logging_mixin.py:190} INFO - [2024-08-27T16:13:27.878+0000] {dagbag.py:587} INFO - Filling up the DagBag from /home/ubuntu/myenv/lib/python3.12/site-packages/airflow/example_dags/example_subdag_operator.py
[2024-08-27T16:13:27.904+0000] {processor.py:925} INFO - DAG(s) 'example_subdag_operator.section-1', 'example_subdag_operator.section-2', 'example_subdag_operator' retrieved from /home/ubuntu/myenv/lib/python3.12/site-packages/airflow/example_dags/example_subdag_operator.py
[2024-08-27T16:13:27.922+0000] {logging_mixin.py:190} INFO - [2024-08-27T16:13:27.921+0000] {dag.py:3211} INFO - Sync 3 DAGs
[2024-08-27T16:13:27.944+0000] {logging_mixin.py:190} INFO - [2024-08-27T16:13:27.944+0000] {dag.py:4138} INFO - Setting next_dagrun for example_subdag_operator to 2022-01-01 00:00:00+00:00, run_after=2022-01-01 00:00:00+00:00
[2024-08-27T16:13:27.947+0000] {logging_mixin.py:190} INFO - [2024-08-27T16:13:27.947+0000] {dag.py:4138} INFO - Setting next_dagrun for example_subdag_operator.section-1 to None, run_after=None
[2024-08-27T16:13:27.948+0000] {logging_mixin.py:190} INFO - [2024-08-27T16:13:27.948+0000] {dag.py:4138} INFO - Setting next_dagrun for example_subdag_operator.section-2 to None, run_after=None
[2024-08-27T16:13:27.955+0000] {logging_mixin.py:190} INFO - [2024-08-27T16:13:27.955+0000] {dag.py:3211} INFO - Sync 2 DAGs
[2024-08-27T16:13:27.959+0000] {logging_mixin.py:190} INFO - [2024-08-27T16:13:27.959+0000] {dag.py:4138} INFO - Setting next_dagrun for example_subdag_operator.section-1 to None, run_after=None
[2024-08-27T16:13:27.960+0000] {logging_mixin.py:190} INFO - [2024-08-27T16:13:27.959+0000] {dag.py:4138} INFO - Setting next_dagrun for example_subdag_operator.section-2 to None, run_after=None
[2024-08-27T16:13:27.975+0000] {processor.py:208} INFO - Processing /home/ubuntu/myenv/lib/python3.12/site-packages/airflow/example_dags/example_subdag_operator.py took 0.108 seconds
