[2024-08-27T14:34:42.143+0000] {processor.py:186} INFO - Started process (PID=5541) to work on /home/ubuntu/myenv/lib/python3.12/site-packages/airflow/example_dags/example_params_trigger_ui.py
[2024-08-27T14:34:42.144+0000] {processor.py:914} INFO - Processing file /home/ubuntu/myenv/lib/python3.12/site-packages/airflow/example_dags/example_params_trigger_ui.py for tasks to queue
[2024-08-27T14:34:42.146+0000] {logging_mixin.py:190} INFO - [2024-08-27T14:34:42.146+0000] {dagbag.py:587} INFO - Filling up the DagBag from /home/ubuntu/myenv/lib/python3.12/site-packages/airflow/example_dags/example_params_trigger_ui.py
[2024-08-27T14:34:42.158+0000] {processor.py:925} INFO - DAG(s) 'example_params_trigger_ui' retrieved from /home/ubuntu/myenv/lib/python3.12/site-packages/airflow/example_dags/example_params_trigger_ui.py
[2024-08-27T14:34:42.304+0000] {logging_mixin.py:190} INFO - [2024-08-27T14:34:42.304+0000] {override.py:1900} INFO - Created Permission View: can delete on DAG:example_params_trigger_ui
[2024-08-27T14:34:42.318+0000] {logging_mixin.py:190} INFO - [2024-08-27T14:34:42.318+0000] {override.py:1900} INFO - Created Permission View: can edit on DAG:example_params_trigger_ui
[2024-08-27T14:34:42.328+0000] {logging_mixin.py:190} INFO - [2024-08-27T14:34:42.328+0000] {override.py:1900} INFO - Created Permission View: can read on DAG:example_params_trigger_ui
[2024-08-27T14:34:42.344+0000] {logging_mixin.py:190} INFO - [2024-08-27T14:34:42.343+0000] {override.py:1900} INFO - Created Permission View: can create on DAG Run:example_params_trigger_ui
[2024-08-27T14:34:42.354+0000] {logging_mixin.py:190} INFO - [2024-08-27T14:34:42.353+0000] {override.py:1900} INFO - Created Permission View: menu access on DAG Run:example_params_trigger_ui
[2024-08-27T14:34:42.364+0000] {logging_mixin.py:190} INFO - [2024-08-27T14:34:42.364+0000] {override.py:1900} INFO - Created Permission View: can delete on DAG Run:example_params_trigger_ui
[2024-08-27T14:34:42.374+0000] {logging_mixin.py:190} INFO - [2024-08-27T14:34:42.374+0000] {override.py:1900} INFO - Created Permission View: can read on DAG Run:example_params_trigger_ui
[2024-08-27T14:34:42.375+0000] {logging_mixin.py:190} INFO - [2024-08-27T14:34:42.374+0000] {dag.py:3211} INFO - Sync 1 DAGs
[2024-08-27T14:34:42.387+0000] {logging_mixin.py:190} INFO - [2024-08-27T14:34:42.387+0000] {dag.py:3234} INFO - Creating ORM DAG for example_params_trigger_ui
[2024-08-27T14:34:42.388+0000] {logging_mixin.py:190} INFO - [2024-08-27T14:34:42.388+0000] {dag.py:4138} INFO - Setting next_dagrun for example_params_trigger_ui to None, run_after=None
[2024-08-27T14:34:42.409+0000] {processor.py:208} INFO - Processing /home/ubuntu/myenv/lib/python3.12/site-packages/airflow/example_dags/example_params_trigger_ui.py took 0.272 seconds
[2024-08-27T14:35:47.831+0000] {processor.py:186} INFO - Started process (PID=5612) to work on /home/ubuntu/myenv/lib/python3.12/site-packages/airflow/example_dags/example_params_trigger_ui.py
[2024-08-27T14:35:47.833+0000] {processor.py:914} INFO - Processing file /home/ubuntu/myenv/lib/python3.12/site-packages/airflow/example_dags/example_params_trigger_ui.py for tasks to queue
[2024-08-27T14:35:47.835+0000] {logging_mixin.py:190} INFO - [2024-08-27T14:35:47.835+0000] {dagbag.py:587} INFO - Filling up the DagBag from /home/ubuntu/myenv/lib/python3.12/site-packages/airflow/example_dags/example_params_trigger_ui.py
[2024-08-27T14:35:47.847+0000] {processor.py:925} INFO - DAG(s) 'example_params_trigger_ui' retrieved from /home/ubuntu/myenv/lib/python3.12/site-packages/airflow/example_dags/example_params_trigger_ui.py
[2024-08-27T14:35:47.893+0000] {logging_mixin.py:190} INFO - [2024-08-27T14:35:47.893+0000] {dag.py:3211} INFO - Sync 1 DAGs
[2024-08-27T14:35:47.907+0000] {logging_mixin.py:190} INFO - [2024-08-27T14:35:47.907+0000] {dag.py:4138} INFO - Setting next_dagrun for example_params_trigger_ui to None, run_after=None
[2024-08-27T14:35:47.930+0000] {processor.py:208} INFO - Processing /home/ubuntu/myenv/lib/python3.12/site-packages/airflow/example_dags/example_params_trigger_ui.py took 0.105 seconds
[2024-08-27T14:36:41.779+0000] {processor.py:186} INFO - Started process (PID=5684) to work on /home/ubuntu/myenv/lib/python3.12/site-packages/airflow/example_dags/example_params_trigger_ui.py
[2024-08-27T14:36:41.781+0000] {processor.py:914} INFO - Processing file /home/ubuntu/myenv/lib/python3.12/site-packages/airflow/example_dags/example_params_trigger_ui.py for tasks to queue
[2024-08-27T14:36:41.783+0000] {logging_mixin.py:190} INFO - [2024-08-27T14:36:41.783+0000] {dagbag.py:587} INFO - Filling up the DagBag from /home/ubuntu/myenv/lib/python3.12/site-packages/airflow/example_dags/example_params_trigger_ui.py
[2024-08-27T14:36:41.795+0000] {processor.py:925} INFO - DAG(s) 'example_params_trigger_ui' retrieved from /home/ubuntu/myenv/lib/python3.12/site-packages/airflow/example_dags/example_params_trigger_ui.py
[2024-08-27T14:36:41.839+0000] {logging_mixin.py:190} INFO - [2024-08-27T14:36:41.839+0000] {dag.py:3211} INFO - Sync 1 DAGs
[2024-08-27T14:36:41.853+0000] {logging_mixin.py:190} INFO - [2024-08-27T14:36:41.853+0000] {dag.py:4138} INFO - Setting next_dagrun for example_params_trigger_ui to None, run_after=None
[2024-08-27T14:36:41.876+0000] {processor.py:208} INFO - Processing /home/ubuntu/myenv/lib/python3.12/site-packages/airflow/example_dags/example_params_trigger_ui.py took 0.102 seconds
[2024-08-27T14:37:36.187+0000] {processor.py:186} INFO - Started process (PID=5760) to work on /home/ubuntu/myenv/lib/python3.12/site-packages/airflow/example_dags/example_params_trigger_ui.py
[2024-08-27T14:37:36.189+0000] {processor.py:914} INFO - Processing file /home/ubuntu/myenv/lib/python3.12/site-packages/airflow/example_dags/example_params_trigger_ui.py for tasks to queue
[2024-08-27T14:37:36.191+0000] {logging_mixin.py:190} INFO - [2024-08-27T14:37:36.190+0000] {dagbag.py:587} INFO - Filling up the DagBag from /home/ubuntu/myenv/lib/python3.12/site-packages/airflow/example_dags/example_params_trigger_ui.py
[2024-08-27T14:37:36.203+0000] {processor.py:925} INFO - DAG(s) 'example_params_trigger_ui' retrieved from /home/ubuntu/myenv/lib/python3.12/site-packages/airflow/example_dags/example_params_trigger_ui.py
[2024-08-27T14:37:36.246+0000] {logging_mixin.py:190} INFO - [2024-08-27T14:37:36.246+0000] {dag.py:3211} INFO - Sync 1 DAGs
[2024-08-27T14:37:36.261+0000] {logging_mixin.py:190} INFO - [2024-08-27T14:37:36.260+0000] {dag.py:4138} INFO - Setting next_dagrun for example_params_trigger_ui to None, run_after=None
[2024-08-27T14:37:36.283+0000] {processor.py:208} INFO - Processing /home/ubuntu/myenv/lib/python3.12/site-packages/airflow/example_dags/example_params_trigger_ui.py took 0.102 seconds
[2024-08-27T14:38:27.728+0000] {processor.py:186} INFO - Started process (PID=5825) to work on /home/ubuntu/myenv/lib/python3.12/site-packages/airflow/example_dags/example_params_trigger_ui.py
[2024-08-27T14:38:27.730+0000] {processor.py:914} INFO - Processing file /home/ubuntu/myenv/lib/python3.12/site-packages/airflow/example_dags/example_params_trigger_ui.py for tasks to queue
[2024-08-27T14:38:27.732+0000] {logging_mixin.py:190} INFO - [2024-08-27T14:38:27.731+0000] {dagbag.py:587} INFO - Filling up the DagBag from /home/ubuntu/myenv/lib/python3.12/site-packages/airflow/example_dags/example_params_trigger_ui.py
[2024-08-27T14:38:27.744+0000] {processor.py:925} INFO - DAG(s) 'example_params_trigger_ui' retrieved from /home/ubuntu/myenv/lib/python3.12/site-packages/airflow/example_dags/example_params_trigger_ui.py
[2024-08-27T14:38:27.789+0000] {logging_mixin.py:190} INFO - [2024-08-27T14:38:27.788+0000] {dag.py:3211} INFO - Sync 1 DAGs
[2024-08-27T14:38:27.802+0000] {logging_mixin.py:190} INFO - [2024-08-27T14:38:27.802+0000] {dag.py:4138} INFO - Setting next_dagrun for example_params_trigger_ui to None, run_after=None
[2024-08-27T14:38:27.960+0000] {processor.py:208} INFO - Processing /home/ubuntu/myenv/lib/python3.12/site-packages/airflow/example_dags/example_params_trigger_ui.py took 0.238 seconds
[2024-08-27T14:39:35.335+0000] {processor.py:186} INFO - Started process (PID=5907) to work on /home/ubuntu/myenv/lib/python3.12/site-packages/airflow/example_dags/example_params_trigger_ui.py
[2024-08-27T14:39:35.337+0000] {processor.py:914} INFO - Processing file /home/ubuntu/myenv/lib/python3.12/site-packages/airflow/example_dags/example_params_trigger_ui.py for tasks to queue
[2024-08-27T14:39:35.339+0000] {logging_mixin.py:190} INFO - [2024-08-27T14:39:35.339+0000] {dagbag.py:587} INFO - Filling up the DagBag from /home/ubuntu/myenv/lib/python3.12/site-packages/airflow/example_dags/example_params_trigger_ui.py
[2024-08-27T14:39:35.351+0000] {processor.py:925} INFO - DAG(s) 'example_params_trigger_ui' retrieved from /home/ubuntu/myenv/lib/python3.12/site-packages/airflow/example_dags/example_params_trigger_ui.py
[2024-08-27T14:39:35.396+0000] {logging_mixin.py:190} INFO - [2024-08-27T14:39:35.395+0000] {dag.py:3211} INFO - Sync 1 DAGs
[2024-08-27T14:39:35.410+0000] {logging_mixin.py:190} INFO - [2024-08-27T14:39:35.410+0000] {dag.py:4138} INFO - Setting next_dagrun for example_params_trigger_ui to None, run_after=None
[2024-08-27T14:39:35.433+0000] {processor.py:208} INFO - Processing /home/ubuntu/myenv/lib/python3.12/site-packages/airflow/example_dags/example_params_trigger_ui.py took 0.104 seconds
[2024-08-27T14:40:29.157+0000] {processor.py:186} INFO - Started process (PID=5976) to work on /home/ubuntu/myenv/lib/python3.12/site-packages/airflow/example_dags/example_params_trigger_ui.py
[2024-08-27T14:40:29.159+0000] {processor.py:914} INFO - Processing file /home/ubuntu/myenv/lib/python3.12/site-packages/airflow/example_dags/example_params_trigger_ui.py for tasks to queue
[2024-08-27T14:40:29.161+0000] {logging_mixin.py:190} INFO - [2024-08-27T14:40:29.161+0000] {dagbag.py:587} INFO - Filling up the DagBag from /home/ubuntu/myenv/lib/python3.12/site-packages/airflow/example_dags/example_params_trigger_ui.py
[2024-08-27T14:40:29.174+0000] {processor.py:925} INFO - DAG(s) 'example_params_trigger_ui' retrieved from /home/ubuntu/myenv/lib/python3.12/site-packages/airflow/example_dags/example_params_trigger_ui.py
[2024-08-27T14:40:29.220+0000] {logging_mixin.py:190} INFO - [2024-08-27T14:40:29.219+0000] {dag.py:3211} INFO - Sync 1 DAGs
[2024-08-27T14:40:29.234+0000] {logging_mixin.py:190} INFO - [2024-08-27T14:40:29.234+0000] {dag.py:4138} INFO - Setting next_dagrun for example_params_trigger_ui to None, run_after=None
[2024-08-27T14:40:29.259+0000] {processor.py:208} INFO - Processing /home/ubuntu/myenv/lib/python3.12/site-packages/airflow/example_dags/example_params_trigger_ui.py took 0.108 seconds
[2024-08-27T14:41:18.702+0000] {processor.py:186} INFO - Started process (PID=6028) to work on /home/ubuntu/myenv/lib/python3.12/site-packages/airflow/example_dags/example_params_trigger_ui.py
[2024-08-27T14:41:18.704+0000] {processor.py:914} INFO - Processing file /home/ubuntu/myenv/lib/python3.12/site-packages/airflow/example_dags/example_params_trigger_ui.py for tasks to queue
[2024-08-27T14:41:18.706+0000] {logging_mixin.py:190} INFO - [2024-08-27T14:41:18.706+0000] {dagbag.py:587} INFO - Filling up the DagBag from /home/ubuntu/myenv/lib/python3.12/site-packages/airflow/example_dags/example_params_trigger_ui.py
[2024-08-27T14:41:18.719+0000] {processor.py:925} INFO - DAG(s) 'example_params_trigger_ui' retrieved from /home/ubuntu/myenv/lib/python3.12/site-packages/airflow/example_dags/example_params_trigger_ui.py
[2024-08-27T14:41:18.764+0000] {logging_mixin.py:190} INFO - [2024-08-27T14:41:18.764+0000] {dag.py:3211} INFO - Sync 1 DAGs
[2024-08-27T14:41:18.779+0000] {logging_mixin.py:190} INFO - [2024-08-27T14:41:18.779+0000] {dag.py:4138} INFO - Setting next_dagrun for example_params_trigger_ui to None, run_after=None
[2024-08-27T14:41:18.803+0000] {processor.py:208} INFO - Processing /home/ubuntu/myenv/lib/python3.12/site-packages/airflow/example_dags/example_params_trigger_ui.py took 0.107 seconds
[2024-08-27T14:42:08.113+0000] {processor.py:186} INFO - Started process (PID=6078) to work on /home/ubuntu/myenv/lib/python3.12/site-packages/airflow/example_dags/example_params_trigger_ui.py
[2024-08-27T14:42:08.114+0000] {processor.py:914} INFO - Processing file /home/ubuntu/myenv/lib/python3.12/site-packages/airflow/example_dags/example_params_trigger_ui.py for tasks to queue
[2024-08-27T14:42:08.116+0000] {logging_mixin.py:190} INFO - [2024-08-27T14:42:08.116+0000] {dagbag.py:587} INFO - Filling up the DagBag from /home/ubuntu/myenv/lib/python3.12/site-packages/airflow/example_dags/example_params_trigger_ui.py
[2024-08-27T14:42:08.129+0000] {processor.py:925} INFO - DAG(s) 'example_params_trigger_ui' retrieved from /home/ubuntu/myenv/lib/python3.12/site-packages/airflow/example_dags/example_params_trigger_ui.py
[2024-08-27T14:42:08.174+0000] {logging_mixin.py:190} INFO - [2024-08-27T14:42:08.174+0000] {dag.py:3211} INFO - Sync 1 DAGs
[2024-08-27T14:42:08.188+0000] {logging_mixin.py:190} INFO - [2024-08-27T14:42:08.188+0000] {dag.py:4138} INFO - Setting next_dagrun for example_params_trigger_ui to None, run_after=None
[2024-08-27T14:42:08.211+0000] {processor.py:208} INFO - Processing /home/ubuntu/myenv/lib/python3.12/site-packages/airflow/example_dags/example_params_trigger_ui.py took 0.105 seconds
[2024-08-27T14:42:59.932+0000] {processor.py:186} INFO - Started process (PID=6130) to work on /home/ubuntu/myenv/lib/python3.12/site-packages/airflow/example_dags/example_params_trigger_ui.py
[2024-08-27T14:42:59.933+0000] {processor.py:914} INFO - Processing file /home/ubuntu/myenv/lib/python3.12/site-packages/airflow/example_dags/example_params_trigger_ui.py for tasks to queue
[2024-08-27T14:42:59.935+0000] {logging_mixin.py:190} INFO - [2024-08-27T14:42:59.935+0000] {dagbag.py:587} INFO - Filling up the DagBag from /home/ubuntu/myenv/lib/python3.12/site-packages/airflow/example_dags/example_params_trigger_ui.py
[2024-08-27T14:42:59.948+0000] {processor.py:925} INFO - DAG(s) 'example_params_trigger_ui' retrieved from /home/ubuntu/myenv/lib/python3.12/site-packages/airflow/example_dags/example_params_trigger_ui.py
[2024-08-27T14:42:59.992+0000] {logging_mixin.py:190} INFO - [2024-08-27T14:42:59.992+0000] {dag.py:3211} INFO - Sync 1 DAGs
[2024-08-27T14:43:00.007+0000] {logging_mixin.py:190} INFO - [2024-08-27T14:43:00.006+0000] {dag.py:4138} INFO - Setting next_dagrun for example_params_trigger_ui to None, run_after=None
[2024-08-27T14:43:00.032+0000] {processor.py:208} INFO - Processing /home/ubuntu/myenv/lib/python3.12/site-packages/airflow/example_dags/example_params_trigger_ui.py took 0.106 seconds
[2024-08-27T14:43:49.610+0000] {processor.py:186} INFO - Started process (PID=6182) to work on /home/ubuntu/myenv/lib/python3.12/site-packages/airflow/example_dags/example_params_trigger_ui.py
[2024-08-27T14:43:49.611+0000] {processor.py:914} INFO - Processing file /home/ubuntu/myenv/lib/python3.12/site-packages/airflow/example_dags/example_params_trigger_ui.py for tasks to queue
[2024-08-27T14:43:49.613+0000] {logging_mixin.py:190} INFO - [2024-08-27T14:43:49.613+0000] {dagbag.py:587} INFO - Filling up the DagBag from /home/ubuntu/myenv/lib/python3.12/site-packages/airflow/example_dags/example_params_trigger_ui.py
[2024-08-27T14:43:49.626+0000] {processor.py:925} INFO - DAG(s) 'example_params_trigger_ui' retrieved from /home/ubuntu/myenv/lib/python3.12/site-packages/airflow/example_dags/example_params_trigger_ui.py
[2024-08-27T14:43:49.670+0000] {logging_mixin.py:190} INFO - [2024-08-27T14:43:49.669+0000] {dag.py:3211} INFO - Sync 1 DAGs
[2024-08-27T14:43:49.683+0000] {logging_mixin.py:190} INFO - [2024-08-27T14:43:49.683+0000] {dag.py:4138} INFO - Setting next_dagrun for example_params_trigger_ui to None, run_after=None
[2024-08-27T14:43:49.705+0000] {processor.py:208} INFO - Processing /home/ubuntu/myenv/lib/python3.12/site-packages/airflow/example_dags/example_params_trigger_ui.py took 0.102 seconds
[2024-08-27T14:44:39.995+0000] {processor.py:186} INFO - Started process (PID=6235) to work on /home/ubuntu/myenv/lib/python3.12/site-packages/airflow/example_dags/example_params_trigger_ui.py
[2024-08-27T14:44:39.996+0000] {processor.py:914} INFO - Processing file /home/ubuntu/myenv/lib/python3.12/site-packages/airflow/example_dags/example_params_trigger_ui.py for tasks to queue
[2024-08-27T14:44:39.999+0000] {logging_mixin.py:190} INFO - [2024-08-27T14:44:39.998+0000] {dagbag.py:587} INFO - Filling up the DagBag from /home/ubuntu/myenv/lib/python3.12/site-packages/airflow/example_dags/example_params_trigger_ui.py
[2024-08-27T14:44:40.012+0000] {processor.py:925} INFO - DAG(s) 'example_params_trigger_ui' retrieved from /home/ubuntu/myenv/lib/python3.12/site-packages/airflow/example_dags/example_params_trigger_ui.py
[2024-08-27T14:44:40.058+0000] {logging_mixin.py:190} INFO - [2024-08-27T14:44:40.058+0000] {dag.py:3211} INFO - Sync 1 DAGs
[2024-08-27T14:44:40.073+0000] {logging_mixin.py:190} INFO - [2024-08-27T14:44:40.072+0000] {dag.py:4138} INFO - Setting next_dagrun for example_params_trigger_ui to None, run_after=None
[2024-08-27T14:44:40.096+0000] {processor.py:208} INFO - Processing /home/ubuntu/myenv/lib/python3.12/site-packages/airflow/example_dags/example_params_trigger_ui.py took 0.108 seconds
[2024-08-27T14:45:31.236+0000] {processor.py:186} INFO - Started process (PID=6289) to work on /home/ubuntu/myenv/lib/python3.12/site-packages/airflow/example_dags/example_params_trigger_ui.py
[2024-08-27T14:45:31.238+0000] {processor.py:914} INFO - Processing file /home/ubuntu/myenv/lib/python3.12/site-packages/airflow/example_dags/example_params_trigger_ui.py for tasks to queue
[2024-08-27T14:45:31.240+0000] {logging_mixin.py:190} INFO - [2024-08-27T14:45:31.240+0000] {dagbag.py:587} INFO - Filling up the DagBag from /home/ubuntu/myenv/lib/python3.12/site-packages/airflow/example_dags/example_params_trigger_ui.py
[2024-08-27T14:45:31.253+0000] {processor.py:925} INFO - DAG(s) 'example_params_trigger_ui' retrieved from /home/ubuntu/myenv/lib/python3.12/site-packages/airflow/example_dags/example_params_trigger_ui.py
[2024-08-27T14:45:31.297+0000] {logging_mixin.py:190} INFO - [2024-08-27T14:45:31.297+0000] {dag.py:3211} INFO - Sync 1 DAGs
[2024-08-27T14:45:31.312+0000] {logging_mixin.py:190} INFO - [2024-08-27T14:45:31.312+0000] {dag.py:4138} INFO - Setting next_dagrun for example_params_trigger_ui to None, run_after=None
[2024-08-27T14:45:31.335+0000] {processor.py:208} INFO - Processing /home/ubuntu/myenv/lib/python3.12/site-packages/airflow/example_dags/example_params_trigger_ui.py took 0.105 seconds
[2024-08-27T14:46:21.492+0000] {processor.py:186} INFO - Started process (PID=6344) to work on /home/ubuntu/myenv/lib/python3.12/site-packages/airflow/example_dags/example_params_trigger_ui.py
[2024-08-27T14:46:21.494+0000] {processor.py:914} INFO - Processing file /home/ubuntu/myenv/lib/python3.12/site-packages/airflow/example_dags/example_params_trigger_ui.py for tasks to queue
[2024-08-27T14:46:21.496+0000] {logging_mixin.py:190} INFO - [2024-08-27T14:46:21.496+0000] {dagbag.py:587} INFO - Filling up the DagBag from /home/ubuntu/myenv/lib/python3.12/site-packages/airflow/example_dags/example_params_trigger_ui.py
[2024-08-27T14:46:21.509+0000] {processor.py:925} INFO - DAG(s) 'example_params_trigger_ui' retrieved from /home/ubuntu/myenv/lib/python3.12/site-packages/airflow/example_dags/example_params_trigger_ui.py
[2024-08-27T14:46:21.553+0000] {logging_mixin.py:190} INFO - [2024-08-27T14:46:21.553+0000] {dag.py:3211} INFO - Sync 1 DAGs
[2024-08-27T14:46:21.567+0000] {logging_mixin.py:190} INFO - [2024-08-27T14:46:21.567+0000] {dag.py:4138} INFO - Setting next_dagrun for example_params_trigger_ui to None, run_after=None
[2024-08-27T14:46:21.590+0000] {processor.py:208} INFO - Processing /home/ubuntu/myenv/lib/python3.12/site-packages/airflow/example_dags/example_params_trigger_ui.py took 0.104 seconds
[2024-08-27T14:47:31.573+0000] {processor.py:186} INFO - Started process (PID=6416) to work on /home/ubuntu/myenv/lib/python3.12/site-packages/airflow/example_dags/example_params_trigger_ui.py
[2024-08-27T14:47:31.574+0000] {processor.py:914} INFO - Processing file /home/ubuntu/myenv/lib/python3.12/site-packages/airflow/example_dags/example_params_trigger_ui.py for tasks to queue
[2024-08-27T14:47:31.577+0000] {logging_mixin.py:190} INFO - [2024-08-27T14:47:31.576+0000] {dagbag.py:587} INFO - Filling up the DagBag from /home/ubuntu/myenv/lib/python3.12/site-packages/airflow/example_dags/example_params_trigger_ui.py
[2024-08-27T14:47:31.589+0000] {processor.py:925} INFO - DAG(s) 'example_params_trigger_ui' retrieved from /home/ubuntu/myenv/lib/python3.12/site-packages/airflow/example_dags/example_params_trigger_ui.py
[2024-08-27T14:47:31.634+0000] {logging_mixin.py:190} INFO - [2024-08-27T14:47:31.633+0000] {dag.py:3211} INFO - Sync 1 DAGs
[2024-08-27T14:47:31.648+0000] {logging_mixin.py:190} INFO - [2024-08-27T14:47:31.647+0000] {dag.py:4138} INFO - Setting next_dagrun for example_params_trigger_ui to None, run_after=None
[2024-08-27T14:47:31.670+0000] {processor.py:208} INFO - Processing /home/ubuntu/myenv/lib/python3.12/site-packages/airflow/example_dags/example_params_trigger_ui.py took 0.104 seconds
[2024-08-27T14:48:23.923+0000] {processor.py:186} INFO - Started process (PID=6474) to work on /home/ubuntu/myenv/lib/python3.12/site-packages/airflow/example_dags/example_params_trigger_ui.py
[2024-08-27T14:48:23.924+0000] {processor.py:914} INFO - Processing file /home/ubuntu/myenv/lib/python3.12/site-packages/airflow/example_dags/example_params_trigger_ui.py for tasks to queue
[2024-08-27T14:48:23.926+0000] {logging_mixin.py:190} INFO - [2024-08-27T14:48:23.926+0000] {dagbag.py:587} INFO - Filling up the DagBag from /home/ubuntu/myenv/lib/python3.12/site-packages/airflow/example_dags/example_params_trigger_ui.py
[2024-08-27T14:48:23.939+0000] {processor.py:925} INFO - DAG(s) 'example_params_trigger_ui' retrieved from /home/ubuntu/myenv/lib/python3.12/site-packages/airflow/example_dags/example_params_trigger_ui.py
[2024-08-27T14:48:23.983+0000] {logging_mixin.py:190} INFO - [2024-08-27T14:48:23.983+0000] {dag.py:3211} INFO - Sync 1 DAGs
[2024-08-27T14:48:23.997+0000] {logging_mixin.py:190} INFO - [2024-08-27T14:48:23.997+0000] {dag.py:4138} INFO - Setting next_dagrun for example_params_trigger_ui to None, run_after=None
[2024-08-27T14:48:24.021+0000] {processor.py:208} INFO - Processing /home/ubuntu/myenv/lib/python3.12/site-packages/airflow/example_dags/example_params_trigger_ui.py took 0.105 seconds
[2024-08-27T14:49:14.338+0000] {processor.py:186} INFO - Started process (PID=6528) to work on /home/ubuntu/myenv/lib/python3.12/site-packages/airflow/example_dags/example_params_trigger_ui.py
[2024-08-27T14:49:14.339+0000] {processor.py:914} INFO - Processing file /home/ubuntu/myenv/lib/python3.12/site-packages/airflow/example_dags/example_params_trigger_ui.py for tasks to queue
[2024-08-27T14:49:14.342+0000] {logging_mixin.py:190} INFO - [2024-08-27T14:49:14.341+0000] {dagbag.py:587} INFO - Filling up the DagBag from /home/ubuntu/myenv/lib/python3.12/site-packages/airflow/example_dags/example_params_trigger_ui.py
[2024-08-27T14:49:14.354+0000] {processor.py:925} INFO - DAG(s) 'example_params_trigger_ui' retrieved from /home/ubuntu/myenv/lib/python3.12/site-packages/airflow/example_dags/example_params_trigger_ui.py
[2024-08-27T14:49:14.400+0000] {logging_mixin.py:190} INFO - [2024-08-27T14:49:14.400+0000] {dag.py:3211} INFO - Sync 1 DAGs
[2024-08-27T14:49:14.415+0000] {logging_mixin.py:190} INFO - [2024-08-27T14:49:14.415+0000] {dag.py:4138} INFO - Setting next_dagrun for example_params_trigger_ui to None, run_after=None
[2024-08-27T14:49:14.439+0000] {processor.py:208} INFO - Processing /home/ubuntu/myenv/lib/python3.12/site-packages/airflow/example_dags/example_params_trigger_ui.py took 0.108 seconds
[2024-08-27T16:10:13.124+0000] {processor.py:186} INFO - Started process (PID=7621) to work on /home/ubuntu/myenv/lib/python3.12/site-packages/airflow/example_dags/example_params_trigger_ui.py
[2024-08-27T16:10:13.126+0000] {processor.py:914} INFO - Processing file /home/ubuntu/myenv/lib/python3.12/site-packages/airflow/example_dags/example_params_trigger_ui.py for tasks to queue
[2024-08-27T16:10:13.128+0000] {logging_mixin.py:190} INFO - [2024-08-27T16:10:13.128+0000] {dagbag.py:587} INFO - Filling up the DagBag from /home/ubuntu/myenv/lib/python3.12/site-packages/airflow/example_dags/example_params_trigger_ui.py
[2024-08-27T16:10:13.141+0000] {processor.py:925} INFO - DAG(s) 'example_params_trigger_ui' retrieved from /home/ubuntu/myenv/lib/python3.12/site-packages/airflow/example_dags/example_params_trigger_ui.py
[2024-08-27T16:10:13.192+0000] {logging_mixin.py:190} INFO - [2024-08-27T16:10:13.192+0000] {dag.py:3211} INFO - Sync 1 DAGs
[2024-08-27T16:10:13.207+0000] {logging_mixin.py:190} INFO - [2024-08-27T16:10:13.206+0000] {dag.py:4138} INFO - Setting next_dagrun for example_params_trigger_ui to None, run_after=None
[2024-08-27T16:10:13.232+0000] {processor.py:208} INFO - Processing /home/ubuntu/myenv/lib/python3.12/site-packages/airflow/example_dags/example_params_trigger_ui.py took 0.113 seconds
[2024-08-27T16:11:09.631+0000] {processor.py:186} INFO - Started process (PID=7722) to work on /home/ubuntu/myenv/lib/python3.12/site-packages/airflow/example_dags/example_params_trigger_ui.py
[2024-08-27T16:11:09.633+0000] {processor.py:914} INFO - Processing file /home/ubuntu/myenv/lib/python3.12/site-packages/airflow/example_dags/example_params_trigger_ui.py for tasks to queue
[2024-08-27T16:11:09.635+0000] {logging_mixin.py:190} INFO - [2024-08-27T16:11:09.635+0000] {dagbag.py:587} INFO - Filling up the DagBag from /home/ubuntu/myenv/lib/python3.12/site-packages/airflow/example_dags/example_params_trigger_ui.py
[2024-08-27T16:11:09.647+0000] {processor.py:925} INFO - DAG(s) 'example_params_trigger_ui' retrieved from /home/ubuntu/myenv/lib/python3.12/site-packages/airflow/example_dags/example_params_trigger_ui.py
[2024-08-27T16:11:09.692+0000] {logging_mixin.py:190} INFO - [2024-08-27T16:11:09.692+0000] {dag.py:3211} INFO - Sync 1 DAGs
[2024-08-27T16:11:09.706+0000] {logging_mixin.py:190} INFO - [2024-08-27T16:11:09.706+0000] {dag.py:4138} INFO - Setting next_dagrun for example_params_trigger_ui to None, run_after=None
[2024-08-27T16:11:09.730+0000] {processor.py:208} INFO - Processing /home/ubuntu/myenv/lib/python3.12/site-packages/airflow/example_dags/example_params_trigger_ui.py took 0.106 seconds
[2024-08-27T16:12:04.314+0000] {processor.py:186} INFO - Started process (PID=7848) to work on /home/ubuntu/myenv/lib/python3.12/site-packages/airflow/example_dags/example_params_trigger_ui.py
[2024-08-27T16:12:04.316+0000] {processor.py:914} INFO - Processing file /home/ubuntu/myenv/lib/python3.12/site-packages/airflow/example_dags/example_params_trigger_ui.py for tasks to queue
[2024-08-27T16:12:04.318+0000] {logging_mixin.py:190} INFO - [2024-08-27T16:12:04.318+0000] {dagbag.py:587} INFO - Filling up the DagBag from /home/ubuntu/myenv/lib/python3.12/site-packages/airflow/example_dags/example_params_trigger_ui.py
[2024-08-27T16:12:04.330+0000] {processor.py:925} INFO - DAG(s) 'example_params_trigger_ui' retrieved from /home/ubuntu/myenv/lib/python3.12/site-packages/airflow/example_dags/example_params_trigger_ui.py
[2024-08-27T16:12:04.374+0000] {logging_mixin.py:190} INFO - [2024-08-27T16:12:04.374+0000] {dag.py:3211} INFO - Sync 1 DAGs
[2024-08-27T16:12:04.389+0000] {logging_mixin.py:190} INFO - [2024-08-27T16:12:04.389+0000] {dag.py:4138} INFO - Setting next_dagrun for example_params_trigger_ui to None, run_after=None
[2024-08-27T16:12:04.412+0000] {processor.py:208} INFO - Processing /home/ubuntu/myenv/lib/python3.12/site-packages/airflow/example_dags/example_params_trigger_ui.py took 0.104 seconds
[2024-08-27T16:12:55.131+0000] {processor.py:186} INFO - Started process (PID=7938) to work on /home/ubuntu/myenv/lib/python3.12/site-packages/airflow/example_dags/example_params_trigger_ui.py
[2024-08-27T16:12:55.132+0000] {processor.py:914} INFO - Processing file /home/ubuntu/myenv/lib/python3.12/site-packages/airflow/example_dags/example_params_trigger_ui.py for tasks to queue
[2024-08-27T16:12:55.135+0000] {logging_mixin.py:190} INFO - [2024-08-27T16:12:55.134+0000] {dagbag.py:587} INFO - Filling up the DagBag from /home/ubuntu/myenv/lib/python3.12/site-packages/airflow/example_dags/example_params_trigger_ui.py
[2024-08-27T16:12:55.147+0000] {processor.py:925} INFO - DAG(s) 'example_params_trigger_ui' retrieved from /home/ubuntu/myenv/lib/python3.12/site-packages/airflow/example_dags/example_params_trigger_ui.py
[2024-08-27T16:12:55.191+0000] {logging_mixin.py:190} INFO - [2024-08-27T16:12:55.191+0000] {dag.py:3211} INFO - Sync 1 DAGs
[2024-08-27T16:12:55.205+0000] {logging_mixin.py:190} INFO - [2024-08-27T16:12:55.205+0000] {dag.py:4138} INFO - Setting next_dagrun for example_params_trigger_ui to None, run_after=None
[2024-08-27T16:12:55.231+0000] {processor.py:208} INFO - Processing /home/ubuntu/myenv/lib/python3.12/site-packages/airflow/example_dags/example_params_trigger_ui.py took 0.107 seconds
[2024-08-27T16:13:48.109+0000] {processor.py:186} INFO - Started process (PID=8030) to work on /home/ubuntu/myenv/lib/python3.12/site-packages/airflow/example_dags/example_params_trigger_ui.py
[2024-08-27T16:13:48.110+0000] {processor.py:914} INFO - Processing file /home/ubuntu/myenv/lib/python3.12/site-packages/airflow/example_dags/example_params_trigger_ui.py for tasks to queue
[2024-08-27T16:13:48.113+0000] {logging_mixin.py:190} INFO - [2024-08-27T16:13:48.112+0000] {dagbag.py:587} INFO - Filling up the DagBag from /home/ubuntu/myenv/lib/python3.12/site-packages/airflow/example_dags/example_params_trigger_ui.py
[2024-08-27T16:13:48.125+0000] {processor.py:925} INFO - DAG(s) 'example_params_trigger_ui' retrieved from /home/ubuntu/myenv/lib/python3.12/site-packages/airflow/example_dags/example_params_trigger_ui.py
[2024-08-27T16:13:48.168+0000] {logging_mixin.py:190} INFO - [2024-08-27T16:13:48.168+0000] {dag.py:3211} INFO - Sync 1 DAGs
[2024-08-27T16:13:48.182+0000] {logging_mixin.py:190} INFO - [2024-08-27T16:13:48.182+0000] {dag.py:4138} INFO - Setting next_dagrun for example_params_trigger_ui to None, run_after=None
[2024-08-27T16:13:48.205+0000] {processor.py:208} INFO - Processing /home/ubuntu/myenv/lib/python3.12/site-packages/airflow/example_dags/example_params_trigger_ui.py took 0.103 seconds
