[2024-08-27T14:34:21.694+0000] {processor.py:186} INFO - Started process (PID=5523) to work on /home/ubuntu/myenv/lib/python3.12/site-packages/airflow/example_dags/example_trigger_controller_dag.py
[2024-08-27T14:34:21.695+0000] {processor.py:914} INFO - Processing file /home/ubuntu/myenv/lib/python3.12/site-packages/airflow/example_dags/example_trigger_controller_dag.py for tasks to queue
[2024-08-27T14:34:21.697+0000] {logging_mixin.py:190} INFO - [2024-08-27T14:34:21.696+0000] {dagbag.py:587} INFO - Filling up the DagBag from /home/ubuntu/myenv/lib/python3.12/site-packages/airflow/example_dags/example_trigger_controller_dag.py
[2024-08-27T14:34:21.704+0000] {processor.py:925} INFO - DAG(s) 'example_trigger_controller_dag' retrieved from /home/ubuntu/myenv/lib/python3.12/site-packages/airflow/example_dags/example_trigger_controller_dag.py
[2024-08-27T14:34:21.820+0000] {logging_mixin.py:190} INFO - [2024-08-27T14:34:21.819+0000] {override.py:1900} INFO - Created Permission View: can delete on DAG:example_trigger_controller_dag
[2024-08-27T14:34:21.834+0000] {logging_mixin.py:190} INFO - [2024-08-27T14:34:21.833+0000] {override.py:1900} INFO - Created Permission View: can edit on DAG:example_trigger_controller_dag
[2024-08-27T14:34:21.844+0000] {logging_mixin.py:190} INFO - [2024-08-27T14:34:21.843+0000] {override.py:1900} INFO - Created Permission View: can read on DAG:example_trigger_controller_dag
[2024-08-27T14:34:21.859+0000] {logging_mixin.py:190} INFO - [2024-08-27T14:34:21.858+0000] {override.py:1900} INFO - Created Permission View: can create on DAG Run:example_trigger_controller_dag
[2024-08-27T14:34:21.869+0000] {logging_mixin.py:190} INFO - [2024-08-27T14:34:21.868+0000] {override.py:1900} INFO - Created Permission View: menu access on DAG Run:example_trigger_controller_dag
[2024-08-27T14:34:21.878+0000] {logging_mixin.py:190} INFO - [2024-08-27T14:34:21.878+0000] {override.py:1900} INFO - Created Permission View: can delete on DAG Run:example_trigger_controller_dag
[2024-08-27T14:34:21.888+0000] {logging_mixin.py:190} INFO - [2024-08-27T14:34:21.887+0000] {override.py:1900} INFO - Created Permission View: can read on DAG Run:example_trigger_controller_dag
[2024-08-27T14:34:21.888+0000] {logging_mixin.py:190} INFO - [2024-08-27T14:34:21.888+0000] {dag.py:3211} INFO - Sync 1 DAGs
[2024-08-27T14:34:21.902+0000] {logging_mixin.py:190} INFO - [2024-08-27T14:34:21.901+0000] {dag.py:3234} INFO - Creating ORM DAG for example_trigger_controller_dag
[2024-08-27T14:34:21.910+0000] {logging_mixin.py:190} INFO - [2024-08-27T14:34:21.910+0000] {dag.py:4138} INFO - Setting next_dagrun for example_trigger_controller_dag to 2021-01-01 00:00:00+00:00, run_after=2021-01-01 00:00:00+00:00
[2024-08-27T14:34:21.929+0000] {processor.py:208} INFO - Processing /home/ubuntu/myenv/lib/python3.12/site-packages/airflow/example_dags/example_trigger_controller_dag.py took 0.241 seconds
[2024-08-27T14:35:29.420+0000] {processor.py:186} INFO - Started process (PID=5588) to work on /home/ubuntu/myenv/lib/python3.12/site-packages/airflow/example_dags/example_trigger_controller_dag.py
[2024-08-27T14:35:29.422+0000] {processor.py:914} INFO - Processing file /home/ubuntu/myenv/lib/python3.12/site-packages/airflow/example_dags/example_trigger_controller_dag.py for tasks to queue
[2024-08-27T14:35:29.424+0000] {logging_mixin.py:190} INFO - [2024-08-27T14:35:29.424+0000] {dagbag.py:587} INFO - Filling up the DagBag from /home/ubuntu/myenv/lib/python3.12/site-packages/airflow/example_dags/example_trigger_controller_dag.py
[2024-08-27T14:35:29.431+0000] {processor.py:925} INFO - DAG(s) 'example_trigger_controller_dag' retrieved from /home/ubuntu/myenv/lib/python3.12/site-packages/airflow/example_dags/example_trigger_controller_dag.py
[2024-08-27T14:35:29.448+0000] {logging_mixin.py:190} INFO - [2024-08-27T14:35:29.448+0000] {dag.py:3211} INFO - Sync 1 DAGs
[2024-08-27T14:35:29.469+0000] {logging_mixin.py:190} INFO - [2024-08-27T14:35:29.469+0000] {dag.py:4138} INFO - Setting next_dagrun for example_trigger_controller_dag to 2021-01-01 00:00:00+00:00, run_after=2021-01-01 00:00:00+00:00
[2024-08-27T14:35:29.491+0000] {processor.py:208} INFO - Processing /home/ubuntu/myenv/lib/python3.12/site-packages/airflow/example_dags/example_trigger_controller_dag.py took 0.077 seconds
[2024-08-27T14:36:23.358+0000] {processor.py:186} INFO - Started process (PID=5658) to work on /home/ubuntu/myenv/lib/python3.12/site-packages/airflow/example_dags/example_trigger_controller_dag.py
[2024-08-27T14:36:23.360+0000] {processor.py:914} INFO - Processing file /home/ubuntu/myenv/lib/python3.12/site-packages/airflow/example_dags/example_trigger_controller_dag.py for tasks to queue
[2024-08-27T14:36:23.362+0000] {logging_mixin.py:190} INFO - [2024-08-27T14:36:23.362+0000] {dagbag.py:587} INFO - Filling up the DagBag from /home/ubuntu/myenv/lib/python3.12/site-packages/airflow/example_dags/example_trigger_controller_dag.py
[2024-08-27T14:36:23.370+0000] {processor.py:925} INFO - DAG(s) 'example_trigger_controller_dag' retrieved from /home/ubuntu/myenv/lib/python3.12/site-packages/airflow/example_dags/example_trigger_controller_dag.py
[2024-08-27T14:36:23.387+0000] {logging_mixin.py:190} INFO - [2024-08-27T14:36:23.386+0000] {dag.py:3211} INFO - Sync 1 DAGs
[2024-08-27T14:36:23.407+0000] {logging_mixin.py:190} INFO - [2024-08-27T14:36:23.407+0000] {dag.py:4138} INFO - Setting next_dagrun for example_trigger_controller_dag to 2021-01-01 00:00:00+00:00, run_after=2021-01-01 00:00:00+00:00
[2024-08-27T14:36:23.431+0000] {processor.py:208} INFO - Processing /home/ubuntu/myenv/lib/python3.12/site-packages/airflow/example_dags/example_trigger_controller_dag.py took 0.079 seconds
[2024-08-27T14:37:11.692+0000] {processor.py:186} INFO - Started process (PID=5727) to work on /home/ubuntu/myenv/lib/python3.12/site-packages/airflow/example_dags/example_trigger_controller_dag.py
[2024-08-27T14:37:11.693+0000] {processor.py:914} INFO - Processing file /home/ubuntu/myenv/lib/python3.12/site-packages/airflow/example_dags/example_trigger_controller_dag.py for tasks to queue
[2024-08-27T14:37:11.696+0000] {logging_mixin.py:190} INFO - [2024-08-27T14:37:11.696+0000] {dagbag.py:587} INFO - Filling up the DagBag from /home/ubuntu/myenv/lib/python3.12/site-packages/airflow/example_dags/example_trigger_controller_dag.py
[2024-08-27T14:37:11.704+0000] {processor.py:925} INFO - DAG(s) 'example_trigger_controller_dag' retrieved from /home/ubuntu/myenv/lib/python3.12/site-packages/airflow/example_dags/example_trigger_controller_dag.py
[2024-08-27T14:37:11.721+0000] {logging_mixin.py:190} INFO - [2024-08-27T14:37:11.720+0000] {dag.py:3211} INFO - Sync 1 DAGs
[2024-08-27T14:37:11.742+0000] {logging_mixin.py:190} INFO - [2024-08-27T14:37:11.741+0000] {dag.py:4138} INFO - Setting next_dagrun for example_trigger_controller_dag to 2021-01-01 00:00:00+00:00, run_after=2021-01-01 00:00:00+00:00
[2024-08-27T14:37:11.764+0000] {processor.py:208} INFO - Processing /home/ubuntu/myenv/lib/python3.12/site-packages/airflow/example_dags/example_trigger_controller_dag.py took 0.079 seconds
[2024-08-27T14:38:01.740+0000] {processor.py:186} INFO - Started process (PID=5792) to work on /home/ubuntu/myenv/lib/python3.12/site-packages/airflow/example_dags/example_trigger_controller_dag.py
[2024-08-27T14:38:01.742+0000] {processor.py:914} INFO - Processing file /home/ubuntu/myenv/lib/python3.12/site-packages/airflow/example_dags/example_trigger_controller_dag.py for tasks to queue
[2024-08-27T14:38:01.745+0000] {logging_mixin.py:190} INFO - [2024-08-27T14:38:01.745+0000] {dagbag.py:587} INFO - Filling up the DagBag from /home/ubuntu/myenv/lib/python3.12/site-packages/airflow/example_dags/example_trigger_controller_dag.py
[2024-08-27T14:38:01.753+0000] {processor.py:925} INFO - DAG(s) 'example_trigger_controller_dag' retrieved from /home/ubuntu/myenv/lib/python3.12/site-packages/airflow/example_dags/example_trigger_controller_dag.py
[2024-08-27T14:38:01.771+0000] {logging_mixin.py:190} INFO - [2024-08-27T14:38:01.771+0000] {dag.py:3211} INFO - Sync 1 DAGs
[2024-08-27T14:38:01.794+0000] {logging_mixin.py:190} INFO - [2024-08-27T14:38:01.793+0000] {dag.py:4138} INFO - Setting next_dagrun for example_trigger_controller_dag to 2021-01-01 00:00:00+00:00, run_after=2021-01-01 00:00:00+00:00
[2024-08-27T14:38:01.820+0000] {processor.py:208} INFO - Processing /home/ubuntu/myenv/lib/python3.12/site-packages/airflow/example_dags/example_trigger_controller_dag.py took 0.086 seconds
[2024-08-27T14:38:57.636+0000] {processor.py:186} INFO - Started process (PID=5860) to work on /home/ubuntu/myenv/lib/python3.12/site-packages/airflow/example_dags/example_trigger_controller_dag.py
[2024-08-27T14:38:57.637+0000] {processor.py:914} INFO - Processing file /home/ubuntu/myenv/lib/python3.12/site-packages/airflow/example_dags/example_trigger_controller_dag.py for tasks to queue
[2024-08-27T14:38:57.640+0000] {logging_mixin.py:190} INFO - [2024-08-27T14:38:57.640+0000] {dagbag.py:587} INFO - Filling up the DagBag from /home/ubuntu/myenv/lib/python3.12/site-packages/airflow/example_dags/example_trigger_controller_dag.py
[2024-08-27T14:38:57.648+0000] {processor.py:925} INFO - DAG(s) 'example_trigger_controller_dag' retrieved from /home/ubuntu/myenv/lib/python3.12/site-packages/airflow/example_dags/example_trigger_controller_dag.py
[2024-08-27T14:38:57.665+0000] {logging_mixin.py:190} INFO - [2024-08-27T14:38:57.664+0000] {dag.py:3211} INFO - Sync 1 DAGs
[2024-08-27T14:38:57.813+0000] {logging_mixin.py:190} INFO - [2024-08-27T14:38:57.812+0000] {dag.py:4138} INFO - Setting next_dagrun for example_trigger_controller_dag to 2021-01-01 00:00:00+00:00, run_after=2021-01-01 00:00:00+00:00
[2024-08-27T14:38:57.834+0000] {processor.py:208} INFO - Processing /home/ubuntu/myenv/lib/python3.12/site-packages/airflow/example_dags/example_trigger_controller_dag.py took 0.204 seconds
[2024-08-27T14:39:55.976+0000] {processor.py:186} INFO - Started process (PID=5935) to work on /home/ubuntu/myenv/lib/python3.12/site-packages/airflow/example_dags/example_trigger_controller_dag.py
[2024-08-27T14:39:55.977+0000] {processor.py:914} INFO - Processing file /home/ubuntu/myenv/lib/python3.12/site-packages/airflow/example_dags/example_trigger_controller_dag.py for tasks to queue
[2024-08-27T14:39:55.980+0000] {logging_mixin.py:190} INFO - [2024-08-27T14:39:55.980+0000] {dagbag.py:587} INFO - Filling up the DagBag from /home/ubuntu/myenv/lib/python3.12/site-packages/airflow/example_dags/example_trigger_controller_dag.py
[2024-08-27T14:39:55.988+0000] {processor.py:925} INFO - DAG(s) 'example_trigger_controller_dag' retrieved from /home/ubuntu/myenv/lib/python3.12/site-packages/airflow/example_dags/example_trigger_controller_dag.py
[2024-08-27T14:39:56.004+0000] {logging_mixin.py:190} INFO - [2024-08-27T14:39:56.004+0000] {dag.py:3211} INFO - Sync 1 DAGs
[2024-08-27T14:39:56.026+0000] {logging_mixin.py:190} INFO - [2024-08-27T14:39:56.026+0000] {dag.py:4138} INFO - Setting next_dagrun for example_trigger_controller_dag to 2021-01-01 00:00:00+00:00, run_after=2021-01-01 00:00:00+00:00
[2024-08-27T14:39:56.048+0000] {processor.py:208} INFO - Processing /home/ubuntu/myenv/lib/python3.12/site-packages/airflow/example_dags/example_trigger_controller_dag.py took 0.079 seconds
[2024-08-27T14:40:46.073+0000] {processor.py:186} INFO - Started process (PID=5993) to work on /home/ubuntu/myenv/lib/python3.12/site-packages/airflow/example_dags/example_trigger_controller_dag.py
[2024-08-27T14:40:46.074+0000] {processor.py:914} INFO - Processing file /home/ubuntu/myenv/lib/python3.12/site-packages/airflow/example_dags/example_trigger_controller_dag.py for tasks to queue
[2024-08-27T14:40:46.077+0000] {logging_mixin.py:190} INFO - [2024-08-27T14:40:46.077+0000] {dagbag.py:587} INFO - Filling up the DagBag from /home/ubuntu/myenv/lib/python3.12/site-packages/airflow/example_dags/example_trigger_controller_dag.py
[2024-08-27T14:40:46.085+0000] {processor.py:925} INFO - DAG(s) 'example_trigger_controller_dag' retrieved from /home/ubuntu/myenv/lib/python3.12/site-packages/airflow/example_dags/example_trigger_controller_dag.py
[2024-08-27T14:40:46.101+0000] {logging_mixin.py:190} INFO - [2024-08-27T14:40:46.101+0000] {dag.py:3211} INFO - Sync 1 DAGs
[2024-08-27T14:40:46.123+0000] {logging_mixin.py:190} INFO - [2024-08-27T14:40:46.123+0000] {dag.py:4138} INFO - Setting next_dagrun for example_trigger_controller_dag to 2021-01-01 00:00:00+00:00, run_after=2021-01-01 00:00:00+00:00
[2024-08-27T14:40:46.145+0000] {processor.py:208} INFO - Processing /home/ubuntu/myenv/lib/python3.12/site-packages/airflow/example_dags/example_trigger_controller_dag.py took 0.079 seconds
[2024-08-27T14:41:36.500+0000] {processor.py:186} INFO - Started process (PID=6045) to work on /home/ubuntu/myenv/lib/python3.12/site-packages/airflow/example_dags/example_trigger_controller_dag.py
[2024-08-27T14:41:36.502+0000] {processor.py:914} INFO - Processing file /home/ubuntu/myenv/lib/python3.12/site-packages/airflow/example_dags/example_trigger_controller_dag.py for tasks to queue
[2024-08-27T14:41:36.505+0000] {logging_mixin.py:190} INFO - [2024-08-27T14:41:36.504+0000] {dagbag.py:587} INFO - Filling up the DagBag from /home/ubuntu/myenv/lib/python3.12/site-packages/airflow/example_dags/example_trigger_controller_dag.py
[2024-08-27T14:41:36.512+0000] {processor.py:925} INFO - DAG(s) 'example_trigger_controller_dag' retrieved from /home/ubuntu/myenv/lib/python3.12/site-packages/airflow/example_dags/example_trigger_controller_dag.py
[2024-08-27T14:41:36.529+0000] {logging_mixin.py:190} INFO - [2024-08-27T14:41:36.529+0000] {dag.py:3211} INFO - Sync 1 DAGs
[2024-08-27T14:41:36.551+0000] {logging_mixin.py:190} INFO - [2024-08-27T14:41:36.551+0000] {dag.py:4138} INFO - Setting next_dagrun for example_trigger_controller_dag to 2021-01-01 00:00:00+00:00, run_after=2021-01-01 00:00:00+00:00
[2024-08-27T14:41:36.574+0000] {processor.py:208} INFO - Processing /home/ubuntu/myenv/lib/python3.12/site-packages/airflow/example_dags/example_trigger_controller_dag.py took 0.080 seconds
[2024-08-27T14:42:25.789+0000] {processor.py:186} INFO - Started process (PID=6096) to work on /home/ubuntu/myenv/lib/python3.12/site-packages/airflow/example_dags/example_trigger_controller_dag.py
[2024-08-27T14:42:25.791+0000] {processor.py:914} INFO - Processing file /home/ubuntu/myenv/lib/python3.12/site-packages/airflow/example_dags/example_trigger_controller_dag.py for tasks to queue
[2024-08-27T14:42:25.794+0000] {logging_mixin.py:190} INFO - [2024-08-27T14:42:25.794+0000] {dagbag.py:587} INFO - Filling up the DagBag from /home/ubuntu/myenv/lib/python3.12/site-packages/airflow/example_dags/example_trigger_controller_dag.py
[2024-08-27T14:42:25.802+0000] {processor.py:925} INFO - DAG(s) 'example_trigger_controller_dag' retrieved from /home/ubuntu/myenv/lib/python3.12/site-packages/airflow/example_dags/example_trigger_controller_dag.py
[2024-08-27T14:42:25.821+0000] {logging_mixin.py:190} INFO - [2024-08-27T14:42:25.821+0000] {dag.py:3211} INFO - Sync 1 DAGs
[2024-08-27T14:42:25.845+0000] {logging_mixin.py:190} INFO - [2024-08-27T14:42:25.844+0000] {dag.py:4138} INFO - Setting next_dagrun for example_trigger_controller_dag to 2021-01-01 00:00:00+00:00, run_after=2021-01-01 00:00:00+00:00
[2024-08-27T14:42:25.869+0000] {processor.py:208} INFO - Processing /home/ubuntu/myenv/lib/python3.12/site-packages/airflow/example_dags/example_trigger_controller_dag.py took 0.086 seconds
[2024-08-27T14:43:17.031+0000] {processor.py:186} INFO - Started process (PID=6147) to work on /home/ubuntu/myenv/lib/python3.12/site-packages/airflow/example_dags/example_trigger_controller_dag.py
[2024-08-27T14:43:17.032+0000] {processor.py:914} INFO - Processing file /home/ubuntu/myenv/lib/python3.12/site-packages/airflow/example_dags/example_trigger_controller_dag.py for tasks to queue
[2024-08-27T14:43:17.035+0000] {logging_mixin.py:190} INFO - [2024-08-27T14:43:17.035+0000] {dagbag.py:587} INFO - Filling up the DagBag from /home/ubuntu/myenv/lib/python3.12/site-packages/airflow/example_dags/example_trigger_controller_dag.py
[2024-08-27T14:43:17.043+0000] {processor.py:925} INFO - DAG(s) 'example_trigger_controller_dag' retrieved from /home/ubuntu/myenv/lib/python3.12/site-packages/airflow/example_dags/example_trigger_controller_dag.py
[2024-08-27T14:43:17.059+0000] {logging_mixin.py:190} INFO - [2024-08-27T14:43:17.059+0000] {dag.py:3211} INFO - Sync 1 DAGs
[2024-08-27T14:43:17.081+0000] {logging_mixin.py:190} INFO - [2024-08-27T14:43:17.081+0000] {dag.py:4138} INFO - Setting next_dagrun for example_trigger_controller_dag to 2021-01-01 00:00:00+00:00, run_after=2021-01-01 00:00:00+00:00
[2024-08-27T14:43:17.103+0000] {processor.py:208} INFO - Processing /home/ubuntu/myenv/lib/python3.12/site-packages/airflow/example_dags/example_trigger_controller_dag.py took 0.079 seconds
[2024-08-27T14:44:07.447+0000] {processor.py:186} INFO - Started process (PID=6201) to work on /home/ubuntu/myenv/lib/python3.12/site-packages/airflow/example_dags/example_trigger_controller_dag.py
[2024-08-27T14:44:07.450+0000] {processor.py:914} INFO - Processing file /home/ubuntu/myenv/lib/python3.12/site-packages/airflow/example_dags/example_trigger_controller_dag.py for tasks to queue
[2024-08-27T14:44:07.452+0000] {logging_mixin.py:190} INFO - [2024-08-27T14:44:07.452+0000] {dagbag.py:587} INFO - Filling up the DagBag from /home/ubuntu/myenv/lib/python3.12/site-packages/airflow/example_dags/example_trigger_controller_dag.py
[2024-08-27T14:44:07.461+0000] {processor.py:925} INFO - DAG(s) 'example_trigger_controller_dag' retrieved from /home/ubuntu/myenv/lib/python3.12/site-packages/airflow/example_dags/example_trigger_controller_dag.py
[2024-08-27T14:44:07.477+0000] {logging_mixin.py:190} INFO - [2024-08-27T14:44:07.477+0000] {dag.py:3211} INFO - Sync 1 DAGs
[2024-08-27T14:44:07.498+0000] {logging_mixin.py:190} INFO - [2024-08-27T14:44:07.498+0000] {dag.py:4138} INFO - Setting next_dagrun for example_trigger_controller_dag to 2021-01-01 00:00:00+00:00, run_after=2021-01-01 00:00:00+00:00
[2024-08-27T14:44:07.521+0000] {processor.py:208} INFO - Processing /home/ubuntu/myenv/lib/python3.12/site-packages/airflow/example_dags/example_trigger_controller_dag.py took 0.081 seconds
[2024-08-27T14:44:58.046+0000] {processor.py:186} INFO - Started process (PID=6253) to work on /home/ubuntu/myenv/lib/python3.12/site-packages/airflow/example_dags/example_trigger_controller_dag.py
[2024-08-27T14:44:58.048+0000] {processor.py:914} INFO - Processing file /home/ubuntu/myenv/lib/python3.12/site-packages/airflow/example_dags/example_trigger_controller_dag.py for tasks to queue
[2024-08-27T14:44:58.050+0000] {logging_mixin.py:190} INFO - [2024-08-27T14:44:58.050+0000] {dagbag.py:587} INFO - Filling up the DagBag from /home/ubuntu/myenv/lib/python3.12/site-packages/airflow/example_dags/example_trigger_controller_dag.py
[2024-08-27T14:44:58.059+0000] {processor.py:925} INFO - DAG(s) 'example_trigger_controller_dag' retrieved from /home/ubuntu/myenv/lib/python3.12/site-packages/airflow/example_dags/example_trigger_controller_dag.py
[2024-08-27T14:44:58.076+0000] {logging_mixin.py:190} INFO - [2024-08-27T14:44:58.075+0000] {dag.py:3211} INFO - Sync 1 DAGs
[2024-08-27T14:44:58.097+0000] {logging_mixin.py:190} INFO - [2024-08-27T14:44:58.097+0000] {dag.py:4138} INFO - Setting next_dagrun for example_trigger_controller_dag to 2021-01-01 00:00:00+00:00, run_after=2021-01-01 00:00:00+00:00
[2024-08-27T14:44:58.120+0000] {processor.py:208} INFO - Processing /home/ubuntu/myenv/lib/python3.12/site-packages/airflow/example_dags/example_trigger_controller_dag.py took 0.080 seconds
[2024-08-27T14:45:50.565+0000] {processor.py:186} INFO - Started process (PID=6308) to work on /home/ubuntu/myenv/lib/python3.12/site-packages/airflow/example_dags/example_trigger_controller_dag.py
[2024-08-27T14:45:50.567+0000] {processor.py:914} INFO - Processing file /home/ubuntu/myenv/lib/python3.12/site-packages/airflow/example_dags/example_trigger_controller_dag.py for tasks to queue
[2024-08-27T14:45:50.570+0000] {logging_mixin.py:190} INFO - [2024-08-27T14:45:50.570+0000] {dagbag.py:587} INFO - Filling up the DagBag from /home/ubuntu/myenv/lib/python3.12/site-packages/airflow/example_dags/example_trigger_controller_dag.py
[2024-08-27T14:45:50.578+0000] {processor.py:925} INFO - DAG(s) 'example_trigger_controller_dag' retrieved from /home/ubuntu/myenv/lib/python3.12/site-packages/airflow/example_dags/example_trigger_controller_dag.py
[2024-08-27T14:45:50.594+0000] {logging_mixin.py:190} INFO - [2024-08-27T14:45:50.594+0000] {dag.py:3211} INFO - Sync 1 DAGs
[2024-08-27T14:45:50.616+0000] {logging_mixin.py:190} INFO - [2024-08-27T14:45:50.616+0000] {dag.py:4138} INFO - Setting next_dagrun for example_trigger_controller_dag to 2021-01-01 00:00:00+00:00, run_after=2021-01-01 00:00:00+00:00
[2024-08-27T14:45:50.638+0000] {processor.py:208} INFO - Processing /home/ubuntu/myenv/lib/python3.12/site-packages/airflow/example_dags/example_trigger_controller_dag.py took 0.079 seconds
[2024-08-27T14:46:37.085+0000] {processor.py:186} INFO - Started process (PID=6360) to work on /home/ubuntu/myenv/lib/python3.12/site-packages/airflow/example_dags/example_trigger_controller_dag.py
[2024-08-27T14:46:37.086+0000] {processor.py:914} INFO - Processing file /home/ubuntu/myenv/lib/python3.12/site-packages/airflow/example_dags/example_trigger_controller_dag.py for tasks to queue
[2024-08-27T14:46:37.089+0000] {logging_mixin.py:190} INFO - [2024-08-27T14:46:37.089+0000] {dagbag.py:587} INFO - Filling up the DagBag from /home/ubuntu/myenv/lib/python3.12/site-packages/airflow/example_dags/example_trigger_controller_dag.py
[2024-08-27T14:46:37.097+0000] {processor.py:925} INFO - DAG(s) 'example_trigger_controller_dag' retrieved from /home/ubuntu/myenv/lib/python3.12/site-packages/airflow/example_dags/example_trigger_controller_dag.py
[2024-08-27T14:46:37.113+0000] {logging_mixin.py:190} INFO - [2024-08-27T14:46:37.113+0000] {dag.py:3211} INFO - Sync 1 DAGs
[2024-08-27T14:46:37.135+0000] {logging_mixin.py:190} INFO - [2024-08-27T14:46:37.135+0000] {dag.py:4138} INFO - Setting next_dagrun for example_trigger_controller_dag to 2021-01-01 00:00:00+00:00, run_after=2021-01-01 00:00:00+00:00
[2024-08-27T14:46:37.157+0000] {processor.py:208} INFO - Processing /home/ubuntu/myenv/lib/python3.12/site-packages/airflow/example_dags/example_trigger_controller_dag.py took 0.078 seconds
[2024-08-27T14:47:24.966+0000] {processor.py:186} INFO - Started process (PID=6409) to work on /home/ubuntu/myenv/lib/python3.12/site-packages/airflow/example_dags/example_trigger_controller_dag.py
[2024-08-27T14:47:24.968+0000] {processor.py:914} INFO - Processing file /home/ubuntu/myenv/lib/python3.12/site-packages/airflow/example_dags/example_trigger_controller_dag.py for tasks to queue
[2024-08-27T14:47:24.970+0000] {logging_mixin.py:190} INFO - [2024-08-27T14:47:24.969+0000] {dagbag.py:587} INFO - Filling up the DagBag from /home/ubuntu/myenv/lib/python3.12/site-packages/airflow/example_dags/example_trigger_controller_dag.py
[2024-08-27T14:47:24.978+0000] {processor.py:925} INFO - DAG(s) 'example_trigger_controller_dag' retrieved from /home/ubuntu/myenv/lib/python3.12/site-packages/airflow/example_dags/example_trigger_controller_dag.py
[2024-08-27T14:47:24.995+0000] {logging_mixin.py:190} INFO - [2024-08-27T14:47:24.995+0000] {dag.py:3211} INFO - Sync 1 DAGs
[2024-08-27T14:47:25.017+0000] {logging_mixin.py:190} INFO - [2024-08-27T14:47:25.016+0000] {dag.py:4138} INFO - Setting next_dagrun for example_trigger_controller_dag to 2021-01-01 00:00:00+00:00, run_after=2021-01-01 00:00:00+00:00
[2024-08-27T14:47:25.039+0000] {processor.py:208} INFO - Processing /home/ubuntu/myenv/lib/python3.12/site-packages/airflow/example_dags/example_trigger_controller_dag.py took 0.079 seconds
[2024-08-27T14:48:16.478+0000] {processor.py:186} INFO - Started process (PID=6465) to work on /home/ubuntu/myenv/lib/python3.12/site-packages/airflow/example_dags/example_trigger_controller_dag.py
[2024-08-27T14:48:16.480+0000] {processor.py:914} INFO - Processing file /home/ubuntu/myenv/lib/python3.12/site-packages/airflow/example_dags/example_trigger_controller_dag.py for tasks to queue
[2024-08-27T14:48:16.482+0000] {logging_mixin.py:190} INFO - [2024-08-27T14:48:16.482+0000] {dagbag.py:587} INFO - Filling up the DagBag from /home/ubuntu/myenv/lib/python3.12/site-packages/airflow/example_dags/example_trigger_controller_dag.py
[2024-08-27T14:48:16.490+0000] {processor.py:925} INFO - DAG(s) 'example_trigger_controller_dag' retrieved from /home/ubuntu/myenv/lib/python3.12/site-packages/airflow/example_dags/example_trigger_controller_dag.py
[2024-08-27T14:48:16.506+0000] {logging_mixin.py:190} INFO - [2024-08-27T14:48:16.506+0000] {dag.py:3211} INFO - Sync 1 DAGs
[2024-08-27T14:48:16.528+0000] {logging_mixin.py:190} INFO - [2024-08-27T14:48:16.527+0000] {dag.py:4138} INFO - Setting next_dagrun for example_trigger_controller_dag to 2021-01-01 00:00:00+00:00, run_after=2021-01-01 00:00:00+00:00
[2024-08-27T14:48:16.549+0000] {processor.py:208} INFO - Processing /home/ubuntu/myenv/lib/python3.12/site-packages/airflow/example_dags/example_trigger_controller_dag.py took 0.078 seconds
[2024-08-27T14:49:07.156+0000] {processor.py:186} INFO - Started process (PID=6521) to work on /home/ubuntu/myenv/lib/python3.12/site-packages/airflow/example_dags/example_trigger_controller_dag.py
[2024-08-27T14:49:07.158+0000] {processor.py:914} INFO - Processing file /home/ubuntu/myenv/lib/python3.12/site-packages/airflow/example_dags/example_trigger_controller_dag.py for tasks to queue
[2024-08-27T14:49:07.160+0000] {logging_mixin.py:190} INFO - [2024-08-27T14:49:07.160+0000] {dagbag.py:587} INFO - Filling up the DagBag from /home/ubuntu/myenv/lib/python3.12/site-packages/airflow/example_dags/example_trigger_controller_dag.py
[2024-08-27T14:49:07.168+0000] {processor.py:925} INFO - DAG(s) 'example_trigger_controller_dag' retrieved from /home/ubuntu/myenv/lib/python3.12/site-packages/airflow/example_dags/example_trigger_controller_dag.py
[2024-08-27T14:49:07.186+0000] {logging_mixin.py:190} INFO - [2024-08-27T14:49:07.185+0000] {dag.py:3211} INFO - Sync 1 DAGs
[2024-08-27T14:49:07.207+0000] {logging_mixin.py:190} INFO - [2024-08-27T14:49:07.207+0000] {dag.py:4138} INFO - Setting next_dagrun for example_trigger_controller_dag to 2021-01-01 00:00:00+00:00, run_after=2021-01-01 00:00:00+00:00
[2024-08-27T14:49:07.232+0000] {processor.py:208} INFO - Processing /home/ubuntu/myenv/lib/python3.12/site-packages/airflow/example_dags/example_trigger_controller_dag.py took 0.082 seconds
[2024-08-27T16:09:57.664+0000] {processor.py:186} INFO - Started process (PID=7600) to work on /home/ubuntu/myenv/lib/python3.12/site-packages/airflow/example_dags/example_trigger_controller_dag.py
[2024-08-27T16:09:57.666+0000] {processor.py:914} INFO - Processing file /home/ubuntu/myenv/lib/python3.12/site-packages/airflow/example_dags/example_trigger_controller_dag.py for tasks to queue
[2024-08-27T16:09:57.668+0000] {logging_mixin.py:190} INFO - [2024-08-27T16:09:57.668+0000] {dagbag.py:587} INFO - Filling up the DagBag from /home/ubuntu/myenv/lib/python3.12/site-packages/airflow/example_dags/example_trigger_controller_dag.py
[2024-08-27T16:09:57.676+0000] {processor.py:925} INFO - DAG(s) 'example_trigger_controller_dag' retrieved from /home/ubuntu/myenv/lib/python3.12/site-packages/airflow/example_dags/example_trigger_controller_dag.py
[2024-08-27T16:09:57.696+0000] {logging_mixin.py:190} INFO - [2024-08-27T16:09:57.696+0000] {dag.py:3211} INFO - Sync 1 DAGs
[2024-08-27T16:09:57.719+0000] {logging_mixin.py:190} INFO - [2024-08-27T16:09:57.718+0000] {dag.py:4138} INFO - Setting next_dagrun for example_trigger_controller_dag to 2021-01-01 00:00:00+00:00, run_after=2021-01-01 00:00:00+00:00
[2024-08-27T16:09:57.742+0000] {processor.py:208} INFO - Processing /home/ubuntu/myenv/lib/python3.12/site-packages/airflow/example_dags/example_trigger_controller_dag.py took 0.083 seconds
[2024-08-27T16:10:52.912+0000] {processor.py:186} INFO - Started process (PID=7700) to work on /home/ubuntu/myenv/lib/python3.12/site-packages/airflow/example_dags/example_trigger_controller_dag.py
[2024-08-27T16:10:52.913+0000] {processor.py:914} INFO - Processing file /home/ubuntu/myenv/lib/python3.12/site-packages/airflow/example_dags/example_trigger_controller_dag.py for tasks to queue
[2024-08-27T16:10:52.916+0000] {logging_mixin.py:190} INFO - [2024-08-27T16:10:52.915+0000] {dagbag.py:587} INFO - Filling up the DagBag from /home/ubuntu/myenv/lib/python3.12/site-packages/airflow/example_dags/example_trigger_controller_dag.py
[2024-08-27T16:10:52.923+0000] {processor.py:925} INFO - DAG(s) 'example_trigger_controller_dag' retrieved from /home/ubuntu/myenv/lib/python3.12/site-packages/airflow/example_dags/example_trigger_controller_dag.py
[2024-08-27T16:10:52.940+0000] {logging_mixin.py:190} INFO - [2024-08-27T16:10:52.940+0000] {dag.py:3211} INFO - Sync 1 DAGs
[2024-08-27T16:10:52.962+0000] {logging_mixin.py:190} INFO - [2024-08-27T16:10:52.962+0000] {dag.py:4138} INFO - Setting next_dagrun for example_trigger_controller_dag to 2021-01-01 00:00:00+00:00, run_after=2021-01-01 00:00:00+00:00
[2024-08-27T16:10:52.985+0000] {processor.py:208} INFO - Processing /home/ubuntu/myenv/lib/python3.12/site-packages/airflow/example_dags/example_trigger_controller_dag.py took 0.079 seconds
[2024-08-27T16:11:43.430+0000] {processor.py:186} INFO - Started process (PID=7775) to work on /home/ubuntu/myenv/lib/python3.12/site-packages/airflow/example_dags/example_trigger_controller_dag.py
[2024-08-27T16:11:43.432+0000] {processor.py:914} INFO - Processing file /home/ubuntu/myenv/lib/python3.12/site-packages/airflow/example_dags/example_trigger_controller_dag.py for tasks to queue
[2024-08-27T16:11:43.434+0000] {logging_mixin.py:190} INFO - [2024-08-27T16:11:43.434+0000] {dagbag.py:587} INFO - Filling up the DagBag from /home/ubuntu/myenv/lib/python3.12/site-packages/airflow/example_dags/example_trigger_controller_dag.py
[2024-08-27T16:11:43.442+0000] {processor.py:925} INFO - DAG(s) 'example_trigger_controller_dag' retrieved from /home/ubuntu/myenv/lib/python3.12/site-packages/airflow/example_dags/example_trigger_controller_dag.py
[2024-08-27T16:11:43.467+0000] {logging_mixin.py:190} INFO - [2024-08-27T16:11:43.467+0000] {dag.py:3211} INFO - Sync 1 DAGs
[2024-08-27T16:11:43.487+0000] {logging_mixin.py:190} INFO - [2024-08-27T16:11:43.487+0000] {dag.py:4138} INFO - Setting next_dagrun for example_trigger_controller_dag to 2021-01-01 00:00:00+00:00, run_after=2021-01-01 00:00:00+00:00
[2024-08-27T16:11:43.511+0000] {processor.py:208} INFO - Processing /home/ubuntu/myenv/lib/python3.12/site-packages/airflow/example_dags/example_trigger_controller_dag.py took 0.087 seconds
[2024-08-27T16:12:32.613+0000] {processor.py:186} INFO - Started process (PID=7883) to work on /home/ubuntu/myenv/lib/python3.12/site-packages/airflow/example_dags/example_trigger_controller_dag.py
[2024-08-27T16:12:32.614+0000] {processor.py:914} INFO - Processing file /home/ubuntu/myenv/lib/python3.12/site-packages/airflow/example_dags/example_trigger_controller_dag.py for tasks to queue
[2024-08-27T16:12:32.617+0000] {logging_mixin.py:190} INFO - [2024-08-27T16:12:32.617+0000] {dagbag.py:587} INFO - Filling up the DagBag from /home/ubuntu/myenv/lib/python3.12/site-packages/airflow/example_dags/example_trigger_controller_dag.py
[2024-08-27T16:12:32.624+0000] {processor.py:925} INFO - DAG(s) 'example_trigger_controller_dag' retrieved from /home/ubuntu/myenv/lib/python3.12/site-packages/airflow/example_dags/example_trigger_controller_dag.py
[2024-08-27T16:12:32.641+0000] {logging_mixin.py:190} INFO - [2024-08-27T16:12:32.641+0000] {dag.py:3211} INFO - Sync 1 DAGs
[2024-08-27T16:12:32.662+0000] {logging_mixin.py:190} INFO - [2024-08-27T16:12:32.662+0000] {dag.py:4138} INFO - Setting next_dagrun for example_trigger_controller_dag to 2021-01-01 00:00:00+00:00, run_after=2021-01-01 00:00:00+00:00
[2024-08-27T16:12:32.686+0000] {processor.py:208} INFO - Processing /home/ubuntu/myenv/lib/python3.12/site-packages/airflow/example_dags/example_trigger_controller_dag.py took 0.079 seconds
[2024-08-27T16:13:25.591+0000] {processor.py:186} INFO - Started process (PID=7971) to work on /home/ubuntu/myenv/lib/python3.12/site-packages/airflow/example_dags/example_trigger_controller_dag.py
[2024-08-27T16:13:25.594+0000] {processor.py:914} INFO - Processing file /home/ubuntu/myenv/lib/python3.12/site-packages/airflow/example_dags/example_trigger_controller_dag.py for tasks to queue
[2024-08-27T16:13:25.597+0000] {logging_mixin.py:190} INFO - [2024-08-27T16:13:25.596+0000] {dagbag.py:587} INFO - Filling up the DagBag from /home/ubuntu/myenv/lib/python3.12/site-packages/airflow/example_dags/example_trigger_controller_dag.py
[2024-08-27T16:13:25.604+0000] {processor.py:925} INFO - DAG(s) 'example_trigger_controller_dag' retrieved from /home/ubuntu/myenv/lib/python3.12/site-packages/airflow/example_dags/example_trigger_controller_dag.py
[2024-08-27T16:13:25.621+0000] {logging_mixin.py:190} INFO - [2024-08-27T16:13:25.621+0000] {dag.py:3211} INFO - Sync 1 DAGs
[2024-08-27T16:13:25.643+0000] {logging_mixin.py:190} INFO - [2024-08-27T16:13:25.642+0000] {dag.py:4138} INFO - Setting next_dagrun for example_trigger_controller_dag to 2021-01-01 00:00:00+00:00, run_after=2021-01-01 00:00:00+00:00
[2024-08-27T16:13:25.666+0000] {processor.py:208} INFO - Processing /home/ubuntu/myenv/lib/python3.12/site-packages/airflow/example_dags/example_trigger_controller_dag.py took 0.081 seconds
