[2024-08-27T14:34:47.141+0000] {processor.py:186} INFO - Started process (PID=5545) to work on /home/ubuntu/myenv/lib/python3.12/site-packages/airflow/example_dags/example_kubernetes_executor.py
[2024-08-27T14:34:47.142+0000] {processor.py:914} INFO - Processing file /home/ubuntu/myenv/lib/python3.12/site-packages/airflow/example_dags/example_kubernetes_executor.py for tasks to queue
[2024-08-27T14:34:47.145+0000] {logging_mixin.py:190} INFO - [2024-08-27T14:34:47.144+0000] {dagbag.py:587} INFO - Filling up the DagBag from /home/ubuntu/myenv/lib/python3.12/site-packages/airflow/example_dags/example_kubernetes_executor.py
[2024-08-27T14:34:47.148+0000] {logging_mixin.py:190} INFO - [2024-08-27T14:34:47.147+0000] {example_kubernetes_executor.py:39} WARNING - The example_kubernetes_executor example DAG requires the kubernetes provider. Please install it with: pip install apache-airflow[cncf.kubernetes]
[2024-08-27T14:34:47.148+0000] {processor.py:927} WARNING - No viable dags retrieved from /home/ubuntu/myenv/lib/python3.12/site-packages/airflow/example_dags/example_kubernetes_executor.py
[2024-08-27T14:34:47.160+0000] {processor.py:208} INFO - Processing /home/ubuntu/myenv/lib/python3.12/site-packages/airflow/example_dags/example_kubernetes_executor.py took 0.024 seconds
[2024-08-27T14:35:52.504+0000] {processor.py:186} INFO - Started process (PID=5618) to work on /home/ubuntu/myenv/lib/python3.12/site-packages/airflow/example_dags/example_kubernetes_executor.py
[2024-08-27T14:35:52.506+0000] {processor.py:914} INFO - Processing file /home/ubuntu/myenv/lib/python3.12/site-packages/airflow/example_dags/example_kubernetes_executor.py for tasks to queue
[2024-08-27T14:35:52.508+0000] {logging_mixin.py:190} INFO - [2024-08-27T14:35:52.508+0000] {dagbag.py:587} INFO - Filling up the DagBag from /home/ubuntu/myenv/lib/python3.12/site-packages/airflow/example_dags/example_kubernetes_executor.py
[2024-08-27T14:35:52.511+0000] {logging_mixin.py:190} INFO - [2024-08-27T14:35:52.511+0000] {example_kubernetes_executor.py:39} WARNING - The example_kubernetes_executor example DAG requires the kubernetes provider. Please install it with: pip install apache-airflow[cncf.kubernetes]
[2024-08-27T14:35:52.511+0000] {processor.py:927} WARNING - No viable dags retrieved from /home/ubuntu/myenv/lib/python3.12/site-packages/airflow/example_dags/example_kubernetes_executor.py
[2024-08-27T14:35:52.522+0000] {processor.py:208} INFO - Processing /home/ubuntu/myenv/lib/python3.12/site-packages/airflow/example_dags/example_kubernetes_executor.py took 0.024 seconds
[2024-08-27T14:36:45.789+0000] {processor.py:186} INFO - Started process (PID=5690) to work on /home/ubuntu/myenv/lib/python3.12/site-packages/airflow/example_dags/example_kubernetes_executor.py
[2024-08-27T14:36:45.791+0000] {processor.py:914} INFO - Processing file /home/ubuntu/myenv/lib/python3.12/site-packages/airflow/example_dags/example_kubernetes_executor.py for tasks to queue
[2024-08-27T14:36:45.793+0000] {logging_mixin.py:190} INFO - [2024-08-27T14:36:45.792+0000] {dagbag.py:587} INFO - Filling up the DagBag from /home/ubuntu/myenv/lib/python3.12/site-packages/airflow/example_dags/example_kubernetes_executor.py
[2024-08-27T14:36:45.796+0000] {logging_mixin.py:190} INFO - [2024-08-27T14:36:45.796+0000] {example_kubernetes_executor.py:39} WARNING - The example_kubernetes_executor example DAG requires the kubernetes provider. Please install it with: pip install apache-airflow[cncf.kubernetes]
[2024-08-27T14:36:45.796+0000] {processor.py:927} WARNING - No viable dags retrieved from /home/ubuntu/myenv/lib/python3.12/site-packages/airflow/example_dags/example_kubernetes_executor.py
[2024-08-27T14:36:45.808+0000] {processor.py:208} INFO - Processing /home/ubuntu/myenv/lib/python3.12/site-packages/airflow/example_dags/example_kubernetes_executor.py took 0.025 seconds
[2024-08-27T14:37:40.857+0000] {processor.py:186} INFO - Started process (PID=5765) to work on /home/ubuntu/myenv/lib/python3.12/site-packages/airflow/example_dags/example_kubernetes_executor.py
[2024-08-27T14:37:40.858+0000] {processor.py:914} INFO - Processing file /home/ubuntu/myenv/lib/python3.12/site-packages/airflow/example_dags/example_kubernetes_executor.py for tasks to queue
[2024-08-27T14:37:40.861+0000] {logging_mixin.py:190} INFO - [2024-08-27T14:37:40.860+0000] {dagbag.py:587} INFO - Filling up the DagBag from /home/ubuntu/myenv/lib/python3.12/site-packages/airflow/example_dags/example_kubernetes_executor.py
[2024-08-27T14:37:40.864+0000] {logging_mixin.py:190} INFO - [2024-08-27T14:37:40.863+0000] {example_kubernetes_executor.py:39} WARNING - The example_kubernetes_executor example DAG requires the kubernetes provider. Please install it with: pip install apache-airflow[cncf.kubernetes]
[2024-08-27T14:37:40.864+0000] {processor.py:927} WARNING - No viable dags retrieved from /home/ubuntu/myenv/lib/python3.12/site-packages/airflow/example_dags/example_kubernetes_executor.py
[2024-08-27T14:37:40.876+0000] {processor.py:208} INFO - Processing /home/ubuntu/myenv/lib/python3.12/site-packages/airflow/example_dags/example_kubernetes_executor.py took 0.025 seconds
[2024-08-27T14:38:32.804+0000] {processor.py:186} INFO - Started process (PID=5831) to work on /home/ubuntu/myenv/lib/python3.12/site-packages/airflow/example_dags/example_kubernetes_executor.py
[2024-08-27T14:38:32.805+0000] {processor.py:914} INFO - Processing file /home/ubuntu/myenv/lib/python3.12/site-packages/airflow/example_dags/example_kubernetes_executor.py for tasks to queue
[2024-08-27T14:38:32.808+0000] {logging_mixin.py:190} INFO - [2024-08-27T14:38:32.807+0000] {dagbag.py:587} INFO - Filling up the DagBag from /home/ubuntu/myenv/lib/python3.12/site-packages/airflow/example_dags/example_kubernetes_executor.py
[2024-08-27T14:38:32.811+0000] {logging_mixin.py:190} INFO - [2024-08-27T14:38:32.810+0000] {example_kubernetes_executor.py:39} WARNING - The example_kubernetes_executor example DAG requires the kubernetes provider. Please install it with: pip install apache-airflow[cncf.kubernetes]
[2024-08-27T14:38:32.811+0000] {processor.py:927} WARNING - No viable dags retrieved from /home/ubuntu/myenv/lib/python3.12/site-packages/airflow/example_dags/example_kubernetes_executor.py
[2024-08-27T14:38:32.823+0000] {processor.py:208} INFO - Processing /home/ubuntu/myenv/lib/python3.12/site-packages/airflow/example_dags/example_kubernetes_executor.py took 0.025 seconds
[2024-08-27T14:39:38.241+0000] {processor.py:186} INFO - Started process (PID=5911) to work on /home/ubuntu/myenv/lib/python3.12/site-packages/airflow/example_dags/example_kubernetes_executor.py
[2024-08-27T14:39:38.242+0000] {processor.py:914} INFO - Processing file /home/ubuntu/myenv/lib/python3.12/site-packages/airflow/example_dags/example_kubernetes_executor.py for tasks to queue
[2024-08-27T14:39:38.245+0000] {logging_mixin.py:190} INFO - [2024-08-27T14:39:38.244+0000] {dagbag.py:587} INFO - Filling up the DagBag from /home/ubuntu/myenv/lib/python3.12/site-packages/airflow/example_dags/example_kubernetes_executor.py
[2024-08-27T14:39:38.247+0000] {logging_mixin.py:190} INFO - [2024-08-27T14:39:38.247+0000] {example_kubernetes_executor.py:39} WARNING - The example_kubernetes_executor example DAG requires the kubernetes provider. Please install it with: pip install apache-airflow[cncf.kubernetes]
[2024-08-27T14:39:38.248+0000] {processor.py:927} WARNING - No viable dags retrieved from /home/ubuntu/myenv/lib/python3.12/site-packages/airflow/example_dags/example_kubernetes_executor.py
[2024-08-27T14:39:38.259+0000] {processor.py:208} INFO - Processing /home/ubuntu/myenv/lib/python3.12/site-packages/airflow/example_dags/example_kubernetes_executor.py took 0.025 seconds
[2024-08-27T14:40:33.390+0000] {processor.py:186} INFO - Started process (PID=5980) to work on /home/ubuntu/myenv/lib/python3.12/site-packages/airflow/example_dags/example_kubernetes_executor.py
[2024-08-27T14:40:33.392+0000] {processor.py:914} INFO - Processing file /home/ubuntu/myenv/lib/python3.12/site-packages/airflow/example_dags/example_kubernetes_executor.py for tasks to queue
[2024-08-27T14:40:33.394+0000] {logging_mixin.py:190} INFO - [2024-08-27T14:40:33.393+0000] {dagbag.py:587} INFO - Filling up the DagBag from /home/ubuntu/myenv/lib/python3.12/site-packages/airflow/example_dags/example_kubernetes_executor.py
[2024-08-27T14:40:33.397+0000] {logging_mixin.py:190} INFO - [2024-08-27T14:40:33.397+0000] {example_kubernetes_executor.py:39} WARNING - The example_kubernetes_executor example DAG requires the kubernetes provider. Please install it with: pip install apache-airflow[cncf.kubernetes]
[2024-08-27T14:40:33.397+0000] {processor.py:927} WARNING - No viable dags retrieved from /home/ubuntu/myenv/lib/python3.12/site-packages/airflow/example_dags/example_kubernetes_executor.py
[2024-08-27T14:40:33.409+0000] {processor.py:208} INFO - Processing /home/ubuntu/myenv/lib/python3.12/site-packages/airflow/example_dags/example_kubernetes_executor.py took 0.026 seconds
[2024-08-27T14:41:42.692+0000] {processor.py:186} INFO - Started process (PID=6052) to work on /home/ubuntu/myenv/lib/python3.12/site-packages/airflow/example_dags/example_kubernetes_executor.py
[2024-08-27T14:41:42.693+0000] {processor.py:914} INFO - Processing file /home/ubuntu/myenv/lib/python3.12/site-packages/airflow/example_dags/example_kubernetes_executor.py for tasks to queue
[2024-08-27T14:41:42.695+0000] {logging_mixin.py:190} INFO - [2024-08-27T14:41:42.695+0000] {dagbag.py:587} INFO - Filling up the DagBag from /home/ubuntu/myenv/lib/python3.12/site-packages/airflow/example_dags/example_kubernetes_executor.py
[2024-08-27T14:41:42.698+0000] {logging_mixin.py:190} INFO - [2024-08-27T14:41:42.698+0000] {example_kubernetes_executor.py:39} WARNING - The example_kubernetes_executor example DAG requires the kubernetes provider. Please install it with: pip install apache-airflow[cncf.kubernetes]
[2024-08-27T14:41:42.699+0000] {processor.py:927} WARNING - No viable dags retrieved from /home/ubuntu/myenv/lib/python3.12/site-packages/airflow/example_dags/example_kubernetes_executor.py
[2024-08-27T14:41:42.711+0000] {processor.py:208} INFO - Processing /home/ubuntu/myenv/lib/python3.12/site-packages/airflow/example_dags/example_kubernetes_executor.py took 0.026 seconds
[2024-08-27T14:42:33.235+0000] {processor.py:186} INFO - Started process (PID=6104) to work on /home/ubuntu/myenv/lib/python3.12/site-packages/airflow/example_dags/example_kubernetes_executor.py
[2024-08-27T14:42:33.237+0000] {processor.py:914} INFO - Processing file /home/ubuntu/myenv/lib/python3.12/site-packages/airflow/example_dags/example_kubernetes_executor.py for tasks to queue
[2024-08-27T14:42:33.239+0000] {logging_mixin.py:190} INFO - [2024-08-27T14:42:33.239+0000] {dagbag.py:587} INFO - Filling up the DagBag from /home/ubuntu/myenv/lib/python3.12/site-packages/airflow/example_dags/example_kubernetes_executor.py
[2024-08-27T14:42:33.242+0000] {logging_mixin.py:190} INFO - [2024-08-27T14:42:33.242+0000] {example_kubernetes_executor.py:39} WARNING - The example_kubernetes_executor example DAG requires the kubernetes provider. Please install it with: pip install apache-airflow[cncf.kubernetes]
[2024-08-27T14:42:33.243+0000] {processor.py:927} WARNING - No viable dags retrieved from /home/ubuntu/myenv/lib/python3.12/site-packages/airflow/example_dags/example_kubernetes_executor.py
[2024-08-27T14:42:33.254+0000] {processor.py:208} INFO - Processing /home/ubuntu/myenv/lib/python3.12/site-packages/airflow/example_dags/example_kubernetes_executor.py took 0.026 seconds
[2024-08-27T14:43:24.896+0000] {processor.py:186} INFO - Started process (PID=6155) to work on /home/ubuntu/myenv/lib/python3.12/site-packages/airflow/example_dags/example_kubernetes_executor.py
[2024-08-27T14:43:24.897+0000] {processor.py:914} INFO - Processing file /home/ubuntu/myenv/lib/python3.12/site-packages/airflow/example_dags/example_kubernetes_executor.py for tasks to queue
[2024-08-27T14:43:24.899+0000] {logging_mixin.py:190} INFO - [2024-08-27T14:43:24.899+0000] {dagbag.py:587} INFO - Filling up the DagBag from /home/ubuntu/myenv/lib/python3.12/site-packages/airflow/example_dags/example_kubernetes_executor.py
[2024-08-27T14:43:24.902+0000] {logging_mixin.py:190} INFO - [2024-08-27T14:43:24.902+0000] {example_kubernetes_executor.py:39} WARNING - The example_kubernetes_executor example DAG requires the kubernetes provider. Please install it with: pip install apache-airflow[cncf.kubernetes]
[2024-08-27T14:43:24.903+0000] {processor.py:927} WARNING - No viable dags retrieved from /home/ubuntu/myenv/lib/python3.12/site-packages/airflow/example_dags/example_kubernetes_executor.py
[2024-08-27T14:43:24.915+0000] {processor.py:208} INFO - Processing /home/ubuntu/myenv/lib/python3.12/site-packages/airflow/example_dags/example_kubernetes_executor.py took 0.025 seconds
[2024-08-27T14:44:15.464+0000] {processor.py:186} INFO - Started process (PID=6209) to work on /home/ubuntu/myenv/lib/python3.12/site-packages/airflow/example_dags/example_kubernetes_executor.py
[2024-08-27T14:44:15.466+0000] {processor.py:914} INFO - Processing file /home/ubuntu/myenv/lib/python3.12/site-packages/airflow/example_dags/example_kubernetes_executor.py for tasks to queue
[2024-08-27T14:44:15.468+0000] {logging_mixin.py:190} INFO - [2024-08-27T14:44:15.468+0000] {dagbag.py:587} INFO - Filling up the DagBag from /home/ubuntu/myenv/lib/python3.12/site-packages/airflow/example_dags/example_kubernetes_executor.py
[2024-08-27T14:44:15.471+0000] {logging_mixin.py:190} INFO - [2024-08-27T14:44:15.471+0000] {example_kubernetes_executor.py:39} WARNING - The example_kubernetes_executor example DAG requires the kubernetes provider. Please install it with: pip install apache-airflow[cncf.kubernetes]
[2024-08-27T14:44:15.471+0000] {processor.py:927} WARNING - No viable dags retrieved from /home/ubuntu/myenv/lib/python3.12/site-packages/airflow/example_dags/example_kubernetes_executor.py
[2024-08-27T14:44:15.483+0000] {processor.py:208} INFO - Processing /home/ubuntu/myenv/lib/python3.12/site-packages/airflow/example_dags/example_kubernetes_executor.py took 0.025 seconds
[2024-08-27T14:45:05.959+0000] {processor.py:186} INFO - Started process (PID=6264) to work on /home/ubuntu/myenv/lib/python3.12/site-packages/airflow/example_dags/example_kubernetes_executor.py
[2024-08-27T14:45:05.961+0000] {processor.py:914} INFO - Processing file /home/ubuntu/myenv/lib/python3.12/site-packages/airflow/example_dags/example_kubernetes_executor.py for tasks to queue
[2024-08-27T14:45:05.963+0000] {logging_mixin.py:190} INFO - [2024-08-27T14:45:05.963+0000] {dagbag.py:587} INFO - Filling up the DagBag from /home/ubuntu/myenv/lib/python3.12/site-packages/airflow/example_dags/example_kubernetes_executor.py
[2024-08-27T14:45:05.966+0000] {logging_mixin.py:190} INFO - [2024-08-27T14:45:05.966+0000] {example_kubernetes_executor.py:39} WARNING - The example_kubernetes_executor example DAG requires the kubernetes provider. Please install it with: pip install apache-airflow[cncf.kubernetes]
[2024-08-27T14:45:05.967+0000] {processor.py:927} WARNING - No viable dags retrieved from /home/ubuntu/myenv/lib/python3.12/site-packages/airflow/example_dags/example_kubernetes_executor.py
[2024-08-27T14:45:05.979+0000] {processor.py:208} INFO - Processing /home/ubuntu/myenv/lib/python3.12/site-packages/airflow/example_dags/example_kubernetes_executor.py took 0.026 seconds
[2024-08-27T14:45:57.437+0000] {processor.py:186} INFO - Started process (PID=6317) to work on /home/ubuntu/myenv/lib/python3.12/site-packages/airflow/example_dags/example_kubernetes_executor.py
[2024-08-27T14:45:57.439+0000] {processor.py:914} INFO - Processing file /home/ubuntu/myenv/lib/python3.12/site-packages/airflow/example_dags/example_kubernetes_executor.py for tasks to queue
[2024-08-27T14:45:57.441+0000] {logging_mixin.py:190} INFO - [2024-08-27T14:45:57.441+0000] {dagbag.py:587} INFO - Filling up the DagBag from /home/ubuntu/myenv/lib/python3.12/site-packages/airflow/example_dags/example_kubernetes_executor.py
[2024-08-27T14:45:57.444+0000] {logging_mixin.py:190} INFO - [2024-08-27T14:45:57.444+0000] {example_kubernetes_executor.py:39} WARNING - The example_kubernetes_executor example DAG requires the kubernetes provider. Please install it with: pip install apache-airflow[cncf.kubernetes]
[2024-08-27T14:45:57.445+0000] {processor.py:927} WARNING - No viable dags retrieved from /home/ubuntu/myenv/lib/python3.12/site-packages/airflow/example_dags/example_kubernetes_executor.py
[2024-08-27T14:45:57.457+0000] {processor.py:208} INFO - Processing /home/ubuntu/myenv/lib/python3.12/site-packages/airflow/example_dags/example_kubernetes_executor.py took 0.026 seconds
[2024-08-27T14:46:43.957+0000] {processor.py:186} INFO - Started process (PID=6368) to work on /home/ubuntu/myenv/lib/python3.12/site-packages/airflow/example_dags/example_kubernetes_executor.py
[2024-08-27T14:46:43.959+0000] {processor.py:914} INFO - Processing file /home/ubuntu/myenv/lib/python3.12/site-packages/airflow/example_dags/example_kubernetes_executor.py for tasks to queue
[2024-08-27T14:46:43.961+0000] {logging_mixin.py:190} INFO - [2024-08-27T14:46:43.961+0000] {dagbag.py:587} INFO - Filling up the DagBag from /home/ubuntu/myenv/lib/python3.12/site-packages/airflow/example_dags/example_kubernetes_executor.py
[2024-08-27T14:46:43.964+0000] {logging_mixin.py:190} INFO - [2024-08-27T14:46:43.964+0000] {example_kubernetes_executor.py:39} WARNING - The example_kubernetes_executor example DAG requires the kubernetes provider. Please install it with: pip install apache-airflow[cncf.kubernetes]
[2024-08-27T14:46:43.965+0000] {processor.py:927} WARNING - No viable dags retrieved from /home/ubuntu/myenv/lib/python3.12/site-packages/airflow/example_dags/example_kubernetes_executor.py
[2024-08-27T14:46:43.976+0000] {processor.py:208} INFO - Processing /home/ubuntu/myenv/lib/python3.12/site-packages/airflow/example_dags/example_kubernetes_executor.py took 0.025 seconds
[2024-08-27T14:47:35.573+0000] {processor.py:186} INFO - Started process (PID=6422) to work on /home/ubuntu/myenv/lib/python3.12/site-packages/airflow/example_dags/example_kubernetes_executor.py
[2024-08-27T14:47:35.574+0000] {processor.py:914} INFO - Processing file /home/ubuntu/myenv/lib/python3.12/site-packages/airflow/example_dags/example_kubernetes_executor.py for tasks to queue
[2024-08-27T14:47:35.577+0000] {logging_mixin.py:190} INFO - [2024-08-27T14:47:35.576+0000] {dagbag.py:587} INFO - Filling up the DagBag from /home/ubuntu/myenv/lib/python3.12/site-packages/airflow/example_dags/example_kubernetes_executor.py
[2024-08-27T14:47:35.580+0000] {logging_mixin.py:190} INFO - [2024-08-27T14:47:35.579+0000] {example_kubernetes_executor.py:39} WARNING - The example_kubernetes_executor example DAG requires the kubernetes provider. Please install it with: pip install apache-airflow[cncf.kubernetes]
[2024-08-27T14:47:35.580+0000] {processor.py:927} WARNING - No viable dags retrieved from /home/ubuntu/myenv/lib/python3.12/site-packages/airflow/example_dags/example_kubernetes_executor.py
[2024-08-27T14:47:35.592+0000] {processor.py:208} INFO - Processing /home/ubuntu/myenv/lib/python3.12/site-packages/airflow/example_dags/example_kubernetes_executor.py took 0.025 seconds
[2024-08-27T14:48:26.782+0000] {processor.py:186} INFO - Started process (PID=6478) to work on /home/ubuntu/myenv/lib/python3.12/site-packages/airflow/example_dags/example_kubernetes_executor.py
[2024-08-27T14:48:26.783+0000] {processor.py:914} INFO - Processing file /home/ubuntu/myenv/lib/python3.12/site-packages/airflow/example_dags/example_kubernetes_executor.py for tasks to queue
[2024-08-27T14:48:26.786+0000] {logging_mixin.py:190} INFO - [2024-08-27T14:48:26.785+0000] {dagbag.py:587} INFO - Filling up the DagBag from /home/ubuntu/myenv/lib/python3.12/site-packages/airflow/example_dags/example_kubernetes_executor.py
[2024-08-27T14:48:26.789+0000] {logging_mixin.py:190} INFO - [2024-08-27T14:48:26.788+0000] {example_kubernetes_executor.py:39} WARNING - The example_kubernetes_executor example DAG requires the kubernetes provider. Please install it with: pip install apache-airflow[cncf.kubernetes]
[2024-08-27T14:48:26.789+0000] {processor.py:927} WARNING - No viable dags retrieved from /home/ubuntu/myenv/lib/python3.12/site-packages/airflow/example_dags/example_kubernetes_executor.py
[2024-08-27T14:48:26.801+0000] {processor.py:208} INFO - Processing /home/ubuntu/myenv/lib/python3.12/site-packages/airflow/example_dags/example_kubernetes_executor.py took 0.025 seconds
[2024-08-27T14:49:18.337+0000] {processor.py:186} INFO - Started process (PID=6532) to work on /home/ubuntu/myenv/lib/python3.12/site-packages/airflow/example_dags/example_kubernetes_executor.py
[2024-08-27T14:49:18.339+0000] {processor.py:914} INFO - Processing file /home/ubuntu/myenv/lib/python3.12/site-packages/airflow/example_dags/example_kubernetes_executor.py for tasks to queue
[2024-08-27T14:49:18.341+0000] {logging_mixin.py:190} INFO - [2024-08-27T14:49:18.341+0000] {dagbag.py:587} INFO - Filling up the DagBag from /home/ubuntu/myenv/lib/python3.12/site-packages/airflow/example_dags/example_kubernetes_executor.py
[2024-08-27T14:49:18.344+0000] {logging_mixin.py:190} INFO - [2024-08-27T14:49:18.344+0000] {example_kubernetes_executor.py:39} WARNING - The example_kubernetes_executor example DAG requires the kubernetes provider. Please install it with: pip install apache-airflow[cncf.kubernetes]
[2024-08-27T14:49:18.345+0000] {processor.py:927} WARNING - No viable dags retrieved from /home/ubuntu/myenv/lib/python3.12/site-packages/airflow/example_dags/example_kubernetes_executor.py
[2024-08-27T14:49:18.356+0000] {processor.py:208} INFO - Processing /home/ubuntu/myenv/lib/python3.12/site-packages/airflow/example_dags/example_kubernetes_executor.py took 0.025 seconds
[2024-08-27T16:10:17.802+0000] {processor.py:186} INFO - Started process (PID=7625) to work on /home/ubuntu/myenv/lib/python3.12/site-packages/airflow/example_dags/example_kubernetes_executor.py
[2024-08-27T16:10:17.803+0000] {processor.py:914} INFO - Processing file /home/ubuntu/myenv/lib/python3.12/site-packages/airflow/example_dags/example_kubernetes_executor.py for tasks to queue
[2024-08-27T16:10:17.805+0000] {logging_mixin.py:190} INFO - [2024-08-27T16:10:17.805+0000] {dagbag.py:587} INFO - Filling up the DagBag from /home/ubuntu/myenv/lib/python3.12/site-packages/airflow/example_dags/example_kubernetes_executor.py
[2024-08-27T16:10:17.809+0000] {logging_mixin.py:190} INFO - [2024-08-27T16:10:17.808+0000] {example_kubernetes_executor.py:39} WARNING - The example_kubernetes_executor example DAG requires the kubernetes provider. Please install it with: pip install apache-airflow[cncf.kubernetes]
[2024-08-27T16:10:17.809+0000] {processor.py:927} WARNING - No viable dags retrieved from /home/ubuntu/myenv/lib/python3.12/site-packages/airflow/example_dags/example_kubernetes_executor.py
[2024-08-27T16:10:17.821+0000] {processor.py:208} INFO - Processing /home/ubuntu/myenv/lib/python3.12/site-packages/airflow/example_dags/example_kubernetes_executor.py took 0.025 seconds
[2024-08-27T16:11:13.128+0000] {processor.py:186} INFO - Started process (PID=7726) to work on /home/ubuntu/myenv/lib/python3.12/site-packages/airflow/example_dags/example_kubernetes_executor.py
[2024-08-27T16:11:13.130+0000] {processor.py:914} INFO - Processing file /home/ubuntu/myenv/lib/python3.12/site-packages/airflow/example_dags/example_kubernetes_executor.py for tasks to queue
[2024-08-27T16:11:13.132+0000] {logging_mixin.py:190} INFO - [2024-08-27T16:11:13.132+0000] {dagbag.py:587} INFO - Filling up the DagBag from /home/ubuntu/myenv/lib/python3.12/site-packages/airflow/example_dags/example_kubernetes_executor.py
[2024-08-27T16:11:13.135+0000] {logging_mixin.py:190} INFO - [2024-08-27T16:11:13.135+0000] {example_kubernetes_executor.py:39} WARNING - The example_kubernetes_executor example DAG requires the kubernetes provider. Please install it with: pip install apache-airflow[cncf.kubernetes]
[2024-08-27T16:11:13.135+0000] {processor.py:927} WARNING - No viable dags retrieved from /home/ubuntu/myenv/lib/python3.12/site-packages/airflow/example_dags/example_kubernetes_executor.py
[2024-08-27T16:11:13.148+0000] {processor.py:208} INFO - Processing /home/ubuntu/myenv/lib/python3.12/site-packages/airflow/example_dags/example_kubernetes_executor.py took 0.026 seconds
[2024-08-27T16:12:08.012+0000] {processor.py:186} INFO - Started process (PID=7852) to work on /home/ubuntu/myenv/lib/python3.12/site-packages/airflow/example_dags/example_kubernetes_executor.py
[2024-08-27T16:12:08.014+0000] {processor.py:914} INFO - Processing file /home/ubuntu/myenv/lib/python3.12/site-packages/airflow/example_dags/example_kubernetes_executor.py for tasks to queue
[2024-08-27T16:12:08.016+0000] {logging_mixin.py:190} INFO - [2024-08-27T16:12:08.015+0000] {dagbag.py:587} INFO - Filling up the DagBag from /home/ubuntu/myenv/lib/python3.12/site-packages/airflow/example_dags/example_kubernetes_executor.py
[2024-08-27T16:12:08.019+0000] {logging_mixin.py:190} INFO - [2024-08-27T16:12:08.019+0000] {example_kubernetes_executor.py:39} WARNING - The example_kubernetes_executor example DAG requires the kubernetes provider. Please install it with: pip install apache-airflow[cncf.kubernetes]
[2024-08-27T16:12:08.019+0000] {processor.py:927} WARNING - No viable dags retrieved from /home/ubuntu/myenv/lib/python3.12/site-packages/airflow/example_dags/example_kubernetes_executor.py
[2024-08-27T16:12:08.031+0000] {processor.py:208} INFO - Processing /home/ubuntu/myenv/lib/python3.12/site-packages/airflow/example_dags/example_kubernetes_executor.py took 0.026 seconds
[2024-08-27T16:12:59.159+0000] {processor.py:186} INFO - Started process (PID=7942) to work on /home/ubuntu/myenv/lib/python3.12/site-packages/airflow/example_dags/example_kubernetes_executor.py
[2024-08-27T16:12:59.160+0000] {processor.py:914} INFO - Processing file /home/ubuntu/myenv/lib/python3.12/site-packages/airflow/example_dags/example_kubernetes_executor.py for tasks to queue
[2024-08-27T16:12:59.163+0000] {logging_mixin.py:190} INFO - [2024-08-27T16:12:59.162+0000] {dagbag.py:587} INFO - Filling up the DagBag from /home/ubuntu/myenv/lib/python3.12/site-packages/airflow/example_dags/example_kubernetes_executor.py
[2024-08-27T16:12:59.166+0000] {logging_mixin.py:190} INFO - [2024-08-27T16:12:59.165+0000] {example_kubernetes_executor.py:39} WARNING - The example_kubernetes_executor example DAG requires the kubernetes provider. Please install it with: pip install apache-airflow[cncf.kubernetes]
[2024-08-27T16:12:59.166+0000] {processor.py:927} WARNING - No viable dags retrieved from /home/ubuntu/myenv/lib/python3.12/site-packages/airflow/example_dags/example_kubernetes_executor.py
[2024-08-27T16:12:59.178+0000] {processor.py:208} INFO - Processing /home/ubuntu/myenv/lib/python3.12/site-packages/airflow/example_dags/example_kubernetes_executor.py took 0.026 seconds
