[2024-08-27T14:34:48.284+0000] {processor.py:186} INFO - Started process (PID=5546) to work on /home/ubuntu/myenv/lib/python3.12/site-packages/airflow/example_dags/example_inlet_event_extra.py
[2024-08-27T14:34:48.285+0000] {processor.py:914} INFO - Processing file /home/ubuntu/myenv/lib/python3.12/site-packages/airflow/example_dags/example_inlet_event_extra.py for tasks to queue
[2024-08-27T14:34:48.287+0000] {logging_mixin.py:190} INFO - [2024-08-27T14:34:48.286+0000] {dagbag.py:587} INFO - Filling up the DagBag from /home/ubuntu/myenv/lib/python3.12/site-packages/airflow/example_dags/example_inlet_event_extra.py
[2024-08-27T14:34:48.301+0000] {processor.py:925} INFO - DAG(s) 'read_dataset_event', 'read_dataset_event_from_classic' retrieved from /home/ubuntu/myenv/lib/python3.12/site-packages/airflow/example_dags/example_inlet_event_extra.py
[2024-08-27T14:34:48.413+0000] {logging_mixin.py:190} INFO - [2024-08-27T14:34:48.413+0000] {override.py:1900} INFO - Created Permission View: can delete on DAG:read_dataset_event
[2024-08-27T14:34:48.427+0000] {logging_mixin.py:190} INFO - [2024-08-27T14:34:48.427+0000] {override.py:1900} INFO - Created Permission View: can edit on DAG:read_dataset_event
[2024-08-27T14:34:48.437+0000] {logging_mixin.py:190} INFO - [2024-08-27T14:34:48.437+0000] {override.py:1900} INFO - Created Permission View: can read on DAG:read_dataset_event
[2024-08-27T14:34:48.452+0000] {logging_mixin.py:190} INFO - [2024-08-27T14:34:48.451+0000] {override.py:1900} INFO - Created Permission View: can create on DAG Run:read_dataset_event
[2024-08-27T14:34:48.461+0000] {logging_mixin.py:190} INFO - [2024-08-27T14:34:48.461+0000] {override.py:1900} INFO - Created Permission View: menu access on DAG Run:read_dataset_event
[2024-08-27T14:34:48.471+0000] {logging_mixin.py:190} INFO - [2024-08-27T14:34:48.471+0000] {override.py:1900} INFO - Created Permission View: can delete on DAG Run:read_dataset_event
[2024-08-27T14:34:48.480+0000] {logging_mixin.py:190} INFO - [2024-08-27T14:34:48.480+0000] {override.py:1900} INFO - Created Permission View: can read on DAG Run:read_dataset_event
[2024-08-27T14:34:48.502+0000] {logging_mixin.py:190} INFO - [2024-08-27T14:34:48.502+0000] {override.py:1900} INFO - Created Permission View: can delete on DAG:read_dataset_event_from_classic
[2024-08-27T14:34:48.512+0000] {logging_mixin.py:190} INFO - [2024-08-27T14:34:48.512+0000] {override.py:1900} INFO - Created Permission View: can edit on DAG:read_dataset_event_from_classic
[2024-08-27T14:34:48.521+0000] {logging_mixin.py:190} INFO - [2024-08-27T14:34:48.521+0000] {override.py:1900} INFO - Created Permission View: can read on DAG:read_dataset_event_from_classic
[2024-08-27T14:34:48.537+0000] {logging_mixin.py:190} INFO - [2024-08-27T14:34:48.537+0000] {override.py:1900} INFO - Created Permission View: can create on DAG Run:read_dataset_event_from_classic
[2024-08-27T14:34:48.547+0000] {logging_mixin.py:190} INFO - [2024-08-27T14:34:48.547+0000] {override.py:1900} INFO - Created Permission View: menu access on DAG Run:read_dataset_event_from_classic
[2024-08-27T14:34:48.556+0000] {logging_mixin.py:190} INFO - [2024-08-27T14:34:48.556+0000] {override.py:1900} INFO - Created Permission View: can delete on DAG Run:read_dataset_event_from_classic
[2024-08-27T14:34:48.565+0000] {logging_mixin.py:190} INFO - [2024-08-27T14:34:48.565+0000] {override.py:1900} INFO - Created Permission View: can read on DAG Run:read_dataset_event_from_classic
[2024-08-27T14:34:48.566+0000] {logging_mixin.py:190} INFO - [2024-08-27T14:34:48.566+0000] {dag.py:3211} INFO - Sync 2 DAGs
[2024-08-27T14:34:48.578+0000] {logging_mixin.py:190} INFO - [2024-08-27T14:34:48.578+0000] {dag.py:3234} INFO - Creating ORM DAG for read_dataset_event
[2024-08-27T14:34:48.579+0000] {logging_mixin.py:190} INFO - [2024-08-27T14:34:48.579+0000] {dag.py:3234} INFO - Creating ORM DAG for read_dataset_event_from_classic
[2024-08-27T14:34:48.588+0000] {logging_mixin.py:190} INFO - [2024-08-27T14:34:48.588+0000] {dag.py:4138} INFO - Setting next_dagrun for read_dataset_event to 2024-08-26 00:00:00+00:00, run_after=2024-08-27 00:00:00+00:00
[2024-08-27T14:34:48.590+0000] {logging_mixin.py:190} INFO - [2024-08-27T14:34:48.590+0000] {dag.py:4138} INFO - Setting next_dagrun for read_dataset_event_from_classic to 2024-08-26 00:00:00+00:00, run_after=2024-08-27 00:00:00+00:00
[2024-08-27T14:34:48.612+0000] {processor.py:208} INFO - Processing /home/ubuntu/myenv/lib/python3.12/site-packages/airflow/example_dags/example_inlet_event_extra.py took 0.334 seconds
[2024-08-27T14:35:53.083+0000] {processor.py:186} INFO - Started process (PID=5619) to work on /home/ubuntu/myenv/lib/python3.12/site-packages/airflow/example_dags/example_inlet_event_extra.py
[2024-08-27T14:35:53.085+0000] {processor.py:914} INFO - Processing file /home/ubuntu/myenv/lib/python3.12/site-packages/airflow/example_dags/example_inlet_event_extra.py for tasks to queue
[2024-08-27T14:35:53.087+0000] {logging_mixin.py:190} INFO - [2024-08-27T14:35:53.087+0000] {dagbag.py:587} INFO - Filling up the DagBag from /home/ubuntu/myenv/lib/python3.12/site-packages/airflow/example_dags/example_inlet_event_extra.py
[2024-08-27T14:35:53.101+0000] {processor.py:925} INFO - DAG(s) 'read_dataset_event', 'read_dataset_event_from_classic' retrieved from /home/ubuntu/myenv/lib/python3.12/site-packages/airflow/example_dags/example_inlet_event_extra.py
[2024-08-27T14:35:53.120+0000] {logging_mixin.py:190} INFO - [2024-08-27T14:35:53.120+0000] {dag.py:3211} INFO - Sync 2 DAGs
[2024-08-27T14:35:53.144+0000] {logging_mixin.py:190} INFO - [2024-08-27T14:35:53.144+0000] {dag.py:4138} INFO - Setting next_dagrun for read_dataset_event to 2024-08-26 00:00:00+00:00, run_after=2024-08-27 00:00:00+00:00
[2024-08-27T14:35:53.149+0000] {logging_mixin.py:190} INFO - [2024-08-27T14:35:53.148+0000] {dag.py:4138} INFO - Setting next_dagrun for read_dataset_event_from_classic to 2024-08-26 00:00:00+00:00, run_after=2024-08-27 00:00:00+00:00
[2024-08-27T14:35:53.169+0000] {processor.py:208} INFO - Processing /home/ubuntu/myenv/lib/python3.12/site-packages/airflow/example_dags/example_inlet_event_extra.py took 0.092 seconds
[2024-08-27T14:36:46.930+0000] {processor.py:186} INFO - Started process (PID=5691) to work on /home/ubuntu/myenv/lib/python3.12/site-packages/airflow/example_dags/example_inlet_event_extra.py
[2024-08-27T14:36:46.931+0000] {processor.py:914} INFO - Processing file /home/ubuntu/myenv/lib/python3.12/site-packages/airflow/example_dags/example_inlet_event_extra.py for tasks to queue
[2024-08-27T14:36:46.933+0000] {logging_mixin.py:190} INFO - [2024-08-27T14:36:46.933+0000] {dagbag.py:587} INFO - Filling up the DagBag from /home/ubuntu/myenv/lib/python3.12/site-packages/airflow/example_dags/example_inlet_event_extra.py
[2024-08-27T14:36:46.947+0000] {processor.py:925} INFO - DAG(s) 'read_dataset_event', 'read_dataset_event_from_classic' retrieved from /home/ubuntu/myenv/lib/python3.12/site-packages/airflow/example_dags/example_inlet_event_extra.py
[2024-08-27T14:36:46.967+0000] {logging_mixin.py:190} INFO - [2024-08-27T14:36:46.967+0000] {dag.py:3211} INFO - Sync 2 DAGs
[2024-08-27T14:36:46.991+0000] {logging_mixin.py:190} INFO - [2024-08-27T14:36:46.991+0000] {dag.py:4138} INFO - Setting next_dagrun for read_dataset_event to 2024-08-26 00:00:00+00:00, run_after=2024-08-27 00:00:00+00:00
[2024-08-27T14:36:46.996+0000] {logging_mixin.py:190} INFO - [2024-08-27T14:36:46.996+0000] {dag.py:4138} INFO - Setting next_dagrun for read_dataset_event_from_classic to 2024-08-26 00:00:00+00:00, run_after=2024-08-27 00:00:00+00:00
[2024-08-27T14:36:47.017+0000] {processor.py:208} INFO - Processing /home/ubuntu/myenv/lib/python3.12/site-packages/airflow/example_dags/example_inlet_event_extra.py took 0.093 seconds
[2024-08-27T14:37:41.437+0000] {processor.py:186} INFO - Started process (PID=5767) to work on /home/ubuntu/myenv/lib/python3.12/site-packages/airflow/example_dags/example_inlet_event_extra.py
[2024-08-27T14:37:41.439+0000] {processor.py:914} INFO - Processing file /home/ubuntu/myenv/lib/python3.12/site-packages/airflow/example_dags/example_inlet_event_extra.py for tasks to queue
[2024-08-27T14:37:41.441+0000] {logging_mixin.py:190} INFO - [2024-08-27T14:37:41.441+0000] {dagbag.py:587} INFO - Filling up the DagBag from /home/ubuntu/myenv/lib/python3.12/site-packages/airflow/example_dags/example_inlet_event_extra.py
[2024-08-27T14:37:41.455+0000] {processor.py:925} INFO - DAG(s) 'read_dataset_event_from_classic', 'read_dataset_event' retrieved from /home/ubuntu/myenv/lib/python3.12/site-packages/airflow/example_dags/example_inlet_event_extra.py
[2024-08-27T14:37:41.474+0000] {logging_mixin.py:190} INFO - [2024-08-27T14:37:41.474+0000] {dag.py:3211} INFO - Sync 2 DAGs
[2024-08-27T14:37:41.498+0000] {logging_mixin.py:190} INFO - [2024-08-27T14:37:41.497+0000] {dag.py:4138} INFO - Setting next_dagrun for read_dataset_event to 2024-08-26 00:00:00+00:00, run_after=2024-08-27 00:00:00+00:00
[2024-08-27T14:37:41.503+0000] {logging_mixin.py:190} INFO - [2024-08-27T14:37:41.502+0000] {dag.py:4138} INFO - Setting next_dagrun for read_dataset_event_from_classic to 2024-08-26 00:00:00+00:00, run_after=2024-08-27 00:00:00+00:00
[2024-08-27T14:37:41.524+0000] {processor.py:208} INFO - Processing /home/ubuntu/myenv/lib/python3.12/site-packages/airflow/example_dags/example_inlet_event_extra.py took 0.093 seconds
[2024-08-27T14:38:33.079+0000] {processor.py:186} INFO - Started process (PID=5832) to work on /home/ubuntu/myenv/lib/python3.12/site-packages/airflow/example_dags/example_inlet_event_extra.py
[2024-08-27T14:38:33.081+0000] {processor.py:914} INFO - Processing file /home/ubuntu/myenv/lib/python3.12/site-packages/airflow/example_dags/example_inlet_event_extra.py for tasks to queue
[2024-08-27T14:38:33.083+0000] {logging_mixin.py:190} INFO - [2024-08-27T14:38:33.083+0000] {dagbag.py:587} INFO - Filling up the DagBag from /home/ubuntu/myenv/lib/python3.12/site-packages/airflow/example_dags/example_inlet_event_extra.py
[2024-08-27T14:38:33.097+0000] {processor.py:925} INFO - DAG(s) 'read_dataset_event_from_classic', 'read_dataset_event' retrieved from /home/ubuntu/myenv/lib/python3.12/site-packages/airflow/example_dags/example_inlet_event_extra.py
[2024-08-27T14:38:33.115+0000] {logging_mixin.py:190} INFO - [2024-08-27T14:38:33.115+0000] {dag.py:3211} INFO - Sync 2 DAGs
[2024-08-27T14:38:33.264+0000] {logging_mixin.py:190} INFO - [2024-08-27T14:38:33.263+0000] {dag.py:4138} INFO - Setting next_dagrun for read_dataset_event to 2024-08-26 00:00:00+00:00, run_after=2024-08-27 00:00:00+00:00
[2024-08-27T14:38:33.269+0000] {logging_mixin.py:190} INFO - [2024-08-27T14:38:33.268+0000] {dag.py:4138} INFO - Setting next_dagrun for read_dataset_event_from_classic to 2024-08-26 00:00:00+00:00, run_after=2024-08-27 00:00:00+00:00
[2024-08-27T14:38:33.286+0000] {processor.py:208} INFO - Processing /home/ubuntu/myenv/lib/python3.12/site-packages/airflow/example_dags/example_inlet_event_extra.py took 0.213 seconds
[2024-08-27T14:39:39.381+0000] {processor.py:186} INFO - Started process (PID=5912) to work on /home/ubuntu/myenv/lib/python3.12/site-packages/airflow/example_dags/example_inlet_event_extra.py
[2024-08-27T14:39:39.383+0000] {processor.py:914} INFO - Processing file /home/ubuntu/myenv/lib/python3.12/site-packages/airflow/example_dags/example_inlet_event_extra.py for tasks to queue
[2024-08-27T14:39:39.385+0000] {logging_mixin.py:190} INFO - [2024-08-27T14:39:39.385+0000] {dagbag.py:587} INFO - Filling up the DagBag from /home/ubuntu/myenv/lib/python3.12/site-packages/airflow/example_dags/example_inlet_event_extra.py
[2024-08-27T14:39:39.399+0000] {processor.py:925} INFO - DAG(s) 'read_dataset_event', 'read_dataset_event_from_classic' retrieved from /home/ubuntu/myenv/lib/python3.12/site-packages/airflow/example_dags/example_inlet_event_extra.py
[2024-08-27T14:39:39.419+0000] {logging_mixin.py:190} INFO - [2024-08-27T14:39:39.418+0000] {dag.py:3211} INFO - Sync 2 DAGs
[2024-08-27T14:39:39.444+0000] {logging_mixin.py:190} INFO - [2024-08-27T14:39:39.443+0000] {dag.py:4138} INFO - Setting next_dagrun for read_dataset_event to 2024-08-26 00:00:00+00:00, run_after=2024-08-27 00:00:00+00:00
[2024-08-27T14:39:39.449+0000] {logging_mixin.py:190} INFO - [2024-08-27T14:39:39.448+0000] {dag.py:4138} INFO - Setting next_dagrun for read_dataset_event_from_classic to 2024-08-26 00:00:00+00:00, run_after=2024-08-27 00:00:00+00:00
[2024-08-27T14:39:39.470+0000] {processor.py:208} INFO - Processing /home/ubuntu/myenv/lib/python3.12/site-packages/airflow/example_dags/example_inlet_event_extra.py took 0.095 seconds
[2024-08-27T14:40:34.530+0000] {processor.py:186} INFO - Started process (PID=5981) to work on /home/ubuntu/myenv/lib/python3.12/site-packages/airflow/example_dags/example_inlet_event_extra.py
[2024-08-27T14:40:34.531+0000] {processor.py:914} INFO - Processing file /home/ubuntu/myenv/lib/python3.12/site-packages/airflow/example_dags/example_inlet_event_extra.py for tasks to queue
[2024-08-27T14:40:34.533+0000] {logging_mixin.py:190} INFO - [2024-08-27T14:40:34.533+0000] {dagbag.py:587} INFO - Filling up the DagBag from /home/ubuntu/myenv/lib/python3.12/site-packages/airflow/example_dags/example_inlet_event_extra.py
[2024-08-27T14:40:34.548+0000] {processor.py:925} INFO - DAG(s) 'read_dataset_event', 'read_dataset_event_from_classic' retrieved from /home/ubuntu/myenv/lib/python3.12/site-packages/airflow/example_dags/example_inlet_event_extra.py
[2024-08-27T14:40:34.567+0000] {logging_mixin.py:190} INFO - [2024-08-27T14:40:34.566+0000] {dag.py:3211} INFO - Sync 2 DAGs
[2024-08-27T14:40:34.591+0000] {logging_mixin.py:190} INFO - [2024-08-27T14:40:34.591+0000] {dag.py:4138} INFO - Setting next_dagrun for read_dataset_event to 2024-08-26 00:00:00+00:00, run_after=2024-08-27 00:00:00+00:00
[2024-08-27T14:40:34.596+0000] {logging_mixin.py:190} INFO - [2024-08-27T14:40:34.596+0000] {dag.py:4138} INFO - Setting next_dagrun for read_dataset_event_from_classic to 2024-08-26 00:00:00+00:00, run_after=2024-08-27 00:00:00+00:00
[2024-08-27T14:40:34.617+0000] {processor.py:208} INFO - Processing /home/ubuntu/myenv/lib/python3.12/site-packages/airflow/example_dags/example_inlet_event_extra.py took 0.093 seconds
[2024-08-27T14:41:43.831+0000] {processor.py:186} INFO - Started process (PID=6053) to work on /home/ubuntu/myenv/lib/python3.12/site-packages/airflow/example_dags/example_inlet_event_extra.py
[2024-08-27T14:41:43.833+0000] {processor.py:914} INFO - Processing file /home/ubuntu/myenv/lib/python3.12/site-packages/airflow/example_dags/example_inlet_event_extra.py for tasks to queue
[2024-08-27T14:41:43.835+0000] {logging_mixin.py:190} INFO - [2024-08-27T14:41:43.835+0000] {dagbag.py:587} INFO - Filling up the DagBag from /home/ubuntu/myenv/lib/python3.12/site-packages/airflow/example_dags/example_inlet_event_extra.py
[2024-08-27T14:41:43.849+0000] {processor.py:925} INFO - DAG(s) 'read_dataset_event_from_classic', 'read_dataset_event' retrieved from /home/ubuntu/myenv/lib/python3.12/site-packages/airflow/example_dags/example_inlet_event_extra.py
[2024-08-27T14:41:43.869+0000] {logging_mixin.py:190} INFO - [2024-08-27T14:41:43.868+0000] {dag.py:3211} INFO - Sync 2 DAGs
[2024-08-27T14:41:43.892+0000] {logging_mixin.py:190} INFO - [2024-08-27T14:41:43.892+0000] {dag.py:4138} INFO - Setting next_dagrun for read_dataset_event to 2024-08-26 00:00:00+00:00, run_after=2024-08-27 00:00:00+00:00
[2024-08-27T14:41:43.897+0000] {logging_mixin.py:190} INFO - [2024-08-27T14:41:43.897+0000] {dag.py:4138} INFO - Setting next_dagrun for read_dataset_event_from_classic to 2024-08-26 00:00:00+00:00, run_after=2024-08-27 00:00:00+00:00
[2024-08-27T14:41:43.918+0000] {processor.py:208} INFO - Processing /home/ubuntu/myenv/lib/python3.12/site-packages/airflow/example_dags/example_inlet_event_extra.py took 0.093 seconds
[2024-08-27T14:42:34.375+0000] {processor.py:186} INFO - Started process (PID=6105) to work on /home/ubuntu/myenv/lib/python3.12/site-packages/airflow/example_dags/example_inlet_event_extra.py
[2024-08-27T14:42:34.377+0000] {processor.py:914} INFO - Processing file /home/ubuntu/myenv/lib/python3.12/site-packages/airflow/example_dags/example_inlet_event_extra.py for tasks to queue
[2024-08-27T14:42:34.379+0000] {logging_mixin.py:190} INFO - [2024-08-27T14:42:34.378+0000] {dagbag.py:587} INFO - Filling up the DagBag from /home/ubuntu/myenv/lib/python3.12/site-packages/airflow/example_dags/example_inlet_event_extra.py
[2024-08-27T14:42:34.393+0000] {processor.py:925} INFO - DAG(s) 'read_dataset_event', 'read_dataset_event_from_classic' retrieved from /home/ubuntu/myenv/lib/python3.12/site-packages/airflow/example_dags/example_inlet_event_extra.py
[2024-08-27T14:42:34.412+0000] {logging_mixin.py:190} INFO - [2024-08-27T14:42:34.412+0000] {dag.py:3211} INFO - Sync 2 DAGs
[2024-08-27T14:42:34.436+0000] {logging_mixin.py:190} INFO - [2024-08-27T14:42:34.436+0000] {dag.py:4138} INFO - Setting next_dagrun for read_dataset_event to 2024-08-26 00:00:00+00:00, run_after=2024-08-27 00:00:00+00:00
[2024-08-27T14:42:34.441+0000] {logging_mixin.py:190} INFO - [2024-08-27T14:42:34.440+0000] {dag.py:4138} INFO - Setting next_dagrun for read_dataset_event_from_classic to 2024-08-26 00:00:00+00:00, run_after=2024-08-27 00:00:00+00:00
[2024-08-27T14:42:34.462+0000] {processor.py:208} INFO - Processing /home/ubuntu/myenv/lib/python3.12/site-packages/airflow/example_dags/example_inlet_event_extra.py took 0.093 seconds
[2024-08-27T14:43:26.036+0000] {processor.py:186} INFO - Started process (PID=6156) to work on /home/ubuntu/myenv/lib/python3.12/site-packages/airflow/example_dags/example_inlet_event_extra.py
[2024-08-27T14:43:26.038+0000] {processor.py:914} INFO - Processing file /home/ubuntu/myenv/lib/python3.12/site-packages/airflow/example_dags/example_inlet_event_extra.py for tasks to queue
[2024-08-27T14:43:26.040+0000] {logging_mixin.py:190} INFO - [2024-08-27T14:43:26.040+0000] {dagbag.py:587} INFO - Filling up the DagBag from /home/ubuntu/myenv/lib/python3.12/site-packages/airflow/example_dags/example_inlet_event_extra.py
[2024-08-27T14:43:26.055+0000] {processor.py:925} INFO - DAG(s) 'read_dataset_event_from_classic', 'read_dataset_event' retrieved from /home/ubuntu/myenv/lib/python3.12/site-packages/airflow/example_dags/example_inlet_event_extra.py
[2024-08-27T14:43:26.075+0000] {logging_mixin.py:190} INFO - [2024-08-27T14:43:26.074+0000] {dag.py:3211} INFO - Sync 2 DAGs
[2024-08-27T14:43:26.101+0000] {logging_mixin.py:190} INFO - [2024-08-27T14:43:26.101+0000] {dag.py:4138} INFO - Setting next_dagrun for read_dataset_event to 2024-08-26 00:00:00+00:00, run_after=2024-08-27 00:00:00+00:00
[2024-08-27T14:43:26.107+0000] {logging_mixin.py:190} INFO - [2024-08-27T14:43:26.106+0000] {dag.py:4138} INFO - Setting next_dagrun for read_dataset_event_from_classic to 2024-08-26 00:00:00+00:00, run_after=2024-08-27 00:00:00+00:00
[2024-08-27T14:43:26.128+0000] {processor.py:208} INFO - Processing /home/ubuntu/myenv/lib/python3.12/site-packages/airflow/example_dags/example_inlet_event_extra.py took 0.099 seconds
[2024-08-27T14:44:16.604+0000] {processor.py:186} INFO - Started process (PID=6210) to work on /home/ubuntu/myenv/lib/python3.12/site-packages/airflow/example_dags/example_inlet_event_extra.py
[2024-08-27T14:44:16.606+0000] {processor.py:914} INFO - Processing file /home/ubuntu/myenv/lib/python3.12/site-packages/airflow/example_dags/example_inlet_event_extra.py for tasks to queue
[2024-08-27T14:44:16.608+0000] {logging_mixin.py:190} INFO - [2024-08-27T14:44:16.608+0000] {dagbag.py:587} INFO - Filling up the DagBag from /home/ubuntu/myenv/lib/python3.12/site-packages/airflow/example_dags/example_inlet_event_extra.py
[2024-08-27T14:44:16.622+0000] {processor.py:925} INFO - DAG(s) 'read_dataset_event_from_classic', 'read_dataset_event' retrieved from /home/ubuntu/myenv/lib/python3.12/site-packages/airflow/example_dags/example_inlet_event_extra.py
[2024-08-27T14:44:16.641+0000] {logging_mixin.py:190} INFO - [2024-08-27T14:44:16.641+0000] {dag.py:3211} INFO - Sync 2 DAGs
[2024-08-27T14:44:16.665+0000] {logging_mixin.py:190} INFO - [2024-08-27T14:44:16.665+0000] {dag.py:4138} INFO - Setting next_dagrun for read_dataset_event to 2024-08-26 00:00:00+00:00, run_after=2024-08-27 00:00:00+00:00
[2024-08-27T14:44:16.669+0000] {logging_mixin.py:190} INFO - [2024-08-27T14:44:16.669+0000] {dag.py:4138} INFO - Setting next_dagrun for read_dataset_event_from_classic to 2024-08-26 00:00:00+00:00, run_after=2024-08-27 00:00:00+00:00
[2024-08-27T14:44:16.691+0000] {processor.py:208} INFO - Processing /home/ubuntu/myenv/lib/python3.12/site-packages/airflow/example_dags/example_inlet_event_extra.py took 0.093 seconds
[2024-08-27T14:45:07.112+0000] {processor.py:186} INFO - Started process (PID=6265) to work on /home/ubuntu/myenv/lib/python3.12/site-packages/airflow/example_dags/example_inlet_event_extra.py
[2024-08-27T14:45:07.114+0000] {processor.py:914} INFO - Processing file /home/ubuntu/myenv/lib/python3.12/site-packages/airflow/example_dags/example_inlet_event_extra.py for tasks to queue
[2024-08-27T14:45:07.116+0000] {logging_mixin.py:190} INFO - [2024-08-27T14:45:07.116+0000] {dagbag.py:587} INFO - Filling up the DagBag from /home/ubuntu/myenv/lib/python3.12/site-packages/airflow/example_dags/example_inlet_event_extra.py
[2024-08-27T14:45:07.131+0000] {processor.py:925} INFO - DAG(s) 'read_dataset_event_from_classic', 'read_dataset_event' retrieved from /home/ubuntu/myenv/lib/python3.12/site-packages/airflow/example_dags/example_inlet_event_extra.py
[2024-08-27T14:45:07.151+0000] {logging_mixin.py:190} INFO - [2024-08-27T14:45:07.151+0000] {dag.py:3211} INFO - Sync 2 DAGs
[2024-08-27T14:45:07.176+0000] {logging_mixin.py:190} INFO - [2024-08-27T14:45:07.176+0000] {dag.py:4138} INFO - Setting next_dagrun for read_dataset_event to 2024-08-26 00:00:00+00:00, run_after=2024-08-27 00:00:00+00:00
[2024-08-27T14:45:07.181+0000] {logging_mixin.py:190} INFO - [2024-08-27T14:45:07.181+0000] {dag.py:4138} INFO - Setting next_dagrun for read_dataset_event_from_classic to 2024-08-26 00:00:00+00:00, run_after=2024-08-27 00:00:00+00:00
[2024-08-27T14:45:07.204+0000] {processor.py:208} INFO - Processing /home/ubuntu/myenv/lib/python3.12/site-packages/airflow/example_dags/example_inlet_event_extra.py took 0.098 seconds
[2024-08-27T14:45:58.590+0000] {processor.py:186} INFO - Started process (PID=6318) to work on /home/ubuntu/myenv/lib/python3.12/site-packages/airflow/example_dags/example_inlet_event_extra.py
[2024-08-27T14:45:58.591+0000] {processor.py:914} INFO - Processing file /home/ubuntu/myenv/lib/python3.12/site-packages/airflow/example_dags/example_inlet_event_extra.py for tasks to queue
[2024-08-27T14:45:58.594+0000] {logging_mixin.py:190} INFO - [2024-08-27T14:45:58.593+0000] {dagbag.py:587} INFO - Filling up the DagBag from /home/ubuntu/myenv/lib/python3.12/site-packages/airflow/example_dags/example_inlet_event_extra.py
[2024-08-27T14:45:58.608+0000] {processor.py:925} INFO - DAG(s) 'read_dataset_event_from_classic', 'read_dataset_event' retrieved from /home/ubuntu/myenv/lib/python3.12/site-packages/airflow/example_dags/example_inlet_event_extra.py
[2024-08-27T14:45:58.628+0000] {logging_mixin.py:190} INFO - [2024-08-27T14:45:58.627+0000] {dag.py:3211} INFO - Sync 2 DAGs
[2024-08-27T14:45:58.652+0000] {logging_mixin.py:190} INFO - [2024-08-27T14:45:58.652+0000] {dag.py:4138} INFO - Setting next_dagrun for read_dataset_event to 2024-08-26 00:00:00+00:00, run_after=2024-08-27 00:00:00+00:00
[2024-08-27T14:45:58.657+0000] {logging_mixin.py:190} INFO - [2024-08-27T14:45:58.657+0000] {dag.py:4138} INFO - Setting next_dagrun for read_dataset_event_from_classic to 2024-08-26 00:00:00+00:00, run_after=2024-08-27 00:00:00+00:00
[2024-08-27T14:45:58.679+0000] {processor.py:208} INFO - Processing /home/ubuntu/myenv/lib/python3.12/site-packages/airflow/example_dags/example_inlet_event_extra.py took 0.096 seconds
[2024-08-27T14:47:06.853+0000] {processor.py:186} INFO - Started process (PID=6391) to work on /home/ubuntu/myenv/lib/python3.12/site-packages/airflow/example_dags/example_inlet_event_extra.py
[2024-08-27T14:47:06.854+0000] {processor.py:914} INFO - Processing file /home/ubuntu/myenv/lib/python3.12/site-packages/airflow/example_dags/example_inlet_event_extra.py for tasks to queue
[2024-08-27T14:47:06.856+0000] {logging_mixin.py:190} INFO - [2024-08-27T14:47:06.856+0000] {dagbag.py:587} INFO - Filling up the DagBag from /home/ubuntu/myenv/lib/python3.12/site-packages/airflow/example_dags/example_inlet_event_extra.py
[2024-08-27T14:47:06.871+0000] {processor.py:925} INFO - DAG(s) 'read_dataset_event', 'read_dataset_event_from_classic' retrieved from /home/ubuntu/myenv/lib/python3.12/site-packages/airflow/example_dags/example_inlet_event_extra.py
[2024-08-27T14:47:06.890+0000] {logging_mixin.py:190} INFO - [2024-08-27T14:47:06.890+0000] {dag.py:3211} INFO - Sync 2 DAGs
[2024-08-27T14:47:06.914+0000] {logging_mixin.py:190} INFO - [2024-08-27T14:47:06.914+0000] {dag.py:4138} INFO - Setting next_dagrun for read_dataset_event to 2024-08-26 00:00:00+00:00, run_after=2024-08-27 00:00:00+00:00
[2024-08-27T14:47:06.919+0000] {logging_mixin.py:190} INFO - [2024-08-27T14:47:06.919+0000] {dag.py:4138} INFO - Setting next_dagrun for read_dataset_event_from_classic to 2024-08-26 00:00:00+00:00, run_after=2024-08-27 00:00:00+00:00
[2024-08-27T14:47:06.940+0000] {processor.py:208} INFO - Processing /home/ubuntu/myenv/lib/python3.12/site-packages/airflow/example_dags/example_inlet_event_extra.py took 0.094 seconds
[2024-08-27T14:47:57.201+0000] {processor.py:186} INFO - Started process (PID=6444) to work on /home/ubuntu/myenv/lib/python3.12/site-packages/airflow/example_dags/example_inlet_event_extra.py
[2024-08-27T14:47:57.202+0000] {processor.py:914} INFO - Processing file /home/ubuntu/myenv/lib/python3.12/site-packages/airflow/example_dags/example_inlet_event_extra.py for tasks to queue
[2024-08-27T14:47:57.205+0000] {logging_mixin.py:190} INFO - [2024-08-27T14:47:57.204+0000] {dagbag.py:587} INFO - Filling up the DagBag from /home/ubuntu/myenv/lib/python3.12/site-packages/airflow/example_dags/example_inlet_event_extra.py
[2024-08-27T14:47:57.218+0000] {processor.py:925} INFO - DAG(s) 'read_dataset_event_from_classic', 'read_dataset_event' retrieved from /home/ubuntu/myenv/lib/python3.12/site-packages/airflow/example_dags/example_inlet_event_extra.py
[2024-08-27T14:47:57.237+0000] {logging_mixin.py:190} INFO - [2024-08-27T14:47:57.237+0000] {dag.py:3211} INFO - Sync 2 DAGs
[2024-08-27T14:47:57.261+0000] {logging_mixin.py:190} INFO - [2024-08-27T14:47:57.261+0000] {dag.py:4138} INFO - Setting next_dagrun for read_dataset_event to 2024-08-26 00:00:00+00:00, run_after=2024-08-27 00:00:00+00:00
[2024-08-27T14:47:57.266+0000] {logging_mixin.py:190} INFO - [2024-08-27T14:47:57.266+0000] {dag.py:4138} INFO - Setting next_dagrun for read_dataset_event_from_classic to 2024-08-26 00:00:00+00:00, run_after=2024-08-27 00:00:00+00:00
[2024-08-27T14:47:57.286+0000] {processor.py:208} INFO - Processing /home/ubuntu/myenv/lib/python3.12/site-packages/airflow/example_dags/example_inlet_event_extra.py took 0.091 seconds
[2024-08-27T14:48:47.389+0000] {processor.py:186} INFO - Started process (PID=6500) to work on /home/ubuntu/myenv/lib/python3.12/site-packages/airflow/example_dags/example_inlet_event_extra.py
[2024-08-27T14:48:47.391+0000] {processor.py:914} INFO - Processing file /home/ubuntu/myenv/lib/python3.12/site-packages/airflow/example_dags/example_inlet_event_extra.py for tasks to queue
[2024-08-27T14:48:47.393+0000] {logging_mixin.py:190} INFO - [2024-08-27T14:48:47.392+0000] {dagbag.py:587} INFO - Filling up the DagBag from /home/ubuntu/myenv/lib/python3.12/site-packages/airflow/example_dags/example_inlet_event_extra.py
[2024-08-27T14:48:47.407+0000] {processor.py:925} INFO - DAG(s) 'read_dataset_event_from_classic', 'read_dataset_event' retrieved from /home/ubuntu/myenv/lib/python3.12/site-packages/airflow/example_dags/example_inlet_event_extra.py
[2024-08-27T14:48:47.426+0000] {logging_mixin.py:190} INFO - [2024-08-27T14:48:47.425+0000] {dag.py:3211} INFO - Sync 2 DAGs
[2024-08-27T14:48:47.449+0000] {logging_mixin.py:190} INFO - [2024-08-27T14:48:47.449+0000] {dag.py:4138} INFO - Setting next_dagrun for read_dataset_event to 2024-08-26 00:00:00+00:00, run_after=2024-08-27 00:00:00+00:00
[2024-08-27T14:48:47.454+0000] {logging_mixin.py:190} INFO - [2024-08-27T14:48:47.454+0000] {dag.py:4138} INFO - Setting next_dagrun for read_dataset_event_from_classic to 2024-08-26 00:00:00+00:00, run_after=2024-08-27 00:00:00+00:00
[2024-08-27T14:48:47.474+0000] {processor.py:208} INFO - Processing /home/ubuntu/myenv/lib/python3.12/site-packages/airflow/example_dags/example_inlet_event_extra.py took 0.091 seconds
[2024-08-27T14:49:41.148+0000] {processor.py:186} INFO - Started process (PID=6554) to work on /home/ubuntu/myenv/lib/python3.12/site-packages/airflow/example_dags/example_inlet_event_extra.py
[2024-08-27T14:49:41.151+0000] {processor.py:914} INFO - Processing file /home/ubuntu/myenv/lib/python3.12/site-packages/airflow/example_dags/example_inlet_event_extra.py for tasks to queue
[2024-08-27T14:49:41.153+0000] {logging_mixin.py:190} INFO - [2024-08-27T14:49:41.153+0000] {dagbag.py:587} INFO - Filling up the DagBag from /home/ubuntu/myenv/lib/python3.12/site-packages/airflow/example_dags/example_inlet_event_extra.py
[2024-08-27T14:49:41.167+0000] {processor.py:925} INFO - DAG(s) 'read_dataset_event_from_classic', 'read_dataset_event' retrieved from /home/ubuntu/myenv/lib/python3.12/site-packages/airflow/example_dags/example_inlet_event_extra.py
[2024-08-27T14:49:41.188+0000] {logging_mixin.py:190} INFO - [2024-08-27T14:49:41.187+0000] {dag.py:3211} INFO - Sync 2 DAGs
[2024-08-27T14:49:41.212+0000] {logging_mixin.py:190} INFO - [2024-08-27T14:49:41.212+0000] {dag.py:4138} INFO - Setting next_dagrun for read_dataset_event to 2024-08-26 00:00:00+00:00, run_after=2024-08-27 00:00:00+00:00
[2024-08-27T14:49:41.217+0000] {logging_mixin.py:190} INFO - [2024-08-27T14:49:41.217+0000] {dag.py:4138} INFO - Setting next_dagrun for read_dataset_event_from_classic to 2024-08-26 00:00:00+00:00, run_after=2024-08-27 00:00:00+00:00
[2024-08-27T14:49:41.237+0000] {processor.py:208} INFO - Processing /home/ubuntu/myenv/lib/python3.12/site-packages/airflow/example_dags/example_inlet_event_extra.py took 0.095 seconds
[2024-08-27T16:10:18.375+0000] {processor.py:186} INFO - Started process (PID=7626) to work on /home/ubuntu/myenv/lib/python3.12/site-packages/airflow/example_dags/example_inlet_event_extra.py
[2024-08-27T16:10:18.377+0000] {processor.py:914} INFO - Processing file /home/ubuntu/myenv/lib/python3.12/site-packages/airflow/example_dags/example_inlet_event_extra.py for tasks to queue
[2024-08-27T16:10:18.379+0000] {logging_mixin.py:190} INFO - [2024-08-27T16:10:18.379+0000] {dagbag.py:587} INFO - Filling up the DagBag from /home/ubuntu/myenv/lib/python3.12/site-packages/airflow/example_dags/example_inlet_event_extra.py
[2024-08-27T16:10:18.394+0000] {processor.py:925} INFO - DAG(s) 'read_dataset_event_from_classic', 'read_dataset_event' retrieved from /home/ubuntu/myenv/lib/python3.12/site-packages/airflow/example_dags/example_inlet_event_extra.py
[2024-08-27T16:10:18.413+0000] {logging_mixin.py:190} INFO - [2024-08-27T16:10:18.412+0000] {dag.py:3211} INFO - Sync 2 DAGs
[2024-08-27T16:10:18.436+0000] {logging_mixin.py:190} INFO - [2024-08-27T16:10:18.436+0000] {dag.py:4138} INFO - Setting next_dagrun for read_dataset_event to 2024-08-26 00:00:00+00:00, run_after=2024-08-27 00:00:00+00:00
[2024-08-27T16:10:18.441+0000] {logging_mixin.py:190} INFO - [2024-08-27T16:10:18.441+0000] {dag.py:4138} INFO - Setting next_dagrun for read_dataset_event_from_classic to 2024-08-26 00:00:00+00:00, run_after=2024-08-27 00:00:00+00:00
[2024-08-27T16:10:18.461+0000] {processor.py:208} INFO - Processing /home/ubuntu/myenv/lib/python3.12/site-packages/airflow/example_dags/example_inlet_event_extra.py took 0.092 seconds
[2024-08-27T16:11:13.599+0000] {processor.py:186} INFO - Started process (PID=7727) to work on /home/ubuntu/myenv/lib/python3.12/site-packages/airflow/example_dags/example_inlet_event_extra.py
[2024-08-27T16:11:13.600+0000] {processor.py:914} INFO - Processing file /home/ubuntu/myenv/lib/python3.12/site-packages/airflow/example_dags/example_inlet_event_extra.py for tasks to queue
[2024-08-27T16:11:13.603+0000] {logging_mixin.py:190} INFO - [2024-08-27T16:11:13.602+0000] {dagbag.py:587} INFO - Filling up the DagBag from /home/ubuntu/myenv/lib/python3.12/site-packages/airflow/example_dags/example_inlet_event_extra.py
[2024-08-27T16:11:13.617+0000] {processor.py:925} INFO - DAG(s) 'read_dataset_event', 'read_dataset_event_from_classic' retrieved from /home/ubuntu/myenv/lib/python3.12/site-packages/airflow/example_dags/example_inlet_event_extra.py
[2024-08-27T16:11:13.637+0000] {logging_mixin.py:190} INFO - [2024-08-27T16:11:13.636+0000] {dag.py:3211} INFO - Sync 2 DAGs
[2024-08-27T16:11:13.661+0000] {logging_mixin.py:190} INFO - [2024-08-27T16:11:13.660+0000] {dag.py:4138} INFO - Setting next_dagrun for read_dataset_event to 2024-08-26 00:00:00+00:00, run_after=2024-08-27 00:00:00+00:00
[2024-08-27T16:11:13.666+0000] {logging_mixin.py:190} INFO - [2024-08-27T16:11:13.665+0000] {dag.py:4138} INFO - Setting next_dagrun for read_dataset_event_from_classic to 2024-08-26 00:00:00+00:00, run_after=2024-08-27 00:00:00+00:00
[2024-08-27T16:11:13.687+0000] {processor.py:208} INFO - Processing /home/ubuntu/myenv/lib/python3.12/site-packages/airflow/example_dags/example_inlet_event_extra.py took 0.095 seconds
[2024-08-27T16:12:09.152+0000] {processor.py:186} INFO - Started process (PID=7853) to work on /home/ubuntu/myenv/lib/python3.12/site-packages/airflow/example_dags/example_inlet_event_extra.py
[2024-08-27T16:12:09.154+0000] {processor.py:914} INFO - Processing file /home/ubuntu/myenv/lib/python3.12/site-packages/airflow/example_dags/example_inlet_event_extra.py for tasks to queue
[2024-08-27T16:12:09.156+0000] {logging_mixin.py:190} INFO - [2024-08-27T16:12:09.156+0000] {dagbag.py:587} INFO - Filling up the DagBag from /home/ubuntu/myenv/lib/python3.12/site-packages/airflow/example_dags/example_inlet_event_extra.py
[2024-08-27T16:12:09.170+0000] {processor.py:925} INFO - DAG(s) 'read_dataset_event_from_classic', 'read_dataset_event' retrieved from /home/ubuntu/myenv/lib/python3.12/site-packages/airflow/example_dags/example_inlet_event_extra.py
[2024-08-27T16:12:09.190+0000] {logging_mixin.py:190} INFO - [2024-08-27T16:12:09.189+0000] {dag.py:3211} INFO - Sync 2 DAGs
[2024-08-27T16:12:09.214+0000] {logging_mixin.py:190} INFO - [2024-08-27T16:12:09.214+0000] {dag.py:4138} INFO - Setting next_dagrun for read_dataset_event to 2024-08-26 00:00:00+00:00, run_after=2024-08-27 00:00:00+00:00
[2024-08-27T16:12:09.219+0000] {logging_mixin.py:190} INFO - [2024-08-27T16:12:09.219+0000] {dag.py:4138} INFO - Setting next_dagrun for read_dataset_event_from_classic to 2024-08-26 00:00:00+00:00, run_after=2024-08-27 00:00:00+00:00
[2024-08-27T16:12:09.241+0000] {processor.py:208} INFO - Processing /home/ubuntu/myenv/lib/python3.12/site-packages/airflow/example_dags/example_inlet_event_extra.py took 0.094 seconds
[2024-08-27T16:13:00.301+0000] {processor.py:186} INFO - Started process (PID=7944) to work on /home/ubuntu/myenv/lib/python3.12/site-packages/airflow/example_dags/example_inlet_event_extra.py
[2024-08-27T16:13:00.303+0000] {processor.py:914} INFO - Processing file /home/ubuntu/myenv/lib/python3.12/site-packages/airflow/example_dags/example_inlet_event_extra.py for tasks to queue
[2024-08-27T16:13:00.305+0000] {logging_mixin.py:190} INFO - [2024-08-27T16:13:00.305+0000] {dagbag.py:587} INFO - Filling up the DagBag from /home/ubuntu/myenv/lib/python3.12/site-packages/airflow/example_dags/example_inlet_event_extra.py
[2024-08-27T16:13:00.319+0000] {processor.py:925} INFO - DAG(s) 'read_dataset_event_from_classic', 'read_dataset_event' retrieved from /home/ubuntu/myenv/lib/python3.12/site-packages/airflow/example_dags/example_inlet_event_extra.py
[2024-08-27T16:13:00.338+0000] {logging_mixin.py:190} INFO - [2024-08-27T16:13:00.337+0000] {dag.py:3211} INFO - Sync 2 DAGs
[2024-08-27T16:13:00.362+0000] {logging_mixin.py:190} INFO - [2024-08-27T16:13:00.362+0000] {dag.py:4138} INFO - Setting next_dagrun for read_dataset_event to 2024-08-26 00:00:00+00:00, run_after=2024-08-27 00:00:00+00:00
[2024-08-27T16:13:00.367+0000] {logging_mixin.py:190} INFO - [2024-08-27T16:13:00.367+0000] {dag.py:4138} INFO - Setting next_dagrun for read_dataset_event_from_classic to 2024-08-26 00:00:00+00:00, run_after=2024-08-27 00:00:00+00:00
[2024-08-27T16:13:00.388+0000] {processor.py:208} INFO - Processing /home/ubuntu/myenv/lib/python3.12/site-packages/airflow/example_dags/example_inlet_event_extra.py took 0.092 seconds
