[2024-08-27T14:34:31.793+0000] {processor.py:186} INFO - Started process (PID=5532) to work on /home/ubuntu/myenv/lib/python3.12/site-packages/airflow/example_dags/example_sensor_decorator.py
[2024-08-27T14:34:31.794+0000] {processor.py:914} INFO - Processing file /home/ubuntu/myenv/lib/python3.12/site-packages/airflow/example_dags/example_sensor_decorator.py for tasks to queue
[2024-08-27T14:34:31.797+0000] {logging_mixin.py:190} INFO - [2024-08-27T14:34:31.796+0000] {dagbag.py:587} INFO - Filling up the DagBag from /home/ubuntu/myenv/lib/python3.12/site-packages/airflow/example_dags/example_sensor_decorator.py
[2024-08-27T14:34:31.806+0000] {processor.py:925} INFO - DAG(s) 'example_sensor_decorator' retrieved from /home/ubuntu/myenv/lib/python3.12/site-packages/airflow/example_dags/example_sensor_decorator.py
[2024-08-27T14:34:31.923+0000] {logging_mixin.py:190} INFO - [2024-08-27T14:34:31.923+0000] {override.py:1900} INFO - Created Permission View: can delete on DAG:example_sensor_decorator
[2024-08-27T14:34:31.936+0000] {logging_mixin.py:190} INFO - [2024-08-27T14:34:31.936+0000] {override.py:1900} INFO - Created Permission View: can edit on DAG:example_sensor_decorator
[2024-08-27T14:34:31.946+0000] {logging_mixin.py:190} INFO - [2024-08-27T14:34:31.946+0000] {override.py:1900} INFO - Created Permission View: can read on DAG:example_sensor_decorator
[2024-08-27T14:34:31.961+0000] {logging_mixin.py:190} INFO - [2024-08-27T14:34:31.960+0000] {override.py:1900} INFO - Created Permission View: can create on DAG Run:example_sensor_decorator
[2024-08-27T14:34:31.970+0000] {logging_mixin.py:190} INFO - [2024-08-27T14:34:31.970+0000] {override.py:1900} INFO - Created Permission View: menu access on DAG Run:example_sensor_decorator
[2024-08-27T14:34:31.979+0000] {logging_mixin.py:190} INFO - [2024-08-27T14:34:31.979+0000] {override.py:1900} INFO - Created Permission View: can delete on DAG Run:example_sensor_decorator
[2024-08-27T14:34:31.988+0000] {logging_mixin.py:190} INFO - [2024-08-27T14:34:31.988+0000] {override.py:1900} INFO - Created Permission View: can read on DAG Run:example_sensor_decorator
[2024-08-27T14:34:31.989+0000] {logging_mixin.py:190} INFO - [2024-08-27T14:34:31.988+0000] {dag.py:3211} INFO - Sync 1 DAGs
[2024-08-27T14:34:32.002+0000] {logging_mixin.py:190} INFO - [2024-08-27T14:34:32.002+0000] {dag.py:3234} INFO - Creating ORM DAG for example_sensor_decorator
[2024-08-27T14:34:32.003+0000] {logging_mixin.py:190} INFO - [2024-08-27T14:34:32.003+0000] {dag.py:4138} INFO - Setting next_dagrun for example_sensor_decorator to None, run_after=None
[2024-08-27T14:34:32.025+0000] {processor.py:208} INFO - Processing /home/ubuntu/myenv/lib/python3.12/site-packages/airflow/example_dags/example_sensor_decorator.py took 0.238 seconds
[2024-08-27T14:35:36.349+0000] {processor.py:186} INFO - Started process (PID=5598) to work on /home/ubuntu/myenv/lib/python3.12/site-packages/airflow/example_dags/example_sensor_decorator.py
[2024-08-27T14:35:36.350+0000] {processor.py:914} INFO - Processing file /home/ubuntu/myenv/lib/python3.12/site-packages/airflow/example_dags/example_sensor_decorator.py for tasks to queue
[2024-08-27T14:35:36.353+0000] {logging_mixin.py:190} INFO - [2024-08-27T14:35:36.352+0000] {dagbag.py:587} INFO - Filling up the DagBag from /home/ubuntu/myenv/lib/python3.12/site-packages/airflow/example_dags/example_sensor_decorator.py
[2024-08-27T14:35:36.362+0000] {processor.py:925} INFO - DAG(s) 'example_sensor_decorator' retrieved from /home/ubuntu/myenv/lib/python3.12/site-packages/airflow/example_dags/example_sensor_decorator.py
[2024-08-27T14:35:36.379+0000] {logging_mixin.py:190} INFO - [2024-08-27T14:35:36.379+0000] {dag.py:3211} INFO - Sync 1 DAGs
[2024-08-27T14:35:36.394+0000] {logging_mixin.py:190} INFO - [2024-08-27T14:35:36.394+0000] {dag.py:4138} INFO - Setting next_dagrun for example_sensor_decorator to None, run_after=None
[2024-08-27T14:35:36.418+0000] {processor.py:208} INFO - Processing /home/ubuntu/myenv/lib/python3.12/site-packages/airflow/example_dags/example_sensor_decorator.py took 0.075 seconds
[2024-08-27T14:36:30.338+0000] {processor.py:186} INFO - Started process (PID=5670) to work on /home/ubuntu/myenv/lib/python3.12/site-packages/airflow/example_dags/example_sensor_decorator.py
[2024-08-27T14:36:30.340+0000] {processor.py:914} INFO - Processing file /home/ubuntu/myenv/lib/python3.12/site-packages/airflow/example_dags/example_sensor_decorator.py for tasks to queue
[2024-08-27T14:36:30.342+0000] {logging_mixin.py:190} INFO - [2024-08-27T14:36:30.342+0000] {dagbag.py:587} INFO - Filling up the DagBag from /home/ubuntu/myenv/lib/python3.12/site-packages/airflow/example_dags/example_sensor_decorator.py
[2024-08-27T14:36:30.351+0000] {processor.py:925} INFO - DAG(s) 'example_sensor_decorator' retrieved from /home/ubuntu/myenv/lib/python3.12/site-packages/airflow/example_dags/example_sensor_decorator.py
[2024-08-27T14:36:30.368+0000] {logging_mixin.py:190} INFO - [2024-08-27T14:36:30.368+0000] {dag.py:3211} INFO - Sync 1 DAGs
[2024-08-27T14:36:30.381+0000] {logging_mixin.py:190} INFO - [2024-08-27T14:36:30.381+0000] {dag.py:4138} INFO - Setting next_dagrun for example_sensor_decorator to None, run_after=None
[2024-08-27T14:36:30.403+0000] {processor.py:208} INFO - Processing /home/ubuntu/myenv/lib/python3.12/site-packages/airflow/example_dags/example_sensor_decorator.py took 0.071 seconds
[2024-08-27T14:37:28.175+0000] {processor.py:186} INFO - Started process (PID=5749) to work on /home/ubuntu/myenv/lib/python3.12/site-packages/airflow/example_dags/example_sensor_decorator.py
[2024-08-27T14:37:28.177+0000] {processor.py:914} INFO - Processing file /home/ubuntu/myenv/lib/python3.12/site-packages/airflow/example_dags/example_sensor_decorator.py for tasks to queue
[2024-08-27T14:37:28.179+0000] {logging_mixin.py:190} INFO - [2024-08-27T14:37:28.179+0000] {dagbag.py:587} INFO - Filling up the DagBag from /home/ubuntu/myenv/lib/python3.12/site-packages/airflow/example_dags/example_sensor_decorator.py
[2024-08-27T14:37:28.189+0000] {processor.py:925} INFO - DAG(s) 'example_sensor_decorator' retrieved from /home/ubuntu/myenv/lib/python3.12/site-packages/airflow/example_dags/example_sensor_decorator.py
[2024-08-27T14:37:28.206+0000] {logging_mixin.py:190} INFO - [2024-08-27T14:37:28.206+0000] {dag.py:3211} INFO - Sync 1 DAGs
[2024-08-27T14:37:28.220+0000] {logging_mixin.py:190} INFO - [2024-08-27T14:37:28.220+0000] {dag.py:4138} INFO - Setting next_dagrun for example_sensor_decorator to None, run_after=None
[2024-08-27T14:37:28.243+0000] {processor.py:208} INFO - Processing /home/ubuntu/myenv/lib/python3.12/site-packages/airflow/example_dags/example_sensor_decorator.py took 0.073 seconds
[2024-08-27T14:38:17.502+0000] {processor.py:186} INFO - Started process (PID=5814) to work on /home/ubuntu/myenv/lib/python3.12/site-packages/airflow/example_dags/example_sensor_decorator.py
[2024-08-27T14:38:17.504+0000] {processor.py:914} INFO - Processing file /home/ubuntu/myenv/lib/python3.12/site-packages/airflow/example_dags/example_sensor_decorator.py for tasks to queue
[2024-08-27T14:38:17.506+0000] {logging_mixin.py:190} INFO - [2024-08-27T14:38:17.505+0000] {dagbag.py:587} INFO - Filling up the DagBag from /home/ubuntu/myenv/lib/python3.12/site-packages/airflow/example_dags/example_sensor_decorator.py
[2024-08-27T14:38:17.515+0000] {processor.py:925} INFO - DAG(s) 'example_sensor_decorator' retrieved from /home/ubuntu/myenv/lib/python3.12/site-packages/airflow/example_dags/example_sensor_decorator.py
[2024-08-27T14:38:17.532+0000] {logging_mixin.py:190} INFO - [2024-08-27T14:38:17.532+0000] {dag.py:3211} INFO - Sync 1 DAGs
[2024-08-27T14:38:17.546+0000] {logging_mixin.py:190} INFO - [2024-08-27T14:38:17.545+0000] {dag.py:4138} INFO - Setting next_dagrun for example_sensor_decorator to None, run_after=None
[2024-08-27T14:38:17.569+0000] {processor.py:208} INFO - Processing /home/ubuntu/myenv/lib/python3.12/site-packages/airflow/example_dags/example_sensor_decorator.py took 0.073 seconds
[2024-08-27T14:39:26.183+0000] {processor.py:186} INFO - Started process (PID=5896) to work on /home/ubuntu/myenv/lib/python3.12/site-packages/airflow/example_dags/example_sensor_decorator.py
[2024-08-27T14:39:26.185+0000] {processor.py:914} INFO - Processing file /home/ubuntu/myenv/lib/python3.12/site-packages/airflow/example_dags/example_sensor_decorator.py for tasks to queue
[2024-08-27T14:39:26.188+0000] {logging_mixin.py:190} INFO - [2024-08-27T14:39:26.187+0000] {dagbag.py:587} INFO - Filling up the DagBag from /home/ubuntu/myenv/lib/python3.12/site-packages/airflow/example_dags/example_sensor_decorator.py
[2024-08-27T14:39:26.197+0000] {processor.py:925} INFO - DAG(s) 'example_sensor_decorator' retrieved from /home/ubuntu/myenv/lib/python3.12/site-packages/airflow/example_dags/example_sensor_decorator.py
[2024-08-27T14:39:26.215+0000] {logging_mixin.py:190} INFO - [2024-08-27T14:39:26.215+0000] {dag.py:3211} INFO - Sync 1 DAGs
[2024-08-27T14:39:26.230+0000] {logging_mixin.py:190} INFO - [2024-08-27T14:39:26.229+0000] {dag.py:4138} INFO - Setting next_dagrun for example_sensor_decorator to None, run_after=None
[2024-08-27T14:39:26.256+0000] {processor.py:208} INFO - Processing /home/ubuntu/myenv/lib/python3.12/site-packages/airflow/example_dags/example_sensor_decorator.py took 0.079 seconds
[2024-08-27T14:40:20.155+0000] {processor.py:186} INFO - Started process (PID=5967) to work on /home/ubuntu/myenv/lib/python3.12/site-packages/airflow/example_dags/example_sensor_decorator.py
[2024-08-27T14:40:20.157+0000] {processor.py:914} INFO - Processing file /home/ubuntu/myenv/lib/python3.12/site-packages/airflow/example_dags/example_sensor_decorator.py for tasks to queue
[2024-08-27T14:40:20.159+0000] {logging_mixin.py:190} INFO - [2024-08-27T14:40:20.158+0000] {dagbag.py:587} INFO - Filling up the DagBag from /home/ubuntu/myenv/lib/python3.12/site-packages/airflow/example_dags/example_sensor_decorator.py
[2024-08-27T14:40:20.168+0000] {processor.py:925} INFO - DAG(s) 'example_sensor_decorator' retrieved from /home/ubuntu/myenv/lib/python3.12/site-packages/airflow/example_dags/example_sensor_decorator.py
[2024-08-27T14:40:20.186+0000] {logging_mixin.py:190} INFO - [2024-08-27T14:40:20.185+0000] {dag.py:3211} INFO - Sync 1 DAGs
[2024-08-27T14:40:20.200+0000] {logging_mixin.py:190} INFO - [2024-08-27T14:40:20.200+0000] {dag.py:4138} INFO - Setting next_dagrun for example_sensor_decorator to None, run_after=None
[2024-08-27T14:40:20.223+0000] {processor.py:208} INFO - Processing /home/ubuntu/myenv/lib/python3.12/site-packages/airflow/example_dags/example_sensor_decorator.py took 0.075 seconds
[2024-08-27T14:41:09.728+0000] {processor.py:186} INFO - Started process (PID=6019) to work on /home/ubuntu/myenv/lib/python3.12/site-packages/airflow/example_dags/example_sensor_decorator.py
[2024-08-27T14:41:09.729+0000] {processor.py:914} INFO - Processing file /home/ubuntu/myenv/lib/python3.12/site-packages/airflow/example_dags/example_sensor_decorator.py for tasks to queue
[2024-08-27T14:41:09.732+0000] {logging_mixin.py:190} INFO - [2024-08-27T14:41:09.731+0000] {dagbag.py:587} INFO - Filling up the DagBag from /home/ubuntu/myenv/lib/python3.12/site-packages/airflow/example_dags/example_sensor_decorator.py
[2024-08-27T14:41:09.742+0000] {processor.py:925} INFO - DAG(s) 'example_sensor_decorator' retrieved from /home/ubuntu/myenv/lib/python3.12/site-packages/airflow/example_dags/example_sensor_decorator.py
[2024-08-27T14:41:09.760+0000] {logging_mixin.py:190} INFO - [2024-08-27T14:41:09.759+0000] {dag.py:3211} INFO - Sync 1 DAGs
[2024-08-27T14:41:09.774+0000] {logging_mixin.py:190} INFO - [2024-08-27T14:41:09.774+0000] {dag.py:4138} INFO - Setting next_dagrun for example_sensor_decorator to None, run_after=None
[2024-08-27T14:41:09.798+0000] {processor.py:208} INFO - Processing /home/ubuntu/myenv/lib/python3.12/site-packages/airflow/example_dags/example_sensor_decorator.py took 0.077 seconds
[2024-08-27T14:42:00.068+0000] {processor.py:186} INFO - Started process (PID=6069) to work on /home/ubuntu/myenv/lib/python3.12/site-packages/airflow/example_dags/example_sensor_decorator.py
[2024-08-27T14:42:00.069+0000] {processor.py:914} INFO - Processing file /home/ubuntu/myenv/lib/python3.12/site-packages/airflow/example_dags/example_sensor_decorator.py for tasks to queue
[2024-08-27T14:42:00.072+0000] {logging_mixin.py:190} INFO - [2024-08-27T14:42:00.071+0000] {dagbag.py:587} INFO - Filling up the DagBag from /home/ubuntu/myenv/lib/python3.12/site-packages/airflow/example_dags/example_sensor_decorator.py
[2024-08-27T14:42:00.081+0000] {processor.py:925} INFO - DAG(s) 'example_sensor_decorator' retrieved from /home/ubuntu/myenv/lib/python3.12/site-packages/airflow/example_dags/example_sensor_decorator.py
[2024-08-27T14:42:00.099+0000] {logging_mixin.py:190} INFO - [2024-08-27T14:42:00.099+0000] {dag.py:3211} INFO - Sync 1 DAGs
[2024-08-27T14:42:00.114+0000] {logging_mixin.py:190} INFO - [2024-08-27T14:42:00.114+0000] {dag.py:4138} INFO - Setting next_dagrun for example_sensor_decorator to None, run_after=None
[2024-08-27T14:42:00.137+0000] {processor.py:208} INFO - Processing /home/ubuntu/myenv/lib/python3.12/site-packages/airflow/example_dags/example_sensor_decorator.py took 0.076 seconds
[2024-08-27T14:42:50.931+0000] {processor.py:186} INFO - Started process (PID=6121) to work on /home/ubuntu/myenv/lib/python3.12/site-packages/airflow/example_dags/example_sensor_decorator.py
[2024-08-27T14:42:50.933+0000] {processor.py:914} INFO - Processing file /home/ubuntu/myenv/lib/python3.12/site-packages/airflow/example_dags/example_sensor_decorator.py for tasks to queue
[2024-08-27T14:42:50.935+0000] {logging_mixin.py:190} INFO - [2024-08-27T14:42:50.935+0000] {dagbag.py:587} INFO - Filling up the DagBag from /home/ubuntu/myenv/lib/python3.12/site-packages/airflow/example_dags/example_sensor_decorator.py
[2024-08-27T14:42:50.945+0000] {processor.py:925} INFO - DAG(s) 'example_sensor_decorator' retrieved from /home/ubuntu/myenv/lib/python3.12/site-packages/airflow/example_dags/example_sensor_decorator.py
[2024-08-27T14:42:50.962+0000] {logging_mixin.py:190} INFO - [2024-08-27T14:42:50.962+0000] {dag.py:3211} INFO - Sync 1 DAGs
[2024-08-27T14:42:50.976+0000] {logging_mixin.py:190} INFO - [2024-08-27T14:42:50.976+0000] {dag.py:4138} INFO - Setting next_dagrun for example_sensor_decorator to None, run_after=None
[2024-08-27T14:42:50.999+0000] {processor.py:208} INFO - Processing /home/ubuntu/myenv/lib/python3.12/site-packages/airflow/example_dags/example_sensor_decorator.py took 0.074 seconds
[2024-08-27T14:43:40.603+0000] {processor.py:186} INFO - Started process (PID=6173) to work on /home/ubuntu/myenv/lib/python3.12/site-packages/airflow/example_dags/example_sensor_decorator.py
[2024-08-27T14:43:40.604+0000] {processor.py:914} INFO - Processing file /home/ubuntu/myenv/lib/python3.12/site-packages/airflow/example_dags/example_sensor_decorator.py for tasks to queue
[2024-08-27T14:43:40.607+0000] {logging_mixin.py:190} INFO - [2024-08-27T14:43:40.606+0000] {dagbag.py:587} INFO - Filling up the DagBag from /home/ubuntu/myenv/lib/python3.12/site-packages/airflow/example_dags/example_sensor_decorator.py
[2024-08-27T14:43:40.616+0000] {processor.py:925} INFO - DAG(s) 'example_sensor_decorator' retrieved from /home/ubuntu/myenv/lib/python3.12/site-packages/airflow/example_dags/example_sensor_decorator.py
[2024-08-27T14:43:40.634+0000] {logging_mixin.py:190} INFO - [2024-08-27T14:43:40.633+0000] {dag.py:3211} INFO - Sync 1 DAGs
[2024-08-27T14:43:40.648+0000] {logging_mixin.py:190} INFO - [2024-08-27T14:43:40.648+0000] {dag.py:4138} INFO - Setting next_dagrun for example_sensor_decorator to None, run_after=None
[2024-08-27T14:43:40.670+0000] {processor.py:208} INFO - Processing /home/ubuntu/myenv/lib/python3.12/site-packages/airflow/example_dags/example_sensor_decorator.py took 0.074 seconds
[2024-08-27T14:44:30.919+0000] {processor.py:186} INFO - Started process (PID=6226) to work on /home/ubuntu/myenv/lib/python3.12/site-packages/airflow/example_dags/example_sensor_decorator.py
[2024-08-27T14:44:30.921+0000] {processor.py:914} INFO - Processing file /home/ubuntu/myenv/lib/python3.12/site-packages/airflow/example_dags/example_sensor_decorator.py for tasks to queue
[2024-08-27T14:44:30.923+0000] {logging_mixin.py:190} INFO - [2024-08-27T14:44:30.923+0000] {dagbag.py:587} INFO - Filling up the DagBag from /home/ubuntu/myenv/lib/python3.12/site-packages/airflow/example_dags/example_sensor_decorator.py
[2024-08-27T14:44:30.933+0000] {processor.py:925} INFO - DAG(s) 'example_sensor_decorator' retrieved from /home/ubuntu/myenv/lib/python3.12/site-packages/airflow/example_dags/example_sensor_decorator.py
[2024-08-27T14:44:30.951+0000] {logging_mixin.py:190} INFO - [2024-08-27T14:44:30.951+0000] {dag.py:3211} INFO - Sync 1 DAGs
[2024-08-27T14:44:30.966+0000] {logging_mixin.py:190} INFO - [2024-08-27T14:44:30.966+0000] {dag.py:4138} INFO - Setting next_dagrun for example_sensor_decorator to None, run_after=None
[2024-08-27T14:44:30.989+0000] {processor.py:208} INFO - Processing /home/ubuntu/myenv/lib/python3.12/site-packages/airflow/example_dags/example_sensor_decorator.py took 0.077 seconds
[2024-08-27T14:45:22.082+0000] {processor.py:186} INFO - Started process (PID=6280) to work on /home/ubuntu/myenv/lib/python3.12/site-packages/airflow/example_dags/example_sensor_decorator.py
[2024-08-27T14:45:22.084+0000] {processor.py:914} INFO - Processing file /home/ubuntu/myenv/lib/python3.12/site-packages/airflow/example_dags/example_sensor_decorator.py for tasks to queue
[2024-08-27T14:45:22.086+0000] {logging_mixin.py:190} INFO - [2024-08-27T14:45:22.086+0000] {dagbag.py:587} INFO - Filling up the DagBag from /home/ubuntu/myenv/lib/python3.12/site-packages/airflow/example_dags/example_sensor_decorator.py
[2024-08-27T14:45:22.096+0000] {processor.py:925} INFO - DAG(s) 'example_sensor_decorator' retrieved from /home/ubuntu/myenv/lib/python3.12/site-packages/airflow/example_dags/example_sensor_decorator.py
[2024-08-27T14:45:22.113+0000] {logging_mixin.py:190} INFO - [2024-08-27T14:45:22.113+0000] {dag.py:3211} INFO - Sync 1 DAGs
[2024-08-27T14:45:22.128+0000] {logging_mixin.py:190} INFO - [2024-08-27T14:45:22.127+0000] {dag.py:4138} INFO - Setting next_dagrun for example_sensor_decorator to None, run_after=None
[2024-08-27T14:45:22.151+0000] {processor.py:208} INFO - Processing /home/ubuntu/myenv/lib/python3.12/site-packages/airflow/example_dags/example_sensor_decorator.py took 0.075 seconds
[2024-08-27T14:46:12.807+0000] {processor.py:186} INFO - Started process (PID=6335) to work on /home/ubuntu/myenv/lib/python3.12/site-packages/airflow/example_dags/example_sensor_decorator.py
[2024-08-27T14:46:12.809+0000] {processor.py:914} INFO - Processing file /home/ubuntu/myenv/lib/python3.12/site-packages/airflow/example_dags/example_sensor_decorator.py for tasks to queue
[2024-08-27T14:46:12.811+0000] {logging_mixin.py:190} INFO - [2024-08-27T14:46:12.811+0000] {dagbag.py:587} INFO - Filling up the DagBag from /home/ubuntu/myenv/lib/python3.12/site-packages/airflow/example_dags/example_sensor_decorator.py
[2024-08-27T14:46:12.821+0000] {processor.py:925} INFO - DAG(s) 'example_sensor_decorator' retrieved from /home/ubuntu/myenv/lib/python3.12/site-packages/airflow/example_dags/example_sensor_decorator.py
[2024-08-27T14:46:12.838+0000] {logging_mixin.py:190} INFO - [2024-08-27T14:46:12.838+0000] {dag.py:3211} INFO - Sync 1 DAGs
[2024-08-27T14:46:12.852+0000] {logging_mixin.py:190} INFO - [2024-08-27T14:46:12.851+0000] {dag.py:4138} INFO - Setting next_dagrun for example_sensor_decorator to None, run_after=None
[2024-08-27T14:46:12.876+0000] {processor.py:208} INFO - Processing /home/ubuntu/myenv/lib/python3.12/site-packages/airflow/example_dags/example_sensor_decorator.py took 0.075 seconds
[2024-08-27T14:46:59.305+0000] {processor.py:186} INFO - Started process (PID=6383) to work on /home/ubuntu/myenv/lib/python3.12/site-packages/airflow/example_dags/example_sensor_decorator.py
[2024-08-27T14:46:59.306+0000] {processor.py:914} INFO - Processing file /home/ubuntu/myenv/lib/python3.12/site-packages/airflow/example_dags/example_sensor_decorator.py for tasks to queue
[2024-08-27T14:46:59.308+0000] {logging_mixin.py:190} INFO - [2024-08-27T14:46:59.308+0000] {dagbag.py:587} INFO - Filling up the DagBag from /home/ubuntu/myenv/lib/python3.12/site-packages/airflow/example_dags/example_sensor_decorator.py
[2024-08-27T14:46:59.318+0000] {processor.py:925} INFO - DAG(s) 'example_sensor_decorator' retrieved from /home/ubuntu/myenv/lib/python3.12/site-packages/airflow/example_dags/example_sensor_decorator.py
[2024-08-27T14:46:59.335+0000] {logging_mixin.py:190} INFO - [2024-08-27T14:46:59.335+0000] {dag.py:3211} INFO - Sync 1 DAGs
[2024-08-27T14:46:59.350+0000] {logging_mixin.py:190} INFO - [2024-08-27T14:46:59.349+0000] {dag.py:4138} INFO - Setting next_dagrun for example_sensor_decorator to None, run_after=None
[2024-08-27T14:46:59.372+0000] {processor.py:208} INFO - Processing /home/ubuntu/myenv/lib/python3.12/site-packages/airflow/example_dags/example_sensor_decorator.py took 0.073 seconds
[2024-08-27T14:47:50.320+0000] {processor.py:186} INFO - Started process (PID=6436) to work on /home/ubuntu/myenv/lib/python3.12/site-packages/airflow/example_dags/example_sensor_decorator.py
[2024-08-27T14:47:50.321+0000] {processor.py:914} INFO - Processing file /home/ubuntu/myenv/lib/python3.12/site-packages/airflow/example_dags/example_sensor_decorator.py for tasks to queue
[2024-08-27T14:47:50.324+0000] {logging_mixin.py:190} INFO - [2024-08-27T14:47:50.323+0000] {dagbag.py:587} INFO - Filling up the DagBag from /home/ubuntu/myenv/lib/python3.12/site-packages/airflow/example_dags/example_sensor_decorator.py
[2024-08-27T14:47:50.333+0000] {processor.py:925} INFO - DAG(s) 'example_sensor_decorator' retrieved from /home/ubuntu/myenv/lib/python3.12/site-packages/airflow/example_dags/example_sensor_decorator.py
[2024-08-27T14:47:50.351+0000] {logging_mixin.py:190} INFO - [2024-08-27T14:47:50.350+0000] {dag.py:3211} INFO - Sync 1 DAGs
[2024-08-27T14:47:50.364+0000] {logging_mixin.py:190} INFO - [2024-08-27T14:47:50.364+0000] {dag.py:4138} INFO - Setting next_dagrun for example_sensor_decorator to None, run_after=None
[2024-08-27T14:47:50.388+0000] {processor.py:208} INFO - Processing /home/ubuntu/myenv/lib/python3.12/site-packages/airflow/example_dags/example_sensor_decorator.py took 0.075 seconds
[2024-08-27T14:48:40.517+0000] {processor.py:186} INFO - Started process (PID=6492) to work on /home/ubuntu/myenv/lib/python3.12/site-packages/airflow/example_dags/example_sensor_decorator.py
[2024-08-27T14:48:40.519+0000] {processor.py:914} INFO - Processing file /home/ubuntu/myenv/lib/python3.12/site-packages/airflow/example_dags/example_sensor_decorator.py for tasks to queue
[2024-08-27T14:48:40.521+0000] {logging_mixin.py:190} INFO - [2024-08-27T14:48:40.520+0000] {dagbag.py:587} INFO - Filling up the DagBag from /home/ubuntu/myenv/lib/python3.12/site-packages/airflow/example_dags/example_sensor_decorator.py
[2024-08-27T14:48:40.530+0000] {processor.py:925} INFO - DAG(s) 'example_sensor_decorator' retrieved from /home/ubuntu/myenv/lib/python3.12/site-packages/airflow/example_dags/example_sensor_decorator.py
[2024-08-27T14:48:40.547+0000] {logging_mixin.py:190} INFO - [2024-08-27T14:48:40.547+0000] {dag.py:3211} INFO - Sync 1 DAGs
[2024-08-27T14:48:40.561+0000] {logging_mixin.py:190} INFO - [2024-08-27T14:48:40.561+0000] {dag.py:4138} INFO - Setting next_dagrun for example_sensor_decorator to None, run_after=None
[2024-08-27T14:48:40.585+0000] {processor.py:208} INFO - Processing /home/ubuntu/myenv/lib/python3.12/site-packages/airflow/example_dags/example_sensor_decorator.py took 0.074 seconds
[2024-08-27T14:49:33.082+0000] {processor.py:186} INFO - Started process (PID=6546) to work on /home/ubuntu/myenv/lib/python3.12/site-packages/airflow/example_dags/example_sensor_decorator.py
[2024-08-27T14:49:33.084+0000] {processor.py:914} INFO - Processing file /home/ubuntu/myenv/lib/python3.12/site-packages/airflow/example_dags/example_sensor_decorator.py for tasks to queue
[2024-08-27T14:49:33.086+0000] {logging_mixin.py:190} INFO - [2024-08-27T14:49:33.086+0000] {dagbag.py:587} INFO - Filling up the DagBag from /home/ubuntu/myenv/lib/python3.12/site-packages/airflow/example_dags/example_sensor_decorator.py
[2024-08-27T14:49:33.096+0000] {processor.py:925} INFO - DAG(s) 'example_sensor_decorator' retrieved from /home/ubuntu/myenv/lib/python3.12/site-packages/airflow/example_dags/example_sensor_decorator.py
[2024-08-27T14:49:33.114+0000] {logging_mixin.py:190} INFO - [2024-08-27T14:49:33.114+0000] {dag.py:3211} INFO - Sync 1 DAGs
[2024-08-27T14:49:33.128+0000] {logging_mixin.py:190} INFO - [2024-08-27T14:49:33.128+0000] {dag.py:4138} INFO - Setting next_dagrun for example_sensor_decorator to None, run_after=None
[2024-08-27T14:49:33.151+0000] {processor.py:208} INFO - Processing /home/ubuntu/myenv/lib/python3.12/site-packages/airflow/example_dags/example_sensor_decorator.py took 0.075 seconds
[2024-08-27T16:10:05.118+0000] {processor.py:186} INFO - Started process (PID=7610) to work on /home/ubuntu/myenv/lib/python3.12/site-packages/airflow/example_dags/example_sensor_decorator.py
[2024-08-27T16:10:05.120+0000] {processor.py:914} INFO - Processing file /home/ubuntu/myenv/lib/python3.12/site-packages/airflow/example_dags/example_sensor_decorator.py for tasks to queue
[2024-08-27T16:10:05.123+0000] {logging_mixin.py:190} INFO - [2024-08-27T16:10:05.122+0000] {dagbag.py:587} INFO - Filling up the DagBag from /home/ubuntu/myenv/lib/python3.12/site-packages/airflow/example_dags/example_sensor_decorator.py
[2024-08-27T16:10:05.132+0000] {processor.py:925} INFO - DAG(s) 'example_sensor_decorator' retrieved from /home/ubuntu/myenv/lib/python3.12/site-packages/airflow/example_dags/example_sensor_decorator.py
[2024-08-27T16:10:05.152+0000] {logging_mixin.py:190} INFO - [2024-08-27T16:10:05.152+0000] {dag.py:3211} INFO - Sync 1 DAGs
[2024-08-27T16:10:05.168+0000] {logging_mixin.py:190} INFO - [2024-08-27T16:10:05.167+0000] {dag.py:4138} INFO - Setting next_dagrun for example_sensor_decorator to None, run_after=None
[2024-08-27T16:10:05.193+0000] {processor.py:208} INFO - Processing /home/ubuntu/myenv/lib/python3.12/site-packages/airflow/example_dags/example_sensor_decorator.py took 0.081 seconds
[2024-08-27T16:11:00.855+0000] {processor.py:186} INFO - Started process (PID=7708) to work on /home/ubuntu/myenv/lib/python3.12/site-packages/airflow/example_dags/example_sensor_decorator.py
[2024-08-27T16:11:00.857+0000] {processor.py:914} INFO - Processing file /home/ubuntu/myenv/lib/python3.12/site-packages/airflow/example_dags/example_sensor_decorator.py for tasks to queue
[2024-08-27T16:11:00.859+0000] {logging_mixin.py:190} INFO - [2024-08-27T16:11:00.859+0000] {dagbag.py:587} INFO - Filling up the DagBag from /home/ubuntu/myenv/lib/python3.12/site-packages/airflow/example_dags/example_sensor_decorator.py
[2024-08-27T16:11:00.868+0000] {processor.py:925} INFO - DAG(s) 'example_sensor_decorator' retrieved from /home/ubuntu/myenv/lib/python3.12/site-packages/airflow/example_dags/example_sensor_decorator.py
[2024-08-27T16:11:00.885+0000] {logging_mixin.py:190} INFO - [2024-08-27T16:11:00.885+0000] {dag.py:3211} INFO - Sync 1 DAGs
[2024-08-27T16:11:00.900+0000] {logging_mixin.py:190} INFO - [2024-08-27T16:11:00.900+0000] {dag.py:4138} INFO - Setting next_dagrun for example_sensor_decorator to None, run_after=None
[2024-08-27T16:11:00.924+0000] {processor.py:208} INFO - Processing /home/ubuntu/myenv/lib/python3.12/site-packages/airflow/example_dags/example_sensor_decorator.py took 0.075 seconds
[2024-08-27T16:11:55.314+0000] {processor.py:186} INFO - Started process (PID=7839) to work on /home/ubuntu/myenv/lib/python3.12/site-packages/airflow/example_dags/example_sensor_decorator.py
[2024-08-27T16:11:55.315+0000] {processor.py:914} INFO - Processing file /home/ubuntu/myenv/lib/python3.12/site-packages/airflow/example_dags/example_sensor_decorator.py for tasks to queue
[2024-08-27T16:11:55.318+0000] {logging_mixin.py:190} INFO - [2024-08-27T16:11:55.317+0000] {dagbag.py:587} INFO - Filling up the DagBag from /home/ubuntu/myenv/lib/python3.12/site-packages/airflow/example_dags/example_sensor_decorator.py
[2024-08-27T16:11:55.327+0000] {processor.py:925} INFO - DAG(s) 'example_sensor_decorator' retrieved from /home/ubuntu/myenv/lib/python3.12/site-packages/airflow/example_dags/example_sensor_decorator.py
[2024-08-27T16:11:55.345+0000] {logging_mixin.py:190} INFO - [2024-08-27T16:11:55.344+0000] {dag.py:3211} INFO - Sync 1 DAGs
[2024-08-27T16:11:55.358+0000] {logging_mixin.py:190} INFO - [2024-08-27T16:11:55.358+0000] {dag.py:4138} INFO - Setting next_dagrun for example_sensor_decorator to None, run_after=None
[2024-08-27T16:11:55.382+0000] {processor.py:208} INFO - Processing /home/ubuntu/myenv/lib/python3.12/site-packages/airflow/example_dags/example_sensor_decorator.py took 0.074 seconds
[2024-08-27T16:12:46.130+0000] {processor.py:186} INFO - Started process (PID=7929) to work on /home/ubuntu/myenv/lib/python3.12/site-packages/airflow/example_dags/example_sensor_decorator.py
[2024-08-27T16:12:46.131+0000] {processor.py:914} INFO - Processing file /home/ubuntu/myenv/lib/python3.12/site-packages/airflow/example_dags/example_sensor_decorator.py for tasks to queue
[2024-08-27T16:12:46.134+0000] {logging_mixin.py:190} INFO - [2024-08-27T16:12:46.133+0000] {dagbag.py:587} INFO - Filling up the DagBag from /home/ubuntu/myenv/lib/python3.12/site-packages/airflow/example_dags/example_sensor_decorator.py
[2024-08-27T16:12:46.143+0000] {processor.py:925} INFO - DAG(s) 'example_sensor_decorator' retrieved from /home/ubuntu/myenv/lib/python3.12/site-packages/airflow/example_dags/example_sensor_decorator.py
[2024-08-27T16:12:46.161+0000] {logging_mixin.py:190} INFO - [2024-08-27T16:12:46.160+0000] {dag.py:3211} INFO - Sync 1 DAGs
[2024-08-27T16:12:46.175+0000] {logging_mixin.py:190} INFO - [2024-08-27T16:12:46.174+0000] {dag.py:4138} INFO - Setting next_dagrun for example_sensor_decorator to None, run_after=None
[2024-08-27T16:12:46.197+0000] {processor.py:208} INFO - Processing /home/ubuntu/myenv/lib/python3.12/site-packages/airflow/example_dags/example_sensor_decorator.py took 0.074 seconds
[2024-08-27T16:13:39.155+0000] {processor.py:186} INFO - Started process (PID=7988) to work on /home/ubuntu/myenv/lib/python3.12/site-packages/airflow/example_dags/example_sensor_decorator.py
[2024-08-27T16:13:39.157+0000] {processor.py:914} INFO - Processing file /home/ubuntu/myenv/lib/python3.12/site-packages/airflow/example_dags/example_sensor_decorator.py for tasks to queue
[2024-08-27T16:13:39.159+0000] {logging_mixin.py:190} INFO - [2024-08-27T16:13:39.159+0000] {dagbag.py:587} INFO - Filling up the DagBag from /home/ubuntu/myenv/lib/python3.12/site-packages/airflow/example_dags/example_sensor_decorator.py
[2024-08-27T16:13:39.169+0000] {processor.py:925} INFO - DAG(s) 'example_sensor_decorator' retrieved from /home/ubuntu/myenv/lib/python3.12/site-packages/airflow/example_dags/example_sensor_decorator.py
[2024-08-27T16:13:39.187+0000] {logging_mixin.py:190} INFO - [2024-08-27T16:13:39.186+0000] {dag.py:3211} INFO - Sync 1 DAGs
[2024-08-27T16:13:39.201+0000] {logging_mixin.py:190} INFO - [2024-08-27T16:13:39.201+0000] {dag.py:4138} INFO - Setting next_dagrun for example_sensor_decorator to None, run_after=None
[2024-08-27T16:13:39.226+0000] {processor.py:208} INFO - Processing /home/ubuntu/myenv/lib/python3.12/site-packages/airflow/example_dags/example_sensor_decorator.py took 0.077 seconds
