[2024-08-27T14:34:49.727+0000] {processor.py:186} INFO - Started process (PID=5547) to work on /home/ubuntu/myenv/lib/python3.12/site-packages/airflow/example_dags/example_datasets.py
[2024-08-27T14:34:49.728+0000] {processor.py:914} INFO - Processing file /home/ubuntu/myenv/lib/python3.12/site-packages/airflow/example_dags/example_datasets.py for tasks to queue
[2024-08-27T14:34:49.730+0000] {logging_mixin.py:190} INFO - [2024-08-27T14:34:49.729+0000] {dagbag.py:587} INFO - Filling up the DagBag from /home/ubuntu/myenv/lib/python3.12/site-packages/airflow/example_dags/example_datasets.py
[2024-08-27T14:34:49.747+0000] {processor.py:925} INFO - DAG(s) 'consume_1_or_2_with_dataset_expressions', 'consume_1_and_2_with_dataset_expressions', 'dataset_consumes_1', 'dataset_produces_1', 'consume_1_or_both_2_and_3_with_dataset_expressions', 'dataset_consumes_1_never_scheduled', 'dataset_consumes_unknown_never_scheduled', 'dataset_consumes_1_and_2', 'dataset_produces_2', 'conditional_dataset_and_time_based_timetable' retrieved from /home/ubuntu/myenv/lib/python3.12/site-packages/airflow/example_dags/example_datasets.py
[2024-08-27T14:34:49.864+0000] {logging_mixin.py:190} INFO - [2024-08-27T14:34:49.863+0000] {override.py:1900} INFO - Created Permission View: can delete on DAG:consume_1_or_2_with_dataset_expressions
[2024-08-27T14:34:49.877+0000] {logging_mixin.py:190} INFO - [2024-08-27T14:34:49.877+0000] {override.py:1900} INFO - Created Permission View: can edit on DAG:consume_1_or_2_with_dataset_expressions
[2024-08-27T14:34:49.888+0000] {logging_mixin.py:190} INFO - [2024-08-27T14:34:49.887+0000] {override.py:1900} INFO - Created Permission View: can read on DAG:consume_1_or_2_with_dataset_expressions
[2024-08-27T14:34:49.904+0000] {logging_mixin.py:190} INFO - [2024-08-27T14:34:49.903+0000] {override.py:1900} INFO - Created Permission View: can create on DAG Run:consume_1_or_2_with_dataset_expressions
[2024-08-27T14:34:49.913+0000] {logging_mixin.py:190} INFO - [2024-08-27T14:34:49.912+0000] {override.py:1900} INFO - Created Permission View: menu access on DAG Run:consume_1_or_2_with_dataset_expressions
[2024-08-27T14:34:49.923+0000] {logging_mixin.py:190} INFO - [2024-08-27T14:34:49.923+0000] {override.py:1900} INFO - Created Permission View: can delete on DAG Run:consume_1_or_2_with_dataset_expressions
[2024-08-27T14:34:49.933+0000] {logging_mixin.py:190} INFO - [2024-08-27T14:34:49.933+0000] {override.py:1900} INFO - Created Permission View: can read on DAG Run:consume_1_or_2_with_dataset_expressions
[2024-08-27T14:34:49.954+0000] {logging_mixin.py:190} INFO - [2024-08-27T14:34:49.953+0000] {override.py:1900} INFO - Created Permission View: can delete on DAG:consume_1_and_2_with_dataset_expressions
[2024-08-27T14:34:49.963+0000] {logging_mixin.py:190} INFO - [2024-08-27T14:34:49.963+0000] {override.py:1900} INFO - Created Permission View: can edit on DAG:consume_1_and_2_with_dataset_expressions
[2024-08-27T14:34:49.973+0000] {logging_mixin.py:190} INFO - [2024-08-27T14:34:49.973+0000] {override.py:1900} INFO - Created Permission View: can read on DAG:consume_1_and_2_with_dataset_expressions
[2024-08-27T14:34:49.988+0000] {logging_mixin.py:190} INFO - [2024-08-27T14:34:49.988+0000] {override.py:1900} INFO - Created Permission View: can create on DAG Run:consume_1_and_2_with_dataset_expressions
[2024-08-27T14:34:49.997+0000] {logging_mixin.py:190} INFO - [2024-08-27T14:34:49.997+0000] {override.py:1900} INFO - Created Permission View: menu access on DAG Run:consume_1_and_2_with_dataset_expressions
[2024-08-27T14:34:50.007+0000] {logging_mixin.py:190} INFO - [2024-08-27T14:34:50.007+0000] {override.py:1900} INFO - Created Permission View: can delete on DAG Run:consume_1_and_2_with_dataset_expressions
[2024-08-27T14:34:50.017+0000] {logging_mixin.py:190} INFO - [2024-08-27T14:34:50.017+0000] {override.py:1900} INFO - Created Permission View: can read on DAG Run:consume_1_and_2_with_dataset_expressions
[2024-08-27T14:34:50.037+0000] {logging_mixin.py:190} INFO - [2024-08-27T14:34:50.037+0000] {override.py:1900} INFO - Created Permission View: can delete on DAG:dataset_consumes_1
[2024-08-27T14:34:50.047+0000] {logging_mixin.py:190} INFO - [2024-08-27T14:34:50.047+0000] {override.py:1900} INFO - Created Permission View: can edit on DAG:dataset_consumes_1
[2024-08-27T14:34:50.056+0000] {logging_mixin.py:190} INFO - [2024-08-27T14:34:50.056+0000] {override.py:1900} INFO - Created Permission View: can read on DAG:dataset_consumes_1
[2024-08-27T14:34:50.072+0000] {logging_mixin.py:190} INFO - [2024-08-27T14:34:50.072+0000] {override.py:1900} INFO - Created Permission View: can create on DAG Run:dataset_consumes_1
[2024-08-27T14:34:50.082+0000] {logging_mixin.py:190} INFO - [2024-08-27T14:34:50.081+0000] {override.py:1900} INFO - Created Permission View: menu access on DAG Run:dataset_consumes_1
[2024-08-27T14:34:50.091+0000] {logging_mixin.py:190} INFO - [2024-08-27T14:34:50.091+0000] {override.py:1900} INFO - Created Permission View: can delete on DAG Run:dataset_consumes_1
[2024-08-27T14:34:50.100+0000] {logging_mixin.py:190} INFO - [2024-08-27T14:34:50.100+0000] {override.py:1900} INFO - Created Permission View: can read on DAG Run:dataset_consumes_1
[2024-08-27T14:34:50.118+0000] {logging_mixin.py:190} INFO - [2024-08-27T14:34:50.118+0000] {override.py:1900} INFO - Created Permission View: can delete on DAG:dataset_produces_1
[2024-08-27T14:34:50.128+0000] {logging_mixin.py:190} INFO - [2024-08-27T14:34:50.127+0000] {override.py:1900} INFO - Created Permission View: can edit on DAG:dataset_produces_1
[2024-08-27T14:34:50.138+0000] {logging_mixin.py:190} INFO - [2024-08-27T14:34:50.137+0000] {override.py:1900} INFO - Created Permission View: can read on DAG:dataset_produces_1
[2024-08-27T14:34:50.152+0000] {logging_mixin.py:190} INFO - [2024-08-27T14:34:50.152+0000] {override.py:1900} INFO - Created Permission View: can create on DAG Run:dataset_produces_1
[2024-08-27T14:34:50.162+0000] {logging_mixin.py:190} INFO - [2024-08-27T14:34:50.161+0000] {override.py:1900} INFO - Created Permission View: menu access on DAG Run:dataset_produces_1
[2024-08-27T14:34:50.171+0000] {logging_mixin.py:190} INFO - [2024-08-27T14:34:50.170+0000] {override.py:1900} INFO - Created Permission View: can delete on DAG Run:dataset_produces_1
[2024-08-27T14:34:50.181+0000] {logging_mixin.py:190} INFO - [2024-08-27T14:34:50.180+0000] {override.py:1900} INFO - Created Permission View: can read on DAG Run:dataset_produces_1
[2024-08-27T14:34:50.201+0000] {logging_mixin.py:190} INFO - [2024-08-27T14:34:50.200+0000] {override.py:1900} INFO - Created Permission View: can delete on DAG:consume_1_or_both_2_and_3_with_dataset_expressions
[2024-08-27T14:34:50.209+0000] {logging_mixin.py:190} INFO - [2024-08-27T14:34:50.209+0000] {override.py:1900} INFO - Created Permission View: can edit on DAG:consume_1_or_both_2_and_3_with_dataset_expressions
[2024-08-27T14:34:50.219+0000] {logging_mixin.py:190} INFO - [2024-08-27T14:34:50.219+0000] {override.py:1900} INFO - Created Permission View: can read on DAG:consume_1_or_both_2_and_3_with_dataset_expressions
[2024-08-27T14:34:50.236+0000] {logging_mixin.py:190} INFO - [2024-08-27T14:34:50.236+0000] {override.py:1900} INFO - Created Permission View: can create on DAG Run:consume_1_or_both_2_and_3_with_dataset_expressions
[2024-08-27T14:34:50.245+0000] {logging_mixin.py:190} INFO - [2024-08-27T14:34:50.245+0000] {override.py:1900} INFO - Created Permission View: menu access on DAG Run:consume_1_or_both_2_and_3_with_dataset_expressions
[2024-08-27T14:34:50.254+0000] {logging_mixin.py:190} INFO - [2024-08-27T14:34:50.254+0000] {override.py:1900} INFO - Created Permission View: can delete on DAG Run:consume_1_or_both_2_and_3_with_dataset_expressions
[2024-08-27T14:34:50.266+0000] {logging_mixin.py:190} INFO - [2024-08-27T14:34:50.266+0000] {override.py:1900} INFO - Created Permission View: can read on DAG Run:consume_1_or_both_2_and_3_with_dataset_expressions
[2024-08-27T14:34:50.286+0000] {logging_mixin.py:190} INFO - [2024-08-27T14:34:50.286+0000] {override.py:1900} INFO - Created Permission View: can delete on DAG:dataset_consumes_1_never_scheduled
[2024-08-27T14:34:50.296+0000] {logging_mixin.py:190} INFO - [2024-08-27T14:34:50.296+0000] {override.py:1900} INFO - Created Permission View: can edit on DAG:dataset_consumes_1_never_scheduled
[2024-08-27T14:34:50.305+0000] {logging_mixin.py:190} INFO - [2024-08-27T14:34:50.305+0000] {override.py:1900} INFO - Created Permission View: can read on DAG:dataset_consumes_1_never_scheduled
[2024-08-27T14:34:50.322+0000] {logging_mixin.py:190} INFO - [2024-08-27T14:34:50.321+0000] {override.py:1900} INFO - Created Permission View: can create on DAG Run:dataset_consumes_1_never_scheduled
[2024-08-27T14:34:50.331+0000] {logging_mixin.py:190} INFO - [2024-08-27T14:34:50.331+0000] {override.py:1900} INFO - Created Permission View: menu access on DAG Run:dataset_consumes_1_never_scheduled
[2024-08-27T14:34:50.341+0000] {logging_mixin.py:190} INFO - [2024-08-27T14:34:50.340+0000] {override.py:1900} INFO - Created Permission View: can delete on DAG Run:dataset_consumes_1_never_scheduled
[2024-08-27T14:34:50.350+0000] {logging_mixin.py:190} INFO - [2024-08-27T14:34:50.350+0000] {override.py:1900} INFO - Created Permission View: can read on DAG Run:dataset_consumes_1_never_scheduled
[2024-08-27T14:34:50.370+0000] {logging_mixin.py:190} INFO - [2024-08-27T14:34:50.370+0000] {override.py:1900} INFO - Created Permission View: can delete on DAG:dataset_consumes_unknown_never_scheduled
[2024-08-27T14:34:50.380+0000] {logging_mixin.py:190} INFO - [2024-08-27T14:34:50.379+0000] {override.py:1900} INFO - Created Permission View: can edit on DAG:dataset_consumes_unknown_never_scheduled
[2024-08-27T14:34:50.390+0000] {logging_mixin.py:190} INFO - [2024-08-27T14:34:50.389+0000] {override.py:1900} INFO - Created Permission View: can read on DAG:dataset_consumes_unknown_never_scheduled
[2024-08-27T14:34:50.404+0000] {logging_mixin.py:190} INFO - [2024-08-27T14:34:50.404+0000] {override.py:1900} INFO - Created Permission View: can create on DAG Run:dataset_consumes_unknown_never_scheduled
[2024-08-27T14:34:50.413+0000] {logging_mixin.py:190} INFO - [2024-08-27T14:34:50.412+0000] {override.py:1900} INFO - Created Permission View: menu access on DAG Run:dataset_consumes_unknown_never_scheduled
[2024-08-27T14:34:50.422+0000] {logging_mixin.py:190} INFO - [2024-08-27T14:34:50.422+0000] {override.py:1900} INFO - Created Permission View: can delete on DAG Run:dataset_consumes_unknown_never_scheduled
[2024-08-27T14:34:50.431+0000] {logging_mixin.py:190} INFO - [2024-08-27T14:34:50.431+0000] {override.py:1900} INFO - Created Permission View: can read on DAG Run:dataset_consumes_unknown_never_scheduled
[2024-08-27T14:34:50.452+0000] {logging_mixin.py:190} INFO - [2024-08-27T14:34:50.451+0000] {override.py:1900} INFO - Created Permission View: can delete on DAG:dataset_consumes_1_and_2
[2024-08-27T14:34:50.461+0000] {logging_mixin.py:190} INFO - [2024-08-27T14:34:50.460+0000] {override.py:1900} INFO - Created Permission View: can edit on DAG:dataset_consumes_1_and_2
[2024-08-27T14:34:50.470+0000] {logging_mixin.py:190} INFO - [2024-08-27T14:34:50.470+0000] {override.py:1900} INFO - Created Permission View: can read on DAG:dataset_consumes_1_and_2
[2024-08-27T14:34:50.484+0000] {logging_mixin.py:190} INFO - [2024-08-27T14:34:50.484+0000] {override.py:1900} INFO - Created Permission View: can create on DAG Run:dataset_consumes_1_and_2
[2024-08-27T14:34:50.494+0000] {logging_mixin.py:190} INFO - [2024-08-27T14:34:50.494+0000] {override.py:1900} INFO - Created Permission View: menu access on DAG Run:dataset_consumes_1_and_2
[2024-08-27T14:34:50.504+0000] {logging_mixin.py:190} INFO - [2024-08-27T14:34:50.503+0000] {override.py:1900} INFO - Created Permission View: can delete on DAG Run:dataset_consumes_1_and_2
[2024-08-27T14:34:50.513+0000] {logging_mixin.py:190} INFO - [2024-08-27T14:34:50.512+0000] {override.py:1900} INFO - Created Permission View: can read on DAG Run:dataset_consumes_1_and_2
[2024-08-27T14:34:50.532+0000] {logging_mixin.py:190} INFO - [2024-08-27T14:34:50.532+0000] {override.py:1900} INFO - Created Permission View: can delete on DAG:dataset_produces_2
[2024-08-27T14:34:50.541+0000] {logging_mixin.py:190} INFO - [2024-08-27T14:34:50.541+0000] {override.py:1900} INFO - Created Permission View: can edit on DAG:dataset_produces_2
[2024-08-27T14:34:50.550+0000] {logging_mixin.py:190} INFO - [2024-08-27T14:34:50.550+0000] {override.py:1900} INFO - Created Permission View: can read on DAG:dataset_produces_2
[2024-08-27T14:34:50.565+0000] {logging_mixin.py:190} INFO - [2024-08-27T14:34:50.565+0000] {override.py:1900} INFO - Created Permission View: can create on DAG Run:dataset_produces_2
[2024-08-27T14:34:50.574+0000] {logging_mixin.py:190} INFO - [2024-08-27T14:34:50.574+0000] {override.py:1900} INFO - Created Permission View: menu access on DAG Run:dataset_produces_2
[2024-08-27T14:34:50.583+0000] {logging_mixin.py:190} INFO - [2024-08-27T14:34:50.583+0000] {override.py:1900} INFO - Created Permission View: can delete on DAG Run:dataset_produces_2
[2024-08-27T14:34:50.592+0000] {logging_mixin.py:190} INFO - [2024-08-27T14:34:50.592+0000] {override.py:1900} INFO - Created Permission View: can read on DAG Run:dataset_produces_2
[2024-08-27T14:34:50.613+0000] {logging_mixin.py:190} INFO - [2024-08-27T14:34:50.613+0000] {override.py:1900} INFO - Created Permission View: can delete on DAG:conditional_dataset_and_time_based_timetable
[2024-08-27T14:34:50.623+0000] {logging_mixin.py:190} INFO - [2024-08-27T14:34:50.623+0000] {override.py:1900} INFO - Created Permission View: can edit on DAG:conditional_dataset_and_time_based_timetable
[2024-08-27T14:34:50.633+0000] {logging_mixin.py:190} INFO - [2024-08-27T14:34:50.632+0000] {override.py:1900} INFO - Created Permission View: can read on DAG:conditional_dataset_and_time_based_timetable
[2024-08-27T14:34:50.648+0000] {logging_mixin.py:190} INFO - [2024-08-27T14:34:50.648+0000] {override.py:1900} INFO - Created Permission View: can create on DAG Run:conditional_dataset_and_time_based_timetable
[2024-08-27T14:34:50.658+0000] {logging_mixin.py:190} INFO - [2024-08-27T14:34:50.657+0000] {override.py:1900} INFO - Created Permission View: menu access on DAG Run:conditional_dataset_and_time_based_timetable
[2024-08-27T14:34:50.667+0000] {logging_mixin.py:190} INFO - [2024-08-27T14:34:50.667+0000] {override.py:1900} INFO - Created Permission View: can delete on DAG Run:conditional_dataset_and_time_based_timetable
[2024-08-27T14:34:50.676+0000] {logging_mixin.py:190} INFO - [2024-08-27T14:34:50.676+0000] {override.py:1900} INFO - Created Permission View: can read on DAG Run:conditional_dataset_and_time_based_timetable
[2024-08-27T14:34:50.677+0000] {logging_mixin.py:190} INFO - [2024-08-27T14:34:50.677+0000] {dag.py:3211} INFO - Sync 10 DAGs
[2024-08-27T14:34:50.690+0000] {logging_mixin.py:190} INFO - [2024-08-27T14:34:50.690+0000] {dag.py:3234} INFO - Creating ORM DAG for conditional_dataset_and_time_based_timetable
[2024-08-27T14:34:50.691+0000] {logging_mixin.py:190} INFO - [2024-08-27T14:34:50.691+0000] {dag.py:3234} INFO - Creating ORM DAG for dataset_produces_2
[2024-08-27T14:34:50.692+0000] {logging_mixin.py:190} INFO - [2024-08-27T14:34:50.691+0000] {dag.py:3234} INFO - Creating ORM DAG for dataset_consumes_1
[2024-08-27T14:34:50.692+0000] {logging_mixin.py:190} INFO - [2024-08-27T14:34:50.692+0000] {dag.py:3234} INFO - Creating ORM DAG for consume_1_or_both_2_and_3_with_dataset_expressions
[2024-08-27T14:34:50.693+0000] {logging_mixin.py:190} INFO - [2024-08-27T14:34:50.693+0000] {dag.py:3234} INFO - Creating ORM DAG for consume_1_or_2_with_dataset_expressions
[2024-08-27T14:34:50.693+0000] {logging_mixin.py:190} INFO - [2024-08-27T14:34:50.693+0000] {dag.py:3234} INFO - Creating ORM DAG for dataset_consumes_1_and_2
[2024-08-27T14:34:50.694+0000] {logging_mixin.py:190} INFO - [2024-08-27T14:34:50.694+0000] {dag.py:3234} INFO - Creating ORM DAG for consume_1_and_2_with_dataset_expressions
[2024-08-27T14:34:50.695+0000] {logging_mixin.py:190} INFO - [2024-08-27T14:34:50.694+0000] {dag.py:3234} INFO - Creating ORM DAG for dataset_consumes_1_never_scheduled
[2024-08-27T14:34:50.695+0000] {logging_mixin.py:190} INFO - [2024-08-27T14:34:50.695+0000] {dag.py:3234} INFO - Creating ORM DAG for dataset_consumes_unknown_never_scheduled
[2024-08-27T14:34:50.696+0000] {logging_mixin.py:190} INFO - [2024-08-27T14:34:50.696+0000] {dag.py:3234} INFO - Creating ORM DAG for dataset_produces_1
[2024-08-27T14:34:50.706+0000] {logging_mixin.py:190} INFO - [2024-08-27T14:34:50.705+0000] {dag.py:4138} INFO - Setting next_dagrun for conditional_dataset_and_time_based_timetable to 2024-08-21 01:00:00+00:00, run_after=2024-08-21 01:00:00+00:00
[2024-08-27T14:34:50.706+0000] {logging_mixin.py:190} INFO - [2024-08-27T14:34:50.706+0000] {dag.py:4138} INFO - Setting next_dagrun for consume_1_and_2_with_dataset_expressions to None, run_after=None
[2024-08-27T14:34:50.707+0000] {logging_mixin.py:190} INFO - [2024-08-27T14:34:50.706+0000] {dag.py:4138} INFO - Setting next_dagrun for consume_1_or_2_with_dataset_expressions to None, run_after=None
[2024-08-27T14:34:50.707+0000] {logging_mixin.py:190} INFO - [2024-08-27T14:34:50.707+0000] {dag.py:4138} INFO - Setting next_dagrun for consume_1_or_both_2_and_3_with_dataset_expressions to None, run_after=None
[2024-08-27T14:34:50.707+0000] {logging_mixin.py:190} INFO - [2024-08-27T14:34:50.707+0000] {dag.py:4138} INFO - Setting next_dagrun for dataset_consumes_1 to None, run_after=None
[2024-08-27T14:34:50.708+0000] {logging_mixin.py:190} INFO - [2024-08-27T14:34:50.708+0000] {dag.py:4138} INFO - Setting next_dagrun for dataset_consumes_1_and_2 to None, run_after=None
[2024-08-27T14:34:50.708+0000] {logging_mixin.py:190} INFO - [2024-08-27T14:34:50.708+0000] {dag.py:4138} INFO - Setting next_dagrun for dataset_consumes_1_never_scheduled to None, run_after=None
[2024-08-27T14:34:50.709+0000] {logging_mixin.py:190} INFO - [2024-08-27T14:34:50.709+0000] {dag.py:4138} INFO - Setting next_dagrun for dataset_consumes_unknown_never_scheduled to None, run_after=None
[2024-08-27T14:34:50.711+0000] {logging_mixin.py:190} INFO - [2024-08-27T14:34:50.711+0000] {dag.py:4138} INFO - Setting next_dagrun for dataset_produces_1 to 2024-08-26 00:00:00+00:00, run_after=2024-08-27 00:00:00+00:00
[2024-08-27T14:34:50.711+0000] {logging_mixin.py:190} INFO - [2024-08-27T14:34:50.711+0000] {dag.py:4138} INFO - Setting next_dagrun for dataset_produces_2 to None, run_after=None
[2024-08-27T14:34:50.747+0000] {processor.py:208} INFO - Processing /home/ubuntu/myenv/lib/python3.12/site-packages/airflow/example_dags/example_datasets.py took 1.027 seconds
[2024-08-27T14:35:54.236+0000] {processor.py:186} INFO - Started process (PID=5620) to work on /home/ubuntu/myenv/lib/python3.12/site-packages/airflow/example_dags/example_datasets.py
[2024-08-27T14:35:54.238+0000] {processor.py:914} INFO - Processing file /home/ubuntu/myenv/lib/python3.12/site-packages/airflow/example_dags/example_datasets.py for tasks to queue
[2024-08-27T14:35:54.240+0000] {logging_mixin.py:190} INFO - [2024-08-27T14:35:54.240+0000] {dagbag.py:587} INFO - Filling up the DagBag from /home/ubuntu/myenv/lib/python3.12/site-packages/airflow/example_dags/example_datasets.py
[2024-08-27T14:35:54.257+0000] {processor.py:925} INFO - DAG(s) 'conditional_dataset_and_time_based_timetable', 'dataset_consumes_1_never_scheduled', 'dataset_produces_2', 'dataset_consumes_1_and_2', 'consume_1_or_both_2_and_3_with_dataset_expressions', 'consume_1_or_2_with_dataset_expressions', 'dataset_consumes_1', 'dataset_produces_1', 'consume_1_and_2_with_dataset_expressions', 'dataset_consumes_unknown_never_scheduled' retrieved from /home/ubuntu/myenv/lib/python3.12/site-packages/airflow/example_dags/example_datasets.py
[2024-08-27T14:35:54.293+0000] {logging_mixin.py:190} INFO - [2024-08-27T14:35:54.293+0000] {dag.py:3211} INFO - Sync 10 DAGs
[2024-08-27T14:35:54.318+0000] {logging_mixin.py:190} INFO - [2024-08-27T14:35:54.318+0000] {dag.py:4138} INFO - Setting next_dagrun for conditional_dataset_and_time_based_timetable to 2024-08-21 01:00:00+00:00, run_after=2024-08-21 01:00:00+00:00
[2024-08-27T14:35:54.321+0000] {logging_mixin.py:190} INFO - [2024-08-27T14:35:54.321+0000] {dag.py:4138} INFO - Setting next_dagrun for consume_1_and_2_with_dataset_expressions to None, run_after=None
[2024-08-27T14:35:54.322+0000] {logging_mixin.py:190} INFO - [2024-08-27T14:35:54.322+0000] {dag.py:4138} INFO - Setting next_dagrun for consume_1_or_2_with_dataset_expressions to None, run_after=None
[2024-08-27T14:35:54.323+0000] {logging_mixin.py:190} INFO - [2024-08-27T14:35:54.323+0000] {dag.py:4138} INFO - Setting next_dagrun for consume_1_or_both_2_and_3_with_dataset_expressions to None, run_after=None
[2024-08-27T14:35:54.324+0000] {logging_mixin.py:190} INFO - [2024-08-27T14:35:54.324+0000] {dag.py:4138} INFO - Setting next_dagrun for dataset_consumes_1 to None, run_after=None
[2024-08-27T14:35:54.325+0000] {logging_mixin.py:190} INFO - [2024-08-27T14:35:54.325+0000] {dag.py:4138} INFO - Setting next_dagrun for dataset_consumes_1_and_2 to None, run_after=None
[2024-08-27T14:35:54.326+0000] {logging_mixin.py:190} INFO - [2024-08-27T14:35:54.326+0000] {dag.py:4138} INFO - Setting next_dagrun for dataset_consumes_1_never_scheduled to None, run_after=None
[2024-08-27T14:35:54.327+0000] {logging_mixin.py:190} INFO - [2024-08-27T14:35:54.327+0000] {dag.py:4138} INFO - Setting next_dagrun for dataset_consumes_unknown_never_scheduled to None, run_after=None
[2024-08-27T14:35:54.329+0000] {logging_mixin.py:190} INFO - [2024-08-27T14:35:54.329+0000] {dag.py:4138} INFO - Setting next_dagrun for dataset_produces_1 to 2024-08-26 00:00:00+00:00, run_after=2024-08-27 00:00:00+00:00
[2024-08-27T14:35:54.330+0000] {logging_mixin.py:190} INFO - [2024-08-27T14:35:54.330+0000] {dag.py:4138} INFO - Setting next_dagrun for dataset_produces_2 to None, run_after=None
[2024-08-27T14:35:54.364+0000] {processor.py:208} INFO - Processing /home/ubuntu/myenv/lib/python3.12/site-packages/airflow/example_dags/example_datasets.py took 0.133 seconds
[2024-08-27T14:36:48.071+0000] {processor.py:186} INFO - Started process (PID=5692) to work on /home/ubuntu/myenv/lib/python3.12/site-packages/airflow/example_dags/example_datasets.py
[2024-08-27T14:36:48.073+0000] {processor.py:914} INFO - Processing file /home/ubuntu/myenv/lib/python3.12/site-packages/airflow/example_dags/example_datasets.py for tasks to queue
[2024-08-27T14:36:48.075+0000] {logging_mixin.py:190} INFO - [2024-08-27T14:36:48.075+0000] {dagbag.py:587} INFO - Filling up the DagBag from /home/ubuntu/myenv/lib/python3.12/site-packages/airflow/example_dags/example_datasets.py
[2024-08-27T14:36:48.092+0000] {processor.py:925} INFO - DAG(s) 'dataset_consumes_unknown_never_scheduled', 'consume_1_and_2_with_dataset_expressions', 'consume_1_or_2_with_dataset_expressions', 'dataset_produces_1', 'consume_1_or_both_2_and_3_with_dataset_expressions', 'conditional_dataset_and_time_based_timetable', 'dataset_consumes_1_never_scheduled', 'dataset_consumes_1', 'dataset_consumes_1_and_2', 'dataset_produces_2' retrieved from /home/ubuntu/myenv/lib/python3.12/site-packages/airflow/example_dags/example_datasets.py
[2024-08-27T14:36:48.128+0000] {logging_mixin.py:190} INFO - [2024-08-27T14:36:48.128+0000] {dag.py:3211} INFO - Sync 10 DAGs
[2024-08-27T14:36:48.153+0000] {logging_mixin.py:190} INFO - [2024-08-27T14:36:48.153+0000] {dag.py:4138} INFO - Setting next_dagrun for conditional_dataset_and_time_based_timetable to 2024-08-21 01:00:00+00:00, run_after=2024-08-21 01:00:00+00:00
[2024-08-27T14:36:48.157+0000] {logging_mixin.py:190} INFO - [2024-08-27T14:36:48.157+0000] {dag.py:4138} INFO - Setting next_dagrun for consume_1_and_2_with_dataset_expressions to None, run_after=None
[2024-08-27T14:36:48.158+0000] {logging_mixin.py:190} INFO - [2024-08-27T14:36:48.158+0000] {dag.py:4138} INFO - Setting next_dagrun for consume_1_or_2_with_dataset_expressions to None, run_after=None
[2024-08-27T14:36:48.159+0000] {logging_mixin.py:190} INFO - [2024-08-27T14:36:48.159+0000] {dag.py:4138} INFO - Setting next_dagrun for consume_1_or_both_2_and_3_with_dataset_expressions to None, run_after=None
[2024-08-27T14:36:48.160+0000] {logging_mixin.py:190} INFO - [2024-08-27T14:36:48.159+0000] {dag.py:4138} INFO - Setting next_dagrun for dataset_consumes_1 to None, run_after=None
[2024-08-27T14:36:48.161+0000] {logging_mixin.py:190} INFO - [2024-08-27T14:36:48.160+0000] {dag.py:4138} INFO - Setting next_dagrun for dataset_consumes_1_and_2 to None, run_after=None
[2024-08-27T14:36:48.162+0000] {logging_mixin.py:190} INFO - [2024-08-27T14:36:48.161+0000] {dag.py:4138} INFO - Setting next_dagrun for dataset_consumes_1_never_scheduled to None, run_after=None
[2024-08-27T14:36:48.162+0000] {logging_mixin.py:190} INFO - [2024-08-27T14:36:48.162+0000] {dag.py:4138} INFO - Setting next_dagrun for dataset_consumes_unknown_never_scheduled to None, run_after=None
[2024-08-27T14:36:48.165+0000] {logging_mixin.py:190} INFO - [2024-08-27T14:36:48.164+0000] {dag.py:4138} INFO - Setting next_dagrun for dataset_produces_1 to 2024-08-26 00:00:00+00:00, run_after=2024-08-27 00:00:00+00:00
[2024-08-27T14:36:48.166+0000] {logging_mixin.py:190} INFO - [2024-08-27T14:36:48.165+0000] {dag.py:4138} INFO - Setting next_dagrun for dataset_produces_2 to None, run_after=None
[2024-08-27T14:36:48.198+0000] {processor.py:208} INFO - Processing /home/ubuntu/myenv/lib/python3.12/site-packages/airflow/example_dags/example_datasets.py took 0.133 seconds
[2024-08-27T14:37:42.590+0000] {processor.py:186} INFO - Started process (PID=5768) to work on /home/ubuntu/myenv/lib/python3.12/site-packages/airflow/example_dags/example_datasets.py
[2024-08-27T14:37:42.591+0000] {processor.py:914} INFO - Processing file /home/ubuntu/myenv/lib/python3.12/site-packages/airflow/example_dags/example_datasets.py for tasks to queue
[2024-08-27T14:37:42.593+0000] {logging_mixin.py:190} INFO - [2024-08-27T14:37:42.593+0000] {dagbag.py:587} INFO - Filling up the DagBag from /home/ubuntu/myenv/lib/python3.12/site-packages/airflow/example_dags/example_datasets.py
[2024-08-27T14:37:42.610+0000] {processor.py:925} INFO - DAG(s) 'consume_1_and_2_with_dataset_expressions', 'dataset_consumes_unknown_never_scheduled', 'dataset_consumes_1_and_2', 'dataset_produces_1', 'conditional_dataset_and_time_based_timetable', 'dataset_produces_2', 'dataset_consumes_1', 'consume_1_or_both_2_and_3_with_dataset_expressions', 'consume_1_or_2_with_dataset_expressions', 'dataset_consumes_1_never_scheduled' retrieved from /home/ubuntu/myenv/lib/python3.12/site-packages/airflow/example_dags/example_datasets.py
[2024-08-27T14:37:42.646+0000] {logging_mixin.py:190} INFO - [2024-08-27T14:37:42.646+0000] {dag.py:3211} INFO - Sync 10 DAGs
[2024-08-27T14:37:42.670+0000] {logging_mixin.py:190} INFO - [2024-08-27T14:37:42.670+0000] {dag.py:4138} INFO - Setting next_dagrun for conditional_dataset_and_time_based_timetable to 2024-08-21 01:00:00+00:00, run_after=2024-08-21 01:00:00+00:00
[2024-08-27T14:37:42.674+0000] {logging_mixin.py:190} INFO - [2024-08-27T14:37:42.673+0000] {dag.py:4138} INFO - Setting next_dagrun for consume_1_and_2_with_dataset_expressions to None, run_after=None
[2024-08-27T14:37:42.675+0000] {logging_mixin.py:190} INFO - [2024-08-27T14:37:42.674+0000] {dag.py:4138} INFO - Setting next_dagrun for consume_1_or_2_with_dataset_expressions to None, run_after=None
[2024-08-27T14:37:42.676+0000] {logging_mixin.py:190} INFO - [2024-08-27T14:37:42.675+0000] {dag.py:4138} INFO - Setting next_dagrun for consume_1_or_both_2_and_3_with_dataset_expressions to None, run_after=None
[2024-08-27T14:37:42.676+0000] {logging_mixin.py:190} INFO - [2024-08-27T14:37:42.676+0000] {dag.py:4138} INFO - Setting next_dagrun for dataset_consumes_1 to None, run_after=None
[2024-08-27T14:37:42.677+0000] {logging_mixin.py:190} INFO - [2024-08-27T14:37:42.677+0000] {dag.py:4138} INFO - Setting next_dagrun for dataset_consumes_1_and_2 to None, run_after=None
[2024-08-27T14:37:42.678+0000] {logging_mixin.py:190} INFO - [2024-08-27T14:37:42.678+0000] {dag.py:4138} INFO - Setting next_dagrun for dataset_consumes_1_never_scheduled to None, run_after=None
[2024-08-27T14:37:42.679+0000] {logging_mixin.py:190} INFO - [2024-08-27T14:37:42.679+0000] {dag.py:4138} INFO - Setting next_dagrun for dataset_consumes_unknown_never_scheduled to None, run_after=None
[2024-08-27T14:37:42.681+0000] {logging_mixin.py:190} INFO - [2024-08-27T14:37:42.681+0000] {dag.py:4138} INFO - Setting next_dagrun for dataset_produces_1 to 2024-08-26 00:00:00+00:00, run_after=2024-08-27 00:00:00+00:00
[2024-08-27T14:37:42.682+0000] {logging_mixin.py:190} INFO - [2024-08-27T14:37:42.682+0000] {dag.py:4138} INFO - Setting next_dagrun for dataset_produces_2 to None, run_after=None
[2024-08-27T14:37:42.714+0000] {processor.py:208} INFO - Processing /home/ubuntu/myenv/lib/python3.12/site-packages/airflow/example_dags/example_datasets.py took 0.130 seconds
[2024-08-27T14:39:04.329+0000] {processor.py:186} INFO - Started process (PID=5868) to work on /home/ubuntu/myenv/lib/python3.12/site-packages/airflow/example_dags/example_datasets.py
[2024-08-27T14:39:04.330+0000] {processor.py:914} INFO - Processing file /home/ubuntu/myenv/lib/python3.12/site-packages/airflow/example_dags/example_datasets.py for tasks to queue
[2024-08-27T14:39:04.332+0000] {logging_mixin.py:190} INFO - [2024-08-27T14:39:04.332+0000] {dagbag.py:587} INFO - Filling up the DagBag from /home/ubuntu/myenv/lib/python3.12/site-packages/airflow/example_dags/example_datasets.py
[2024-08-27T14:39:04.349+0000] {processor.py:925} INFO - DAG(s) 'consume_1_and_2_with_dataset_expressions', 'dataset_consumes_1', 'consume_1_or_2_with_dataset_expressions', 'dataset_consumes_unknown_never_scheduled', 'dataset_consumes_1_and_2', 'consume_1_or_both_2_and_3_with_dataset_expressions', 'dataset_produces_1', 'conditional_dataset_and_time_based_timetable', 'dataset_produces_2', 'dataset_consumes_1_never_scheduled' retrieved from /home/ubuntu/myenv/lib/python3.12/site-packages/airflow/example_dags/example_datasets.py
[2024-08-27T14:39:04.513+0000] {logging_mixin.py:190} INFO - [2024-08-27T14:39:04.513+0000] {dag.py:3211} INFO - Sync 10 DAGs
[2024-08-27T14:39:04.535+0000] {logging_mixin.py:190} INFO - [2024-08-27T14:39:04.535+0000] {dag.py:4138} INFO - Setting next_dagrun for conditional_dataset_and_time_based_timetable to 2024-08-21 01:00:00+00:00, run_after=2024-08-21 01:00:00+00:00
[2024-08-27T14:39:04.539+0000] {logging_mixin.py:190} INFO - [2024-08-27T14:39:04.539+0000] {dag.py:4138} INFO - Setting next_dagrun for consume_1_and_2_with_dataset_expressions to None, run_after=None
[2024-08-27T14:39:04.540+0000] {logging_mixin.py:190} INFO - [2024-08-27T14:39:04.540+0000] {dag.py:4138} INFO - Setting next_dagrun for consume_1_or_2_with_dataset_expressions to None, run_after=None
[2024-08-27T14:39:04.541+0000] {logging_mixin.py:190} INFO - [2024-08-27T14:39:04.541+0000] {dag.py:4138} INFO - Setting next_dagrun for consume_1_or_both_2_and_3_with_dataset_expressions to None, run_after=None
[2024-08-27T14:39:04.542+0000] {logging_mixin.py:190} INFO - [2024-08-27T14:39:04.542+0000] {dag.py:4138} INFO - Setting next_dagrun for dataset_consumes_1 to None, run_after=None
[2024-08-27T14:39:04.543+0000] {logging_mixin.py:190} INFO - [2024-08-27T14:39:04.542+0000] {dag.py:4138} INFO - Setting next_dagrun for dataset_consumes_1_and_2 to None, run_after=None
[2024-08-27T14:39:04.544+0000] {logging_mixin.py:190} INFO - [2024-08-27T14:39:04.543+0000] {dag.py:4138} INFO - Setting next_dagrun for dataset_consumes_1_never_scheduled to None, run_after=None
[2024-08-27T14:39:04.545+0000] {logging_mixin.py:190} INFO - [2024-08-27T14:39:04.544+0000] {dag.py:4138} INFO - Setting next_dagrun for dataset_consumes_unknown_never_scheduled to None, run_after=None
[2024-08-27T14:39:04.547+0000] {logging_mixin.py:190} INFO - [2024-08-27T14:39:04.547+0000] {dag.py:4138} INFO - Setting next_dagrun for dataset_produces_1 to 2024-08-26 00:00:00+00:00, run_after=2024-08-27 00:00:00+00:00
[2024-08-27T14:39:04.548+0000] {logging_mixin.py:190} INFO - [2024-08-27T14:39:04.548+0000] {dag.py:4138} INFO - Setting next_dagrun for dataset_produces_2 to None, run_after=None
[2024-08-27T14:39:04.579+0000] {processor.py:208} INFO - Processing /home/ubuntu/myenv/lib/python3.12/site-packages/airflow/example_dags/example_datasets.py took 0.256 seconds
[2024-08-27T14:40:01.128+0000] {processor.py:186} INFO - Started process (PID=5941) to work on /home/ubuntu/myenv/lib/python3.12/site-packages/airflow/example_dags/example_datasets.py
[2024-08-27T14:40:01.130+0000] {processor.py:914} INFO - Processing file /home/ubuntu/myenv/lib/python3.12/site-packages/airflow/example_dags/example_datasets.py for tasks to queue
[2024-08-27T14:40:01.132+0000] {logging_mixin.py:190} INFO - [2024-08-27T14:40:01.132+0000] {dagbag.py:587} INFO - Filling up the DagBag from /home/ubuntu/myenv/lib/python3.12/site-packages/airflow/example_dags/example_datasets.py
[2024-08-27T14:40:01.150+0000] {processor.py:925} INFO - DAG(s) 'dataset_consumes_1', 'consume_1_or_both_2_and_3_with_dataset_expressions', 'conditional_dataset_and_time_based_timetable', 'dataset_produces_1', 'dataset_consumes_1_never_scheduled', 'dataset_consumes_unknown_never_scheduled', 'dataset_produces_2', 'dataset_consumes_1_and_2', 'consume_1_or_2_with_dataset_expressions', 'consume_1_and_2_with_dataset_expressions' retrieved from /home/ubuntu/myenv/lib/python3.12/site-packages/airflow/example_dags/example_datasets.py
[2024-08-27T14:40:01.187+0000] {logging_mixin.py:190} INFO - [2024-08-27T14:40:01.187+0000] {dag.py:3211} INFO - Sync 10 DAGs
[2024-08-27T14:40:01.214+0000] {logging_mixin.py:190} INFO - [2024-08-27T14:40:01.214+0000] {dag.py:4138} INFO - Setting next_dagrun for conditional_dataset_and_time_based_timetable to 2024-08-21 01:00:00+00:00, run_after=2024-08-21 01:00:00+00:00
[2024-08-27T14:40:01.218+0000] {logging_mixin.py:190} INFO - [2024-08-27T14:40:01.217+0000] {dag.py:4138} INFO - Setting next_dagrun for consume_1_and_2_with_dataset_expressions to None, run_after=None
[2024-08-27T14:40:01.219+0000] {logging_mixin.py:190} INFO - [2024-08-27T14:40:01.219+0000] {dag.py:4138} INFO - Setting next_dagrun for consume_1_or_2_with_dataset_expressions to None, run_after=None
[2024-08-27T14:40:01.220+0000] {logging_mixin.py:190} INFO - [2024-08-27T14:40:01.220+0000] {dag.py:4138} INFO - Setting next_dagrun for consume_1_or_both_2_and_3_with_dataset_expressions to None, run_after=None
[2024-08-27T14:40:01.221+0000] {logging_mixin.py:190} INFO - [2024-08-27T14:40:01.221+0000] {dag.py:4138} INFO - Setting next_dagrun for dataset_consumes_1 to None, run_after=None
[2024-08-27T14:40:01.222+0000] {logging_mixin.py:190} INFO - [2024-08-27T14:40:01.222+0000] {dag.py:4138} INFO - Setting next_dagrun for dataset_consumes_1_and_2 to None, run_after=None
[2024-08-27T14:40:01.223+0000] {logging_mixin.py:190} INFO - [2024-08-27T14:40:01.223+0000] {dag.py:4138} INFO - Setting next_dagrun for dataset_consumes_1_never_scheduled to None, run_after=None
[2024-08-27T14:40:01.224+0000] {logging_mixin.py:190} INFO - [2024-08-27T14:40:01.224+0000] {dag.py:4138} INFO - Setting next_dagrun for dataset_consumes_unknown_never_scheduled to None, run_after=None
[2024-08-27T14:40:01.226+0000] {logging_mixin.py:190} INFO - [2024-08-27T14:40:01.226+0000] {dag.py:4138} INFO - Setting next_dagrun for dataset_produces_1 to 2024-08-26 00:00:00+00:00, run_after=2024-08-27 00:00:00+00:00
[2024-08-27T14:40:01.227+0000] {logging_mixin.py:190} INFO - [2024-08-27T14:40:01.227+0000] {dag.py:4138} INFO - Setting next_dagrun for dataset_produces_2 to None, run_after=None
[2024-08-27T14:40:01.260+0000] {processor.py:208} INFO - Processing /home/ubuntu/myenv/lib/python3.12/site-packages/airflow/example_dags/example_datasets.py took 0.138 seconds
[2024-08-27T14:40:51.145+0000] {processor.py:186} INFO - Started process (PID=5999) to work on /home/ubuntu/myenv/lib/python3.12/site-packages/airflow/example_dags/example_datasets.py
[2024-08-27T14:40:51.147+0000] {processor.py:914} INFO - Processing file /home/ubuntu/myenv/lib/python3.12/site-packages/airflow/example_dags/example_datasets.py for tasks to queue
[2024-08-27T14:40:51.149+0000] {logging_mixin.py:190} INFO - [2024-08-27T14:40:51.149+0000] {dagbag.py:587} INFO - Filling up the DagBag from /home/ubuntu/myenv/lib/python3.12/site-packages/airflow/example_dags/example_datasets.py
[2024-08-27T14:40:51.166+0000] {processor.py:925} INFO - DAG(s) 'dataset_consumes_1_and_2', 'dataset_produces_1', 'conditional_dataset_and_time_based_timetable', 'consume_1_or_2_with_dataset_expressions', 'dataset_consumes_unknown_never_scheduled', 'consume_1_or_both_2_and_3_with_dataset_expressions', 'dataset_produces_2', 'dataset_consumes_1_never_scheduled', 'consume_1_and_2_with_dataset_expressions', 'dataset_consumes_1' retrieved from /home/ubuntu/myenv/lib/python3.12/site-packages/airflow/example_dags/example_datasets.py
[2024-08-27T14:40:51.202+0000] {logging_mixin.py:190} INFO - [2024-08-27T14:40:51.202+0000] {dag.py:3211} INFO - Sync 10 DAGs
[2024-08-27T14:40:51.228+0000] {logging_mixin.py:190} INFO - [2024-08-27T14:40:51.228+0000] {dag.py:4138} INFO - Setting next_dagrun for conditional_dataset_and_time_based_timetable to 2024-08-21 01:00:00+00:00, run_after=2024-08-21 01:00:00+00:00
[2024-08-27T14:40:51.232+0000] {logging_mixin.py:190} INFO - [2024-08-27T14:40:51.232+0000] {dag.py:4138} INFO - Setting next_dagrun for consume_1_and_2_with_dataset_expressions to None, run_after=None
[2024-08-27T14:40:51.233+0000] {logging_mixin.py:190} INFO - [2024-08-27T14:40:51.233+0000] {dag.py:4138} INFO - Setting next_dagrun for consume_1_or_2_with_dataset_expressions to None, run_after=None
[2024-08-27T14:40:51.234+0000] {logging_mixin.py:190} INFO - [2024-08-27T14:40:51.233+0000] {dag.py:4138} INFO - Setting next_dagrun for consume_1_or_both_2_and_3_with_dataset_expressions to None, run_after=None
[2024-08-27T14:40:51.235+0000] {logging_mixin.py:190} INFO - [2024-08-27T14:40:51.234+0000] {dag.py:4138} INFO - Setting next_dagrun for dataset_consumes_1 to None, run_after=None
[2024-08-27T14:40:51.236+0000] {logging_mixin.py:190} INFO - [2024-08-27T14:40:51.235+0000] {dag.py:4138} INFO - Setting next_dagrun for dataset_consumes_1_and_2 to None, run_after=None
[2024-08-27T14:40:51.236+0000] {logging_mixin.py:190} INFO - [2024-08-27T14:40:51.236+0000] {dag.py:4138} INFO - Setting next_dagrun for dataset_consumes_1_never_scheduled to None, run_after=None
[2024-08-27T14:40:51.237+0000] {logging_mixin.py:190} INFO - [2024-08-27T14:40:51.237+0000] {dag.py:4138} INFO - Setting next_dagrun for dataset_consumes_unknown_never_scheduled to None, run_after=None
[2024-08-27T14:40:51.240+0000] {logging_mixin.py:190} INFO - [2024-08-27T14:40:51.239+0000] {dag.py:4138} INFO - Setting next_dagrun for dataset_produces_1 to 2024-08-26 00:00:00+00:00, run_after=2024-08-27 00:00:00+00:00
[2024-08-27T14:40:51.241+0000] {logging_mixin.py:190} INFO - [2024-08-27T14:40:51.240+0000] {dag.py:4138} INFO - Setting next_dagrun for dataset_produces_2 to None, run_after=None
[2024-08-27T14:40:51.273+0000] {processor.py:208} INFO - Processing /home/ubuntu/myenv/lib/python3.12/site-packages/airflow/example_dags/example_datasets.py took 0.134 seconds
[2024-08-27T14:41:44.410+0000] {processor.py:186} INFO - Started process (PID=6054) to work on /home/ubuntu/myenv/lib/python3.12/site-packages/airflow/example_dags/example_datasets.py
[2024-08-27T14:41:44.412+0000] {processor.py:914} INFO - Processing file /home/ubuntu/myenv/lib/python3.12/site-packages/airflow/example_dags/example_datasets.py for tasks to queue
[2024-08-27T14:41:44.415+0000] {logging_mixin.py:190} INFO - [2024-08-27T14:41:44.414+0000] {dagbag.py:587} INFO - Filling up the DagBag from /home/ubuntu/myenv/lib/python3.12/site-packages/airflow/example_dags/example_datasets.py
[2024-08-27T14:41:44.432+0000] {processor.py:925} INFO - DAG(s) 'dataset_consumes_1_and_2', 'consume_1_and_2_with_dataset_expressions', 'consume_1_or_both_2_and_3_with_dataset_expressions', 'dataset_consumes_1', 'dataset_consumes_1_never_scheduled', 'dataset_produces_1', 'dataset_produces_2', 'conditional_dataset_and_time_based_timetable', 'consume_1_or_2_with_dataset_expressions', 'dataset_consumes_unknown_never_scheduled' retrieved from /home/ubuntu/myenv/lib/python3.12/site-packages/airflow/example_dags/example_datasets.py
[2024-08-27T14:41:44.470+0000] {logging_mixin.py:190} INFO - [2024-08-27T14:41:44.469+0000] {dag.py:3211} INFO - Sync 10 DAGs
[2024-08-27T14:41:44.497+0000] {logging_mixin.py:190} INFO - [2024-08-27T14:41:44.497+0000] {dag.py:4138} INFO - Setting next_dagrun for conditional_dataset_and_time_based_timetable to 2024-08-21 01:00:00+00:00, run_after=2024-08-21 01:00:00+00:00
[2024-08-27T14:41:44.500+0000] {logging_mixin.py:190} INFO - [2024-08-27T14:41:44.500+0000] {dag.py:4138} INFO - Setting next_dagrun for consume_1_and_2_with_dataset_expressions to None, run_after=None
[2024-08-27T14:41:44.501+0000] {logging_mixin.py:190} INFO - [2024-08-27T14:41:44.501+0000] {dag.py:4138} INFO - Setting next_dagrun for consume_1_or_2_with_dataset_expressions to None, run_after=None
[2024-08-27T14:41:44.502+0000] {logging_mixin.py:190} INFO - [2024-08-27T14:41:44.502+0000] {dag.py:4138} INFO - Setting next_dagrun for consume_1_or_both_2_and_3_with_dataset_expressions to None, run_after=None
[2024-08-27T14:41:44.503+0000] {logging_mixin.py:190} INFO - [2024-08-27T14:41:44.503+0000] {dag.py:4138} INFO - Setting next_dagrun for dataset_consumes_1 to None, run_after=None
[2024-08-27T14:41:44.504+0000] {logging_mixin.py:190} INFO - [2024-08-27T14:41:44.504+0000] {dag.py:4138} INFO - Setting next_dagrun for dataset_consumes_1_and_2 to None, run_after=None
[2024-08-27T14:41:44.505+0000] {logging_mixin.py:190} INFO - [2024-08-27T14:41:44.505+0000] {dag.py:4138} INFO - Setting next_dagrun for dataset_consumes_1_never_scheduled to None, run_after=None
[2024-08-27T14:41:44.506+0000] {logging_mixin.py:190} INFO - [2024-08-27T14:41:44.506+0000] {dag.py:4138} INFO - Setting next_dagrun for dataset_consumes_unknown_never_scheduled to None, run_after=None
[2024-08-27T14:41:44.508+0000] {logging_mixin.py:190} INFO - [2024-08-27T14:41:44.508+0000] {dag.py:4138} INFO - Setting next_dagrun for dataset_produces_1 to 2024-08-26 00:00:00+00:00, run_after=2024-08-27 00:00:00+00:00
[2024-08-27T14:41:44.509+0000] {logging_mixin.py:190} INFO - [2024-08-27T14:41:44.509+0000] {dag.py:4138} INFO - Setting next_dagrun for dataset_produces_2 to None, run_after=None
[2024-08-27T14:41:44.541+0000] {processor.py:208} INFO - Processing /home/ubuntu/myenv/lib/python3.12/site-packages/airflow/example_dags/example_datasets.py took 0.137 seconds
[2024-08-27T14:42:35.518+0000] {processor.py:186} INFO - Started process (PID=6106) to work on /home/ubuntu/myenv/lib/python3.12/site-packages/airflow/example_dags/example_datasets.py
[2024-08-27T14:42:35.520+0000] {processor.py:914} INFO - Processing file /home/ubuntu/myenv/lib/python3.12/site-packages/airflow/example_dags/example_datasets.py for tasks to queue
[2024-08-27T14:42:35.522+0000] {logging_mixin.py:190} INFO - [2024-08-27T14:42:35.522+0000] {dagbag.py:587} INFO - Filling up the DagBag from /home/ubuntu/myenv/lib/python3.12/site-packages/airflow/example_dags/example_datasets.py
[2024-08-27T14:42:35.540+0000] {processor.py:925} INFO - DAG(s) 'conditional_dataset_and_time_based_timetable', 'dataset_consumes_1', 'dataset_consumes_1_never_scheduled', 'consume_1_or_both_2_and_3_with_dataset_expressions', 'dataset_consumes_unknown_never_scheduled', 'consume_1_or_2_with_dataset_expressions', 'consume_1_and_2_with_dataset_expressions', 'dataset_consumes_1_and_2', 'dataset_produces_1', 'dataset_produces_2' retrieved from /home/ubuntu/myenv/lib/python3.12/site-packages/airflow/example_dags/example_datasets.py
[2024-08-27T14:42:35.577+0000] {logging_mixin.py:190} INFO - [2024-08-27T14:42:35.577+0000] {dag.py:3211} INFO - Sync 10 DAGs
[2024-08-27T14:42:35.603+0000] {logging_mixin.py:190} INFO - [2024-08-27T14:42:35.603+0000] {dag.py:4138} INFO - Setting next_dagrun for conditional_dataset_and_time_based_timetable to 2024-08-21 01:00:00+00:00, run_after=2024-08-21 01:00:00+00:00
[2024-08-27T14:42:35.607+0000] {logging_mixin.py:190} INFO - [2024-08-27T14:42:35.606+0000] {dag.py:4138} INFO - Setting next_dagrun for consume_1_and_2_with_dataset_expressions to None, run_after=None
[2024-08-27T14:42:35.608+0000] {logging_mixin.py:190} INFO - [2024-08-27T14:42:35.607+0000] {dag.py:4138} INFO - Setting next_dagrun for consume_1_or_2_with_dataset_expressions to None, run_after=None
[2024-08-27T14:42:35.608+0000] {logging_mixin.py:190} INFO - [2024-08-27T14:42:35.608+0000] {dag.py:4138} INFO - Setting next_dagrun for consume_1_or_both_2_and_3_with_dataset_expressions to None, run_after=None
[2024-08-27T14:42:35.609+0000] {logging_mixin.py:190} INFO - [2024-08-27T14:42:35.609+0000] {dag.py:4138} INFO - Setting next_dagrun for dataset_consumes_1 to None, run_after=None
[2024-08-27T14:42:35.610+0000] {logging_mixin.py:190} INFO - [2024-08-27T14:42:35.610+0000] {dag.py:4138} INFO - Setting next_dagrun for dataset_consumes_1_and_2 to None, run_after=None
[2024-08-27T14:42:35.611+0000] {logging_mixin.py:190} INFO - [2024-08-27T14:42:35.611+0000] {dag.py:4138} INFO - Setting next_dagrun for dataset_consumes_1_never_scheduled to None, run_after=None
[2024-08-27T14:42:35.612+0000] {logging_mixin.py:190} INFO - [2024-08-27T14:42:35.612+0000] {dag.py:4138} INFO - Setting next_dagrun for dataset_consumes_unknown_never_scheduled to None, run_after=None
[2024-08-27T14:42:35.614+0000] {logging_mixin.py:190} INFO - [2024-08-27T14:42:35.614+0000] {dag.py:4138} INFO - Setting next_dagrun for dataset_produces_1 to 2024-08-26 00:00:00+00:00, run_after=2024-08-27 00:00:00+00:00
[2024-08-27T14:42:35.615+0000] {logging_mixin.py:190} INFO - [2024-08-27T14:42:35.615+0000] {dag.py:4138} INFO - Setting next_dagrun for dataset_produces_2 to None, run_after=None
[2024-08-27T14:42:35.649+0000] {processor.py:208} INFO - Processing /home/ubuntu/myenv/lib/python3.12/site-packages/airflow/example_dags/example_datasets.py took 0.137 seconds
[2024-08-27T14:43:27.277+0000] {processor.py:186} INFO - Started process (PID=6157) to work on /home/ubuntu/myenv/lib/python3.12/site-packages/airflow/example_dags/example_datasets.py
[2024-08-27T14:43:27.279+0000] {processor.py:914} INFO - Processing file /home/ubuntu/myenv/lib/python3.12/site-packages/airflow/example_dags/example_datasets.py for tasks to queue
[2024-08-27T14:43:27.281+0000] {logging_mixin.py:190} INFO - [2024-08-27T14:43:27.281+0000] {dagbag.py:587} INFO - Filling up the DagBag from /home/ubuntu/myenv/lib/python3.12/site-packages/airflow/example_dags/example_datasets.py
[2024-08-27T14:43:27.299+0000] {processor.py:925} INFO - DAG(s) 'consume_1_and_2_with_dataset_expressions', 'consume_1_or_both_2_and_3_with_dataset_expressions', 'dataset_produces_2', 'dataset_produces_1', 'conditional_dataset_and_time_based_timetable', 'consume_1_or_2_with_dataset_expressions', 'dataset_consumes_1_never_scheduled', 'dataset_consumes_unknown_never_scheduled', 'dataset_consumes_1_and_2', 'dataset_consumes_1' retrieved from /home/ubuntu/myenv/lib/python3.12/site-packages/airflow/example_dags/example_datasets.py
[2024-08-27T14:43:27.338+0000] {logging_mixin.py:190} INFO - [2024-08-27T14:43:27.337+0000] {dag.py:3211} INFO - Sync 10 DAGs
[2024-08-27T14:43:27.364+0000] {logging_mixin.py:190} INFO - [2024-08-27T14:43:27.364+0000] {dag.py:4138} INFO - Setting next_dagrun for conditional_dataset_and_time_based_timetable to 2024-08-21 01:00:00+00:00, run_after=2024-08-21 01:00:00+00:00
[2024-08-27T14:43:27.368+0000] {logging_mixin.py:190} INFO - [2024-08-27T14:43:27.368+0000] {dag.py:4138} INFO - Setting next_dagrun for consume_1_and_2_with_dataset_expressions to None, run_after=None
[2024-08-27T14:43:27.369+0000] {logging_mixin.py:190} INFO - [2024-08-27T14:43:27.369+0000] {dag.py:4138} INFO - Setting next_dagrun for consume_1_or_2_with_dataset_expressions to None, run_after=None
[2024-08-27T14:43:27.370+0000] {logging_mixin.py:190} INFO - [2024-08-27T14:43:27.370+0000] {dag.py:4138} INFO - Setting next_dagrun for consume_1_or_both_2_and_3_with_dataset_expressions to None, run_after=None
[2024-08-27T14:43:27.371+0000] {logging_mixin.py:190} INFO - [2024-08-27T14:43:27.371+0000] {dag.py:4138} INFO - Setting next_dagrun for dataset_consumes_1 to None, run_after=None
[2024-08-27T14:43:27.372+0000] {logging_mixin.py:190} INFO - [2024-08-27T14:43:27.372+0000] {dag.py:4138} INFO - Setting next_dagrun for dataset_consumes_1_and_2 to None, run_after=None
[2024-08-27T14:43:27.373+0000] {logging_mixin.py:190} INFO - [2024-08-27T14:43:27.373+0000] {dag.py:4138} INFO - Setting next_dagrun for dataset_consumes_1_never_scheduled to None, run_after=None
[2024-08-27T14:43:27.374+0000] {logging_mixin.py:190} INFO - [2024-08-27T14:43:27.374+0000] {dag.py:4138} INFO - Setting next_dagrun for dataset_consumes_unknown_never_scheduled to None, run_after=None
[2024-08-27T14:43:27.376+0000] {logging_mixin.py:190} INFO - [2024-08-27T14:43:27.376+0000] {dag.py:4138} INFO - Setting next_dagrun for dataset_produces_1 to 2024-08-26 00:00:00+00:00, run_after=2024-08-27 00:00:00+00:00
[2024-08-27T14:43:27.377+0000] {logging_mixin.py:190} INFO - [2024-08-27T14:43:27.377+0000] {dag.py:4138} INFO - Setting next_dagrun for dataset_produces_2 to None, run_after=None
[2024-08-27T14:43:27.412+0000] {processor.py:208} INFO - Processing /home/ubuntu/myenv/lib/python3.12/site-packages/airflow/example_dags/example_datasets.py took 0.141 seconds
[2024-08-27T14:44:17.747+0000] {processor.py:186} INFO - Started process (PID=6211) to work on /home/ubuntu/myenv/lib/python3.12/site-packages/airflow/example_dags/example_datasets.py
[2024-08-27T14:44:17.749+0000] {processor.py:914} INFO - Processing file /home/ubuntu/myenv/lib/python3.12/site-packages/airflow/example_dags/example_datasets.py for tasks to queue
[2024-08-27T14:44:17.751+0000] {logging_mixin.py:190} INFO - [2024-08-27T14:44:17.751+0000] {dagbag.py:587} INFO - Filling up the DagBag from /home/ubuntu/myenv/lib/python3.12/site-packages/airflow/example_dags/example_datasets.py
[2024-08-27T14:44:17.768+0000] {processor.py:925} INFO - DAG(s) 'dataset_consumes_unknown_never_scheduled', 'dataset_consumes_1_and_2', 'consume_1_or_both_2_and_3_with_dataset_expressions', 'conditional_dataset_and_time_based_timetable', 'dataset_produces_1', 'dataset_produces_2', 'consume_1_or_2_with_dataset_expressions', 'dataset_consumes_1', 'dataset_consumes_1_never_scheduled', 'consume_1_and_2_with_dataset_expressions' retrieved from /home/ubuntu/myenv/lib/python3.12/site-packages/airflow/example_dags/example_datasets.py
[2024-08-27T14:44:17.805+0000] {logging_mixin.py:190} INFO - [2024-08-27T14:44:17.805+0000] {dag.py:3211} INFO - Sync 10 DAGs
[2024-08-27T14:44:17.831+0000] {logging_mixin.py:190} INFO - [2024-08-27T14:44:17.831+0000] {dag.py:4138} INFO - Setting next_dagrun for conditional_dataset_and_time_based_timetable to 2024-08-21 01:00:00+00:00, run_after=2024-08-21 01:00:00+00:00
[2024-08-27T14:44:17.835+0000] {logging_mixin.py:190} INFO - [2024-08-27T14:44:17.835+0000] {dag.py:4138} INFO - Setting next_dagrun for consume_1_and_2_with_dataset_expressions to None, run_after=None
[2024-08-27T14:44:17.836+0000] {logging_mixin.py:190} INFO - [2024-08-27T14:44:17.836+0000] {dag.py:4138} INFO - Setting next_dagrun for consume_1_or_2_with_dataset_expressions to None, run_after=None
[2024-08-27T14:44:17.837+0000] {logging_mixin.py:190} INFO - [2024-08-27T14:44:17.836+0000] {dag.py:4138} INFO - Setting next_dagrun for consume_1_or_both_2_and_3_with_dataset_expressions to None, run_after=None
[2024-08-27T14:44:17.838+0000] {logging_mixin.py:190} INFO - [2024-08-27T14:44:17.837+0000] {dag.py:4138} INFO - Setting next_dagrun for dataset_consumes_1 to None, run_after=None
[2024-08-27T14:44:17.839+0000] {logging_mixin.py:190} INFO - [2024-08-27T14:44:17.838+0000] {dag.py:4138} INFO - Setting next_dagrun for dataset_consumes_1_and_2 to None, run_after=None
[2024-08-27T14:44:17.839+0000] {logging_mixin.py:190} INFO - [2024-08-27T14:44:17.839+0000] {dag.py:4138} INFO - Setting next_dagrun for dataset_consumes_1_never_scheduled to None, run_after=None
[2024-08-27T14:44:17.840+0000] {logging_mixin.py:190} INFO - [2024-08-27T14:44:17.840+0000] {dag.py:4138} INFO - Setting next_dagrun for dataset_consumes_unknown_never_scheduled to None, run_after=None
[2024-08-27T14:44:17.843+0000] {logging_mixin.py:190} INFO - [2024-08-27T14:44:17.842+0000] {dag.py:4138} INFO - Setting next_dagrun for dataset_produces_1 to 2024-08-26 00:00:00+00:00, run_after=2024-08-27 00:00:00+00:00
[2024-08-27T14:44:17.843+0000] {logging_mixin.py:190} INFO - [2024-08-27T14:44:17.843+0000] {dag.py:4138} INFO - Setting next_dagrun for dataset_produces_2 to None, run_after=None
[2024-08-27T14:44:17.876+0000] {processor.py:208} INFO - Processing /home/ubuntu/myenv/lib/python3.12/site-packages/airflow/example_dags/example_datasets.py took 0.134 seconds
[2024-08-27T14:45:32.226+0000] {processor.py:186} INFO - Started process (PID=6291) to work on /home/ubuntu/myenv/lib/python3.12/site-packages/airflow/example_dags/example_datasets.py
[2024-08-27T14:45:32.228+0000] {processor.py:914} INFO - Processing file /home/ubuntu/myenv/lib/python3.12/site-packages/airflow/example_dags/example_datasets.py for tasks to queue
[2024-08-27T14:45:32.230+0000] {logging_mixin.py:190} INFO - [2024-08-27T14:45:32.229+0000] {dagbag.py:587} INFO - Filling up the DagBag from /home/ubuntu/myenv/lib/python3.12/site-packages/airflow/example_dags/example_datasets.py
[2024-08-27T14:45:32.247+0000] {processor.py:925} INFO - DAG(s) 'dataset_consumes_1_never_scheduled', 'dataset_consumes_1', 'dataset_consumes_1_and_2', 'dataset_produces_1', 'consume_1_and_2_with_dataset_expressions', 'dataset_produces_2', 'conditional_dataset_and_time_based_timetable', 'consume_1_or_2_with_dataset_expressions', 'dataset_consumes_unknown_never_scheduled', 'consume_1_or_both_2_and_3_with_dataset_expressions' retrieved from /home/ubuntu/myenv/lib/python3.12/site-packages/airflow/example_dags/example_datasets.py
[2024-08-27T14:45:32.285+0000] {logging_mixin.py:190} INFO - [2024-08-27T14:45:32.285+0000] {dag.py:3211} INFO - Sync 10 DAGs
[2024-08-27T14:45:32.311+0000] {logging_mixin.py:190} INFO - [2024-08-27T14:45:32.311+0000] {dag.py:4138} INFO - Setting next_dagrun for conditional_dataset_and_time_based_timetable to 2024-08-21 01:00:00+00:00, run_after=2024-08-21 01:00:00+00:00
[2024-08-27T14:45:32.315+0000] {logging_mixin.py:190} INFO - [2024-08-27T14:45:32.315+0000] {dag.py:4138} INFO - Setting next_dagrun for consume_1_and_2_with_dataset_expressions to None, run_after=None
[2024-08-27T14:45:32.316+0000] {logging_mixin.py:190} INFO - [2024-08-27T14:45:32.316+0000] {dag.py:4138} INFO - Setting next_dagrun for consume_1_or_2_with_dataset_expressions to None, run_after=None
[2024-08-27T14:45:32.317+0000] {logging_mixin.py:190} INFO - [2024-08-27T14:45:32.317+0000] {dag.py:4138} INFO - Setting next_dagrun for consume_1_or_both_2_and_3_with_dataset_expressions to None, run_after=None
[2024-08-27T14:45:32.318+0000] {logging_mixin.py:190} INFO - [2024-08-27T14:45:32.318+0000] {dag.py:4138} INFO - Setting next_dagrun for dataset_consumes_1 to None, run_after=None
[2024-08-27T14:45:32.319+0000] {logging_mixin.py:190} INFO - [2024-08-27T14:45:32.319+0000] {dag.py:4138} INFO - Setting next_dagrun for dataset_consumes_1_and_2 to None, run_after=None
[2024-08-27T14:45:32.320+0000] {logging_mixin.py:190} INFO - [2024-08-27T14:45:32.320+0000] {dag.py:4138} INFO - Setting next_dagrun for dataset_consumes_1_never_scheduled to None, run_after=None
[2024-08-27T14:45:32.321+0000] {logging_mixin.py:190} INFO - [2024-08-27T14:45:32.320+0000] {dag.py:4138} INFO - Setting next_dagrun for dataset_consumes_unknown_never_scheduled to None, run_after=None
[2024-08-27T14:45:32.323+0000] {logging_mixin.py:190} INFO - [2024-08-27T14:45:32.323+0000] {dag.py:4138} INFO - Setting next_dagrun for dataset_produces_1 to 2024-08-26 00:00:00+00:00, run_after=2024-08-27 00:00:00+00:00
[2024-08-27T14:45:32.324+0000] {logging_mixin.py:190} INFO - [2024-08-27T14:45:32.324+0000] {dag.py:4138} INFO - Setting next_dagrun for dataset_produces_2 to None, run_after=None
[2024-08-27T14:45:32.357+0000] {processor.py:208} INFO - Processing /home/ubuntu/myenv/lib/python3.12/site-packages/airflow/example_dags/example_datasets.py took 0.137 seconds
[2024-08-27T14:46:23.146+0000] {processor.py:186} INFO - Started process (PID=6346) to work on /home/ubuntu/myenv/lib/python3.12/site-packages/airflow/example_dags/example_datasets.py
[2024-08-27T14:46:23.147+0000] {processor.py:914} INFO - Processing file /home/ubuntu/myenv/lib/python3.12/site-packages/airflow/example_dags/example_datasets.py for tasks to queue
[2024-08-27T14:46:23.150+0000] {logging_mixin.py:190} INFO - [2024-08-27T14:46:23.149+0000] {dagbag.py:587} INFO - Filling up the DagBag from /home/ubuntu/myenv/lib/python3.12/site-packages/airflow/example_dags/example_datasets.py
[2024-08-27T14:46:23.168+0000] {processor.py:925} INFO - DAG(s) 'dataset_consumes_1_and_2', 'dataset_consumes_unknown_never_scheduled', 'dataset_consumes_1_never_scheduled', 'consume_1_or_both_2_and_3_with_dataset_expressions', 'conditional_dataset_and_time_based_timetable', 'dataset_produces_1', 'dataset_produces_2', 'dataset_consumes_1', 'consume_1_or_2_with_dataset_expressions', 'consume_1_and_2_with_dataset_expressions' retrieved from /home/ubuntu/myenv/lib/python3.12/site-packages/airflow/example_dags/example_datasets.py
[2024-08-27T14:46:23.206+0000] {logging_mixin.py:190} INFO - [2024-08-27T14:46:23.205+0000] {dag.py:3211} INFO - Sync 10 DAGs
[2024-08-27T14:46:23.233+0000] {logging_mixin.py:190} INFO - [2024-08-27T14:46:23.233+0000] {dag.py:4138} INFO - Setting next_dagrun for conditional_dataset_and_time_based_timetable to 2024-08-21 01:00:00+00:00, run_after=2024-08-21 01:00:00+00:00
[2024-08-27T14:46:23.237+0000] {logging_mixin.py:190} INFO - [2024-08-27T14:46:23.237+0000] {dag.py:4138} INFO - Setting next_dagrun for consume_1_and_2_with_dataset_expressions to None, run_after=None
[2024-08-27T14:46:23.238+0000] {logging_mixin.py:190} INFO - [2024-08-27T14:46:23.238+0000] {dag.py:4138} INFO - Setting next_dagrun for consume_1_or_2_with_dataset_expressions to None, run_after=None
[2024-08-27T14:46:23.239+0000] {logging_mixin.py:190} INFO - [2024-08-27T14:46:23.239+0000] {dag.py:4138} INFO - Setting next_dagrun for consume_1_or_both_2_and_3_with_dataset_expressions to None, run_after=None
[2024-08-27T14:46:23.240+0000] {logging_mixin.py:190} INFO - [2024-08-27T14:46:23.240+0000] {dag.py:4138} INFO - Setting next_dagrun for dataset_consumes_1 to None, run_after=None
[2024-08-27T14:46:23.241+0000] {logging_mixin.py:190} INFO - [2024-08-27T14:46:23.241+0000] {dag.py:4138} INFO - Setting next_dagrun for dataset_consumes_1_and_2 to None, run_after=None
[2024-08-27T14:46:23.242+0000] {logging_mixin.py:190} INFO - [2024-08-27T14:46:23.242+0000] {dag.py:4138} INFO - Setting next_dagrun for dataset_consumes_1_never_scheduled to None, run_after=None
[2024-08-27T14:46:23.243+0000] {logging_mixin.py:190} INFO - [2024-08-27T14:46:23.243+0000] {dag.py:4138} INFO - Setting next_dagrun for dataset_consumes_unknown_never_scheduled to None, run_after=None
[2024-08-27T14:46:23.246+0000] {logging_mixin.py:190} INFO - [2024-08-27T14:46:23.246+0000] {dag.py:4138} INFO - Setting next_dagrun for dataset_produces_1 to 2024-08-26 00:00:00+00:00, run_after=2024-08-27 00:00:00+00:00
[2024-08-27T14:46:23.247+0000] {logging_mixin.py:190} INFO - [2024-08-27T14:46:23.247+0000] {dag.py:4138} INFO - Setting next_dagrun for dataset_produces_2 to None, run_after=None
[2024-08-27T14:46:23.280+0000] {processor.py:208} INFO - Processing /home/ubuntu/myenv/lib/python3.12/site-packages/airflow/example_dags/example_datasets.py took 0.141 seconds
[2024-08-27T14:47:36.724+0000] {processor.py:186} INFO - Started process (PID=6423) to work on /home/ubuntu/myenv/lib/python3.12/site-packages/airflow/example_dags/example_datasets.py
[2024-08-27T14:47:36.725+0000] {processor.py:914} INFO - Processing file /home/ubuntu/myenv/lib/python3.12/site-packages/airflow/example_dags/example_datasets.py for tasks to queue
[2024-08-27T14:47:36.728+0000] {logging_mixin.py:190} INFO - [2024-08-27T14:47:36.727+0000] {dagbag.py:587} INFO - Filling up the DagBag from /home/ubuntu/myenv/lib/python3.12/site-packages/airflow/example_dags/example_datasets.py
[2024-08-27T14:47:36.745+0000] {processor.py:925} INFO - DAG(s) 'conditional_dataset_and_time_based_timetable', 'dataset_consumes_1_never_scheduled', 'dataset_consumes_unknown_never_scheduled', 'dataset_produces_2', 'consume_1_or_2_with_dataset_expressions', 'dataset_consumes_1_and_2', 'consume_1_and_2_with_dataset_expressions', 'dataset_consumes_1', 'dataset_produces_1', 'consume_1_or_both_2_and_3_with_dataset_expressions' retrieved from /home/ubuntu/myenv/lib/python3.12/site-packages/airflow/example_dags/example_datasets.py
[2024-08-27T14:47:36.781+0000] {logging_mixin.py:190} INFO - [2024-08-27T14:47:36.781+0000] {dag.py:3211} INFO - Sync 10 DAGs
[2024-08-27T14:47:36.807+0000] {logging_mixin.py:190} INFO - [2024-08-27T14:47:36.806+0000] {dag.py:4138} INFO - Setting next_dagrun for conditional_dataset_and_time_based_timetable to 2024-08-21 01:00:00+00:00, run_after=2024-08-21 01:00:00+00:00
[2024-08-27T14:47:36.812+0000] {logging_mixin.py:190} INFO - [2024-08-27T14:47:36.812+0000] {dag.py:4138} INFO - Setting next_dagrun for consume_1_and_2_with_dataset_expressions to None, run_after=None
[2024-08-27T14:47:36.813+0000] {logging_mixin.py:190} INFO - [2024-08-27T14:47:36.813+0000] {dag.py:4138} INFO - Setting next_dagrun for consume_1_or_2_with_dataset_expressions to None, run_after=None
[2024-08-27T14:47:36.814+0000] {logging_mixin.py:190} INFO - [2024-08-27T14:47:36.813+0000] {dag.py:4138} INFO - Setting next_dagrun for consume_1_or_both_2_and_3_with_dataset_expressions to None, run_after=None
[2024-08-27T14:47:36.815+0000] {logging_mixin.py:190} INFO - [2024-08-27T14:47:36.814+0000] {dag.py:4138} INFO - Setting next_dagrun for dataset_consumes_1 to None, run_after=None
[2024-08-27T14:47:36.815+0000] {logging_mixin.py:190} INFO - [2024-08-27T14:47:36.815+0000] {dag.py:4138} INFO - Setting next_dagrun for dataset_consumes_1_and_2 to None, run_after=None
[2024-08-27T14:47:36.816+0000] {logging_mixin.py:190} INFO - [2024-08-27T14:47:36.816+0000] {dag.py:4138} INFO - Setting next_dagrun for dataset_consumes_1_never_scheduled to None, run_after=None
[2024-08-27T14:47:36.817+0000] {logging_mixin.py:190} INFO - [2024-08-27T14:47:36.817+0000] {dag.py:4138} INFO - Setting next_dagrun for dataset_consumes_unknown_never_scheduled to None, run_after=None
[2024-08-27T14:47:36.820+0000] {logging_mixin.py:190} INFO - [2024-08-27T14:47:36.819+0000] {dag.py:4138} INFO - Setting next_dagrun for dataset_produces_1 to 2024-08-26 00:00:00+00:00, run_after=2024-08-27 00:00:00+00:00
[2024-08-27T14:47:36.821+0000] {logging_mixin.py:190} INFO - [2024-08-27T14:47:36.820+0000] {dag.py:4138} INFO - Setting next_dagrun for dataset_produces_2 to None, run_after=None
[2024-08-27T14:47:36.853+0000] {processor.py:208} INFO - Processing /home/ubuntu/myenv/lib/python3.12/site-packages/airflow/example_dags/example_datasets.py took 0.135 seconds
[2024-08-27T14:48:48.541+0000] {processor.py:186} INFO - Started process (PID=6501) to work on /home/ubuntu/myenv/lib/python3.12/site-packages/airflow/example_dags/example_datasets.py
[2024-08-27T14:48:48.542+0000] {processor.py:914} INFO - Processing file /home/ubuntu/myenv/lib/python3.12/site-packages/airflow/example_dags/example_datasets.py for tasks to queue
[2024-08-27T14:48:48.545+0000] {logging_mixin.py:190} INFO - [2024-08-27T14:48:48.544+0000] {dagbag.py:587} INFO - Filling up the DagBag from /home/ubuntu/myenv/lib/python3.12/site-packages/airflow/example_dags/example_datasets.py
[2024-08-27T14:48:48.562+0000] {processor.py:925} INFO - DAG(s) 'dataset_consumes_1_never_scheduled', 'conditional_dataset_and_time_based_timetable', 'dataset_produces_1', 'dataset_consumes_1_and_2', 'consume_1_and_2_with_dataset_expressions', 'consume_1_or_both_2_and_3_with_dataset_expressions', 'dataset_consumes_1', 'consume_1_or_2_with_dataset_expressions', 'dataset_consumes_unknown_never_scheduled', 'dataset_produces_2' retrieved from /home/ubuntu/myenv/lib/python3.12/site-packages/airflow/example_dags/example_datasets.py
[2024-08-27T14:48:48.600+0000] {logging_mixin.py:190} INFO - [2024-08-27T14:48:48.600+0000] {dag.py:3211} INFO - Sync 10 DAGs
[2024-08-27T14:48:48.627+0000] {logging_mixin.py:190} INFO - [2024-08-27T14:48:48.626+0000] {dag.py:4138} INFO - Setting next_dagrun for conditional_dataset_and_time_based_timetable to 2024-08-21 01:00:00+00:00, run_after=2024-08-21 01:00:00+00:00
[2024-08-27T14:48:48.632+0000] {logging_mixin.py:190} INFO - [2024-08-27T14:48:48.632+0000] {dag.py:4138} INFO - Setting next_dagrun for consume_1_and_2_with_dataset_expressions to None, run_after=None
[2024-08-27T14:48:48.633+0000] {logging_mixin.py:190} INFO - [2024-08-27T14:48:48.633+0000] {dag.py:4138} INFO - Setting next_dagrun for consume_1_or_2_with_dataset_expressions to None, run_after=None
[2024-08-27T14:48:48.634+0000] {logging_mixin.py:190} INFO - [2024-08-27T14:48:48.634+0000] {dag.py:4138} INFO - Setting next_dagrun for consume_1_or_both_2_and_3_with_dataset_expressions to None, run_after=None
[2024-08-27T14:48:48.635+0000] {logging_mixin.py:190} INFO - [2024-08-27T14:48:48.635+0000] {dag.py:4138} INFO - Setting next_dagrun for dataset_consumes_1 to None, run_after=None
[2024-08-27T14:48:48.636+0000] {logging_mixin.py:190} INFO - [2024-08-27T14:48:48.636+0000] {dag.py:4138} INFO - Setting next_dagrun for dataset_consumes_1_and_2 to None, run_after=None
[2024-08-27T14:48:48.637+0000] {logging_mixin.py:190} INFO - [2024-08-27T14:48:48.637+0000] {dag.py:4138} INFO - Setting next_dagrun for dataset_consumes_1_never_scheduled to None, run_after=None
[2024-08-27T14:48:48.638+0000] {logging_mixin.py:190} INFO - [2024-08-27T14:48:48.637+0000] {dag.py:4138} INFO - Setting next_dagrun for dataset_consumes_unknown_never_scheduled to None, run_after=None
[2024-08-27T14:48:48.640+0000] {logging_mixin.py:190} INFO - [2024-08-27T14:48:48.640+0000] {dag.py:4138} INFO - Setting next_dagrun for dataset_produces_1 to 2024-08-26 00:00:00+00:00, run_after=2024-08-27 00:00:00+00:00
[2024-08-27T14:48:48.641+0000] {logging_mixin.py:190} INFO - [2024-08-27T14:48:48.641+0000] {dag.py:4138} INFO - Setting next_dagrun for dataset_produces_2 to None, run_after=None
[2024-08-27T14:48:48.674+0000] {processor.py:208} INFO - Processing /home/ubuntu/myenv/lib/python3.12/site-packages/airflow/example_dags/example_datasets.py took 0.140 seconds
[2024-08-27T14:49:41.367+0000] {processor.py:186} INFO - Started process (PID=6555) to work on /home/ubuntu/myenv/lib/python3.12/site-packages/airflow/example_dags/example_datasets.py
[2024-08-27T14:49:41.368+0000] {processor.py:914} INFO - Processing file /home/ubuntu/myenv/lib/python3.12/site-packages/airflow/example_dags/example_datasets.py for tasks to queue
[2024-08-27T14:49:41.371+0000] {logging_mixin.py:190} INFO - [2024-08-27T14:49:41.370+0000] {dagbag.py:587} INFO - Filling up the DagBag from /home/ubuntu/myenv/lib/python3.12/site-packages/airflow/example_dags/example_datasets.py
[2024-08-27T14:49:41.388+0000] {processor.py:925} INFO - DAG(s) 'dataset_consumes_1_never_scheduled', 'dataset_produces_1', 'dataset_consumes_1_and_2', 'dataset_consumes_unknown_never_scheduled', 'consume_1_and_2_with_dataset_expressions', 'consume_1_or_2_with_dataset_expressions', 'dataset_consumes_1', 'dataset_produces_2', 'consume_1_or_both_2_and_3_with_dataset_expressions', 'conditional_dataset_and_time_based_timetable' retrieved from /home/ubuntu/myenv/lib/python3.12/site-packages/airflow/example_dags/example_datasets.py
[2024-08-27T14:49:41.425+0000] {logging_mixin.py:190} INFO - [2024-08-27T14:49:41.424+0000] {dag.py:3211} INFO - Sync 10 DAGs
[2024-08-27T14:49:41.451+0000] {logging_mixin.py:190} INFO - [2024-08-27T14:49:41.450+0000] {dag.py:4138} INFO - Setting next_dagrun for conditional_dataset_and_time_based_timetable to 2024-08-21 01:00:00+00:00, run_after=2024-08-21 01:00:00+00:00
[2024-08-27T14:49:41.454+0000] {logging_mixin.py:190} INFO - [2024-08-27T14:49:41.454+0000] {dag.py:4138} INFO - Setting next_dagrun for consume_1_and_2_with_dataset_expressions to None, run_after=None
[2024-08-27T14:49:41.455+0000] {logging_mixin.py:190} INFO - [2024-08-27T14:49:41.455+0000] {dag.py:4138} INFO - Setting next_dagrun for consume_1_or_2_with_dataset_expressions to None, run_after=None
[2024-08-27T14:49:41.456+0000] {logging_mixin.py:190} INFO - [2024-08-27T14:49:41.456+0000] {dag.py:4138} INFO - Setting next_dagrun for consume_1_or_both_2_and_3_with_dataset_expressions to None, run_after=None
[2024-08-27T14:49:41.457+0000] {logging_mixin.py:190} INFO - [2024-08-27T14:49:41.457+0000] {dag.py:4138} INFO - Setting next_dagrun for dataset_consumes_1 to None, run_after=None
[2024-08-27T14:49:41.458+0000] {logging_mixin.py:190} INFO - [2024-08-27T14:49:41.458+0000] {dag.py:4138} INFO - Setting next_dagrun for dataset_consumes_1_and_2 to None, run_after=None
[2024-08-27T14:49:41.459+0000] {logging_mixin.py:190} INFO - [2024-08-27T14:49:41.459+0000] {dag.py:4138} INFO - Setting next_dagrun for dataset_consumes_1_never_scheduled to None, run_after=None
[2024-08-27T14:49:41.460+0000] {logging_mixin.py:190} INFO - [2024-08-27T14:49:41.460+0000] {dag.py:4138} INFO - Setting next_dagrun for dataset_consumes_unknown_never_scheduled to None, run_after=None
[2024-08-27T14:49:41.462+0000] {logging_mixin.py:190} INFO - [2024-08-27T14:49:41.462+0000] {dag.py:4138} INFO - Setting next_dagrun for dataset_produces_1 to 2024-08-26 00:00:00+00:00, run_after=2024-08-27 00:00:00+00:00
[2024-08-27T14:49:41.463+0000] {logging_mixin.py:190} INFO - [2024-08-27T14:49:41.463+0000] {dag.py:4138} INFO - Setting next_dagrun for dataset_produces_2 to None, run_after=None
[2024-08-27T14:49:41.499+0000] {processor.py:208} INFO - Processing /home/ubuntu/myenv/lib/python3.12/site-packages/airflow/example_dags/example_datasets.py took 0.138 seconds
[2024-08-27T16:10:19.530+0000] {processor.py:186} INFO - Started process (PID=7627) to work on /home/ubuntu/myenv/lib/python3.12/site-packages/airflow/example_dags/example_datasets.py
[2024-08-27T16:10:19.531+0000] {processor.py:914} INFO - Processing file /home/ubuntu/myenv/lib/python3.12/site-packages/airflow/example_dags/example_datasets.py for tasks to queue
[2024-08-27T16:10:19.533+0000] {logging_mixin.py:190} INFO - [2024-08-27T16:10:19.533+0000] {dagbag.py:587} INFO - Filling up the DagBag from /home/ubuntu/myenv/lib/python3.12/site-packages/airflow/example_dags/example_datasets.py
[2024-08-27T16:10:19.551+0000] {processor.py:925} INFO - DAG(s) 'consume_1_and_2_with_dataset_expressions', 'dataset_consumes_unknown_never_scheduled', 'dataset_consumes_1_never_scheduled', 'dataset_consumes_1_and_2', 'consume_1_or_2_with_dataset_expressions', 'dataset_produces_2', 'consume_1_or_both_2_and_3_with_dataset_expressions', 'dataset_produces_1', 'dataset_consumes_1', 'conditional_dataset_and_time_based_timetable' retrieved from /home/ubuntu/myenv/lib/python3.12/site-packages/airflow/example_dags/example_datasets.py
[2024-08-27T16:10:19.589+0000] {logging_mixin.py:190} INFO - [2024-08-27T16:10:19.589+0000] {dag.py:3211} INFO - Sync 10 DAGs
[2024-08-27T16:10:19.616+0000] {logging_mixin.py:190} INFO - [2024-08-27T16:10:19.616+0000] {dag.py:4138} INFO - Setting next_dagrun for conditional_dataset_and_time_based_timetable to 2024-08-21 01:00:00+00:00, run_after=2024-08-21 01:00:00+00:00
[2024-08-27T16:10:19.620+0000] {logging_mixin.py:190} INFO - [2024-08-27T16:10:19.620+0000] {dag.py:4138} INFO - Setting next_dagrun for consume_1_and_2_with_dataset_expressions to None, run_after=None
[2024-08-27T16:10:19.621+0000] {logging_mixin.py:190} INFO - [2024-08-27T16:10:19.621+0000] {dag.py:4138} INFO - Setting next_dagrun for consume_1_or_2_with_dataset_expressions to None, run_after=None
[2024-08-27T16:10:19.622+0000] {logging_mixin.py:190} INFO - [2024-08-27T16:10:19.622+0000] {dag.py:4138} INFO - Setting next_dagrun for consume_1_or_both_2_and_3_with_dataset_expressions to None, run_after=None
[2024-08-27T16:10:19.623+0000] {logging_mixin.py:190} INFO - [2024-08-27T16:10:19.623+0000] {dag.py:4138} INFO - Setting next_dagrun for dataset_consumes_1 to None, run_after=None
[2024-08-27T16:10:19.624+0000] {logging_mixin.py:190} INFO - [2024-08-27T16:10:19.624+0000] {dag.py:4138} INFO - Setting next_dagrun for dataset_consumes_1_and_2 to None, run_after=None
[2024-08-27T16:10:19.625+0000] {logging_mixin.py:190} INFO - [2024-08-27T16:10:19.625+0000] {dag.py:4138} INFO - Setting next_dagrun for dataset_consumes_1_never_scheduled to None, run_after=None
[2024-08-27T16:10:19.626+0000] {logging_mixin.py:190} INFO - [2024-08-27T16:10:19.626+0000] {dag.py:4138} INFO - Setting next_dagrun for dataset_consumes_unknown_never_scheduled to None, run_after=None
[2024-08-27T16:10:19.628+0000] {logging_mixin.py:190} INFO - [2024-08-27T16:10:19.628+0000] {dag.py:4138} INFO - Setting next_dagrun for dataset_produces_1 to 2024-08-26 00:00:00+00:00, run_after=2024-08-27 00:00:00+00:00
[2024-08-27T16:10:19.629+0000] {logging_mixin.py:190} INFO - [2024-08-27T16:10:19.629+0000] {dag.py:4138} INFO - Setting next_dagrun for dataset_produces_2 to None, run_after=None
[2024-08-27T16:10:19.667+0000] {processor.py:208} INFO - Processing /home/ubuntu/myenv/lib/python3.12/site-packages/airflow/example_dags/example_datasets.py took 0.144 seconds
[2024-08-27T16:11:14.745+0000] {processor.py:186} INFO - Started process (PID=7728) to work on /home/ubuntu/myenv/lib/python3.12/site-packages/airflow/example_dags/example_datasets.py
[2024-08-27T16:11:14.746+0000] {processor.py:914} INFO - Processing file /home/ubuntu/myenv/lib/python3.12/site-packages/airflow/example_dags/example_datasets.py for tasks to queue
[2024-08-27T16:11:14.748+0000] {logging_mixin.py:190} INFO - [2024-08-27T16:11:14.748+0000] {dagbag.py:587} INFO - Filling up the DagBag from /home/ubuntu/myenv/lib/python3.12/site-packages/airflow/example_dags/example_datasets.py
[2024-08-27T16:11:14.765+0000] {processor.py:925} INFO - DAG(s) 'conditional_dataset_and_time_based_timetable', 'dataset_consumes_unknown_never_scheduled', 'dataset_produces_1', 'consume_1_and_2_with_dataset_expressions', 'dataset_consumes_1', 'dataset_consumes_1_and_2', 'dataset_consumes_1_never_scheduled', 'dataset_produces_2', 'consume_1_or_both_2_and_3_with_dataset_expressions', 'consume_1_or_2_with_dataset_expressions' retrieved from /home/ubuntu/myenv/lib/python3.12/site-packages/airflow/example_dags/example_datasets.py
[2024-08-27T16:11:14.802+0000] {logging_mixin.py:190} INFO - [2024-08-27T16:11:14.802+0000] {dag.py:3211} INFO - Sync 10 DAGs
[2024-08-27T16:11:14.828+0000] {logging_mixin.py:190} INFO - [2024-08-27T16:11:14.828+0000] {dag.py:4138} INFO - Setting next_dagrun for conditional_dataset_and_time_based_timetable to 2024-08-21 01:00:00+00:00, run_after=2024-08-21 01:00:00+00:00
[2024-08-27T16:11:14.832+0000] {logging_mixin.py:190} INFO - [2024-08-27T16:11:14.831+0000] {dag.py:4138} INFO - Setting next_dagrun for consume_1_and_2_with_dataset_expressions to None, run_after=None
[2024-08-27T16:11:14.833+0000] {logging_mixin.py:190} INFO - [2024-08-27T16:11:14.832+0000] {dag.py:4138} INFO - Setting next_dagrun for consume_1_or_2_with_dataset_expressions to None, run_after=None
[2024-08-27T16:11:14.833+0000] {logging_mixin.py:190} INFO - [2024-08-27T16:11:14.833+0000] {dag.py:4138} INFO - Setting next_dagrun for consume_1_or_both_2_and_3_with_dataset_expressions to None, run_after=None
[2024-08-27T16:11:14.834+0000] {logging_mixin.py:190} INFO - [2024-08-27T16:11:14.834+0000] {dag.py:4138} INFO - Setting next_dagrun for dataset_consumes_1 to None, run_after=None
[2024-08-27T16:11:14.835+0000] {logging_mixin.py:190} INFO - [2024-08-27T16:11:14.835+0000] {dag.py:4138} INFO - Setting next_dagrun for dataset_consumes_1_and_2 to None, run_after=None
[2024-08-27T16:11:14.836+0000] {logging_mixin.py:190} INFO - [2024-08-27T16:11:14.836+0000] {dag.py:4138} INFO - Setting next_dagrun for dataset_consumes_1_never_scheduled to None, run_after=None
[2024-08-27T16:11:14.837+0000] {logging_mixin.py:190} INFO - [2024-08-27T16:11:14.837+0000] {dag.py:4138} INFO - Setting next_dagrun for dataset_consumes_unknown_never_scheduled to None, run_after=None
[2024-08-27T16:11:14.840+0000] {logging_mixin.py:190} INFO - [2024-08-27T16:11:14.839+0000] {dag.py:4138} INFO - Setting next_dagrun for dataset_produces_1 to 2024-08-26 00:00:00+00:00, run_after=2024-08-27 00:00:00+00:00
[2024-08-27T16:11:14.841+0000] {logging_mixin.py:190} INFO - [2024-08-27T16:11:14.840+0000] {dag.py:4138} INFO - Setting next_dagrun for dataset_produces_2 to None, run_after=None
[2024-08-27T16:11:14.874+0000] {processor.py:208} INFO - Processing /home/ubuntu/myenv/lib/python3.12/site-packages/airflow/example_dags/example_datasets.py took 0.135 seconds
[2024-08-27T16:12:10.296+0000] {processor.py:186} INFO - Started process (PID=7856) to work on /home/ubuntu/myenv/lib/python3.12/site-packages/airflow/example_dags/example_datasets.py
[2024-08-27T16:12:10.298+0000] {processor.py:914} INFO - Processing file /home/ubuntu/myenv/lib/python3.12/site-packages/airflow/example_dags/example_datasets.py for tasks to queue
[2024-08-27T16:12:10.300+0000] {logging_mixin.py:190} INFO - [2024-08-27T16:12:10.300+0000] {dagbag.py:587} INFO - Filling up the DagBag from /home/ubuntu/myenv/lib/python3.12/site-packages/airflow/example_dags/example_datasets.py
[2024-08-27T16:12:10.317+0000] {processor.py:925} INFO - DAG(s) 'dataset_consumes_1_never_scheduled', 'consume_1_and_2_with_dataset_expressions', 'dataset_consumes_1_and_2', 'consume_1_or_both_2_and_3_with_dataset_expressions', 'dataset_produces_2', 'conditional_dataset_and_time_based_timetable', 'dataset_consumes_unknown_never_scheduled', 'dataset_produces_1', 'dataset_consumes_1', 'consume_1_or_2_with_dataset_expressions' retrieved from /home/ubuntu/myenv/lib/python3.12/site-packages/airflow/example_dags/example_datasets.py
[2024-08-27T16:12:10.355+0000] {logging_mixin.py:190} INFO - [2024-08-27T16:12:10.355+0000] {dag.py:3211} INFO - Sync 10 DAGs
[2024-08-27T16:12:10.381+0000] {logging_mixin.py:190} INFO - [2024-08-27T16:12:10.380+0000] {dag.py:4138} INFO - Setting next_dagrun for conditional_dataset_and_time_based_timetable to 2024-08-21 01:00:00+00:00, run_after=2024-08-21 01:00:00+00:00
[2024-08-27T16:12:10.385+0000] {logging_mixin.py:190} INFO - [2024-08-27T16:12:10.384+0000] {dag.py:4138} INFO - Setting next_dagrun for consume_1_and_2_with_dataset_expressions to None, run_after=None
[2024-08-27T16:12:10.386+0000] {logging_mixin.py:190} INFO - [2024-08-27T16:12:10.385+0000] {dag.py:4138} INFO - Setting next_dagrun for consume_1_or_2_with_dataset_expressions to None, run_after=None
[2024-08-27T16:12:10.387+0000] {logging_mixin.py:190} INFO - [2024-08-27T16:12:10.386+0000] {dag.py:4138} INFO - Setting next_dagrun for consume_1_or_both_2_and_3_with_dataset_expressions to None, run_after=None
[2024-08-27T16:12:10.388+0000] {logging_mixin.py:190} INFO - [2024-08-27T16:12:10.387+0000] {dag.py:4138} INFO - Setting next_dagrun for dataset_consumes_1 to None, run_after=None
[2024-08-27T16:12:10.388+0000] {logging_mixin.py:190} INFO - [2024-08-27T16:12:10.388+0000] {dag.py:4138} INFO - Setting next_dagrun for dataset_consumes_1_and_2 to None, run_after=None
[2024-08-27T16:12:10.389+0000] {logging_mixin.py:190} INFO - [2024-08-27T16:12:10.389+0000] {dag.py:4138} INFO - Setting next_dagrun for dataset_consumes_1_never_scheduled to None, run_after=None
[2024-08-27T16:12:10.390+0000] {logging_mixin.py:190} INFO - [2024-08-27T16:12:10.390+0000] {dag.py:4138} INFO - Setting next_dagrun for dataset_consumes_unknown_never_scheduled to None, run_after=None
[2024-08-27T16:12:10.393+0000] {logging_mixin.py:190} INFO - [2024-08-27T16:12:10.393+0000] {dag.py:4138} INFO - Setting next_dagrun for dataset_produces_1 to 2024-08-26 00:00:00+00:00, run_after=2024-08-27 00:00:00+00:00
[2024-08-27T16:12:10.394+0000] {logging_mixin.py:190} INFO - [2024-08-27T16:12:10.394+0000] {dag.py:4138} INFO - Setting next_dagrun for dataset_produces_2 to None, run_after=None
[2024-08-27T16:12:10.428+0000] {processor.py:208} INFO - Processing /home/ubuntu/myenv/lib/python3.12/site-packages/airflow/example_dags/example_datasets.py took 0.138 seconds
[2024-08-27T16:13:01.442+0000] {processor.py:186} INFO - Started process (PID=7945) to work on /home/ubuntu/myenv/lib/python3.12/site-packages/airflow/example_dags/example_datasets.py
[2024-08-27T16:13:01.444+0000] {processor.py:914} INFO - Processing file /home/ubuntu/myenv/lib/python3.12/site-packages/airflow/example_dags/example_datasets.py for tasks to queue
[2024-08-27T16:13:01.446+0000] {logging_mixin.py:190} INFO - [2024-08-27T16:13:01.446+0000] {dagbag.py:587} INFO - Filling up the DagBag from /home/ubuntu/myenv/lib/python3.12/site-packages/airflow/example_dags/example_datasets.py
[2024-08-27T16:13:01.464+0000] {processor.py:925} INFO - DAG(s) 'dataset_consumes_1', 'consume_1_or_2_with_dataset_expressions', 'conditional_dataset_and_time_based_timetable', 'dataset_produces_2', 'dataset_produces_1', 'dataset_consumes_1_and_2', 'dataset_consumes_unknown_never_scheduled', 'consume_1_and_2_with_dataset_expressions', 'consume_1_or_both_2_and_3_with_dataset_expressions', 'dataset_consumes_1_never_scheduled' retrieved from /home/ubuntu/myenv/lib/python3.12/site-packages/airflow/example_dags/example_datasets.py
[2024-08-27T16:13:01.501+0000] {logging_mixin.py:190} INFO - [2024-08-27T16:13:01.501+0000] {dag.py:3211} INFO - Sync 10 DAGs
[2024-08-27T16:13:01.528+0000] {logging_mixin.py:190} INFO - [2024-08-27T16:13:01.528+0000] {dag.py:4138} INFO - Setting next_dagrun for conditional_dataset_and_time_based_timetable to 2024-08-21 01:00:00+00:00, run_after=2024-08-21 01:00:00+00:00
[2024-08-27T16:13:01.532+0000] {logging_mixin.py:190} INFO - [2024-08-27T16:13:01.531+0000] {dag.py:4138} INFO - Setting next_dagrun for consume_1_and_2_with_dataset_expressions to None, run_after=None
[2024-08-27T16:13:01.533+0000] {logging_mixin.py:190} INFO - [2024-08-27T16:13:01.532+0000] {dag.py:4138} INFO - Setting next_dagrun for consume_1_or_2_with_dataset_expressions to None, run_after=None
[2024-08-27T16:13:01.534+0000] {logging_mixin.py:190} INFO - [2024-08-27T16:13:01.533+0000] {dag.py:4138} INFO - Setting next_dagrun for consume_1_or_both_2_and_3_with_dataset_expressions to None, run_after=None
[2024-08-27T16:13:01.535+0000] {logging_mixin.py:190} INFO - [2024-08-27T16:13:01.534+0000] {dag.py:4138} INFO - Setting next_dagrun for dataset_consumes_1 to None, run_after=None
[2024-08-27T16:13:01.536+0000] {logging_mixin.py:190} INFO - [2024-08-27T16:13:01.535+0000] {dag.py:4138} INFO - Setting next_dagrun for dataset_consumes_1_and_2 to None, run_after=None
[2024-08-27T16:13:01.537+0000] {logging_mixin.py:190} INFO - [2024-08-27T16:13:01.536+0000] {dag.py:4138} INFO - Setting next_dagrun for dataset_consumes_1_never_scheduled to None, run_after=None
[2024-08-27T16:13:01.537+0000] {logging_mixin.py:190} INFO - [2024-08-27T16:13:01.537+0000] {dag.py:4138} INFO - Setting next_dagrun for dataset_consumes_unknown_never_scheduled to None, run_after=None
[2024-08-27T16:13:01.540+0000] {logging_mixin.py:190} INFO - [2024-08-27T16:13:01.540+0000] {dag.py:4138} INFO - Setting next_dagrun for dataset_produces_1 to 2024-08-26 00:00:00+00:00, run_after=2024-08-27 00:00:00+00:00
[2024-08-27T16:13:01.541+0000] {logging_mixin.py:190} INFO - [2024-08-27T16:13:01.541+0000] {dag.py:4138} INFO - Setting next_dagrun for dataset_produces_2 to None, run_after=None
[2024-08-27T16:13:01.574+0000] {processor.py:208} INFO - Processing /home/ubuntu/myenv/lib/python3.12/site-packages/airflow/example_dags/example_datasets.py took 0.138 seconds
