[2024-08-27T14:35:09.023+0000] {processor.py:186} INFO - Started process (PID=5564) to work on /home/ubuntu/myenv/lib/python3.12/site-packages/airflow/example_dags/example_branch_datetime_operator.py
[2024-08-27T14:35:09.024+0000] {processor.py:914} INFO - Processing file /home/ubuntu/myenv/lib/python3.12/site-packages/airflow/example_dags/example_branch_datetime_operator.py for tasks to queue
[2024-08-27T14:35:09.026+0000] {logging_mixin.py:190} INFO - [2024-08-27T14:35:09.026+0000] {dagbag.py:587} INFO - Filling up the DagBag from /home/ubuntu/myenv/lib/python3.12/site-packages/airflow/example_dags/example_branch_datetime_operator.py
[2024-08-27T14:35:09.040+0000] {processor.py:925} INFO - DAG(s) 'example_branch_datetime_operator_2', 'example_branch_datetime_operator', 'example_branch_datetime_operator_3' retrieved from /home/ubuntu/myenv/lib/python3.12/site-packages/airflow/example_dags/example_branch_datetime_operator.py
[2024-08-27T14:35:09.158+0000] {logging_mixin.py:190} INFO - [2024-08-27T14:35:09.157+0000] {override.py:1900} INFO - Created Permission View: can delete on DAG:example_branch_datetime_operator_2
[2024-08-27T14:35:09.172+0000] {logging_mixin.py:190} INFO - [2024-08-27T14:35:09.171+0000] {override.py:1900} INFO - Created Permission View: can edit on DAG:example_branch_datetime_operator_2
[2024-08-27T14:35:09.182+0000] {logging_mixin.py:190} INFO - [2024-08-27T14:35:09.182+0000] {override.py:1900} INFO - Created Permission View: can read on DAG:example_branch_datetime_operator_2
[2024-08-27T14:35:09.199+0000] {logging_mixin.py:190} INFO - [2024-08-27T14:35:09.198+0000] {override.py:1900} INFO - Created Permission View: can create on DAG Run:example_branch_datetime_operator_2
[2024-08-27T14:35:09.209+0000] {logging_mixin.py:190} INFO - [2024-08-27T14:35:09.208+0000] {override.py:1900} INFO - Created Permission View: menu access on DAG Run:example_branch_datetime_operator_2
[2024-08-27T14:35:09.218+0000] {logging_mixin.py:190} INFO - [2024-08-27T14:35:09.218+0000] {override.py:1900} INFO - Created Permission View: can delete on DAG Run:example_branch_datetime_operator_2
[2024-08-27T14:35:09.228+0000] {logging_mixin.py:190} INFO - [2024-08-27T14:35:09.227+0000] {override.py:1900} INFO - Created Permission View: can read on DAG Run:example_branch_datetime_operator_2
[2024-08-27T14:35:09.251+0000] {logging_mixin.py:190} INFO - [2024-08-27T14:35:09.250+0000] {override.py:1900} INFO - Created Permission View: can delete on DAG:example_branch_datetime_operator
[2024-08-27T14:35:09.260+0000] {logging_mixin.py:190} INFO - [2024-08-27T14:35:09.260+0000] {override.py:1900} INFO - Created Permission View: can edit on DAG:example_branch_datetime_operator
[2024-08-27T14:35:09.270+0000] {logging_mixin.py:190} INFO - [2024-08-27T14:35:09.270+0000] {override.py:1900} INFO - Created Permission View: can read on DAG:example_branch_datetime_operator
[2024-08-27T14:35:09.287+0000] {logging_mixin.py:190} INFO - [2024-08-27T14:35:09.286+0000] {override.py:1900} INFO - Created Permission View: can create on DAG Run:example_branch_datetime_operator
[2024-08-27T14:35:09.297+0000] {logging_mixin.py:190} INFO - [2024-08-27T14:35:09.297+0000] {override.py:1900} INFO - Created Permission View: menu access on DAG Run:example_branch_datetime_operator
[2024-08-27T14:35:09.309+0000] {logging_mixin.py:190} INFO - [2024-08-27T14:35:09.309+0000] {override.py:1900} INFO - Created Permission View: can delete on DAG Run:example_branch_datetime_operator
[2024-08-27T14:35:09.322+0000] {logging_mixin.py:190} INFO - [2024-08-27T14:35:09.322+0000] {override.py:1900} INFO - Created Permission View: can read on DAG Run:example_branch_datetime_operator
[2024-08-27T14:35:09.344+0000] {logging_mixin.py:190} INFO - [2024-08-27T14:35:09.343+0000] {override.py:1900} INFO - Created Permission View: can delete on DAG:example_branch_datetime_operator_3
[2024-08-27T14:35:09.354+0000] {logging_mixin.py:190} INFO - [2024-08-27T14:35:09.354+0000] {override.py:1900} INFO - Created Permission View: can edit on DAG:example_branch_datetime_operator_3
[2024-08-27T14:35:09.364+0000] {logging_mixin.py:190} INFO - [2024-08-27T14:35:09.364+0000] {override.py:1900} INFO - Created Permission View: can read on DAG:example_branch_datetime_operator_3
[2024-08-27T14:35:09.383+0000] {logging_mixin.py:190} INFO - [2024-08-27T14:35:09.383+0000] {override.py:1900} INFO - Created Permission View: can create on DAG Run:example_branch_datetime_operator_3
[2024-08-27T14:35:09.395+0000] {logging_mixin.py:190} INFO - [2024-08-27T14:35:09.395+0000] {override.py:1900} INFO - Created Permission View: menu access on DAG Run:example_branch_datetime_operator_3
[2024-08-27T14:35:09.405+0000] {logging_mixin.py:190} INFO - [2024-08-27T14:35:09.405+0000] {override.py:1900} INFO - Created Permission View: can delete on DAG Run:example_branch_datetime_operator_3
[2024-08-27T14:35:09.416+0000] {logging_mixin.py:190} INFO - [2024-08-27T14:35:09.416+0000] {override.py:1900} INFO - Created Permission View: can read on DAG Run:example_branch_datetime_operator_3
[2024-08-27T14:35:09.416+0000] {logging_mixin.py:190} INFO - [2024-08-27T14:35:09.416+0000] {dag.py:3211} INFO - Sync 3 DAGs
[2024-08-27T14:35:09.430+0000] {logging_mixin.py:190} INFO - [2024-08-27T14:35:09.430+0000] {dag.py:3234} INFO - Creating ORM DAG for example_branch_datetime_operator_3
[2024-08-27T14:35:09.431+0000] {logging_mixin.py:190} INFO - [2024-08-27T14:35:09.431+0000] {dag.py:3234} INFO - Creating ORM DAG for example_branch_datetime_operator_2
[2024-08-27T14:35:09.432+0000] {logging_mixin.py:190} INFO - [2024-08-27T14:35:09.431+0000] {dag.py:3234} INFO - Creating ORM DAG for example_branch_datetime_operator
[2024-08-27T14:35:09.441+0000] {logging_mixin.py:190} INFO - [2024-08-27T14:35:09.441+0000] {dag.py:4138} INFO - Setting next_dagrun for example_branch_datetime_operator to 2024-08-26 00:00:00+00:00, run_after=2024-08-27 00:00:00+00:00
[2024-08-27T14:35:09.443+0000] {logging_mixin.py:190} INFO - [2024-08-27T14:35:09.443+0000] {dag.py:4138} INFO - Setting next_dagrun for example_branch_datetime_operator_2 to 2024-08-26 00:00:00+00:00, run_after=2024-08-27 00:00:00+00:00
[2024-08-27T14:35:09.445+0000] {logging_mixin.py:190} INFO - [2024-08-27T14:35:09.445+0000] {dag.py:4138} INFO - Setting next_dagrun for example_branch_datetime_operator_3 to 2024-08-26 00:00:00+00:00, run_after=2024-08-27 00:00:00+00:00
[2024-08-27T14:35:09.467+0000] {processor.py:208} INFO - Processing /home/ubuntu/myenv/lib/python3.12/site-packages/airflow/example_dags/example_branch_datetime_operator.py took 0.450 seconds
[2024-08-27T14:36:07.912+0000] {processor.py:186} INFO - Started process (PID=5638) to work on /home/ubuntu/myenv/lib/python3.12/site-packages/airflow/example_dags/example_branch_datetime_operator.py
[2024-08-27T14:36:07.913+0000] {processor.py:914} INFO - Processing file /home/ubuntu/myenv/lib/python3.12/site-packages/airflow/example_dags/example_branch_datetime_operator.py for tasks to queue
[2024-08-27T14:36:07.916+0000] {logging_mixin.py:190} INFO - [2024-08-27T14:36:07.915+0000] {dagbag.py:587} INFO - Filling up the DagBag from /home/ubuntu/myenv/lib/python3.12/site-packages/airflow/example_dags/example_branch_datetime_operator.py
[2024-08-27T14:36:07.929+0000] {processor.py:925} INFO - DAG(s) 'example_branch_datetime_operator_2', 'example_branch_datetime_operator', 'example_branch_datetime_operator_3' retrieved from /home/ubuntu/myenv/lib/python3.12/site-packages/airflow/example_dags/example_branch_datetime_operator.py
[2024-08-27T14:36:07.952+0000] {logging_mixin.py:190} INFO - [2024-08-27T14:36:07.952+0000] {dag.py:3211} INFO - Sync 3 DAGs
[2024-08-27T14:36:07.976+0000] {logging_mixin.py:190} INFO - [2024-08-27T14:36:07.975+0000] {dag.py:4138} INFO - Setting next_dagrun for example_branch_datetime_operator to 2024-08-26 00:00:00+00:00, run_after=2024-08-27 00:00:00+00:00
[2024-08-27T14:36:07.980+0000] {logging_mixin.py:190} INFO - [2024-08-27T14:36:07.980+0000] {dag.py:4138} INFO - Setting next_dagrun for example_branch_datetime_operator_2 to 2024-08-26 00:00:00+00:00, run_after=2024-08-27 00:00:00+00:00
[2024-08-27T14:36:07.982+0000] {logging_mixin.py:190} INFO - [2024-08-27T14:36:07.982+0000] {dag.py:4138} INFO - Setting next_dagrun for example_branch_datetime_operator_3 to 2024-08-26 00:00:00+00:00, run_after=2024-08-27 00:00:00+00:00
[2024-08-27T14:36:08.003+0000] {processor.py:208} INFO - Processing /home/ubuntu/myenv/lib/python3.12/site-packages/airflow/example_dags/example_branch_datetime_operator.py took 0.097 seconds
[2024-08-27T14:37:21.886+0000] {processor.py:186} INFO - Started process (PID=5740) to work on /home/ubuntu/myenv/lib/python3.12/site-packages/airflow/example_dags/example_branch_datetime_operator.py
[2024-08-27T14:37:21.888+0000] {processor.py:914} INFO - Processing file /home/ubuntu/myenv/lib/python3.12/site-packages/airflow/example_dags/example_branch_datetime_operator.py for tasks to queue
[2024-08-27T14:37:21.890+0000] {logging_mixin.py:190} INFO - [2024-08-27T14:37:21.889+0000] {dagbag.py:587} INFO - Filling up the DagBag from /home/ubuntu/myenv/lib/python3.12/site-packages/airflow/example_dags/example_branch_datetime_operator.py
[2024-08-27T14:37:21.903+0000] {processor.py:925} INFO - DAG(s) 'example_branch_datetime_operator_2', 'example_branch_datetime_operator_3', 'example_branch_datetime_operator' retrieved from /home/ubuntu/myenv/lib/python3.12/site-packages/airflow/example_dags/example_branch_datetime_operator.py
[2024-08-27T14:37:21.927+0000] {logging_mixin.py:190} INFO - [2024-08-27T14:37:21.927+0000] {dag.py:3211} INFO - Sync 3 DAGs
[2024-08-27T14:37:21.951+0000] {logging_mixin.py:190} INFO - [2024-08-27T14:37:21.950+0000] {dag.py:4138} INFO - Setting next_dagrun for example_branch_datetime_operator to 2024-08-26 00:00:00+00:00, run_after=2024-08-27 00:00:00+00:00
[2024-08-27T14:37:21.955+0000] {logging_mixin.py:190} INFO - [2024-08-27T14:37:21.955+0000] {dag.py:4138} INFO - Setting next_dagrun for example_branch_datetime_operator_2 to 2024-08-26 00:00:00+00:00, run_after=2024-08-27 00:00:00+00:00
[2024-08-27T14:37:21.958+0000] {logging_mixin.py:190} INFO - [2024-08-27T14:37:21.957+0000] {dag.py:4138} INFO - Setting next_dagrun for example_branch_datetime_operator_3 to 2024-08-26 00:00:00+00:00, run_after=2024-08-27 00:00:00+00:00
[2024-08-27T14:37:21.979+0000] {processor.py:208} INFO - Processing /home/ubuntu/myenv/lib/python3.12/site-packages/airflow/example_dags/example_branch_datetime_operator.py took 0.099 seconds
[2024-08-27T14:38:38.270+0000] {processor.py:186} INFO - Started process (PID=5838) to work on /home/ubuntu/myenv/lib/python3.12/site-packages/airflow/example_dags/example_branch_datetime_operator.py
[2024-08-27T14:38:38.271+0000] {processor.py:914} INFO - Processing file /home/ubuntu/myenv/lib/python3.12/site-packages/airflow/example_dags/example_branch_datetime_operator.py for tasks to queue
[2024-08-27T14:38:38.273+0000] {logging_mixin.py:190} INFO - [2024-08-27T14:38:38.273+0000] {dagbag.py:587} INFO - Filling up the DagBag from /home/ubuntu/myenv/lib/python3.12/site-packages/airflow/example_dags/example_branch_datetime_operator.py
[2024-08-27T14:38:38.287+0000] {processor.py:925} INFO - DAG(s) 'example_branch_datetime_operator_2', 'example_branch_datetime_operator_3', 'example_branch_datetime_operator' retrieved from /home/ubuntu/myenv/lib/python3.12/site-packages/airflow/example_dags/example_branch_datetime_operator.py
[2024-08-27T14:38:38.310+0000] {logging_mixin.py:190} INFO - [2024-08-27T14:38:38.309+0000] {dag.py:3211} INFO - Sync 3 DAGs
[2024-08-27T14:38:38.453+0000] {logging_mixin.py:190} INFO - [2024-08-27T14:38:38.452+0000] {dag.py:4138} INFO - Setting next_dagrun for example_branch_datetime_operator to 2024-08-26 00:00:00+00:00, run_after=2024-08-27 00:00:00+00:00
[2024-08-27T14:38:38.457+0000] {logging_mixin.py:190} INFO - [2024-08-27T14:38:38.457+0000] {dag.py:4138} INFO - Setting next_dagrun for example_branch_datetime_operator_2 to 2024-08-26 00:00:00+00:00, run_after=2024-08-27 00:00:00+00:00
[2024-08-27T14:38:38.459+0000] {logging_mixin.py:190} INFO - [2024-08-27T14:38:38.459+0000] {dag.py:4138} INFO - Setting next_dagrun for example_branch_datetime_operator_3 to 2024-08-26 00:00:00+00:00, run_after=2024-08-27 00:00:00+00:00
[2024-08-27T14:38:38.478+0000] {processor.py:208} INFO - Processing /home/ubuntu/myenv/lib/python3.12/site-packages/airflow/example_dags/example_branch_datetime_operator.py took 0.215 seconds
[2024-08-27T14:39:45.104+0000] {processor.py:186} INFO - Started process (PID=5919) to work on /home/ubuntu/myenv/lib/python3.12/site-packages/airflow/example_dags/example_branch_datetime_operator.py
[2024-08-27T14:39:45.106+0000] {processor.py:914} INFO - Processing file /home/ubuntu/myenv/lib/python3.12/site-packages/airflow/example_dags/example_branch_datetime_operator.py for tasks to queue
[2024-08-27T14:39:45.108+0000] {logging_mixin.py:190} INFO - [2024-08-27T14:39:45.107+0000] {dagbag.py:587} INFO - Filling up the DagBag from /home/ubuntu/myenv/lib/python3.12/site-packages/airflow/example_dags/example_branch_datetime_operator.py
[2024-08-27T14:39:45.122+0000] {processor.py:925} INFO - DAG(s) 'example_branch_datetime_operator_3', 'example_branch_datetime_operator', 'example_branch_datetime_operator_2' retrieved from /home/ubuntu/myenv/lib/python3.12/site-packages/airflow/example_dags/example_branch_datetime_operator.py
[2024-08-27T14:39:45.146+0000] {logging_mixin.py:190} INFO - [2024-08-27T14:39:45.146+0000] {dag.py:3211} INFO - Sync 3 DAGs
[2024-08-27T14:39:45.171+0000] {logging_mixin.py:190} INFO - [2024-08-27T14:39:45.171+0000] {dag.py:4138} INFO - Setting next_dagrun for example_branch_datetime_operator to 2024-08-26 00:00:00+00:00, run_after=2024-08-27 00:00:00+00:00
[2024-08-27T14:39:45.176+0000] {logging_mixin.py:190} INFO - [2024-08-27T14:39:45.176+0000] {dag.py:4138} INFO - Setting next_dagrun for example_branch_datetime_operator_2 to 2024-08-26 00:00:00+00:00, run_after=2024-08-27 00:00:00+00:00
[2024-08-27T14:39:45.178+0000] {logging_mixin.py:190} INFO - [2024-08-27T14:39:45.178+0000] {dag.py:4138} INFO - Setting next_dagrun for example_branch_datetime_operator_3 to 2024-08-26 00:00:00+00:00, run_after=2024-08-27 00:00:00+00:00
[2024-08-27T14:39:45.199+0000] {processor.py:208} INFO - Processing /home/ubuntu/myenv/lib/python3.12/site-packages/airflow/example_dags/example_branch_datetime_operator.py took 0.101 seconds
[2024-08-27T14:40:59.584+0000] {processor.py:186} INFO - Started process (PID=6008) to work on /home/ubuntu/myenv/lib/python3.12/site-packages/airflow/example_dags/example_branch_datetime_operator.py
[2024-08-27T14:40:59.586+0000] {processor.py:914} INFO - Processing file /home/ubuntu/myenv/lib/python3.12/site-packages/airflow/example_dags/example_branch_datetime_operator.py for tasks to queue
[2024-08-27T14:40:59.588+0000] {logging_mixin.py:190} INFO - [2024-08-27T14:40:59.588+0000] {dagbag.py:587} INFO - Filling up the DagBag from /home/ubuntu/myenv/lib/python3.12/site-packages/airflow/example_dags/example_branch_datetime_operator.py
[2024-08-27T14:40:59.602+0000] {processor.py:925} INFO - DAG(s) 'example_branch_datetime_operator', 'example_branch_datetime_operator_2', 'example_branch_datetime_operator_3' retrieved from /home/ubuntu/myenv/lib/python3.12/site-packages/airflow/example_dags/example_branch_datetime_operator.py
[2024-08-27T14:40:59.626+0000] {logging_mixin.py:190} INFO - [2024-08-27T14:40:59.625+0000] {dag.py:3211} INFO - Sync 3 DAGs
[2024-08-27T14:40:59.650+0000] {logging_mixin.py:190} INFO - [2024-08-27T14:40:59.649+0000] {dag.py:4138} INFO - Setting next_dagrun for example_branch_datetime_operator to 2024-08-26 00:00:00+00:00, run_after=2024-08-27 00:00:00+00:00
[2024-08-27T14:40:59.654+0000] {logging_mixin.py:190} INFO - [2024-08-27T14:40:59.654+0000] {dag.py:4138} INFO - Setting next_dagrun for example_branch_datetime_operator_2 to 2024-08-26 00:00:00+00:00, run_after=2024-08-27 00:00:00+00:00
[2024-08-27T14:40:59.656+0000] {logging_mixin.py:190} INFO - [2024-08-27T14:40:59.656+0000] {dag.py:4138} INFO - Setting next_dagrun for example_branch_datetime_operator_3 to 2024-08-26 00:00:00+00:00, run_after=2024-08-27 00:00:00+00:00
[2024-08-27T14:40:59.677+0000] {processor.py:208} INFO - Processing /home/ubuntu/myenv/lib/python3.12/site-packages/airflow/example_dags/example_branch_datetime_operator.py took 0.099 seconds
[2024-08-27T14:42:15.145+0000] {processor.py:186} INFO - Started process (PID=6084) to work on /home/ubuntu/myenv/lib/python3.12/site-packages/airflow/example_dags/example_branch_datetime_operator.py
[2024-08-27T14:42:15.147+0000] {processor.py:914} INFO - Processing file /home/ubuntu/myenv/lib/python3.12/site-packages/airflow/example_dags/example_branch_datetime_operator.py for tasks to queue
[2024-08-27T14:42:15.149+0000] {logging_mixin.py:190} INFO - [2024-08-27T14:42:15.149+0000] {dagbag.py:587} INFO - Filling up the DagBag from /home/ubuntu/myenv/lib/python3.12/site-packages/airflow/example_dags/example_branch_datetime_operator.py
[2024-08-27T14:42:15.164+0000] {processor.py:925} INFO - DAG(s) 'example_branch_datetime_operator', 'example_branch_datetime_operator_2', 'example_branch_datetime_operator_3' retrieved from /home/ubuntu/myenv/lib/python3.12/site-packages/airflow/example_dags/example_branch_datetime_operator.py
[2024-08-27T14:42:15.188+0000] {logging_mixin.py:190} INFO - [2024-08-27T14:42:15.187+0000] {dag.py:3211} INFO - Sync 3 DAGs
[2024-08-27T14:42:15.213+0000] {logging_mixin.py:190} INFO - [2024-08-27T14:42:15.213+0000] {dag.py:4138} INFO - Setting next_dagrun for example_branch_datetime_operator to 2024-08-26 00:00:00+00:00, run_after=2024-08-27 00:00:00+00:00
[2024-08-27T14:42:15.218+0000] {logging_mixin.py:190} INFO - [2024-08-27T14:42:15.218+0000] {dag.py:4138} INFO - Setting next_dagrun for example_branch_datetime_operator_2 to 2024-08-26 00:00:00+00:00, run_after=2024-08-27 00:00:00+00:00
[2024-08-27T14:42:15.220+0000] {logging_mixin.py:190} INFO - [2024-08-27T14:42:15.220+0000] {dag.py:4138} INFO - Setting next_dagrun for example_branch_datetime_operator_3 to 2024-08-26 00:00:00+00:00, run_after=2024-08-27 00:00:00+00:00
[2024-08-27T14:42:15.240+0000] {processor.py:208} INFO - Processing /home/ubuntu/myenv/lib/python3.12/site-packages/airflow/example_dags/example_branch_datetime_operator.py took 0.101 seconds
[2024-08-27T14:43:31.604+0000] {processor.py:186} INFO - Started process (PID=6162) to work on /home/ubuntu/myenv/lib/python3.12/site-packages/airflow/example_dags/example_branch_datetime_operator.py
[2024-08-27T14:43:31.605+0000] {processor.py:914} INFO - Processing file /home/ubuntu/myenv/lib/python3.12/site-packages/airflow/example_dags/example_branch_datetime_operator.py for tasks to queue
[2024-08-27T14:43:31.607+0000] {logging_mixin.py:190} INFO - [2024-08-27T14:43:31.607+0000] {dagbag.py:587} INFO - Filling up the DagBag from /home/ubuntu/myenv/lib/python3.12/site-packages/airflow/example_dags/example_branch_datetime_operator.py
[2024-08-27T14:43:31.621+0000] {processor.py:925} INFO - DAG(s) 'example_branch_datetime_operator', 'example_branch_datetime_operator_2', 'example_branch_datetime_operator_3' retrieved from /home/ubuntu/myenv/lib/python3.12/site-packages/airflow/example_dags/example_branch_datetime_operator.py
[2024-08-27T14:43:31.645+0000] {logging_mixin.py:190} INFO - [2024-08-27T14:43:31.645+0000] {dag.py:3211} INFO - Sync 3 DAGs
[2024-08-27T14:43:31.669+0000] {logging_mixin.py:190} INFO - [2024-08-27T14:43:31.669+0000] {dag.py:4138} INFO - Setting next_dagrun for example_branch_datetime_operator to 2024-08-26 00:00:00+00:00, run_after=2024-08-27 00:00:00+00:00
[2024-08-27T14:43:31.674+0000] {logging_mixin.py:190} INFO - [2024-08-27T14:43:31.674+0000] {dag.py:4138} INFO - Setting next_dagrun for example_branch_datetime_operator_2 to 2024-08-26 00:00:00+00:00, run_after=2024-08-27 00:00:00+00:00
[2024-08-27T14:43:31.676+0000] {logging_mixin.py:190} INFO - [2024-08-27T14:43:31.676+0000] {dag.py:4138} INFO - Setting next_dagrun for example_branch_datetime_operator_3 to 2024-08-26 00:00:00+00:00, run_after=2024-08-27 00:00:00+00:00
[2024-08-27T14:43:31.697+0000] {processor.py:208} INFO - Processing /home/ubuntu/myenv/lib/python3.12/site-packages/airflow/example_dags/example_branch_datetime_operator.py took 0.100 seconds
[2024-08-27T14:44:45.246+0000] {processor.py:186} INFO - Started process (PID=6241) to work on /home/ubuntu/myenv/lib/python3.12/site-packages/airflow/example_dags/example_branch_datetime_operator.py
[2024-08-27T14:44:45.247+0000] {processor.py:914} INFO - Processing file /home/ubuntu/myenv/lib/python3.12/site-packages/airflow/example_dags/example_branch_datetime_operator.py for tasks to queue
[2024-08-27T14:44:45.249+0000] {logging_mixin.py:190} INFO - [2024-08-27T14:44:45.249+0000] {dagbag.py:587} INFO - Filling up the DagBag from /home/ubuntu/myenv/lib/python3.12/site-packages/airflow/example_dags/example_branch_datetime_operator.py
[2024-08-27T14:44:45.264+0000] {processor.py:925} INFO - DAG(s) 'example_branch_datetime_operator', 'example_branch_datetime_operator_3', 'example_branch_datetime_operator_2' retrieved from /home/ubuntu/myenv/lib/python3.12/site-packages/airflow/example_dags/example_branch_datetime_operator.py
[2024-08-27T14:44:45.287+0000] {logging_mixin.py:190} INFO - [2024-08-27T14:44:45.287+0000] {dag.py:3211} INFO - Sync 3 DAGs
[2024-08-27T14:44:45.311+0000] {logging_mixin.py:190} INFO - [2024-08-27T14:44:45.311+0000] {dag.py:4138} INFO - Setting next_dagrun for example_branch_datetime_operator to 2024-08-26 00:00:00+00:00, run_after=2024-08-27 00:00:00+00:00
[2024-08-27T14:44:45.316+0000] {logging_mixin.py:190} INFO - [2024-08-27T14:44:45.315+0000] {dag.py:4138} INFO - Setting next_dagrun for example_branch_datetime_operator_2 to 2024-08-26 00:00:00+00:00, run_after=2024-08-27 00:00:00+00:00
[2024-08-27T14:44:45.318+0000] {logging_mixin.py:190} INFO - [2024-08-27T14:44:45.318+0000] {dag.py:4138} INFO - Setting next_dagrun for example_branch_datetime_operator_3 to 2024-08-26 00:00:00+00:00, run_after=2024-08-27 00:00:00+00:00
[2024-08-27T14:44:45.339+0000] {processor.py:208} INFO - Processing /home/ubuntu/myenv/lib/python3.12/site-packages/airflow/example_dags/example_branch_datetime_operator.py took 0.099 seconds
[2024-08-27T14:46:02.756+0000] {processor.py:186} INFO - Started process (PID=6324) to work on /home/ubuntu/myenv/lib/python3.12/site-packages/airflow/example_dags/example_branch_datetime_operator.py
[2024-08-27T14:46:02.758+0000] {processor.py:914} INFO - Processing file /home/ubuntu/myenv/lib/python3.12/site-packages/airflow/example_dags/example_branch_datetime_operator.py for tasks to queue
[2024-08-27T14:46:02.760+0000] {logging_mixin.py:190} INFO - [2024-08-27T14:46:02.760+0000] {dagbag.py:587} INFO - Filling up the DagBag from /home/ubuntu/myenv/lib/python3.12/site-packages/airflow/example_dags/example_branch_datetime_operator.py
[2024-08-27T14:46:02.775+0000] {processor.py:925} INFO - DAG(s) 'example_branch_datetime_operator_2', 'example_branch_datetime_operator', 'example_branch_datetime_operator_3' retrieved from /home/ubuntu/myenv/lib/python3.12/site-packages/airflow/example_dags/example_branch_datetime_operator.py
[2024-08-27T14:46:02.800+0000] {logging_mixin.py:190} INFO - [2024-08-27T14:46:02.800+0000] {dag.py:3211} INFO - Sync 3 DAGs
[2024-08-27T14:46:02.827+0000] {logging_mixin.py:190} INFO - [2024-08-27T14:46:02.827+0000] {dag.py:4138} INFO - Setting next_dagrun for example_branch_datetime_operator to 2024-08-26 00:00:00+00:00, run_after=2024-08-27 00:00:00+00:00
[2024-08-27T14:46:02.832+0000] {logging_mixin.py:190} INFO - [2024-08-27T14:46:02.832+0000] {dag.py:4138} INFO - Setting next_dagrun for example_branch_datetime_operator_2 to 2024-08-26 00:00:00+00:00, run_after=2024-08-27 00:00:00+00:00
[2024-08-27T14:46:02.835+0000] {logging_mixin.py:190} INFO - [2024-08-27T14:46:02.835+0000] {dag.py:4138} INFO - Setting next_dagrun for example_branch_datetime_operator_3 to 2024-08-26 00:00:00+00:00, run_after=2024-08-27 00:00:00+00:00
[2024-08-27T14:46:02.858+0000] {processor.py:208} INFO - Processing /home/ubuntu/myenv/lib/python3.12/site-packages/airflow/example_dags/example_branch_datetime_operator.py took 0.109 seconds
[2024-08-27T14:47:13.248+0000] {processor.py:186} INFO - Started process (PID=6397) to work on /home/ubuntu/myenv/lib/python3.12/site-packages/airflow/example_dags/example_branch_datetime_operator.py
[2024-08-27T14:47:13.250+0000] {processor.py:914} INFO - Processing file /home/ubuntu/myenv/lib/python3.12/site-packages/airflow/example_dags/example_branch_datetime_operator.py for tasks to queue
[2024-08-27T14:47:13.252+0000] {logging_mixin.py:190} INFO - [2024-08-27T14:47:13.252+0000] {dagbag.py:587} INFO - Filling up the DagBag from /home/ubuntu/myenv/lib/python3.12/site-packages/airflow/example_dags/example_branch_datetime_operator.py
[2024-08-27T14:47:13.266+0000] {processor.py:925} INFO - DAG(s) 'example_branch_datetime_operator_2', 'example_branch_datetime_operator', 'example_branch_datetime_operator_3' retrieved from /home/ubuntu/myenv/lib/python3.12/site-packages/airflow/example_dags/example_branch_datetime_operator.py
[2024-08-27T14:47:13.291+0000] {logging_mixin.py:190} INFO - [2024-08-27T14:47:13.291+0000] {dag.py:3211} INFO - Sync 3 DAGs
[2024-08-27T14:47:13.316+0000] {logging_mixin.py:190} INFO - [2024-08-27T14:47:13.316+0000] {dag.py:4138} INFO - Setting next_dagrun for example_branch_datetime_operator to 2024-08-26 00:00:00+00:00, run_after=2024-08-27 00:00:00+00:00
[2024-08-27T14:47:13.321+0000] {logging_mixin.py:190} INFO - [2024-08-27T14:47:13.321+0000] {dag.py:4138} INFO - Setting next_dagrun for example_branch_datetime_operator_2 to 2024-08-26 00:00:00+00:00, run_after=2024-08-27 00:00:00+00:00
[2024-08-27T14:47:13.324+0000] {logging_mixin.py:190} INFO - [2024-08-27T14:47:13.323+0000] {dag.py:4138} INFO - Setting next_dagrun for example_branch_datetime_operator_3 to 2024-08-26 00:00:00+00:00, run_after=2024-08-27 00:00:00+00:00
[2024-08-27T14:47:13.345+0000] {processor.py:208} INFO - Processing /home/ubuntu/myenv/lib/python3.12/site-packages/airflow/example_dags/example_branch_datetime_operator.py took 0.103 seconds
[2024-08-27T14:48:30.215+0000] {processor.py:186} INFO - Started process (PID=6481) to work on /home/ubuntu/myenv/lib/python3.12/site-packages/airflow/example_dags/example_branch_datetime_operator.py
[2024-08-27T14:48:30.216+0000] {processor.py:914} INFO - Processing file /home/ubuntu/myenv/lib/python3.12/site-packages/airflow/example_dags/example_branch_datetime_operator.py for tasks to queue
[2024-08-27T14:48:30.219+0000] {logging_mixin.py:190} INFO - [2024-08-27T14:48:30.218+0000] {dagbag.py:587} INFO - Filling up the DagBag from /home/ubuntu/myenv/lib/python3.12/site-packages/airflow/example_dags/example_branch_datetime_operator.py
[2024-08-27T14:48:30.233+0000] {processor.py:925} INFO - DAG(s) 'example_branch_datetime_operator', 'example_branch_datetime_operator_2', 'example_branch_datetime_operator_3' retrieved from /home/ubuntu/myenv/lib/python3.12/site-packages/airflow/example_dags/example_branch_datetime_operator.py
[2024-08-27T14:48:30.258+0000] {logging_mixin.py:190} INFO - [2024-08-27T14:48:30.257+0000] {dag.py:3211} INFO - Sync 3 DAGs
[2024-08-27T14:48:30.282+0000] {logging_mixin.py:190} INFO - [2024-08-27T14:48:30.282+0000] {dag.py:4138} INFO - Setting next_dagrun for example_branch_datetime_operator to 2024-08-26 00:00:00+00:00, run_after=2024-08-27 00:00:00+00:00
[2024-08-27T14:48:30.287+0000] {logging_mixin.py:190} INFO - [2024-08-27T14:48:30.287+0000] {dag.py:4138} INFO - Setting next_dagrun for example_branch_datetime_operator_2 to 2024-08-26 00:00:00+00:00, run_after=2024-08-27 00:00:00+00:00
[2024-08-27T14:48:30.289+0000] {logging_mixin.py:190} INFO - [2024-08-27T14:48:30.289+0000] {dag.py:4138} INFO - Setting next_dagrun for example_branch_datetime_operator_3 to 2024-08-26 00:00:00+00:00, run_after=2024-08-27 00:00:00+00:00
[2024-08-27T14:48:30.310+0000] {processor.py:208} INFO - Processing /home/ubuntu/myenv/lib/python3.12/site-packages/airflow/example_dags/example_branch_datetime_operator.py took 0.102 seconds
[2024-08-27T14:49:47.655+0000] {processor.py:186} INFO - Started process (PID=6564) to work on /home/ubuntu/myenv/lib/python3.12/site-packages/airflow/example_dags/example_branch_datetime_operator.py
[2024-08-27T14:49:47.657+0000] {processor.py:914} INFO - Processing file /home/ubuntu/myenv/lib/python3.12/site-packages/airflow/example_dags/example_branch_datetime_operator.py for tasks to queue
[2024-08-27T14:49:47.659+0000] {logging_mixin.py:190} INFO - [2024-08-27T14:49:47.659+0000] {dagbag.py:587} INFO - Filling up the DagBag from /home/ubuntu/myenv/lib/python3.12/site-packages/airflow/example_dags/example_branch_datetime_operator.py
[2024-08-27T14:49:47.673+0000] {processor.py:925} INFO - DAG(s) 'example_branch_datetime_operator', 'example_branch_datetime_operator_3', 'example_branch_datetime_operator_2' retrieved from /home/ubuntu/myenv/lib/python3.12/site-packages/airflow/example_dags/example_branch_datetime_operator.py
[2024-08-27T14:49:47.697+0000] {logging_mixin.py:190} INFO - [2024-08-27T14:49:47.696+0000] {dag.py:3211} INFO - Sync 3 DAGs
[2024-08-27T14:49:47.720+0000] {logging_mixin.py:190} INFO - [2024-08-27T14:49:47.720+0000] {dag.py:4138} INFO - Setting next_dagrun for example_branch_datetime_operator to 2024-08-26 00:00:00+00:00, run_after=2024-08-27 00:00:00+00:00
[2024-08-27T14:49:47.725+0000] {logging_mixin.py:190} INFO - [2024-08-27T14:49:47.725+0000] {dag.py:4138} INFO - Setting next_dagrun for example_branch_datetime_operator_2 to 2024-08-26 00:00:00+00:00, run_after=2024-08-27 00:00:00+00:00
[2024-08-27T14:49:47.727+0000] {logging_mixin.py:190} INFO - [2024-08-27T14:49:47.727+0000] {dag.py:4138} INFO - Setting next_dagrun for example_branch_datetime_operator_3 to 2024-08-26 00:00:00+00:00, run_after=2024-08-27 00:00:00+00:00
[2024-08-27T14:49:47.748+0000] {processor.py:208} INFO - Processing /home/ubuntu/myenv/lib/python3.12/site-packages/airflow/example_dags/example_branch_datetime_operator.py took 0.098 seconds
[2024-08-27T16:10:33.826+0000] {processor.py:186} INFO - Started process (PID=7642) to work on /home/ubuntu/myenv/lib/python3.12/site-packages/airflow/example_dags/example_branch_datetime_operator.py
[2024-08-27T16:10:33.828+0000] {processor.py:914} INFO - Processing file /home/ubuntu/myenv/lib/python3.12/site-packages/airflow/example_dags/example_branch_datetime_operator.py for tasks to queue
[2024-08-27T16:10:33.830+0000] {logging_mixin.py:190} INFO - [2024-08-27T16:10:33.830+0000] {dagbag.py:587} INFO - Filling up the DagBag from /home/ubuntu/myenv/lib/python3.12/site-packages/airflow/example_dags/example_branch_datetime_operator.py
[2024-08-27T16:10:33.844+0000] {processor.py:925} INFO - DAG(s) 'example_branch_datetime_operator', 'example_branch_datetime_operator_2', 'example_branch_datetime_operator_3' retrieved from /home/ubuntu/myenv/lib/python3.12/site-packages/airflow/example_dags/example_branch_datetime_operator.py
[2024-08-27T16:10:33.867+0000] {logging_mixin.py:190} INFO - [2024-08-27T16:10:33.867+0000] {dag.py:3211} INFO - Sync 3 DAGs
[2024-08-27T16:10:33.891+0000] {logging_mixin.py:190} INFO - [2024-08-27T16:10:33.891+0000] {dag.py:4138} INFO - Setting next_dagrun for example_branch_datetime_operator to 2024-08-26 00:00:00+00:00, run_after=2024-08-27 00:00:00+00:00
[2024-08-27T16:10:33.896+0000] {logging_mixin.py:190} INFO - [2024-08-27T16:10:33.896+0000] {dag.py:4138} INFO - Setting next_dagrun for example_branch_datetime_operator_2 to 2024-08-26 00:00:00+00:00, run_after=2024-08-27 00:00:00+00:00
[2024-08-27T16:10:33.900+0000] {logging_mixin.py:190} INFO - [2024-08-27T16:10:33.900+0000] {dag.py:4138} INFO - Setting next_dagrun for example_branch_datetime_operator_3 to 2024-08-26 00:00:00+00:00, run_after=2024-08-27 00:00:00+00:00
[2024-08-27T16:10:33.921+0000] {processor.py:208} INFO - Processing /home/ubuntu/myenv/lib/python3.12/site-packages/airflow/example_dags/example_branch_datetime_operator.py took 0.100 seconds
[2024-08-27T16:11:49.699+0000] {processor.py:186} INFO - Started process (PID=7832) to work on /home/ubuntu/myenv/lib/python3.12/site-packages/airflow/example_dags/example_branch_datetime_operator.py
[2024-08-27T16:11:49.701+0000] {processor.py:914} INFO - Processing file /home/ubuntu/myenv/lib/python3.12/site-packages/airflow/example_dags/example_branch_datetime_operator.py for tasks to queue
[2024-08-27T16:11:49.703+0000] {logging_mixin.py:190} INFO - [2024-08-27T16:11:49.702+0000] {dagbag.py:587} INFO - Filling up the DagBag from /home/ubuntu/myenv/lib/python3.12/site-packages/airflow/example_dags/example_branch_datetime_operator.py
[2024-08-27T16:11:49.717+0000] {processor.py:925} INFO - DAG(s) 'example_branch_datetime_operator', 'example_branch_datetime_operator_3', 'example_branch_datetime_operator_2' retrieved from /home/ubuntu/myenv/lib/python3.12/site-packages/airflow/example_dags/example_branch_datetime_operator.py
[2024-08-27T16:11:49.740+0000] {logging_mixin.py:190} INFO - [2024-08-27T16:11:49.740+0000] {dag.py:3211} INFO - Sync 3 DAGs
[2024-08-27T16:11:49.763+0000] {logging_mixin.py:190} INFO - [2024-08-27T16:11:49.763+0000] {dag.py:4138} INFO - Setting next_dagrun for example_branch_datetime_operator to 2024-08-26 00:00:00+00:00, run_after=2024-08-27 00:00:00+00:00
[2024-08-27T16:11:49.768+0000] {logging_mixin.py:190} INFO - [2024-08-27T16:11:49.768+0000] {dag.py:4138} INFO - Setting next_dagrun for example_branch_datetime_operator_2 to 2024-08-26 00:00:00+00:00, run_after=2024-08-27 00:00:00+00:00
[2024-08-27T16:11:49.770+0000] {logging_mixin.py:190} INFO - [2024-08-27T16:11:49.770+0000] {dag.py:4138} INFO - Setting next_dagrun for example_branch_datetime_operator_3 to 2024-08-26 00:00:00+00:00, run_after=2024-08-27 00:00:00+00:00
[2024-08-27T16:11:49.792+0000] {processor.py:208} INFO - Processing /home/ubuntu/myenv/lib/python3.12/site-packages/airflow/example_dags/example_branch_datetime_operator.py took 0.099 seconds
[2024-08-27T16:13:06.518+0000] {processor.py:186} INFO - Started process (PID=7950) to work on /home/ubuntu/myenv/lib/python3.12/site-packages/airflow/example_dags/example_branch_datetime_operator.py
[2024-08-27T16:13:06.520+0000] {processor.py:914} INFO - Processing file /home/ubuntu/myenv/lib/python3.12/site-packages/airflow/example_dags/example_branch_datetime_operator.py for tasks to queue
[2024-08-27T16:13:06.522+0000] {logging_mixin.py:190} INFO - [2024-08-27T16:13:06.521+0000] {dagbag.py:587} INFO - Filling up the DagBag from /home/ubuntu/myenv/lib/python3.12/site-packages/airflow/example_dags/example_branch_datetime_operator.py
[2024-08-27T16:13:06.537+0000] {processor.py:925} INFO - DAG(s) 'example_branch_datetime_operator_2', 'example_branch_datetime_operator_3', 'example_branch_datetime_operator' retrieved from /home/ubuntu/myenv/lib/python3.12/site-packages/airflow/example_dags/example_branch_datetime_operator.py
[2024-08-27T16:13:06.561+0000] {logging_mixin.py:190} INFO - [2024-08-27T16:13:06.561+0000] {dag.py:3211} INFO - Sync 3 DAGs
[2024-08-27T16:13:06.586+0000] {logging_mixin.py:190} INFO - [2024-08-27T16:13:06.586+0000] {dag.py:4138} INFO - Setting next_dagrun for example_branch_datetime_operator to 2024-08-26 00:00:00+00:00, run_after=2024-08-27 00:00:00+00:00
[2024-08-27T16:13:06.591+0000] {logging_mixin.py:190} INFO - [2024-08-27T16:13:06.591+0000] {dag.py:4138} INFO - Setting next_dagrun for example_branch_datetime_operator_2 to 2024-08-26 00:00:00+00:00, run_after=2024-08-27 00:00:00+00:00
[2024-08-27T16:13:06.593+0000] {logging_mixin.py:190} INFO - [2024-08-27T16:13:06.593+0000] {dag.py:4138} INFO - Setting next_dagrun for example_branch_datetime_operator_3 to 2024-08-26 00:00:00+00:00, run_after=2024-08-27 00:00:00+00:00
[2024-08-27T16:13:06.615+0000] {processor.py:208} INFO - Processing /home/ubuntu/myenv/lib/python3.12/site-packages/airflow/example_dags/example_branch_datetime_operator.py took 0.104 seconds
