[2024-08-27T14:34:15.110+0000] {processor.py:186} INFO - Started process (PID=5518) to work on /home/ubuntu/myenv/lib/python3.12/site-packages/airflow/example_dags/example_xcom.py
[2024-08-27T14:34:15.111+0000] {processor.py:914} INFO - Processing file /home/ubuntu/myenv/lib/python3.12/site-packages/airflow/example_dags/example_xcom.py for tasks to queue
[2024-08-27T14:34:15.113+0000] {logging_mixin.py:190} INFO - [2024-08-27T14:34:15.112+0000] {dagbag.py:587} INFO - Filling up the DagBag from /home/ubuntu/myenv/lib/python3.12/site-packages/airflow/example_dags/example_xcom.py
[2024-08-27T14:34:15.124+0000] {processor.py:925} INFO - DAG(s) 'example_xcom' retrieved from /home/ubuntu/myenv/lib/python3.12/site-packages/airflow/example_dags/example_xcom.py
[2024-08-27T14:34:15.253+0000] {logging_mixin.py:190} INFO - [2024-08-27T14:34:15.253+0000] {override.py:1900} INFO - Created Permission View: can delete on DAG:example_xcom
[2024-08-27T14:34:15.266+0000] {logging_mixin.py:190} INFO - [2024-08-27T14:34:15.266+0000] {override.py:1900} INFO - Created Permission View: can edit on DAG:example_xcom
[2024-08-27T14:34:15.276+0000] {logging_mixin.py:190} INFO - [2024-08-27T14:34:15.276+0000] {override.py:1900} INFO - Created Permission View: can read on DAG:example_xcom
[2024-08-27T14:34:15.291+0000] {logging_mixin.py:190} INFO - [2024-08-27T14:34:15.291+0000] {override.py:1900} INFO - Created Permission View: can create on DAG Run:example_xcom
[2024-08-27T14:34:15.301+0000] {logging_mixin.py:190} INFO - [2024-08-27T14:34:15.301+0000] {override.py:1900} INFO - Created Permission View: menu access on DAG Run:example_xcom
[2024-08-27T14:34:15.310+0000] {logging_mixin.py:190} INFO - [2024-08-27T14:34:15.310+0000] {override.py:1900} INFO - Created Permission View: can delete on DAG Run:example_xcom
[2024-08-27T14:34:15.320+0000] {logging_mixin.py:190} INFO - [2024-08-27T14:34:15.320+0000] {override.py:1900} INFO - Created Permission View: can read on DAG Run:example_xcom
[2024-08-27T14:34:15.320+0000] {logging_mixin.py:190} INFO - [2024-08-27T14:34:15.320+0000] {dag.py:3211} INFO - Sync 1 DAGs
[2024-08-27T14:34:15.334+0000] {logging_mixin.py:190} INFO - [2024-08-27T14:34:15.334+0000] {dag.py:3234} INFO - Creating ORM DAG for example_xcom
[2024-08-27T14:34:15.342+0000] {logging_mixin.py:190} INFO - [2024-08-27T14:34:15.342+0000] {dag.py:4138} INFO - Setting next_dagrun for example_xcom to 2021-01-01 00:00:00+00:00, run_after=2021-01-01 00:00:00+00:00
[2024-08-27T14:34:15.364+0000] {processor.py:208} INFO - Processing /home/ubuntu/myenv/lib/python3.12/site-packages/airflow/example_dags/example_xcom.py took 0.260 seconds
[2024-08-27T14:35:23.928+0000] {processor.py:186} INFO - Started process (PID=5581) to work on /home/ubuntu/myenv/lib/python3.12/site-packages/airflow/example_dags/example_xcom.py
[2024-08-27T14:35:23.930+0000] {processor.py:914} INFO - Processing file /home/ubuntu/myenv/lib/python3.12/site-packages/airflow/example_dags/example_xcom.py for tasks to queue
[2024-08-27T14:35:23.932+0000] {logging_mixin.py:190} INFO - [2024-08-27T14:35:23.932+0000] {dagbag.py:587} INFO - Filling up the DagBag from /home/ubuntu/myenv/lib/python3.12/site-packages/airflow/example_dags/example_xcom.py
[2024-08-27T14:35:23.942+0000] {processor.py:925} INFO - DAG(s) 'example_xcom' retrieved from /home/ubuntu/myenv/lib/python3.12/site-packages/airflow/example_dags/example_xcom.py
[2024-08-27T14:35:23.961+0000] {logging_mixin.py:190} INFO - [2024-08-27T14:35:23.961+0000] {dag.py:3211} INFO - Sync 1 DAGs
[2024-08-27T14:35:23.983+0000] {logging_mixin.py:190} INFO - [2024-08-27T14:35:23.982+0000] {dag.py:4138} INFO - Setting next_dagrun for example_xcom to 2021-01-01 00:00:00+00:00, run_after=2021-01-01 00:00:00+00:00
[2024-08-27T14:35:24.005+0000] {processor.py:208} INFO - Processing /home/ubuntu/myenv/lib/python3.12/site-packages/airflow/example_dags/example_xcom.py took 0.083 seconds
[2024-08-27T14:36:18.207+0000] {processor.py:186} INFO - Started process (PID=5651) to work on /home/ubuntu/myenv/lib/python3.12/site-packages/airflow/example_dags/example_xcom.py
[2024-08-27T14:36:18.208+0000] {processor.py:914} INFO - Processing file /home/ubuntu/myenv/lib/python3.12/site-packages/airflow/example_dags/example_xcom.py for tasks to queue
[2024-08-27T14:36:18.210+0000] {logging_mixin.py:190} INFO - [2024-08-27T14:36:18.210+0000] {dagbag.py:587} INFO - Filling up the DagBag from /home/ubuntu/myenv/lib/python3.12/site-packages/airflow/example_dags/example_xcom.py
[2024-08-27T14:36:18.221+0000] {processor.py:925} INFO - DAG(s) 'example_xcom' retrieved from /home/ubuntu/myenv/lib/python3.12/site-packages/airflow/example_dags/example_xcom.py
[2024-08-27T14:36:18.240+0000] {logging_mixin.py:190} INFO - [2024-08-27T14:36:18.240+0000] {dag.py:3211} INFO - Sync 1 DAGs
[2024-08-27T14:36:18.261+0000] {logging_mixin.py:190} INFO - [2024-08-27T14:36:18.261+0000] {dag.py:4138} INFO - Setting next_dagrun for example_xcom to 2021-01-01 00:00:00+00:00, run_after=2021-01-01 00:00:00+00:00
[2024-08-27T14:36:18.285+0000] {processor.py:208} INFO - Processing /home/ubuntu/myenv/lib/python3.12/site-packages/airflow/example_dags/example_xcom.py took 0.084 seconds
[2024-08-27T14:37:06.440+0000] {processor.py:186} INFO - Started process (PID=5721) to work on /home/ubuntu/myenv/lib/python3.12/site-packages/airflow/example_dags/example_xcom.py
[2024-08-27T14:37:06.442+0000] {processor.py:914} INFO - Processing file /home/ubuntu/myenv/lib/python3.12/site-packages/airflow/example_dags/example_xcom.py for tasks to queue
[2024-08-27T14:37:06.444+0000] {logging_mixin.py:190} INFO - [2024-08-27T14:37:06.444+0000] {dagbag.py:587} INFO - Filling up the DagBag from /home/ubuntu/myenv/lib/python3.12/site-packages/airflow/example_dags/example_xcom.py
[2024-08-27T14:37:06.455+0000] {processor.py:925} INFO - DAG(s) 'example_xcom' retrieved from /home/ubuntu/myenv/lib/python3.12/site-packages/airflow/example_dags/example_xcom.py
[2024-08-27T14:37:06.474+0000] {logging_mixin.py:190} INFO - [2024-08-27T14:37:06.474+0000] {dag.py:3211} INFO - Sync 1 DAGs
[2024-08-27T14:37:06.495+0000] {logging_mixin.py:190} INFO - [2024-08-27T14:37:06.495+0000] {dag.py:4138} INFO - Setting next_dagrun for example_xcom to 2021-01-01 00:00:00+00:00, run_after=2021-01-01 00:00:00+00:00
[2024-08-27T14:37:06.518+0000] {processor.py:208} INFO - Processing /home/ubuntu/myenv/lib/python3.12/site-packages/airflow/example_dags/example_xcom.py took 0.084 seconds
[2024-08-27T14:37:56.889+0000] {processor.py:186} INFO - Started process (PID=5787) to work on /home/ubuntu/myenv/lib/python3.12/site-packages/airflow/example_dags/example_xcom.py
[2024-08-27T14:37:56.890+0000] {processor.py:914} INFO - Processing file /home/ubuntu/myenv/lib/python3.12/site-packages/airflow/example_dags/example_xcom.py for tasks to queue
[2024-08-27T14:37:56.893+0000] {logging_mixin.py:190} INFO - [2024-08-27T14:37:56.892+0000] {dagbag.py:587} INFO - Filling up the DagBag from /home/ubuntu/myenv/lib/python3.12/site-packages/airflow/example_dags/example_xcom.py
[2024-08-27T14:37:56.903+0000] {processor.py:925} INFO - DAG(s) 'example_xcom' retrieved from /home/ubuntu/myenv/lib/python3.12/site-packages/airflow/example_dags/example_xcom.py
[2024-08-27T14:37:56.922+0000] {logging_mixin.py:190} INFO - [2024-08-27T14:37:56.921+0000] {dag.py:3211} INFO - Sync 1 DAGs
[2024-08-27T14:37:56.943+0000] {logging_mixin.py:190} INFO - [2024-08-27T14:37:56.943+0000] {dag.py:4138} INFO - Setting next_dagrun for example_xcom to 2021-01-01 00:00:00+00:00, run_after=2021-01-01 00:00:00+00:00
[2024-08-27T14:37:56.966+0000] {processor.py:208} INFO - Processing /home/ubuntu/myenv/lib/python3.12/site-packages/airflow/example_dags/example_xcom.py took 0.083 seconds
[2024-08-27T14:38:51.119+0000] {processor.py:186} INFO - Started process (PID=5853) to work on /home/ubuntu/myenv/lib/python3.12/site-packages/airflow/example_dags/example_xcom.py
[2024-08-27T14:38:51.120+0000] {processor.py:914} INFO - Processing file /home/ubuntu/myenv/lib/python3.12/site-packages/airflow/example_dags/example_xcom.py for tasks to queue
[2024-08-27T14:38:51.122+0000] {logging_mixin.py:190} INFO - [2024-08-27T14:38:51.122+0000] {dagbag.py:587} INFO - Filling up the DagBag from /home/ubuntu/myenv/lib/python3.12/site-packages/airflow/example_dags/example_xcom.py
[2024-08-27T14:38:51.133+0000] {processor.py:925} INFO - DAG(s) 'example_xcom' retrieved from /home/ubuntu/myenv/lib/python3.12/site-packages/airflow/example_dags/example_xcom.py
[2024-08-27T14:38:51.152+0000] {logging_mixin.py:190} INFO - [2024-08-27T14:38:51.151+0000] {dag.py:3211} INFO - Sync 1 DAGs
[2024-08-27T14:38:51.297+0000] {logging_mixin.py:190} INFO - [2024-08-27T14:38:51.297+0000] {dag.py:4138} INFO - Setting next_dagrun for example_xcom to 2021-01-01 00:00:00+00:00, run_after=2021-01-01 00:00:00+00:00
[2024-08-27T14:38:51.318+0000] {processor.py:208} INFO - Processing /home/ubuntu/myenv/lib/python3.12/site-packages/airflow/example_dags/example_xcom.py took 0.205 seconds
[2024-08-27T14:39:50.826+0000] {processor.py:186} INFO - Started process (PID=5928) to work on /home/ubuntu/myenv/lib/python3.12/site-packages/airflow/example_dags/example_xcom.py
[2024-08-27T14:39:50.827+0000] {processor.py:914} INFO - Processing file /home/ubuntu/myenv/lib/python3.12/site-packages/airflow/example_dags/example_xcom.py for tasks to queue
[2024-08-27T14:39:50.829+0000] {logging_mixin.py:190} INFO - [2024-08-27T14:39:50.829+0000] {dagbag.py:587} INFO - Filling up the DagBag from /home/ubuntu/myenv/lib/python3.12/site-packages/airflow/example_dags/example_xcom.py
[2024-08-27T14:39:50.840+0000] {processor.py:925} INFO - DAG(s) 'example_xcom' retrieved from /home/ubuntu/myenv/lib/python3.12/site-packages/airflow/example_dags/example_xcom.py
[2024-08-27T14:39:50.858+0000] {logging_mixin.py:190} INFO - [2024-08-27T14:39:50.858+0000] {dag.py:3211} INFO - Sync 1 DAGs
[2024-08-27T14:39:50.880+0000] {logging_mixin.py:190} INFO - [2024-08-27T14:39:50.880+0000] {dag.py:4138} INFO - Setting next_dagrun for example_xcom to 2021-01-01 00:00:00+00:00, run_after=2021-01-01 00:00:00+00:00
[2024-08-27T14:39:50.903+0000] {processor.py:208} INFO - Processing /home/ubuntu/myenv/lib/python3.12/site-packages/airflow/example_dags/example_xcom.py took 0.083 seconds
[2024-08-27T14:40:40.439+0000] {processor.py:186} INFO - Started process (PID=5988) to work on /home/ubuntu/myenv/lib/python3.12/site-packages/airflow/example_dags/example_xcom.py
[2024-08-27T14:40:40.440+0000] {processor.py:914} INFO - Processing file /home/ubuntu/myenv/lib/python3.12/site-packages/airflow/example_dags/example_xcom.py for tasks to queue
[2024-08-27T14:40:40.442+0000] {logging_mixin.py:190} INFO - [2024-08-27T14:40:40.442+0000] {dagbag.py:587} INFO - Filling up the DagBag from /home/ubuntu/myenv/lib/python3.12/site-packages/airflow/example_dags/example_xcom.py
[2024-08-27T14:40:40.453+0000] {processor.py:925} INFO - DAG(s) 'example_xcom' retrieved from /home/ubuntu/myenv/lib/python3.12/site-packages/airflow/example_dags/example_xcom.py
[2024-08-27T14:40:40.472+0000] {logging_mixin.py:190} INFO - [2024-08-27T14:40:40.471+0000] {dag.py:3211} INFO - Sync 1 DAGs
[2024-08-27T14:40:40.494+0000] {logging_mixin.py:190} INFO - [2024-08-27T14:40:40.493+0000] {dag.py:4138} INFO - Setting next_dagrun for example_xcom to 2021-01-01 00:00:00+00:00, run_after=2021-01-01 00:00:00+00:00
[2024-08-27T14:40:40.516+0000] {processor.py:208} INFO - Processing /home/ubuntu/myenv/lib/python3.12/site-packages/airflow/example_dags/example_xcom.py took 0.083 seconds
[2024-08-27T14:41:31.250+0000] {processor.py:186} INFO - Started process (PID=6040) to work on /home/ubuntu/myenv/lib/python3.12/site-packages/airflow/example_dags/example_xcom.py
[2024-08-27T14:41:31.252+0000] {processor.py:914} INFO - Processing file /home/ubuntu/myenv/lib/python3.12/site-packages/airflow/example_dags/example_xcom.py for tasks to queue
[2024-08-27T14:41:31.254+0000] {logging_mixin.py:190} INFO - [2024-08-27T14:41:31.254+0000] {dagbag.py:587} INFO - Filling up the DagBag from /home/ubuntu/myenv/lib/python3.12/site-packages/airflow/example_dags/example_xcom.py
[2024-08-27T14:41:31.266+0000] {processor.py:925} INFO - DAG(s) 'example_xcom' retrieved from /home/ubuntu/myenv/lib/python3.12/site-packages/airflow/example_dags/example_xcom.py
[2024-08-27T14:41:31.286+0000] {logging_mixin.py:190} INFO - [2024-08-27T14:41:31.285+0000] {dag.py:3211} INFO - Sync 1 DAGs
[2024-08-27T14:41:31.308+0000] {logging_mixin.py:190} INFO - [2024-08-27T14:41:31.308+0000] {dag.py:4138} INFO - Setting next_dagrun for example_xcom to 2021-01-01 00:00:00+00:00, run_after=2021-01-01 00:00:00+00:00
[2024-08-27T14:41:31.332+0000] {processor.py:208} INFO - Processing /home/ubuntu/myenv/lib/python3.12/site-packages/airflow/example_dags/example_xcom.py took 0.088 seconds
[2024-08-27T14:42:21.789+0000] {processor.py:186} INFO - Started process (PID=6091) to work on /home/ubuntu/myenv/lib/python3.12/site-packages/airflow/example_dags/example_xcom.py
[2024-08-27T14:42:21.790+0000] {processor.py:914} INFO - Processing file /home/ubuntu/myenv/lib/python3.12/site-packages/airflow/example_dags/example_xcom.py for tasks to queue
[2024-08-27T14:42:21.792+0000] {logging_mixin.py:190} INFO - [2024-08-27T14:42:21.792+0000] {dagbag.py:587} INFO - Filling up the DagBag from /home/ubuntu/myenv/lib/python3.12/site-packages/airflow/example_dags/example_xcom.py
[2024-08-27T14:42:21.804+0000] {processor.py:925} INFO - DAG(s) 'example_xcom' retrieved from /home/ubuntu/myenv/lib/python3.12/site-packages/airflow/example_dags/example_xcom.py
[2024-08-27T14:42:21.823+0000] {logging_mixin.py:190} INFO - [2024-08-27T14:42:21.823+0000] {dag.py:3211} INFO - Sync 1 DAGs
[2024-08-27T14:42:21.845+0000] {logging_mixin.py:190} INFO - [2024-08-27T14:42:21.845+0000] {dag.py:4138} INFO - Setting next_dagrun for example_xcom to 2021-01-01 00:00:00+00:00, run_after=2021-01-01 00:00:00+00:00
[2024-08-27T14:42:21.867+0000] {processor.py:208} INFO - Processing /home/ubuntu/myenv/lib/python3.12/site-packages/airflow/example_dags/example_xcom.py took 0.085 seconds
[2024-08-27T14:43:11.319+0000] {processor.py:186} INFO - Started process (PID=6142) to work on /home/ubuntu/myenv/lib/python3.12/site-packages/airflow/example_dags/example_xcom.py
[2024-08-27T14:43:11.321+0000] {processor.py:914} INFO - Processing file /home/ubuntu/myenv/lib/python3.12/site-packages/airflow/example_dags/example_xcom.py for tasks to queue
[2024-08-27T14:43:11.323+0000] {logging_mixin.py:190} INFO - [2024-08-27T14:43:11.323+0000] {dagbag.py:587} INFO - Filling up the DagBag from /home/ubuntu/myenv/lib/python3.12/site-packages/airflow/example_dags/example_xcom.py
[2024-08-27T14:43:11.335+0000] {processor.py:925} INFO - DAG(s) 'example_xcom' retrieved from /home/ubuntu/myenv/lib/python3.12/site-packages/airflow/example_dags/example_xcom.py
[2024-08-27T14:43:11.355+0000] {logging_mixin.py:190} INFO - [2024-08-27T14:43:11.354+0000] {dag.py:3211} INFO - Sync 1 DAGs
[2024-08-27T14:43:11.378+0000] {logging_mixin.py:190} INFO - [2024-08-27T14:43:11.378+0000] {dag.py:4138} INFO - Setting next_dagrun for example_xcom to 2021-01-01 00:00:00+00:00, run_after=2021-01-01 00:00:00+00:00
[2024-08-27T14:43:11.401+0000] {processor.py:208} INFO - Processing /home/ubuntu/myenv/lib/python3.12/site-packages/airflow/example_dags/example_xcom.py took 0.088 seconds
[2024-08-27T14:44:02.230+0000] {processor.py:186} INFO - Started process (PID=6196) to work on /home/ubuntu/myenv/lib/python3.12/site-packages/airflow/example_dags/example_xcom.py
[2024-08-27T14:44:02.232+0000] {processor.py:914} INFO - Processing file /home/ubuntu/myenv/lib/python3.12/site-packages/airflow/example_dags/example_xcom.py for tasks to queue
[2024-08-27T14:44:02.234+0000] {logging_mixin.py:190} INFO - [2024-08-27T14:44:02.234+0000] {dagbag.py:587} INFO - Filling up the DagBag from /home/ubuntu/myenv/lib/python3.12/site-packages/airflow/example_dags/example_xcom.py
[2024-08-27T14:44:02.245+0000] {processor.py:925} INFO - DAG(s) 'example_xcom' retrieved from /home/ubuntu/myenv/lib/python3.12/site-packages/airflow/example_dags/example_xcom.py
[2024-08-27T14:44:02.265+0000] {logging_mixin.py:190} INFO - [2024-08-27T14:44:02.265+0000] {dag.py:3211} INFO - Sync 1 DAGs
[2024-08-27T14:44:02.288+0000] {logging_mixin.py:190} INFO - [2024-08-27T14:44:02.288+0000] {dag.py:4138} INFO - Setting next_dagrun for example_xcom to 2021-01-01 00:00:00+00:00, run_after=2021-01-01 00:00:00+00:00
[2024-08-27T14:44:02.313+0000] {processor.py:208} INFO - Processing /home/ubuntu/myenv/lib/python3.12/site-packages/airflow/example_dags/example_xcom.py took 0.090 seconds
[2024-08-27T14:44:52.793+0000] {processor.py:186} INFO - Started process (PID=6248) to work on /home/ubuntu/myenv/lib/python3.12/site-packages/airflow/example_dags/example_xcom.py
[2024-08-27T14:44:52.795+0000] {processor.py:914} INFO - Processing file /home/ubuntu/myenv/lib/python3.12/site-packages/airflow/example_dags/example_xcom.py for tasks to queue
[2024-08-27T14:44:52.797+0000] {logging_mixin.py:190} INFO - [2024-08-27T14:44:52.797+0000] {dagbag.py:587} INFO - Filling up the DagBag from /home/ubuntu/myenv/lib/python3.12/site-packages/airflow/example_dags/example_xcom.py
[2024-08-27T14:44:52.808+0000] {processor.py:925} INFO - DAG(s) 'example_xcom' retrieved from /home/ubuntu/myenv/lib/python3.12/site-packages/airflow/example_dags/example_xcom.py
[2024-08-27T14:44:52.827+0000] {logging_mixin.py:190} INFO - [2024-08-27T14:44:52.827+0000] {dag.py:3211} INFO - Sync 1 DAGs
[2024-08-27T14:44:52.848+0000] {logging_mixin.py:190} INFO - [2024-08-27T14:44:52.848+0000] {dag.py:4138} INFO - Setting next_dagrun for example_xcom to 2021-01-01 00:00:00+00:00, run_after=2021-01-01 00:00:00+00:00
[2024-08-27T14:44:52.870+0000] {processor.py:208} INFO - Processing /home/ubuntu/myenv/lib/python3.12/site-packages/airflow/example_dags/example_xcom.py took 0.083 seconds
[2024-08-27T14:45:44.753+0000] {processor.py:186} INFO - Started process (PID=6303) to work on /home/ubuntu/myenv/lib/python3.12/site-packages/airflow/example_dags/example_xcom.py
[2024-08-27T14:45:44.754+0000] {processor.py:914} INFO - Processing file /home/ubuntu/myenv/lib/python3.12/site-packages/airflow/example_dags/example_xcom.py for tasks to queue
[2024-08-27T14:45:44.756+0000] {logging_mixin.py:190} INFO - [2024-08-27T14:45:44.756+0000] {dagbag.py:587} INFO - Filling up the DagBag from /home/ubuntu/myenv/lib/python3.12/site-packages/airflow/example_dags/example_xcom.py
[2024-08-27T14:45:44.768+0000] {processor.py:925} INFO - DAG(s) 'example_xcom' retrieved from /home/ubuntu/myenv/lib/python3.12/site-packages/airflow/example_dags/example_xcom.py
[2024-08-27T14:45:44.786+0000] {logging_mixin.py:190} INFO - [2024-08-27T14:45:44.786+0000] {dag.py:3211} INFO - Sync 1 DAGs
[2024-08-27T14:45:44.808+0000] {logging_mixin.py:190} INFO - [2024-08-27T14:45:44.808+0000] {dag.py:4138} INFO - Setting next_dagrun for example_xcom to 2021-01-01 00:00:00+00:00, run_after=2021-01-01 00:00:00+00:00
[2024-08-27T14:45:44.831+0000] {processor.py:208} INFO - Processing /home/ubuntu/myenv/lib/python3.12/site-packages/airflow/example_dags/example_xcom.py took 0.084 seconds
[2024-08-27T14:46:32.977+0000] {processor.py:186} INFO - Started process (PID=6355) to work on /home/ubuntu/myenv/lib/python3.12/site-packages/airflow/example_dags/example_xcom.py
[2024-08-27T14:46:32.978+0000] {processor.py:914} INFO - Processing file /home/ubuntu/myenv/lib/python3.12/site-packages/airflow/example_dags/example_xcom.py for tasks to queue
[2024-08-27T14:46:32.980+0000] {logging_mixin.py:190} INFO - [2024-08-27T14:46:32.980+0000] {dagbag.py:587} INFO - Filling up the DagBag from /home/ubuntu/myenv/lib/python3.12/site-packages/airflow/example_dags/example_xcom.py
[2024-08-27T14:46:32.991+0000] {processor.py:925} INFO - DAG(s) 'example_xcom' retrieved from /home/ubuntu/myenv/lib/python3.12/site-packages/airflow/example_dags/example_xcom.py
[2024-08-27T14:46:33.010+0000] {logging_mixin.py:190} INFO - [2024-08-27T14:46:33.010+0000] {dag.py:3211} INFO - Sync 1 DAGs
[2024-08-27T14:46:33.033+0000] {logging_mixin.py:190} INFO - [2024-08-27T14:46:33.032+0000] {dag.py:4138} INFO - Setting next_dagrun for example_xcom to 2021-01-01 00:00:00+00:00, run_after=2021-01-01 00:00:00+00:00
[2024-08-27T14:46:33.056+0000] {processor.py:208} INFO - Processing /home/ubuntu/myenv/lib/python3.12/site-packages/airflow/example_dags/example_xcom.py took 0.085 seconds
[2024-08-27T14:47:20.117+0000] {processor.py:186} INFO - Started process (PID=6404) to work on /home/ubuntu/myenv/lib/python3.12/site-packages/airflow/example_dags/example_xcom.py
[2024-08-27T14:47:20.118+0000] {processor.py:914} INFO - Processing file /home/ubuntu/myenv/lib/python3.12/site-packages/airflow/example_dags/example_xcom.py for tasks to queue
[2024-08-27T14:47:20.120+0000] {logging_mixin.py:190} INFO - [2024-08-27T14:47:20.120+0000] {dagbag.py:587} INFO - Filling up the DagBag from /home/ubuntu/myenv/lib/python3.12/site-packages/airflow/example_dags/example_xcom.py
[2024-08-27T14:47:20.131+0000] {processor.py:925} INFO - DAG(s) 'example_xcom' retrieved from /home/ubuntu/myenv/lib/python3.12/site-packages/airflow/example_dags/example_xcom.py
[2024-08-27T14:47:20.150+0000] {logging_mixin.py:190} INFO - [2024-08-27T14:47:20.150+0000] {dag.py:3211} INFO - Sync 1 DAGs
[2024-08-27T14:47:20.171+0000] {logging_mixin.py:190} INFO - [2024-08-27T14:47:20.171+0000] {dag.py:4138} INFO - Setting next_dagrun for example_xcom to 2021-01-01 00:00:00+00:00, run_after=2021-01-01 00:00:00+00:00
[2024-08-27T14:47:20.193+0000] {processor.py:208} INFO - Processing /home/ubuntu/myenv/lib/python3.12/site-packages/airflow/example_dags/example_xcom.py took 0.083 seconds
[2024-08-27T14:48:11.389+0000] {processor.py:186} INFO - Started process (PID=6460) to work on /home/ubuntu/myenv/lib/python3.12/site-packages/airflow/example_dags/example_xcom.py
[2024-08-27T14:48:11.390+0000] {processor.py:914} INFO - Processing file /home/ubuntu/myenv/lib/python3.12/site-packages/airflow/example_dags/example_xcom.py for tasks to queue
[2024-08-27T14:48:11.393+0000] {logging_mixin.py:190} INFO - [2024-08-27T14:48:11.392+0000] {dagbag.py:587} INFO - Filling up the DagBag from /home/ubuntu/myenv/lib/python3.12/site-packages/airflow/example_dags/example_xcom.py
[2024-08-27T14:48:11.404+0000] {processor.py:925} INFO - DAG(s) 'example_xcom' retrieved from /home/ubuntu/myenv/lib/python3.12/site-packages/airflow/example_dags/example_xcom.py
[2024-08-27T14:48:11.423+0000] {logging_mixin.py:190} INFO - [2024-08-27T14:48:11.422+0000] {dag.py:3211} INFO - Sync 1 DAGs
[2024-08-27T14:48:11.444+0000] {logging_mixin.py:190} INFO - [2024-08-27T14:48:11.443+0000] {dag.py:4138} INFO - Setting next_dagrun for example_xcom to 2021-01-01 00:00:00+00:00, run_after=2021-01-01 00:00:00+00:00
[2024-08-27T14:48:11.466+0000] {processor.py:208} INFO - Processing /home/ubuntu/myenv/lib/python3.12/site-packages/airflow/example_dags/example_xcom.py took 0.084 seconds
[2024-08-27T14:49:01.836+0000] {processor.py:186} INFO - Started process (PID=6516) to work on /home/ubuntu/myenv/lib/python3.12/site-packages/airflow/example_dags/example_xcom.py
[2024-08-27T14:49:01.837+0000] {processor.py:914} INFO - Processing file /home/ubuntu/myenv/lib/python3.12/site-packages/airflow/example_dags/example_xcom.py for tasks to queue
[2024-08-27T14:49:01.840+0000] {logging_mixin.py:190} INFO - [2024-08-27T14:49:01.839+0000] {dagbag.py:587} INFO - Filling up the DagBag from /home/ubuntu/myenv/lib/python3.12/site-packages/airflow/example_dags/example_xcom.py
[2024-08-27T14:49:01.851+0000] {processor.py:925} INFO - DAG(s) 'example_xcom' retrieved from /home/ubuntu/myenv/lib/python3.12/site-packages/airflow/example_dags/example_xcom.py
[2024-08-27T14:49:01.872+0000] {logging_mixin.py:190} INFO - [2024-08-27T14:49:01.871+0000] {dag.py:3211} INFO - Sync 1 DAGs
[2024-08-27T14:49:01.894+0000] {logging_mixin.py:190} INFO - [2024-08-27T14:49:01.894+0000] {dag.py:4138} INFO - Setting next_dagrun for example_xcom to 2021-01-01 00:00:00+00:00, run_after=2021-01-01 00:00:00+00:00
[2024-08-27T14:49:01.920+0000] {processor.py:208} INFO - Processing /home/ubuntu/myenv/lib/python3.12/site-packages/airflow/example_dags/example_xcom.py took 0.091 seconds
[2024-08-27T14:49:54.313+0000] {processor.py:186} INFO - Started process (PID=6571) to work on /home/ubuntu/myenv/lib/python3.12/site-packages/airflow/example_dags/example_xcom.py
[2024-08-27T14:49:54.314+0000] {processor.py:914} INFO - Processing file /home/ubuntu/myenv/lib/python3.12/site-packages/airflow/example_dags/example_xcom.py for tasks to queue
[2024-08-27T14:49:54.317+0000] {logging_mixin.py:190} INFO - [2024-08-27T14:49:54.316+0000] {dagbag.py:587} INFO - Filling up the DagBag from /home/ubuntu/myenv/lib/python3.12/site-packages/airflow/example_dags/example_xcom.py
[2024-08-27T14:49:54.327+0000] {processor.py:925} INFO - DAG(s) 'example_xcom' retrieved from /home/ubuntu/myenv/lib/python3.12/site-packages/airflow/example_dags/example_xcom.py
[2024-08-27T14:49:54.346+0000] {logging_mixin.py:190} INFO - [2024-08-27T14:49:54.346+0000] {dag.py:3211} INFO - Sync 1 DAGs
[2024-08-27T14:49:54.367+0000] {logging_mixin.py:190} INFO - [2024-08-27T14:49:54.367+0000] {dag.py:4138} INFO - Setting next_dagrun for example_xcom to 2021-01-01 00:00:00+00:00, run_after=2021-01-01 00:00:00+00:00
[2024-08-27T14:49:54.391+0000] {processor.py:208} INFO - Processing /home/ubuntu/myenv/lib/python3.12/site-packages/airflow/example_dags/example_xcom.py took 0.084 seconds
[2024-08-27T16:09:53.659+0000] {processor.py:186} INFO - Started process (PID=7595) to work on /home/ubuntu/myenv/lib/python3.12/site-packages/airflow/example_dags/example_xcom.py
[2024-08-27T16:09:53.660+0000] {processor.py:914} INFO - Processing file /home/ubuntu/myenv/lib/python3.12/site-packages/airflow/example_dags/example_xcom.py for tasks to queue
[2024-08-27T16:09:53.663+0000] {logging_mixin.py:190} INFO - [2024-08-27T16:09:53.662+0000] {dagbag.py:587} INFO - Filling up the DagBag from /home/ubuntu/myenv/lib/python3.12/site-packages/airflow/example_dags/example_xcom.py
[2024-08-27T16:09:53.673+0000] {processor.py:925} INFO - DAG(s) 'example_xcom' retrieved from /home/ubuntu/myenv/lib/python3.12/site-packages/airflow/example_dags/example_xcom.py
[2024-08-27T16:09:53.699+0000] {logging_mixin.py:190} INFO - [2024-08-27T16:09:53.699+0000] {dag.py:3211} INFO - Sync 1 DAGs
[2024-08-27T16:09:53.722+0000] {logging_mixin.py:190} INFO - [2024-08-27T16:09:53.722+0000] {dag.py:4138} INFO - Setting next_dagrun for example_xcom to 2021-01-01 00:00:00+00:00, run_after=2021-01-01 00:00:00+00:00
[2024-08-27T16:09:53.744+0000] {processor.py:208} INFO - Processing /home/ubuntu/myenv/lib/python3.12/site-packages/airflow/example_dags/example_xcom.py took 0.091 seconds
[2024-08-27T16:10:47.660+0000] {processor.py:186} INFO - Started process (PID=7695) to work on /home/ubuntu/myenv/lib/python3.12/site-packages/airflow/example_dags/example_xcom.py
[2024-08-27T16:10:47.662+0000] {processor.py:914} INFO - Processing file /home/ubuntu/myenv/lib/python3.12/site-packages/airflow/example_dags/example_xcom.py for tasks to queue
[2024-08-27T16:10:47.664+0000] {logging_mixin.py:190} INFO - [2024-08-27T16:10:47.664+0000] {dagbag.py:587} INFO - Filling up the DagBag from /home/ubuntu/myenv/lib/python3.12/site-packages/airflow/example_dags/example_xcom.py
[2024-08-27T16:10:47.675+0000] {processor.py:925} INFO - DAG(s) 'example_xcom' retrieved from /home/ubuntu/myenv/lib/python3.12/site-packages/airflow/example_dags/example_xcom.py
[2024-08-27T16:10:47.695+0000] {logging_mixin.py:190} INFO - [2024-08-27T16:10:47.694+0000] {dag.py:3211} INFO - Sync 1 DAGs
[2024-08-27T16:10:47.717+0000] {logging_mixin.py:190} INFO - [2024-08-27T16:10:47.717+0000] {dag.py:4138} INFO - Setting next_dagrun for example_xcom to 2021-01-01 00:00:00+00:00, run_after=2021-01-01 00:00:00+00:00
[2024-08-27T16:10:47.745+0000] {processor.py:208} INFO - Processing /home/ubuntu/myenv/lib/python3.12/site-packages/airflow/example_dags/example_xcom.py took 0.091 seconds
[2024-08-27T16:11:38.259+0000] {processor.py:186} INFO - Started process (PID=7752) to work on /home/ubuntu/myenv/lib/python3.12/site-packages/airflow/example_dags/example_xcom.py
[2024-08-27T16:11:38.261+0000] {processor.py:914} INFO - Processing file /home/ubuntu/myenv/lib/python3.12/site-packages/airflow/example_dags/example_xcom.py for tasks to queue
[2024-08-27T16:11:38.263+0000] {logging_mixin.py:190} INFO - [2024-08-27T16:11:38.263+0000] {dagbag.py:587} INFO - Filling up the DagBag from /home/ubuntu/myenv/lib/python3.12/site-packages/airflow/example_dags/example_xcom.py
[2024-08-27T16:11:38.274+0000] {processor.py:925} INFO - DAG(s) 'example_xcom' retrieved from /home/ubuntu/myenv/lib/python3.12/site-packages/airflow/example_dags/example_xcom.py
[2024-08-27T16:11:38.294+0000] {logging_mixin.py:190} INFO - [2024-08-27T16:11:38.294+0000] {dag.py:3211} INFO - Sync 1 DAGs
[2024-08-27T16:11:38.316+0000] {logging_mixin.py:190} INFO - [2024-08-27T16:11:38.316+0000] {dag.py:4138} INFO - Setting next_dagrun for example_xcom to 2021-01-01 00:00:00+00:00, run_after=2021-01-01 00:00:00+00:00
[2024-08-27T16:11:38.342+0000] {processor.py:208} INFO - Processing /home/ubuntu/myenv/lib/python3.12/site-packages/airflow/example_dags/example_xcom.py took 0.090 seconds
[2024-08-27T16:12:28.612+0000] {processor.py:186} INFO - Started process (PID=7876) to work on /home/ubuntu/myenv/lib/python3.12/site-packages/airflow/example_dags/example_xcom.py
[2024-08-27T16:12:28.614+0000] {processor.py:914} INFO - Processing file /home/ubuntu/myenv/lib/python3.12/site-packages/airflow/example_dags/example_xcom.py for tasks to queue
[2024-08-27T16:12:28.616+0000] {logging_mixin.py:190} INFO - [2024-08-27T16:12:28.616+0000] {dagbag.py:587} INFO - Filling up the DagBag from /home/ubuntu/myenv/lib/python3.12/site-packages/airflow/example_dags/example_xcom.py
[2024-08-27T16:12:28.627+0000] {processor.py:925} INFO - DAG(s) 'example_xcom' retrieved from /home/ubuntu/myenv/lib/python3.12/site-packages/airflow/example_dags/example_xcom.py
[2024-08-27T16:12:28.645+0000] {logging_mixin.py:190} INFO - [2024-08-27T16:12:28.645+0000] {dag.py:3211} INFO - Sync 1 DAGs
[2024-08-27T16:12:28.666+0000] {logging_mixin.py:190} INFO - [2024-08-27T16:12:28.666+0000] {dag.py:4138} INFO - Setting next_dagrun for example_xcom to 2021-01-01 00:00:00+00:00, run_after=2021-01-01 00:00:00+00:00
[2024-08-27T16:12:28.693+0000] {processor.py:208} INFO - Processing /home/ubuntu/myenv/lib/python3.12/site-packages/airflow/example_dags/example_xcom.py took 0.087 seconds
[2024-08-27T16:13:21.160+0000] {processor.py:186} INFO - Started process (PID=7966) to work on /home/ubuntu/myenv/lib/python3.12/site-packages/airflow/example_dags/example_xcom.py
[2024-08-27T16:13:21.161+0000] {processor.py:914} INFO - Processing file /home/ubuntu/myenv/lib/python3.12/site-packages/airflow/example_dags/example_xcom.py for tasks to queue
[2024-08-27T16:13:21.164+0000] {logging_mixin.py:190} INFO - [2024-08-27T16:13:21.163+0000] {dagbag.py:587} INFO - Filling up the DagBag from /home/ubuntu/myenv/lib/python3.12/site-packages/airflow/example_dags/example_xcom.py
[2024-08-27T16:13:21.174+0000] {processor.py:925} INFO - DAG(s) 'example_xcom' retrieved from /home/ubuntu/myenv/lib/python3.12/site-packages/airflow/example_dags/example_xcom.py
[2024-08-27T16:13:21.193+0000] {logging_mixin.py:190} INFO - [2024-08-27T16:13:21.193+0000] {dag.py:3211} INFO - Sync 1 DAGs
[2024-08-27T16:13:21.213+0000] {logging_mixin.py:190} INFO - [2024-08-27T16:13:21.213+0000] {dag.py:4138} INFO - Setting next_dagrun for example_xcom to 2021-01-01 00:00:00+00:00, run_after=2021-01-01 00:00:00+00:00
[2024-08-27T16:13:21.236+0000] {processor.py:208} INFO - Processing /home/ubuntu/myenv/lib/python3.12/site-packages/airflow/example_dags/example_xcom.py took 0.082 seconds
