[2024-08-27T14:34:28.387+0000] {processor.py:186} INFO - Started process (PID=5529) to work on /home/ubuntu/myenv/lib/python3.12/site-packages/airflow/example_dags/example_short_circuit_operator.py
[2024-08-27T14:34:28.388+0000] {processor.py:914} INFO - Processing file /home/ubuntu/myenv/lib/python3.12/site-packages/airflow/example_dags/example_short_circuit_operator.py for tasks to queue
[2024-08-27T14:34:28.390+0000] {logging_mixin.py:190} INFO - [2024-08-27T14:34:28.390+0000] {dagbag.py:587} INFO - Filling up the DagBag from /home/ubuntu/myenv/lib/python3.12/site-packages/airflow/example_dags/example_short_circuit_operator.py
[2024-08-27T14:34:28.400+0000] {processor.py:925} INFO - DAG(s) 'example_short_circuit_operator' retrieved from /home/ubuntu/myenv/lib/python3.12/site-packages/airflow/example_dags/example_short_circuit_operator.py
[2024-08-27T14:34:28.520+0000] {logging_mixin.py:190} INFO - [2024-08-27T14:34:28.519+0000] {override.py:1900} INFO - Created Permission View: can delete on DAG:example_short_circuit_operator
[2024-08-27T14:34:28.532+0000] {logging_mixin.py:190} INFO - [2024-08-27T14:34:28.532+0000] {override.py:1900} INFO - Created Permission View: can edit on DAG:example_short_circuit_operator
[2024-08-27T14:34:28.542+0000] {logging_mixin.py:190} INFO - [2024-08-27T14:34:28.541+0000] {override.py:1900} INFO - Created Permission View: can read on DAG:example_short_circuit_operator
[2024-08-27T14:34:28.558+0000] {logging_mixin.py:190} INFO - [2024-08-27T14:34:28.557+0000] {override.py:1900} INFO - Created Permission View: can create on DAG Run:example_short_circuit_operator
[2024-08-27T14:34:28.568+0000] {logging_mixin.py:190} INFO - [2024-08-27T14:34:28.567+0000] {override.py:1900} INFO - Created Permission View: menu access on DAG Run:example_short_circuit_operator
[2024-08-27T14:34:28.578+0000] {logging_mixin.py:190} INFO - [2024-08-27T14:34:28.577+0000] {override.py:1900} INFO - Created Permission View: can delete on DAG Run:example_short_circuit_operator
[2024-08-27T14:34:28.587+0000] {logging_mixin.py:190} INFO - [2024-08-27T14:34:28.587+0000] {override.py:1900} INFO - Created Permission View: can read on DAG Run:example_short_circuit_operator
[2024-08-27T14:34:28.588+0000] {logging_mixin.py:190} INFO - [2024-08-27T14:34:28.587+0000] {dag.py:3211} INFO - Sync 1 DAGs
[2024-08-27T14:34:28.602+0000] {logging_mixin.py:190} INFO - [2024-08-27T14:34:28.601+0000] {dag.py:3234} INFO - Creating ORM DAG for example_short_circuit_operator
[2024-08-27T14:34:28.611+0000] {logging_mixin.py:190} INFO - [2024-08-27T14:34:28.610+0000] {dag.py:4138} INFO - Setting next_dagrun for example_short_circuit_operator to 2024-08-26 00:00:00+00:00, run_after=2024-08-27 00:00:00+00:00
[2024-08-27T14:34:28.632+0000] {processor.py:208} INFO - Processing /home/ubuntu/myenv/lib/python3.12/site-packages/airflow/example_dags/example_short_circuit_operator.py took 0.251 seconds
[2024-08-27T14:35:32.926+0000] {processor.py:186} INFO - Started process (PID=5593) to work on /home/ubuntu/myenv/lib/python3.12/site-packages/airflow/example_dags/example_short_circuit_operator.py
[2024-08-27T14:35:32.928+0000] {processor.py:914} INFO - Processing file /home/ubuntu/myenv/lib/python3.12/site-packages/airflow/example_dags/example_short_circuit_operator.py for tasks to queue
[2024-08-27T14:35:32.930+0000] {logging_mixin.py:190} INFO - [2024-08-27T14:35:32.930+0000] {dagbag.py:587} INFO - Filling up the DagBag from /home/ubuntu/myenv/lib/python3.12/site-packages/airflow/example_dags/example_short_circuit_operator.py
[2024-08-27T14:35:32.940+0000] {processor.py:925} INFO - DAG(s) 'example_short_circuit_operator' retrieved from /home/ubuntu/myenv/lib/python3.12/site-packages/airflow/example_dags/example_short_circuit_operator.py
[2024-08-27T14:35:32.961+0000] {logging_mixin.py:190} INFO - [2024-08-27T14:35:32.960+0000] {dag.py:3211} INFO - Sync 1 DAGs
[2024-08-27T14:35:32.982+0000] {logging_mixin.py:190} INFO - [2024-08-27T14:35:32.982+0000] {dag.py:4138} INFO - Setting next_dagrun for example_short_circuit_operator to 2024-08-26 00:00:00+00:00, run_after=2024-08-27 00:00:00+00:00
[2024-08-27T14:35:33.004+0000] {processor.py:208} INFO - Processing /home/ubuntu/myenv/lib/python3.12/site-packages/airflow/example_dags/example_short_circuit_operator.py took 0.084 seconds
[2024-08-27T14:36:27.470+0000] {processor.py:186} INFO - Started process (PID=5665) to work on /home/ubuntu/myenv/lib/python3.12/site-packages/airflow/example_dags/example_short_circuit_operator.py
[2024-08-27T14:36:27.472+0000] {processor.py:914} INFO - Processing file /home/ubuntu/myenv/lib/python3.12/site-packages/airflow/example_dags/example_short_circuit_operator.py for tasks to queue
[2024-08-27T14:36:27.474+0000] {logging_mixin.py:190} INFO - [2024-08-27T14:36:27.474+0000] {dagbag.py:587} INFO - Filling up the DagBag from /home/ubuntu/myenv/lib/python3.12/site-packages/airflow/example_dags/example_short_circuit_operator.py
[2024-08-27T14:36:27.484+0000] {processor.py:925} INFO - DAG(s) 'example_short_circuit_operator' retrieved from /home/ubuntu/myenv/lib/python3.12/site-packages/airflow/example_dags/example_short_circuit_operator.py
[2024-08-27T14:36:27.507+0000] {logging_mixin.py:190} INFO - [2024-08-27T14:36:27.507+0000] {dag.py:3211} INFO - Sync 1 DAGs
[2024-08-27T14:36:27.530+0000] {logging_mixin.py:190} INFO - [2024-08-27T14:36:27.529+0000] {dag.py:4138} INFO - Setting next_dagrun for example_short_circuit_operator to 2024-08-26 00:00:00+00:00, run_after=2024-08-27 00:00:00+00:00
[2024-08-27T14:36:27.555+0000] {processor.py:208} INFO - Processing /home/ubuntu/myenv/lib/python3.12/site-packages/airflow/example_dags/example_short_circuit_operator.py took 0.090 seconds
[2024-08-27T14:37:16.738+0000] {processor.py:186} INFO - Started process (PID=5733) to work on /home/ubuntu/myenv/lib/python3.12/site-packages/airflow/example_dags/example_short_circuit_operator.py
[2024-08-27T14:37:16.739+0000] {processor.py:914} INFO - Processing file /home/ubuntu/myenv/lib/python3.12/site-packages/airflow/example_dags/example_short_circuit_operator.py for tasks to queue
[2024-08-27T14:37:16.741+0000] {logging_mixin.py:190} INFO - [2024-08-27T14:37:16.741+0000] {dagbag.py:587} INFO - Filling up the DagBag from /home/ubuntu/myenv/lib/python3.12/site-packages/airflow/example_dags/example_short_circuit_operator.py
[2024-08-27T14:37:16.751+0000] {processor.py:925} INFO - DAG(s) 'example_short_circuit_operator' retrieved from /home/ubuntu/myenv/lib/python3.12/site-packages/airflow/example_dags/example_short_circuit_operator.py
[2024-08-27T14:37:16.773+0000] {logging_mixin.py:190} INFO - [2024-08-27T14:37:16.773+0000] {dag.py:3211} INFO - Sync 1 DAGs
[2024-08-27T14:37:16.794+0000] {logging_mixin.py:190} INFO - [2024-08-27T14:37:16.794+0000] {dag.py:4138} INFO - Setting next_dagrun for example_short_circuit_operator to 2024-08-26 00:00:00+00:00, run_after=2024-08-27 00:00:00+00:00
[2024-08-27T14:37:16.817+0000] {processor.py:208} INFO - Processing /home/ubuntu/myenv/lib/python3.12/site-packages/airflow/example_dags/example_short_circuit_operator.py took 0.085 seconds
[2024-08-27T14:38:06.300+0000] {processor.py:186} INFO - Started process (PID=5799) to work on /home/ubuntu/myenv/lib/python3.12/site-packages/airflow/example_dags/example_short_circuit_operator.py
[2024-08-27T14:38:06.304+0000] {processor.py:914} INFO - Processing file /home/ubuntu/myenv/lib/python3.12/site-packages/airflow/example_dags/example_short_circuit_operator.py for tasks to queue
[2024-08-27T14:38:06.306+0000] {logging_mixin.py:190} INFO - [2024-08-27T14:38:06.305+0000] {dagbag.py:587} INFO - Filling up the DagBag from /home/ubuntu/myenv/lib/python3.12/site-packages/airflow/example_dags/example_short_circuit_operator.py
[2024-08-27T14:38:06.316+0000] {processor.py:925} INFO - DAG(s) 'example_short_circuit_operator' retrieved from /home/ubuntu/myenv/lib/python3.12/site-packages/airflow/example_dags/example_short_circuit_operator.py
[2024-08-27T14:38:06.338+0000] {logging_mixin.py:190} INFO - [2024-08-27T14:38:06.338+0000] {dag.py:3211} INFO - Sync 1 DAGs
[2024-08-27T14:38:06.360+0000] {logging_mixin.py:190} INFO - [2024-08-27T14:38:06.360+0000] {dag.py:4138} INFO - Setting next_dagrun for example_short_circuit_operator to 2024-08-26 00:00:00+00:00, run_after=2024-08-27 00:00:00+00:00
[2024-08-27T14:38:06.384+0000] {processor.py:208} INFO - Processing /home/ubuntu/myenv/lib/python3.12/site-packages/airflow/example_dags/example_short_circuit_operator.py took 0.090 seconds
[2024-08-27T14:39:03.274+0000] {processor.py:186} INFO - Started process (PID=5867) to work on /home/ubuntu/myenv/lib/python3.12/site-packages/airflow/example_dags/example_short_circuit_operator.py
[2024-08-27T14:39:03.276+0000] {processor.py:914} INFO - Processing file /home/ubuntu/myenv/lib/python3.12/site-packages/airflow/example_dags/example_short_circuit_operator.py for tasks to queue
[2024-08-27T14:39:03.278+0000] {logging_mixin.py:190} INFO - [2024-08-27T14:39:03.277+0000] {dagbag.py:587} INFO - Filling up the DagBag from /home/ubuntu/myenv/lib/python3.12/site-packages/airflow/example_dags/example_short_circuit_operator.py
[2024-08-27T14:39:03.288+0000] {processor.py:925} INFO - DAG(s) 'example_short_circuit_operator' retrieved from /home/ubuntu/myenv/lib/python3.12/site-packages/airflow/example_dags/example_short_circuit_operator.py
[2024-08-27T14:39:03.311+0000] {logging_mixin.py:190} INFO - [2024-08-27T14:39:03.310+0000] {dag.py:3211} INFO - Sync 1 DAGs
[2024-08-27T14:39:03.473+0000] {logging_mixin.py:190} INFO - [2024-08-27T14:39:03.473+0000] {dag.py:4138} INFO - Setting next_dagrun for example_short_circuit_operator to 2024-08-26 00:00:00+00:00, run_after=2024-08-27 00:00:00+00:00
[2024-08-27T14:39:03.495+0000] {processor.py:208} INFO - Processing /home/ubuntu/myenv/lib/python3.12/site-packages/airflow/example_dags/example_short_circuit_operator.py took 0.227 seconds
[2024-08-27T14:40:00.909+0000] {processor.py:186} INFO - Started process (PID=5940) to work on /home/ubuntu/myenv/lib/python3.12/site-packages/airflow/example_dags/example_short_circuit_operator.py
[2024-08-27T14:40:00.911+0000] {processor.py:914} INFO - Processing file /home/ubuntu/myenv/lib/python3.12/site-packages/airflow/example_dags/example_short_circuit_operator.py for tasks to queue
[2024-08-27T14:40:00.913+0000] {logging_mixin.py:190} INFO - [2024-08-27T14:40:00.913+0000] {dagbag.py:587} INFO - Filling up the DagBag from /home/ubuntu/myenv/lib/python3.12/site-packages/airflow/example_dags/example_short_circuit_operator.py
[2024-08-27T14:40:00.923+0000] {processor.py:925} INFO - DAG(s) 'example_short_circuit_operator' retrieved from /home/ubuntu/myenv/lib/python3.12/site-packages/airflow/example_dags/example_short_circuit_operator.py
[2024-08-27T14:40:00.945+0000] {logging_mixin.py:190} INFO - [2024-08-27T14:40:00.945+0000] {dag.py:3211} INFO - Sync 1 DAGs
[2024-08-27T14:40:00.967+0000] {logging_mixin.py:190} INFO - [2024-08-27T14:40:00.967+0000] {dag.py:4138} INFO - Setting next_dagrun for example_short_circuit_operator to 2024-08-26 00:00:00+00:00, run_after=2024-08-27 00:00:00+00:00
[2024-08-27T14:40:00.989+0000] {processor.py:208} INFO - Processing /home/ubuntu/myenv/lib/python3.12/site-packages/airflow/example_dags/example_short_circuit_operator.py took 0.086 seconds
[2024-08-27T14:40:50.581+0000] {processor.py:186} INFO - Started process (PID=5998) to work on /home/ubuntu/myenv/lib/python3.12/site-packages/airflow/example_dags/example_short_circuit_operator.py
[2024-08-27T14:40:50.583+0000] {processor.py:914} INFO - Processing file /home/ubuntu/myenv/lib/python3.12/site-packages/airflow/example_dags/example_short_circuit_operator.py for tasks to queue
[2024-08-27T14:40:50.585+0000] {logging_mixin.py:190} INFO - [2024-08-27T14:40:50.585+0000] {dagbag.py:587} INFO - Filling up the DagBag from /home/ubuntu/myenv/lib/python3.12/site-packages/airflow/example_dags/example_short_circuit_operator.py
[2024-08-27T14:40:50.595+0000] {processor.py:925} INFO - DAG(s) 'example_short_circuit_operator' retrieved from /home/ubuntu/myenv/lib/python3.12/site-packages/airflow/example_dags/example_short_circuit_operator.py
[2024-08-27T14:40:50.616+0000] {logging_mixin.py:190} INFO - [2024-08-27T14:40:50.616+0000] {dag.py:3211} INFO - Sync 1 DAGs
[2024-08-27T14:40:50.639+0000] {logging_mixin.py:190} INFO - [2024-08-27T14:40:50.639+0000] {dag.py:4138} INFO - Setting next_dagrun for example_short_circuit_operator to 2024-08-26 00:00:00+00:00, run_after=2024-08-27 00:00:00+00:00
[2024-08-27T14:40:50.661+0000] {processor.py:208} INFO - Processing /home/ubuntu/myenv/lib/python3.12/site-packages/airflow/example_dags/example_short_circuit_operator.py took 0.085 seconds
[2024-08-27T14:41:40.410+0000] {processor.py:186} INFO - Started process (PID=6050) to work on /home/ubuntu/myenv/lib/python3.12/site-packages/airflow/example_dags/example_short_circuit_operator.py
[2024-08-27T14:41:40.411+0000] {processor.py:914} INFO - Processing file /home/ubuntu/myenv/lib/python3.12/site-packages/airflow/example_dags/example_short_circuit_operator.py for tasks to queue
[2024-08-27T14:41:40.414+0000] {logging_mixin.py:190} INFO - [2024-08-27T14:41:40.413+0000] {dagbag.py:587} INFO - Filling up the DagBag from /home/ubuntu/myenv/lib/python3.12/site-packages/airflow/example_dags/example_short_circuit_operator.py
[2024-08-27T14:41:40.424+0000] {processor.py:925} INFO - DAG(s) 'example_short_circuit_operator' retrieved from /home/ubuntu/myenv/lib/python3.12/site-packages/airflow/example_dags/example_short_circuit_operator.py
[2024-08-27T14:41:40.444+0000] {logging_mixin.py:190} INFO - [2024-08-27T14:41:40.444+0000] {dag.py:3211} INFO - Sync 1 DAGs
[2024-08-27T14:41:40.466+0000] {logging_mixin.py:190} INFO - [2024-08-27T14:41:40.466+0000] {dag.py:4138} INFO - Setting next_dagrun for example_short_circuit_operator to 2024-08-26 00:00:00+00:00, run_after=2024-08-27 00:00:00+00:00
[2024-08-27T14:41:40.489+0000] {processor.py:208} INFO - Processing /home/ubuntu/myenv/lib/python3.12/site-packages/airflow/example_dags/example_short_circuit_operator.py took 0.086 seconds
[2024-08-27T14:42:30.780+0000] {processor.py:186} INFO - Started process (PID=6101) to work on /home/ubuntu/myenv/lib/python3.12/site-packages/airflow/example_dags/example_short_circuit_operator.py
[2024-08-27T14:42:30.781+0000] {processor.py:914} INFO - Processing file /home/ubuntu/myenv/lib/python3.12/site-packages/airflow/example_dags/example_short_circuit_operator.py for tasks to queue
[2024-08-27T14:42:30.784+0000] {logging_mixin.py:190} INFO - [2024-08-27T14:42:30.784+0000] {dagbag.py:587} INFO - Filling up the DagBag from /home/ubuntu/myenv/lib/python3.12/site-packages/airflow/example_dags/example_short_circuit_operator.py
[2024-08-27T14:42:30.794+0000] {processor.py:925} INFO - DAG(s) 'example_short_circuit_operator' retrieved from /home/ubuntu/myenv/lib/python3.12/site-packages/airflow/example_dags/example_short_circuit_operator.py
[2024-08-27T14:42:30.816+0000] {logging_mixin.py:190} INFO - [2024-08-27T14:42:30.816+0000] {dag.py:3211} INFO - Sync 1 DAGs
[2024-08-27T14:42:30.838+0000] {logging_mixin.py:190} INFO - [2024-08-27T14:42:30.838+0000] {dag.py:4138} INFO - Setting next_dagrun for example_short_circuit_operator to 2024-08-26 00:00:00+00:00, run_after=2024-08-27 00:00:00+00:00
[2024-08-27T14:42:30.861+0000] {processor.py:208} INFO - Processing /home/ubuntu/myenv/lib/python3.12/site-packages/airflow/example_dags/example_short_circuit_operator.py took 0.087 seconds
[2024-08-27T14:43:21.462+0000] {processor.py:186} INFO - Started process (PID=6152) to work on /home/ubuntu/myenv/lib/python3.12/site-packages/airflow/example_dags/example_short_circuit_operator.py
[2024-08-27T14:43:21.464+0000] {processor.py:914} INFO - Processing file /home/ubuntu/myenv/lib/python3.12/site-packages/airflow/example_dags/example_short_circuit_operator.py for tasks to queue
[2024-08-27T14:43:21.466+0000] {logging_mixin.py:190} INFO - [2024-08-27T14:43:21.466+0000] {dagbag.py:587} INFO - Filling up the DagBag from /home/ubuntu/myenv/lib/python3.12/site-packages/airflow/example_dags/example_short_circuit_operator.py
[2024-08-27T14:43:21.476+0000] {processor.py:925} INFO - DAG(s) 'example_short_circuit_operator' retrieved from /home/ubuntu/myenv/lib/python3.12/site-packages/airflow/example_dags/example_short_circuit_operator.py
[2024-08-27T14:43:21.497+0000] {logging_mixin.py:190} INFO - [2024-08-27T14:43:21.497+0000] {dag.py:3211} INFO - Sync 1 DAGs
[2024-08-27T14:43:21.520+0000] {logging_mixin.py:190} INFO - [2024-08-27T14:43:21.520+0000] {dag.py:4138} INFO - Setting next_dagrun for example_short_circuit_operator to 2024-08-26 00:00:00+00:00, run_after=2024-08-27 00:00:00+00:00
[2024-08-27T14:43:21.543+0000] {processor.py:208} INFO - Processing /home/ubuntu/myenv/lib/python3.12/site-packages/airflow/example_dags/example_short_circuit_operator.py took 0.087 seconds
[2024-08-27T14:44:12.175+0000] {processor.py:186} INFO - Started process (PID=6206) to work on /home/ubuntu/myenv/lib/python3.12/site-packages/airflow/example_dags/example_short_circuit_operator.py
[2024-08-27T14:44:12.176+0000] {processor.py:914} INFO - Processing file /home/ubuntu/myenv/lib/python3.12/site-packages/airflow/example_dags/example_short_circuit_operator.py for tasks to queue
[2024-08-27T14:44:12.179+0000] {logging_mixin.py:190} INFO - [2024-08-27T14:44:12.179+0000] {dagbag.py:587} INFO - Filling up the DagBag from /home/ubuntu/myenv/lib/python3.12/site-packages/airflow/example_dags/example_short_circuit_operator.py
[2024-08-27T14:44:12.189+0000] {processor.py:925} INFO - DAG(s) 'example_short_circuit_operator' retrieved from /home/ubuntu/myenv/lib/python3.12/site-packages/airflow/example_dags/example_short_circuit_operator.py
[2024-08-27T14:44:12.210+0000] {logging_mixin.py:190} INFO - [2024-08-27T14:44:12.210+0000] {dag.py:3211} INFO - Sync 1 DAGs
[2024-08-27T14:44:12.232+0000] {logging_mixin.py:190} INFO - [2024-08-27T14:44:12.232+0000] {dag.py:4138} INFO - Setting next_dagrun for example_short_circuit_operator to 2024-08-26 00:00:00+00:00, run_after=2024-08-27 00:00:00+00:00
[2024-08-27T14:44:12.255+0000] {processor.py:208} INFO - Processing /home/ubuntu/myenv/lib/python3.12/site-packages/airflow/example_dags/example_short_circuit_operator.py took 0.087 seconds
[2024-08-27T14:45:02.940+0000] {processor.py:186} INFO - Started process (PID=6261) to work on /home/ubuntu/myenv/lib/python3.12/site-packages/airflow/example_dags/example_short_circuit_operator.py
[2024-08-27T14:45:02.942+0000] {processor.py:914} INFO - Processing file /home/ubuntu/myenv/lib/python3.12/site-packages/airflow/example_dags/example_short_circuit_operator.py for tasks to queue
[2024-08-27T14:45:02.945+0000] {logging_mixin.py:190} INFO - [2024-08-27T14:45:02.944+0000] {dagbag.py:587} INFO - Filling up the DagBag from /home/ubuntu/myenv/lib/python3.12/site-packages/airflow/example_dags/example_short_circuit_operator.py
[2024-08-27T14:45:02.955+0000] {processor.py:925} INFO - DAG(s) 'example_short_circuit_operator' retrieved from /home/ubuntu/myenv/lib/python3.12/site-packages/airflow/example_dags/example_short_circuit_operator.py
[2024-08-27T14:45:02.977+0000] {logging_mixin.py:190} INFO - [2024-08-27T14:45:02.977+0000] {dag.py:3211} INFO - Sync 1 DAGs
[2024-08-27T14:45:03.001+0000] {logging_mixin.py:190} INFO - [2024-08-27T14:45:03.000+0000] {dag.py:4138} INFO - Setting next_dagrun for example_short_circuit_operator to 2024-08-26 00:00:00+00:00, run_after=2024-08-27 00:00:00+00:00
[2024-08-27T14:45:03.026+0000] {processor.py:208} INFO - Processing /home/ubuntu/myenv/lib/python3.12/site-packages/airflow/example_dags/example_short_circuit_operator.py took 0.093 seconds
[2024-08-27T14:45:54.061+0000] {processor.py:186} INFO - Started process (PID=6313) to work on /home/ubuntu/myenv/lib/python3.12/site-packages/airflow/example_dags/example_short_circuit_operator.py
[2024-08-27T14:45:54.063+0000] {processor.py:914} INFO - Processing file /home/ubuntu/myenv/lib/python3.12/site-packages/airflow/example_dags/example_short_circuit_operator.py for tasks to queue
[2024-08-27T14:45:54.066+0000] {logging_mixin.py:190} INFO - [2024-08-27T14:45:54.065+0000] {dagbag.py:587} INFO - Filling up the DagBag from /home/ubuntu/myenv/lib/python3.12/site-packages/airflow/example_dags/example_short_circuit_operator.py
[2024-08-27T14:45:54.076+0000] {processor.py:925} INFO - DAG(s) 'example_short_circuit_operator' retrieved from /home/ubuntu/myenv/lib/python3.12/site-packages/airflow/example_dags/example_short_circuit_operator.py
[2024-08-27T14:45:54.098+0000] {logging_mixin.py:190} INFO - [2024-08-27T14:45:54.098+0000] {dag.py:3211} INFO - Sync 1 DAGs
[2024-08-27T14:45:54.120+0000] {logging_mixin.py:190} INFO - [2024-08-27T14:45:54.120+0000] {dag.py:4138} INFO - Setting next_dagrun for example_short_circuit_operator to 2024-08-26 00:00:00+00:00, run_after=2024-08-27 00:00:00+00:00
[2024-08-27T14:45:54.144+0000] {processor.py:208} INFO - Processing /home/ubuntu/myenv/lib/python3.12/site-packages/airflow/example_dags/example_short_circuit_operator.py took 0.089 seconds
[2024-08-27T14:46:41.882+0000] {processor.py:186} INFO - Started process (PID=6365) to work on /home/ubuntu/myenv/lib/python3.12/site-packages/airflow/example_dags/example_short_circuit_operator.py
[2024-08-27T14:46:41.884+0000] {processor.py:914} INFO - Processing file /home/ubuntu/myenv/lib/python3.12/site-packages/airflow/example_dags/example_short_circuit_operator.py for tasks to queue
[2024-08-27T14:46:41.886+0000] {logging_mixin.py:190} INFO - [2024-08-27T14:46:41.886+0000] {dagbag.py:587} INFO - Filling up the DagBag from /home/ubuntu/myenv/lib/python3.12/site-packages/airflow/example_dags/example_short_circuit_operator.py
[2024-08-27T14:46:41.896+0000] {processor.py:925} INFO - DAG(s) 'example_short_circuit_operator' retrieved from /home/ubuntu/myenv/lib/python3.12/site-packages/airflow/example_dags/example_short_circuit_operator.py
[2024-08-27T14:46:41.918+0000] {logging_mixin.py:190} INFO - [2024-08-27T14:46:41.918+0000] {dag.py:3211} INFO - Sync 1 DAGs
[2024-08-27T14:46:41.942+0000] {logging_mixin.py:190} INFO - [2024-08-27T14:46:41.941+0000] {dag.py:4138} INFO - Setting next_dagrun for example_short_circuit_operator to 2024-08-26 00:00:00+00:00, run_after=2024-08-27 00:00:00+00:00
[2024-08-27T14:46:41.964+0000] {processor.py:208} INFO - Processing /home/ubuntu/myenv/lib/python3.12/site-packages/airflow/example_dags/example_short_circuit_operator.py took 0.089 seconds
[2024-08-27T14:47:29.942+0000] {processor.py:186} INFO - Started process (PID=6414) to work on /home/ubuntu/myenv/lib/python3.12/site-packages/airflow/example_dags/example_short_circuit_operator.py
[2024-08-27T14:47:29.944+0000] {processor.py:914} INFO - Processing file /home/ubuntu/myenv/lib/python3.12/site-packages/airflow/example_dags/example_short_circuit_operator.py for tasks to queue
[2024-08-27T14:47:29.947+0000] {logging_mixin.py:190} INFO - [2024-08-27T14:47:29.947+0000] {dagbag.py:587} INFO - Filling up the DagBag from /home/ubuntu/myenv/lib/python3.12/site-packages/airflow/example_dags/example_short_circuit_operator.py
[2024-08-27T14:47:29.957+0000] {processor.py:925} INFO - DAG(s) 'example_short_circuit_operator' retrieved from /home/ubuntu/myenv/lib/python3.12/site-packages/airflow/example_dags/example_short_circuit_operator.py
[2024-08-27T14:47:29.978+0000] {logging_mixin.py:190} INFO - [2024-08-27T14:47:29.978+0000] {dag.py:3211} INFO - Sync 1 DAGs
[2024-08-27T14:47:30.000+0000] {logging_mixin.py:190} INFO - [2024-08-27T14:47:30.000+0000] {dag.py:4138} INFO - Setting next_dagrun for example_short_circuit_operator to 2024-08-26 00:00:00+00:00, run_after=2024-08-27 00:00:00+00:00
[2024-08-27T14:47:30.023+0000] {processor.py:208} INFO - Processing /home/ubuntu/myenv/lib/python3.12/site-packages/airflow/example_dags/example_short_circuit_operator.py took 0.087 seconds
[2024-08-27T14:48:21.630+0000] {processor.py:186} INFO - Started process (PID=6472) to work on /home/ubuntu/myenv/lib/python3.12/site-packages/airflow/example_dags/example_short_circuit_operator.py
[2024-08-27T14:48:21.631+0000] {processor.py:914} INFO - Processing file /home/ubuntu/myenv/lib/python3.12/site-packages/airflow/example_dags/example_short_circuit_operator.py for tasks to queue
[2024-08-27T14:48:21.634+0000] {logging_mixin.py:190} INFO - [2024-08-27T14:48:21.633+0000] {dagbag.py:587} INFO - Filling up the DagBag from /home/ubuntu/myenv/lib/python3.12/site-packages/airflow/example_dags/example_short_circuit_operator.py
[2024-08-27T14:48:21.644+0000] {processor.py:925} INFO - DAG(s) 'example_short_circuit_operator' retrieved from /home/ubuntu/myenv/lib/python3.12/site-packages/airflow/example_dags/example_short_circuit_operator.py
[2024-08-27T14:48:21.666+0000] {logging_mixin.py:190} INFO - [2024-08-27T14:48:21.666+0000] {dag.py:3211} INFO - Sync 1 DAGs
[2024-08-27T14:48:21.688+0000] {logging_mixin.py:190} INFO - [2024-08-27T14:48:21.688+0000] {dag.py:4138} INFO - Setting next_dagrun for example_short_circuit_operator to 2024-08-26 00:00:00+00:00, run_after=2024-08-27 00:00:00+00:00
[2024-08-27T14:48:21.711+0000] {processor.py:208} INFO - Processing /home/ubuntu/myenv/lib/python3.12/site-packages/airflow/example_dags/example_short_circuit_operator.py took 0.088 seconds
[2024-08-27T14:49:12.224+0000] {processor.py:186} INFO - Started process (PID=6526) to work on /home/ubuntu/myenv/lib/python3.12/site-packages/airflow/example_dags/example_short_circuit_operator.py
[2024-08-27T14:49:12.226+0000] {processor.py:914} INFO - Processing file /home/ubuntu/myenv/lib/python3.12/site-packages/airflow/example_dags/example_short_circuit_operator.py for tasks to queue
[2024-08-27T14:49:12.228+0000] {logging_mixin.py:190} INFO - [2024-08-27T14:49:12.228+0000] {dagbag.py:587} INFO - Filling up the DagBag from /home/ubuntu/myenv/lib/python3.12/site-packages/airflow/example_dags/example_short_circuit_operator.py
[2024-08-27T14:49:12.239+0000] {processor.py:925} INFO - DAG(s) 'example_short_circuit_operator' retrieved from /home/ubuntu/myenv/lib/python3.12/site-packages/airflow/example_dags/example_short_circuit_operator.py
[2024-08-27T14:49:12.261+0000] {logging_mixin.py:190} INFO - [2024-08-27T14:49:12.261+0000] {dag.py:3211} INFO - Sync 1 DAGs
[2024-08-27T14:49:12.286+0000] {logging_mixin.py:190} INFO - [2024-08-27T14:49:12.285+0000] {dag.py:4138} INFO - Setting next_dagrun for example_short_circuit_operator to 2024-08-26 00:00:00+00:00, run_after=2024-08-27 00:00:00+00:00
[2024-08-27T14:49:12.309+0000] {processor.py:208} INFO - Processing /home/ubuntu/myenv/lib/python3.12/site-packages/airflow/example_dags/example_short_circuit_operator.py took 0.091 seconds
[2024-08-27T16:10:02.495+0000] {processor.py:186} INFO - Started process (PID=7605) to work on /home/ubuntu/myenv/lib/python3.12/site-packages/airflow/example_dags/example_short_circuit_operator.py
[2024-08-27T16:10:02.497+0000] {processor.py:914} INFO - Processing file /home/ubuntu/myenv/lib/python3.12/site-packages/airflow/example_dags/example_short_circuit_operator.py for tasks to queue
[2024-08-27T16:10:02.499+0000] {logging_mixin.py:190} INFO - [2024-08-27T16:10:02.499+0000] {dagbag.py:587} INFO - Filling up the DagBag from /home/ubuntu/myenv/lib/python3.12/site-packages/airflow/example_dags/example_short_circuit_operator.py
[2024-08-27T16:10:02.510+0000] {processor.py:925} INFO - DAG(s) 'example_short_circuit_operator' retrieved from /home/ubuntu/myenv/lib/python3.12/site-packages/airflow/example_dags/example_short_circuit_operator.py
[2024-08-27T16:10:02.535+0000] {logging_mixin.py:190} INFO - [2024-08-27T16:10:02.534+0000] {dag.py:3211} INFO - Sync 1 DAGs
[2024-08-27T16:10:02.561+0000] {logging_mixin.py:190} INFO - [2024-08-27T16:10:02.560+0000] {dag.py:4138} INFO - Setting next_dagrun for example_short_circuit_operator to 2024-08-26 00:00:00+00:00, run_after=2024-08-27 00:00:00+00:00
[2024-08-27T16:10:02.586+0000] {processor.py:208} INFO - Processing /home/ubuntu/myenv/lib/python3.12/site-packages/airflow/example_dags/example_short_circuit_operator.py took 0.097 seconds
[2024-08-27T16:10:57.985+0000] {processor.py:186} INFO - Started process (PID=7705) to work on /home/ubuntu/myenv/lib/python3.12/site-packages/airflow/example_dags/example_short_circuit_operator.py
[2024-08-27T16:10:57.986+0000] {processor.py:914} INFO - Processing file /home/ubuntu/myenv/lib/python3.12/site-packages/airflow/example_dags/example_short_circuit_operator.py for tasks to queue
[2024-08-27T16:10:57.989+0000] {logging_mixin.py:190} INFO - [2024-08-27T16:10:57.989+0000] {dagbag.py:587} INFO - Filling up the DagBag from /home/ubuntu/myenv/lib/python3.12/site-packages/airflow/example_dags/example_short_circuit_operator.py
[2024-08-27T16:10:57.999+0000] {processor.py:925} INFO - DAG(s) 'example_short_circuit_operator' retrieved from /home/ubuntu/myenv/lib/python3.12/site-packages/airflow/example_dags/example_short_circuit_operator.py
[2024-08-27T16:10:58.020+0000] {logging_mixin.py:190} INFO - [2024-08-27T16:10:58.020+0000] {dag.py:3211} INFO - Sync 1 DAGs
[2024-08-27T16:10:58.043+0000] {logging_mixin.py:190} INFO - [2024-08-27T16:10:58.043+0000] {dag.py:4138} INFO - Setting next_dagrun for example_short_circuit_operator to 2024-08-26 00:00:00+00:00, run_after=2024-08-27 00:00:00+00:00
[2024-08-27T16:10:58.066+0000] {processor.py:208} INFO - Processing /home/ubuntu/myenv/lib/python3.12/site-packages/airflow/example_dags/example_short_circuit_operator.py took 0.086 seconds
[2024-08-27T16:11:52.572+0000] {processor.py:186} INFO - Started process (PID=7835) to work on /home/ubuntu/myenv/lib/python3.12/site-packages/airflow/example_dags/example_short_circuit_operator.py
[2024-08-27T16:11:52.574+0000] {processor.py:914} INFO - Processing file /home/ubuntu/myenv/lib/python3.12/site-packages/airflow/example_dags/example_short_circuit_operator.py for tasks to queue
[2024-08-27T16:11:52.576+0000] {logging_mixin.py:190} INFO - [2024-08-27T16:11:52.575+0000] {dagbag.py:587} INFO - Filling up the DagBag from /home/ubuntu/myenv/lib/python3.12/site-packages/airflow/example_dags/example_short_circuit_operator.py
[2024-08-27T16:11:52.586+0000] {processor.py:925} INFO - DAG(s) 'example_short_circuit_operator' retrieved from /home/ubuntu/myenv/lib/python3.12/site-packages/airflow/example_dags/example_short_circuit_operator.py
[2024-08-27T16:11:52.608+0000] {logging_mixin.py:190} INFO - [2024-08-27T16:11:52.607+0000] {dag.py:3211} INFO - Sync 1 DAGs
[2024-08-27T16:11:52.630+0000] {logging_mixin.py:190} INFO - [2024-08-27T16:11:52.629+0000] {dag.py:4138} INFO - Setting next_dagrun for example_short_circuit_operator to 2024-08-26 00:00:00+00:00, run_after=2024-08-27 00:00:00+00:00
[2024-08-27T16:11:52.654+0000] {processor.py:208} INFO - Processing /home/ubuntu/myenv/lib/python3.12/site-packages/airflow/example_dags/example_short_circuit_operator.py took 0.088 seconds
[2024-08-27T16:12:42.913+0000] {processor.py:186} INFO - Started process (PID=7893) to work on /home/ubuntu/myenv/lib/python3.12/site-packages/airflow/example_dags/example_short_circuit_operator.py
[2024-08-27T16:12:42.915+0000] {processor.py:914} INFO - Processing file /home/ubuntu/myenv/lib/python3.12/site-packages/airflow/example_dags/example_short_circuit_operator.py for tasks to queue
[2024-08-27T16:12:42.918+0000] {logging_mixin.py:190} INFO - [2024-08-27T16:12:42.917+0000] {dagbag.py:587} INFO - Filling up the DagBag from /home/ubuntu/myenv/lib/python3.12/site-packages/airflow/example_dags/example_short_circuit_operator.py
[2024-08-27T16:12:42.928+0000] {processor.py:925} INFO - DAG(s) 'example_short_circuit_operator' retrieved from /home/ubuntu/myenv/lib/python3.12/site-packages/airflow/example_dags/example_short_circuit_operator.py
[2024-08-27T16:12:42.950+0000] {logging_mixin.py:190} INFO - [2024-08-27T16:12:42.950+0000] {dag.py:3211} INFO - Sync 1 DAGs
[2024-08-27T16:12:42.973+0000] {logging_mixin.py:190} INFO - [2024-08-27T16:12:42.973+0000] {dag.py:4138} INFO - Setting next_dagrun for example_short_circuit_operator to 2024-08-26 00:00:00+00:00, run_after=2024-08-27 00:00:00+00:00
[2024-08-27T16:12:42.997+0000] {processor.py:208} INFO - Processing /home/ubuntu/myenv/lib/python3.12/site-packages/airflow/example_dags/example_short_circuit_operator.py took 0.089 seconds
[2024-08-27T16:13:35.733+0000] {processor.py:186} INFO - Started process (PID=7985) to work on /home/ubuntu/myenv/lib/python3.12/site-packages/airflow/example_dags/example_short_circuit_operator.py
[2024-08-27T16:13:35.736+0000] {processor.py:914} INFO - Processing file /home/ubuntu/myenv/lib/python3.12/site-packages/airflow/example_dags/example_short_circuit_operator.py for tasks to queue
[2024-08-27T16:13:35.738+0000] {logging_mixin.py:190} INFO - [2024-08-27T16:13:35.738+0000] {dagbag.py:587} INFO - Filling up the DagBag from /home/ubuntu/myenv/lib/python3.12/site-packages/airflow/example_dags/example_short_circuit_operator.py
[2024-08-27T16:13:35.748+0000] {processor.py:925} INFO - DAG(s) 'example_short_circuit_operator' retrieved from /home/ubuntu/myenv/lib/python3.12/site-packages/airflow/example_dags/example_short_circuit_operator.py
[2024-08-27T16:13:35.770+0000] {logging_mixin.py:190} INFO - [2024-08-27T16:13:35.769+0000] {dag.py:3211} INFO - Sync 1 DAGs
[2024-08-27T16:13:35.791+0000] {logging_mixin.py:190} INFO - [2024-08-27T16:13:35.791+0000] {dag.py:4138} INFO - Setting next_dagrun for example_short_circuit_operator to 2024-08-26 00:00:00+00:00, run_after=2024-08-27 00:00:00+00:00
[2024-08-27T16:13:35.814+0000] {processor.py:208} INFO - Processing /home/ubuntu/myenv/lib/python3.12/site-packages/airflow/example_dags/example_short_circuit_operator.py took 0.087 seconds
