[2024-08-27T14:34:44.627+0000] {processor.py:186} INFO - Started process (PID=5543) to work on /home/ubuntu/myenv/lib/python3.12/site-packages/airflow/example_dags/example_latest_only_with_trigger.py
[2024-08-27T14:34:44.627+0000] {processor.py:914} INFO - Processing file /home/ubuntu/myenv/lib/python3.12/site-packages/airflow/example_dags/example_latest_only_with_trigger.py for tasks to queue
[2024-08-27T14:34:44.630+0000] {logging_mixin.py:190} INFO - [2024-08-27T14:34:44.629+0000] {dagbag.py:587} INFO - Filling up the DagBag from /home/ubuntu/myenv/lib/python3.12/site-packages/airflow/example_dags/example_latest_only_with_trigger.py
[2024-08-27T14:34:44.638+0000] {processor.py:925} INFO - DAG(s) 'latest_only_with_trigger' retrieved from /home/ubuntu/myenv/lib/python3.12/site-packages/airflow/example_dags/example_latest_only_with_trigger.py
[2024-08-27T14:34:44.758+0000] {logging_mixin.py:190} INFO - [2024-08-27T14:34:44.758+0000] {override.py:1900} INFO - Created Permission View: can delete on DAG:latest_only_with_trigger
[2024-08-27T14:34:44.772+0000] {logging_mixin.py:190} INFO - [2024-08-27T14:34:44.771+0000] {override.py:1900} INFO - Created Permission View: can edit on DAG:latest_only_with_trigger
[2024-08-27T14:34:44.783+0000] {logging_mixin.py:190} INFO - [2024-08-27T14:34:44.782+0000] {override.py:1900} INFO - Created Permission View: can read on DAG:latest_only_with_trigger
[2024-08-27T14:34:44.798+0000] {logging_mixin.py:190} INFO - [2024-08-27T14:34:44.798+0000] {override.py:1900} INFO - Created Permission View: can create on DAG Run:latest_only_with_trigger
[2024-08-27T14:34:44.808+0000] {logging_mixin.py:190} INFO - [2024-08-27T14:34:44.808+0000] {override.py:1900} INFO - Created Permission View: menu access on DAG Run:latest_only_with_trigger
[2024-08-27T14:34:44.818+0000] {logging_mixin.py:190} INFO - [2024-08-27T14:34:44.817+0000] {override.py:1900} INFO - Created Permission View: can delete on DAG Run:latest_only_with_trigger
[2024-08-27T14:34:44.827+0000] {logging_mixin.py:190} INFO - [2024-08-27T14:34:44.827+0000] {override.py:1900} INFO - Created Permission View: can read on DAG Run:latest_only_with_trigger
[2024-08-27T14:34:44.828+0000] {logging_mixin.py:190} INFO - [2024-08-27T14:34:44.828+0000] {dag.py:3211} INFO - Sync 1 DAGs
[2024-08-27T14:34:44.841+0000] {logging_mixin.py:190} INFO - [2024-08-27T14:34:44.841+0000] {dag.py:3234} INFO - Creating ORM DAG for latest_only_with_trigger
[2024-08-27T14:34:44.851+0000] {logging_mixin.py:190} INFO - [2024-08-27T14:34:44.850+0000] {dag.py:4138} INFO - Setting next_dagrun for latest_only_with_trigger to 2024-08-27 08:00:00+00:00, run_after=2024-08-27 12:00:00+00:00
[2024-08-27T14:34:44.873+0000] {processor.py:208} INFO - Processing /home/ubuntu/myenv/lib/python3.12/site-packages/airflow/example_dags/example_latest_only_with_trigger.py took 0.252 seconds
[2024-08-27T14:35:50.225+0000] {processor.py:186} INFO - Started process (PID=5616) to work on /home/ubuntu/myenv/lib/python3.12/site-packages/airflow/example_dags/example_latest_only_with_trigger.py
[2024-08-27T14:35:50.227+0000] {processor.py:914} INFO - Processing file /home/ubuntu/myenv/lib/python3.12/site-packages/airflow/example_dags/example_latest_only_with_trigger.py for tasks to queue
[2024-08-27T14:35:50.229+0000] {logging_mixin.py:190} INFO - [2024-08-27T14:35:50.229+0000] {dagbag.py:587} INFO - Filling up the DagBag from /home/ubuntu/myenv/lib/python3.12/site-packages/airflow/example_dags/example_latest_only_with_trigger.py
[2024-08-27T14:35:50.237+0000] {processor.py:925} INFO - DAG(s) 'latest_only_with_trigger' retrieved from /home/ubuntu/myenv/lib/python3.12/site-packages/airflow/example_dags/example_latest_only_with_trigger.py
[2024-08-27T14:35:50.256+0000] {logging_mixin.py:190} INFO - [2024-08-27T14:35:50.256+0000] {dag.py:3211} INFO - Sync 1 DAGs
[2024-08-27T14:35:50.277+0000] {logging_mixin.py:190} INFO - [2024-08-27T14:35:50.277+0000] {dag.py:4138} INFO - Setting next_dagrun for latest_only_with_trigger to 2024-08-27 08:00:00+00:00, run_after=2024-08-27 12:00:00+00:00
[2024-08-27T14:35:50.300+0000] {processor.py:208} INFO - Processing /home/ubuntu/myenv/lib/python3.12/site-packages/airflow/example_dags/example_latest_only_with_trigger.py took 0.081 seconds
[2024-08-27T14:36:43.913+0000] {processor.py:186} INFO - Started process (PID=5688) to work on /home/ubuntu/myenv/lib/python3.12/site-packages/airflow/example_dags/example_latest_only_with_trigger.py
[2024-08-27T14:36:43.915+0000] {processor.py:914} INFO - Processing file /home/ubuntu/myenv/lib/python3.12/site-packages/airflow/example_dags/example_latest_only_with_trigger.py for tasks to queue
[2024-08-27T14:36:43.917+0000] {logging_mixin.py:190} INFO - [2024-08-27T14:36:43.916+0000] {dagbag.py:587} INFO - Filling up the DagBag from /home/ubuntu/myenv/lib/python3.12/site-packages/airflow/example_dags/example_latest_only_with_trigger.py
[2024-08-27T14:36:43.925+0000] {processor.py:925} INFO - DAG(s) 'latest_only_with_trigger' retrieved from /home/ubuntu/myenv/lib/python3.12/site-packages/airflow/example_dags/example_latest_only_with_trigger.py
[2024-08-27T14:36:43.943+0000] {logging_mixin.py:190} INFO - [2024-08-27T14:36:43.943+0000] {dag.py:3211} INFO - Sync 1 DAGs
[2024-08-27T14:36:43.965+0000] {logging_mixin.py:190} INFO - [2024-08-27T14:36:43.965+0000] {dag.py:4138} INFO - Setting next_dagrun for latest_only_with_trigger to 2024-08-27 08:00:00+00:00, run_after=2024-08-27 12:00:00+00:00
[2024-08-27T14:36:43.988+0000] {processor.py:208} INFO - Processing /home/ubuntu/myenv/lib/python3.12/site-packages/airflow/example_dags/example_latest_only_with_trigger.py took 0.081 seconds
[2024-08-27T14:37:38.577+0000] {processor.py:186} INFO - Started process (PID=5762) to work on /home/ubuntu/myenv/lib/python3.12/site-packages/airflow/example_dags/example_latest_only_with_trigger.py
[2024-08-27T14:37:38.579+0000] {processor.py:914} INFO - Processing file /home/ubuntu/myenv/lib/python3.12/site-packages/airflow/example_dags/example_latest_only_with_trigger.py for tasks to queue
[2024-08-27T14:37:38.581+0000] {logging_mixin.py:190} INFO - [2024-08-27T14:37:38.580+0000] {dagbag.py:587} INFO - Filling up the DagBag from /home/ubuntu/myenv/lib/python3.12/site-packages/airflow/example_dags/example_latest_only_with_trigger.py
[2024-08-27T14:37:38.589+0000] {processor.py:925} INFO - DAG(s) 'latest_only_with_trigger' retrieved from /home/ubuntu/myenv/lib/python3.12/site-packages/airflow/example_dags/example_latest_only_with_trigger.py
[2024-08-27T14:37:38.607+0000] {logging_mixin.py:190} INFO - [2024-08-27T14:37:38.606+0000] {dag.py:3211} INFO - Sync 1 DAGs
[2024-08-27T14:37:38.629+0000] {logging_mixin.py:190} INFO - [2024-08-27T14:37:38.628+0000] {dag.py:4138} INFO - Setting next_dagrun for latest_only_with_trigger to 2024-08-27 08:00:00+00:00, run_after=2024-08-27 12:00:00+00:00
[2024-08-27T14:37:38.651+0000] {processor.py:208} INFO - Processing /home/ubuntu/myenv/lib/python3.12/site-packages/airflow/example_dags/example_latest_only_with_trigger.py took 0.080 seconds
[2024-08-27T14:38:30.219+0000] {processor.py:186} INFO - Started process (PID=5829) to work on /home/ubuntu/myenv/lib/python3.12/site-packages/airflow/example_dags/example_latest_only_with_trigger.py
[2024-08-27T14:38:30.221+0000] {processor.py:914} INFO - Processing file /home/ubuntu/myenv/lib/python3.12/site-packages/airflow/example_dags/example_latest_only_with_trigger.py for tasks to queue
[2024-08-27T14:38:30.223+0000] {logging_mixin.py:190} INFO - [2024-08-27T14:38:30.223+0000] {dagbag.py:587} INFO - Filling up the DagBag from /home/ubuntu/myenv/lib/python3.12/site-packages/airflow/example_dags/example_latest_only_with_trigger.py
[2024-08-27T14:38:30.232+0000] {processor.py:925} INFO - DAG(s) 'latest_only_with_trigger' retrieved from /home/ubuntu/myenv/lib/python3.12/site-packages/airflow/example_dags/example_latest_only_with_trigger.py
[2024-08-27T14:38:30.250+0000] {logging_mixin.py:190} INFO - [2024-08-27T14:38:30.250+0000] {dag.py:3211} INFO - Sync 1 DAGs
[2024-08-27T14:38:30.273+0000] {logging_mixin.py:190} INFO - [2024-08-27T14:38:30.273+0000] {dag.py:4138} INFO - Setting next_dagrun for latest_only_with_trigger to 2024-08-27 08:00:00+00:00, run_after=2024-08-27 12:00:00+00:00
[2024-08-27T14:38:30.427+0000] {processor.py:208} INFO - Processing /home/ubuntu/myenv/lib/python3.12/site-packages/airflow/example_dags/example_latest_only_with_trigger.py took 0.214 seconds
[2024-08-27T14:39:36.752+0000] {processor.py:186} INFO - Started process (PID=5909) to work on /home/ubuntu/myenv/lib/python3.12/site-packages/airflow/example_dags/example_latest_only_with_trigger.py
[2024-08-27T14:39:36.754+0000] {processor.py:914} INFO - Processing file /home/ubuntu/myenv/lib/python3.12/site-packages/airflow/example_dags/example_latest_only_with_trigger.py for tasks to queue
[2024-08-27T14:39:36.757+0000] {logging_mixin.py:190} INFO - [2024-08-27T14:39:36.756+0000] {dagbag.py:587} INFO - Filling up the DagBag from /home/ubuntu/myenv/lib/python3.12/site-packages/airflow/example_dags/example_latest_only_with_trigger.py
[2024-08-27T14:39:36.765+0000] {processor.py:925} INFO - DAG(s) 'latest_only_with_trigger' retrieved from /home/ubuntu/myenv/lib/python3.12/site-packages/airflow/example_dags/example_latest_only_with_trigger.py
[2024-08-27T14:39:36.783+0000] {logging_mixin.py:190} INFO - [2024-08-27T14:39:36.783+0000] {dag.py:3211} INFO - Sync 1 DAGs
[2024-08-27T14:39:36.806+0000] {logging_mixin.py:190} INFO - [2024-08-27T14:39:36.806+0000] {dag.py:4138} INFO - Setting next_dagrun for latest_only_with_trigger to 2024-08-27 08:00:00+00:00, run_after=2024-08-27 12:00:00+00:00
[2024-08-27T14:39:36.828+0000] {processor.py:208} INFO - Processing /home/ubuntu/myenv/lib/python3.12/site-packages/airflow/example_dags/example_latest_only_with_trigger.py took 0.082 seconds
[2024-08-27T14:40:31.537+0000] {processor.py:186} INFO - Started process (PID=5978) to work on /home/ubuntu/myenv/lib/python3.12/site-packages/airflow/example_dags/example_latest_only_with_trigger.py
[2024-08-27T14:40:31.539+0000] {processor.py:914} INFO - Processing file /home/ubuntu/myenv/lib/python3.12/site-packages/airflow/example_dags/example_latest_only_with_trigger.py for tasks to queue
[2024-08-27T14:40:31.541+0000] {logging_mixin.py:190} INFO - [2024-08-27T14:40:31.541+0000] {dagbag.py:587} INFO - Filling up the DagBag from /home/ubuntu/myenv/lib/python3.12/site-packages/airflow/example_dags/example_latest_only_with_trigger.py
[2024-08-27T14:40:31.550+0000] {processor.py:925} INFO - DAG(s) 'latest_only_with_trigger' retrieved from /home/ubuntu/myenv/lib/python3.12/site-packages/airflow/example_dags/example_latest_only_with_trigger.py
[2024-08-27T14:40:31.568+0000] {logging_mixin.py:190} INFO - [2024-08-27T14:40:31.568+0000] {dag.py:3211} INFO - Sync 1 DAGs
[2024-08-27T14:40:31.591+0000] {logging_mixin.py:190} INFO - [2024-08-27T14:40:31.590+0000] {dag.py:4138} INFO - Setting next_dagrun for latest_only_with_trigger to 2024-08-27 08:00:00+00:00, run_after=2024-08-27 12:00:00+00:00
[2024-08-27T14:40:31.615+0000] {processor.py:208} INFO - Processing /home/ubuntu/myenv/lib/python3.12/site-packages/airflow/example_dags/example_latest_only_with_trigger.py took 0.083 seconds
[2024-08-27T14:41:21.097+0000] {processor.py:186} INFO - Started process (PID=6030) to work on /home/ubuntu/myenv/lib/python3.12/site-packages/airflow/example_dags/example_latest_only_with_trigger.py
[2024-08-27T14:41:21.099+0000] {processor.py:914} INFO - Processing file /home/ubuntu/myenv/lib/python3.12/site-packages/airflow/example_dags/example_latest_only_with_trigger.py for tasks to queue
[2024-08-27T14:41:21.101+0000] {logging_mixin.py:190} INFO - [2024-08-27T14:41:21.101+0000] {dagbag.py:587} INFO - Filling up the DagBag from /home/ubuntu/myenv/lib/python3.12/site-packages/airflow/example_dags/example_latest_only_with_trigger.py
[2024-08-27T14:41:21.110+0000] {processor.py:925} INFO - DAG(s) 'latest_only_with_trigger' retrieved from /home/ubuntu/myenv/lib/python3.12/site-packages/airflow/example_dags/example_latest_only_with_trigger.py
[2024-08-27T14:41:21.129+0000] {logging_mixin.py:190} INFO - [2024-08-27T14:41:21.128+0000] {dag.py:3211} INFO - Sync 1 DAGs
[2024-08-27T14:41:21.152+0000] {logging_mixin.py:190} INFO - [2024-08-27T14:41:21.151+0000] {dag.py:4138} INFO - Setting next_dagrun for latest_only_with_trigger to 2024-08-27 08:00:00+00:00, run_after=2024-08-27 12:00:00+00:00
[2024-08-27T14:41:21.174+0000] {processor.py:208} INFO - Processing /home/ubuntu/myenv/lib/python3.12/site-packages/airflow/example_dags/example_latest_only_with_trigger.py took 0.083 seconds
[2024-08-27T14:42:30.942+0000] {processor.py:186} INFO - Started process (PID=6102) to work on /home/ubuntu/myenv/lib/python3.12/site-packages/airflow/example_dags/example_latest_only_with_trigger.py
[2024-08-27T14:42:30.943+0000] {processor.py:914} INFO - Processing file /home/ubuntu/myenv/lib/python3.12/site-packages/airflow/example_dags/example_latest_only_with_trigger.py for tasks to queue
[2024-08-27T14:42:30.945+0000] {logging_mixin.py:190} INFO - [2024-08-27T14:42:30.945+0000] {dagbag.py:587} INFO - Filling up the DagBag from /home/ubuntu/myenv/lib/python3.12/site-packages/airflow/example_dags/example_latest_only_with_trigger.py
[2024-08-27T14:42:30.954+0000] {processor.py:925} INFO - DAG(s) 'latest_only_with_trigger' retrieved from /home/ubuntu/myenv/lib/python3.12/site-packages/airflow/example_dags/example_latest_only_with_trigger.py
[2024-08-27T14:42:30.973+0000] {logging_mixin.py:190} INFO - [2024-08-27T14:42:30.973+0000] {dag.py:3211} INFO - Sync 1 DAGs
[2024-08-27T14:42:30.996+0000] {logging_mixin.py:190} INFO - [2024-08-27T14:42:30.995+0000] {dag.py:4138} INFO - Setting next_dagrun for latest_only_with_trigger to 2024-08-27 08:00:00+00:00, run_after=2024-08-27 12:00:00+00:00
[2024-08-27T14:42:31.019+0000] {processor.py:208} INFO - Processing /home/ubuntu/myenv/lib/python3.12/site-packages/airflow/example_dags/example_latest_only_with_trigger.py took 0.084 seconds
[2024-08-27T14:43:22.602+0000] {processor.py:186} INFO - Started process (PID=6153) to work on /home/ubuntu/myenv/lib/python3.12/site-packages/airflow/example_dags/example_latest_only_with_trigger.py
[2024-08-27T14:43:22.603+0000] {processor.py:914} INFO - Processing file /home/ubuntu/myenv/lib/python3.12/site-packages/airflow/example_dags/example_latest_only_with_trigger.py for tasks to queue
[2024-08-27T14:43:22.606+0000] {logging_mixin.py:190} INFO - [2024-08-27T14:43:22.605+0000] {dagbag.py:587} INFO - Filling up the DagBag from /home/ubuntu/myenv/lib/python3.12/site-packages/airflow/example_dags/example_latest_only_with_trigger.py
[2024-08-27T14:43:22.614+0000] {processor.py:925} INFO - DAG(s) 'latest_only_with_trigger' retrieved from /home/ubuntu/myenv/lib/python3.12/site-packages/airflow/example_dags/example_latest_only_with_trigger.py
[2024-08-27T14:43:22.632+0000] {logging_mixin.py:190} INFO - [2024-08-27T14:43:22.632+0000] {dag.py:3211} INFO - Sync 1 DAGs
[2024-08-27T14:43:22.654+0000] {logging_mixin.py:190} INFO - [2024-08-27T14:43:22.654+0000] {dag.py:4138} INFO - Setting next_dagrun for latest_only_with_trigger to 2024-08-27 08:00:00+00:00, run_after=2024-08-27 12:00:00+00:00
[2024-08-27T14:43:22.676+0000] {processor.py:208} INFO - Processing /home/ubuntu/myenv/lib/python3.12/site-packages/airflow/example_dags/example_latest_only_with_trigger.py took 0.081 seconds
[2024-08-27T14:44:13.315+0000] {processor.py:186} INFO - Started process (PID=6207) to work on /home/ubuntu/myenv/lib/python3.12/site-packages/airflow/example_dags/example_latest_only_with_trigger.py
[2024-08-27T14:44:13.316+0000] {processor.py:914} INFO - Processing file /home/ubuntu/myenv/lib/python3.12/site-packages/airflow/example_dags/example_latest_only_with_trigger.py for tasks to queue
[2024-08-27T14:44:13.319+0000] {logging_mixin.py:190} INFO - [2024-08-27T14:44:13.319+0000] {dagbag.py:587} INFO - Filling up the DagBag from /home/ubuntu/myenv/lib/python3.12/site-packages/airflow/example_dags/example_latest_only_with_trigger.py
[2024-08-27T14:44:13.328+0000] {processor.py:925} INFO - DAG(s) 'latest_only_with_trigger' retrieved from /home/ubuntu/myenv/lib/python3.12/site-packages/airflow/example_dags/example_latest_only_with_trigger.py
[2024-08-27T14:44:13.346+0000] {logging_mixin.py:190} INFO - [2024-08-27T14:44:13.345+0000] {dag.py:3211} INFO - Sync 1 DAGs
[2024-08-27T14:44:13.367+0000] {logging_mixin.py:190} INFO - [2024-08-27T14:44:13.367+0000] {dag.py:4138} INFO - Setting next_dagrun for latest_only_with_trigger to 2024-08-27 08:00:00+00:00, run_after=2024-08-27 12:00:00+00:00
[2024-08-27T14:44:13.391+0000] {processor.py:208} INFO - Processing /home/ubuntu/myenv/lib/python3.12/site-packages/airflow/example_dags/example_latest_only_with_trigger.py took 0.082 seconds
[2024-08-27T14:45:04.088+0000] {processor.py:186} INFO - Started process (PID=6262) to work on /home/ubuntu/myenv/lib/python3.12/site-packages/airflow/example_dags/example_latest_only_with_trigger.py
[2024-08-27T14:45:04.089+0000] {processor.py:914} INFO - Processing file /home/ubuntu/myenv/lib/python3.12/site-packages/airflow/example_dags/example_latest_only_with_trigger.py for tasks to queue
[2024-08-27T14:45:04.092+0000] {logging_mixin.py:190} INFO - [2024-08-27T14:45:04.092+0000] {dagbag.py:587} INFO - Filling up the DagBag from /home/ubuntu/myenv/lib/python3.12/site-packages/airflow/example_dags/example_latest_only_with_trigger.py
[2024-08-27T14:45:04.101+0000] {processor.py:925} INFO - DAG(s) 'latest_only_with_trigger' retrieved from /home/ubuntu/myenv/lib/python3.12/site-packages/airflow/example_dags/example_latest_only_with_trigger.py
[2024-08-27T14:45:04.120+0000] {logging_mixin.py:190} INFO - [2024-08-27T14:45:04.120+0000] {dag.py:3211} INFO - Sync 1 DAGs
[2024-08-27T14:45:04.143+0000] {logging_mixin.py:190} INFO - [2024-08-27T14:45:04.143+0000] {dag.py:4138} INFO - Setting next_dagrun for latest_only_with_trigger to 2024-08-27 08:00:00+00:00, run_after=2024-08-27 12:00:00+00:00
[2024-08-27T14:45:04.170+0000] {processor.py:208} INFO - Processing /home/ubuntu/myenv/lib/python3.12/site-packages/airflow/example_dags/example_latest_only_with_trigger.py took 0.088 seconds
[2024-08-27T14:45:55.205+0000] {processor.py:186} INFO - Started process (PID=6314) to work on /home/ubuntu/myenv/lib/python3.12/site-packages/airflow/example_dags/example_latest_only_with_trigger.py
[2024-08-27T14:45:55.206+0000] {processor.py:914} INFO - Processing file /home/ubuntu/myenv/lib/python3.12/site-packages/airflow/example_dags/example_latest_only_with_trigger.py for tasks to queue
[2024-08-27T14:45:55.209+0000] {logging_mixin.py:190} INFO - [2024-08-27T14:45:55.209+0000] {dagbag.py:587} INFO - Filling up the DagBag from /home/ubuntu/myenv/lib/python3.12/site-packages/airflow/example_dags/example_latest_only_with_trigger.py
[2024-08-27T14:45:55.218+0000] {processor.py:925} INFO - DAG(s) 'latest_only_with_trigger' retrieved from /home/ubuntu/myenv/lib/python3.12/site-packages/airflow/example_dags/example_latest_only_with_trigger.py
[2024-08-27T14:45:55.239+0000] {logging_mixin.py:190} INFO - [2024-08-27T14:45:55.239+0000] {dag.py:3211} INFO - Sync 1 DAGs
[2024-08-27T14:45:55.263+0000] {logging_mixin.py:190} INFO - [2024-08-27T14:45:55.263+0000] {dag.py:4138} INFO - Setting next_dagrun for latest_only_with_trigger to 2024-08-27 08:00:00+00:00, run_after=2024-08-27 12:00:00+00:00
[2024-08-27T14:45:55.287+0000] {processor.py:208} INFO - Processing /home/ubuntu/myenv/lib/python3.12/site-packages/airflow/example_dags/example_latest_only_with_trigger.py took 0.088 seconds
[2024-08-27T14:46:43.023+0000] {processor.py:186} INFO - Started process (PID=6366) to work on /home/ubuntu/myenv/lib/python3.12/site-packages/airflow/example_dags/example_latest_only_with_trigger.py
[2024-08-27T14:46:43.025+0000] {processor.py:914} INFO - Processing file /home/ubuntu/myenv/lib/python3.12/site-packages/airflow/example_dags/example_latest_only_with_trigger.py for tasks to queue
[2024-08-27T14:46:43.027+0000] {logging_mixin.py:190} INFO - [2024-08-27T14:46:43.027+0000] {dagbag.py:587} INFO - Filling up the DagBag from /home/ubuntu/myenv/lib/python3.12/site-packages/airflow/example_dags/example_latest_only_with_trigger.py
[2024-08-27T14:46:43.035+0000] {processor.py:925} INFO - DAG(s) 'latest_only_with_trigger' retrieved from /home/ubuntu/myenv/lib/python3.12/site-packages/airflow/example_dags/example_latest_only_with_trigger.py
[2024-08-27T14:46:43.053+0000] {logging_mixin.py:190} INFO - [2024-08-27T14:46:43.053+0000] {dag.py:3211} INFO - Sync 1 DAGs
[2024-08-27T14:46:43.076+0000] {logging_mixin.py:190} INFO - [2024-08-27T14:46:43.076+0000] {dag.py:4138} INFO - Setting next_dagrun for latest_only_with_trigger to 2024-08-27 08:00:00+00:00, run_after=2024-08-27 12:00:00+00:00
[2024-08-27T14:46:43.099+0000] {processor.py:208} INFO - Processing /home/ubuntu/myenv/lib/python3.12/site-packages/airflow/example_dags/example_latest_only_with_trigger.py took 0.083 seconds
[2024-08-27T14:47:33.954+0000] {processor.py:186} INFO - Started process (PID=6420) to work on /home/ubuntu/myenv/lib/python3.12/site-packages/airflow/example_dags/example_latest_only_with_trigger.py
[2024-08-27T14:47:33.956+0000] {processor.py:914} INFO - Processing file /home/ubuntu/myenv/lib/python3.12/site-packages/airflow/example_dags/example_latest_only_with_trigger.py for tasks to queue
[2024-08-27T14:47:33.958+0000] {logging_mixin.py:190} INFO - [2024-08-27T14:47:33.958+0000] {dagbag.py:587} INFO - Filling up the DagBag from /home/ubuntu/myenv/lib/python3.12/site-packages/airflow/example_dags/example_latest_only_with_trigger.py
[2024-08-27T14:47:33.967+0000] {processor.py:925} INFO - DAG(s) 'latest_only_with_trigger' retrieved from /home/ubuntu/myenv/lib/python3.12/site-packages/airflow/example_dags/example_latest_only_with_trigger.py
[2024-08-27T14:47:33.986+0000] {logging_mixin.py:190} INFO - [2024-08-27T14:47:33.986+0000] {dag.py:3211} INFO - Sync 1 DAGs
[2024-08-27T14:47:34.008+0000] {logging_mixin.py:190} INFO - [2024-08-27T14:47:34.008+0000] {dag.py:4138} INFO - Setting next_dagrun for latest_only_with_trigger to 2024-08-27 08:00:00+00:00, run_after=2024-08-27 12:00:00+00:00
[2024-08-27T14:47:34.032+0000] {processor.py:208} INFO - Processing /home/ubuntu/myenv/lib/python3.12/site-packages/airflow/example_dags/example_latest_only_with_trigger.py took 0.084 seconds
[2024-08-27T14:48:25.479+0000] {processor.py:186} INFO - Started process (PID=6476) to work on /home/ubuntu/myenv/lib/python3.12/site-packages/airflow/example_dags/example_latest_only_with_trigger.py
[2024-08-27T14:48:25.481+0000] {processor.py:914} INFO - Processing file /home/ubuntu/myenv/lib/python3.12/site-packages/airflow/example_dags/example_latest_only_with_trigger.py for tasks to queue
[2024-08-27T14:48:25.483+0000] {logging_mixin.py:190} INFO - [2024-08-27T14:48:25.482+0000] {dagbag.py:587} INFO - Filling up the DagBag from /home/ubuntu/myenv/lib/python3.12/site-packages/airflow/example_dags/example_latest_only_with_trigger.py
[2024-08-27T14:48:25.492+0000] {processor.py:925} INFO - DAG(s) 'latest_only_with_trigger' retrieved from /home/ubuntu/myenv/lib/python3.12/site-packages/airflow/example_dags/example_latest_only_with_trigger.py
[2024-08-27T14:48:25.510+0000] {logging_mixin.py:190} INFO - [2024-08-27T14:48:25.510+0000] {dag.py:3211} INFO - Sync 1 DAGs
[2024-08-27T14:48:25.532+0000] {logging_mixin.py:190} INFO - [2024-08-27T14:48:25.532+0000] {dag.py:4138} INFO - Setting next_dagrun for latest_only_with_trigger to 2024-08-27 08:00:00+00:00, run_after=2024-08-27 12:00:00+00:00
[2024-08-27T14:48:25.555+0000] {processor.py:208} INFO - Processing /home/ubuntu/myenv/lib/python3.12/site-packages/airflow/example_dags/example_latest_only_with_trigger.py took 0.082 seconds
[2024-08-27T14:49:16.154+0000] {processor.py:186} INFO - Started process (PID=6530) to work on /home/ubuntu/myenv/lib/python3.12/site-packages/airflow/example_dags/example_latest_only_with_trigger.py
[2024-08-27T14:49:16.156+0000] {processor.py:914} INFO - Processing file /home/ubuntu/myenv/lib/python3.12/site-packages/airflow/example_dags/example_latest_only_with_trigger.py for tasks to queue
[2024-08-27T14:49:16.158+0000] {logging_mixin.py:190} INFO - [2024-08-27T14:49:16.157+0000] {dagbag.py:587} INFO - Filling up the DagBag from /home/ubuntu/myenv/lib/python3.12/site-packages/airflow/example_dags/example_latest_only_with_trigger.py
[2024-08-27T14:49:16.166+0000] {processor.py:925} INFO - DAG(s) 'latest_only_with_trigger' retrieved from /home/ubuntu/myenv/lib/python3.12/site-packages/airflow/example_dags/example_latest_only_with_trigger.py
[2024-08-27T14:49:16.185+0000] {logging_mixin.py:190} INFO - [2024-08-27T14:49:16.185+0000] {dag.py:3211} INFO - Sync 1 DAGs
[2024-08-27T14:49:16.207+0000] {logging_mixin.py:190} INFO - [2024-08-27T14:49:16.207+0000] {dag.py:4138} INFO - Setting next_dagrun for latest_only_with_trigger to 2024-08-27 08:00:00+00:00, run_after=2024-08-27 12:00:00+00:00
[2024-08-27T14:49:16.230+0000] {processor.py:208} INFO - Processing /home/ubuntu/myenv/lib/python3.12/site-packages/airflow/example_dags/example_latest_only_with_trigger.py took 0.082 seconds
[2024-08-27T16:10:15.519+0000] {processor.py:186} INFO - Started process (PID=7623) to work on /home/ubuntu/myenv/lib/python3.12/site-packages/airflow/example_dags/example_latest_only_with_trigger.py
[2024-08-27T16:10:15.520+0000] {processor.py:914} INFO - Processing file /home/ubuntu/myenv/lib/python3.12/site-packages/airflow/example_dags/example_latest_only_with_trigger.py for tasks to queue
[2024-08-27T16:10:15.522+0000] {logging_mixin.py:190} INFO - [2024-08-27T16:10:15.522+0000] {dagbag.py:587} INFO - Filling up the DagBag from /home/ubuntu/myenv/lib/python3.12/site-packages/airflow/example_dags/example_latest_only_with_trigger.py
[2024-08-27T16:10:15.531+0000] {processor.py:925} INFO - DAG(s) 'latest_only_with_trigger' retrieved from /home/ubuntu/myenv/lib/python3.12/site-packages/airflow/example_dags/example_latest_only_with_trigger.py
[2024-08-27T16:10:15.551+0000] {logging_mixin.py:190} INFO - [2024-08-27T16:10:15.551+0000] {dag.py:3211} INFO - Sync 1 DAGs
[2024-08-27T16:10:15.573+0000] {logging_mixin.py:190} INFO - [2024-08-27T16:10:15.572+0000] {dag.py:4138} INFO - Setting next_dagrun for latest_only_with_trigger to 2024-08-27 12:00:00+00:00, run_after=2024-08-27 16:00:00+00:00
[2024-08-27T16:10:15.596+0000] {processor.py:208} INFO - Processing /home/ubuntu/myenv/lib/python3.12/site-packages/airflow/example_dags/example_latest_only_with_trigger.py took 0.083 seconds
[2024-08-27T16:11:11.262+0000] {processor.py:186} INFO - Started process (PID=7724) to work on /home/ubuntu/myenv/lib/python3.12/site-packages/airflow/example_dags/example_latest_only_with_trigger.py
[2024-08-27T16:11:11.264+0000] {processor.py:914} INFO - Processing file /home/ubuntu/myenv/lib/python3.12/site-packages/airflow/example_dags/example_latest_only_with_trigger.py for tasks to queue
[2024-08-27T16:11:11.266+0000] {logging_mixin.py:190} INFO - [2024-08-27T16:11:11.265+0000] {dagbag.py:587} INFO - Filling up the DagBag from /home/ubuntu/myenv/lib/python3.12/site-packages/airflow/example_dags/example_latest_only_with_trigger.py
[2024-08-27T16:11:11.274+0000] {processor.py:925} INFO - DAG(s) 'latest_only_with_trigger' retrieved from /home/ubuntu/myenv/lib/python3.12/site-packages/airflow/example_dags/example_latest_only_with_trigger.py
[2024-08-27T16:11:11.294+0000] {logging_mixin.py:190} INFO - [2024-08-27T16:11:11.293+0000] {dag.py:3211} INFO - Sync 1 DAGs
[2024-08-27T16:11:11.316+0000] {logging_mixin.py:190} INFO - [2024-08-27T16:11:11.316+0000] {dag.py:4138} INFO - Setting next_dagrun for latest_only_with_trigger to 2024-08-27 12:00:00+00:00, run_after=2024-08-27 16:00:00+00:00
[2024-08-27T16:11:11.340+0000] {processor.py:208} INFO - Processing /home/ubuntu/myenv/lib/python3.12/site-packages/airflow/example_dags/example_latest_only_with_trigger.py took 0.084 seconds
[2024-08-27T16:12:06.698+0000] {processor.py:186} INFO - Started process (PID=7850) to work on /home/ubuntu/myenv/lib/python3.12/site-packages/airflow/example_dags/example_latest_only_with_trigger.py
[2024-08-27T16:12:06.699+0000] {processor.py:914} INFO - Processing file /home/ubuntu/myenv/lib/python3.12/site-packages/airflow/example_dags/example_latest_only_with_trigger.py for tasks to queue
[2024-08-27T16:12:06.701+0000] {logging_mixin.py:190} INFO - [2024-08-27T16:12:06.701+0000] {dagbag.py:587} INFO - Filling up the DagBag from /home/ubuntu/myenv/lib/python3.12/site-packages/airflow/example_dags/example_latest_only_with_trigger.py
[2024-08-27T16:12:06.710+0000] {processor.py:925} INFO - DAG(s) 'latest_only_with_trigger' retrieved from /home/ubuntu/myenv/lib/python3.12/site-packages/airflow/example_dags/example_latest_only_with_trigger.py
[2024-08-27T16:12:06.729+0000] {logging_mixin.py:190} INFO - [2024-08-27T16:12:06.728+0000] {dag.py:3211} INFO - Sync 1 DAGs
[2024-08-27T16:12:06.752+0000] {logging_mixin.py:190} INFO - [2024-08-27T16:12:06.752+0000] {dag.py:4138} INFO - Setting next_dagrun for latest_only_with_trigger to 2024-08-27 12:00:00+00:00, run_after=2024-08-27 16:00:00+00:00
[2024-08-27T16:12:06.776+0000] {processor.py:208} INFO - Processing /home/ubuntu/myenv/lib/python3.12/site-packages/airflow/example_dags/example_latest_only_with_trigger.py took 0.085 seconds
[2024-08-27T16:12:57.513+0000] {processor.py:186} INFO - Started process (PID=7940) to work on /home/ubuntu/myenv/lib/python3.12/site-packages/airflow/example_dags/example_latest_only_with_trigger.py
[2024-08-27T16:12:57.515+0000] {processor.py:914} INFO - Processing file /home/ubuntu/myenv/lib/python3.12/site-packages/airflow/example_dags/example_latest_only_with_trigger.py for tasks to queue
[2024-08-27T16:12:57.517+0000] {logging_mixin.py:190} INFO - [2024-08-27T16:12:57.517+0000] {dagbag.py:587} INFO - Filling up the DagBag from /home/ubuntu/myenv/lib/python3.12/site-packages/airflow/example_dags/example_latest_only_with_trigger.py
[2024-08-27T16:12:57.526+0000] {processor.py:925} INFO - DAG(s) 'latest_only_with_trigger' retrieved from /home/ubuntu/myenv/lib/python3.12/site-packages/airflow/example_dags/example_latest_only_with_trigger.py
[2024-08-27T16:12:57.545+0000] {logging_mixin.py:190} INFO - [2024-08-27T16:12:57.545+0000] {dag.py:3211} INFO - Sync 1 DAGs
[2024-08-27T16:12:57.568+0000] {logging_mixin.py:190} INFO - [2024-08-27T16:12:57.568+0000] {dag.py:4138} INFO - Setting next_dagrun for latest_only_with_trigger to 2024-08-27 12:00:00+00:00, run_after=2024-08-27 16:00:00+00:00
[2024-08-27T16:12:57.594+0000] {processor.py:208} INFO - Processing /home/ubuntu/myenv/lib/python3.12/site-packages/airflow/example_dags/example_latest_only_with_trigger.py took 0.086 seconds
[2024-08-27T16:13:49.824+0000] {processor.py:186} INFO - Started process (PID=8032) to work on /home/ubuntu/myenv/lib/python3.12/site-packages/airflow/example_dags/example_latest_only_with_trigger.py
[2024-08-27T16:13:49.826+0000] {processor.py:914} INFO - Processing file /home/ubuntu/myenv/lib/python3.12/site-packages/airflow/example_dags/example_latest_only_with_trigger.py for tasks to queue
[2024-08-27T16:13:49.828+0000] {logging_mixin.py:190} INFO - [2024-08-27T16:13:49.827+0000] {dagbag.py:587} INFO - Filling up the DagBag from /home/ubuntu/myenv/lib/python3.12/site-packages/airflow/example_dags/example_latest_only_with_trigger.py
[2024-08-27T16:13:49.836+0000] {processor.py:925} INFO - DAG(s) 'latest_only_with_trigger' retrieved from /home/ubuntu/myenv/lib/python3.12/site-packages/airflow/example_dags/example_latest_only_with_trigger.py
[2024-08-27T16:13:49.856+0000] {logging_mixin.py:190} INFO - [2024-08-27T16:13:49.855+0000] {dag.py:3211} INFO - Sync 1 DAGs
[2024-08-27T16:13:49.878+0000] {logging_mixin.py:190} INFO - [2024-08-27T16:13:49.878+0000] {dag.py:4138} INFO - Setting next_dagrun for latest_only_with_trigger to 2024-08-27 12:00:00+00:00, run_after=2024-08-27 16:00:00+00:00
[2024-08-27T16:13:49.901+0000] {processor.py:208} INFO - Processing /home/ubuntu/myenv/lib/python3.12/site-packages/airflow/example_dags/example_latest_only_with_trigger.py took 0.083 seconds
