[2024-08-27T14:34:59.711+0000] {processor.py:186} INFO - Started process (PID=5554) to work on /home/ubuntu/myenv/lib/python3.12/site-packages/airflow/example_dags/example_dataset_alias.py
[2024-08-27T14:34:59.712+0000] {processor.py:914} INFO - Processing file /home/ubuntu/myenv/lib/python3.12/site-packages/airflow/example_dags/example_dataset_alias.py for tasks to queue
[2024-08-27T14:34:59.714+0000] {logging_mixin.py:190} INFO - [2024-08-27T14:34:59.714+0000] {dagbag.py:587} INFO - Filling up the DagBag from /home/ubuntu/myenv/lib/python3.12/site-packages/airflow/example_dags/example_dataset_alias.py
[2024-08-27T14:34:59.735+0000] {processor.py:925} INFO - DAG(s) 'dataset_alias_example_alias_producer', 'dataset_s3_bucket_consumer', 'dataset_alias_example_alias_consumer', 'dataset_s3_bucket_producer' retrieved from /home/ubuntu/myenv/lib/python3.12/site-packages/airflow/example_dags/example_dataset_alias.py
[2024-08-27T14:34:59.843+0000] {logging_mixin.py:190} INFO - [2024-08-27T14:34:59.842+0000] {override.py:1900} INFO - Created Permission View: can delete on DAG:dataset_alias_example_alias_producer
[2024-08-27T14:34:59.856+0000] {logging_mixin.py:190} INFO - [2024-08-27T14:34:59.855+0000] {override.py:1900} INFO - Created Permission View: can edit on DAG:dataset_alias_example_alias_producer
[2024-08-27T14:34:59.865+0000] {logging_mixin.py:190} INFO - [2024-08-27T14:34:59.865+0000] {override.py:1900} INFO - Created Permission View: can read on DAG:dataset_alias_example_alias_producer
[2024-08-27T14:34:59.879+0000] {logging_mixin.py:190} INFO - [2024-08-27T14:34:59.879+0000] {override.py:1900} INFO - Created Permission View: can create on DAG Run:dataset_alias_example_alias_producer
[2024-08-27T14:34:59.889+0000] {logging_mixin.py:190} INFO - [2024-08-27T14:34:59.888+0000] {override.py:1900} INFO - Created Permission View: menu access on DAG Run:dataset_alias_example_alias_producer
[2024-08-27T14:34:59.898+0000] {logging_mixin.py:190} INFO - [2024-08-27T14:34:59.898+0000] {override.py:1900} INFO - Created Permission View: can delete on DAG Run:dataset_alias_example_alias_producer
[2024-08-27T14:34:59.908+0000] {logging_mixin.py:190} INFO - [2024-08-27T14:34:59.908+0000] {override.py:1900} INFO - Created Permission View: can read on DAG Run:dataset_alias_example_alias_producer
[2024-08-27T14:34:59.929+0000] {logging_mixin.py:190} INFO - [2024-08-27T14:34:59.929+0000] {override.py:1900} INFO - Created Permission View: can delete on DAG:dataset_s3_bucket_consumer
[2024-08-27T14:34:59.939+0000] {logging_mixin.py:190} INFO - [2024-08-27T14:34:59.938+0000] {override.py:1900} INFO - Created Permission View: can edit on DAG:dataset_s3_bucket_consumer
[2024-08-27T14:34:59.948+0000] {logging_mixin.py:190} INFO - [2024-08-27T14:34:59.948+0000] {override.py:1900} INFO - Created Permission View: can read on DAG:dataset_s3_bucket_consumer
[2024-08-27T14:34:59.985+0000] {logging_mixin.py:190} INFO - [2024-08-27T14:34:59.984+0000] {override.py:1900} INFO - Created Permission View: can create on DAG Run:dataset_s3_bucket_consumer
[2024-08-27T14:34:59.995+0000] {logging_mixin.py:190} INFO - [2024-08-27T14:34:59.995+0000] {override.py:1900} INFO - Created Permission View: menu access on DAG Run:dataset_s3_bucket_consumer
[2024-08-27T14:35:00.004+0000] {logging_mixin.py:190} INFO - [2024-08-27T14:35:00.004+0000] {override.py:1900} INFO - Created Permission View: can delete on DAG Run:dataset_s3_bucket_consumer
[2024-08-27T14:35:00.014+0000] {logging_mixin.py:190} INFO - [2024-08-27T14:35:00.014+0000] {override.py:1900} INFO - Created Permission View: can read on DAG Run:dataset_s3_bucket_consumer
[2024-08-27T14:35:00.035+0000] {logging_mixin.py:190} INFO - [2024-08-27T14:35:00.035+0000] {override.py:1900} INFO - Created Permission View: can delete on DAG:dataset_alias_example_alias_consumer
[2024-08-27T14:35:00.045+0000] {logging_mixin.py:190} INFO - [2024-08-27T14:35:00.045+0000] {override.py:1900} INFO - Created Permission View: can edit on DAG:dataset_alias_example_alias_consumer
[2024-08-27T14:35:00.059+0000] {logging_mixin.py:190} INFO - [2024-08-27T14:35:00.059+0000] {override.py:1900} INFO - Created Permission View: can read on DAG:dataset_alias_example_alias_consumer
[2024-08-27T14:35:00.076+0000] {logging_mixin.py:190} INFO - [2024-08-27T14:35:00.075+0000] {override.py:1900} INFO - Created Permission View: can create on DAG Run:dataset_alias_example_alias_consumer
[2024-08-27T14:35:00.086+0000] {logging_mixin.py:190} INFO - [2024-08-27T14:35:00.085+0000] {override.py:1900} INFO - Created Permission View: menu access on DAG Run:dataset_alias_example_alias_consumer
[2024-08-27T14:35:00.095+0000] {logging_mixin.py:190} INFO - [2024-08-27T14:35:00.095+0000] {override.py:1900} INFO - Created Permission View: can delete on DAG Run:dataset_alias_example_alias_consumer
[2024-08-27T14:35:00.105+0000] {logging_mixin.py:190} INFO - [2024-08-27T14:35:00.105+0000] {override.py:1900} INFO - Created Permission View: can read on DAG Run:dataset_alias_example_alias_consumer
[2024-08-27T14:35:00.127+0000] {logging_mixin.py:190} INFO - [2024-08-27T14:35:00.126+0000] {override.py:1900} INFO - Created Permission View: can delete on DAG:dataset_s3_bucket_producer
[2024-08-27T14:35:00.137+0000] {logging_mixin.py:190} INFO - [2024-08-27T14:35:00.136+0000] {override.py:1900} INFO - Created Permission View: can edit on DAG:dataset_s3_bucket_producer
[2024-08-27T14:35:00.146+0000] {logging_mixin.py:190} INFO - [2024-08-27T14:35:00.145+0000] {override.py:1900} INFO - Created Permission View: can read on DAG:dataset_s3_bucket_producer
[2024-08-27T14:35:00.160+0000] {logging_mixin.py:190} INFO - [2024-08-27T14:35:00.160+0000] {override.py:1900} INFO - Created Permission View: can create on DAG Run:dataset_s3_bucket_producer
[2024-08-27T14:35:00.169+0000] {logging_mixin.py:190} INFO - [2024-08-27T14:35:00.169+0000] {override.py:1900} INFO - Created Permission View: menu access on DAG Run:dataset_s3_bucket_producer
[2024-08-27T14:35:00.178+0000] {logging_mixin.py:190} INFO - [2024-08-27T14:35:00.178+0000] {override.py:1900} INFO - Created Permission View: can delete on DAG Run:dataset_s3_bucket_producer
[2024-08-27T14:35:00.187+0000] {logging_mixin.py:190} INFO - [2024-08-27T14:35:00.187+0000] {override.py:1900} INFO - Created Permission View: can read on DAG Run:dataset_s3_bucket_producer
[2024-08-27T14:35:00.188+0000] {logging_mixin.py:190} INFO - [2024-08-27T14:35:00.188+0000] {dag.py:3211} INFO - Sync 4 DAGs
[2024-08-27T14:35:00.201+0000] {logging_mixin.py:190} INFO - [2024-08-27T14:35:00.201+0000] {dag.py:3234} INFO - Creating ORM DAG for dataset_s3_bucket_producer
[2024-08-27T14:35:00.202+0000] {logging_mixin.py:190} INFO - [2024-08-27T14:35:00.202+0000] {dag.py:3234} INFO - Creating ORM DAG for dataset_s3_bucket_consumer
[2024-08-27T14:35:00.203+0000] {logging_mixin.py:190} INFO - [2024-08-27T14:35:00.202+0000] {dag.py:3234} INFO - Creating ORM DAG for dataset_alias_example_alias_consumer
[2024-08-27T14:35:00.203+0000] {logging_mixin.py:190} INFO - [2024-08-27T14:35:00.203+0000] {dag.py:3234} INFO - Creating ORM DAG for dataset_alias_example_alias_producer
[2024-08-27T14:35:00.211+0000] {logging_mixin.py:190} INFO - [2024-08-27T14:35:00.211+0000] {dag.py:4138} INFO - Setting next_dagrun for dataset_alias_example_alias_consumer to None, run_after=None
[2024-08-27T14:35:00.212+0000] {logging_mixin.py:190} INFO - [2024-08-27T14:35:00.212+0000] {dag.py:4138} INFO - Setting next_dagrun for dataset_alias_example_alias_producer to None, run_after=None
[2024-08-27T14:35:00.213+0000] {logging_mixin.py:190} INFO - [2024-08-27T14:35:00.212+0000] {dag.py:4138} INFO - Setting next_dagrun for dataset_s3_bucket_consumer to None, run_after=None
[2024-08-27T14:35:00.213+0000] {logging_mixin.py:190} INFO - [2024-08-27T14:35:00.213+0000] {dag.py:4138} INFO - Setting next_dagrun for dataset_s3_bucket_producer to None, run_after=None
[2024-08-27T14:35:00.242+0000] {processor.py:208} INFO - Processing /home/ubuntu/myenv/lib/python3.12/site-packages/airflow/example_dags/example_dataset_alias.py took 0.537 seconds
[2024-08-27T14:36:01.342+0000] {processor.py:186} INFO - Started process (PID=5629) to work on /home/ubuntu/myenv/lib/python3.12/site-packages/airflow/example_dags/example_dataset_alias.py
[2024-08-27T14:36:01.344+0000] {processor.py:914} INFO - Processing file /home/ubuntu/myenv/lib/python3.12/site-packages/airflow/example_dags/example_dataset_alias.py for tasks to queue
[2024-08-27T14:36:01.346+0000] {logging_mixin.py:190} INFO - [2024-08-27T14:36:01.345+0000] {dagbag.py:587} INFO - Filling up the DagBag from /home/ubuntu/myenv/lib/python3.12/site-packages/airflow/example_dags/example_dataset_alias.py
[2024-08-27T14:36:01.372+0000] {processor.py:925} INFO - DAG(s) 'dataset_alias_example_alias_producer', 'dataset_s3_bucket_producer', 'dataset_s3_bucket_consumer', 'dataset_alias_example_alias_consumer' retrieved from /home/ubuntu/myenv/lib/python3.12/site-packages/airflow/example_dags/example_dataset_alias.py
[2024-08-27T14:36:01.394+0000] {logging_mixin.py:190} INFO - [2024-08-27T14:36:01.393+0000] {dag.py:3211} INFO - Sync 4 DAGs
[2024-08-27T14:36:01.415+0000] {logging_mixin.py:190} INFO - [2024-08-27T14:36:01.415+0000] {dag.py:4138} INFO - Setting next_dagrun for dataset_alias_example_alias_consumer to None, run_after=None
[2024-08-27T14:36:01.418+0000] {logging_mixin.py:190} INFO - [2024-08-27T14:36:01.417+0000] {dag.py:4138} INFO - Setting next_dagrun for dataset_alias_example_alias_producer to None, run_after=None
[2024-08-27T14:36:01.419+0000] {logging_mixin.py:190} INFO - [2024-08-27T14:36:01.418+0000] {dag.py:4138} INFO - Setting next_dagrun for dataset_s3_bucket_consumer to None, run_after=None
[2024-08-27T14:36:01.419+0000] {logging_mixin.py:190} INFO - [2024-08-27T14:36:01.419+0000] {dag.py:4138} INFO - Setting next_dagrun for dataset_s3_bucket_producer to None, run_after=None
[2024-08-27T14:36:01.447+0000] {processor.py:208} INFO - Processing /home/ubuntu/myenv/lib/python3.12/site-packages/airflow/example_dags/example_dataset_alias.py took 0.111 seconds
[2024-08-27T14:36:54.888+0000] {processor.py:186} INFO - Started process (PID=5701) to work on /home/ubuntu/myenv/lib/python3.12/site-packages/airflow/example_dags/example_dataset_alias.py
[2024-08-27T14:36:54.890+0000] {processor.py:914} INFO - Processing file /home/ubuntu/myenv/lib/python3.12/site-packages/airflow/example_dags/example_dataset_alias.py for tasks to queue
[2024-08-27T14:36:54.892+0000] {logging_mixin.py:190} INFO - [2024-08-27T14:36:54.892+0000] {dagbag.py:587} INFO - Filling up the DagBag from /home/ubuntu/myenv/lib/python3.12/site-packages/airflow/example_dags/example_dataset_alias.py
[2024-08-27T14:36:54.919+0000] {processor.py:925} INFO - DAG(s) 'dataset_alias_example_alias_consumer', 'dataset_s3_bucket_producer', 'dataset_s3_bucket_consumer', 'dataset_alias_example_alias_producer' retrieved from /home/ubuntu/myenv/lib/python3.12/site-packages/airflow/example_dags/example_dataset_alias.py
[2024-08-27T14:36:54.942+0000] {logging_mixin.py:190} INFO - [2024-08-27T14:36:54.941+0000] {dag.py:3211} INFO - Sync 4 DAGs
[2024-08-27T14:36:54.964+0000] {logging_mixin.py:190} INFO - [2024-08-27T14:36:54.964+0000] {dag.py:4138} INFO - Setting next_dagrun for dataset_alias_example_alias_consumer to None, run_after=None
[2024-08-27T14:36:54.967+0000] {logging_mixin.py:190} INFO - [2024-08-27T14:36:54.967+0000] {dag.py:4138} INFO - Setting next_dagrun for dataset_alias_example_alias_producer to None, run_after=None
[2024-08-27T14:36:54.968+0000] {logging_mixin.py:190} INFO - [2024-08-27T14:36:54.968+0000] {dag.py:4138} INFO - Setting next_dagrun for dataset_s3_bucket_consumer to None, run_after=None
[2024-08-27T14:36:54.969+0000] {logging_mixin.py:190} INFO - [2024-08-27T14:36:54.969+0000] {dag.py:4138} INFO - Setting next_dagrun for dataset_s3_bucket_producer to None, run_after=None
[2024-08-27T14:36:54.995+0000] {processor.py:208} INFO - Processing /home/ubuntu/myenv/lib/python3.12/site-packages/airflow/example_dags/example_dataset_alias.py took 0.113 seconds
[2024-08-27T14:38:08.353+0000] {processor.py:186} INFO - Started process (PID=5803) to work on /home/ubuntu/myenv/lib/python3.12/site-packages/airflow/example_dags/example_dataset_alias.py
[2024-08-27T14:38:08.355+0000] {processor.py:914} INFO - Processing file /home/ubuntu/myenv/lib/python3.12/site-packages/airflow/example_dags/example_dataset_alias.py for tasks to queue
[2024-08-27T14:38:08.357+0000] {logging_mixin.py:190} INFO - [2024-08-27T14:38:08.357+0000] {dagbag.py:587} INFO - Filling up the DagBag from /home/ubuntu/myenv/lib/python3.12/site-packages/airflow/example_dags/example_dataset_alias.py
[2024-08-27T14:38:08.384+0000] {processor.py:925} INFO - DAG(s) 'dataset_alias_example_alias_producer', 'dataset_s3_bucket_producer', 'dataset_s3_bucket_consumer', 'dataset_alias_example_alias_consumer' retrieved from /home/ubuntu/myenv/lib/python3.12/site-packages/airflow/example_dags/example_dataset_alias.py
[2024-08-27T14:38:08.407+0000] {logging_mixin.py:190} INFO - [2024-08-27T14:38:08.407+0000] {dag.py:3211} INFO - Sync 4 DAGs
[2024-08-27T14:38:08.429+0000] {logging_mixin.py:190} INFO - [2024-08-27T14:38:08.428+0000] {dag.py:4138} INFO - Setting next_dagrun for dataset_alias_example_alias_consumer to None, run_after=None
[2024-08-27T14:38:08.431+0000] {logging_mixin.py:190} INFO - [2024-08-27T14:38:08.431+0000] {dag.py:4138} INFO - Setting next_dagrun for dataset_alias_example_alias_producer to None, run_after=None
[2024-08-27T14:38:08.432+0000] {logging_mixin.py:190} INFO - [2024-08-27T14:38:08.432+0000] {dag.py:4138} INFO - Setting next_dagrun for dataset_s3_bucket_consumer to None, run_after=None
[2024-08-27T14:38:08.433+0000] {logging_mixin.py:190} INFO - [2024-08-27T14:38:08.433+0000] {dag.py:4138} INFO - Setting next_dagrun for dataset_s3_bucket_producer to None, run_after=None
[2024-08-27T14:38:08.461+0000] {processor.py:208} INFO - Processing /home/ubuntu/myenv/lib/python3.12/site-packages/airflow/example_dags/example_dataset_alias.py took 0.114 seconds
[2024-08-27T14:39:12.194+0000] {processor.py:186} INFO - Started process (PID=5878) to work on /home/ubuntu/myenv/lib/python3.12/site-packages/airflow/example_dags/example_dataset_alias.py
[2024-08-27T14:39:12.196+0000] {processor.py:914} INFO - Processing file /home/ubuntu/myenv/lib/python3.12/site-packages/airflow/example_dags/example_dataset_alias.py for tasks to queue
[2024-08-27T14:39:12.198+0000] {logging_mixin.py:190} INFO - [2024-08-27T14:39:12.197+0000] {dagbag.py:587} INFO - Filling up the DagBag from /home/ubuntu/myenv/lib/python3.12/site-packages/airflow/example_dags/example_dataset_alias.py
[2024-08-27T14:39:12.349+0000] {processor.py:925} INFO - DAG(s) 'dataset_s3_bucket_consumer', 'dataset_alias_example_alias_producer', 'dataset_alias_example_alias_consumer', 'dataset_s3_bucket_producer' retrieved from /home/ubuntu/myenv/lib/python3.12/site-packages/airflow/example_dags/example_dataset_alias.py
[2024-08-27T14:39:12.368+0000] {logging_mixin.py:190} INFO - [2024-08-27T14:39:12.367+0000] {dag.py:3211} INFO - Sync 4 DAGs
[2024-08-27T14:39:12.386+0000] {logging_mixin.py:190} INFO - [2024-08-27T14:39:12.386+0000] {dag.py:4138} INFO - Setting next_dagrun for dataset_alias_example_alias_consumer to None, run_after=None
[2024-08-27T14:39:12.388+0000] {logging_mixin.py:190} INFO - [2024-08-27T14:39:12.388+0000] {dag.py:4138} INFO - Setting next_dagrun for dataset_alias_example_alias_producer to None, run_after=None
[2024-08-27T14:39:12.389+0000] {logging_mixin.py:190} INFO - [2024-08-27T14:39:12.389+0000] {dag.py:4138} INFO - Setting next_dagrun for dataset_s3_bucket_consumer to None, run_after=None
[2024-08-27T14:39:12.390+0000] {logging_mixin.py:190} INFO - [2024-08-27T14:39:12.390+0000] {dag.py:4138} INFO - Setting next_dagrun for dataset_s3_bucket_producer to None, run_after=None
[2024-08-27T14:39:12.413+0000] {processor.py:208} INFO - Processing /home/ubuntu/myenv/lib/python3.12/site-packages/airflow/example_dags/example_dataset_alias.py took 0.225 seconds
[2024-08-27T14:40:07.626+0000] {processor.py:186} INFO - Started process (PID=5953) to work on /home/ubuntu/myenv/lib/python3.12/site-packages/airflow/example_dags/example_dataset_alias.py
[2024-08-27T14:40:07.628+0000] {processor.py:914} INFO - Processing file /home/ubuntu/myenv/lib/python3.12/site-packages/airflow/example_dags/example_dataset_alias.py for tasks to queue
[2024-08-27T14:40:07.630+0000] {logging_mixin.py:190} INFO - [2024-08-27T14:40:07.630+0000] {dagbag.py:587} INFO - Filling up the DagBag from /home/ubuntu/myenv/lib/python3.12/site-packages/airflow/example_dags/example_dataset_alias.py
[2024-08-27T14:40:07.658+0000] {processor.py:925} INFO - DAG(s) 'dataset_s3_bucket_consumer', 'dataset_alias_example_alias_producer', 'dataset_alias_example_alias_consumer', 'dataset_s3_bucket_producer' retrieved from /home/ubuntu/myenv/lib/python3.12/site-packages/airflow/example_dags/example_dataset_alias.py
[2024-08-27T14:40:07.680+0000] {logging_mixin.py:190} INFO - [2024-08-27T14:40:07.679+0000] {dag.py:3211} INFO - Sync 4 DAGs
[2024-08-27T14:40:07.702+0000] {logging_mixin.py:190} INFO - [2024-08-27T14:40:07.701+0000] {dag.py:4138} INFO - Setting next_dagrun for dataset_alias_example_alias_consumer to None, run_after=None
[2024-08-27T14:40:07.704+0000] {logging_mixin.py:190} INFO - [2024-08-27T14:40:07.704+0000] {dag.py:4138} INFO - Setting next_dagrun for dataset_alias_example_alias_producer to None, run_after=None
[2024-08-27T14:40:07.705+0000] {logging_mixin.py:190} INFO - [2024-08-27T14:40:07.705+0000] {dag.py:4138} INFO - Setting next_dagrun for dataset_s3_bucket_consumer to None, run_after=None
[2024-08-27T14:40:07.706+0000] {logging_mixin.py:190} INFO - [2024-08-27T14:40:07.706+0000] {dag.py:4138} INFO - Setting next_dagrun for dataset_s3_bucket_producer to None, run_after=None
[2024-08-27T14:40:07.731+0000] {processor.py:208} INFO - Processing /home/ubuntu/myenv/lib/python3.12/site-packages/airflow/example_dags/example_dataset_alias.py took 0.111 seconds
[2024-08-27T14:41:22.680+0000] {processor.py:186} INFO - Started process (PID=6032) to work on /home/ubuntu/myenv/lib/python3.12/site-packages/airflow/example_dags/example_dataset_alias.py
[2024-08-27T14:41:22.681+0000] {processor.py:914} INFO - Processing file /home/ubuntu/myenv/lib/python3.12/site-packages/airflow/example_dags/example_dataset_alias.py for tasks to queue
[2024-08-27T14:41:22.684+0000] {logging_mixin.py:190} INFO - [2024-08-27T14:41:22.683+0000] {dagbag.py:587} INFO - Filling up the DagBag from /home/ubuntu/myenv/lib/python3.12/site-packages/airflow/example_dags/example_dataset_alias.py
[2024-08-27T14:41:22.710+0000] {processor.py:925} INFO - DAG(s) 'dataset_alias_example_alias_producer', 'dataset_s3_bucket_producer', 'dataset_s3_bucket_consumer', 'dataset_alias_example_alias_consumer' retrieved from /home/ubuntu/myenv/lib/python3.12/site-packages/airflow/example_dags/example_dataset_alias.py
[2024-08-27T14:41:22.731+0000] {logging_mixin.py:190} INFO - [2024-08-27T14:41:22.730+0000] {dag.py:3211} INFO - Sync 4 DAGs
[2024-08-27T14:41:22.752+0000] {logging_mixin.py:190} INFO - [2024-08-27T14:41:22.752+0000] {dag.py:4138} INFO - Setting next_dagrun for dataset_alias_example_alias_consumer to None, run_after=None
[2024-08-27T14:41:22.754+0000] {logging_mixin.py:190} INFO - [2024-08-27T14:41:22.754+0000] {dag.py:4138} INFO - Setting next_dagrun for dataset_alias_example_alias_producer to None, run_after=None
[2024-08-27T14:41:22.755+0000] {logging_mixin.py:190} INFO - [2024-08-27T14:41:22.755+0000] {dag.py:4138} INFO - Setting next_dagrun for dataset_s3_bucket_consumer to None, run_after=None
[2024-08-27T14:41:22.756+0000] {logging_mixin.py:190} INFO - [2024-08-27T14:41:22.756+0000] {dag.py:4138} INFO - Setting next_dagrun for dataset_s3_bucket_producer to None, run_after=None
[2024-08-27T14:41:22.782+0000] {processor.py:208} INFO - Processing /home/ubuntu/myenv/lib/python3.12/site-packages/airflow/example_dags/example_dataset_alias.py took 0.109 seconds
[2024-08-27T14:42:38.404+0000] {processor.py:186} INFO - Started process (PID=6109) to work on /home/ubuntu/myenv/lib/python3.12/site-packages/airflow/example_dags/example_dataset_alias.py
[2024-08-27T14:42:38.405+0000] {processor.py:914} INFO - Processing file /home/ubuntu/myenv/lib/python3.12/site-packages/airflow/example_dags/example_dataset_alias.py for tasks to queue
[2024-08-27T14:42:38.408+0000] {logging_mixin.py:190} INFO - [2024-08-27T14:42:38.407+0000] {dagbag.py:587} INFO - Filling up the DagBag from /home/ubuntu/myenv/lib/python3.12/site-packages/airflow/example_dags/example_dataset_alias.py
[2024-08-27T14:42:38.434+0000] {processor.py:925} INFO - DAG(s) 'dataset_s3_bucket_consumer', 'dataset_s3_bucket_producer', 'dataset_alias_example_alias_producer', 'dataset_alias_example_alias_consumer' retrieved from /home/ubuntu/myenv/lib/python3.12/site-packages/airflow/example_dags/example_dataset_alias.py
[2024-08-27T14:42:38.455+0000] {logging_mixin.py:190} INFO - [2024-08-27T14:42:38.455+0000] {dag.py:3211} INFO - Sync 4 DAGs
[2024-08-27T14:42:38.477+0000] {logging_mixin.py:190} INFO - [2024-08-27T14:42:38.476+0000] {dag.py:4138} INFO - Setting next_dagrun for dataset_alias_example_alias_consumer to None, run_after=None
[2024-08-27T14:42:38.479+0000] {logging_mixin.py:190} INFO - [2024-08-27T14:42:38.479+0000] {dag.py:4138} INFO - Setting next_dagrun for dataset_alias_example_alias_producer to None, run_after=None
[2024-08-27T14:42:38.480+0000] {logging_mixin.py:190} INFO - [2024-08-27T14:42:38.480+0000] {dag.py:4138} INFO - Setting next_dagrun for dataset_s3_bucket_consumer to None, run_after=None
[2024-08-27T14:42:38.481+0000] {logging_mixin.py:190} INFO - [2024-08-27T14:42:38.481+0000] {dag.py:4138} INFO - Setting next_dagrun for dataset_s3_bucket_producer to None, run_after=None
[2024-08-27T14:42:38.505+0000] {processor.py:208} INFO - Processing /home/ubuntu/myenv/lib/python3.12/site-packages/airflow/example_dags/example_dataset_alias.py took 0.108 seconds
[2024-08-27T14:43:54.761+0000] {processor.py:186} INFO - Started process (PID=6187) to work on /home/ubuntu/myenv/lib/python3.12/site-packages/airflow/example_dags/example_dataset_alias.py
[2024-08-27T14:43:54.762+0000] {processor.py:914} INFO - Processing file /home/ubuntu/myenv/lib/python3.12/site-packages/airflow/example_dags/example_dataset_alias.py for tasks to queue
[2024-08-27T14:43:54.765+0000] {logging_mixin.py:190} INFO - [2024-08-27T14:43:54.764+0000] {dagbag.py:587} INFO - Filling up the DagBag from /home/ubuntu/myenv/lib/python3.12/site-packages/airflow/example_dags/example_dataset_alias.py
[2024-08-27T14:43:54.792+0000] {processor.py:925} INFO - DAG(s) 'dataset_alias_example_alias_producer', 'dataset_alias_example_alias_consumer', 'dataset_s3_bucket_producer', 'dataset_s3_bucket_consumer' retrieved from /home/ubuntu/myenv/lib/python3.12/site-packages/airflow/example_dags/example_dataset_alias.py
[2024-08-27T14:43:54.813+0000] {logging_mixin.py:190} INFO - [2024-08-27T14:43:54.813+0000] {dag.py:3211} INFO - Sync 4 DAGs
[2024-08-27T14:43:54.836+0000] {logging_mixin.py:190} INFO - [2024-08-27T14:43:54.835+0000] {dag.py:4138} INFO - Setting next_dagrun for dataset_alias_example_alias_consumer to None, run_after=None
[2024-08-27T14:43:54.838+0000] {logging_mixin.py:190} INFO - [2024-08-27T14:43:54.838+0000] {dag.py:4138} INFO - Setting next_dagrun for dataset_alias_example_alias_producer to None, run_after=None
[2024-08-27T14:43:54.839+0000] {logging_mixin.py:190} INFO - [2024-08-27T14:43:54.839+0000] {dag.py:4138} INFO - Setting next_dagrun for dataset_s3_bucket_consumer to None, run_after=None
[2024-08-27T14:43:54.840+0000] {logging_mixin.py:190} INFO - [2024-08-27T14:43:54.840+0000] {dag.py:4138} INFO - Setting next_dagrun for dataset_s3_bucket_producer to None, run_after=None
[2024-08-27T14:43:54.868+0000] {processor.py:208} INFO - Processing /home/ubuntu/myenv/lib/python3.12/site-packages/airflow/example_dags/example_dataset_alias.py took 0.113 seconds
[2024-08-27T14:45:09.766+0000] {processor.py:186} INFO - Started process (PID=6268) to work on /home/ubuntu/myenv/lib/python3.12/site-packages/airflow/example_dags/example_dataset_alias.py
[2024-08-27T14:45:09.768+0000] {processor.py:914} INFO - Processing file /home/ubuntu/myenv/lib/python3.12/site-packages/airflow/example_dags/example_dataset_alias.py for tasks to queue
[2024-08-27T14:45:09.770+0000] {logging_mixin.py:190} INFO - [2024-08-27T14:45:09.770+0000] {dagbag.py:587} INFO - Filling up the DagBag from /home/ubuntu/myenv/lib/python3.12/site-packages/airflow/example_dags/example_dataset_alias.py
[2024-08-27T14:45:09.797+0000] {processor.py:925} INFO - DAG(s) 'dataset_s3_bucket_consumer', 'dataset_alias_example_alias_consumer', 'dataset_alias_example_alias_producer', 'dataset_s3_bucket_producer' retrieved from /home/ubuntu/myenv/lib/python3.12/site-packages/airflow/example_dags/example_dataset_alias.py
[2024-08-27T14:45:09.818+0000] {logging_mixin.py:190} INFO - [2024-08-27T14:45:09.817+0000] {dag.py:3211} INFO - Sync 4 DAGs
[2024-08-27T14:45:09.839+0000] {logging_mixin.py:190} INFO - [2024-08-27T14:45:09.839+0000] {dag.py:4138} INFO - Setting next_dagrun for dataset_alias_example_alias_consumer to None, run_after=None
[2024-08-27T14:45:09.841+0000] {logging_mixin.py:190} INFO - [2024-08-27T14:45:09.841+0000] {dag.py:4138} INFO - Setting next_dagrun for dataset_alias_example_alias_producer to None, run_after=None
[2024-08-27T14:45:09.842+0000] {logging_mixin.py:190} INFO - [2024-08-27T14:45:09.842+0000] {dag.py:4138} INFO - Setting next_dagrun for dataset_s3_bucket_consumer to None, run_after=None
[2024-08-27T14:45:09.843+0000] {logging_mixin.py:190} INFO - [2024-08-27T14:45:09.843+0000] {dag.py:4138} INFO - Setting next_dagrun for dataset_s3_bucket_producer to None, run_after=None
[2024-08-27T14:45:09.868+0000] {processor.py:208} INFO - Processing /home/ubuntu/myenv/lib/python3.12/site-packages/airflow/example_dags/example_dataset_alias.py took 0.108 seconds
[2024-08-27T14:46:02.023+0000] {processor.py:186} INFO - Started process (PID=6321) to work on /home/ubuntu/myenv/lib/python3.12/site-packages/airflow/example_dags/example_dataset_alias.py
[2024-08-27T14:46:02.025+0000] {processor.py:914} INFO - Processing file /home/ubuntu/myenv/lib/python3.12/site-packages/airflow/example_dags/example_dataset_alias.py for tasks to queue
[2024-08-27T14:46:02.028+0000] {logging_mixin.py:190} INFO - [2024-08-27T14:46:02.027+0000] {dagbag.py:587} INFO - Filling up the DagBag from /home/ubuntu/myenv/lib/python3.12/site-packages/airflow/example_dags/example_dataset_alias.py
[2024-08-27T14:46:02.057+0000] {processor.py:925} INFO - DAG(s) 'dataset_alias_example_alias_consumer', 'dataset_alias_example_alias_producer', 'dataset_s3_bucket_producer', 'dataset_s3_bucket_consumer' retrieved from /home/ubuntu/myenv/lib/python3.12/site-packages/airflow/example_dags/example_dataset_alias.py
[2024-08-27T14:46:02.080+0000] {logging_mixin.py:190} INFO - [2024-08-27T14:46:02.080+0000] {dag.py:3211} INFO - Sync 4 DAGs
[2024-08-27T14:46:02.103+0000] {logging_mixin.py:190} INFO - [2024-08-27T14:46:02.103+0000] {dag.py:4138} INFO - Setting next_dagrun for dataset_alias_example_alias_consumer to None, run_after=None
[2024-08-27T14:46:02.106+0000] {logging_mixin.py:190} INFO - [2024-08-27T14:46:02.106+0000] {dag.py:4138} INFO - Setting next_dagrun for dataset_alias_example_alias_producer to None, run_after=None
[2024-08-27T14:46:02.107+0000] {logging_mixin.py:190} INFO - [2024-08-27T14:46:02.107+0000] {dag.py:4138} INFO - Setting next_dagrun for dataset_s3_bucket_consumer to None, run_after=None
[2024-08-27T14:46:02.108+0000] {logging_mixin.py:190} INFO - [2024-08-27T14:46:02.108+0000] {dag.py:4138} INFO - Setting next_dagrun for dataset_s3_bucket_producer to None, run_after=None
[2024-08-27T14:46:02.135+0000] {processor.py:208} INFO - Processing /home/ubuntu/myenv/lib/python3.12/site-packages/airflow/example_dags/example_dataset_alias.py took 0.119 seconds
[2024-08-27T14:47:09.708+0000] {processor.py:186} INFO - Started process (PID=6394) to work on /home/ubuntu/myenv/lib/python3.12/site-packages/airflow/example_dags/example_dataset_alias.py
[2024-08-27T14:47:09.710+0000] {processor.py:914} INFO - Processing file /home/ubuntu/myenv/lib/python3.12/site-packages/airflow/example_dags/example_dataset_alias.py for tasks to queue
[2024-08-27T14:47:09.712+0000] {logging_mixin.py:190} INFO - [2024-08-27T14:47:09.711+0000] {dagbag.py:587} INFO - Filling up the DagBag from /home/ubuntu/myenv/lib/python3.12/site-packages/airflow/example_dags/example_dataset_alias.py
[2024-08-27T14:47:09.739+0000] {processor.py:925} INFO - DAG(s) 'dataset_s3_bucket_consumer', 'dataset_alias_example_alias_producer', 'dataset_alias_example_alias_consumer', 'dataset_s3_bucket_producer' retrieved from /home/ubuntu/myenv/lib/python3.12/site-packages/airflow/example_dags/example_dataset_alias.py
[2024-08-27T14:47:09.760+0000] {logging_mixin.py:190} INFO - [2024-08-27T14:47:09.759+0000] {dag.py:3211} INFO - Sync 4 DAGs
[2024-08-27T14:47:09.781+0000] {logging_mixin.py:190} INFO - [2024-08-27T14:47:09.781+0000] {dag.py:4138} INFO - Setting next_dagrun for dataset_alias_example_alias_consumer to None, run_after=None
[2024-08-27T14:47:09.784+0000] {logging_mixin.py:190} INFO - [2024-08-27T14:47:09.783+0000] {dag.py:4138} INFO - Setting next_dagrun for dataset_alias_example_alias_producer to None, run_after=None
[2024-08-27T14:47:09.785+0000] {logging_mixin.py:190} INFO - [2024-08-27T14:47:09.784+0000] {dag.py:4138} INFO - Setting next_dagrun for dataset_s3_bucket_consumer to None, run_after=None
[2024-08-27T14:47:09.786+0000] {logging_mixin.py:190} INFO - [2024-08-27T14:47:09.785+0000] {dag.py:4138} INFO - Setting next_dagrun for dataset_s3_bucket_producer to None, run_after=None
[2024-08-27T14:47:09.810+0000] {processor.py:208} INFO - Processing /home/ubuntu/myenv/lib/python3.12/site-packages/airflow/example_dags/example_dataset_alias.py took 0.109 seconds
[2024-08-27T14:48:03.377+0000] {processor.py:186} INFO - Started process (PID=6450) to work on /home/ubuntu/myenv/lib/python3.12/site-packages/airflow/example_dags/example_dataset_alias.py
[2024-08-27T14:48:03.379+0000] {processor.py:914} INFO - Processing file /home/ubuntu/myenv/lib/python3.12/site-packages/airflow/example_dags/example_dataset_alias.py for tasks to queue
[2024-08-27T14:48:03.381+0000] {logging_mixin.py:190} INFO - [2024-08-27T14:48:03.381+0000] {dagbag.py:587} INFO - Filling up the DagBag from /home/ubuntu/myenv/lib/python3.12/site-packages/airflow/example_dags/example_dataset_alias.py
[2024-08-27T14:48:03.409+0000] {processor.py:925} INFO - DAG(s) 'dataset_alias_example_alias_producer', 'dataset_s3_bucket_consumer', 'dataset_s3_bucket_producer', 'dataset_alias_example_alias_consumer' retrieved from /home/ubuntu/myenv/lib/python3.12/site-packages/airflow/example_dags/example_dataset_alias.py
[2024-08-27T14:48:03.432+0000] {logging_mixin.py:190} INFO - [2024-08-27T14:48:03.432+0000] {dag.py:3211} INFO - Sync 4 DAGs
[2024-08-27T14:48:03.455+0000] {logging_mixin.py:190} INFO - [2024-08-27T14:48:03.455+0000] {dag.py:4138} INFO - Setting next_dagrun for dataset_alias_example_alias_consumer to None, run_after=None
[2024-08-27T14:48:03.457+0000] {logging_mixin.py:190} INFO - [2024-08-27T14:48:03.457+0000] {dag.py:4138} INFO - Setting next_dagrun for dataset_alias_example_alias_producer to None, run_after=None
[2024-08-27T14:48:03.458+0000] {logging_mixin.py:190} INFO - [2024-08-27T14:48:03.458+0000] {dag.py:4138} INFO - Setting next_dagrun for dataset_s3_bucket_consumer to None, run_after=None
[2024-08-27T14:48:03.459+0000] {logging_mixin.py:190} INFO - [2024-08-27T14:48:03.459+0000] {dag.py:4138} INFO - Setting next_dagrun for dataset_s3_bucket_producer to None, run_after=None
[2024-08-27T14:48:03.484+0000] {processor.py:208} INFO - Processing /home/ubuntu/myenv/lib/python3.12/site-packages/airflow/example_dags/example_dataset_alias.py took 0.114 seconds
[2024-08-27T14:49:20.636+0000] {processor.py:186} INFO - Started process (PID=6534) to work on /home/ubuntu/myenv/lib/python3.12/site-packages/airflow/example_dags/example_dataset_alias.py
[2024-08-27T14:49:20.637+0000] {processor.py:914} INFO - Processing file /home/ubuntu/myenv/lib/python3.12/site-packages/airflow/example_dags/example_dataset_alias.py for tasks to queue
[2024-08-27T14:49:20.640+0000] {logging_mixin.py:190} INFO - [2024-08-27T14:49:20.639+0000] {dagbag.py:587} INFO - Filling up the DagBag from /home/ubuntu/myenv/lib/python3.12/site-packages/airflow/example_dags/example_dataset_alias.py
[2024-08-27T14:49:20.666+0000] {processor.py:925} INFO - DAG(s) 'dataset_alias_example_alias_producer', 'dataset_s3_bucket_consumer', 'dataset_s3_bucket_producer', 'dataset_alias_example_alias_consumer' retrieved from /home/ubuntu/myenv/lib/python3.12/site-packages/airflow/example_dags/example_dataset_alias.py
[2024-08-27T14:49:20.687+0000] {logging_mixin.py:190} INFO - [2024-08-27T14:49:20.687+0000] {dag.py:3211} INFO - Sync 4 DAGs
[2024-08-27T14:49:20.708+0000] {logging_mixin.py:190} INFO - [2024-08-27T14:49:20.708+0000] {dag.py:4138} INFO - Setting next_dagrun for dataset_alias_example_alias_consumer to None, run_after=None
[2024-08-27T14:49:20.711+0000] {logging_mixin.py:190} INFO - [2024-08-27T14:49:20.710+0000] {dag.py:4138} INFO - Setting next_dagrun for dataset_alias_example_alias_producer to None, run_after=None
[2024-08-27T14:49:20.712+0000] {logging_mixin.py:190} INFO - [2024-08-27T14:49:20.712+0000] {dag.py:4138} INFO - Setting next_dagrun for dataset_s3_bucket_consumer to None, run_after=None
[2024-08-27T14:49:20.713+0000] {logging_mixin.py:190} INFO - [2024-08-27T14:49:20.712+0000] {dag.py:4138} INFO - Setting next_dagrun for dataset_s3_bucket_producer to None, run_after=None
[2024-08-27T14:49:20.740+0000] {processor.py:208} INFO - Processing /home/ubuntu/myenv/lib/python3.12/site-packages/airflow/example_dags/example_dataset_alias.py took 0.111 seconds
[2024-08-27T16:10:26.958+0000] {processor.py:186} INFO - Started process (PID=7634) to work on /home/ubuntu/myenv/lib/python3.12/site-packages/airflow/example_dags/example_dataset_alias.py
[2024-08-27T16:10:26.960+0000] {processor.py:914} INFO - Processing file /home/ubuntu/myenv/lib/python3.12/site-packages/airflow/example_dags/example_dataset_alias.py for tasks to queue
[2024-08-27T16:10:26.962+0000] {logging_mixin.py:190} INFO - [2024-08-27T16:10:26.962+0000] {dagbag.py:587} INFO - Filling up the DagBag from /home/ubuntu/myenv/lib/python3.12/site-packages/airflow/example_dags/example_dataset_alias.py
[2024-08-27T16:10:26.989+0000] {processor.py:925} INFO - DAG(s) 'dataset_s3_bucket_consumer', 'dataset_alias_example_alias_producer', 'dataset_s3_bucket_producer', 'dataset_alias_example_alias_consumer' retrieved from /home/ubuntu/myenv/lib/python3.12/site-packages/airflow/example_dags/example_dataset_alias.py
[2024-08-27T16:10:27.011+0000] {logging_mixin.py:190} INFO - [2024-08-27T16:10:27.011+0000] {dag.py:3211} INFO - Sync 4 DAGs
[2024-08-27T16:10:27.032+0000] {logging_mixin.py:190} INFO - [2024-08-27T16:10:27.032+0000] {dag.py:4138} INFO - Setting next_dagrun for dataset_alias_example_alias_consumer to None, run_after=None
[2024-08-27T16:10:27.035+0000] {logging_mixin.py:190} INFO - [2024-08-27T16:10:27.034+0000] {dag.py:4138} INFO - Setting next_dagrun for dataset_alias_example_alias_producer to None, run_after=None
[2024-08-27T16:10:27.037+0000] {logging_mixin.py:190} INFO - [2024-08-27T16:10:27.037+0000] {dag.py:4138} INFO - Setting next_dagrun for dataset_s3_bucket_consumer to None, run_after=None
[2024-08-27T16:10:27.038+0000] {logging_mixin.py:190} INFO - [2024-08-27T16:10:27.038+0000] {dag.py:4138} INFO - Setting next_dagrun for dataset_s3_bucket_producer to None, run_after=None
[2024-08-27T16:10:27.064+0000] {processor.py:208} INFO - Processing /home/ubuntu/myenv/lib/python3.12/site-packages/airflow/example_dags/example_dataset_alias.py took 0.111 seconds
[2024-08-27T16:11:21.665+0000] {processor.py:186} INFO - Started process (PID=7735) to work on /home/ubuntu/myenv/lib/python3.12/site-packages/airflow/example_dags/example_dataset_alias.py
[2024-08-27T16:11:21.667+0000] {processor.py:914} INFO - Processing file /home/ubuntu/myenv/lib/python3.12/site-packages/airflow/example_dags/example_dataset_alias.py for tasks to queue
[2024-08-27T16:11:21.669+0000] {logging_mixin.py:190} INFO - [2024-08-27T16:11:21.669+0000] {dagbag.py:587} INFO - Filling up the DagBag from /home/ubuntu/myenv/lib/python3.12/site-packages/airflow/example_dags/example_dataset_alias.py
[2024-08-27T16:11:21.696+0000] {processor.py:925} INFO - DAG(s) 'dataset_alias_example_alias_producer', 'dataset_s3_bucket_consumer', 'dataset_alias_example_alias_consumer', 'dataset_s3_bucket_producer' retrieved from /home/ubuntu/myenv/lib/python3.12/site-packages/airflow/example_dags/example_dataset_alias.py
[2024-08-27T16:11:21.717+0000] {logging_mixin.py:190} INFO - [2024-08-27T16:11:21.717+0000] {dag.py:3211} INFO - Sync 4 DAGs
[2024-08-27T16:11:21.738+0000] {logging_mixin.py:190} INFO - [2024-08-27T16:11:21.738+0000] {dag.py:4138} INFO - Setting next_dagrun for dataset_alias_example_alias_consumer to None, run_after=None
[2024-08-27T16:11:21.741+0000] {logging_mixin.py:190} INFO - [2024-08-27T16:11:21.741+0000] {dag.py:4138} INFO - Setting next_dagrun for dataset_alias_example_alias_producer to None, run_after=None
[2024-08-27T16:11:21.742+0000] {logging_mixin.py:190} INFO - [2024-08-27T16:11:21.742+0000] {dag.py:4138} INFO - Setting next_dagrun for dataset_s3_bucket_consumer to None, run_after=None
[2024-08-27T16:11:21.743+0000] {logging_mixin.py:190} INFO - [2024-08-27T16:11:21.742+0000] {dag.py:4138} INFO - Setting next_dagrun for dataset_s3_bucket_producer to None, run_after=None
[2024-08-27T16:11:21.769+0000] {processor.py:208} INFO - Processing /home/ubuntu/myenv/lib/python3.12/site-packages/airflow/example_dags/example_dataset_alias.py took 0.109 seconds
[2024-08-27T16:12:37.127+0000] {processor.py:186} INFO - Started process (PID=7887) to work on /home/ubuntu/myenv/lib/python3.12/site-packages/airflow/example_dags/example_dataset_alias.py
[2024-08-27T16:12:37.129+0000] {processor.py:914} INFO - Processing file /home/ubuntu/myenv/lib/python3.12/site-packages/airflow/example_dags/example_dataset_alias.py for tasks to queue
[2024-08-27T16:12:37.131+0000] {logging_mixin.py:190} INFO - [2024-08-27T16:12:37.131+0000] {dagbag.py:587} INFO - Filling up the DagBag from /home/ubuntu/myenv/lib/python3.12/site-packages/airflow/example_dags/example_dataset_alias.py
[2024-08-27T16:12:37.157+0000] {processor.py:925} INFO - DAG(s) 'dataset_alias_example_alias_consumer', 'dataset_s3_bucket_producer', 'dataset_s3_bucket_consumer', 'dataset_alias_example_alias_producer' retrieved from /home/ubuntu/myenv/lib/python3.12/site-packages/airflow/example_dags/example_dataset_alias.py
[2024-08-27T16:12:37.177+0000] {logging_mixin.py:190} INFO - [2024-08-27T16:12:37.177+0000] {dag.py:3211} INFO - Sync 4 DAGs
[2024-08-27T16:12:37.198+0000] {logging_mixin.py:190} INFO - [2024-08-27T16:12:37.198+0000] {dag.py:4138} INFO - Setting next_dagrun for dataset_alias_example_alias_consumer to None, run_after=None
[2024-08-27T16:12:37.200+0000] {logging_mixin.py:190} INFO - [2024-08-27T16:12:37.200+0000] {dag.py:4138} INFO - Setting next_dagrun for dataset_alias_example_alias_producer to None, run_after=None
[2024-08-27T16:12:37.201+0000] {logging_mixin.py:190} INFO - [2024-08-27T16:12:37.201+0000] {dag.py:4138} INFO - Setting next_dagrun for dataset_s3_bucket_consumer to None, run_after=None
[2024-08-27T16:12:37.202+0000] {logging_mixin.py:190} INFO - [2024-08-27T16:12:37.202+0000] {dag.py:4138} INFO - Setting next_dagrun for dataset_s3_bucket_producer to None, run_after=None
[2024-08-27T16:12:37.229+0000] {processor.py:208} INFO - Processing /home/ubuntu/myenv/lib/python3.12/site-packages/airflow/example_dags/example_dataset_alias.py took 0.107 seconds
[2024-08-27T16:13:34.014+0000] {processor.py:186} INFO - Started process (PID=7982) to work on /home/ubuntu/myenv/lib/python3.12/site-packages/airflow/example_dags/example_dataset_alias.py
[2024-08-27T16:13:34.016+0000] {processor.py:914} INFO - Processing file /home/ubuntu/myenv/lib/python3.12/site-packages/airflow/example_dags/example_dataset_alias.py for tasks to queue
[2024-08-27T16:13:34.018+0000] {logging_mixin.py:190} INFO - [2024-08-27T16:13:34.018+0000] {dagbag.py:587} INFO - Filling up the DagBag from /home/ubuntu/myenv/lib/python3.12/site-packages/airflow/example_dags/example_dataset_alias.py
[2024-08-27T16:13:34.044+0000] {processor.py:925} INFO - DAG(s) 'dataset_alias_example_alias_producer', 'dataset_s3_bucket_producer', 'dataset_s3_bucket_consumer', 'dataset_alias_example_alias_consumer' retrieved from /home/ubuntu/myenv/lib/python3.12/site-packages/airflow/example_dags/example_dataset_alias.py
[2024-08-27T16:13:34.065+0000] {logging_mixin.py:190} INFO - [2024-08-27T16:13:34.065+0000] {dag.py:3211} INFO - Sync 4 DAGs
[2024-08-27T16:13:34.086+0000] {logging_mixin.py:190} INFO - [2024-08-27T16:13:34.086+0000] {dag.py:4138} INFO - Setting next_dagrun for dataset_alias_example_alias_consumer to None, run_after=None
[2024-08-27T16:13:34.088+0000] {logging_mixin.py:190} INFO - [2024-08-27T16:13:34.088+0000] {dag.py:4138} INFO - Setting next_dagrun for dataset_alias_example_alias_producer to None, run_after=None
[2024-08-27T16:13:34.089+0000] {logging_mixin.py:190} INFO - [2024-08-27T16:13:34.089+0000] {dag.py:4138} INFO - Setting next_dagrun for dataset_s3_bucket_consumer to None, run_after=None
[2024-08-27T16:13:34.090+0000] {logging_mixin.py:190} INFO - [2024-08-27T16:13:34.090+0000] {dag.py:4138} INFO - Setting next_dagrun for dataset_s3_bucket_producer to None, run_after=None
[2024-08-27T16:13:34.115+0000] {processor.py:208} INFO - Processing /home/ubuntu/myenv/lib/python3.12/site-packages/airflow/example_dags/example_dataset_alias.py took 0.107 seconds
