[2024-08-27T14:34:17.770+0000] {processor.py:186} INFO - Started process (PID=5520) to work on /home/ubuntu/myenv/lib/python3.12/site-packages/airflow/example_dags/example_time_delta_sensor_async.py
[2024-08-27T14:34:17.771+0000] {processor.py:914} INFO - Processing file /home/ubuntu/myenv/lib/python3.12/site-packages/airflow/example_dags/example_time_delta_sensor_async.py for tasks to queue
[2024-08-27T14:34:17.773+0000] {logging_mixin.py:190} INFO - [2024-08-27T14:34:17.773+0000] {dagbag.py:587} INFO - Filling up the DagBag from /home/ubuntu/myenv/lib/python3.12/site-packages/airflow/example_dags/example_time_delta_sensor_async.py
[2024-08-27T14:34:17.782+0000] {processor.py:925} INFO - DAG(s) 'example_time_delta_sensor_async' retrieved from /home/ubuntu/myenv/lib/python3.12/site-packages/airflow/example_dags/example_time_delta_sensor_async.py
[2024-08-27T14:34:17.904+0000] {logging_mixin.py:190} INFO - [2024-08-27T14:34:17.904+0000] {override.py:1900} INFO - Created Permission View: can delete on DAG:example_time_delta_sensor_async
[2024-08-27T14:34:17.919+0000] {logging_mixin.py:190} INFO - [2024-08-27T14:34:17.918+0000] {override.py:1900} INFO - Created Permission View: can edit on DAG:example_time_delta_sensor_async
[2024-08-27T14:34:17.929+0000] {logging_mixin.py:190} INFO - [2024-08-27T14:34:17.929+0000] {override.py:1900} INFO - Created Permission View: can read on DAG:example_time_delta_sensor_async
[2024-08-27T14:34:17.945+0000] {logging_mixin.py:190} INFO - [2024-08-27T14:34:17.945+0000] {override.py:1900} INFO - Created Permission View: can create on DAG Run:example_time_delta_sensor_async
[2024-08-27T14:34:17.956+0000] {logging_mixin.py:190} INFO - [2024-08-27T14:34:17.956+0000] {override.py:1900} INFO - Created Permission View: menu access on DAG Run:example_time_delta_sensor_async
[2024-08-27T14:34:17.966+0000] {logging_mixin.py:190} INFO - [2024-08-27T14:34:17.966+0000] {override.py:1900} INFO - Created Permission View: can delete on DAG Run:example_time_delta_sensor_async
[2024-08-27T14:34:17.975+0000] {logging_mixin.py:190} INFO - [2024-08-27T14:34:17.975+0000] {override.py:1900} INFO - Created Permission View: can read on DAG Run:example_time_delta_sensor_async
[2024-08-27T14:34:17.976+0000] {logging_mixin.py:190} INFO - [2024-08-27T14:34:17.976+0000] {dag.py:3211} INFO - Sync 1 DAGs
[2024-08-27T14:34:17.989+0000] {logging_mixin.py:190} INFO - [2024-08-27T14:34:17.989+0000] {dag.py:3234} INFO - Creating ORM DAG for example_time_delta_sensor_async
[2024-08-27T14:34:17.990+0000] {logging_mixin.py:190} INFO - [2024-08-27T14:34:17.990+0000] {dag.py:4138} INFO - Setting next_dagrun for example_time_delta_sensor_async to None, run_after=None
[2024-08-27T14:34:18.010+0000] {processor.py:208} INFO - Processing /home/ubuntu/myenv/lib/python3.12/site-packages/airflow/example_dags/example_time_delta_sensor_async.py took 0.245 seconds
[2024-08-27T14:35:26.206+0000] {processor.py:186} INFO - Started process (PID=5583) to work on /home/ubuntu/myenv/lib/python3.12/site-packages/airflow/example_dags/example_time_delta_sensor_async.py
[2024-08-27T14:35:26.208+0000] {processor.py:914} INFO - Processing file /home/ubuntu/myenv/lib/python3.12/site-packages/airflow/example_dags/example_time_delta_sensor_async.py for tasks to queue
[2024-08-27T14:35:26.210+0000] {logging_mixin.py:190} INFO - [2024-08-27T14:35:26.210+0000] {dagbag.py:587} INFO - Filling up the DagBag from /home/ubuntu/myenv/lib/python3.12/site-packages/airflow/example_dags/example_time_delta_sensor_async.py
[2024-08-27T14:35:26.218+0000] {processor.py:925} INFO - DAG(s) 'example_time_delta_sensor_async' retrieved from /home/ubuntu/myenv/lib/python3.12/site-packages/airflow/example_dags/example_time_delta_sensor_async.py
[2024-08-27T14:35:26.235+0000] {logging_mixin.py:190} INFO - [2024-08-27T14:35:26.235+0000] {dag.py:3211} INFO - Sync 1 DAGs
[2024-08-27T14:35:26.249+0000] {logging_mixin.py:190} INFO - [2024-08-27T14:35:26.249+0000] {dag.py:4138} INFO - Setting next_dagrun for example_time_delta_sensor_async to None, run_after=None
[2024-08-27T14:35:26.272+0000] {processor.py:208} INFO - Processing /home/ubuntu/myenv/lib/python3.12/site-packages/airflow/example_dags/example_time_delta_sensor_async.py took 0.072 seconds
[2024-08-27T14:36:19.938+0000] {processor.py:186} INFO - Started process (PID=5655) to work on /home/ubuntu/myenv/lib/python3.12/site-packages/airflow/example_dags/example_time_delta_sensor_async.py
[2024-08-27T14:36:19.940+0000] {processor.py:914} INFO - Processing file /home/ubuntu/myenv/lib/python3.12/site-packages/airflow/example_dags/example_time_delta_sensor_async.py for tasks to queue
[2024-08-27T14:36:19.942+0000] {logging_mixin.py:190} INFO - [2024-08-27T14:36:19.942+0000] {dagbag.py:587} INFO - Filling up the DagBag from /home/ubuntu/myenv/lib/python3.12/site-packages/airflow/example_dags/example_time_delta_sensor_async.py
[2024-08-27T14:36:19.949+0000] {processor.py:925} INFO - DAG(s) 'example_time_delta_sensor_async' retrieved from /home/ubuntu/myenv/lib/python3.12/site-packages/airflow/example_dags/example_time_delta_sensor_async.py
[2024-08-27T14:36:19.966+0000] {logging_mixin.py:190} INFO - [2024-08-27T14:36:19.966+0000] {dag.py:3211} INFO - Sync 1 DAGs
[2024-08-27T14:36:19.980+0000] {logging_mixin.py:190} INFO - [2024-08-27T14:36:19.979+0000] {dag.py:4138} INFO - Setting next_dagrun for example_time_delta_sensor_async to None, run_after=None
[2024-08-27T14:36:20.003+0000] {processor.py:208} INFO - Processing /home/ubuntu/myenv/lib/python3.12/site-packages/airflow/example_dags/example_time_delta_sensor_async.py took 0.071 seconds
[2024-08-27T14:37:08.720+0000] {processor.py:186} INFO - Started process (PID=5723) to work on /home/ubuntu/myenv/lib/python3.12/site-packages/airflow/example_dags/example_time_delta_sensor_async.py
[2024-08-27T14:37:08.722+0000] {processor.py:914} INFO - Processing file /home/ubuntu/myenv/lib/python3.12/site-packages/airflow/example_dags/example_time_delta_sensor_async.py for tasks to queue
[2024-08-27T14:37:08.724+0000] {logging_mixin.py:190} INFO - [2024-08-27T14:37:08.724+0000] {dagbag.py:587} INFO - Filling up the DagBag from /home/ubuntu/myenv/lib/python3.12/site-packages/airflow/example_dags/example_time_delta_sensor_async.py
[2024-08-27T14:37:08.731+0000] {processor.py:925} INFO - DAG(s) 'example_time_delta_sensor_async' retrieved from /home/ubuntu/myenv/lib/python3.12/site-packages/airflow/example_dags/example_time_delta_sensor_async.py
[2024-08-27T14:37:08.749+0000] {logging_mixin.py:190} INFO - [2024-08-27T14:37:08.748+0000] {dag.py:3211} INFO - Sync 1 DAGs
[2024-08-27T14:37:08.762+0000] {logging_mixin.py:190} INFO - [2024-08-27T14:37:08.762+0000] {dag.py:4138} INFO - Setting next_dagrun for example_time_delta_sensor_async to None, run_after=None
[2024-08-27T14:37:08.784+0000] {processor.py:208} INFO - Processing /home/ubuntu/myenv/lib/python3.12/site-packages/airflow/example_dags/example_time_delta_sensor_async.py took 0.070 seconds
[2024-08-27T14:37:59.180+0000] {processor.py:186} INFO - Started process (PID=5789) to work on /home/ubuntu/myenv/lib/python3.12/site-packages/airflow/example_dags/example_time_delta_sensor_async.py
[2024-08-27T14:37:59.181+0000] {processor.py:914} INFO - Processing file /home/ubuntu/myenv/lib/python3.12/site-packages/airflow/example_dags/example_time_delta_sensor_async.py for tasks to queue
[2024-08-27T14:37:59.184+0000] {logging_mixin.py:190} INFO - [2024-08-27T14:37:59.184+0000] {dagbag.py:587} INFO - Filling up the DagBag from /home/ubuntu/myenv/lib/python3.12/site-packages/airflow/example_dags/example_time_delta_sensor_async.py
[2024-08-27T14:37:59.191+0000] {processor.py:925} INFO - DAG(s) 'example_time_delta_sensor_async' retrieved from /home/ubuntu/myenv/lib/python3.12/site-packages/airflow/example_dags/example_time_delta_sensor_async.py
[2024-08-27T14:37:59.209+0000] {logging_mixin.py:190} INFO - [2024-08-27T14:37:59.209+0000] {dag.py:3211} INFO - Sync 1 DAGs
[2024-08-27T14:37:59.223+0000] {logging_mixin.py:190} INFO - [2024-08-27T14:37:59.223+0000] {dag.py:4138} INFO - Setting next_dagrun for example_time_delta_sensor_async to None, run_after=None
[2024-08-27T14:37:59.247+0000] {processor.py:208} INFO - Processing /home/ubuntu/myenv/lib/python3.12/site-packages/airflow/example_dags/example_time_delta_sensor_async.py took 0.073 seconds
[2024-08-27T14:38:53.799+0000] {processor.py:186} INFO - Started process (PID=5855) to work on /home/ubuntu/myenv/lib/python3.12/site-packages/airflow/example_dags/example_time_delta_sensor_async.py
[2024-08-27T14:38:53.801+0000] {processor.py:914} INFO - Processing file /home/ubuntu/myenv/lib/python3.12/site-packages/airflow/example_dags/example_time_delta_sensor_async.py for tasks to queue
[2024-08-27T14:38:53.803+0000] {logging_mixin.py:190} INFO - [2024-08-27T14:38:53.803+0000] {dagbag.py:587} INFO - Filling up the DagBag from /home/ubuntu/myenv/lib/python3.12/site-packages/airflow/example_dags/example_time_delta_sensor_async.py
[2024-08-27T14:38:53.810+0000] {processor.py:925} INFO - DAG(s) 'example_time_delta_sensor_async' retrieved from /home/ubuntu/myenv/lib/python3.12/site-packages/airflow/example_dags/example_time_delta_sensor_async.py
[2024-08-27T14:38:53.827+0000] {logging_mixin.py:190} INFO - [2024-08-27T14:38:53.827+0000] {dag.py:3211} INFO - Sync 1 DAGs
[2024-08-27T14:38:53.841+0000] {logging_mixin.py:190} INFO - [2024-08-27T14:38:53.841+0000] {dag.py:4138} INFO - Setting next_dagrun for example_time_delta_sensor_async to None, run_after=None
[2024-08-27T14:38:53.983+0000] {processor.py:208} INFO - Processing /home/ubuntu/myenv/lib/python3.12/site-packages/airflow/example_dags/example_time_delta_sensor_async.py took 0.190 seconds
[2024-08-27T14:39:53.117+0000] {processor.py:186} INFO - Started process (PID=5930) to work on /home/ubuntu/myenv/lib/python3.12/site-packages/airflow/example_dags/example_time_delta_sensor_async.py
[2024-08-27T14:39:53.118+0000] {processor.py:914} INFO - Processing file /home/ubuntu/myenv/lib/python3.12/site-packages/airflow/example_dags/example_time_delta_sensor_async.py for tasks to queue
[2024-08-27T14:39:53.121+0000] {logging_mixin.py:190} INFO - [2024-08-27T14:39:53.121+0000] {dagbag.py:587} INFO - Filling up the DagBag from /home/ubuntu/myenv/lib/python3.12/site-packages/airflow/example_dags/example_time_delta_sensor_async.py
[2024-08-27T14:39:53.129+0000] {processor.py:925} INFO - DAG(s) 'example_time_delta_sensor_async' retrieved from /home/ubuntu/myenv/lib/python3.12/site-packages/airflow/example_dags/example_time_delta_sensor_async.py
[2024-08-27T14:39:53.146+0000] {logging_mixin.py:190} INFO - [2024-08-27T14:39:53.146+0000] {dag.py:3211} INFO - Sync 1 DAGs
[2024-08-27T14:39:53.161+0000] {logging_mixin.py:190} INFO - [2024-08-27T14:39:53.161+0000] {dag.py:4138} INFO - Setting next_dagrun for example_time_delta_sensor_async to None, run_after=None
[2024-08-27T14:39:53.185+0000] {processor.py:208} INFO - Processing /home/ubuntu/myenv/lib/python3.12/site-packages/airflow/example_dags/example_time_delta_sensor_async.py took 0.075 seconds
[2024-08-27T14:40:42.541+0000] {processor.py:186} INFO - Started process (PID=5990) to work on /home/ubuntu/myenv/lib/python3.12/site-packages/airflow/example_dags/example_time_delta_sensor_async.py
[2024-08-27T14:40:42.543+0000] {processor.py:914} INFO - Processing file /home/ubuntu/myenv/lib/python3.12/site-packages/airflow/example_dags/example_time_delta_sensor_async.py for tasks to queue
[2024-08-27T14:40:42.546+0000] {logging_mixin.py:190} INFO - [2024-08-27T14:40:42.545+0000] {dagbag.py:587} INFO - Filling up the DagBag from /home/ubuntu/myenv/lib/python3.12/site-packages/airflow/example_dags/example_time_delta_sensor_async.py
[2024-08-27T14:40:42.554+0000] {processor.py:925} INFO - DAG(s) 'example_time_delta_sensor_async' retrieved from /home/ubuntu/myenv/lib/python3.12/site-packages/airflow/example_dags/example_time_delta_sensor_async.py
[2024-08-27T14:40:42.572+0000] {logging_mixin.py:190} INFO - [2024-08-27T14:40:42.571+0000] {dag.py:3211} INFO - Sync 1 DAGs
[2024-08-27T14:40:42.586+0000] {logging_mixin.py:190} INFO - [2024-08-27T14:40:42.586+0000] {dag.py:4138} INFO - Setting next_dagrun for example_time_delta_sensor_async to None, run_after=None
[2024-08-27T14:40:42.611+0000] {processor.py:208} INFO - Processing /home/ubuntu/myenv/lib/python3.12/site-packages/airflow/example_dags/example_time_delta_sensor_async.py took 0.076 seconds
[2024-08-27T14:41:33.531+0000] {processor.py:186} INFO - Started process (PID=6042) to work on /home/ubuntu/myenv/lib/python3.12/site-packages/airflow/example_dags/example_time_delta_sensor_async.py
[2024-08-27T14:41:33.533+0000] {processor.py:914} INFO - Processing file /home/ubuntu/myenv/lib/python3.12/site-packages/airflow/example_dags/example_time_delta_sensor_async.py for tasks to queue
[2024-08-27T14:41:33.536+0000] {logging_mixin.py:190} INFO - [2024-08-27T14:41:33.534+0000] {dagbag.py:587} INFO - Filling up the DagBag from /home/ubuntu/myenv/lib/python3.12/site-packages/airflow/example_dags/example_time_delta_sensor_async.py
[2024-08-27T14:41:33.543+0000] {processor.py:925} INFO - DAG(s) 'example_time_delta_sensor_async' retrieved from /home/ubuntu/myenv/lib/python3.12/site-packages/airflow/example_dags/example_time_delta_sensor_async.py
[2024-08-27T14:41:33.561+0000] {logging_mixin.py:190} INFO - [2024-08-27T14:41:33.560+0000] {dag.py:3211} INFO - Sync 1 DAGs
[2024-08-27T14:41:33.575+0000] {logging_mixin.py:190} INFO - [2024-08-27T14:41:33.574+0000] {dag.py:4138} INFO - Setting next_dagrun for example_time_delta_sensor_async to None, run_after=None
[2024-08-27T14:41:33.597+0000] {processor.py:208} INFO - Processing /home/ubuntu/myenv/lib/python3.12/site-packages/airflow/example_dags/example_time_delta_sensor_async.py took 0.073 seconds
[2024-08-27T14:42:23.254+0000] {processor.py:186} INFO - Started process (PID=6093) to work on /home/ubuntu/myenv/lib/python3.12/site-packages/airflow/example_dags/example_time_delta_sensor_async.py
[2024-08-27T14:42:23.255+0000] {processor.py:914} INFO - Processing file /home/ubuntu/myenv/lib/python3.12/site-packages/airflow/example_dags/example_time_delta_sensor_async.py for tasks to queue
[2024-08-27T14:42:23.257+0000] {logging_mixin.py:190} INFO - [2024-08-27T14:42:23.257+0000] {dagbag.py:587} INFO - Filling up the DagBag from /home/ubuntu/myenv/lib/python3.12/site-packages/airflow/example_dags/example_time_delta_sensor_async.py
[2024-08-27T14:42:23.265+0000] {processor.py:925} INFO - DAG(s) 'example_time_delta_sensor_async' retrieved from /home/ubuntu/myenv/lib/python3.12/site-packages/airflow/example_dags/example_time_delta_sensor_async.py
[2024-08-27T14:42:23.283+0000] {logging_mixin.py:190} INFO - [2024-08-27T14:42:23.283+0000] {dag.py:3211} INFO - Sync 1 DAGs
[2024-08-27T14:42:23.298+0000] {logging_mixin.py:190} INFO - [2024-08-27T14:42:23.297+0000] {dag.py:4138} INFO - Setting next_dagrun for example_time_delta_sensor_async to None, run_after=None
[2024-08-27T14:42:23.320+0000] {processor.py:208} INFO - Processing /home/ubuntu/myenv/lib/python3.12/site-packages/airflow/example_dags/example_time_delta_sensor_async.py took 0.073 seconds
[2024-08-27T14:43:13.509+0000] {processor.py:186} INFO - Started process (PID=6144) to work on /home/ubuntu/myenv/lib/python3.12/site-packages/airflow/example_dags/example_time_delta_sensor_async.py
[2024-08-27T14:43:13.511+0000] {processor.py:914} INFO - Processing file /home/ubuntu/myenv/lib/python3.12/site-packages/airflow/example_dags/example_time_delta_sensor_async.py for tasks to queue
[2024-08-27T14:43:13.513+0000] {logging_mixin.py:190} INFO - [2024-08-27T14:43:13.513+0000] {dagbag.py:587} INFO - Filling up the DagBag from /home/ubuntu/myenv/lib/python3.12/site-packages/airflow/example_dags/example_time_delta_sensor_async.py
[2024-08-27T14:43:13.521+0000] {processor.py:925} INFO - DAG(s) 'example_time_delta_sensor_async' retrieved from /home/ubuntu/myenv/lib/python3.12/site-packages/airflow/example_dags/example_time_delta_sensor_async.py
[2024-08-27T14:43:13.540+0000] {logging_mixin.py:190} INFO - [2024-08-27T14:43:13.539+0000] {dag.py:3211} INFO - Sync 1 DAGs
[2024-08-27T14:43:13.555+0000] {logging_mixin.py:190} INFO - [2024-08-27T14:43:13.554+0000] {dag.py:4138} INFO - Setting next_dagrun for example_time_delta_sensor_async to None, run_after=None
[2024-08-27T14:43:13.579+0000] {processor.py:208} INFO - Processing /home/ubuntu/myenv/lib/python3.12/site-packages/airflow/example_dags/example_time_delta_sensor_async.py took 0.076 seconds
[2024-08-27T14:44:03.911+0000] {processor.py:186} INFO - Started process (PID=6198) to work on /home/ubuntu/myenv/lib/python3.12/site-packages/airflow/example_dags/example_time_delta_sensor_async.py
[2024-08-27T14:44:03.912+0000] {processor.py:914} INFO - Processing file /home/ubuntu/myenv/lib/python3.12/site-packages/airflow/example_dags/example_time_delta_sensor_async.py for tasks to queue
[2024-08-27T14:44:03.915+0000] {logging_mixin.py:190} INFO - [2024-08-27T14:44:03.914+0000] {dagbag.py:587} INFO - Filling up the DagBag from /home/ubuntu/myenv/lib/python3.12/site-packages/airflow/example_dags/example_time_delta_sensor_async.py
[2024-08-27T14:44:03.923+0000] {processor.py:925} INFO - DAG(s) 'example_time_delta_sensor_async' retrieved from /home/ubuntu/myenv/lib/python3.12/site-packages/airflow/example_dags/example_time_delta_sensor_async.py
[2024-08-27T14:44:03.941+0000] {logging_mixin.py:190} INFO - [2024-08-27T14:44:03.941+0000] {dag.py:3211} INFO - Sync 1 DAGs
[2024-08-27T14:44:03.956+0000] {logging_mixin.py:190} INFO - [2024-08-27T14:44:03.956+0000] {dag.py:4138} INFO - Setting next_dagrun for example_time_delta_sensor_async to None, run_after=None
[2024-08-27T14:44:03.980+0000] {processor.py:208} INFO - Processing /home/ubuntu/myenv/lib/python3.12/site-packages/airflow/example_dags/example_time_delta_sensor_async.py took 0.075 seconds
[2024-08-27T14:44:54.621+0000] {processor.py:186} INFO - Started process (PID=6250) to work on /home/ubuntu/myenv/lib/python3.12/site-packages/airflow/example_dags/example_time_delta_sensor_async.py
[2024-08-27T14:44:54.623+0000] {processor.py:914} INFO - Processing file /home/ubuntu/myenv/lib/python3.12/site-packages/airflow/example_dags/example_time_delta_sensor_async.py for tasks to queue
[2024-08-27T14:44:54.625+0000] {logging_mixin.py:190} INFO - [2024-08-27T14:44:54.625+0000] {dagbag.py:587} INFO - Filling up the DagBag from /home/ubuntu/myenv/lib/python3.12/site-packages/airflow/example_dags/example_time_delta_sensor_async.py
[2024-08-27T14:44:54.633+0000] {processor.py:925} INFO - DAG(s) 'example_time_delta_sensor_async' retrieved from /home/ubuntu/myenv/lib/python3.12/site-packages/airflow/example_dags/example_time_delta_sensor_async.py
[2024-08-27T14:44:54.650+0000] {logging_mixin.py:190} INFO - [2024-08-27T14:44:54.650+0000] {dag.py:3211} INFO - Sync 1 DAGs
[2024-08-27T14:44:54.664+0000] {logging_mixin.py:190} INFO - [2024-08-27T14:44:54.664+0000] {dag.py:4138} INFO - Setting next_dagrun for example_time_delta_sensor_async to None, run_after=None
[2024-08-27T14:44:54.686+0000] {processor.py:208} INFO - Processing /home/ubuntu/myenv/lib/python3.12/site-packages/airflow/example_dags/example_time_delta_sensor_async.py took 0.071 seconds
[2024-08-27T14:45:47.032+0000] {processor.py:186} INFO - Started process (PID=6305) to work on /home/ubuntu/myenv/lib/python3.12/site-packages/airflow/example_dags/example_time_delta_sensor_async.py
[2024-08-27T14:45:47.034+0000] {processor.py:914} INFO - Processing file /home/ubuntu/myenv/lib/python3.12/site-packages/airflow/example_dags/example_time_delta_sensor_async.py for tasks to queue
[2024-08-27T14:45:47.036+0000] {logging_mixin.py:190} INFO - [2024-08-27T14:45:47.036+0000] {dagbag.py:587} INFO - Filling up the DagBag from /home/ubuntu/myenv/lib/python3.12/site-packages/airflow/example_dags/example_time_delta_sensor_async.py
[2024-08-27T14:45:47.044+0000] {processor.py:925} INFO - DAG(s) 'example_time_delta_sensor_async' retrieved from /home/ubuntu/myenv/lib/python3.12/site-packages/airflow/example_dags/example_time_delta_sensor_async.py
[2024-08-27T14:45:47.062+0000] {logging_mixin.py:190} INFO - [2024-08-27T14:45:47.061+0000] {dag.py:3211} INFO - Sync 1 DAGs
[2024-08-27T14:45:47.076+0000] {logging_mixin.py:190} INFO - [2024-08-27T14:45:47.076+0000] {dag.py:4138} INFO - Setting next_dagrun for example_time_delta_sensor_async to None, run_after=None
[2024-08-27T14:45:47.098+0000] {processor.py:208} INFO - Processing /home/ubuntu/myenv/lib/python3.12/site-packages/airflow/example_dags/example_time_delta_sensor_async.py took 0.072 seconds
[2024-08-27T14:46:33.553+0000] {processor.py:186} INFO - Started process (PID=6357) to work on /home/ubuntu/myenv/lib/python3.12/site-packages/airflow/example_dags/example_time_delta_sensor_async.py
[2024-08-27T14:46:33.555+0000] {processor.py:914} INFO - Processing file /home/ubuntu/myenv/lib/python3.12/site-packages/airflow/example_dags/example_time_delta_sensor_async.py for tasks to queue
[2024-08-27T14:46:33.557+0000] {logging_mixin.py:190} INFO - [2024-08-27T14:46:33.556+0000] {dagbag.py:587} INFO - Filling up the DagBag from /home/ubuntu/myenv/lib/python3.12/site-packages/airflow/example_dags/example_time_delta_sensor_async.py
[2024-08-27T14:46:33.565+0000] {processor.py:925} INFO - DAG(s) 'example_time_delta_sensor_async' retrieved from /home/ubuntu/myenv/lib/python3.12/site-packages/airflow/example_dags/example_time_delta_sensor_async.py
[2024-08-27T14:46:33.582+0000] {logging_mixin.py:190} INFO - [2024-08-27T14:46:33.582+0000] {dag.py:3211} INFO - Sync 1 DAGs
[2024-08-27T14:46:33.597+0000] {logging_mixin.py:190} INFO - [2024-08-27T14:46:33.596+0000] {dag.py:4138} INFO - Setting next_dagrun for example_time_delta_sensor_async to None, run_after=None
[2024-08-27T14:46:33.621+0000] {processor.py:208} INFO - Processing /home/ubuntu/myenv/lib/python3.12/site-packages/airflow/example_dags/example_time_delta_sensor_async.py took 0.074 seconds
[2024-08-27T14:47:22.409+0000] {processor.py:186} INFO - Started process (PID=6406) to work on /home/ubuntu/myenv/lib/python3.12/site-packages/airflow/example_dags/example_time_delta_sensor_async.py
[2024-08-27T14:47:22.410+0000] {processor.py:914} INFO - Processing file /home/ubuntu/myenv/lib/python3.12/site-packages/airflow/example_dags/example_time_delta_sensor_async.py for tasks to queue
[2024-08-27T14:47:22.413+0000] {logging_mixin.py:190} INFO - [2024-08-27T14:47:22.412+0000] {dagbag.py:587} INFO - Filling up the DagBag from /home/ubuntu/myenv/lib/python3.12/site-packages/airflow/example_dags/example_time_delta_sensor_async.py
[2024-08-27T14:47:22.421+0000] {processor.py:925} INFO - DAG(s) 'example_time_delta_sensor_async' retrieved from /home/ubuntu/myenv/lib/python3.12/site-packages/airflow/example_dags/example_time_delta_sensor_async.py
[2024-08-27T14:47:22.439+0000] {logging_mixin.py:190} INFO - [2024-08-27T14:47:22.439+0000] {dag.py:3211} INFO - Sync 1 DAGs
[2024-08-27T14:47:22.453+0000] {logging_mixin.py:190} INFO - [2024-08-27T14:47:22.453+0000] {dag.py:4138} INFO - Setting next_dagrun for example_time_delta_sensor_async to None, run_after=None
[2024-08-27T14:47:22.476+0000] {processor.py:208} INFO - Processing /home/ubuntu/myenv/lib/python3.12/site-packages/airflow/example_dags/example_time_delta_sensor_async.py took 0.074 seconds
[2024-08-27T14:48:13.680+0000] {processor.py:186} INFO - Started process (PID=6462) to work on /home/ubuntu/myenv/lib/python3.12/site-packages/airflow/example_dags/example_time_delta_sensor_async.py
[2024-08-27T14:48:13.682+0000] {processor.py:914} INFO - Processing file /home/ubuntu/myenv/lib/python3.12/site-packages/airflow/example_dags/example_time_delta_sensor_async.py for tasks to queue
[2024-08-27T14:48:13.685+0000] {logging_mixin.py:190} INFO - [2024-08-27T14:48:13.684+0000] {dagbag.py:587} INFO - Filling up the DagBag from /home/ubuntu/myenv/lib/python3.12/site-packages/airflow/example_dags/example_time_delta_sensor_async.py
[2024-08-27T14:48:13.692+0000] {processor.py:925} INFO - DAG(s) 'example_time_delta_sensor_async' retrieved from /home/ubuntu/myenv/lib/python3.12/site-packages/airflow/example_dags/example_time_delta_sensor_async.py
[2024-08-27T14:48:13.710+0000] {logging_mixin.py:190} INFO - [2024-08-27T14:48:13.710+0000] {dag.py:3211} INFO - Sync 1 DAGs
[2024-08-27T14:48:13.724+0000] {logging_mixin.py:190} INFO - [2024-08-27T14:48:13.724+0000] {dag.py:4138} INFO - Setting next_dagrun for example_time_delta_sensor_async to None, run_after=None
[2024-08-27T14:48:13.747+0000] {processor.py:208} INFO - Processing /home/ubuntu/myenv/lib/python3.12/site-packages/airflow/example_dags/example_time_delta_sensor_async.py took 0.073 seconds
[2024-08-27T14:49:03.622+0000] {processor.py:186} INFO - Started process (PID=6518) to work on /home/ubuntu/myenv/lib/python3.12/site-packages/airflow/example_dags/example_time_delta_sensor_async.py
[2024-08-27T14:49:03.624+0000] {processor.py:914} INFO - Processing file /home/ubuntu/myenv/lib/python3.12/site-packages/airflow/example_dags/example_time_delta_sensor_async.py for tasks to queue
[2024-08-27T14:49:03.626+0000] {logging_mixin.py:190} INFO - [2024-08-27T14:49:03.626+0000] {dagbag.py:587} INFO - Filling up the DagBag from /home/ubuntu/myenv/lib/python3.12/site-packages/airflow/example_dags/example_time_delta_sensor_async.py
[2024-08-27T14:49:03.634+0000] {processor.py:925} INFO - DAG(s) 'example_time_delta_sensor_async' retrieved from /home/ubuntu/myenv/lib/python3.12/site-packages/airflow/example_dags/example_time_delta_sensor_async.py
[2024-08-27T14:49:03.654+0000] {logging_mixin.py:190} INFO - [2024-08-27T14:49:03.653+0000] {dag.py:3211} INFO - Sync 1 DAGs
[2024-08-27T14:49:03.668+0000] {logging_mixin.py:190} INFO - [2024-08-27T14:49:03.668+0000] {dag.py:4138} INFO - Setting next_dagrun for example_time_delta_sensor_async to None, run_after=None
[2024-08-27T14:49:03.694+0000] {processor.py:208} INFO - Processing /home/ubuntu/myenv/lib/python3.12/site-packages/airflow/example_dags/example_time_delta_sensor_async.py took 0.078 seconds
[2024-08-27T14:49:56.604+0000] {processor.py:186} INFO - Started process (PID=6573) to work on /home/ubuntu/myenv/lib/python3.12/site-packages/airflow/example_dags/example_time_delta_sensor_async.py
[2024-08-27T14:49:56.606+0000] {processor.py:914} INFO - Processing file /home/ubuntu/myenv/lib/python3.12/site-packages/airflow/example_dags/example_time_delta_sensor_async.py for tasks to queue
[2024-08-27T14:49:56.608+0000] {logging_mixin.py:190} INFO - [2024-08-27T14:49:56.608+0000] {dagbag.py:587} INFO - Filling up the DagBag from /home/ubuntu/myenv/lib/python3.12/site-packages/airflow/example_dags/example_time_delta_sensor_async.py
[2024-08-27T14:49:56.616+0000] {processor.py:925} INFO - DAG(s) 'example_time_delta_sensor_async' retrieved from /home/ubuntu/myenv/lib/python3.12/site-packages/airflow/example_dags/example_time_delta_sensor_async.py
[2024-08-27T14:49:56.633+0000] {logging_mixin.py:190} INFO - [2024-08-27T14:49:56.633+0000] {dag.py:3211} INFO - Sync 1 DAGs
[2024-08-27T14:49:56.647+0000] {logging_mixin.py:190} INFO - [2024-08-27T14:49:56.646+0000] {dag.py:4138} INFO - Setting next_dagrun for example_time_delta_sensor_async to None, run_after=None
[2024-08-27T14:49:56.668+0000] {processor.py:208} INFO - Processing /home/ubuntu/myenv/lib/python3.12/site-packages/airflow/example_dags/example_time_delta_sensor_async.py took 0.071 seconds
[2024-08-27T16:09:55.939+0000] {processor.py:186} INFO - Started process (PID=7597) to work on /home/ubuntu/myenv/lib/python3.12/site-packages/airflow/example_dags/example_time_delta_sensor_async.py
[2024-08-27T16:09:55.940+0000] {processor.py:914} INFO - Processing file /home/ubuntu/myenv/lib/python3.12/site-packages/airflow/example_dags/example_time_delta_sensor_async.py for tasks to queue
[2024-08-27T16:09:55.942+0000] {logging_mixin.py:190} INFO - [2024-08-27T16:09:55.942+0000] {dagbag.py:587} INFO - Filling up the DagBag from /home/ubuntu/myenv/lib/python3.12/site-packages/airflow/example_dags/example_time_delta_sensor_async.py
[2024-08-27T16:09:55.951+0000] {processor.py:925} INFO - DAG(s) 'example_time_delta_sensor_async' retrieved from /home/ubuntu/myenv/lib/python3.12/site-packages/airflow/example_dags/example_time_delta_sensor_async.py
[2024-08-27T16:09:55.975+0000] {logging_mixin.py:190} INFO - [2024-08-27T16:09:55.974+0000] {dag.py:3211} INFO - Sync 1 DAGs
[2024-08-27T16:09:55.990+0000] {logging_mixin.py:190} INFO - [2024-08-27T16:09:55.989+0000] {dag.py:4138} INFO - Setting next_dagrun for example_time_delta_sensor_async to None, run_after=None
[2024-08-27T16:09:56.012+0000] {processor.py:208} INFO - Processing /home/ubuntu/myenv/lib/python3.12/site-packages/airflow/example_dags/example_time_delta_sensor_async.py took 0.079 seconds
[2024-08-27T16:10:49.381+0000] {processor.py:186} INFO - Started process (PID=7697) to work on /home/ubuntu/myenv/lib/python3.12/site-packages/airflow/example_dags/example_time_delta_sensor_async.py
[2024-08-27T16:10:49.383+0000] {processor.py:914} INFO - Processing file /home/ubuntu/myenv/lib/python3.12/site-packages/airflow/example_dags/example_time_delta_sensor_async.py for tasks to queue
[2024-08-27T16:10:49.385+0000] {logging_mixin.py:190} INFO - [2024-08-27T16:10:49.385+0000] {dagbag.py:587} INFO - Filling up the DagBag from /home/ubuntu/myenv/lib/python3.12/site-packages/airflow/example_dags/example_time_delta_sensor_async.py
[2024-08-27T16:10:49.393+0000] {processor.py:925} INFO - DAG(s) 'example_time_delta_sensor_async' retrieved from /home/ubuntu/myenv/lib/python3.12/site-packages/airflow/example_dags/example_time_delta_sensor_async.py
[2024-08-27T16:10:49.411+0000] {logging_mixin.py:190} INFO - [2024-08-27T16:10:49.411+0000] {dag.py:3211} INFO - Sync 1 DAGs
[2024-08-27T16:10:49.424+0000] {logging_mixin.py:190} INFO - [2024-08-27T16:10:49.424+0000] {dag.py:4138} INFO - Setting next_dagrun for example_time_delta_sensor_async to None, run_after=None
[2024-08-27T16:10:49.448+0000] {processor.py:208} INFO - Processing /home/ubuntu/myenv/lib/python3.12/site-packages/airflow/example_dags/example_time_delta_sensor_async.py took 0.073 seconds
[2024-08-27T16:11:40.539+0000] {processor.py:186} INFO - Started process (PID=7756) to work on /home/ubuntu/myenv/lib/python3.12/site-packages/airflow/example_dags/example_time_delta_sensor_async.py
[2024-08-27T16:11:40.540+0000] {processor.py:914} INFO - Processing file /home/ubuntu/myenv/lib/python3.12/site-packages/airflow/example_dags/example_time_delta_sensor_async.py for tasks to queue
[2024-08-27T16:11:40.543+0000] {logging_mixin.py:190} INFO - [2024-08-27T16:11:40.542+0000] {dagbag.py:587} INFO - Filling up the DagBag from /home/ubuntu/myenv/lib/python3.12/site-packages/airflow/example_dags/example_time_delta_sensor_async.py
[2024-08-27T16:11:40.550+0000] {processor.py:925} INFO - DAG(s) 'example_time_delta_sensor_async' retrieved from /home/ubuntu/myenv/lib/python3.12/site-packages/airflow/example_dags/example_time_delta_sensor_async.py
[2024-08-27T16:11:40.567+0000] {logging_mixin.py:190} INFO - [2024-08-27T16:11:40.567+0000] {dag.py:3211} INFO - Sync 1 DAGs
[2024-08-27T16:11:40.580+0000] {logging_mixin.py:190} INFO - [2024-08-27T16:11:40.580+0000] {dag.py:4138} INFO - Setting next_dagrun for example_time_delta_sensor_async to None, run_after=None
[2024-08-27T16:11:40.603+0000] {processor.py:208} INFO - Processing /home/ubuntu/myenv/lib/python3.12/site-packages/airflow/example_dags/example_time_delta_sensor_async.py took 0.070 seconds
[2024-08-27T16:12:30.008+0000] {processor.py:186} INFO - Started process (PID=7878) to work on /home/ubuntu/myenv/lib/python3.12/site-packages/airflow/example_dags/example_time_delta_sensor_async.py
[2024-08-27T16:12:30.009+0000] {processor.py:914} INFO - Processing file /home/ubuntu/myenv/lib/python3.12/site-packages/airflow/example_dags/example_time_delta_sensor_async.py for tasks to queue
[2024-08-27T16:12:30.012+0000] {logging_mixin.py:190} INFO - [2024-08-27T16:12:30.012+0000] {dagbag.py:587} INFO - Filling up the DagBag from /home/ubuntu/myenv/lib/python3.12/site-packages/airflow/example_dags/example_time_delta_sensor_async.py
[2024-08-27T16:12:30.019+0000] {processor.py:925} INFO - DAG(s) 'example_time_delta_sensor_async' retrieved from /home/ubuntu/myenv/lib/python3.12/site-packages/airflow/example_dags/example_time_delta_sensor_async.py
[2024-08-27T16:12:30.037+0000] {logging_mixin.py:190} INFO - [2024-08-27T16:12:30.037+0000] {dag.py:3211} INFO - Sync 1 DAGs
[2024-08-27T16:12:30.051+0000] {logging_mixin.py:190} INFO - [2024-08-27T16:12:30.051+0000] {dag.py:4138} INFO - Setting next_dagrun for example_time_delta_sensor_async to None, run_after=None
[2024-08-27T16:12:30.076+0000] {processor.py:208} INFO - Processing /home/ubuntu/myenv/lib/python3.12/site-packages/airflow/example_dags/example_time_delta_sensor_async.py took 0.075 seconds
[2024-08-27T16:13:23.439+0000] {processor.py:186} INFO - Started process (PID=7968) to work on /home/ubuntu/myenv/lib/python3.12/site-packages/airflow/example_dags/example_time_delta_sensor_async.py
[2024-08-27T16:13:23.440+0000] {processor.py:914} INFO - Processing file /home/ubuntu/myenv/lib/python3.12/site-packages/airflow/example_dags/example_time_delta_sensor_async.py for tasks to queue
[2024-08-27T16:13:23.443+0000] {logging_mixin.py:190} INFO - [2024-08-27T16:13:23.443+0000] {dagbag.py:587} INFO - Filling up the DagBag from /home/ubuntu/myenv/lib/python3.12/site-packages/airflow/example_dags/example_time_delta_sensor_async.py
[2024-08-27T16:13:23.450+0000] {processor.py:925} INFO - DAG(s) 'example_time_delta_sensor_async' retrieved from /home/ubuntu/myenv/lib/python3.12/site-packages/airflow/example_dags/example_time_delta_sensor_async.py
[2024-08-27T16:13:23.467+0000] {logging_mixin.py:190} INFO - [2024-08-27T16:13:23.467+0000] {dag.py:3211} INFO - Sync 1 DAGs
[2024-08-27T16:13:23.481+0000] {logging_mixin.py:190} INFO - [2024-08-27T16:13:23.480+0000] {dag.py:4138} INFO - Setting next_dagrun for example_time_delta_sensor_async to None, run_after=None
[2024-08-27T16:13:23.504+0000] {processor.py:208} INFO - Processing /home/ubuntu/myenv/lib/python3.12/site-packages/airflow/example_dags/example_time_delta_sensor_async.py took 0.071 seconds
