[2024-08-27T14:34:33.146+0000] {processor.py:186} INFO - Started process (PID=5533) to work on /home/ubuntu/myenv/lib/python3.12/site-packages/airflow/example_dags/example_sensors.py
[2024-08-27T14:34:33.147+0000] {processor.py:914} INFO - Processing file /home/ubuntu/myenv/lib/python3.12/site-packages/airflow/example_dags/example_sensors.py for tasks to queue
[2024-08-27T14:34:33.150+0000] {logging_mixin.py:190} INFO - [2024-08-27T14:34:33.149+0000] {dagbag.py:587} INFO - Filling up the DagBag from /home/ubuntu/myenv/lib/python3.12/site-packages/airflow/example_dags/example_sensors.py
[2024-08-27T14:34:33.162+0000] {processor.py:925} INFO - DAG(s) 'example_sensors' retrieved from /home/ubuntu/myenv/lib/python3.12/site-packages/airflow/example_dags/example_sensors.py
[2024-08-27T14:34:33.287+0000] {logging_mixin.py:190} INFO - [2024-08-27T14:34:33.287+0000] {override.py:1900} INFO - Created Permission View: can delete on DAG:example_sensors
[2024-08-27T14:34:33.302+0000] {logging_mixin.py:190} INFO - [2024-08-27T14:34:33.302+0000] {override.py:1900} INFO - Created Permission View: can edit on DAG:example_sensors
[2024-08-27T14:34:33.312+0000] {logging_mixin.py:190} INFO - [2024-08-27T14:34:33.311+0000] {override.py:1900} INFO - Created Permission View: can read on DAG:example_sensors
[2024-08-27T14:34:33.327+0000] {logging_mixin.py:190} INFO - [2024-08-27T14:34:33.326+0000] {override.py:1900} INFO - Created Permission View: can create on DAG Run:example_sensors
[2024-08-27T14:34:33.336+0000] {logging_mixin.py:190} INFO - [2024-08-27T14:34:33.336+0000] {override.py:1900} INFO - Created Permission View: menu access on DAG Run:example_sensors
[2024-08-27T14:34:33.345+0000] {logging_mixin.py:190} INFO - [2024-08-27T14:34:33.345+0000] {override.py:1900} INFO - Created Permission View: can delete on DAG Run:example_sensors
[2024-08-27T14:34:33.356+0000] {logging_mixin.py:190} INFO - [2024-08-27T14:34:33.355+0000] {override.py:1900} INFO - Created Permission View: can read on DAG Run:example_sensors
[2024-08-27T14:34:33.356+0000] {logging_mixin.py:190} INFO - [2024-08-27T14:34:33.356+0000] {dag.py:3211} INFO - Sync 1 DAGs
[2024-08-27T14:34:33.368+0000] {logging_mixin.py:190} INFO - [2024-08-27T14:34:33.368+0000] {dag.py:3234} INFO - Creating ORM DAG for example_sensors
[2024-08-27T14:34:33.369+0000] {logging_mixin.py:190} INFO - [2024-08-27T14:34:33.369+0000] {dag.py:4138} INFO - Setting next_dagrun for example_sensors to None, run_after=None
[2024-08-27T14:34:33.390+0000] {processor.py:208} INFO - Processing /home/ubuntu/myenv/lib/python3.12/site-packages/airflow/example_dags/example_sensors.py took 0.249 seconds
[2024-08-27T14:35:37.431+0000] {processor.py:186} INFO - Started process (PID=5599) to work on /home/ubuntu/myenv/lib/python3.12/site-packages/airflow/example_dags/example_sensors.py
[2024-08-27T14:35:37.433+0000] {processor.py:914} INFO - Processing file /home/ubuntu/myenv/lib/python3.12/site-packages/airflow/example_dags/example_sensors.py for tasks to queue
[2024-08-27T14:35:37.435+0000] {logging_mixin.py:190} INFO - [2024-08-27T14:35:37.435+0000] {dagbag.py:587} INFO - Filling up the DagBag from /home/ubuntu/myenv/lib/python3.12/site-packages/airflow/example_dags/example_sensors.py
[2024-08-27T14:35:37.447+0000] {processor.py:925} INFO - DAG(s) 'example_sensors' retrieved from /home/ubuntu/myenv/lib/python3.12/site-packages/airflow/example_dags/example_sensors.py
[2024-08-27T14:35:37.471+0000] {logging_mixin.py:190} INFO - [2024-08-27T14:35:37.471+0000] {dag.py:3211} INFO - Sync 1 DAGs
[2024-08-27T14:35:37.485+0000] {logging_mixin.py:190} INFO - [2024-08-27T14:35:37.485+0000] {dag.py:4138} INFO - Setting next_dagrun for example_sensors to None, run_after=None
[2024-08-27T14:35:37.508+0000] {processor.py:208} INFO - Processing /home/ubuntu/myenv/lib/python3.12/site-packages/airflow/example_dags/example_sensors.py took 0.082 seconds
[2024-08-27T14:36:31.479+0000] {processor.py:186} INFO - Started process (PID=5671) to work on /home/ubuntu/myenv/lib/python3.12/site-packages/airflow/example_dags/example_sensors.py
[2024-08-27T14:36:31.480+0000] {processor.py:914} INFO - Processing file /home/ubuntu/myenv/lib/python3.12/site-packages/airflow/example_dags/example_sensors.py for tasks to queue
[2024-08-27T14:36:31.482+0000] {logging_mixin.py:190} INFO - [2024-08-27T14:36:31.482+0000] {dagbag.py:587} INFO - Filling up the DagBag from /home/ubuntu/myenv/lib/python3.12/site-packages/airflow/example_dags/example_sensors.py
[2024-08-27T14:36:31.495+0000] {processor.py:925} INFO - DAG(s) 'example_sensors' retrieved from /home/ubuntu/myenv/lib/python3.12/site-packages/airflow/example_dags/example_sensors.py
[2024-08-27T14:36:31.519+0000] {logging_mixin.py:190} INFO - [2024-08-27T14:36:31.518+0000] {dag.py:3211} INFO - Sync 1 DAGs
[2024-08-27T14:36:31.532+0000] {logging_mixin.py:190} INFO - [2024-08-27T14:36:31.532+0000] {dag.py:4138} INFO - Setting next_dagrun for example_sensors to None, run_after=None
[2024-08-27T14:36:31.555+0000] {processor.py:208} INFO - Processing /home/ubuntu/myenv/lib/python3.12/site-packages/airflow/example_dags/example_sensors.py took 0.082 seconds
[2024-08-27T14:37:29.316+0000] {processor.py:186} INFO - Started process (PID=5750) to work on /home/ubuntu/myenv/lib/python3.12/site-packages/airflow/example_dags/example_sensors.py
[2024-08-27T14:37:29.317+0000] {processor.py:914} INFO - Processing file /home/ubuntu/myenv/lib/python3.12/site-packages/airflow/example_dags/example_sensors.py for tasks to queue
[2024-08-27T14:37:29.320+0000] {logging_mixin.py:190} INFO - [2024-08-27T14:37:29.319+0000] {dagbag.py:587} INFO - Filling up the DagBag from /home/ubuntu/myenv/lib/python3.12/site-packages/airflow/example_dags/example_sensors.py
[2024-08-27T14:37:29.331+0000] {processor.py:925} INFO - DAG(s) 'example_sensors' retrieved from /home/ubuntu/myenv/lib/python3.12/site-packages/airflow/example_dags/example_sensors.py
[2024-08-27T14:37:29.356+0000] {logging_mixin.py:190} INFO - [2024-08-27T14:37:29.355+0000] {dag.py:3211} INFO - Sync 1 DAGs
[2024-08-27T14:37:29.369+0000] {logging_mixin.py:190} INFO - [2024-08-27T14:37:29.369+0000] {dag.py:4138} INFO - Setting next_dagrun for example_sensors to None, run_after=None
[2024-08-27T14:37:29.392+0000] {processor.py:208} INFO - Processing /home/ubuntu/myenv/lib/python3.12/site-packages/airflow/example_dags/example_sensors.py took 0.083 seconds
[2024-08-27T14:38:18.653+0000] {processor.py:186} INFO - Started process (PID=5815) to work on /home/ubuntu/myenv/lib/python3.12/site-packages/airflow/example_dags/example_sensors.py
[2024-08-27T14:38:18.655+0000] {processor.py:914} INFO - Processing file /home/ubuntu/myenv/lib/python3.12/site-packages/airflow/example_dags/example_sensors.py for tasks to queue
[2024-08-27T14:38:18.657+0000] {logging_mixin.py:190} INFO - [2024-08-27T14:38:18.657+0000] {dagbag.py:587} INFO - Filling up the DagBag from /home/ubuntu/myenv/lib/python3.12/site-packages/airflow/example_dags/example_sensors.py
[2024-08-27T14:38:18.669+0000] {processor.py:925} INFO - DAG(s) 'example_sensors' retrieved from /home/ubuntu/myenv/lib/python3.12/site-packages/airflow/example_dags/example_sensors.py
[2024-08-27T14:38:18.694+0000] {logging_mixin.py:190} INFO - [2024-08-27T14:38:18.693+0000] {dag.py:3211} INFO - Sync 1 DAGs
[2024-08-27T14:38:18.707+0000] {logging_mixin.py:190} INFO - [2024-08-27T14:38:18.707+0000] {dag.py:4138} INFO - Setting next_dagrun for example_sensors to None, run_after=None
[2024-08-27T14:38:18.730+0000] {processor.py:208} INFO - Processing /home/ubuntu/myenv/lib/python3.12/site-packages/airflow/example_dags/example_sensors.py took 0.083 seconds
[2024-08-27T14:39:26.954+0000] {processor.py:186} INFO - Started process (PID=5897) to work on /home/ubuntu/myenv/lib/python3.12/site-packages/airflow/example_dags/example_sensors.py
[2024-08-27T14:39:26.956+0000] {processor.py:914} INFO - Processing file /home/ubuntu/myenv/lib/python3.12/site-packages/airflow/example_dags/example_sensors.py for tasks to queue
[2024-08-27T14:39:26.958+0000] {logging_mixin.py:190} INFO - [2024-08-27T14:39:26.958+0000] {dagbag.py:587} INFO - Filling up the DagBag from /home/ubuntu/myenv/lib/python3.12/site-packages/airflow/example_dags/example_sensors.py
[2024-08-27T14:39:26.971+0000] {processor.py:925} INFO - DAG(s) 'example_sensors' retrieved from /home/ubuntu/myenv/lib/python3.12/site-packages/airflow/example_dags/example_sensors.py
[2024-08-27T14:39:26.997+0000] {logging_mixin.py:190} INFO - [2024-08-27T14:39:26.997+0000] {dag.py:3211} INFO - Sync 1 DAGs
[2024-08-27T14:39:27.012+0000] {logging_mixin.py:190} INFO - [2024-08-27T14:39:27.012+0000] {dag.py:4138} INFO - Setting next_dagrun for example_sensors to None, run_after=None
[2024-08-27T14:39:27.038+0000] {processor.py:208} INFO - Processing /home/ubuntu/myenv/lib/python3.12/site-packages/airflow/example_dags/example_sensors.py took 0.091 seconds
[2024-08-27T14:40:20.854+0000] {processor.py:186} INFO - Started process (PID=5968) to work on /home/ubuntu/myenv/lib/python3.12/site-packages/airflow/example_dags/example_sensors.py
[2024-08-27T14:40:20.856+0000] {processor.py:914} INFO - Processing file /home/ubuntu/myenv/lib/python3.12/site-packages/airflow/example_dags/example_sensors.py for tasks to queue
[2024-08-27T14:40:20.858+0000] {logging_mixin.py:190} INFO - [2024-08-27T14:40:20.858+0000] {dagbag.py:587} INFO - Filling up the DagBag from /home/ubuntu/myenv/lib/python3.12/site-packages/airflow/example_dags/example_sensors.py
[2024-08-27T14:40:20.871+0000] {processor.py:925} INFO - DAG(s) 'example_sensors' retrieved from /home/ubuntu/myenv/lib/python3.12/site-packages/airflow/example_dags/example_sensors.py
[2024-08-27T14:40:20.895+0000] {logging_mixin.py:190} INFO - [2024-08-27T14:40:20.895+0000] {dag.py:3211} INFO - Sync 1 DAGs
[2024-08-27T14:40:20.909+0000] {logging_mixin.py:190} INFO - [2024-08-27T14:40:20.909+0000] {dag.py:4138} INFO - Setting next_dagrun for example_sensors to None, run_after=None
[2024-08-27T14:40:20.931+0000] {processor.py:208} INFO - Processing /home/ubuntu/myenv/lib/python3.12/site-packages/airflow/example_dags/example_sensors.py took 0.083 seconds
[2024-08-27T14:41:10.870+0000] {processor.py:186} INFO - Started process (PID=6020) to work on /home/ubuntu/myenv/lib/python3.12/site-packages/airflow/example_dags/example_sensors.py
[2024-08-27T14:41:10.872+0000] {processor.py:914} INFO - Processing file /home/ubuntu/myenv/lib/python3.12/site-packages/airflow/example_dags/example_sensors.py for tasks to queue
[2024-08-27T14:41:10.874+0000] {logging_mixin.py:190} INFO - [2024-08-27T14:41:10.873+0000] {dagbag.py:587} INFO - Filling up the DagBag from /home/ubuntu/myenv/lib/python3.12/site-packages/airflow/example_dags/example_sensors.py
[2024-08-27T14:41:10.887+0000] {processor.py:925} INFO - DAG(s) 'example_sensors' retrieved from /home/ubuntu/myenv/lib/python3.12/site-packages/airflow/example_dags/example_sensors.py
[2024-08-27T14:41:10.913+0000] {logging_mixin.py:190} INFO - [2024-08-27T14:41:10.913+0000] {dag.py:3211} INFO - Sync 1 DAGs
[2024-08-27T14:41:10.928+0000] {logging_mixin.py:190} INFO - [2024-08-27T14:41:10.928+0000] {dag.py:4138} INFO - Setting next_dagrun for example_sensors to None, run_after=None
[2024-08-27T14:41:10.952+0000] {processor.py:208} INFO - Processing /home/ubuntu/myenv/lib/python3.12/site-packages/airflow/example_dags/example_sensors.py took 0.089 seconds
[2024-08-27T14:42:01.218+0000] {processor.py:186} INFO - Started process (PID=6070) to work on /home/ubuntu/myenv/lib/python3.12/site-packages/airflow/example_dags/example_sensors.py
[2024-08-27T14:42:01.220+0000] {processor.py:914} INFO - Processing file /home/ubuntu/myenv/lib/python3.12/site-packages/airflow/example_dags/example_sensors.py for tasks to queue
[2024-08-27T14:42:01.222+0000] {logging_mixin.py:190} INFO - [2024-08-27T14:42:01.222+0000] {dagbag.py:587} INFO - Filling up the DagBag from /home/ubuntu/myenv/lib/python3.12/site-packages/airflow/example_dags/example_sensors.py
[2024-08-27T14:42:01.235+0000] {processor.py:925} INFO - DAG(s) 'example_sensors' retrieved from /home/ubuntu/myenv/lib/python3.12/site-packages/airflow/example_dags/example_sensors.py
[2024-08-27T14:42:01.260+0000] {logging_mixin.py:190} INFO - [2024-08-27T14:42:01.260+0000] {dag.py:3211} INFO - Sync 1 DAGs
[2024-08-27T14:42:01.275+0000] {logging_mixin.py:190} INFO - [2024-08-27T14:42:01.275+0000] {dag.py:4138} INFO - Setting next_dagrun for example_sensors to None, run_after=None
[2024-08-27T14:42:01.299+0000] {processor.py:208} INFO - Processing /home/ubuntu/myenv/lib/python3.12/site-packages/airflow/example_dags/example_sensors.py took 0.086 seconds
[2024-08-27T14:42:51.647+0000] {processor.py:186} INFO - Started process (PID=6122) to work on /home/ubuntu/myenv/lib/python3.12/site-packages/airflow/example_dags/example_sensors.py
[2024-08-27T14:42:51.649+0000] {processor.py:914} INFO - Processing file /home/ubuntu/myenv/lib/python3.12/site-packages/airflow/example_dags/example_sensors.py for tasks to queue
[2024-08-27T14:42:51.651+0000] {logging_mixin.py:190} INFO - [2024-08-27T14:42:51.651+0000] {dagbag.py:587} INFO - Filling up the DagBag from /home/ubuntu/myenv/lib/python3.12/site-packages/airflow/example_dags/example_sensors.py
[2024-08-27T14:42:51.664+0000] {processor.py:925} INFO - DAG(s) 'example_sensors' retrieved from /home/ubuntu/myenv/lib/python3.12/site-packages/airflow/example_dags/example_sensors.py
[2024-08-27T14:42:51.689+0000] {logging_mixin.py:190} INFO - [2024-08-27T14:42:51.688+0000] {dag.py:3211} INFO - Sync 1 DAGs
[2024-08-27T14:42:51.703+0000] {logging_mixin.py:190} INFO - [2024-08-27T14:42:51.702+0000] {dag.py:4138} INFO - Setting next_dagrun for example_sensors to None, run_after=None
[2024-08-27T14:42:51.726+0000] {processor.py:208} INFO - Processing /home/ubuntu/myenv/lib/python3.12/site-packages/airflow/example_dags/example_sensors.py took 0.084 seconds
[2024-08-27T14:43:41.747+0000] {processor.py:186} INFO - Started process (PID=6174) to work on /home/ubuntu/myenv/lib/python3.12/site-packages/airflow/example_dags/example_sensors.py
[2024-08-27T14:43:41.748+0000] {processor.py:914} INFO - Processing file /home/ubuntu/myenv/lib/python3.12/site-packages/airflow/example_dags/example_sensors.py for tasks to queue
[2024-08-27T14:43:41.750+0000] {logging_mixin.py:190} INFO - [2024-08-27T14:43:41.750+0000] {dagbag.py:587} INFO - Filling up the DagBag from /home/ubuntu/myenv/lib/python3.12/site-packages/airflow/example_dags/example_sensors.py
[2024-08-27T14:43:41.763+0000] {processor.py:925} INFO - DAG(s) 'example_sensors' retrieved from /home/ubuntu/myenv/lib/python3.12/site-packages/airflow/example_dags/example_sensors.py
[2024-08-27T14:43:41.787+0000] {logging_mixin.py:190} INFO - [2024-08-27T14:43:41.787+0000] {dag.py:3211} INFO - Sync 1 DAGs
[2024-08-27T14:43:41.801+0000] {logging_mixin.py:190} INFO - [2024-08-27T14:43:41.801+0000] {dag.py:4138} INFO - Setting next_dagrun for example_sensors to None, run_after=None
[2024-08-27T14:43:41.823+0000] {processor.py:208} INFO - Processing /home/ubuntu/myenv/lib/python3.12/site-packages/airflow/example_dags/example_sensors.py took 0.083 seconds
[2024-08-27T14:44:31.418+0000] {processor.py:186} INFO - Started process (PID=6227) to work on /home/ubuntu/myenv/lib/python3.12/site-packages/airflow/example_dags/example_sensors.py
[2024-08-27T14:44:31.420+0000] {processor.py:914} INFO - Processing file /home/ubuntu/myenv/lib/python3.12/site-packages/airflow/example_dags/example_sensors.py for tasks to queue
[2024-08-27T14:44:31.422+0000] {logging_mixin.py:190} INFO - [2024-08-27T14:44:31.422+0000] {dagbag.py:587} INFO - Filling up the DagBag from /home/ubuntu/myenv/lib/python3.12/site-packages/airflow/example_dags/example_sensors.py
[2024-08-27T14:44:31.435+0000] {processor.py:925} INFO - DAG(s) 'example_sensors' retrieved from /home/ubuntu/myenv/lib/python3.12/site-packages/airflow/example_dags/example_sensors.py
[2024-08-27T14:44:31.460+0000] {logging_mixin.py:190} INFO - [2024-08-27T14:44:31.460+0000] {dag.py:3211} INFO - Sync 1 DAGs
[2024-08-27T14:44:31.474+0000] {logging_mixin.py:190} INFO - [2024-08-27T14:44:31.473+0000] {dag.py:4138} INFO - Setting next_dagrun for example_sensors to None, run_after=None
[2024-08-27T14:44:31.496+0000] {processor.py:208} INFO - Processing /home/ubuntu/myenv/lib/python3.12/site-packages/airflow/example_dags/example_sensors.py took 0.084 seconds
[2024-08-27T14:45:23.226+0000] {processor.py:186} INFO - Started process (PID=6281) to work on /home/ubuntu/myenv/lib/python3.12/site-packages/airflow/example_dags/example_sensors.py
[2024-08-27T14:45:23.227+0000] {processor.py:914} INFO - Processing file /home/ubuntu/myenv/lib/python3.12/site-packages/airflow/example_dags/example_sensors.py for tasks to queue
[2024-08-27T14:45:23.230+0000] {logging_mixin.py:190} INFO - [2024-08-27T14:45:23.229+0000] {dagbag.py:587} INFO - Filling up the DagBag from /home/ubuntu/myenv/lib/python3.12/site-packages/airflow/example_dags/example_sensors.py
[2024-08-27T14:45:23.242+0000] {processor.py:925} INFO - DAG(s) 'example_sensors' retrieved from /home/ubuntu/myenv/lib/python3.12/site-packages/airflow/example_dags/example_sensors.py
[2024-08-27T14:45:23.266+0000] {logging_mixin.py:190} INFO - [2024-08-27T14:45:23.266+0000] {dag.py:3211} INFO - Sync 1 DAGs
[2024-08-27T14:45:23.280+0000] {logging_mixin.py:190} INFO - [2024-08-27T14:45:23.280+0000] {dag.py:4138} INFO - Setting next_dagrun for example_sensors to None, run_after=None
[2024-08-27T14:45:23.303+0000] {processor.py:208} INFO - Processing /home/ubuntu/myenv/lib/python3.12/site-packages/airflow/example_dags/example_sensors.py took 0.084 seconds
[2024-08-27T14:46:13.001+0000] {processor.py:186} INFO - Started process (PID=6336) to work on /home/ubuntu/myenv/lib/python3.12/site-packages/airflow/example_dags/example_sensors.py
[2024-08-27T14:46:13.003+0000] {processor.py:914} INFO - Processing file /home/ubuntu/myenv/lib/python3.12/site-packages/airflow/example_dags/example_sensors.py for tasks to queue
[2024-08-27T14:46:13.006+0000] {logging_mixin.py:190} INFO - [2024-08-27T14:46:13.005+0000] {dagbag.py:587} INFO - Filling up the DagBag from /home/ubuntu/myenv/lib/python3.12/site-packages/airflow/example_dags/example_sensors.py
[2024-08-27T14:46:13.018+0000] {processor.py:925} INFO - DAG(s) 'example_sensors' retrieved from /home/ubuntu/myenv/lib/python3.12/site-packages/airflow/example_dags/example_sensors.py
[2024-08-27T14:46:13.044+0000] {logging_mixin.py:190} INFO - [2024-08-27T14:46:13.043+0000] {dag.py:3211} INFO - Sync 1 DAGs
[2024-08-27T14:46:13.058+0000] {logging_mixin.py:190} INFO - [2024-08-27T14:46:13.057+0000] {dag.py:4138} INFO - Setting next_dagrun for example_sensors to None, run_after=None
[2024-08-27T14:46:13.080+0000] {processor.py:208} INFO - Processing /home/ubuntu/myenv/lib/python3.12/site-packages/airflow/example_dags/example_sensors.py took 0.085 seconds
[2024-08-27T14:47:00.456+0000] {processor.py:186} INFO - Started process (PID=6384) to work on /home/ubuntu/myenv/lib/python3.12/site-packages/airflow/example_dags/example_sensors.py
[2024-08-27T14:47:00.458+0000] {processor.py:914} INFO - Processing file /home/ubuntu/myenv/lib/python3.12/site-packages/airflow/example_dags/example_sensors.py for tasks to queue
[2024-08-27T14:47:00.460+0000] {logging_mixin.py:190} INFO - [2024-08-27T14:47:00.460+0000] {dagbag.py:587} INFO - Filling up the DagBag from /home/ubuntu/myenv/lib/python3.12/site-packages/airflow/example_dags/example_sensors.py
[2024-08-27T14:47:00.473+0000] {processor.py:925} INFO - DAG(s) 'example_sensors' retrieved from /home/ubuntu/myenv/lib/python3.12/site-packages/airflow/example_dags/example_sensors.py
[2024-08-27T14:47:00.497+0000] {logging_mixin.py:190} INFO - [2024-08-27T14:47:00.497+0000] {dag.py:3211} INFO - Sync 1 DAGs
[2024-08-27T14:47:00.511+0000] {logging_mixin.py:190} INFO - [2024-08-27T14:47:00.511+0000] {dag.py:4138} INFO - Setting next_dagrun for example_sensors to None, run_after=None
[2024-08-27T14:47:00.534+0000] {processor.py:208} INFO - Processing /home/ubuntu/myenv/lib/python3.12/site-packages/airflow/example_dags/example_sensors.py took 0.084 seconds
[2024-08-27T14:47:50.899+0000] {processor.py:186} INFO - Started process (PID=6437) to work on /home/ubuntu/myenv/lib/python3.12/site-packages/airflow/example_dags/example_sensors.py
[2024-08-27T14:47:50.900+0000] {processor.py:914} INFO - Processing file /home/ubuntu/myenv/lib/python3.12/site-packages/airflow/example_dags/example_sensors.py for tasks to queue
[2024-08-27T14:47:50.903+0000] {logging_mixin.py:190} INFO - [2024-08-27T14:47:50.902+0000] {dagbag.py:587} INFO - Filling up the DagBag from /home/ubuntu/myenv/lib/python3.12/site-packages/airflow/example_dags/example_sensors.py
[2024-08-27T14:47:50.915+0000] {processor.py:925} INFO - DAG(s) 'example_sensors' retrieved from /home/ubuntu/myenv/lib/python3.12/site-packages/airflow/example_dags/example_sensors.py
[2024-08-27T14:47:50.941+0000] {logging_mixin.py:190} INFO - [2024-08-27T14:47:50.941+0000] {dag.py:3211} INFO - Sync 1 DAGs
[2024-08-27T14:47:50.955+0000] {logging_mixin.py:190} INFO - [2024-08-27T14:47:50.955+0000] {dag.py:4138} INFO - Setting next_dagrun for example_sensors to None, run_after=None
[2024-08-27T14:47:50.978+0000] {processor.py:208} INFO - Processing /home/ubuntu/myenv/lib/python3.12/site-packages/airflow/example_dags/example_sensors.py took 0.085 seconds
[2024-08-27T14:48:40.791+0000] {processor.py:186} INFO - Started process (PID=6493) to work on /home/ubuntu/myenv/lib/python3.12/site-packages/airflow/example_dags/example_sensors.py
[2024-08-27T14:48:40.793+0000] {processor.py:914} INFO - Processing file /home/ubuntu/myenv/lib/python3.12/site-packages/airflow/example_dags/example_sensors.py for tasks to queue
[2024-08-27T14:48:40.795+0000] {logging_mixin.py:190} INFO - [2024-08-27T14:48:40.795+0000] {dagbag.py:587} INFO - Filling up the DagBag from /home/ubuntu/myenv/lib/python3.12/site-packages/airflow/example_dags/example_sensors.py
[2024-08-27T14:48:40.808+0000] {processor.py:925} INFO - DAG(s) 'example_sensors' retrieved from /home/ubuntu/myenv/lib/python3.12/site-packages/airflow/example_dags/example_sensors.py
[2024-08-27T14:48:40.832+0000] {logging_mixin.py:190} INFO - [2024-08-27T14:48:40.832+0000] {dag.py:3211} INFO - Sync 1 DAGs
[2024-08-27T14:48:40.846+0000] {logging_mixin.py:190} INFO - [2024-08-27T14:48:40.846+0000] {dag.py:4138} INFO - Setting next_dagrun for example_sensors to None, run_after=None
[2024-08-27T14:48:40.869+0000] {processor.py:208} INFO - Processing /home/ubuntu/myenv/lib/python3.12/site-packages/airflow/example_dags/example_sensors.py took 0.084 seconds
[2024-08-27T14:49:33.662+0000] {processor.py:186} INFO - Started process (PID=6547) to work on /home/ubuntu/myenv/lib/python3.12/site-packages/airflow/example_dags/example_sensors.py
[2024-08-27T14:49:33.664+0000] {processor.py:914} INFO - Processing file /home/ubuntu/myenv/lib/python3.12/site-packages/airflow/example_dags/example_sensors.py for tasks to queue
[2024-08-27T14:49:33.666+0000] {logging_mixin.py:190} INFO - [2024-08-27T14:49:33.665+0000] {dagbag.py:587} INFO - Filling up the DagBag from /home/ubuntu/myenv/lib/python3.12/site-packages/airflow/example_dags/example_sensors.py
[2024-08-27T14:49:33.678+0000] {processor.py:925} INFO - DAG(s) 'example_sensors' retrieved from /home/ubuntu/myenv/lib/python3.12/site-packages/airflow/example_dags/example_sensors.py
[2024-08-27T14:49:33.703+0000] {logging_mixin.py:190} INFO - [2024-08-27T14:49:33.703+0000] {dag.py:3211} INFO - Sync 1 DAGs
[2024-08-27T14:49:33.717+0000] {logging_mixin.py:190} INFO - [2024-08-27T14:49:33.717+0000] {dag.py:4138} INFO - Setting next_dagrun for example_sensors to None, run_after=None
[2024-08-27T14:49:33.740+0000] {processor.py:208} INFO - Processing /home/ubuntu/myenv/lib/python3.12/site-packages/airflow/example_dags/example_sensors.py took 0.084 seconds
[2024-08-27T16:10:06.264+0000] {processor.py:186} INFO - Started process (PID=7613) to work on /home/ubuntu/myenv/lib/python3.12/site-packages/airflow/example_dags/example_sensors.py
[2024-08-27T16:10:06.266+0000] {processor.py:914} INFO - Processing file /home/ubuntu/myenv/lib/python3.12/site-packages/airflow/example_dags/example_sensors.py for tasks to queue
[2024-08-27T16:10:06.268+0000] {logging_mixin.py:190} INFO - [2024-08-27T16:10:06.267+0000] {dagbag.py:587} INFO - Filling up the DagBag from /home/ubuntu/myenv/lib/python3.12/site-packages/airflow/example_dags/example_sensors.py
[2024-08-27T16:10:06.281+0000] {processor.py:925} INFO - DAG(s) 'example_sensors' retrieved from /home/ubuntu/myenv/lib/python3.12/site-packages/airflow/example_dags/example_sensors.py
[2024-08-27T16:10:06.310+0000] {logging_mixin.py:190} INFO - [2024-08-27T16:10:06.309+0000] {dag.py:3211} INFO - Sync 1 DAGs
[2024-08-27T16:10:06.326+0000] {logging_mixin.py:190} INFO - [2024-08-27T16:10:06.326+0000] {dag.py:4138} INFO - Setting next_dagrun for example_sensors to None, run_after=None
[2024-08-27T16:10:06.351+0000] {processor.py:208} INFO - Processing /home/ubuntu/myenv/lib/python3.12/site-packages/airflow/example_dags/example_sensors.py took 0.094 seconds
[2024-08-27T16:11:01.998+0000] {processor.py:186} INFO - Started process (PID=7709) to work on /home/ubuntu/myenv/lib/python3.12/site-packages/airflow/example_dags/example_sensors.py
[2024-08-27T16:11:02.000+0000] {processor.py:914} INFO - Processing file /home/ubuntu/myenv/lib/python3.12/site-packages/airflow/example_dags/example_sensors.py for tasks to queue
[2024-08-27T16:11:02.002+0000] {logging_mixin.py:190} INFO - [2024-08-27T16:11:02.002+0000] {dagbag.py:587} INFO - Filling up the DagBag from /home/ubuntu/myenv/lib/python3.12/site-packages/airflow/example_dags/example_sensors.py
[2024-08-27T16:11:02.015+0000] {processor.py:925} INFO - DAG(s) 'example_sensors' retrieved from /home/ubuntu/myenv/lib/python3.12/site-packages/airflow/example_dags/example_sensors.py
[2024-08-27T16:11:02.043+0000] {logging_mixin.py:190} INFO - [2024-08-27T16:11:02.042+0000] {dag.py:3211} INFO - Sync 1 DAGs
[2024-08-27T16:11:02.058+0000] {logging_mixin.py:190} INFO - [2024-08-27T16:11:02.058+0000] {dag.py:4138} INFO - Setting next_dagrun for example_sensors to None, run_after=None
[2024-08-27T16:11:02.084+0000] {processor.py:208} INFO - Processing /home/ubuntu/myenv/lib/python3.12/site-packages/airflow/example_dags/example_sensors.py took 0.093 seconds
[2024-08-27T16:11:56.455+0000] {processor.py:186} INFO - Started process (PID=7840) to work on /home/ubuntu/myenv/lib/python3.12/site-packages/airflow/example_dags/example_sensors.py
[2024-08-27T16:11:56.456+0000] {processor.py:914} INFO - Processing file /home/ubuntu/myenv/lib/python3.12/site-packages/airflow/example_dags/example_sensors.py for tasks to queue
[2024-08-27T16:11:56.459+0000] {logging_mixin.py:190} INFO - [2024-08-27T16:11:56.458+0000] {dagbag.py:587} INFO - Filling up the DagBag from /home/ubuntu/myenv/lib/python3.12/site-packages/airflow/example_dags/example_sensors.py
[2024-08-27T16:11:56.471+0000] {processor.py:925} INFO - DAG(s) 'example_sensors' retrieved from /home/ubuntu/myenv/lib/python3.12/site-packages/airflow/example_dags/example_sensors.py
[2024-08-27T16:11:56.495+0000] {logging_mixin.py:190} INFO - [2024-08-27T16:11:56.495+0000] {dag.py:3211} INFO - Sync 1 DAGs
[2024-08-27T16:11:56.508+0000] {logging_mixin.py:190} INFO - [2024-08-27T16:11:56.508+0000] {dag.py:4138} INFO - Setting next_dagrun for example_sensors to None, run_after=None
[2024-08-27T16:11:56.532+0000] {processor.py:208} INFO - Processing /home/ubuntu/myenv/lib/python3.12/site-packages/airflow/example_dags/example_sensors.py took 0.083 seconds
[2024-08-27T16:12:47.271+0000] {processor.py:186} INFO - Started process (PID=7930) to work on /home/ubuntu/myenv/lib/python3.12/site-packages/airflow/example_dags/example_sensors.py
[2024-08-27T16:12:47.272+0000] {processor.py:914} INFO - Processing file /home/ubuntu/myenv/lib/python3.12/site-packages/airflow/example_dags/example_sensors.py for tasks to queue
[2024-08-27T16:12:47.274+0000] {logging_mixin.py:190} INFO - [2024-08-27T16:12:47.274+0000] {dagbag.py:587} INFO - Filling up the DagBag from /home/ubuntu/myenv/lib/python3.12/site-packages/airflow/example_dags/example_sensors.py
[2024-08-27T16:12:47.286+0000] {processor.py:925} INFO - DAG(s) 'example_sensors' retrieved from /home/ubuntu/myenv/lib/python3.12/site-packages/airflow/example_dags/example_sensors.py
[2024-08-27T16:12:47.311+0000] {logging_mixin.py:190} INFO - [2024-08-27T16:12:47.311+0000] {dag.py:3211} INFO - Sync 1 DAGs
[2024-08-27T16:12:47.325+0000] {logging_mixin.py:190} INFO - [2024-08-27T16:12:47.325+0000] {dag.py:4138} INFO - Setting next_dagrun for example_sensors to None, run_after=None
[2024-08-27T16:12:47.349+0000] {processor.py:208} INFO - Processing /home/ubuntu/myenv/lib/python3.12/site-packages/airflow/example_dags/example_sensors.py took 0.084 seconds
[2024-08-27T16:13:39.416+0000] {processor.py:186} INFO - Started process (PID=7989) to work on /home/ubuntu/myenv/lib/python3.12/site-packages/airflow/example_dags/example_sensors.py
[2024-08-27T16:13:39.417+0000] {processor.py:914} INFO - Processing file /home/ubuntu/myenv/lib/python3.12/site-packages/airflow/example_dags/example_sensors.py for tasks to queue
[2024-08-27T16:13:39.419+0000] {logging_mixin.py:190} INFO - [2024-08-27T16:13:39.419+0000] {dagbag.py:587} INFO - Filling up the DagBag from /home/ubuntu/myenv/lib/python3.12/site-packages/airflow/example_dags/example_sensors.py
[2024-08-27T16:13:39.432+0000] {processor.py:925} INFO - DAG(s) 'example_sensors' retrieved from /home/ubuntu/myenv/lib/python3.12/site-packages/airflow/example_dags/example_sensors.py
[2024-08-27T16:13:39.458+0000] {logging_mixin.py:190} INFO - [2024-08-27T16:13:39.457+0000] {dag.py:3211} INFO - Sync 1 DAGs
[2024-08-27T16:13:39.472+0000] {logging_mixin.py:190} INFO - [2024-08-27T16:13:39.472+0000] {dag.py:4138} INFO - Setting next_dagrun for example_sensors to None, run_after=None
[2024-08-27T16:13:39.496+0000] {processor.py:208} INFO - Processing /home/ubuntu/myenv/lib/python3.12/site-packages/airflow/example_dags/example_sensors.py took 0.087 seconds
