[2024-08-27T14:34:55.879+0000] {processor.py:186} INFO - Started process (PID=5551) to work on /home/ubuntu/myenv/lib/python3.12/site-packages/airflow/example_dags/example_dynamic_task_mapping.py
[2024-08-27T14:34:55.880+0000] {processor.py:914} INFO - Processing file /home/ubuntu/myenv/lib/python3.12/site-packages/airflow/example_dags/example_dynamic_task_mapping.py for tasks to queue
[2024-08-27T14:34:55.882+0000] {logging_mixin.py:190} INFO - [2024-08-27T14:34:55.882+0000] {dagbag.py:587} INFO - Filling up the DagBag from /home/ubuntu/myenv/lib/python3.12/site-packages/airflow/example_dags/example_dynamic_task_mapping.py
[2024-08-27T14:34:55.892+0000] {processor.py:925} INFO - DAG(s) 'example_dynamic_task_mapping' retrieved from /home/ubuntu/myenv/lib/python3.12/site-packages/airflow/example_dags/example_dynamic_task_mapping.py
[2024-08-27T14:34:56.007+0000] {logging_mixin.py:190} INFO - [2024-08-27T14:34:56.007+0000] {override.py:1900} INFO - Created Permission View: can delete on DAG:example_dynamic_task_mapping
[2024-08-27T14:34:56.021+0000] {logging_mixin.py:190} INFO - [2024-08-27T14:34:56.020+0000] {override.py:1900} INFO - Created Permission View: can edit on DAG:example_dynamic_task_mapping
[2024-08-27T14:34:56.031+0000] {logging_mixin.py:190} INFO - [2024-08-27T14:34:56.030+0000] {override.py:1900} INFO - Created Permission View: can read on DAG:example_dynamic_task_mapping
[2024-08-27T14:34:56.046+0000] {logging_mixin.py:190} INFO - [2024-08-27T14:34:56.045+0000] {override.py:1900} INFO - Created Permission View: can create on DAG Run:example_dynamic_task_mapping
[2024-08-27T14:34:56.056+0000] {logging_mixin.py:190} INFO - [2024-08-27T14:34:56.055+0000] {override.py:1900} INFO - Created Permission View: menu access on DAG Run:example_dynamic_task_mapping
[2024-08-27T14:34:56.065+0000] {logging_mixin.py:190} INFO - [2024-08-27T14:34:56.065+0000] {override.py:1900} INFO - Created Permission View: can delete on DAG Run:example_dynamic_task_mapping
[2024-08-27T14:34:56.075+0000] {logging_mixin.py:190} INFO - [2024-08-27T14:34:56.074+0000] {override.py:1900} INFO - Created Permission View: can read on DAG Run:example_dynamic_task_mapping
[2024-08-27T14:34:56.075+0000] {logging_mixin.py:190} INFO - [2024-08-27T14:34:56.075+0000] {dag.py:3211} INFO - Sync 1 DAGs
[2024-08-27T14:34:56.088+0000] {logging_mixin.py:190} INFO - [2024-08-27T14:34:56.087+0000] {dag.py:3234} INFO - Creating ORM DAG for example_dynamic_task_mapping
[2024-08-27T14:34:56.096+0000] {logging_mixin.py:190} INFO - [2024-08-27T14:34:56.096+0000] {dag.py:4138} INFO - Setting next_dagrun for example_dynamic_task_mapping to 2022-03-04 00:00:00+00:00, run_after=2022-03-05 00:00:00+00:00
[2024-08-27T14:34:56.115+0000] {processor.py:208} INFO - Processing /home/ubuntu/myenv/lib/python3.12/site-packages/airflow/example_dags/example_dynamic_task_mapping.py took 0.242 seconds
[2024-08-27T14:35:58.233+0000] {processor.py:186} INFO - Started process (PID=5626) to work on /home/ubuntu/myenv/lib/python3.12/site-packages/airflow/example_dags/example_dynamic_task_mapping.py
[2024-08-27T14:35:58.235+0000] {processor.py:914} INFO - Processing file /home/ubuntu/myenv/lib/python3.12/site-packages/airflow/example_dags/example_dynamic_task_mapping.py for tasks to queue
[2024-08-27T14:35:58.237+0000] {logging_mixin.py:190} INFO - [2024-08-27T14:35:58.237+0000] {dagbag.py:587} INFO - Filling up the DagBag from /home/ubuntu/myenv/lib/python3.12/site-packages/airflow/example_dags/example_dynamic_task_mapping.py
[2024-08-27T14:35:58.247+0000] {processor.py:925} INFO - DAG(s) 'example_dynamic_task_mapping' retrieved from /home/ubuntu/myenv/lib/python3.12/site-packages/airflow/example_dags/example_dynamic_task_mapping.py
[2024-08-27T14:35:58.265+0000] {logging_mixin.py:190} INFO - [2024-08-27T14:35:58.264+0000] {dag.py:3211} INFO - Sync 1 DAGs
[2024-08-27T14:35:58.287+0000] {logging_mixin.py:190} INFO - [2024-08-27T14:35:58.286+0000] {dag.py:4138} INFO - Setting next_dagrun for example_dynamic_task_mapping to 2022-03-04 00:00:00+00:00, run_after=2022-03-05 00:00:00+00:00
[2024-08-27T14:35:58.309+0000] {processor.py:208} INFO - Processing /home/ubuntu/myenv/lib/python3.12/site-packages/airflow/example_dags/example_dynamic_task_mapping.py took 0.082 seconds
[2024-08-27T14:36:52.026+0000] {processor.py:186} INFO - Started process (PID=5698) to work on /home/ubuntu/myenv/lib/python3.12/site-packages/airflow/example_dags/example_dynamic_task_mapping.py
[2024-08-27T14:36:52.028+0000] {processor.py:914} INFO - Processing file /home/ubuntu/myenv/lib/python3.12/site-packages/airflow/example_dags/example_dynamic_task_mapping.py for tasks to queue
[2024-08-27T14:36:52.030+0000] {logging_mixin.py:190} INFO - [2024-08-27T14:36:52.030+0000] {dagbag.py:587} INFO - Filling up the DagBag from /home/ubuntu/myenv/lib/python3.12/site-packages/airflow/example_dags/example_dynamic_task_mapping.py
[2024-08-27T14:36:52.039+0000] {processor.py:925} INFO - DAG(s) 'example_dynamic_task_mapping' retrieved from /home/ubuntu/myenv/lib/python3.12/site-packages/airflow/example_dags/example_dynamic_task_mapping.py
[2024-08-27T14:36:52.056+0000] {logging_mixin.py:190} INFO - [2024-08-27T14:36:52.055+0000] {dag.py:3211} INFO - Sync 1 DAGs
[2024-08-27T14:36:52.076+0000] {logging_mixin.py:190} INFO - [2024-08-27T14:36:52.076+0000] {dag.py:4138} INFO - Setting next_dagrun for example_dynamic_task_mapping to 2022-03-04 00:00:00+00:00, run_after=2022-03-05 00:00:00+00:00
[2024-08-27T14:36:52.099+0000] {processor.py:208} INFO - Processing /home/ubuntu/myenv/lib/python3.12/site-packages/airflow/example_dags/example_dynamic_task_mapping.py took 0.078 seconds
[2024-08-27T14:37:46.589+0000] {processor.py:186} INFO - Started process (PID=5772) to work on /home/ubuntu/myenv/lib/python3.12/site-packages/airflow/example_dags/example_dynamic_task_mapping.py
[2024-08-27T14:37:46.590+0000] {processor.py:914} INFO - Processing file /home/ubuntu/myenv/lib/python3.12/site-packages/airflow/example_dags/example_dynamic_task_mapping.py for tasks to queue
[2024-08-27T14:37:46.592+0000] {logging_mixin.py:190} INFO - [2024-08-27T14:37:46.592+0000] {dagbag.py:587} INFO - Filling up the DagBag from /home/ubuntu/myenv/lib/python3.12/site-packages/airflow/example_dags/example_dynamic_task_mapping.py
[2024-08-27T14:37:46.602+0000] {processor.py:925} INFO - DAG(s) 'example_dynamic_task_mapping' retrieved from /home/ubuntu/myenv/lib/python3.12/site-packages/airflow/example_dags/example_dynamic_task_mapping.py
[2024-08-27T14:37:46.619+0000] {logging_mixin.py:190} INFO - [2024-08-27T14:37:46.619+0000] {dag.py:3211} INFO - Sync 1 DAGs
[2024-08-27T14:37:46.642+0000] {logging_mixin.py:190} INFO - [2024-08-27T14:37:46.642+0000] {dag.py:4138} INFO - Setting next_dagrun for example_dynamic_task_mapping to 2022-03-04 00:00:00+00:00, run_after=2022-03-05 00:00:00+00:00
[2024-08-27T14:37:46.664+0000] {processor.py:208} INFO - Processing /home/ubuntu/myenv/lib/python3.12/site-packages/airflow/example_dags/example_dynamic_task_mapping.py took 0.082 seconds
[2024-08-27T14:39:09.151+0000] {processor.py:186} INFO - Started process (PID=5873) to work on /home/ubuntu/myenv/lib/python3.12/site-packages/airflow/example_dags/example_dynamic_task_mapping.py
[2024-08-27T14:39:09.152+0000] {processor.py:914} INFO - Processing file /home/ubuntu/myenv/lib/python3.12/site-packages/airflow/example_dags/example_dynamic_task_mapping.py for tasks to queue
[2024-08-27T14:39:09.154+0000] {logging_mixin.py:190} INFO - [2024-08-27T14:39:09.154+0000] {dagbag.py:587} INFO - Filling up the DagBag from /home/ubuntu/myenv/lib/python3.12/site-packages/airflow/example_dags/example_dynamic_task_mapping.py
[2024-08-27T14:39:09.164+0000] {processor.py:925} INFO - DAG(s) 'example_dynamic_task_mapping' retrieved from /home/ubuntu/myenv/lib/python3.12/site-packages/airflow/example_dags/example_dynamic_task_mapping.py
[2024-08-27T14:39:09.305+0000] {logging_mixin.py:190} INFO - [2024-08-27T14:39:09.305+0000] {dag.py:3211} INFO - Sync 1 DAGs
[2024-08-27T14:39:09.323+0000] {logging_mixin.py:190} INFO - [2024-08-27T14:39:09.323+0000] {dag.py:4138} INFO - Setting next_dagrun for example_dynamic_task_mapping to 2022-03-04 00:00:00+00:00, run_after=2022-03-05 00:00:00+00:00
[2024-08-27T14:39:09.344+0000] {processor.py:208} INFO - Processing /home/ubuntu/myenv/lib/python3.12/site-packages/airflow/example_dags/example_dynamic_task_mapping.py took 0.200 seconds
[2024-08-27T14:40:04.562+0000] {processor.py:186} INFO - Started process (PID=5950) to work on /home/ubuntu/myenv/lib/python3.12/site-packages/airflow/example_dags/example_dynamic_task_mapping.py
[2024-08-27T14:40:04.564+0000] {processor.py:914} INFO - Processing file /home/ubuntu/myenv/lib/python3.12/site-packages/airflow/example_dags/example_dynamic_task_mapping.py for tasks to queue
[2024-08-27T14:40:04.567+0000] {logging_mixin.py:190} INFO - [2024-08-27T14:40:04.566+0000] {dagbag.py:587} INFO - Filling up the DagBag from /home/ubuntu/myenv/lib/python3.12/site-packages/airflow/example_dags/example_dynamic_task_mapping.py
[2024-08-27T14:40:04.577+0000] {processor.py:925} INFO - DAG(s) 'example_dynamic_task_mapping' retrieved from /home/ubuntu/myenv/lib/python3.12/site-packages/airflow/example_dags/example_dynamic_task_mapping.py
[2024-08-27T14:40:04.595+0000] {logging_mixin.py:190} INFO - [2024-08-27T14:40:04.595+0000] {dag.py:3211} INFO - Sync 1 DAGs
[2024-08-27T14:40:04.619+0000] {logging_mixin.py:190} INFO - [2024-08-27T14:40:04.619+0000] {dag.py:4138} INFO - Setting next_dagrun for example_dynamic_task_mapping to 2022-03-04 00:00:00+00:00, run_after=2022-03-05 00:00:00+00:00
[2024-08-27T14:40:04.645+0000] {processor.py:208} INFO - Processing /home/ubuntu/myenv/lib/python3.12/site-packages/airflow/example_dags/example_dynamic_task_mapping.py took 0.089 seconds
[2024-08-27T14:40:55.235+0000] {processor.py:186} INFO - Started process (PID=6003) to work on /home/ubuntu/myenv/lib/python3.12/site-packages/airflow/example_dags/example_dynamic_task_mapping.py
[2024-08-27T14:40:55.237+0000] {processor.py:914} INFO - Processing file /home/ubuntu/myenv/lib/python3.12/site-packages/airflow/example_dags/example_dynamic_task_mapping.py for tasks to queue
[2024-08-27T14:40:55.239+0000] {logging_mixin.py:190} INFO - [2024-08-27T14:40:55.239+0000] {dagbag.py:587} INFO - Filling up the DagBag from /home/ubuntu/myenv/lib/python3.12/site-packages/airflow/example_dags/example_dynamic_task_mapping.py
[2024-08-27T14:40:55.249+0000] {processor.py:925} INFO - DAG(s) 'example_dynamic_task_mapping' retrieved from /home/ubuntu/myenv/lib/python3.12/site-packages/airflow/example_dags/example_dynamic_task_mapping.py
[2024-08-27T14:40:55.267+0000] {logging_mixin.py:190} INFO - [2024-08-27T14:40:55.267+0000] {dag.py:3211} INFO - Sync 1 DAGs
[2024-08-27T14:40:55.291+0000] {logging_mixin.py:190} INFO - [2024-08-27T14:40:55.290+0000] {dag.py:4138} INFO - Setting next_dagrun for example_dynamic_task_mapping to 2022-03-04 00:00:00+00:00, run_after=2022-03-05 00:00:00+00:00
[2024-08-27T14:40:55.313+0000] {processor.py:208} INFO - Processing /home/ubuntu/myenv/lib/python3.12/site-packages/airflow/example_dags/example_dynamic_task_mapping.py took 0.084 seconds
[2024-08-27T14:41:49.186+0000] {processor.py:186} INFO - Started process (PID=6058) to work on /home/ubuntu/myenv/lib/python3.12/site-packages/airflow/example_dags/example_dynamic_task_mapping.py
[2024-08-27T14:41:49.188+0000] {processor.py:914} INFO - Processing file /home/ubuntu/myenv/lib/python3.12/site-packages/airflow/example_dags/example_dynamic_task_mapping.py for tasks to queue
[2024-08-27T14:41:49.190+0000] {logging_mixin.py:190} INFO - [2024-08-27T14:41:49.190+0000] {dagbag.py:587} INFO - Filling up the DagBag from /home/ubuntu/myenv/lib/python3.12/site-packages/airflow/example_dags/example_dynamic_task_mapping.py
[2024-08-27T14:41:49.200+0000] {processor.py:925} INFO - DAG(s) 'example_dynamic_task_mapping' retrieved from /home/ubuntu/myenv/lib/python3.12/site-packages/airflow/example_dags/example_dynamic_task_mapping.py
[2024-08-27T14:41:49.217+0000] {logging_mixin.py:190} INFO - [2024-08-27T14:41:49.216+0000] {dag.py:3211} INFO - Sync 1 DAGs
[2024-08-27T14:41:49.239+0000] {logging_mixin.py:190} INFO - [2024-08-27T14:41:49.238+0000] {dag.py:4138} INFO - Setting next_dagrun for example_dynamic_task_mapping to 2022-03-04 00:00:00+00:00, run_after=2022-03-05 00:00:00+00:00
[2024-08-27T14:41:49.261+0000] {processor.py:208} INFO - Processing /home/ubuntu/myenv/lib/python3.12/site-packages/airflow/example_dags/example_dynamic_task_mapping.py took 0.081 seconds
[2024-08-27T14:43:03.853+0000] {processor.py:186} INFO - Started process (PID=6134) to work on /home/ubuntu/myenv/lib/python3.12/site-packages/airflow/example_dags/example_dynamic_task_mapping.py
[2024-08-27T14:43:03.855+0000] {processor.py:914} INFO - Processing file /home/ubuntu/myenv/lib/python3.12/site-packages/airflow/example_dags/example_dynamic_task_mapping.py for tasks to queue
[2024-08-27T14:43:03.857+0000] {logging_mixin.py:190} INFO - [2024-08-27T14:43:03.857+0000] {dagbag.py:587} INFO - Filling up the DagBag from /home/ubuntu/myenv/lib/python3.12/site-packages/airflow/example_dags/example_dynamic_task_mapping.py
[2024-08-27T14:43:03.867+0000] {processor.py:925} INFO - DAG(s) 'example_dynamic_task_mapping' retrieved from /home/ubuntu/myenv/lib/python3.12/site-packages/airflow/example_dags/example_dynamic_task_mapping.py
[2024-08-27T14:43:03.885+0000] {logging_mixin.py:190} INFO - [2024-08-27T14:43:03.884+0000] {dag.py:3211} INFO - Sync 1 DAGs
[2024-08-27T14:43:03.909+0000] {logging_mixin.py:190} INFO - [2024-08-27T14:43:03.908+0000] {dag.py:4138} INFO - Setting next_dagrun for example_dynamic_task_mapping to 2022-03-04 00:00:00+00:00, run_after=2022-03-05 00:00:00+00:00
[2024-08-27T14:43:03.933+0000] {processor.py:208} INFO - Processing /home/ubuntu/myenv/lib/python3.12/site-packages/airflow/example_dags/example_dynamic_task_mapping.py took 0.086 seconds
[2024-08-27T14:44:19.463+0000] {processor.py:186} INFO - Started process (PID=6213) to work on /home/ubuntu/myenv/lib/python3.12/site-packages/airflow/example_dags/example_dynamic_task_mapping.py
[2024-08-27T14:44:19.465+0000] {processor.py:914} INFO - Processing file /home/ubuntu/myenv/lib/python3.12/site-packages/airflow/example_dags/example_dynamic_task_mapping.py for tasks to queue
[2024-08-27T14:44:19.467+0000] {logging_mixin.py:190} INFO - [2024-08-27T14:44:19.467+0000] {dagbag.py:587} INFO - Filling up the DagBag from /home/ubuntu/myenv/lib/python3.12/site-packages/airflow/example_dags/example_dynamic_task_mapping.py
[2024-08-27T14:44:19.477+0000] {processor.py:925} INFO - DAG(s) 'example_dynamic_task_mapping' retrieved from /home/ubuntu/myenv/lib/python3.12/site-packages/airflow/example_dags/example_dynamic_task_mapping.py
[2024-08-27T14:44:19.495+0000] {logging_mixin.py:190} INFO - [2024-08-27T14:44:19.495+0000] {dag.py:3211} INFO - Sync 1 DAGs
[2024-08-27T14:44:19.518+0000] {logging_mixin.py:190} INFO - [2024-08-27T14:44:19.518+0000] {dag.py:4138} INFO - Setting next_dagrun for example_dynamic_task_mapping to 2022-03-04 00:00:00+00:00, run_after=2022-03-05 00:00:00+00:00
[2024-08-27T14:44:19.540+0000] {processor.py:208} INFO - Processing /home/ubuntu/myenv/lib/python3.12/site-packages/airflow/example_dags/example_dynamic_task_mapping.py took 0.083 seconds
[2024-08-27T14:45:35.850+0000] {processor.py:186} INFO - Started process (PID=6294) to work on /home/ubuntu/myenv/lib/python3.12/site-packages/airflow/example_dags/example_dynamic_task_mapping.py
[2024-08-27T14:45:35.851+0000] {processor.py:914} INFO - Processing file /home/ubuntu/myenv/lib/python3.12/site-packages/airflow/example_dags/example_dynamic_task_mapping.py for tasks to queue
[2024-08-27T14:45:35.853+0000] {logging_mixin.py:190} INFO - [2024-08-27T14:45:35.853+0000] {dagbag.py:587} INFO - Filling up the DagBag from /home/ubuntu/myenv/lib/python3.12/site-packages/airflow/example_dags/example_dynamic_task_mapping.py
[2024-08-27T14:45:35.863+0000] {processor.py:925} INFO - DAG(s) 'example_dynamic_task_mapping' retrieved from /home/ubuntu/myenv/lib/python3.12/site-packages/airflow/example_dags/example_dynamic_task_mapping.py
[2024-08-27T14:45:35.880+0000] {logging_mixin.py:190} INFO - [2024-08-27T14:45:35.880+0000] {dag.py:3211} INFO - Sync 1 DAGs
[2024-08-27T14:45:35.902+0000] {logging_mixin.py:190} INFO - [2024-08-27T14:45:35.902+0000] {dag.py:4138} INFO - Setting next_dagrun for example_dynamic_task_mapping to 2022-03-04 00:00:00+00:00, run_after=2022-03-05 00:00:00+00:00
[2024-08-27T14:45:35.923+0000] {processor.py:208} INFO - Processing /home/ubuntu/myenv/lib/python3.12/site-packages/airflow/example_dags/example_dynamic_task_mapping.py took 0.080 seconds
[2024-08-27T14:46:46.249+0000] {processor.py:186} INFO - Started process (PID=6370) to work on /home/ubuntu/myenv/lib/python3.12/site-packages/airflow/example_dags/example_dynamic_task_mapping.py
[2024-08-27T14:46:46.250+0000] {processor.py:914} INFO - Processing file /home/ubuntu/myenv/lib/python3.12/site-packages/airflow/example_dags/example_dynamic_task_mapping.py for tasks to queue
[2024-08-27T14:46:46.252+0000] {logging_mixin.py:190} INFO - [2024-08-27T14:46:46.252+0000] {dagbag.py:587} INFO - Filling up the DagBag from /home/ubuntu/myenv/lib/python3.12/site-packages/airflow/example_dags/example_dynamic_task_mapping.py
[2024-08-27T14:46:46.262+0000] {processor.py:925} INFO - DAG(s) 'example_dynamic_task_mapping' retrieved from /home/ubuntu/myenv/lib/python3.12/site-packages/airflow/example_dags/example_dynamic_task_mapping.py
[2024-08-27T14:46:46.280+0000] {logging_mixin.py:190} INFO - [2024-08-27T14:46:46.279+0000] {dag.py:3211} INFO - Sync 1 DAGs
[2024-08-27T14:46:46.302+0000] {logging_mixin.py:190} INFO - [2024-08-27T14:46:46.302+0000] {dag.py:4138} INFO - Setting next_dagrun for example_dynamic_task_mapping to 2022-03-04 00:00:00+00:00, run_after=2022-03-05 00:00:00+00:00
[2024-08-27T14:46:46.325+0000] {processor.py:208} INFO - Processing /home/ubuntu/myenv/lib/python3.12/site-packages/airflow/example_dags/example_dynamic_task_mapping.py took 0.083 seconds
[2024-08-27T14:48:00.621+0000] {processor.py:186} INFO - Started process (PID=6447) to work on /home/ubuntu/myenv/lib/python3.12/site-packages/airflow/example_dags/example_dynamic_task_mapping.py
[2024-08-27T14:48:00.622+0000] {processor.py:914} INFO - Processing file /home/ubuntu/myenv/lib/python3.12/site-packages/airflow/example_dags/example_dynamic_task_mapping.py for tasks to queue
[2024-08-27T14:48:00.625+0000] {logging_mixin.py:190} INFO - [2024-08-27T14:48:00.624+0000] {dagbag.py:587} INFO - Filling up the DagBag from /home/ubuntu/myenv/lib/python3.12/site-packages/airflow/example_dags/example_dynamic_task_mapping.py
[2024-08-27T14:48:00.634+0000] {processor.py:925} INFO - DAG(s) 'example_dynamic_task_mapping' retrieved from /home/ubuntu/myenv/lib/python3.12/site-packages/airflow/example_dags/example_dynamic_task_mapping.py
[2024-08-27T14:48:00.651+0000] {logging_mixin.py:190} INFO - [2024-08-27T14:48:00.651+0000] {dag.py:3211} INFO - Sync 1 DAGs
[2024-08-27T14:48:00.674+0000] {logging_mixin.py:190} INFO - [2024-08-27T14:48:00.673+0000] {dag.py:4138} INFO - Setting next_dagrun for example_dynamic_task_mapping to 2022-03-04 00:00:00+00:00, run_after=2022-03-05 00:00:00+00:00
[2024-08-27T14:48:00.695+0000] {processor.py:208} INFO - Processing /home/ubuntu/myenv/lib/python3.12/site-packages/airflow/example_dags/example_dynamic_task_mapping.py took 0.081 seconds
[2024-08-27T14:48:52.539+0000] {processor.py:186} INFO - Started process (PID=6505) to work on /home/ubuntu/myenv/lib/python3.12/site-packages/airflow/example_dags/example_dynamic_task_mapping.py
[2024-08-27T14:48:52.541+0000] {processor.py:914} INFO - Processing file /home/ubuntu/myenv/lib/python3.12/site-packages/airflow/example_dags/example_dynamic_task_mapping.py for tasks to queue
[2024-08-27T14:48:52.543+0000] {logging_mixin.py:190} INFO - [2024-08-27T14:48:52.543+0000] {dagbag.py:587} INFO - Filling up the DagBag from /home/ubuntu/myenv/lib/python3.12/site-packages/airflow/example_dags/example_dynamic_task_mapping.py
[2024-08-27T14:48:52.553+0000] {processor.py:925} INFO - DAG(s) 'example_dynamic_task_mapping' retrieved from /home/ubuntu/myenv/lib/python3.12/site-packages/airflow/example_dags/example_dynamic_task_mapping.py
[2024-08-27T14:48:52.569+0000] {logging_mixin.py:190} INFO - [2024-08-27T14:48:52.569+0000] {dag.py:3211} INFO - Sync 1 DAGs
[2024-08-27T14:48:52.590+0000] {logging_mixin.py:190} INFO - [2024-08-27T14:48:52.590+0000] {dag.py:4138} INFO - Setting next_dagrun for example_dynamic_task_mapping to 2022-03-04 00:00:00+00:00, run_after=2022-03-05 00:00:00+00:00
[2024-08-27T14:48:52.611+0000] {processor.py:208} INFO - Processing /home/ubuntu/myenv/lib/python3.12/site-packages/airflow/example_dags/example_dynamic_task_mapping.py took 0.078 seconds
[2024-08-27T14:49:45.160+0000] {processor.py:186} INFO - Started process (PID=6561) to work on /home/ubuntu/myenv/lib/python3.12/site-packages/airflow/example_dags/example_dynamic_task_mapping.py
[2024-08-27T14:49:45.162+0000] {processor.py:914} INFO - Processing file /home/ubuntu/myenv/lib/python3.12/site-packages/airflow/example_dags/example_dynamic_task_mapping.py for tasks to queue
[2024-08-27T14:49:45.164+0000] {logging_mixin.py:190} INFO - [2024-08-27T14:49:45.163+0000] {dagbag.py:587} INFO - Filling up the DagBag from /home/ubuntu/myenv/lib/python3.12/site-packages/airflow/example_dags/example_dynamic_task_mapping.py
[2024-08-27T14:49:45.173+0000] {processor.py:925} INFO - DAG(s) 'example_dynamic_task_mapping' retrieved from /home/ubuntu/myenv/lib/python3.12/site-packages/airflow/example_dags/example_dynamic_task_mapping.py
[2024-08-27T14:49:45.190+0000] {logging_mixin.py:190} INFO - [2024-08-27T14:49:45.190+0000] {dag.py:3211} INFO - Sync 1 DAGs
[2024-08-27T14:49:45.212+0000] {logging_mixin.py:190} INFO - [2024-08-27T14:49:45.212+0000] {dag.py:4138} INFO - Setting next_dagrun for example_dynamic_task_mapping to 2022-03-04 00:00:00+00:00, run_after=2022-03-05 00:00:00+00:00
[2024-08-27T14:49:45.234+0000] {processor.py:208} INFO - Processing /home/ubuntu/myenv/lib/python3.12/site-packages/airflow/example_dags/example_dynamic_task_mapping.py took 0.081 seconds
[2024-08-27T16:10:23.526+0000] {processor.py:186} INFO - Started process (PID=7631) to work on /home/ubuntu/myenv/lib/python3.12/site-packages/airflow/example_dags/example_dynamic_task_mapping.py
[2024-08-27T16:10:23.527+0000] {processor.py:914} INFO - Processing file /home/ubuntu/myenv/lib/python3.12/site-packages/airflow/example_dags/example_dynamic_task_mapping.py for tasks to queue
[2024-08-27T16:10:23.530+0000] {logging_mixin.py:190} INFO - [2024-08-27T16:10:23.529+0000] {dagbag.py:587} INFO - Filling up the DagBag from /home/ubuntu/myenv/lib/python3.12/site-packages/airflow/example_dags/example_dynamic_task_mapping.py
[2024-08-27T16:10:23.539+0000] {processor.py:925} INFO - DAG(s) 'example_dynamic_task_mapping' retrieved from /home/ubuntu/myenv/lib/python3.12/site-packages/airflow/example_dags/example_dynamic_task_mapping.py
[2024-08-27T16:10:23.557+0000] {logging_mixin.py:190} INFO - [2024-08-27T16:10:23.556+0000] {dag.py:3211} INFO - Sync 1 DAGs
[2024-08-27T16:10:23.578+0000] {logging_mixin.py:190} INFO - [2024-08-27T16:10:23.578+0000] {dag.py:4138} INFO - Setting next_dagrun for example_dynamic_task_mapping to 2022-03-04 00:00:00+00:00, run_after=2022-03-05 00:00:00+00:00
[2024-08-27T16:10:23.601+0000] {processor.py:208} INFO - Processing /home/ubuntu/myenv/lib/python3.12/site-packages/airflow/example_dags/example_dynamic_task_mapping.py took 0.081 seconds
[2024-08-27T16:11:18.791+0000] {processor.py:186} INFO - Started process (PID=7732) to work on /home/ubuntu/myenv/lib/python3.12/site-packages/airflow/example_dags/example_dynamic_task_mapping.py
[2024-08-27T16:11:18.793+0000] {processor.py:914} INFO - Processing file /home/ubuntu/myenv/lib/python3.12/site-packages/airflow/example_dags/example_dynamic_task_mapping.py for tasks to queue
[2024-08-27T16:11:18.795+0000] {logging_mixin.py:190} INFO - [2024-08-27T16:11:18.795+0000] {dagbag.py:587} INFO - Filling up the DagBag from /home/ubuntu/myenv/lib/python3.12/site-packages/airflow/example_dags/example_dynamic_task_mapping.py
[2024-08-27T16:11:18.804+0000] {processor.py:925} INFO - DAG(s) 'example_dynamic_task_mapping' retrieved from /home/ubuntu/myenv/lib/python3.12/site-packages/airflow/example_dags/example_dynamic_task_mapping.py
[2024-08-27T16:11:18.821+0000] {logging_mixin.py:190} INFO - [2024-08-27T16:11:18.821+0000] {dag.py:3211} INFO - Sync 1 DAGs
[2024-08-27T16:11:18.843+0000] {logging_mixin.py:190} INFO - [2024-08-27T16:11:18.842+0000] {dag.py:4138} INFO - Setting next_dagrun for example_dynamic_task_mapping to 2022-03-04 00:00:00+00:00, run_after=2022-03-05 00:00:00+00:00
[2024-08-27T16:11:18.866+0000] {processor.py:208} INFO - Processing /home/ubuntu/myenv/lib/python3.12/site-packages/airflow/example_dags/example_dynamic_task_mapping.py took 0.081 seconds
[2024-08-27T16:12:13.719+0000] {processor.py:186} INFO - Started process (PID=7860) to work on /home/ubuntu/myenv/lib/python3.12/site-packages/airflow/example_dags/example_dynamic_task_mapping.py
[2024-08-27T16:12:13.721+0000] {processor.py:914} INFO - Processing file /home/ubuntu/myenv/lib/python3.12/site-packages/airflow/example_dags/example_dynamic_task_mapping.py for tasks to queue
[2024-08-27T16:12:13.723+0000] {logging_mixin.py:190} INFO - [2024-08-27T16:12:13.723+0000] {dagbag.py:587} INFO - Filling up the DagBag from /home/ubuntu/myenv/lib/python3.12/site-packages/airflow/example_dags/example_dynamic_task_mapping.py
[2024-08-27T16:12:13.732+0000] {processor.py:925} INFO - DAG(s) 'example_dynamic_task_mapping' retrieved from /home/ubuntu/myenv/lib/python3.12/site-packages/airflow/example_dags/example_dynamic_task_mapping.py
[2024-08-27T16:12:13.750+0000] {logging_mixin.py:190} INFO - [2024-08-27T16:12:13.750+0000] {dag.py:3211} INFO - Sync 1 DAGs
[2024-08-27T16:12:13.772+0000] {logging_mixin.py:190} INFO - [2024-08-27T16:12:13.771+0000] {dag.py:4138} INFO - Setting next_dagrun for example_dynamic_task_mapping to 2022-03-04 00:00:00+00:00, run_after=2022-03-05 00:00:00+00:00
[2024-08-27T16:12:13.794+0000] {processor.py:208} INFO - Processing /home/ubuntu/myenv/lib/python3.12/site-packages/airflow/example_dags/example_dynamic_task_mapping.py took 0.080 seconds
[2024-08-27T16:13:30.591+0000] {processor.py:186} INFO - Started process (PID=7978) to work on /home/ubuntu/myenv/lib/python3.12/site-packages/airflow/example_dags/example_dynamic_task_mapping.py
[2024-08-27T16:13:30.593+0000] {processor.py:914} INFO - Processing file /home/ubuntu/myenv/lib/python3.12/site-packages/airflow/example_dags/example_dynamic_task_mapping.py for tasks to queue
[2024-08-27T16:13:30.595+0000] {logging_mixin.py:190} INFO - [2024-08-27T16:13:30.595+0000] {dagbag.py:587} INFO - Filling up the DagBag from /home/ubuntu/myenv/lib/python3.12/site-packages/airflow/example_dags/example_dynamic_task_mapping.py
[2024-08-27T16:13:30.605+0000] {processor.py:925} INFO - DAG(s) 'example_dynamic_task_mapping' retrieved from /home/ubuntu/myenv/lib/python3.12/site-packages/airflow/example_dags/example_dynamic_task_mapping.py
[2024-08-27T16:13:30.623+0000] {logging_mixin.py:190} INFO - [2024-08-27T16:13:30.622+0000] {dag.py:3211} INFO - Sync 1 DAGs
[2024-08-27T16:13:30.645+0000] {logging_mixin.py:190} INFO - [2024-08-27T16:13:30.645+0000] {dag.py:4138} INFO - Setting next_dagrun for example_dynamic_task_mapping to 2022-03-04 00:00:00+00:00, run_after=2022-03-05 00:00:00+00:00
[2024-08-27T16:13:30.668+0000] {processor.py:208} INFO - Processing /home/ubuntu/myenv/lib/python3.12/site-packages/airflow/example_dags/example_dynamic_task_mapping.py took 0.083 seconds
