[2024-08-27T14:34:43.489+0000] {processor.py:186} INFO - Started process (PID=5542) to work on /home/ubuntu/myenv/lib/python3.12/site-packages/airflow/example_dags/example_external_task_marker_dag.py
[2024-08-27T14:34:43.489+0000] {processor.py:914} INFO - Processing file /home/ubuntu/myenv/lib/python3.12/site-packages/airflow/example_dags/example_external_task_marker_dag.py for tasks to queue
[2024-08-27T14:34:43.492+0000] {logging_mixin.py:190} INFO - [2024-08-27T14:34:43.491+0000] {dagbag.py:587} INFO - Filling up the DagBag from /home/ubuntu/myenv/lib/python3.12/site-packages/airflow/example_dags/example_external_task_marker_dag.py
[2024-08-27T14:34:43.501+0000] {processor.py:925} INFO - DAG(s) 'example_external_task_marker_child', 'example_external_task_marker_parent' retrieved from /home/ubuntu/myenv/lib/python3.12/site-packages/airflow/example_dags/example_external_task_marker_dag.py
[2024-08-27T14:34:43.620+0000] {logging_mixin.py:190} INFO - [2024-08-27T14:34:43.620+0000] {override.py:1900} INFO - Created Permission View: can delete on DAG:example_external_task_marker_child
[2024-08-27T14:34:43.634+0000] {logging_mixin.py:190} INFO - [2024-08-27T14:34:43.634+0000] {override.py:1900} INFO - Created Permission View: can edit on DAG:example_external_task_marker_child
[2024-08-27T14:34:43.644+0000] {logging_mixin.py:190} INFO - [2024-08-27T14:34:43.644+0000] {override.py:1900} INFO - Created Permission View: can read on DAG:example_external_task_marker_child
[2024-08-27T14:34:43.661+0000] {logging_mixin.py:190} INFO - [2024-08-27T14:34:43.661+0000] {override.py:1900} INFO - Created Permission View: can create on DAG Run:example_external_task_marker_child
[2024-08-27T14:34:43.672+0000] {logging_mixin.py:190} INFO - [2024-08-27T14:34:43.672+0000] {override.py:1900} INFO - Created Permission View: menu access on DAG Run:example_external_task_marker_child
[2024-08-27T14:34:43.682+0000] {logging_mixin.py:190} INFO - [2024-08-27T14:34:43.682+0000] {override.py:1900} INFO - Created Permission View: can delete on DAG Run:example_external_task_marker_child
[2024-08-27T14:34:43.693+0000] {logging_mixin.py:190} INFO - [2024-08-27T14:34:43.692+0000] {override.py:1900} INFO - Created Permission View: can read on DAG Run:example_external_task_marker_child
[2024-08-27T14:34:43.713+0000] {logging_mixin.py:190} INFO - [2024-08-27T14:34:43.713+0000] {override.py:1900} INFO - Created Permission View: can delete on DAG:example_external_task_marker_parent
[2024-08-27T14:34:43.724+0000] {logging_mixin.py:190} INFO - [2024-08-27T14:34:43.723+0000] {override.py:1900} INFO - Created Permission View: can edit on DAG:example_external_task_marker_parent
[2024-08-27T14:34:43.735+0000] {logging_mixin.py:190} INFO - [2024-08-27T14:34:43.734+0000] {override.py:1900} INFO - Created Permission View: can read on DAG:example_external_task_marker_parent
[2024-08-27T14:34:43.750+0000] {logging_mixin.py:190} INFO - [2024-08-27T14:34:43.750+0000] {override.py:1900} INFO - Created Permission View: can create on DAG Run:example_external_task_marker_parent
[2024-08-27T14:34:43.759+0000] {logging_mixin.py:190} INFO - [2024-08-27T14:34:43.759+0000] {override.py:1900} INFO - Created Permission View: menu access on DAG Run:example_external_task_marker_parent
[2024-08-27T14:34:43.769+0000] {logging_mixin.py:190} INFO - [2024-08-27T14:34:43.768+0000] {override.py:1900} INFO - Created Permission View: can delete on DAG Run:example_external_task_marker_parent
[2024-08-27T14:34:43.779+0000] {logging_mixin.py:190} INFO - [2024-08-27T14:34:43.778+0000] {override.py:1900} INFO - Created Permission View: can read on DAG Run:example_external_task_marker_parent
[2024-08-27T14:34:43.779+0000] {logging_mixin.py:190} INFO - [2024-08-27T14:34:43.779+0000] {dag.py:3211} INFO - Sync 2 DAGs
[2024-08-27T14:34:43.792+0000] {logging_mixin.py:190} INFO - [2024-08-27T14:34:43.791+0000] {dag.py:3234} INFO - Creating ORM DAG for example_external_task_marker_parent
[2024-08-27T14:34:43.792+0000] {logging_mixin.py:190} INFO - [2024-08-27T14:34:43.792+0000] {dag.py:3234} INFO - Creating ORM DAG for example_external_task_marker_child
[2024-08-27T14:34:43.793+0000] {logging_mixin.py:190} INFO - [2024-08-27T14:34:43.793+0000] {dag.py:4138} INFO - Setting next_dagrun for example_external_task_marker_child to None, run_after=None
[2024-08-27T14:34:43.794+0000] {logging_mixin.py:190} INFO - [2024-08-27T14:34:43.793+0000] {dag.py:4138} INFO - Setting next_dagrun for example_external_task_marker_parent to None, run_after=None
[2024-08-27T14:34:43.815+0000] {processor.py:208} INFO - Processing /home/ubuntu/myenv/lib/python3.12/site-packages/airflow/example_dags/example_external_task_marker_dag.py took 0.333 seconds
[2024-08-27T14:35:49.085+0000] {processor.py:186} INFO - Started process (PID=5614) to work on /home/ubuntu/myenv/lib/python3.12/site-packages/airflow/example_dags/example_external_task_marker_dag.py
[2024-08-27T14:35:49.087+0000] {processor.py:914} INFO - Processing file /home/ubuntu/myenv/lib/python3.12/site-packages/airflow/example_dags/example_external_task_marker_dag.py for tasks to queue
[2024-08-27T14:35:49.089+0000] {logging_mixin.py:190} INFO - [2024-08-27T14:35:49.089+0000] {dagbag.py:587} INFO - Filling up the DagBag from /home/ubuntu/myenv/lib/python3.12/site-packages/airflow/example_dags/example_external_task_marker_dag.py
[2024-08-27T14:35:49.098+0000] {processor.py:925} INFO - DAG(s) 'example_external_task_marker_parent', 'example_external_task_marker_child' retrieved from /home/ubuntu/myenv/lib/python3.12/site-packages/airflow/example_dags/example_external_task_marker_dag.py
[2024-08-27T14:35:49.118+0000] {logging_mixin.py:190} INFO - [2024-08-27T14:35:49.118+0000] {dag.py:3211} INFO - Sync 2 DAGs
[2024-08-27T14:35:49.132+0000] {logging_mixin.py:190} INFO - [2024-08-27T14:35:49.132+0000] {dag.py:4138} INFO - Setting next_dagrun for example_external_task_marker_child to None, run_after=None
[2024-08-27T14:35:49.135+0000] {logging_mixin.py:190} INFO - [2024-08-27T14:35:49.135+0000] {dag.py:4138} INFO - Setting next_dagrun for example_external_task_marker_parent to None, run_after=None
[2024-08-27T14:35:49.155+0000] {processor.py:208} INFO - Processing /home/ubuntu/myenv/lib/python3.12/site-packages/airflow/example_dags/example_external_task_marker_dag.py took 0.076 seconds
[2024-08-27T14:36:43.020+0000] {processor.py:186} INFO - Started process (PID=5685) to work on /home/ubuntu/myenv/lib/python3.12/site-packages/airflow/example_dags/example_external_task_marker_dag.py
[2024-08-27T14:36:43.021+0000] {processor.py:914} INFO - Processing file /home/ubuntu/myenv/lib/python3.12/site-packages/airflow/example_dags/example_external_task_marker_dag.py for tasks to queue
[2024-08-27T14:36:43.023+0000] {logging_mixin.py:190} INFO - [2024-08-27T14:36:43.023+0000] {dagbag.py:587} INFO - Filling up the DagBag from /home/ubuntu/myenv/lib/python3.12/site-packages/airflow/example_dags/example_external_task_marker_dag.py
[2024-08-27T14:36:43.033+0000] {processor.py:925} INFO - DAG(s) 'example_external_task_marker_parent', 'example_external_task_marker_child' retrieved from /home/ubuntu/myenv/lib/python3.12/site-packages/airflow/example_dags/example_external_task_marker_dag.py
[2024-08-27T14:36:43.054+0000] {logging_mixin.py:190} INFO - [2024-08-27T14:36:43.053+0000] {dag.py:3211} INFO - Sync 2 DAGs
[2024-08-27T14:36:43.068+0000] {logging_mixin.py:190} INFO - [2024-08-27T14:36:43.068+0000] {dag.py:4138} INFO - Setting next_dagrun for example_external_task_marker_child to None, run_after=None
[2024-08-27T14:36:43.072+0000] {logging_mixin.py:190} INFO - [2024-08-27T14:36:43.071+0000] {dag.py:4138} INFO - Setting next_dagrun for example_external_task_marker_parent to None, run_after=None
[2024-08-27T14:36:43.092+0000] {processor.py:208} INFO - Processing /home/ubuntu/myenv/lib/python3.12/site-packages/airflow/example_dags/example_external_task_marker_dag.py took 0.079 seconds
[2024-08-27T14:37:37.438+0000] {processor.py:186} INFO - Started process (PID=5761) to work on /home/ubuntu/myenv/lib/python3.12/site-packages/airflow/example_dags/example_external_task_marker_dag.py
[2024-08-27T14:37:37.439+0000] {processor.py:914} INFO - Processing file /home/ubuntu/myenv/lib/python3.12/site-packages/airflow/example_dags/example_external_task_marker_dag.py for tasks to queue
[2024-08-27T14:37:37.442+0000] {logging_mixin.py:190} INFO - [2024-08-27T14:37:37.441+0000] {dagbag.py:587} INFO - Filling up the DagBag from /home/ubuntu/myenv/lib/python3.12/site-packages/airflow/example_dags/example_external_task_marker_dag.py
[2024-08-27T14:37:37.451+0000] {processor.py:925} INFO - DAG(s) 'example_external_task_marker_parent', 'example_external_task_marker_child' retrieved from /home/ubuntu/myenv/lib/python3.12/site-packages/airflow/example_dags/example_external_task_marker_dag.py
[2024-08-27T14:37:37.472+0000] {logging_mixin.py:190} INFO - [2024-08-27T14:37:37.472+0000] {dag.py:3211} INFO - Sync 2 DAGs
[2024-08-27T14:37:37.487+0000] {logging_mixin.py:190} INFO - [2024-08-27T14:37:37.487+0000] {dag.py:4138} INFO - Setting next_dagrun for example_external_task_marker_child to None, run_after=None
[2024-08-27T14:37:37.491+0000] {logging_mixin.py:190} INFO - [2024-08-27T14:37:37.491+0000] {dag.py:4138} INFO - Setting next_dagrun for example_external_task_marker_parent to None, run_after=None
[2024-08-27T14:37:37.511+0000] {processor.py:208} INFO - Processing /home/ubuntu/myenv/lib/python3.12/site-packages/airflow/example_dags/example_external_task_marker_dag.py took 0.080 seconds
[2024-08-27T14:38:29.080+0000] {processor.py:186} INFO - Started process (PID=5827) to work on /home/ubuntu/myenv/lib/python3.12/site-packages/airflow/example_dags/example_external_task_marker_dag.py
[2024-08-27T14:38:29.082+0000] {processor.py:914} INFO - Processing file /home/ubuntu/myenv/lib/python3.12/site-packages/airflow/example_dags/example_external_task_marker_dag.py for tasks to queue
[2024-08-27T14:38:29.084+0000] {logging_mixin.py:190} INFO - [2024-08-27T14:38:29.084+0000] {dagbag.py:587} INFO - Filling up the DagBag from /home/ubuntu/myenv/lib/python3.12/site-packages/airflow/example_dags/example_external_task_marker_dag.py
[2024-08-27T14:38:29.093+0000] {processor.py:925} INFO - DAG(s) 'example_external_task_marker_child', 'example_external_task_marker_parent' retrieved from /home/ubuntu/myenv/lib/python3.12/site-packages/airflow/example_dags/example_external_task_marker_dag.py
[2024-08-27T14:38:29.114+0000] {logging_mixin.py:190} INFO - [2024-08-27T14:38:29.114+0000] {dag.py:3211} INFO - Sync 2 DAGs
[2024-08-27T14:38:29.129+0000] {logging_mixin.py:190} INFO - [2024-08-27T14:38:29.128+0000] {dag.py:4138} INFO - Setting next_dagrun for example_external_task_marker_child to None, run_after=None
[2024-08-27T14:38:29.132+0000] {logging_mixin.py:190} INFO - [2024-08-27T14:38:29.132+0000] {dag.py:4138} INFO - Setting next_dagrun for example_external_task_marker_parent to None, run_after=None
[2024-08-27T14:38:29.154+0000] {processor.py:208} INFO - Processing /home/ubuntu/myenv/lib/python3.12/site-packages/airflow/example_dags/example_external_task_marker_dag.py took 0.080 seconds
[2024-08-27T14:39:35.610+0000] {processor.py:186} INFO - Started process (PID=5908) to work on /home/ubuntu/myenv/lib/python3.12/site-packages/airflow/example_dags/example_external_task_marker_dag.py
[2024-08-27T14:39:35.612+0000] {processor.py:914} INFO - Processing file /home/ubuntu/myenv/lib/python3.12/site-packages/airflow/example_dags/example_external_task_marker_dag.py for tasks to queue
[2024-08-27T14:39:35.614+0000] {logging_mixin.py:190} INFO - [2024-08-27T14:39:35.614+0000] {dagbag.py:587} INFO - Filling up the DagBag from /home/ubuntu/myenv/lib/python3.12/site-packages/airflow/example_dags/example_external_task_marker_dag.py
[2024-08-27T14:39:35.623+0000] {processor.py:925} INFO - DAG(s) 'example_external_task_marker_parent', 'example_external_task_marker_child' retrieved from /home/ubuntu/myenv/lib/python3.12/site-packages/airflow/example_dags/example_external_task_marker_dag.py
[2024-08-27T14:39:35.643+0000] {logging_mixin.py:190} INFO - [2024-08-27T14:39:35.643+0000] {dag.py:3211} INFO - Sync 2 DAGs
[2024-08-27T14:39:35.657+0000] {logging_mixin.py:190} INFO - [2024-08-27T14:39:35.657+0000] {dag.py:4138} INFO - Setting next_dagrun for example_external_task_marker_child to None, run_after=None
[2024-08-27T14:39:35.661+0000] {logging_mixin.py:190} INFO - [2024-08-27T14:39:35.660+0000] {dag.py:4138} INFO - Setting next_dagrun for example_external_task_marker_parent to None, run_after=None
[2024-08-27T14:39:35.681+0000] {processor.py:208} INFO - Processing /home/ubuntu/myenv/lib/python3.12/site-packages/airflow/example_dags/example_external_task_marker_dag.py took 0.077 seconds
[2024-08-27T14:40:30.398+0000] {processor.py:186} INFO - Started process (PID=5977) to work on /home/ubuntu/myenv/lib/python3.12/site-packages/airflow/example_dags/example_external_task_marker_dag.py
[2024-08-27T14:40:30.399+0000] {processor.py:914} INFO - Processing file /home/ubuntu/myenv/lib/python3.12/site-packages/airflow/example_dags/example_external_task_marker_dag.py for tasks to queue
[2024-08-27T14:40:30.402+0000] {logging_mixin.py:190} INFO - [2024-08-27T14:40:30.401+0000] {dagbag.py:587} INFO - Filling up the DagBag from /home/ubuntu/myenv/lib/python3.12/site-packages/airflow/example_dags/example_external_task_marker_dag.py
[2024-08-27T14:40:30.411+0000] {processor.py:925} INFO - DAG(s) 'example_external_task_marker_child', 'example_external_task_marker_parent' retrieved from /home/ubuntu/myenv/lib/python3.12/site-packages/airflow/example_dags/example_external_task_marker_dag.py
[2024-08-27T14:40:30.432+0000] {logging_mixin.py:190} INFO - [2024-08-27T14:40:30.431+0000] {dag.py:3211} INFO - Sync 2 DAGs
[2024-08-27T14:40:30.446+0000] {logging_mixin.py:190} INFO - [2024-08-27T14:40:30.446+0000] {dag.py:4138} INFO - Setting next_dagrun for example_external_task_marker_child to None, run_after=None
[2024-08-27T14:40:30.450+0000] {logging_mixin.py:190} INFO - [2024-08-27T14:40:30.449+0000] {dag.py:4138} INFO - Setting next_dagrun for example_external_task_marker_parent to None, run_after=None
[2024-08-27T14:40:30.469+0000] {processor.py:208} INFO - Processing /home/ubuntu/myenv/lib/python3.12/site-packages/airflow/example_dags/example_external_task_marker_dag.py took 0.078 seconds
[2024-08-27T14:41:19.957+0000] {processor.py:186} INFO - Started process (PID=6029) to work on /home/ubuntu/myenv/lib/python3.12/site-packages/airflow/example_dags/example_external_task_marker_dag.py
[2024-08-27T14:41:19.959+0000] {processor.py:914} INFO - Processing file /home/ubuntu/myenv/lib/python3.12/site-packages/airflow/example_dags/example_external_task_marker_dag.py for tasks to queue
[2024-08-27T14:41:19.961+0000] {logging_mixin.py:190} INFO - [2024-08-27T14:41:19.961+0000] {dagbag.py:587} INFO - Filling up the DagBag from /home/ubuntu/myenv/lib/python3.12/site-packages/airflow/example_dags/example_external_task_marker_dag.py
[2024-08-27T14:41:19.970+0000] {processor.py:925} INFO - DAG(s) 'example_external_task_marker_child', 'example_external_task_marker_parent' retrieved from /home/ubuntu/myenv/lib/python3.12/site-packages/airflow/example_dags/example_external_task_marker_dag.py
[2024-08-27T14:41:19.991+0000] {logging_mixin.py:190} INFO - [2024-08-27T14:41:19.991+0000] {dag.py:3211} INFO - Sync 2 DAGs
[2024-08-27T14:41:20.006+0000] {logging_mixin.py:190} INFO - [2024-08-27T14:41:20.005+0000] {dag.py:4138} INFO - Setting next_dagrun for example_external_task_marker_child to None, run_after=None
[2024-08-27T14:41:20.009+0000] {logging_mixin.py:190} INFO - [2024-08-27T14:41:20.009+0000] {dag.py:4138} INFO - Setting next_dagrun for example_external_task_marker_parent to None, run_after=None
[2024-08-27T14:41:20.030+0000] {processor.py:208} INFO - Processing /home/ubuntu/myenv/lib/python3.12/site-packages/airflow/example_dags/example_external_task_marker_dag.py took 0.079 seconds
[2024-08-27T14:42:09.353+0000] {processor.py:186} INFO - Started process (PID=6079) to work on /home/ubuntu/myenv/lib/python3.12/site-packages/airflow/example_dags/example_external_task_marker_dag.py
[2024-08-27T14:42:09.355+0000] {processor.py:914} INFO - Processing file /home/ubuntu/myenv/lib/python3.12/site-packages/airflow/example_dags/example_external_task_marker_dag.py for tasks to queue
[2024-08-27T14:42:09.357+0000] {logging_mixin.py:190} INFO - [2024-08-27T14:42:09.357+0000] {dagbag.py:587} INFO - Filling up the DagBag from /home/ubuntu/myenv/lib/python3.12/site-packages/airflow/example_dags/example_external_task_marker_dag.py
[2024-08-27T14:42:09.367+0000] {processor.py:925} INFO - DAG(s) 'example_external_task_marker_parent', 'example_external_task_marker_child' retrieved from /home/ubuntu/myenv/lib/python3.12/site-packages/airflow/example_dags/example_external_task_marker_dag.py
[2024-08-27T14:42:09.388+0000] {logging_mixin.py:190} INFO - [2024-08-27T14:42:09.388+0000] {dag.py:3211} INFO - Sync 2 DAGs
[2024-08-27T14:42:09.403+0000] {logging_mixin.py:190} INFO - [2024-08-27T14:42:09.403+0000] {dag.py:4138} INFO - Setting next_dagrun for example_external_task_marker_child to None, run_after=None
[2024-08-27T14:42:09.407+0000] {logging_mixin.py:190} INFO - [2024-08-27T14:42:09.407+0000] {dag.py:4138} INFO - Setting next_dagrun for example_external_task_marker_parent to None, run_after=None
[2024-08-27T14:42:09.428+0000] {processor.py:208} INFO - Processing /home/ubuntu/myenv/lib/python3.12/site-packages/airflow/example_dags/example_external_task_marker_dag.py took 0.081 seconds
[2024-08-27T14:43:01.176+0000] {processor.py:186} INFO - Started process (PID=6131) to work on /home/ubuntu/myenv/lib/python3.12/site-packages/airflow/example_dags/example_external_task_marker_dag.py
[2024-08-27T14:43:01.178+0000] {processor.py:914} INFO - Processing file /home/ubuntu/myenv/lib/python3.12/site-packages/airflow/example_dags/example_external_task_marker_dag.py for tasks to queue
[2024-08-27T14:43:01.180+0000] {logging_mixin.py:190} INFO - [2024-08-27T14:43:01.179+0000] {dagbag.py:587} INFO - Filling up the DagBag from /home/ubuntu/myenv/lib/python3.12/site-packages/airflow/example_dags/example_external_task_marker_dag.py
[2024-08-27T14:43:01.190+0000] {processor.py:925} INFO - DAG(s) 'example_external_task_marker_child', 'example_external_task_marker_parent' retrieved from /home/ubuntu/myenv/lib/python3.12/site-packages/airflow/example_dags/example_external_task_marker_dag.py
[2024-08-27T14:43:01.211+0000] {logging_mixin.py:190} INFO - [2024-08-27T14:43:01.211+0000] {dag.py:3211} INFO - Sync 2 DAGs
[2024-08-27T14:43:01.226+0000] {logging_mixin.py:190} INFO - [2024-08-27T14:43:01.226+0000] {dag.py:4138} INFO - Setting next_dagrun for example_external_task_marker_child to None, run_after=None
[2024-08-27T14:43:01.230+0000] {logging_mixin.py:190} INFO - [2024-08-27T14:43:01.230+0000] {dag.py:4138} INFO - Setting next_dagrun for example_external_task_marker_parent to None, run_after=None
[2024-08-27T14:43:01.253+0000] {processor.py:208} INFO - Processing /home/ubuntu/myenv/lib/python3.12/site-packages/airflow/example_dags/example_external_task_marker_dag.py took 0.083 seconds
[2024-08-27T14:43:50.745+0000] {processor.py:186} INFO - Started process (PID=6183) to work on /home/ubuntu/myenv/lib/python3.12/site-packages/airflow/example_dags/example_external_task_marker_dag.py
[2024-08-27T14:43:50.747+0000] {processor.py:914} INFO - Processing file /home/ubuntu/myenv/lib/python3.12/site-packages/airflow/example_dags/example_external_task_marker_dag.py for tasks to queue
[2024-08-27T14:43:50.749+0000] {logging_mixin.py:190} INFO - [2024-08-27T14:43:50.749+0000] {dagbag.py:587} INFO - Filling up the DagBag from /home/ubuntu/myenv/lib/python3.12/site-packages/airflow/example_dags/example_external_task_marker_dag.py
[2024-08-27T14:43:50.758+0000] {processor.py:925} INFO - DAG(s) 'example_external_task_marker_child', 'example_external_task_marker_parent' retrieved from /home/ubuntu/myenv/lib/python3.12/site-packages/airflow/example_dags/example_external_task_marker_dag.py
[2024-08-27T14:43:50.779+0000] {logging_mixin.py:190} INFO - [2024-08-27T14:43:50.778+0000] {dag.py:3211} INFO - Sync 2 DAGs
[2024-08-27T14:43:50.793+0000] {logging_mixin.py:190} INFO - [2024-08-27T14:43:50.793+0000] {dag.py:4138} INFO - Setting next_dagrun for example_external_task_marker_child to None, run_after=None
[2024-08-27T14:43:50.796+0000] {logging_mixin.py:190} INFO - [2024-08-27T14:43:50.796+0000] {dag.py:4138} INFO - Setting next_dagrun for example_external_task_marker_parent to None, run_after=None
[2024-08-27T14:43:50.816+0000] {processor.py:208} INFO - Processing /home/ubuntu/myenv/lib/python3.12/site-packages/airflow/example_dags/example_external_task_marker_dag.py took 0.077 seconds
[2024-08-27T14:44:41.245+0000] {processor.py:186} INFO - Started process (PID=6236) to work on /home/ubuntu/myenv/lib/python3.12/site-packages/airflow/example_dags/example_external_task_marker_dag.py
[2024-08-27T14:44:41.247+0000] {processor.py:914} INFO - Processing file /home/ubuntu/myenv/lib/python3.12/site-packages/airflow/example_dags/example_external_task_marker_dag.py for tasks to queue
[2024-08-27T14:44:41.249+0000] {logging_mixin.py:190} INFO - [2024-08-27T14:44:41.249+0000] {dagbag.py:587} INFO - Filling up the DagBag from /home/ubuntu/myenv/lib/python3.12/site-packages/airflow/example_dags/example_external_task_marker_dag.py
[2024-08-27T14:44:41.258+0000] {processor.py:925} INFO - DAG(s) 'example_external_task_marker_parent', 'example_external_task_marker_child' retrieved from /home/ubuntu/myenv/lib/python3.12/site-packages/airflow/example_dags/example_external_task_marker_dag.py
[2024-08-27T14:44:41.279+0000] {logging_mixin.py:190} INFO - [2024-08-27T14:44:41.278+0000] {dag.py:3211} INFO - Sync 2 DAGs
[2024-08-27T14:44:41.293+0000] {logging_mixin.py:190} INFO - [2024-08-27T14:44:41.293+0000] {dag.py:4138} INFO - Setting next_dagrun for example_external_task_marker_child to None, run_after=None
[2024-08-27T14:44:41.296+0000] {logging_mixin.py:190} INFO - [2024-08-27T14:44:41.296+0000] {dag.py:4138} INFO - Setting next_dagrun for example_external_task_marker_parent to None, run_after=None
[2024-08-27T14:44:41.316+0000] {processor.py:208} INFO - Processing /home/ubuntu/myenv/lib/python3.12/site-packages/airflow/example_dags/example_external_task_marker_dag.py took 0.077 seconds
[2024-08-27T14:45:31.713+0000] {processor.py:186} INFO - Started process (PID=6290) to work on /home/ubuntu/myenv/lib/python3.12/site-packages/airflow/example_dags/example_external_task_marker_dag.py
[2024-08-27T14:45:31.715+0000] {processor.py:914} INFO - Processing file /home/ubuntu/myenv/lib/python3.12/site-packages/airflow/example_dags/example_external_task_marker_dag.py for tasks to queue
[2024-08-27T14:45:31.717+0000] {logging_mixin.py:190} INFO - [2024-08-27T14:45:31.717+0000] {dagbag.py:587} INFO - Filling up the DagBag from /home/ubuntu/myenv/lib/python3.12/site-packages/airflow/example_dags/example_external_task_marker_dag.py
[2024-08-27T14:45:31.727+0000] {processor.py:925} INFO - DAG(s) 'example_external_task_marker_child', 'example_external_task_marker_parent' retrieved from /home/ubuntu/myenv/lib/python3.12/site-packages/airflow/example_dags/example_external_task_marker_dag.py
[2024-08-27T14:45:31.747+0000] {logging_mixin.py:190} INFO - [2024-08-27T14:45:31.747+0000] {dag.py:3211} INFO - Sync 2 DAGs
[2024-08-27T14:45:31.761+0000] {logging_mixin.py:190} INFO - [2024-08-27T14:45:31.761+0000] {dag.py:4138} INFO - Setting next_dagrun for example_external_task_marker_child to None, run_after=None
[2024-08-27T14:45:31.765+0000] {logging_mixin.py:190} INFO - [2024-08-27T14:45:31.765+0000] {dag.py:4138} INFO - Setting next_dagrun for example_external_task_marker_parent to None, run_after=None
[2024-08-27T14:45:31.785+0000] {processor.py:208} INFO - Processing /home/ubuntu/myenv/lib/python3.12/site-packages/airflow/example_dags/example_external_task_marker_dag.py took 0.078 seconds
[2024-08-27T14:46:22.733+0000] {processor.py:186} INFO - Started process (PID=6345) to work on /home/ubuntu/myenv/lib/python3.12/site-packages/airflow/example_dags/example_external_task_marker_dag.py
[2024-08-27T14:46:22.734+0000] {processor.py:914} INFO - Processing file /home/ubuntu/myenv/lib/python3.12/site-packages/airflow/example_dags/example_external_task_marker_dag.py for tasks to queue
[2024-08-27T14:46:22.737+0000] {logging_mixin.py:190} INFO - [2024-08-27T14:46:22.736+0000] {dagbag.py:587} INFO - Filling up the DagBag from /home/ubuntu/myenv/lib/python3.12/site-packages/airflow/example_dags/example_external_task_marker_dag.py
[2024-08-27T14:46:22.746+0000] {processor.py:925} INFO - DAG(s) 'example_external_task_marker_parent', 'example_external_task_marker_child' retrieved from /home/ubuntu/myenv/lib/python3.12/site-packages/airflow/example_dags/example_external_task_marker_dag.py
[2024-08-27T14:46:22.766+0000] {logging_mixin.py:190} INFO - [2024-08-27T14:46:22.766+0000] {dag.py:3211} INFO - Sync 2 DAGs
[2024-08-27T14:46:22.780+0000] {logging_mixin.py:190} INFO - [2024-08-27T14:46:22.780+0000] {dag.py:4138} INFO - Setting next_dagrun for example_external_task_marker_child to None, run_after=None
[2024-08-27T14:46:22.784+0000] {logging_mixin.py:190} INFO - [2024-08-27T14:46:22.783+0000] {dag.py:4138} INFO - Setting next_dagrun for example_external_task_marker_parent to None, run_after=None
[2024-08-27T14:46:22.805+0000] {processor.py:208} INFO - Processing /home/ubuntu/myenv/lib/python3.12/site-packages/airflow/example_dags/example_external_task_marker_dag.py took 0.078 seconds
[2024-08-27T14:47:32.814+0000] {processor.py:186} INFO - Started process (PID=6419) to work on /home/ubuntu/myenv/lib/python3.12/site-packages/airflow/example_dags/example_external_task_marker_dag.py
[2024-08-27T14:47:32.815+0000] {processor.py:914} INFO - Processing file /home/ubuntu/myenv/lib/python3.12/site-packages/airflow/example_dags/example_external_task_marker_dag.py for tasks to queue
[2024-08-27T14:47:32.818+0000] {logging_mixin.py:190} INFO - [2024-08-27T14:47:32.817+0000] {dagbag.py:587} INFO - Filling up the DagBag from /home/ubuntu/myenv/lib/python3.12/site-packages/airflow/example_dags/example_external_task_marker_dag.py
[2024-08-27T14:47:32.827+0000] {processor.py:925} INFO - DAG(s) 'example_external_task_marker_parent', 'example_external_task_marker_child' retrieved from /home/ubuntu/myenv/lib/python3.12/site-packages/airflow/example_dags/example_external_task_marker_dag.py
[2024-08-27T14:47:32.848+0000] {logging_mixin.py:190} INFO - [2024-08-27T14:47:32.848+0000] {dag.py:3211} INFO - Sync 2 DAGs
[2024-08-27T14:47:32.863+0000] {logging_mixin.py:190} INFO - [2024-08-27T14:47:32.862+0000] {dag.py:4138} INFO - Setting next_dagrun for example_external_task_marker_child to None, run_after=None
[2024-08-27T14:47:32.866+0000] {logging_mixin.py:190} INFO - [2024-08-27T14:47:32.866+0000] {dag.py:4138} INFO - Setting next_dagrun for example_external_task_marker_parent to None, run_after=None
[2024-08-27T14:47:32.887+0000] {processor.py:208} INFO - Processing /home/ubuntu/myenv/lib/python3.12/site-packages/airflow/example_dags/example_external_task_marker_dag.py took 0.080 seconds
[2024-08-27T14:48:25.163+0000] {processor.py:186} INFO - Started process (PID=6475) to work on /home/ubuntu/myenv/lib/python3.12/site-packages/airflow/example_dags/example_external_task_marker_dag.py
[2024-08-27T14:48:25.165+0000] {processor.py:914} INFO - Processing file /home/ubuntu/myenv/lib/python3.12/site-packages/airflow/example_dags/example_external_task_marker_dag.py for tasks to queue
[2024-08-27T14:48:25.167+0000] {logging_mixin.py:190} INFO - [2024-08-27T14:48:25.166+0000] {dagbag.py:587} INFO - Filling up the DagBag from /home/ubuntu/myenv/lib/python3.12/site-packages/airflow/example_dags/example_external_task_marker_dag.py
[2024-08-27T14:48:25.176+0000] {processor.py:925} INFO - DAG(s) 'example_external_task_marker_parent', 'example_external_task_marker_child' retrieved from /home/ubuntu/myenv/lib/python3.12/site-packages/airflow/example_dags/example_external_task_marker_dag.py
[2024-08-27T14:48:25.197+0000] {logging_mixin.py:190} INFO - [2024-08-27T14:48:25.196+0000] {dag.py:3211} INFO - Sync 2 DAGs
[2024-08-27T14:48:25.211+0000] {logging_mixin.py:190} INFO - [2024-08-27T14:48:25.210+0000] {dag.py:4138} INFO - Setting next_dagrun for example_external_task_marker_child to None, run_after=None
[2024-08-27T14:48:25.214+0000] {logging_mixin.py:190} INFO - [2024-08-27T14:48:25.214+0000] {dag.py:4138} INFO - Setting next_dagrun for example_external_task_marker_parent to None, run_after=None
[2024-08-27T14:48:25.235+0000] {processor.py:208} INFO - Processing /home/ubuntu/myenv/lib/python3.12/site-packages/airflow/example_dags/example_external_task_marker_dag.py took 0.078 seconds
[2024-08-27T14:49:15.578+0000] {processor.py:186} INFO - Started process (PID=6529) to work on /home/ubuntu/myenv/lib/python3.12/site-packages/airflow/example_dags/example_external_task_marker_dag.py
[2024-08-27T14:49:15.580+0000] {processor.py:914} INFO - Processing file /home/ubuntu/myenv/lib/python3.12/site-packages/airflow/example_dags/example_external_task_marker_dag.py for tasks to queue
[2024-08-27T14:49:15.582+0000] {logging_mixin.py:190} INFO - [2024-08-27T14:49:15.581+0000] {dagbag.py:587} INFO - Filling up the DagBag from /home/ubuntu/myenv/lib/python3.12/site-packages/airflow/example_dags/example_external_task_marker_dag.py
[2024-08-27T14:49:15.591+0000] {processor.py:925} INFO - DAG(s) 'example_external_task_marker_parent', 'example_external_task_marker_child' retrieved from /home/ubuntu/myenv/lib/python3.12/site-packages/airflow/example_dags/example_external_task_marker_dag.py
[2024-08-27T14:49:15.612+0000] {logging_mixin.py:190} INFO - [2024-08-27T14:49:15.611+0000] {dag.py:3211} INFO - Sync 2 DAGs
[2024-08-27T14:49:15.627+0000] {logging_mixin.py:190} INFO - [2024-08-27T14:49:15.627+0000] {dag.py:4138} INFO - Setting next_dagrun for example_external_task_marker_child to None, run_after=None
[2024-08-27T14:49:15.631+0000] {logging_mixin.py:190} INFO - [2024-08-27T14:49:15.630+0000] {dag.py:4138} INFO - Setting next_dagrun for example_external_task_marker_parent to None, run_after=None
[2024-08-27T14:49:15.651+0000] {processor.py:208} INFO - Processing /home/ubuntu/myenv/lib/python3.12/site-packages/airflow/example_dags/example_external_task_marker_dag.py took 0.079 seconds
[2024-08-27T16:10:14.378+0000] {processor.py:186} INFO - Started process (PID=7622) to work on /home/ubuntu/myenv/lib/python3.12/site-packages/airflow/example_dags/example_external_task_marker_dag.py
[2024-08-27T16:10:14.380+0000] {processor.py:914} INFO - Processing file /home/ubuntu/myenv/lib/python3.12/site-packages/airflow/example_dags/example_external_task_marker_dag.py for tasks to queue
[2024-08-27T16:10:14.382+0000] {logging_mixin.py:190} INFO - [2024-08-27T16:10:14.381+0000] {dagbag.py:587} INFO - Filling up the DagBag from /home/ubuntu/myenv/lib/python3.12/site-packages/airflow/example_dags/example_external_task_marker_dag.py
[2024-08-27T16:10:14.391+0000] {processor.py:925} INFO - DAG(s) 'example_external_task_marker_parent', 'example_external_task_marker_child' retrieved from /home/ubuntu/myenv/lib/python3.12/site-packages/airflow/example_dags/example_external_task_marker_dag.py
[2024-08-27T16:10:14.414+0000] {logging_mixin.py:190} INFO - [2024-08-27T16:10:14.413+0000] {dag.py:3211} INFO - Sync 2 DAGs
[2024-08-27T16:10:14.428+0000] {logging_mixin.py:190} INFO - [2024-08-27T16:10:14.427+0000] {dag.py:4138} INFO - Setting next_dagrun for example_external_task_marker_child to None, run_after=None
[2024-08-27T16:10:14.431+0000] {logging_mixin.py:190} INFO - [2024-08-27T16:10:14.431+0000] {dag.py:4138} INFO - Setting next_dagrun for example_external_task_marker_parent to None, run_after=None
[2024-08-27T16:10:14.454+0000] {processor.py:208} INFO - Processing /home/ubuntu/myenv/lib/python3.12/site-packages/airflow/example_dags/example_external_task_marker_dag.py took 0.082 seconds
[2024-08-27T16:11:10.110+0000] {processor.py:186} INFO - Started process (PID=7723) to work on /home/ubuntu/myenv/lib/python3.12/site-packages/airflow/example_dags/example_external_task_marker_dag.py
[2024-08-27T16:11:10.111+0000] {processor.py:914} INFO - Processing file /home/ubuntu/myenv/lib/python3.12/site-packages/airflow/example_dags/example_external_task_marker_dag.py for tasks to queue
[2024-08-27T16:11:10.114+0000] {logging_mixin.py:190} INFO - [2024-08-27T16:11:10.113+0000] {dagbag.py:587} INFO - Filling up the DagBag from /home/ubuntu/myenv/lib/python3.12/site-packages/airflow/example_dags/example_external_task_marker_dag.py
[2024-08-27T16:11:10.123+0000] {processor.py:925} INFO - DAG(s) 'example_external_task_marker_parent', 'example_external_task_marker_child' retrieved from /home/ubuntu/myenv/lib/python3.12/site-packages/airflow/example_dags/example_external_task_marker_dag.py
[2024-08-27T16:11:10.145+0000] {logging_mixin.py:190} INFO - [2024-08-27T16:11:10.145+0000] {dag.py:3211} INFO - Sync 2 DAGs
[2024-08-27T16:11:10.160+0000] {logging_mixin.py:190} INFO - [2024-08-27T16:11:10.160+0000] {dag.py:4138} INFO - Setting next_dagrun for example_external_task_marker_child to None, run_after=None
[2024-08-27T16:11:10.164+0000] {logging_mixin.py:190} INFO - [2024-08-27T16:11:10.163+0000] {dag.py:4138} INFO - Setting next_dagrun for example_external_task_marker_parent to None, run_after=None
[2024-08-27T16:11:10.186+0000] {processor.py:208} INFO - Processing /home/ubuntu/myenv/lib/python3.12/site-packages/airflow/example_dags/example_external_task_marker_dag.py took 0.083 seconds
[2024-08-27T16:12:05.557+0000] {processor.py:186} INFO - Started process (PID=7849) to work on /home/ubuntu/myenv/lib/python3.12/site-packages/airflow/example_dags/example_external_task_marker_dag.py
[2024-08-27T16:12:05.559+0000] {processor.py:914} INFO - Processing file /home/ubuntu/myenv/lib/python3.12/site-packages/airflow/example_dags/example_external_task_marker_dag.py for tasks to queue
[2024-08-27T16:12:05.561+0000] {logging_mixin.py:190} INFO - [2024-08-27T16:12:05.561+0000] {dagbag.py:587} INFO - Filling up the DagBag from /home/ubuntu/myenv/lib/python3.12/site-packages/airflow/example_dags/example_external_task_marker_dag.py
[2024-08-27T16:12:05.570+0000] {processor.py:925} INFO - DAG(s) 'example_external_task_marker_parent', 'example_external_task_marker_child' retrieved from /home/ubuntu/myenv/lib/python3.12/site-packages/airflow/example_dags/example_external_task_marker_dag.py
[2024-08-27T16:12:05.591+0000] {logging_mixin.py:190} INFO - [2024-08-27T16:12:05.591+0000] {dag.py:3211} INFO - Sync 2 DAGs
[2024-08-27T16:12:05.606+0000] {logging_mixin.py:190} INFO - [2024-08-27T16:12:05.605+0000] {dag.py:4138} INFO - Setting next_dagrun for example_external_task_marker_child to None, run_after=None
[2024-08-27T16:12:05.609+0000] {logging_mixin.py:190} INFO - [2024-08-27T16:12:05.609+0000] {dag.py:4138} INFO - Setting next_dagrun for example_external_task_marker_parent to None, run_after=None
[2024-08-27T16:12:05.630+0000] {processor.py:208} INFO - Processing /home/ubuntu/myenv/lib/python3.12/site-packages/airflow/example_dags/example_external_task_marker_dag.py took 0.079 seconds
[2024-08-27T16:12:56.374+0000] {processor.py:186} INFO - Started process (PID=7939) to work on /home/ubuntu/myenv/lib/python3.12/site-packages/airflow/example_dags/example_external_task_marker_dag.py
[2024-08-27T16:12:56.375+0000] {processor.py:914} INFO - Processing file /home/ubuntu/myenv/lib/python3.12/site-packages/airflow/example_dags/example_external_task_marker_dag.py for tasks to queue
[2024-08-27T16:12:56.378+0000] {logging_mixin.py:190} INFO - [2024-08-27T16:12:56.377+0000] {dagbag.py:587} INFO - Filling up the DagBag from /home/ubuntu/myenv/lib/python3.12/site-packages/airflow/example_dags/example_external_task_marker_dag.py
[2024-08-27T16:12:56.387+0000] {processor.py:925} INFO - DAG(s) 'example_external_task_marker_parent', 'example_external_task_marker_child' retrieved from /home/ubuntu/myenv/lib/python3.12/site-packages/airflow/example_dags/example_external_task_marker_dag.py
[2024-08-27T16:12:56.407+0000] {logging_mixin.py:190} INFO - [2024-08-27T16:12:56.407+0000] {dag.py:3211} INFO - Sync 2 DAGs
[2024-08-27T16:12:56.421+0000] {logging_mixin.py:190} INFO - [2024-08-27T16:12:56.421+0000] {dag.py:4138} INFO - Setting next_dagrun for example_external_task_marker_child to None, run_after=None
[2024-08-27T16:12:56.424+0000] {logging_mixin.py:190} INFO - [2024-08-27T16:12:56.424+0000] {dag.py:4138} INFO - Setting next_dagrun for example_external_task_marker_parent to None, run_after=None
[2024-08-27T16:12:56.446+0000] {processor.py:208} INFO - Processing /home/ubuntu/myenv/lib/python3.12/site-packages/airflow/example_dags/example_external_task_marker_dag.py took 0.078 seconds
[2024-08-27T16:13:49.349+0000] {processor.py:186} INFO - Started process (PID=8031) to work on /home/ubuntu/myenv/lib/python3.12/site-packages/airflow/example_dags/example_external_task_marker_dag.py
[2024-08-27T16:13:49.351+0000] {processor.py:914} INFO - Processing file /home/ubuntu/myenv/lib/python3.12/site-packages/airflow/example_dags/example_external_task_marker_dag.py for tasks to queue
[2024-08-27T16:13:49.353+0000] {logging_mixin.py:190} INFO - [2024-08-27T16:13:49.352+0000] {dagbag.py:587} INFO - Filling up the DagBag from /home/ubuntu/myenv/lib/python3.12/site-packages/airflow/example_dags/example_external_task_marker_dag.py
[2024-08-27T16:13:49.362+0000] {processor.py:925} INFO - DAG(s) 'example_external_task_marker_parent', 'example_external_task_marker_child' retrieved from /home/ubuntu/myenv/lib/python3.12/site-packages/airflow/example_dags/example_external_task_marker_dag.py
[2024-08-27T16:13:49.383+0000] {logging_mixin.py:190} INFO - [2024-08-27T16:13:49.382+0000] {dag.py:3211} INFO - Sync 2 DAGs
[2024-08-27T16:13:49.397+0000] {logging_mixin.py:190} INFO - [2024-08-27T16:13:49.396+0000] {dag.py:4138} INFO - Setting next_dagrun for example_external_task_marker_child to None, run_after=None
[2024-08-27T16:13:49.400+0000] {logging_mixin.py:190} INFO - [2024-08-27T16:13:49.400+0000] {dag.py:4138} INFO - Setting next_dagrun for example_external_task_marker_parent to None, run_after=None
[2024-08-27T16:13:49.421+0000] {processor.py:208} INFO - Processing /home/ubuntu/myenv/lib/python3.12/site-packages/airflow/example_dags/example_external_task_marker_dag.py took 0.079 seconds
