[2024-08-27T14:34:51.879+0000] {processor.py:186} INFO - Started process (PID=5548) to work on /home/ubuntu/myenv/lib/python3.12/site-packages/airflow/example_dags/example_dataset_alias_with_no_taskflow.py
[2024-08-27T14:34:51.880+0000] {processor.py:914} INFO - Processing file /home/ubuntu/myenv/lib/python3.12/site-packages/airflow/example_dags/example_dataset_alias_with_no_taskflow.py for tasks to queue
[2024-08-27T14:34:51.882+0000] {logging_mixin.py:190} INFO - [2024-08-27T14:34:51.881+0000] {dagbag.py:587} INFO - Filling up the DagBag from /home/ubuntu/myenv/lib/python3.12/site-packages/airflow/example_dags/example_dataset_alias_with_no_taskflow.py
[2024-08-27T14:34:51.901+0000] {processor.py:925} INFO - DAG(s) 'dataset_alias_example_alias_consumer_with_no_taskflow', 'dataset_alias_example_alias_producer_with_no_taskflow', 'dataset_s3_bucket_consumer_with_no_taskflow', 'dataset_s3_bucket_producer_with_no_taskflow' retrieved from /home/ubuntu/myenv/lib/python3.12/site-packages/airflow/example_dags/example_dataset_alias_with_no_taskflow.py
[2024-08-27T14:34:52.011+0000] {logging_mixin.py:190} INFO - [2024-08-27T14:34:52.010+0000] {override.py:1900} INFO - Created Permission View: can delete on DAG:dataset_alias_example_alias_consumer_with_no_taskflow
[2024-08-27T14:34:52.024+0000] {logging_mixin.py:190} INFO - [2024-08-27T14:34:52.024+0000] {override.py:1900} INFO - Created Permission View: can edit on DAG:dataset_alias_example_alias_consumer_with_no_taskflow
[2024-08-27T14:34:52.033+0000] {logging_mixin.py:190} INFO - [2024-08-27T14:34:52.033+0000] {override.py:1900} INFO - Created Permission View: can read on DAG:dataset_alias_example_alias_consumer_with_no_taskflow
[2024-08-27T14:34:52.048+0000] {logging_mixin.py:190} INFO - [2024-08-27T14:34:52.048+0000] {override.py:1900} INFO - Created Permission View: can create on DAG Run:dataset_alias_example_alias_consumer_with_no_taskflow
[2024-08-27T14:34:52.058+0000] {logging_mixin.py:190} INFO - [2024-08-27T14:34:52.058+0000] {override.py:1900} INFO - Created Permission View: menu access on DAG Run:dataset_alias_example_alias_consumer_with_no_taskflow
[2024-08-27T14:34:52.068+0000] {logging_mixin.py:190} INFO - [2024-08-27T14:34:52.068+0000] {override.py:1900} INFO - Created Permission View: can delete on DAG Run:dataset_alias_example_alias_consumer_with_no_taskflow
[2024-08-27T14:34:52.077+0000] {logging_mixin.py:190} INFO - [2024-08-27T14:34:52.077+0000] {override.py:1900} INFO - Created Permission View: can read on DAG Run:dataset_alias_example_alias_consumer_with_no_taskflow
[2024-08-27T14:34:52.100+0000] {logging_mixin.py:190} INFO - [2024-08-27T14:34:52.100+0000] {override.py:1900} INFO - Created Permission View: can delete on DAG:dataset_alias_example_alias_producer_with_no_taskflow
[2024-08-27T14:34:52.110+0000] {logging_mixin.py:190} INFO - [2024-08-27T14:34:52.109+0000] {override.py:1900} INFO - Created Permission View: can edit on DAG:dataset_alias_example_alias_producer_with_no_taskflow
[2024-08-27T14:34:52.119+0000] {logging_mixin.py:190} INFO - [2024-08-27T14:34:52.119+0000] {override.py:1900} INFO - Created Permission View: can read on DAG:dataset_alias_example_alias_producer_with_no_taskflow
[2024-08-27T14:34:52.134+0000] {logging_mixin.py:190} INFO - [2024-08-27T14:34:52.134+0000] {override.py:1900} INFO - Created Permission View: can create on DAG Run:dataset_alias_example_alias_producer_with_no_taskflow
[2024-08-27T14:34:52.144+0000] {logging_mixin.py:190} INFO - [2024-08-27T14:34:52.143+0000] {override.py:1900} INFO - Created Permission View: menu access on DAG Run:dataset_alias_example_alias_producer_with_no_taskflow
[2024-08-27T14:34:52.153+0000] {logging_mixin.py:190} INFO - [2024-08-27T14:34:52.153+0000] {override.py:1900} INFO - Created Permission View: can delete on DAG Run:dataset_alias_example_alias_producer_with_no_taskflow
[2024-08-27T14:34:52.163+0000] {logging_mixin.py:190} INFO - [2024-08-27T14:34:52.162+0000] {override.py:1900} INFO - Created Permission View: can read on DAG Run:dataset_alias_example_alias_producer_with_no_taskflow
[2024-08-27T14:34:52.183+0000] {logging_mixin.py:190} INFO - [2024-08-27T14:34:52.183+0000] {override.py:1900} INFO - Created Permission View: can delete on DAG:dataset_s3_bucket_consumer_with_no_taskflow
[2024-08-27T14:34:52.192+0000] {logging_mixin.py:190} INFO - [2024-08-27T14:34:52.192+0000] {override.py:1900} INFO - Created Permission View: can edit on DAG:dataset_s3_bucket_consumer_with_no_taskflow
[2024-08-27T14:34:52.201+0000] {logging_mixin.py:190} INFO - [2024-08-27T14:34:52.200+0000] {override.py:1900} INFO - Created Permission View: can read on DAG:dataset_s3_bucket_consumer_with_no_taskflow
[2024-08-27T14:34:52.216+0000] {logging_mixin.py:190} INFO - [2024-08-27T14:34:52.216+0000] {override.py:1900} INFO - Created Permission View: can create on DAG Run:dataset_s3_bucket_consumer_with_no_taskflow
[2024-08-27T14:34:52.226+0000] {logging_mixin.py:190} INFO - [2024-08-27T14:34:52.225+0000] {override.py:1900} INFO - Created Permission View: menu access on DAG Run:dataset_s3_bucket_consumer_with_no_taskflow
[2024-08-27T14:34:52.235+0000] {logging_mixin.py:190} INFO - [2024-08-27T14:34:52.235+0000] {override.py:1900} INFO - Created Permission View: can delete on DAG Run:dataset_s3_bucket_consumer_with_no_taskflow
[2024-08-27T14:34:52.245+0000] {logging_mixin.py:190} INFO - [2024-08-27T14:34:52.244+0000] {override.py:1900} INFO - Created Permission View: can read on DAG Run:dataset_s3_bucket_consumer_with_no_taskflow
[2024-08-27T14:34:52.265+0000] {logging_mixin.py:190} INFO - [2024-08-27T14:34:52.265+0000] {override.py:1900} INFO - Created Permission View: can delete on DAG:dataset_s3_bucket_producer_with_no_taskflow
[2024-08-27T14:34:52.275+0000] {logging_mixin.py:190} INFO - [2024-08-27T14:34:52.274+0000] {override.py:1900} INFO - Created Permission View: can edit on DAG:dataset_s3_bucket_producer_with_no_taskflow
[2024-08-27T14:34:52.283+0000] {logging_mixin.py:190} INFO - [2024-08-27T14:34:52.283+0000] {override.py:1900} INFO - Created Permission View: can read on DAG:dataset_s3_bucket_producer_with_no_taskflow
[2024-08-27T14:34:52.298+0000] {logging_mixin.py:190} INFO - [2024-08-27T14:34:52.298+0000] {override.py:1900} INFO - Created Permission View: can create on DAG Run:dataset_s3_bucket_producer_with_no_taskflow
[2024-08-27T14:34:52.307+0000] {logging_mixin.py:190} INFO - [2024-08-27T14:34:52.307+0000] {override.py:1900} INFO - Created Permission View: menu access on DAG Run:dataset_s3_bucket_producer_with_no_taskflow
[2024-08-27T14:34:52.316+0000] {logging_mixin.py:190} INFO - [2024-08-27T14:34:52.316+0000] {override.py:1900} INFO - Created Permission View: can delete on DAG Run:dataset_s3_bucket_producer_with_no_taskflow
[2024-08-27T14:34:52.326+0000] {logging_mixin.py:190} INFO - [2024-08-27T14:34:52.326+0000] {override.py:1900} INFO - Created Permission View: can read on DAG Run:dataset_s3_bucket_producer_with_no_taskflow
[2024-08-27T14:34:52.326+0000] {logging_mixin.py:190} INFO - [2024-08-27T14:34:52.326+0000] {dag.py:3211} INFO - Sync 4 DAGs
[2024-08-27T14:34:52.338+0000] {logging_mixin.py:190} INFO - [2024-08-27T14:34:52.338+0000] {dag.py:3234} INFO - Creating ORM DAG for dataset_s3_bucket_consumer_with_no_taskflow
[2024-08-27T14:34:52.339+0000] {logging_mixin.py:190} INFO - [2024-08-27T14:34:52.339+0000] {dag.py:3234} INFO - Creating ORM DAG for dataset_s3_bucket_producer_with_no_taskflow
[2024-08-27T14:34:52.340+0000] {logging_mixin.py:190} INFO - [2024-08-27T14:34:52.339+0000] {dag.py:3234} INFO - Creating ORM DAG for dataset_alias_example_alias_producer_with_no_taskflow
[2024-08-27T14:34:52.340+0000] {logging_mixin.py:190} INFO - [2024-08-27T14:34:52.340+0000] {dag.py:3234} INFO - Creating ORM DAG for dataset_alias_example_alias_consumer_with_no_taskflow
[2024-08-27T14:34:52.348+0000] {logging_mixin.py:190} INFO - [2024-08-27T14:34:52.348+0000] {dag.py:4138} INFO - Setting next_dagrun for dataset_alias_example_alias_consumer_with_no_taskflow to None, run_after=None
[2024-08-27T14:34:52.349+0000] {logging_mixin.py:190} INFO - [2024-08-27T14:34:52.349+0000] {dag.py:4138} INFO - Setting next_dagrun for dataset_alias_example_alias_producer_with_no_taskflow to None, run_after=None
[2024-08-27T14:34:52.349+0000] {logging_mixin.py:190} INFO - [2024-08-27T14:34:52.349+0000] {dag.py:4138} INFO - Setting next_dagrun for dataset_s3_bucket_consumer_with_no_taskflow to None, run_after=None
[2024-08-27T14:34:52.350+0000] {logging_mixin.py:190} INFO - [2024-08-27T14:34:52.350+0000] {dag.py:4138} INFO - Setting next_dagrun for dataset_s3_bucket_producer_with_no_taskflow to None, run_after=None
[2024-08-27T14:34:52.379+0000] {processor.py:208} INFO - Processing /home/ubuntu/myenv/lib/python3.12/site-packages/airflow/example_dags/example_dataset_alias_with_no_taskflow.py took 0.505 seconds
[2024-08-27T14:35:55.477+0000] {processor.py:186} INFO - Started process (PID=5622) to work on /home/ubuntu/myenv/lib/python3.12/site-packages/airflow/example_dags/example_dataset_alias_with_no_taskflow.py
[2024-08-27T14:35:55.479+0000] {processor.py:914} INFO - Processing file /home/ubuntu/myenv/lib/python3.12/site-packages/airflow/example_dags/example_dataset_alias_with_no_taskflow.py for tasks to queue
[2024-08-27T14:35:55.481+0000] {logging_mixin.py:190} INFO - [2024-08-27T14:35:55.481+0000] {dagbag.py:587} INFO - Filling up the DagBag from /home/ubuntu/myenv/lib/python3.12/site-packages/airflow/example_dags/example_dataset_alias_with_no_taskflow.py
[2024-08-27T14:35:55.508+0000] {processor.py:925} INFO - DAG(s) 'dataset_alias_example_alias_consumer_with_no_taskflow', 'dataset_s3_bucket_producer_with_no_taskflow', 'dataset_alias_example_alias_producer_with_no_taskflow', 'dataset_s3_bucket_consumer_with_no_taskflow' retrieved from /home/ubuntu/myenv/lib/python3.12/site-packages/airflow/example_dags/example_dataset_alias_with_no_taskflow.py
[2024-08-27T14:35:55.531+0000] {logging_mixin.py:190} INFO - [2024-08-27T14:35:55.531+0000] {dag.py:3211} INFO - Sync 4 DAGs
[2024-08-27T14:35:55.554+0000] {logging_mixin.py:190} INFO - [2024-08-27T14:35:55.554+0000] {dag.py:4138} INFO - Setting next_dagrun for dataset_alias_example_alias_consumer_with_no_taskflow to None, run_after=None
[2024-08-27T14:35:55.556+0000] {logging_mixin.py:190} INFO - [2024-08-27T14:35:55.556+0000] {dag.py:4138} INFO - Setting next_dagrun for dataset_alias_example_alias_producer_with_no_taskflow to None, run_after=None
[2024-08-27T14:35:55.557+0000] {logging_mixin.py:190} INFO - [2024-08-27T14:35:55.557+0000] {dag.py:4138} INFO - Setting next_dagrun for dataset_s3_bucket_consumer_with_no_taskflow to None, run_after=None
[2024-08-27T14:35:55.558+0000] {logging_mixin.py:190} INFO - [2024-08-27T14:35:55.558+0000] {dag.py:4138} INFO - Setting next_dagrun for dataset_s3_bucket_producer_with_no_taskflow to None, run_after=None
[2024-08-27T14:35:55.584+0000] {processor.py:208} INFO - Processing /home/ubuntu/myenv/lib/python3.12/site-packages/airflow/example_dags/example_dataset_alias_with_no_taskflow.py took 0.113 seconds
[2024-08-27T14:36:48.496+0000] {processor.py:186} INFO - Started process (PID=5693) to work on /home/ubuntu/myenv/lib/python3.12/site-packages/airflow/example_dags/example_dataset_alias_with_no_taskflow.py
[2024-08-27T14:36:48.498+0000] {processor.py:914} INFO - Processing file /home/ubuntu/myenv/lib/python3.12/site-packages/airflow/example_dags/example_dataset_alias_with_no_taskflow.py for tasks to queue
[2024-08-27T14:36:48.500+0000] {logging_mixin.py:190} INFO - [2024-08-27T14:36:48.499+0000] {dagbag.py:587} INFO - Filling up the DagBag from /home/ubuntu/myenv/lib/python3.12/site-packages/airflow/example_dags/example_dataset_alias_with_no_taskflow.py
[2024-08-27T14:36:48.524+0000] {processor.py:925} INFO - DAG(s) 'dataset_alias_example_alias_consumer_with_no_taskflow', 'dataset_alias_example_alias_producer_with_no_taskflow', 'dataset_s3_bucket_consumer_with_no_taskflow', 'dataset_s3_bucket_producer_with_no_taskflow' retrieved from /home/ubuntu/myenv/lib/python3.12/site-packages/airflow/example_dags/example_dataset_alias_with_no_taskflow.py
[2024-08-27T14:36:48.545+0000] {logging_mixin.py:190} INFO - [2024-08-27T14:36:48.544+0000] {dag.py:3211} INFO - Sync 4 DAGs
[2024-08-27T14:36:48.565+0000] {logging_mixin.py:190} INFO - [2024-08-27T14:36:48.565+0000] {dag.py:4138} INFO - Setting next_dagrun for dataset_alias_example_alias_consumer_with_no_taskflow to None, run_after=None
[2024-08-27T14:36:48.567+0000] {logging_mixin.py:190} INFO - [2024-08-27T14:36:48.567+0000] {dag.py:4138} INFO - Setting next_dagrun for dataset_alias_example_alias_producer_with_no_taskflow to None, run_after=None
[2024-08-27T14:36:48.568+0000] {logging_mixin.py:190} INFO - [2024-08-27T14:36:48.568+0000] {dag.py:4138} INFO - Setting next_dagrun for dataset_s3_bucket_consumer_with_no_taskflow to None, run_after=None
[2024-08-27T14:36:48.569+0000] {logging_mixin.py:190} INFO - [2024-08-27T14:36:48.569+0000] {dag.py:4138} INFO - Setting next_dagrun for dataset_s3_bucket_producer_with_no_taskflow to None, run_after=None
[2024-08-27T14:36:48.592+0000] {processor.py:208} INFO - Processing /home/ubuntu/myenv/lib/python3.12/site-packages/airflow/example_dags/example_dataset_alias_with_no_taskflow.py took 0.102 seconds
[2024-08-27T14:37:43.829+0000] {processor.py:186} INFO - Started process (PID=5769) to work on /home/ubuntu/myenv/lib/python3.12/site-packages/airflow/example_dags/example_dataset_alias_with_no_taskflow.py
[2024-08-27T14:37:43.831+0000] {processor.py:914} INFO - Processing file /home/ubuntu/myenv/lib/python3.12/site-packages/airflow/example_dags/example_dataset_alias_with_no_taskflow.py for tasks to queue
[2024-08-27T14:37:43.833+0000] {logging_mixin.py:190} INFO - [2024-08-27T14:37:43.832+0000] {dagbag.py:587} INFO - Filling up the DagBag from /home/ubuntu/myenv/lib/python3.12/site-packages/airflow/example_dags/example_dataset_alias_with_no_taskflow.py
[2024-08-27T14:37:43.857+0000] {processor.py:925} INFO - DAG(s) 'dataset_s3_bucket_consumer_with_no_taskflow', 'dataset_s3_bucket_producer_with_no_taskflow', 'dataset_alias_example_alias_producer_with_no_taskflow', 'dataset_alias_example_alias_consumer_with_no_taskflow' retrieved from /home/ubuntu/myenv/lib/python3.12/site-packages/airflow/example_dags/example_dataset_alias_with_no_taskflow.py
[2024-08-27T14:37:43.877+0000] {logging_mixin.py:190} INFO - [2024-08-27T14:37:43.877+0000] {dag.py:3211} INFO - Sync 4 DAGs
[2024-08-27T14:37:43.897+0000] {logging_mixin.py:190} INFO - [2024-08-27T14:37:43.897+0000] {dag.py:4138} INFO - Setting next_dagrun for dataset_alias_example_alias_consumer_with_no_taskflow to None, run_after=None
[2024-08-27T14:37:43.899+0000] {logging_mixin.py:190} INFO - [2024-08-27T14:37:43.899+0000] {dag.py:4138} INFO - Setting next_dagrun for dataset_alias_example_alias_producer_with_no_taskflow to None, run_after=None
[2024-08-27T14:37:43.900+0000] {logging_mixin.py:190} INFO - [2024-08-27T14:37:43.900+0000] {dag.py:4138} INFO - Setting next_dagrun for dataset_s3_bucket_consumer_with_no_taskflow to None, run_after=None
[2024-08-27T14:37:43.901+0000] {logging_mixin.py:190} INFO - [2024-08-27T14:37:43.901+0000] {dag.py:4138} INFO - Setting next_dagrun for dataset_s3_bucket_producer_with_no_taskflow to None, run_after=None
[2024-08-27T14:37:43.925+0000] {processor.py:208} INFO - Processing /home/ubuntu/myenv/lib/python3.12/site-packages/airflow/example_dags/example_dataset_alias_with_no_taskflow.py took 0.102 seconds
[2024-08-27T14:39:05.120+0000] {processor.py:186} INFO - Started process (PID=5870) to work on /home/ubuntu/myenv/lib/python3.12/site-packages/airflow/example_dags/example_dataset_alias_with_no_taskflow.py
[2024-08-27T14:39:05.122+0000] {processor.py:914} INFO - Processing file /home/ubuntu/myenv/lib/python3.12/site-packages/airflow/example_dags/example_dataset_alias_with_no_taskflow.py for tasks to queue
[2024-08-27T14:39:05.124+0000] {logging_mixin.py:190} INFO - [2024-08-27T14:39:05.123+0000] {dagbag.py:587} INFO - Filling up the DagBag from /home/ubuntu/myenv/lib/python3.12/site-packages/airflow/example_dags/example_dataset_alias_with_no_taskflow.py
[2024-08-27T14:39:05.149+0000] {processor.py:925} INFO - DAG(s) 'dataset_s3_bucket_consumer_with_no_taskflow', 'dataset_alias_example_alias_producer_with_no_taskflow', 'dataset_alias_example_alias_consumer_with_no_taskflow', 'dataset_s3_bucket_producer_with_no_taskflow' retrieved from /home/ubuntu/myenv/lib/python3.12/site-packages/airflow/example_dags/example_dataset_alias_with_no_taskflow.py
[2024-08-27T14:39:05.306+0000] {logging_mixin.py:190} INFO - [2024-08-27T14:39:05.306+0000] {dag.py:3211} INFO - Sync 4 DAGs
[2024-08-27T14:39:05.325+0000] {logging_mixin.py:190} INFO - [2024-08-27T14:39:05.325+0000] {dag.py:4138} INFO - Setting next_dagrun for dataset_alias_example_alias_consumer_with_no_taskflow to None, run_after=None
[2024-08-27T14:39:05.327+0000] {logging_mixin.py:190} INFO - [2024-08-27T14:39:05.327+0000] {dag.py:4138} INFO - Setting next_dagrun for dataset_alias_example_alias_producer_with_no_taskflow to None, run_after=None
[2024-08-27T14:39:05.328+0000] {logging_mixin.py:190} INFO - [2024-08-27T14:39:05.328+0000] {dag.py:4138} INFO - Setting next_dagrun for dataset_s3_bucket_consumer_with_no_taskflow to None, run_after=None
[2024-08-27T14:39:05.329+0000] {logging_mixin.py:190} INFO - [2024-08-27T14:39:05.329+0000] {dag.py:4138} INFO - Setting next_dagrun for dataset_s3_bucket_producer_with_no_taskflow to None, run_after=None
[2024-08-27T14:39:05.353+0000] {processor.py:208} INFO - Processing /home/ubuntu/myenv/lib/python3.12/site-packages/airflow/example_dags/example_dataset_alias_with_no_taskflow.py took 0.239 seconds
[2024-08-27T14:40:01.704+0000] {processor.py:186} INFO - Started process (PID=5946) to work on /home/ubuntu/myenv/lib/python3.12/site-packages/airflow/example_dags/example_dataset_alias_with_no_taskflow.py
[2024-08-27T14:40:01.708+0000] {processor.py:914} INFO - Processing file /home/ubuntu/myenv/lib/python3.12/site-packages/airflow/example_dags/example_dataset_alias_with_no_taskflow.py for tasks to queue
[2024-08-27T14:40:01.710+0000] {logging_mixin.py:190} INFO - [2024-08-27T14:40:01.710+0000] {dagbag.py:587} INFO - Filling up the DagBag from /home/ubuntu/myenv/lib/python3.12/site-packages/airflow/example_dags/example_dataset_alias_with_no_taskflow.py
[2024-08-27T14:40:01.736+0000] {processor.py:925} INFO - DAG(s) 'dataset_s3_bucket_consumer_with_no_taskflow', 'dataset_alias_example_alias_consumer_with_no_taskflow', 'dataset_alias_example_alias_producer_with_no_taskflow', 'dataset_s3_bucket_producer_with_no_taskflow' retrieved from /home/ubuntu/myenv/lib/python3.12/site-packages/airflow/example_dags/example_dataset_alias_with_no_taskflow.py
[2024-08-27T14:40:01.759+0000] {logging_mixin.py:190} INFO - [2024-08-27T14:40:01.759+0000] {dag.py:3211} INFO - Sync 4 DAGs
[2024-08-27T14:40:01.782+0000] {logging_mixin.py:190} INFO - [2024-08-27T14:40:01.781+0000] {dag.py:4138} INFO - Setting next_dagrun for dataset_alias_example_alias_consumer_with_no_taskflow to None, run_after=None
[2024-08-27T14:40:01.784+0000] {logging_mixin.py:190} INFO - [2024-08-27T14:40:01.784+0000] {dag.py:4138} INFO - Setting next_dagrun for dataset_alias_example_alias_producer_with_no_taskflow to None, run_after=None
[2024-08-27T14:40:01.785+0000] {logging_mixin.py:190} INFO - [2024-08-27T14:40:01.785+0000] {dag.py:4138} INFO - Setting next_dagrun for dataset_s3_bucket_consumer_with_no_taskflow to None, run_after=None
[2024-08-27T14:40:01.786+0000] {logging_mixin.py:190} INFO - [2024-08-27T14:40:01.786+0000] {dag.py:4138} INFO - Setting next_dagrun for dataset_s3_bucket_producer_with_no_taskflow to None, run_after=None
[2024-08-27T14:40:01.812+0000] {processor.py:208} INFO - Processing /home/ubuntu/myenv/lib/python3.12/site-packages/airflow/example_dags/example_dataset_alias_with_no_taskflow.py took 0.114 seconds
[2024-08-27T14:40:52.388+0000] {processor.py:186} INFO - Started process (PID=6000) to work on /home/ubuntu/myenv/lib/python3.12/site-packages/airflow/example_dags/example_dataset_alias_with_no_taskflow.py
[2024-08-27T14:40:52.390+0000] {processor.py:914} INFO - Processing file /home/ubuntu/myenv/lib/python3.12/site-packages/airflow/example_dags/example_dataset_alias_with_no_taskflow.py for tasks to queue
[2024-08-27T14:40:52.392+0000] {logging_mixin.py:190} INFO - [2024-08-27T14:40:52.392+0000] {dagbag.py:587} INFO - Filling up the DagBag from /home/ubuntu/myenv/lib/python3.12/site-packages/airflow/example_dags/example_dataset_alias_with_no_taskflow.py
[2024-08-27T14:40:52.417+0000] {processor.py:925} INFO - DAG(s) 'dataset_alias_example_alias_producer_with_no_taskflow', 'dataset_alias_example_alias_consumer_with_no_taskflow', 'dataset_s3_bucket_producer_with_no_taskflow', 'dataset_s3_bucket_consumer_with_no_taskflow' retrieved from /home/ubuntu/myenv/lib/python3.12/site-packages/airflow/example_dags/example_dataset_alias_with_no_taskflow.py
[2024-08-27T14:40:52.438+0000] {logging_mixin.py:190} INFO - [2024-08-27T14:40:52.438+0000] {dag.py:3211} INFO - Sync 4 DAGs
[2024-08-27T14:40:52.460+0000] {logging_mixin.py:190} INFO - [2024-08-27T14:40:52.459+0000] {dag.py:4138} INFO - Setting next_dagrun for dataset_alias_example_alias_consumer_with_no_taskflow to None, run_after=None
[2024-08-27T14:40:52.462+0000] {logging_mixin.py:190} INFO - [2024-08-27T14:40:52.462+0000] {dag.py:4138} INFO - Setting next_dagrun for dataset_alias_example_alias_producer_with_no_taskflow to None, run_after=None
[2024-08-27T14:40:52.463+0000] {logging_mixin.py:190} INFO - [2024-08-27T14:40:52.463+0000] {dag.py:4138} INFO - Setting next_dagrun for dataset_s3_bucket_consumer_with_no_taskflow to None, run_after=None
[2024-08-27T14:40:52.464+0000] {logging_mixin.py:190} INFO - [2024-08-27T14:40:52.464+0000] {dag.py:4138} INFO - Setting next_dagrun for dataset_s3_bucket_producer_with_no_taskflow to None, run_after=None
[2024-08-27T14:40:52.488+0000] {processor.py:208} INFO - Processing /home/ubuntu/myenv/lib/python3.12/site-packages/airflow/example_dags/example_dataset_alias_with_no_taskflow.py took 0.106 seconds
[2024-08-27T14:41:45.664+0000] {processor.py:186} INFO - Started process (PID=6055) to work on /home/ubuntu/myenv/lib/python3.12/site-packages/airflow/example_dags/example_dataset_alias_with_no_taskflow.py
[2024-08-27T14:41:45.666+0000] {processor.py:914} INFO - Processing file /home/ubuntu/myenv/lib/python3.12/site-packages/airflow/example_dags/example_dataset_alias_with_no_taskflow.py for tasks to queue
[2024-08-27T14:41:45.668+0000] {logging_mixin.py:190} INFO - [2024-08-27T14:41:45.668+0000] {dagbag.py:587} INFO - Filling up the DagBag from /home/ubuntu/myenv/lib/python3.12/site-packages/airflow/example_dags/example_dataset_alias_with_no_taskflow.py
[2024-08-27T14:41:45.695+0000] {processor.py:925} INFO - DAG(s) 'dataset_s3_bucket_consumer_with_no_taskflow', 'dataset_alias_example_alias_producer_with_no_taskflow', 'dataset_alias_example_alias_consumer_with_no_taskflow', 'dataset_s3_bucket_producer_with_no_taskflow' retrieved from /home/ubuntu/myenv/lib/python3.12/site-packages/airflow/example_dags/example_dataset_alias_with_no_taskflow.py
[2024-08-27T14:41:45.716+0000] {logging_mixin.py:190} INFO - [2024-08-27T14:41:45.716+0000] {dag.py:3211} INFO - Sync 4 DAGs
[2024-08-27T14:41:45.740+0000] {logging_mixin.py:190} INFO - [2024-08-27T14:41:45.740+0000] {dag.py:4138} INFO - Setting next_dagrun for dataset_alias_example_alias_consumer_with_no_taskflow to None, run_after=None
[2024-08-27T14:41:45.743+0000] {logging_mixin.py:190} INFO - [2024-08-27T14:41:45.742+0000] {dag.py:4138} INFO - Setting next_dagrun for dataset_alias_example_alias_producer_with_no_taskflow to None, run_after=None
[2024-08-27T14:41:45.744+0000] {logging_mixin.py:190} INFO - [2024-08-27T14:41:45.743+0000] {dag.py:4138} INFO - Setting next_dagrun for dataset_s3_bucket_consumer_with_no_taskflow to None, run_after=None
[2024-08-27T14:41:45.745+0000] {logging_mixin.py:190} INFO - [2024-08-27T14:41:45.744+0000] {dag.py:4138} INFO - Setting next_dagrun for dataset_s3_bucket_producer_with_no_taskflow to None, run_after=None
[2024-08-27T14:41:45.770+0000] {processor.py:208} INFO - Processing /home/ubuntu/myenv/lib/python3.12/site-packages/airflow/example_dags/example_dataset_alias_with_no_taskflow.py took 0.112 seconds
[2024-08-27T14:42:36.093+0000] {processor.py:186} INFO - Started process (PID=6107) to work on /home/ubuntu/myenv/lib/python3.12/site-packages/airflow/example_dags/example_dataset_alias_with_no_taskflow.py
[2024-08-27T14:42:36.095+0000] {processor.py:914} INFO - Processing file /home/ubuntu/myenv/lib/python3.12/site-packages/airflow/example_dags/example_dataset_alias_with_no_taskflow.py for tasks to queue
[2024-08-27T14:42:36.097+0000] {logging_mixin.py:190} INFO - [2024-08-27T14:42:36.097+0000] {dagbag.py:587} INFO - Filling up the DagBag from /home/ubuntu/myenv/lib/python3.12/site-packages/airflow/example_dags/example_dataset_alias_with_no_taskflow.py
[2024-08-27T14:42:36.124+0000] {processor.py:925} INFO - DAG(s) 'dataset_s3_bucket_producer_with_no_taskflow', 'dataset_alias_example_alias_producer_with_no_taskflow', 'dataset_s3_bucket_consumer_with_no_taskflow', 'dataset_alias_example_alias_consumer_with_no_taskflow' retrieved from /home/ubuntu/myenv/lib/python3.12/site-packages/airflow/example_dags/example_dataset_alias_with_no_taskflow.py
[2024-08-27T14:42:36.147+0000] {logging_mixin.py:190} INFO - [2024-08-27T14:42:36.147+0000] {dag.py:3211} INFO - Sync 4 DAGs
[2024-08-27T14:42:36.170+0000] {logging_mixin.py:190} INFO - [2024-08-27T14:42:36.170+0000] {dag.py:4138} INFO - Setting next_dagrun for dataset_alias_example_alias_consumer_with_no_taskflow to None, run_after=None
[2024-08-27T14:42:36.173+0000] {logging_mixin.py:190} INFO - [2024-08-27T14:42:36.172+0000] {dag.py:4138} INFO - Setting next_dagrun for dataset_alias_example_alias_producer_with_no_taskflow to None, run_after=None
[2024-08-27T14:42:36.174+0000] {logging_mixin.py:190} INFO - [2024-08-27T14:42:36.173+0000] {dag.py:4138} INFO - Setting next_dagrun for dataset_s3_bucket_consumer_with_no_taskflow to None, run_after=None
[2024-08-27T14:42:36.175+0000] {logging_mixin.py:190} INFO - [2024-08-27T14:42:36.174+0000] {dag.py:4138} INFO - Setting next_dagrun for dataset_s3_bucket_producer_with_no_taskflow to None, run_after=None
[2024-08-27T14:42:36.200+0000] {processor.py:208} INFO - Processing /home/ubuntu/myenv/lib/python3.12/site-packages/airflow/example_dags/example_dataset_alias_with_no_taskflow.py took 0.113 seconds
[2024-08-27T14:43:27.752+0000] {processor.py:186} INFO - Started process (PID=6158) to work on /home/ubuntu/myenv/lib/python3.12/site-packages/airflow/example_dags/example_dataset_alias_with_no_taskflow.py
[2024-08-27T14:43:27.754+0000] {processor.py:914} INFO - Processing file /home/ubuntu/myenv/lib/python3.12/site-packages/airflow/example_dags/example_dataset_alias_with_no_taskflow.py for tasks to queue
[2024-08-27T14:43:27.756+0000] {logging_mixin.py:190} INFO - [2024-08-27T14:43:27.756+0000] {dagbag.py:587} INFO - Filling up the DagBag from /home/ubuntu/myenv/lib/python3.12/site-packages/airflow/example_dags/example_dataset_alias_with_no_taskflow.py
[2024-08-27T14:43:27.783+0000] {processor.py:925} INFO - DAG(s) 'dataset_s3_bucket_producer_with_no_taskflow', 'dataset_s3_bucket_consumer_with_no_taskflow', 'dataset_alias_example_alias_producer_with_no_taskflow', 'dataset_alias_example_alias_consumer_with_no_taskflow' retrieved from /home/ubuntu/myenv/lib/python3.12/site-packages/airflow/example_dags/example_dataset_alias_with_no_taskflow.py
[2024-08-27T14:43:27.806+0000] {logging_mixin.py:190} INFO - [2024-08-27T14:43:27.806+0000] {dag.py:3211} INFO - Sync 4 DAGs
[2024-08-27T14:43:27.829+0000] {logging_mixin.py:190} INFO - [2024-08-27T14:43:27.829+0000] {dag.py:4138} INFO - Setting next_dagrun for dataset_alias_example_alias_consumer_with_no_taskflow to None, run_after=None
[2024-08-27T14:43:27.832+0000] {logging_mixin.py:190} INFO - [2024-08-27T14:43:27.831+0000] {dag.py:4138} INFO - Setting next_dagrun for dataset_alias_example_alias_producer_with_no_taskflow to None, run_after=None
[2024-08-27T14:43:27.833+0000] {logging_mixin.py:190} INFO - [2024-08-27T14:43:27.832+0000] {dag.py:4138} INFO - Setting next_dagrun for dataset_s3_bucket_consumer_with_no_taskflow to None, run_after=None
[2024-08-27T14:43:27.834+0000] {logging_mixin.py:190} INFO - [2024-08-27T14:43:27.833+0000] {dag.py:4138} INFO - Setting next_dagrun for dataset_s3_bucket_producer_with_no_taskflow to None, run_after=None
[2024-08-27T14:43:27.859+0000] {processor.py:208} INFO - Processing /home/ubuntu/myenv/lib/python3.12/site-packages/airflow/example_dags/example_dataset_alias_with_no_taskflow.py took 0.114 seconds
[2024-08-27T14:44:18.988+0000] {processor.py:186} INFO - Started process (PID=6212) to work on /home/ubuntu/myenv/lib/python3.12/site-packages/airflow/example_dags/example_dataset_alias_with_no_taskflow.py
[2024-08-27T14:44:18.990+0000] {processor.py:914} INFO - Processing file /home/ubuntu/myenv/lib/python3.12/site-packages/airflow/example_dags/example_dataset_alias_with_no_taskflow.py for tasks to queue
[2024-08-27T14:44:18.992+0000] {logging_mixin.py:190} INFO - [2024-08-27T14:44:18.992+0000] {dagbag.py:587} INFO - Filling up the DagBag from /home/ubuntu/myenv/lib/python3.12/site-packages/airflow/example_dags/example_dataset_alias_with_no_taskflow.py
[2024-08-27T14:44:19.018+0000] {processor.py:925} INFO - DAG(s) 'dataset_alias_example_alias_consumer_with_no_taskflow', 'dataset_s3_bucket_producer_with_no_taskflow', 'dataset_s3_bucket_consumer_with_no_taskflow', 'dataset_alias_example_alias_producer_with_no_taskflow' retrieved from /home/ubuntu/myenv/lib/python3.12/site-packages/airflow/example_dags/example_dataset_alias_with_no_taskflow.py
[2024-08-27T14:44:19.039+0000] {logging_mixin.py:190} INFO - [2024-08-27T14:44:19.039+0000] {dag.py:3211} INFO - Sync 4 DAGs
[2024-08-27T14:44:19.061+0000] {logging_mixin.py:190} INFO - [2024-08-27T14:44:19.061+0000] {dag.py:4138} INFO - Setting next_dagrun for dataset_alias_example_alias_consumer_with_no_taskflow to None, run_after=None
[2024-08-27T14:44:19.063+0000] {logging_mixin.py:190} INFO - [2024-08-27T14:44:19.063+0000] {dag.py:4138} INFO - Setting next_dagrun for dataset_alias_example_alias_producer_with_no_taskflow to None, run_after=None
[2024-08-27T14:44:19.065+0000] {logging_mixin.py:190} INFO - [2024-08-27T14:44:19.064+0000] {dag.py:4138} INFO - Setting next_dagrun for dataset_s3_bucket_consumer_with_no_taskflow to None, run_after=None
[2024-08-27T14:44:19.066+0000] {logging_mixin.py:190} INFO - [2024-08-27T14:44:19.065+0000] {dag.py:4138} INFO - Setting next_dagrun for dataset_s3_bucket_producer_with_no_taskflow to None, run_after=None
[2024-08-27T14:44:19.090+0000] {processor.py:208} INFO - Processing /home/ubuntu/myenv/lib/python3.12/site-packages/airflow/example_dags/example_dataset_alias_with_no_taskflow.py took 0.108 seconds
[2024-08-27T14:45:33.469+0000] {processor.py:186} INFO - Started process (PID=6292) to work on /home/ubuntu/myenv/lib/python3.12/site-packages/airflow/example_dags/example_dataset_alias_with_no_taskflow.py
[2024-08-27T14:45:33.471+0000] {processor.py:914} INFO - Processing file /home/ubuntu/myenv/lib/python3.12/site-packages/airflow/example_dags/example_dataset_alias_with_no_taskflow.py for tasks to queue
[2024-08-27T14:45:33.473+0000] {logging_mixin.py:190} INFO - [2024-08-27T14:45:33.473+0000] {dagbag.py:587} INFO - Filling up the DagBag from /home/ubuntu/myenv/lib/python3.12/site-packages/airflow/example_dags/example_dataset_alias_with_no_taskflow.py
[2024-08-27T14:45:33.498+0000] {processor.py:925} INFO - DAG(s) 'dataset_alias_example_alias_consumer_with_no_taskflow', 'dataset_s3_bucket_consumer_with_no_taskflow', 'dataset_alias_example_alias_producer_with_no_taskflow', 'dataset_s3_bucket_producer_with_no_taskflow' retrieved from /home/ubuntu/myenv/lib/python3.12/site-packages/airflow/example_dags/example_dataset_alias_with_no_taskflow.py
[2024-08-27T14:45:33.520+0000] {logging_mixin.py:190} INFO - [2024-08-27T14:45:33.519+0000] {dag.py:3211} INFO - Sync 4 DAGs
[2024-08-27T14:45:33.542+0000] {logging_mixin.py:190} INFO - [2024-08-27T14:45:33.541+0000] {dag.py:4138} INFO - Setting next_dagrun for dataset_alias_example_alias_consumer_with_no_taskflow to None, run_after=None
[2024-08-27T14:45:33.544+0000] {logging_mixin.py:190} INFO - [2024-08-27T14:45:33.544+0000] {dag.py:4138} INFO - Setting next_dagrun for dataset_alias_example_alias_producer_with_no_taskflow to None, run_after=None
[2024-08-27T14:45:33.545+0000] {logging_mixin.py:190} INFO - [2024-08-27T14:45:33.545+0000] {dag.py:4138} INFO - Setting next_dagrun for dataset_s3_bucket_consumer_with_no_taskflow to None, run_after=None
[2024-08-27T14:45:33.546+0000] {logging_mixin.py:190} INFO - [2024-08-27T14:45:33.546+0000] {dag.py:4138} INFO - Setting next_dagrun for dataset_s3_bucket_producer_with_no_taskflow to None, run_after=None
[2024-08-27T14:45:33.571+0000] {processor.py:208} INFO - Processing /home/ubuntu/myenv/lib/python3.12/site-packages/airflow/example_dags/example_dataset_alias_with_no_taskflow.py took 0.107 seconds
[2024-08-27T14:46:24.352+0000] {processor.py:186} INFO - Started process (PID=6347) to work on /home/ubuntu/myenv/lib/python3.12/site-packages/airflow/example_dags/example_dataset_alias_with_no_taskflow.py
[2024-08-27T14:46:24.354+0000] {processor.py:914} INFO - Processing file /home/ubuntu/myenv/lib/python3.12/site-packages/airflow/example_dags/example_dataset_alias_with_no_taskflow.py for tasks to queue
[2024-08-27T14:46:24.356+0000] {logging_mixin.py:190} INFO - [2024-08-27T14:46:24.356+0000] {dagbag.py:587} INFO - Filling up the DagBag from /home/ubuntu/myenv/lib/python3.12/site-packages/airflow/example_dags/example_dataset_alias_with_no_taskflow.py
[2024-08-27T14:46:24.381+0000] {processor.py:925} INFO - DAG(s) 'dataset_alias_example_alias_producer_with_no_taskflow', 'dataset_s3_bucket_consumer_with_no_taskflow', 'dataset_s3_bucket_producer_with_no_taskflow', 'dataset_alias_example_alias_consumer_with_no_taskflow' retrieved from /home/ubuntu/myenv/lib/python3.12/site-packages/airflow/example_dags/example_dataset_alias_with_no_taskflow.py
[2024-08-27T14:46:24.402+0000] {logging_mixin.py:190} INFO - [2024-08-27T14:46:24.402+0000] {dag.py:3211} INFO - Sync 4 DAGs
[2024-08-27T14:46:24.424+0000] {logging_mixin.py:190} INFO - [2024-08-27T14:46:24.424+0000] {dag.py:4138} INFO - Setting next_dagrun for dataset_alias_example_alias_consumer_with_no_taskflow to None, run_after=None
[2024-08-27T14:46:24.427+0000] {logging_mixin.py:190} INFO - [2024-08-27T14:46:24.426+0000] {dag.py:4138} INFO - Setting next_dagrun for dataset_alias_example_alias_producer_with_no_taskflow to None, run_after=None
[2024-08-27T14:46:24.428+0000] {logging_mixin.py:190} INFO - [2024-08-27T14:46:24.428+0000] {dag.py:4138} INFO - Setting next_dagrun for dataset_s3_bucket_consumer_with_no_taskflow to None, run_after=None
[2024-08-27T14:46:24.429+0000] {logging_mixin.py:190} INFO - [2024-08-27T14:46:24.428+0000] {dag.py:4138} INFO - Setting next_dagrun for dataset_s3_bucket_producer_with_no_taskflow to None, run_after=None
[2024-08-27T14:46:24.453+0000] {processor.py:208} INFO - Processing /home/ubuntu/myenv/lib/python3.12/site-packages/airflow/example_dags/example_dataset_alias_with_no_taskflow.py took 0.107 seconds
[2024-08-27T14:47:37.965+0000] {processor.py:186} INFO - Started process (PID=6424) to work on /home/ubuntu/myenv/lib/python3.12/site-packages/airflow/example_dags/example_dataset_alias_with_no_taskflow.py
[2024-08-27T14:47:37.966+0000] {processor.py:914} INFO - Processing file /home/ubuntu/myenv/lib/python3.12/site-packages/airflow/example_dags/example_dataset_alias_with_no_taskflow.py for tasks to queue
[2024-08-27T14:47:37.969+0000] {logging_mixin.py:190} INFO - [2024-08-27T14:47:37.968+0000] {dagbag.py:587} INFO - Filling up the DagBag from /home/ubuntu/myenv/lib/python3.12/site-packages/airflow/example_dags/example_dataset_alias_with_no_taskflow.py
[2024-08-27T14:47:37.994+0000] {processor.py:925} INFO - DAG(s) 'dataset_s3_bucket_producer_with_no_taskflow', 'dataset_alias_example_alias_producer_with_no_taskflow', 'dataset_alias_example_alias_consumer_with_no_taskflow', 'dataset_s3_bucket_consumer_with_no_taskflow' retrieved from /home/ubuntu/myenv/lib/python3.12/site-packages/airflow/example_dags/example_dataset_alias_with_no_taskflow.py
[2024-08-27T14:47:38.015+0000] {logging_mixin.py:190} INFO - [2024-08-27T14:47:38.015+0000] {dag.py:3211} INFO - Sync 4 DAGs
[2024-08-27T14:47:38.036+0000] {logging_mixin.py:190} INFO - [2024-08-27T14:47:38.036+0000] {dag.py:4138} INFO - Setting next_dagrun for dataset_alias_example_alias_consumer_with_no_taskflow to None, run_after=None
[2024-08-27T14:47:38.039+0000] {logging_mixin.py:190} INFO - [2024-08-27T14:47:38.038+0000] {dag.py:4138} INFO - Setting next_dagrun for dataset_alias_example_alias_producer_with_no_taskflow to None, run_after=None
[2024-08-27T14:47:38.039+0000] {logging_mixin.py:190} INFO - [2024-08-27T14:47:38.039+0000] {dag.py:4138} INFO - Setting next_dagrun for dataset_s3_bucket_consumer_with_no_taskflow to None, run_after=None
[2024-08-27T14:47:38.042+0000] {logging_mixin.py:190} INFO - [2024-08-27T14:47:38.042+0000] {dag.py:4138} INFO - Setting next_dagrun for dataset_s3_bucket_producer_with_no_taskflow to None, run_after=None
[2024-08-27T14:47:38.066+0000] {processor.py:208} INFO - Processing /home/ubuntu/myenv/lib/python3.12/site-packages/airflow/example_dags/example_dataset_alias_with_no_taskflow.py took 0.107 seconds
[2024-08-27T14:48:49.783+0000] {processor.py:186} INFO - Started process (PID=6502) to work on /home/ubuntu/myenv/lib/python3.12/site-packages/airflow/example_dags/example_dataset_alias_with_no_taskflow.py
[2024-08-27T14:48:49.784+0000] {processor.py:914} INFO - Processing file /home/ubuntu/myenv/lib/python3.12/site-packages/airflow/example_dags/example_dataset_alias_with_no_taskflow.py for tasks to queue
[2024-08-27T14:48:49.786+0000] {logging_mixin.py:190} INFO - [2024-08-27T14:48:49.786+0000] {dagbag.py:587} INFO - Filling up the DagBag from /home/ubuntu/myenv/lib/python3.12/site-packages/airflow/example_dags/example_dataset_alias_with_no_taskflow.py
[2024-08-27T14:48:49.813+0000] {processor.py:925} INFO - DAG(s) 'dataset_s3_bucket_producer_with_no_taskflow', 'dataset_alias_example_alias_producer_with_no_taskflow', 'dataset_s3_bucket_consumer_with_no_taskflow', 'dataset_alias_example_alias_consumer_with_no_taskflow' retrieved from /home/ubuntu/myenv/lib/python3.12/site-packages/airflow/example_dags/example_dataset_alias_with_no_taskflow.py
[2024-08-27T14:48:49.835+0000] {logging_mixin.py:190} INFO - [2024-08-27T14:48:49.835+0000] {dag.py:3211} INFO - Sync 4 DAGs
[2024-08-27T14:48:49.857+0000] {logging_mixin.py:190} INFO - [2024-08-27T14:48:49.857+0000] {dag.py:4138} INFO - Setting next_dagrun for dataset_alias_example_alias_consumer_with_no_taskflow to None, run_after=None
[2024-08-27T14:48:49.860+0000] {logging_mixin.py:190} INFO - [2024-08-27T14:48:49.860+0000] {dag.py:4138} INFO - Setting next_dagrun for dataset_alias_example_alias_producer_with_no_taskflow to None, run_after=None
[2024-08-27T14:48:49.862+0000] {logging_mixin.py:190} INFO - [2024-08-27T14:48:49.862+0000] {dag.py:4138} INFO - Setting next_dagrun for dataset_s3_bucket_consumer_with_no_taskflow to None, run_after=None
[2024-08-27T14:48:49.863+0000] {logging_mixin.py:190} INFO - [2024-08-27T14:48:49.863+0000] {dag.py:4138} INFO - Setting next_dagrun for dataset_s3_bucket_producer_with_no_taskflow to None, run_after=None
[2024-08-27T14:48:49.889+0000] {processor.py:208} INFO - Processing /home/ubuntu/myenv/lib/python3.12/site-packages/airflow/example_dags/example_dataset_alias_with_no_taskflow.py took 0.113 seconds
[2024-08-27T14:49:42.610+0000] {processor.py:186} INFO - Started process (PID=6556) to work on /home/ubuntu/myenv/lib/python3.12/site-packages/airflow/example_dags/example_dataset_alias_with_no_taskflow.py
[2024-08-27T14:49:42.612+0000] {processor.py:914} INFO - Processing file /home/ubuntu/myenv/lib/python3.12/site-packages/airflow/example_dags/example_dataset_alias_with_no_taskflow.py for tasks to queue
[2024-08-27T14:49:42.614+0000] {logging_mixin.py:190} INFO - [2024-08-27T14:49:42.614+0000] {dagbag.py:587} INFO - Filling up the DagBag from /home/ubuntu/myenv/lib/python3.12/site-packages/airflow/example_dags/example_dataset_alias_with_no_taskflow.py
[2024-08-27T14:49:42.639+0000] {processor.py:925} INFO - DAG(s) 'dataset_s3_bucket_consumer_with_no_taskflow', 'dataset_alias_example_alias_consumer_with_no_taskflow', 'dataset_alias_example_alias_producer_with_no_taskflow', 'dataset_s3_bucket_producer_with_no_taskflow' retrieved from /home/ubuntu/myenv/lib/python3.12/site-packages/airflow/example_dags/example_dataset_alias_with_no_taskflow.py
[2024-08-27T14:49:42.660+0000] {logging_mixin.py:190} INFO - [2024-08-27T14:49:42.659+0000] {dag.py:3211} INFO - Sync 4 DAGs
[2024-08-27T14:49:42.681+0000] {logging_mixin.py:190} INFO - [2024-08-27T14:49:42.681+0000] {dag.py:4138} INFO - Setting next_dagrun for dataset_alias_example_alias_consumer_with_no_taskflow to None, run_after=None
[2024-08-27T14:49:42.683+0000] {logging_mixin.py:190} INFO - [2024-08-27T14:49:42.683+0000] {dag.py:4138} INFO - Setting next_dagrun for dataset_alias_example_alias_producer_with_no_taskflow to None, run_after=None
[2024-08-27T14:49:42.684+0000] {logging_mixin.py:190} INFO - [2024-08-27T14:49:42.684+0000] {dag.py:4138} INFO - Setting next_dagrun for dataset_s3_bucket_consumer_with_no_taskflow to None, run_after=None
[2024-08-27T14:49:42.685+0000] {logging_mixin.py:190} INFO - [2024-08-27T14:49:42.685+0000] {dag.py:4138} INFO - Setting next_dagrun for dataset_s3_bucket_producer_with_no_taskflow to None, run_after=None
[2024-08-27T14:49:42.710+0000] {processor.py:208} INFO - Processing /home/ubuntu/myenv/lib/python3.12/site-packages/airflow/example_dags/example_dataset_alias_with_no_taskflow.py took 0.105 seconds
[2024-08-27T16:10:20.770+0000] {processor.py:186} INFO - Started process (PID=7628) to work on /home/ubuntu/myenv/lib/python3.12/site-packages/airflow/example_dags/example_dataset_alias_with_no_taskflow.py
[2024-08-27T16:10:20.772+0000] {processor.py:914} INFO - Processing file /home/ubuntu/myenv/lib/python3.12/site-packages/airflow/example_dags/example_dataset_alias_with_no_taskflow.py for tasks to queue
[2024-08-27T16:10:20.774+0000] {logging_mixin.py:190} INFO - [2024-08-27T16:10:20.773+0000] {dagbag.py:587} INFO - Filling up the DagBag from /home/ubuntu/myenv/lib/python3.12/site-packages/airflow/example_dags/example_dataset_alias_with_no_taskflow.py
[2024-08-27T16:10:20.800+0000] {processor.py:925} INFO - DAG(s) 'dataset_alias_example_alias_consumer_with_no_taskflow', 'dataset_s3_bucket_producer_with_no_taskflow', 'dataset_s3_bucket_consumer_with_no_taskflow', 'dataset_alias_example_alias_producer_with_no_taskflow' retrieved from /home/ubuntu/myenv/lib/python3.12/site-packages/airflow/example_dags/example_dataset_alias_with_no_taskflow.py
[2024-08-27T16:10:20.821+0000] {logging_mixin.py:190} INFO - [2024-08-27T16:10:20.821+0000] {dag.py:3211} INFO - Sync 4 DAGs
[2024-08-27T16:10:20.842+0000] {logging_mixin.py:190} INFO - [2024-08-27T16:10:20.842+0000] {dag.py:4138} INFO - Setting next_dagrun for dataset_alias_example_alias_consumer_with_no_taskflow to None, run_after=None
[2024-08-27T16:10:20.845+0000] {logging_mixin.py:190} INFO - [2024-08-27T16:10:20.844+0000] {dag.py:4138} INFO - Setting next_dagrun for dataset_alias_example_alias_producer_with_no_taskflow to None, run_after=None
[2024-08-27T16:10:20.846+0000] {logging_mixin.py:190} INFO - [2024-08-27T16:10:20.846+0000] {dag.py:4138} INFO - Setting next_dagrun for dataset_s3_bucket_consumer_with_no_taskflow to None, run_after=None
[2024-08-27T16:10:20.847+0000] {logging_mixin.py:190} INFO - [2024-08-27T16:10:20.847+0000] {dag.py:4138} INFO - Setting next_dagrun for dataset_s3_bucket_producer_with_no_taskflow to None, run_after=None
[2024-08-27T16:10:20.873+0000] {processor.py:208} INFO - Processing /home/ubuntu/myenv/lib/python3.12/site-packages/airflow/example_dags/example_dataset_alias_with_no_taskflow.py took 0.109 seconds
[2024-08-27T16:11:15.261+0000] {processor.py:186} INFO - Started process (PID=7729) to work on /home/ubuntu/myenv/lib/python3.12/site-packages/airflow/example_dags/example_dataset_alias_with_no_taskflow.py
[2024-08-27T16:11:15.262+0000] {processor.py:914} INFO - Processing file /home/ubuntu/myenv/lib/python3.12/site-packages/airflow/example_dags/example_dataset_alias_with_no_taskflow.py for tasks to queue
[2024-08-27T16:11:15.265+0000] {logging_mixin.py:190} INFO - [2024-08-27T16:11:15.264+0000] {dagbag.py:587} INFO - Filling up the DagBag from /home/ubuntu/myenv/lib/python3.12/site-packages/airflow/example_dags/example_dataset_alias_with_no_taskflow.py
[2024-08-27T16:11:15.291+0000] {processor.py:925} INFO - DAG(s) 'dataset_alias_example_alias_consumer_with_no_taskflow', 'dataset_s3_bucket_consumer_with_no_taskflow', 'dataset_s3_bucket_producer_with_no_taskflow', 'dataset_alias_example_alias_producer_with_no_taskflow' retrieved from /home/ubuntu/myenv/lib/python3.12/site-packages/airflow/example_dags/example_dataset_alias_with_no_taskflow.py
[2024-08-27T16:11:15.312+0000] {logging_mixin.py:190} INFO - [2024-08-27T16:11:15.312+0000] {dag.py:3211} INFO - Sync 4 DAGs
[2024-08-27T16:11:15.333+0000] {logging_mixin.py:190} INFO - [2024-08-27T16:11:15.333+0000] {dag.py:4138} INFO - Setting next_dagrun for dataset_alias_example_alias_consumer_with_no_taskflow to None, run_after=None
[2024-08-27T16:11:15.335+0000] {logging_mixin.py:190} INFO - [2024-08-27T16:11:15.335+0000] {dag.py:4138} INFO - Setting next_dagrun for dataset_alias_example_alias_producer_with_no_taskflow to None, run_after=None
[2024-08-27T16:11:15.336+0000] {logging_mixin.py:190} INFO - [2024-08-27T16:11:15.336+0000] {dag.py:4138} INFO - Setting next_dagrun for dataset_s3_bucket_consumer_with_no_taskflow to None, run_after=None
[2024-08-27T16:11:15.337+0000] {logging_mixin.py:190} INFO - [2024-08-27T16:11:15.337+0000] {dag.py:4138} INFO - Setting next_dagrun for dataset_s3_bucket_producer_with_no_taskflow to None, run_after=None
[2024-08-27T16:11:15.362+0000] {processor.py:208} INFO - Processing /home/ubuntu/myenv/lib/python3.12/site-packages/airflow/example_dags/example_dataset_alias_with_no_taskflow.py took 0.107 seconds
[2024-08-27T16:12:11.536+0000] {processor.py:186} INFO - Started process (PID=7857) to work on /home/ubuntu/myenv/lib/python3.12/site-packages/airflow/example_dags/example_dataset_alias_with_no_taskflow.py
[2024-08-27T16:12:11.537+0000] {processor.py:914} INFO - Processing file /home/ubuntu/myenv/lib/python3.12/site-packages/airflow/example_dags/example_dataset_alias_with_no_taskflow.py for tasks to queue
[2024-08-27T16:12:11.540+0000] {logging_mixin.py:190} INFO - [2024-08-27T16:12:11.539+0000] {dagbag.py:587} INFO - Filling up the DagBag from /home/ubuntu/myenv/lib/python3.12/site-packages/airflow/example_dags/example_dataset_alias_with_no_taskflow.py
[2024-08-27T16:12:11.565+0000] {processor.py:925} INFO - DAG(s) 'dataset_alias_example_alias_producer_with_no_taskflow', 'dataset_s3_bucket_producer_with_no_taskflow', 'dataset_s3_bucket_consumer_with_no_taskflow', 'dataset_alias_example_alias_consumer_with_no_taskflow' retrieved from /home/ubuntu/myenv/lib/python3.12/site-packages/airflow/example_dags/example_dataset_alias_with_no_taskflow.py
[2024-08-27T16:12:11.587+0000] {logging_mixin.py:190} INFO - [2024-08-27T16:12:11.586+0000] {dag.py:3211} INFO - Sync 4 DAGs
[2024-08-27T16:12:11.608+0000] {logging_mixin.py:190} INFO - [2024-08-27T16:12:11.608+0000] {dag.py:4138} INFO - Setting next_dagrun for dataset_alias_example_alias_consumer_with_no_taskflow to None, run_after=None
[2024-08-27T16:12:11.610+0000] {logging_mixin.py:190} INFO - [2024-08-27T16:12:11.610+0000] {dag.py:4138} INFO - Setting next_dagrun for dataset_alias_example_alias_producer_with_no_taskflow to None, run_after=None
[2024-08-27T16:12:11.611+0000] {logging_mixin.py:190} INFO - [2024-08-27T16:12:11.611+0000] {dag.py:4138} INFO - Setting next_dagrun for dataset_s3_bucket_consumer_with_no_taskflow to None, run_after=None
[2024-08-27T16:12:11.612+0000] {logging_mixin.py:190} INFO - [2024-08-27T16:12:11.612+0000] {dag.py:4138} INFO - Setting next_dagrun for dataset_s3_bucket_producer_with_no_taskflow to None, run_after=None
[2024-08-27T16:12:11.636+0000] {processor.py:208} INFO - Processing /home/ubuntu/myenv/lib/python3.12/site-packages/airflow/example_dags/example_dataset_alias_with_no_taskflow.py took 0.106 seconds
[2024-08-27T16:13:02.684+0000] {processor.py:186} INFO - Started process (PID=7946) to work on /home/ubuntu/myenv/lib/python3.12/site-packages/airflow/example_dags/example_dataset_alias_with_no_taskflow.py
[2024-08-27T16:13:02.686+0000] {processor.py:914} INFO - Processing file /home/ubuntu/myenv/lib/python3.12/site-packages/airflow/example_dags/example_dataset_alias_with_no_taskflow.py for tasks to queue
[2024-08-27T16:13:02.688+0000] {logging_mixin.py:190} INFO - [2024-08-27T16:13:02.688+0000] {dagbag.py:587} INFO - Filling up the DagBag from /home/ubuntu/myenv/lib/python3.12/site-packages/airflow/example_dags/example_dataset_alias_with_no_taskflow.py
[2024-08-27T16:13:02.716+0000] {processor.py:925} INFO - DAG(s) 'dataset_s3_bucket_producer_with_no_taskflow', 'dataset_alias_example_alias_producer_with_no_taskflow', 'dataset_s3_bucket_consumer_with_no_taskflow', 'dataset_alias_example_alias_consumer_with_no_taskflow' retrieved from /home/ubuntu/myenv/lib/python3.12/site-packages/airflow/example_dags/example_dataset_alias_with_no_taskflow.py
[2024-08-27T16:13:02.739+0000] {logging_mixin.py:190} INFO - [2024-08-27T16:13:02.739+0000] {dag.py:3211} INFO - Sync 4 DAGs
[2024-08-27T16:13:02.763+0000] {logging_mixin.py:190} INFO - [2024-08-27T16:13:02.762+0000] {dag.py:4138} INFO - Setting next_dagrun for dataset_alias_example_alias_consumer_with_no_taskflow to None, run_after=None
[2024-08-27T16:13:02.765+0000] {logging_mixin.py:190} INFO - [2024-08-27T16:13:02.765+0000] {dag.py:4138} INFO - Setting next_dagrun for dataset_alias_example_alias_producer_with_no_taskflow to None, run_after=None
[2024-08-27T16:13:02.766+0000] {logging_mixin.py:190} INFO - [2024-08-27T16:13:02.766+0000] {dag.py:4138} INFO - Setting next_dagrun for dataset_s3_bucket_consumer_with_no_taskflow to None, run_after=None
[2024-08-27T16:13:02.767+0000] {logging_mixin.py:190} INFO - [2024-08-27T16:13:02.767+0000] {dag.py:4138} INFO - Setting next_dagrun for dataset_s3_bucket_producer_with_no_taskflow to None, run_after=None
[2024-08-27T16:13:02.794+0000] {processor.py:208} INFO - Processing /home/ubuntu/myenv/lib/python3.12/site-packages/airflow/example_dags/example_dataset_alias_with_no_taskflow.py took 0.116 seconds
