[2024-08-27T14:34:13.769+0000] {processor.py:186} INFO - Started process (PID=5517) to work on /home/ubuntu/myenv/lib/python3.12/site-packages/airflow/example_dags/example_trigger_target_dag.py
[2024-08-27T14:34:13.770+0000] {processor.py:914} INFO - Processing file /home/ubuntu/myenv/lib/python3.12/site-packages/airflow/example_dags/example_trigger_target_dag.py for tasks to queue
[2024-08-27T14:34:13.773+0000] {logging_mixin.py:190} INFO - [2024-08-27T14:34:13.773+0000] {dagbag.py:587} INFO - Filling up the DagBag from /home/ubuntu/myenv/lib/python3.12/site-packages/airflow/example_dags/example_trigger_target_dag.py
[2024-08-27T14:34:13.782+0000] {processor.py:925} INFO - DAG(s) 'example_trigger_target_dag' retrieved from /home/ubuntu/myenv/lib/python3.12/site-packages/airflow/example_dags/example_trigger_target_dag.py
[2024-08-27T14:34:13.902+0000] {logging_mixin.py:190} INFO - [2024-08-27T14:34:13.901+0000] {override.py:1900} INFO - Created Permission View: can delete on DAG:example_trigger_target_dag
[2024-08-27T14:34:13.915+0000] {logging_mixin.py:190} INFO - [2024-08-27T14:34:13.915+0000] {override.py:1900} INFO - Created Permission View: can edit on DAG:example_trigger_target_dag
[2024-08-27T14:34:13.925+0000] {logging_mixin.py:190} INFO - [2024-08-27T14:34:13.925+0000] {override.py:1900} INFO - Created Permission View: can read on DAG:example_trigger_target_dag
[2024-08-27T14:34:13.940+0000] {logging_mixin.py:190} INFO - [2024-08-27T14:34:13.940+0000] {override.py:1900} INFO - Created Permission View: can create on DAG Run:example_trigger_target_dag
[2024-08-27T14:34:13.950+0000] {logging_mixin.py:190} INFO - [2024-08-27T14:34:13.949+0000] {override.py:1900} INFO - Created Permission View: menu access on DAG Run:example_trigger_target_dag
[2024-08-27T14:34:13.959+0000] {logging_mixin.py:190} INFO - [2024-08-27T14:34:13.959+0000] {override.py:1900} INFO - Created Permission View: can delete on DAG Run:example_trigger_target_dag
[2024-08-27T14:34:13.968+0000] {logging_mixin.py:190} INFO - [2024-08-27T14:34:13.968+0000] {override.py:1900} INFO - Created Permission View: can read on DAG Run:example_trigger_target_dag
[2024-08-27T14:34:13.969+0000] {logging_mixin.py:190} INFO - [2024-08-27T14:34:13.968+0000] {dag.py:3211} INFO - Sync 1 DAGs
[2024-08-27T14:34:13.983+0000] {logging_mixin.py:190} INFO - [2024-08-27T14:34:13.982+0000] {dag.py:3234} INFO - Creating ORM DAG for example_trigger_target_dag
[2024-08-27T14:34:13.983+0000] {logging_mixin.py:190} INFO - [2024-08-27T14:34:13.983+0000] {dag.py:4138} INFO - Setting next_dagrun for example_trigger_target_dag to None, run_after=None
[2024-08-27T14:34:14.004+0000] {processor.py:208} INFO - Processing /home/ubuntu/myenv/lib/python3.12/site-packages/airflow/example_dags/example_trigger_target_dag.py took 0.240 seconds
[2024-08-27T14:35:22.786+0000] {processor.py:186} INFO - Started process (PID=5579) to work on /home/ubuntu/myenv/lib/python3.12/site-packages/airflow/example_dags/example_trigger_target_dag.py
[2024-08-27T14:35:22.787+0000] {processor.py:914} INFO - Processing file /home/ubuntu/myenv/lib/python3.12/site-packages/airflow/example_dags/example_trigger_target_dag.py for tasks to queue
[2024-08-27T14:35:22.789+0000] {logging_mixin.py:190} INFO - [2024-08-27T14:35:22.789+0000] {dagbag.py:587} INFO - Filling up the DagBag from /home/ubuntu/myenv/lib/python3.12/site-packages/airflow/example_dags/example_trigger_target_dag.py
[2024-08-27T14:35:22.798+0000] {processor.py:925} INFO - DAG(s) 'example_trigger_target_dag' retrieved from /home/ubuntu/myenv/lib/python3.12/site-packages/airflow/example_dags/example_trigger_target_dag.py
[2024-08-27T14:35:22.815+0000] {logging_mixin.py:190} INFO - [2024-08-27T14:35:22.815+0000] {dag.py:3211} INFO - Sync 1 DAGs
[2024-08-27T14:35:22.828+0000] {logging_mixin.py:190} INFO - [2024-08-27T14:35:22.828+0000] {dag.py:4138} INFO - Setting next_dagrun for example_trigger_target_dag to None, run_after=None
[2024-08-27T14:35:22.851+0000] {processor.py:208} INFO - Processing /home/ubuntu/myenv/lib/python3.12/site-packages/airflow/example_dags/example_trigger_target_dag.py took 0.071 seconds
[2024-08-27T14:36:17.067+0000] {processor.py:186} INFO - Started process (PID=5650) to work on /home/ubuntu/myenv/lib/python3.12/site-packages/airflow/example_dags/example_trigger_target_dag.py
[2024-08-27T14:36:17.069+0000] {processor.py:914} INFO - Processing file /home/ubuntu/myenv/lib/python3.12/site-packages/airflow/example_dags/example_trigger_target_dag.py for tasks to queue
[2024-08-27T14:36:17.071+0000] {logging_mixin.py:190} INFO - [2024-08-27T14:36:17.071+0000] {dagbag.py:587} INFO - Filling up the DagBag from /home/ubuntu/myenv/lib/python3.12/site-packages/airflow/example_dags/example_trigger_target_dag.py
[2024-08-27T14:36:17.080+0000] {processor.py:925} INFO - DAG(s) 'example_trigger_target_dag' retrieved from /home/ubuntu/myenv/lib/python3.12/site-packages/airflow/example_dags/example_trigger_target_dag.py
[2024-08-27T14:36:17.097+0000] {logging_mixin.py:190} INFO - [2024-08-27T14:36:17.097+0000] {dag.py:3211} INFO - Sync 1 DAGs
[2024-08-27T14:36:17.111+0000] {logging_mixin.py:190} INFO - [2024-08-27T14:36:17.111+0000] {dag.py:4138} INFO - Setting next_dagrun for example_trigger_target_dag to None, run_after=None
[2024-08-27T14:36:17.134+0000] {processor.py:208} INFO - Processing /home/ubuntu/myenv/lib/python3.12/site-packages/airflow/example_dags/example_trigger_target_dag.py took 0.073 seconds
[2024-08-27T14:37:05.289+0000] {processor.py:186} INFO - Started process (PID=5718) to work on /home/ubuntu/myenv/lib/python3.12/site-packages/airflow/example_dags/example_trigger_target_dag.py
[2024-08-27T14:37:05.291+0000] {processor.py:914} INFO - Processing file /home/ubuntu/myenv/lib/python3.12/site-packages/airflow/example_dags/example_trigger_target_dag.py for tasks to queue
[2024-08-27T14:37:05.293+0000] {logging_mixin.py:190} INFO - [2024-08-27T14:37:05.292+0000] {dagbag.py:587} INFO - Filling up the DagBag from /home/ubuntu/myenv/lib/python3.12/site-packages/airflow/example_dags/example_trigger_target_dag.py
[2024-08-27T14:37:05.302+0000] {processor.py:925} INFO - DAG(s) 'example_trigger_target_dag' retrieved from /home/ubuntu/myenv/lib/python3.12/site-packages/airflow/example_dags/example_trigger_target_dag.py
[2024-08-27T14:37:05.319+0000] {logging_mixin.py:190} INFO - [2024-08-27T14:37:05.319+0000] {dag.py:3211} INFO - Sync 1 DAGs
[2024-08-27T14:37:05.332+0000] {logging_mixin.py:190} INFO - [2024-08-27T14:37:05.332+0000] {dag.py:4138} INFO - Setting next_dagrun for example_trigger_target_dag to None, run_after=None
[2024-08-27T14:37:05.357+0000] {processor.py:208} INFO - Processing /home/ubuntu/myenv/lib/python3.12/site-packages/airflow/example_dags/example_trigger_target_dag.py took 0.074 seconds
[2024-08-27T14:37:56.156+0000] {processor.py:186} INFO - Started process (PID=5786) to work on /home/ubuntu/myenv/lib/python3.12/site-packages/airflow/example_dags/example_trigger_target_dag.py
[2024-08-27T14:37:56.158+0000] {processor.py:914} INFO - Processing file /home/ubuntu/myenv/lib/python3.12/site-packages/airflow/example_dags/example_trigger_target_dag.py for tasks to queue
[2024-08-27T14:37:56.160+0000] {logging_mixin.py:190} INFO - [2024-08-27T14:37:56.160+0000] {dagbag.py:587} INFO - Filling up the DagBag from /home/ubuntu/myenv/lib/python3.12/site-packages/airflow/example_dags/example_trigger_target_dag.py
[2024-08-27T14:37:56.169+0000] {processor.py:925} INFO - DAG(s) 'example_trigger_target_dag' retrieved from /home/ubuntu/myenv/lib/python3.12/site-packages/airflow/example_dags/example_trigger_target_dag.py
[2024-08-27T14:37:56.185+0000] {logging_mixin.py:190} INFO - [2024-08-27T14:37:56.185+0000] {dag.py:3211} INFO - Sync 1 DAGs
[2024-08-27T14:37:56.198+0000] {logging_mixin.py:190} INFO - [2024-08-27T14:37:56.198+0000] {dag.py:4138} INFO - Setting next_dagrun for example_trigger_target_dag to None, run_after=None
[2024-08-27T14:37:56.221+0000] {processor.py:208} INFO - Processing /home/ubuntu/myenv/lib/python3.12/site-packages/airflow/example_dags/example_trigger_target_dag.py took 0.071 seconds
[2024-08-27T14:38:49.776+0000] {processor.py:186} INFO - Started process (PID=5852) to work on /home/ubuntu/myenv/lib/python3.12/site-packages/airflow/example_dags/example_trigger_target_dag.py
[2024-08-27T14:38:49.778+0000] {processor.py:914} INFO - Processing file /home/ubuntu/myenv/lib/python3.12/site-packages/airflow/example_dags/example_trigger_target_dag.py for tasks to queue
[2024-08-27T14:38:49.780+0000] {logging_mixin.py:190} INFO - [2024-08-27T14:38:49.780+0000] {dagbag.py:587} INFO - Filling up the DagBag from /home/ubuntu/myenv/lib/python3.12/site-packages/airflow/example_dags/example_trigger_target_dag.py
[2024-08-27T14:38:49.789+0000] {processor.py:925} INFO - DAG(s) 'example_trigger_target_dag' retrieved from /home/ubuntu/myenv/lib/python3.12/site-packages/airflow/example_dags/example_trigger_target_dag.py
[2024-08-27T14:38:49.806+0000] {logging_mixin.py:190} INFO - [2024-08-27T14:38:49.806+0000] {dag.py:3211} INFO - Sync 1 DAGs
[2024-08-27T14:38:49.951+0000] {logging_mixin.py:190} INFO - [2024-08-27T14:38:49.951+0000] {dag.py:4138} INFO - Setting next_dagrun for example_trigger_target_dag to None, run_after=None
[2024-08-27T14:38:49.975+0000] {processor.py:208} INFO - Processing /home/ubuntu/myenv/lib/python3.12/site-packages/airflow/example_dags/example_trigger_target_dag.py took 0.204 seconds
[2024-08-27T14:39:50.662+0000] {processor.py:186} INFO - Started process (PID=5927) to work on /home/ubuntu/myenv/lib/python3.12/site-packages/airflow/example_dags/example_trigger_target_dag.py
[2024-08-27T14:39:50.663+0000] {processor.py:914} INFO - Processing file /home/ubuntu/myenv/lib/python3.12/site-packages/airflow/example_dags/example_trigger_target_dag.py for tasks to queue
[2024-08-27T14:39:50.666+0000] {logging_mixin.py:190} INFO - [2024-08-27T14:39:50.665+0000] {dagbag.py:587} INFO - Filling up the DagBag from /home/ubuntu/myenv/lib/python3.12/site-packages/airflow/example_dags/example_trigger_target_dag.py
[2024-08-27T14:39:50.675+0000] {processor.py:925} INFO - DAG(s) 'example_trigger_target_dag' retrieved from /home/ubuntu/myenv/lib/python3.12/site-packages/airflow/example_dags/example_trigger_target_dag.py
[2024-08-27T14:39:50.692+0000] {logging_mixin.py:190} INFO - [2024-08-27T14:39:50.692+0000] {dag.py:3211} INFO - Sync 1 DAGs
[2024-08-27T14:39:50.706+0000] {logging_mixin.py:190} INFO - [2024-08-27T14:39:50.706+0000] {dag.py:4138} INFO - Setting next_dagrun for example_trigger_target_dag to None, run_after=None
[2024-08-27T14:39:50.729+0000] {processor.py:208} INFO - Processing /home/ubuntu/myenv/lib/python3.12/site-packages/airflow/example_dags/example_trigger_target_dag.py took 0.073 seconds
[2024-08-27T14:40:39.297+0000] {processor.py:186} INFO - Started process (PID=5987) to work on /home/ubuntu/myenv/lib/python3.12/site-packages/airflow/example_dags/example_trigger_target_dag.py
[2024-08-27T14:40:39.299+0000] {processor.py:914} INFO - Processing file /home/ubuntu/myenv/lib/python3.12/site-packages/airflow/example_dags/example_trigger_target_dag.py for tasks to queue
[2024-08-27T14:40:39.301+0000] {logging_mixin.py:190} INFO - [2024-08-27T14:40:39.301+0000] {dagbag.py:587} INFO - Filling up the DagBag from /home/ubuntu/myenv/lib/python3.12/site-packages/airflow/example_dags/example_trigger_target_dag.py
[2024-08-27T14:40:39.311+0000] {processor.py:925} INFO - DAG(s) 'example_trigger_target_dag' retrieved from /home/ubuntu/myenv/lib/python3.12/site-packages/airflow/example_dags/example_trigger_target_dag.py
[2024-08-27T14:40:39.328+0000] {logging_mixin.py:190} INFO - [2024-08-27T14:40:39.327+0000] {dag.py:3211} INFO - Sync 1 DAGs
[2024-08-27T14:40:39.342+0000] {logging_mixin.py:190} INFO - [2024-08-27T14:40:39.342+0000] {dag.py:4138} INFO - Setting next_dagrun for example_trigger_target_dag to None, run_after=None
[2024-08-27T14:40:39.365+0000] {processor.py:208} INFO - Processing /home/ubuntu/myenv/lib/python3.12/site-packages/airflow/example_dags/example_trigger_target_dag.py took 0.074 seconds
[2024-08-27T14:41:30.109+0000] {processor.py:186} INFO - Started process (PID=6039) to work on /home/ubuntu/myenv/lib/python3.12/site-packages/airflow/example_dags/example_trigger_target_dag.py
[2024-08-27T14:41:30.111+0000] {processor.py:914} INFO - Processing file /home/ubuntu/myenv/lib/python3.12/site-packages/airflow/example_dags/example_trigger_target_dag.py for tasks to queue
[2024-08-27T14:41:30.113+0000] {logging_mixin.py:190} INFO - [2024-08-27T14:41:30.113+0000] {dagbag.py:587} INFO - Filling up the DagBag from /home/ubuntu/myenv/lib/python3.12/site-packages/airflow/example_dags/example_trigger_target_dag.py
[2024-08-27T14:41:30.123+0000] {processor.py:925} INFO - DAG(s) 'example_trigger_target_dag' retrieved from /home/ubuntu/myenv/lib/python3.12/site-packages/airflow/example_dags/example_trigger_target_dag.py
[2024-08-27T14:41:30.140+0000] {logging_mixin.py:190} INFO - [2024-08-27T14:41:30.139+0000] {dag.py:3211} INFO - Sync 1 DAGs
[2024-08-27T14:41:30.154+0000] {logging_mixin.py:190} INFO - [2024-08-27T14:41:30.154+0000] {dag.py:4138} INFO - Setting next_dagrun for example_trigger_target_dag to None, run_after=None
[2024-08-27T14:41:30.176+0000] {processor.py:208} INFO - Processing /home/ubuntu/myenv/lib/python3.12/site-packages/airflow/example_dags/example_trigger_target_dag.py took 0.073 seconds
[2024-08-27T14:42:20.638+0000] {processor.py:186} INFO - Started process (PID=6090) to work on /home/ubuntu/myenv/lib/python3.12/site-packages/airflow/example_dags/example_trigger_target_dag.py
[2024-08-27T14:42:20.640+0000] {processor.py:914} INFO - Processing file /home/ubuntu/myenv/lib/python3.12/site-packages/airflow/example_dags/example_trigger_target_dag.py for tasks to queue
[2024-08-27T14:42:20.642+0000] {logging_mixin.py:190} INFO - [2024-08-27T14:42:20.641+0000] {dagbag.py:587} INFO - Filling up the DagBag from /home/ubuntu/myenv/lib/python3.12/site-packages/airflow/example_dags/example_trigger_target_dag.py
[2024-08-27T14:42:20.651+0000] {processor.py:925} INFO - DAG(s) 'example_trigger_target_dag' retrieved from /home/ubuntu/myenv/lib/python3.12/site-packages/airflow/example_dags/example_trigger_target_dag.py
[2024-08-27T14:42:20.669+0000] {logging_mixin.py:190} INFO - [2024-08-27T14:42:20.668+0000] {dag.py:3211} INFO - Sync 1 DAGs
[2024-08-27T14:42:20.683+0000] {logging_mixin.py:190} INFO - [2024-08-27T14:42:20.682+0000] {dag.py:4138} INFO - Setting next_dagrun for example_trigger_target_dag to None, run_after=None
[2024-08-27T14:42:20.706+0000] {processor.py:208} INFO - Processing /home/ubuntu/myenv/lib/python3.12/site-packages/airflow/example_dags/example_trigger_target_dag.py took 0.074 seconds
[2024-08-27T14:43:10.176+0000] {processor.py:186} INFO - Started process (PID=6141) to work on /home/ubuntu/myenv/lib/python3.12/site-packages/airflow/example_dags/example_trigger_target_dag.py
[2024-08-27T14:43:10.177+0000] {processor.py:914} INFO - Processing file /home/ubuntu/myenv/lib/python3.12/site-packages/airflow/example_dags/example_trigger_target_dag.py for tasks to queue
[2024-08-27T14:43:10.180+0000] {logging_mixin.py:190} INFO - [2024-08-27T14:43:10.179+0000] {dagbag.py:587} INFO - Filling up the DagBag from /home/ubuntu/myenv/lib/python3.12/site-packages/airflow/example_dags/example_trigger_target_dag.py
[2024-08-27T14:43:10.189+0000] {processor.py:925} INFO - DAG(s) 'example_trigger_target_dag' retrieved from /home/ubuntu/myenv/lib/python3.12/site-packages/airflow/example_dags/example_trigger_target_dag.py
[2024-08-27T14:43:10.207+0000] {logging_mixin.py:190} INFO - [2024-08-27T14:43:10.207+0000] {dag.py:3211} INFO - Sync 1 DAGs
[2024-08-27T14:43:10.223+0000] {logging_mixin.py:190} INFO - [2024-08-27T14:43:10.222+0000] {dag.py:4138} INFO - Setting next_dagrun for example_trigger_target_dag to None, run_after=None
[2024-08-27T14:43:10.246+0000] {processor.py:208} INFO - Processing /home/ubuntu/myenv/lib/python3.12/site-packages/airflow/example_dags/example_trigger_target_dag.py took 0.077 seconds
[2024-08-27T14:44:01.688+0000] {processor.py:186} INFO - Started process (PID=6195) to work on /home/ubuntu/myenv/lib/python3.12/site-packages/airflow/example_dags/example_trigger_target_dag.py
[2024-08-27T14:44:01.690+0000] {processor.py:914} INFO - Processing file /home/ubuntu/myenv/lib/python3.12/site-packages/airflow/example_dags/example_trigger_target_dag.py for tasks to queue
[2024-08-27T14:44:01.692+0000] {logging_mixin.py:190} INFO - [2024-08-27T14:44:01.692+0000] {dagbag.py:587} INFO - Filling up the DagBag from /home/ubuntu/myenv/lib/python3.12/site-packages/airflow/example_dags/example_trigger_target_dag.py
[2024-08-27T14:44:01.702+0000] {processor.py:925} INFO - DAG(s) 'example_trigger_target_dag' retrieved from /home/ubuntu/myenv/lib/python3.12/site-packages/airflow/example_dags/example_trigger_target_dag.py
[2024-08-27T14:44:01.720+0000] {logging_mixin.py:190} INFO - [2024-08-27T14:44:01.720+0000] {dag.py:3211} INFO - Sync 1 DAGs
[2024-08-27T14:44:01.734+0000] {logging_mixin.py:190} INFO - [2024-08-27T14:44:01.734+0000] {dag.py:4138} INFO - Setting next_dagrun for example_trigger_target_dag to None, run_after=None
[2024-08-27T14:44:01.757+0000] {processor.py:208} INFO - Processing /home/ubuntu/myenv/lib/python3.12/site-packages/airflow/example_dags/example_trigger_target_dag.py took 0.075 seconds
[2024-08-27T14:44:51.651+0000] {processor.py:186} INFO - Started process (PID=6247) to work on /home/ubuntu/myenv/lib/python3.12/site-packages/airflow/example_dags/example_trigger_target_dag.py
[2024-08-27T14:44:51.652+0000] {processor.py:914} INFO - Processing file /home/ubuntu/myenv/lib/python3.12/site-packages/airflow/example_dags/example_trigger_target_dag.py for tasks to queue
[2024-08-27T14:44:51.655+0000] {logging_mixin.py:190} INFO - [2024-08-27T14:44:51.654+0000] {dagbag.py:587} INFO - Filling up the DagBag from /home/ubuntu/myenv/lib/python3.12/site-packages/airflow/example_dags/example_trigger_target_dag.py
[2024-08-27T14:44:51.664+0000] {processor.py:925} INFO - DAG(s) 'example_trigger_target_dag' retrieved from /home/ubuntu/myenv/lib/python3.12/site-packages/airflow/example_dags/example_trigger_target_dag.py
[2024-08-27T14:44:51.681+0000] {logging_mixin.py:190} INFO - [2024-08-27T14:44:51.681+0000] {dag.py:3211} INFO - Sync 1 DAGs
[2024-08-27T14:44:51.694+0000] {logging_mixin.py:190} INFO - [2024-08-27T14:44:51.694+0000] {dag.py:4138} INFO - Setting next_dagrun for example_trigger_target_dag to None, run_after=None
[2024-08-27T14:44:51.717+0000] {processor.py:208} INFO - Processing /home/ubuntu/myenv/lib/python3.12/site-packages/airflow/example_dags/example_trigger_target_dag.py took 0.072 seconds
[2024-08-27T14:45:43.611+0000] {processor.py:186} INFO - Started process (PID=6302) to work on /home/ubuntu/myenv/lib/python3.12/site-packages/airflow/example_dags/example_trigger_target_dag.py
[2024-08-27T14:45:43.613+0000] {processor.py:914} INFO - Processing file /home/ubuntu/myenv/lib/python3.12/site-packages/airflow/example_dags/example_trigger_target_dag.py for tasks to queue
[2024-08-27T14:45:43.615+0000] {logging_mixin.py:190} INFO - [2024-08-27T14:45:43.615+0000] {dagbag.py:587} INFO - Filling up the DagBag from /home/ubuntu/myenv/lib/python3.12/site-packages/airflow/example_dags/example_trigger_target_dag.py
[2024-08-27T14:45:43.625+0000] {processor.py:925} INFO - DAG(s) 'example_trigger_target_dag' retrieved from /home/ubuntu/myenv/lib/python3.12/site-packages/airflow/example_dags/example_trigger_target_dag.py
[2024-08-27T14:45:43.642+0000] {logging_mixin.py:190} INFO - [2024-08-27T14:45:43.642+0000] {dag.py:3211} INFO - Sync 1 DAGs
[2024-08-27T14:45:43.657+0000] {logging_mixin.py:190} INFO - [2024-08-27T14:45:43.657+0000] {dag.py:4138} INFO - Setting next_dagrun for example_trigger_target_dag to None, run_after=None
[2024-08-27T14:45:43.680+0000] {processor.py:208} INFO - Processing /home/ubuntu/myenv/lib/python3.12/site-packages/airflow/example_dags/example_trigger_target_dag.py took 0.075 seconds
[2024-08-27T14:46:31.833+0000] {processor.py:186} INFO - Started process (PID=6354) to work on /home/ubuntu/myenv/lib/python3.12/site-packages/airflow/example_dags/example_trigger_target_dag.py
[2024-08-27T14:46:31.835+0000] {processor.py:914} INFO - Processing file /home/ubuntu/myenv/lib/python3.12/site-packages/airflow/example_dags/example_trigger_target_dag.py for tasks to queue
[2024-08-27T14:46:31.837+0000] {logging_mixin.py:190} INFO - [2024-08-27T14:46:31.837+0000] {dagbag.py:587} INFO - Filling up the DagBag from /home/ubuntu/myenv/lib/python3.12/site-packages/airflow/example_dags/example_trigger_target_dag.py
[2024-08-27T14:46:31.846+0000] {processor.py:925} INFO - DAG(s) 'example_trigger_target_dag' retrieved from /home/ubuntu/myenv/lib/python3.12/site-packages/airflow/example_dags/example_trigger_target_dag.py
[2024-08-27T14:46:31.863+0000] {logging_mixin.py:190} INFO - [2024-08-27T14:46:31.863+0000] {dag.py:3211} INFO - Sync 1 DAGs
[2024-08-27T14:46:31.877+0000] {logging_mixin.py:190} INFO - [2024-08-27T14:46:31.877+0000] {dag.py:4138} INFO - Setting next_dagrun for example_trigger_target_dag to None, run_after=None
[2024-08-27T14:46:31.902+0000] {processor.py:208} INFO - Processing /home/ubuntu/myenv/lib/python3.12/site-packages/airflow/example_dags/example_trigger_target_dag.py took 0.075 seconds
[2024-08-27T14:47:19.538+0000] {processor.py:186} INFO - Started process (PID=6403) to work on /home/ubuntu/myenv/lib/python3.12/site-packages/airflow/example_dags/example_trigger_target_dag.py
[2024-08-27T14:47:19.540+0000] {processor.py:914} INFO - Processing file /home/ubuntu/myenv/lib/python3.12/site-packages/airflow/example_dags/example_trigger_target_dag.py for tasks to queue
[2024-08-27T14:47:19.542+0000] {logging_mixin.py:190} INFO - [2024-08-27T14:47:19.542+0000] {dagbag.py:587} INFO - Filling up the DagBag from /home/ubuntu/myenv/lib/python3.12/site-packages/airflow/example_dags/example_trigger_target_dag.py
[2024-08-27T14:47:19.551+0000] {processor.py:925} INFO - DAG(s) 'example_trigger_target_dag' retrieved from /home/ubuntu/myenv/lib/python3.12/site-packages/airflow/example_dags/example_trigger_target_dag.py
[2024-08-27T14:47:19.568+0000] {logging_mixin.py:190} INFO - [2024-08-27T14:47:19.568+0000] {dag.py:3211} INFO - Sync 1 DAGs
[2024-08-27T14:47:19.582+0000] {logging_mixin.py:190} INFO - [2024-08-27T14:47:19.582+0000] {dag.py:4138} INFO - Setting next_dagrun for example_trigger_target_dag to None, run_after=None
[2024-08-27T14:47:19.605+0000] {processor.py:208} INFO - Processing /home/ubuntu/myenv/lib/python3.12/site-packages/airflow/example_dags/example_trigger_target_dag.py took 0.073 seconds
[2024-08-27T14:48:10.500+0000] {processor.py:186} INFO - Started process (PID=6459) to work on /home/ubuntu/myenv/lib/python3.12/site-packages/airflow/example_dags/example_trigger_target_dag.py
[2024-08-27T14:48:10.502+0000] {processor.py:914} INFO - Processing file /home/ubuntu/myenv/lib/python3.12/site-packages/airflow/example_dags/example_trigger_target_dag.py for tasks to queue
[2024-08-27T14:48:10.504+0000] {logging_mixin.py:190} INFO - [2024-08-27T14:48:10.504+0000] {dagbag.py:587} INFO - Filling up the DagBag from /home/ubuntu/myenv/lib/python3.12/site-packages/airflow/example_dags/example_trigger_target_dag.py
[2024-08-27T14:48:10.514+0000] {processor.py:925} INFO - DAG(s) 'example_trigger_target_dag' retrieved from /home/ubuntu/myenv/lib/python3.12/site-packages/airflow/example_dags/example_trigger_target_dag.py
[2024-08-27T14:48:10.532+0000] {logging_mixin.py:190} INFO - [2024-08-27T14:48:10.531+0000] {dag.py:3211} INFO - Sync 1 DAGs
[2024-08-27T14:48:10.546+0000] {logging_mixin.py:190} INFO - [2024-08-27T14:48:10.545+0000] {dag.py:4138} INFO - Setting next_dagrun for example_trigger_target_dag to None, run_after=None
[2024-08-27T14:48:10.569+0000] {processor.py:208} INFO - Processing /home/ubuntu/myenv/lib/python3.12/site-packages/airflow/example_dags/example_trigger_target_dag.py took 0.075 seconds
[2024-08-27T14:49:01.126+0000] {processor.py:186} INFO - Started process (PID=6515) to work on /home/ubuntu/myenv/lib/python3.12/site-packages/airflow/example_dags/example_trigger_target_dag.py
[2024-08-27T14:49:01.127+0000] {processor.py:914} INFO - Processing file /home/ubuntu/myenv/lib/python3.12/site-packages/airflow/example_dags/example_trigger_target_dag.py for tasks to queue
[2024-08-27T14:49:01.129+0000] {logging_mixin.py:190} INFO - [2024-08-27T14:49:01.129+0000] {dagbag.py:587} INFO - Filling up the DagBag from /home/ubuntu/myenv/lib/python3.12/site-packages/airflow/example_dags/example_trigger_target_dag.py
[2024-08-27T14:49:01.139+0000] {processor.py:925} INFO - DAG(s) 'example_trigger_target_dag' retrieved from /home/ubuntu/myenv/lib/python3.12/site-packages/airflow/example_dags/example_trigger_target_dag.py
[2024-08-27T14:49:01.156+0000] {logging_mixin.py:190} INFO - [2024-08-27T14:49:01.156+0000] {dag.py:3211} INFO - Sync 1 DAGs
[2024-08-27T14:49:01.170+0000] {logging_mixin.py:190} INFO - [2024-08-27T14:49:01.170+0000] {dag.py:4138} INFO - Setting next_dagrun for example_trigger_target_dag to None, run_after=None
[2024-08-27T14:49:01.193+0000] {processor.py:208} INFO - Processing /home/ubuntu/myenv/lib/python3.12/site-packages/airflow/example_dags/example_trigger_target_dag.py took 0.074 seconds
[2024-08-27T14:49:53.734+0000] {processor.py:186} INFO - Started process (PID=6570) to work on /home/ubuntu/myenv/lib/python3.12/site-packages/airflow/example_dags/example_trigger_target_dag.py
[2024-08-27T14:49:53.735+0000] {processor.py:914} INFO - Processing file /home/ubuntu/myenv/lib/python3.12/site-packages/airflow/example_dags/example_trigger_target_dag.py for tasks to queue
[2024-08-27T14:49:53.738+0000] {logging_mixin.py:190} INFO - [2024-08-27T14:49:53.737+0000] {dagbag.py:587} INFO - Filling up the DagBag from /home/ubuntu/myenv/lib/python3.12/site-packages/airflow/example_dags/example_trigger_target_dag.py
[2024-08-27T14:49:53.747+0000] {processor.py:925} INFO - DAG(s) 'example_trigger_target_dag' retrieved from /home/ubuntu/myenv/lib/python3.12/site-packages/airflow/example_dags/example_trigger_target_dag.py
[2024-08-27T14:49:53.764+0000] {logging_mixin.py:190} INFO - [2024-08-27T14:49:53.763+0000] {dag.py:3211} INFO - Sync 1 DAGs
[2024-08-27T14:49:53.777+0000] {logging_mixin.py:190} INFO - [2024-08-27T14:49:53.777+0000] {dag.py:4138} INFO - Setting next_dagrun for example_trigger_target_dag to None, run_after=None
[2024-08-27T14:49:53.800+0000] {processor.py:208} INFO - Processing /home/ubuntu/myenv/lib/python3.12/site-packages/airflow/example_dags/example_trigger_target_dag.py took 0.073 seconds
[2024-08-27T16:09:52.507+0000] {processor.py:186} INFO - Started process (PID=7594) to work on /home/ubuntu/myenv/lib/python3.12/site-packages/airflow/example_dags/example_trigger_target_dag.py
[2024-08-27T16:09:52.509+0000] {processor.py:914} INFO - Processing file /home/ubuntu/myenv/lib/python3.12/site-packages/airflow/example_dags/example_trigger_target_dag.py for tasks to queue
[2024-08-27T16:09:52.511+0000] {logging_mixin.py:190} INFO - [2024-08-27T16:09:52.511+0000] {dagbag.py:587} INFO - Filling up the DagBag from /home/ubuntu/myenv/lib/python3.12/site-packages/airflow/example_dags/example_trigger_target_dag.py
[2024-08-27T16:09:52.520+0000] {processor.py:925} INFO - DAG(s) 'example_trigger_target_dag' retrieved from /home/ubuntu/myenv/lib/python3.12/site-packages/airflow/example_dags/example_trigger_target_dag.py
[2024-08-27T16:09:52.545+0000] {logging_mixin.py:190} INFO - [2024-08-27T16:09:52.545+0000] {dag.py:3211} INFO - Sync 1 DAGs
[2024-08-27T16:09:52.559+0000] {logging_mixin.py:190} INFO - [2024-08-27T16:09:52.558+0000] {dag.py:4138} INFO - Setting next_dagrun for example_trigger_target_dag to None, run_after=None
[2024-08-27T16:09:52.584+0000] {processor.py:208} INFO - Processing /home/ubuntu/myenv/lib/python3.12/site-packages/airflow/example_dags/example_trigger_target_dag.py took 0.082 seconds
[2024-08-27T16:10:46.520+0000] {processor.py:186} INFO - Started process (PID=7692) to work on /home/ubuntu/myenv/lib/python3.12/site-packages/airflow/example_dags/example_trigger_target_dag.py
[2024-08-27T16:10:46.522+0000] {processor.py:914} INFO - Processing file /home/ubuntu/myenv/lib/python3.12/site-packages/airflow/example_dags/example_trigger_target_dag.py for tasks to queue
[2024-08-27T16:10:46.525+0000] {logging_mixin.py:190} INFO - [2024-08-27T16:10:46.524+0000] {dagbag.py:587} INFO - Filling up the DagBag from /home/ubuntu/myenv/lib/python3.12/site-packages/airflow/example_dags/example_trigger_target_dag.py
[2024-08-27T16:10:46.533+0000] {processor.py:925} INFO - DAG(s) 'example_trigger_target_dag' retrieved from /home/ubuntu/myenv/lib/python3.12/site-packages/airflow/example_dags/example_trigger_target_dag.py
[2024-08-27T16:10:46.551+0000] {logging_mixin.py:190} INFO - [2024-08-27T16:10:46.550+0000] {dag.py:3211} INFO - Sync 1 DAGs
[2024-08-27T16:10:46.564+0000] {logging_mixin.py:190} INFO - [2024-08-27T16:10:46.564+0000] {dag.py:4138} INFO - Setting next_dagrun for example_trigger_target_dag to None, run_after=None
[2024-08-27T16:10:46.589+0000] {processor.py:208} INFO - Processing /home/ubuntu/myenv/lib/python3.12/site-packages/airflow/example_dags/example_trigger_target_dag.py took 0.075 seconds
[2024-08-27T16:11:37.119+0000] {processor.py:186} INFO - Started process (PID=7751) to work on /home/ubuntu/myenv/lib/python3.12/site-packages/airflow/example_dags/example_trigger_target_dag.py
[2024-08-27T16:11:37.120+0000] {processor.py:914} INFO - Processing file /home/ubuntu/myenv/lib/python3.12/site-packages/airflow/example_dags/example_trigger_target_dag.py for tasks to queue
[2024-08-27T16:11:37.123+0000] {logging_mixin.py:190} INFO - [2024-08-27T16:11:37.122+0000] {dagbag.py:587} INFO - Filling up the DagBag from /home/ubuntu/myenv/lib/python3.12/site-packages/airflow/example_dags/example_trigger_target_dag.py
[2024-08-27T16:11:37.132+0000] {processor.py:925} INFO - DAG(s) 'example_trigger_target_dag' retrieved from /home/ubuntu/myenv/lib/python3.12/site-packages/airflow/example_dags/example_trigger_target_dag.py
[2024-08-27T16:11:37.149+0000] {logging_mixin.py:190} INFO - [2024-08-27T16:11:37.148+0000] {dag.py:3211} INFO - Sync 1 DAGs
[2024-08-27T16:11:37.162+0000] {logging_mixin.py:190} INFO - [2024-08-27T16:11:37.162+0000] {dag.py:4138} INFO - Setting next_dagrun for example_trigger_target_dag to None, run_after=None
[2024-08-27T16:11:37.184+0000] {processor.py:208} INFO - Processing /home/ubuntu/myenv/lib/python3.12/site-packages/airflow/example_dags/example_trigger_target_dag.py took 0.071 seconds
[2024-08-27T16:12:27.461+0000] {processor.py:186} INFO - Started process (PID=7875) to work on /home/ubuntu/myenv/lib/python3.12/site-packages/airflow/example_dags/example_trigger_target_dag.py
[2024-08-27T16:12:27.463+0000] {processor.py:914} INFO - Processing file /home/ubuntu/myenv/lib/python3.12/site-packages/airflow/example_dags/example_trigger_target_dag.py for tasks to queue
[2024-08-27T16:12:27.465+0000] {logging_mixin.py:190} INFO - [2024-08-27T16:12:27.465+0000] {dagbag.py:587} INFO - Filling up the DagBag from /home/ubuntu/myenv/lib/python3.12/site-packages/airflow/example_dags/example_trigger_target_dag.py
[2024-08-27T16:12:27.475+0000] {processor.py:925} INFO - DAG(s) 'example_trigger_target_dag' retrieved from /home/ubuntu/myenv/lib/python3.12/site-packages/airflow/example_dags/example_trigger_target_dag.py
[2024-08-27T16:12:27.493+0000] {logging_mixin.py:190} INFO - [2024-08-27T16:12:27.492+0000] {dag.py:3211} INFO - Sync 1 DAGs
[2024-08-27T16:12:27.507+0000] {logging_mixin.py:190} INFO - [2024-08-27T16:12:27.506+0000] {dag.py:4138} INFO - Setting next_dagrun for example_trigger_target_dag to None, run_after=None
[2024-08-27T16:12:27.530+0000] {processor.py:208} INFO - Processing /home/ubuntu/myenv/lib/python3.12/site-packages/airflow/example_dags/example_trigger_target_dag.py took 0.075 seconds
[2024-08-27T16:13:20.020+0000] {processor.py:186} INFO - Started process (PID=7965) to work on /home/ubuntu/myenv/lib/python3.12/site-packages/airflow/example_dags/example_trigger_target_dag.py
[2024-08-27T16:13:20.022+0000] {processor.py:914} INFO - Processing file /home/ubuntu/myenv/lib/python3.12/site-packages/airflow/example_dags/example_trigger_target_dag.py for tasks to queue
[2024-08-27T16:13:20.024+0000] {logging_mixin.py:190} INFO - [2024-08-27T16:13:20.024+0000] {dagbag.py:587} INFO - Filling up the DagBag from /home/ubuntu/myenv/lib/python3.12/site-packages/airflow/example_dags/example_trigger_target_dag.py
[2024-08-27T16:13:20.033+0000] {processor.py:925} INFO - DAG(s) 'example_trigger_target_dag' retrieved from /home/ubuntu/myenv/lib/python3.12/site-packages/airflow/example_dags/example_trigger_target_dag.py
[2024-08-27T16:13:20.051+0000] {logging_mixin.py:190} INFO - [2024-08-27T16:13:20.050+0000] {dag.py:3211} INFO - Sync 1 DAGs
[2024-08-27T16:13:20.065+0000] {logging_mixin.py:190} INFO - [2024-08-27T16:13:20.065+0000] {dag.py:4138} INFO - Setting next_dagrun for example_trigger_target_dag to None, run_after=None
[2024-08-27T16:13:20.088+0000] {processor.py:208} INFO - Processing /home/ubuntu/myenv/lib/python3.12/site-packages/airflow/example_dags/example_trigger_target_dag.py took 0.074 seconds
