[2024-08-27T14:34:20.457+0000] {processor.py:186} INFO - Started process (PID=5522) to work on /home/ubuntu/myenv/lib/python3.12/site-packages/airflow/example_dags/example_task_group_decorator.py
[2024-08-27T14:34:20.458+0000] {processor.py:914} INFO - Processing file /home/ubuntu/myenv/lib/python3.12/site-packages/airflow/example_dags/example_task_group_decorator.py for tasks to queue
[2024-08-27T14:34:20.460+0000] {logging_mixin.py:190} INFO - [2024-08-27T14:34:20.460+0000] {dagbag.py:587} INFO - Filling up the DagBag from /home/ubuntu/myenv/lib/python3.12/site-packages/airflow/example_dags/example_task_group_decorator.py
[2024-08-27T14:34:20.479+0000] {processor.py:925} INFO - DAG(s) 'example_task_group_decorator' retrieved from /home/ubuntu/myenv/lib/python3.12/site-packages/airflow/example_dags/example_task_group_decorator.py
[2024-08-27T14:34:20.607+0000] {logging_mixin.py:190} INFO - [2024-08-27T14:34:20.606+0000] {override.py:1900} INFO - Created Permission View: can delete on DAG:example_task_group_decorator
[2024-08-27T14:34:20.620+0000] {logging_mixin.py:190} INFO - [2024-08-27T14:34:20.620+0000] {override.py:1900} INFO - Created Permission View: can edit on DAG:example_task_group_decorator
[2024-08-27T14:34:20.630+0000] {logging_mixin.py:190} INFO - [2024-08-27T14:34:20.629+0000] {override.py:1900} INFO - Created Permission View: can read on DAG:example_task_group_decorator
[2024-08-27T14:34:20.645+0000] {logging_mixin.py:190} INFO - [2024-08-27T14:34:20.645+0000] {override.py:1900} INFO - Created Permission View: can create on DAG Run:example_task_group_decorator
[2024-08-27T14:34:20.655+0000] {logging_mixin.py:190} INFO - [2024-08-27T14:34:20.654+0000] {override.py:1900} INFO - Created Permission View: menu access on DAG Run:example_task_group_decorator
[2024-08-27T14:34:20.664+0000] {logging_mixin.py:190} INFO - [2024-08-27T14:34:20.664+0000] {override.py:1900} INFO - Created Permission View: can delete on DAG Run:example_task_group_decorator
[2024-08-27T14:34:20.674+0000] {logging_mixin.py:190} INFO - [2024-08-27T14:34:20.673+0000] {override.py:1900} INFO - Created Permission View: can read on DAG Run:example_task_group_decorator
[2024-08-27T14:34:20.674+0000] {logging_mixin.py:190} INFO - [2024-08-27T14:34:20.674+0000] {dag.py:3211} INFO - Sync 1 DAGs
[2024-08-27T14:34:20.688+0000] {logging_mixin.py:190} INFO - [2024-08-27T14:34:20.688+0000] {dag.py:3234} INFO - Creating ORM DAG for example_task_group_decorator
[2024-08-27T14:34:20.697+0000] {logging_mixin.py:190} INFO - [2024-08-27T14:34:20.697+0000] {dag.py:4138} INFO - Setting next_dagrun for example_task_group_decorator to 2024-08-26 00:00:00+00:00, run_after=2024-08-27 00:00:00+00:00
[2024-08-27T14:34:20.717+0000] {processor.py:208} INFO - Processing /home/ubuntu/myenv/lib/python3.12/site-packages/airflow/example_dags/example_task_group_decorator.py took 0.266 seconds
[2024-08-27T14:35:28.281+0000] {processor.py:186} INFO - Started process (PID=5587) to work on /home/ubuntu/myenv/lib/python3.12/site-packages/airflow/example_dags/example_task_group_decorator.py
[2024-08-27T14:35:28.282+0000] {processor.py:914} INFO - Processing file /home/ubuntu/myenv/lib/python3.12/site-packages/airflow/example_dags/example_task_group_decorator.py for tasks to queue
[2024-08-27T14:35:28.285+0000] {logging_mixin.py:190} INFO - [2024-08-27T14:35:28.284+0000] {dagbag.py:587} INFO - Filling up the DagBag from /home/ubuntu/myenv/lib/python3.12/site-packages/airflow/example_dags/example_task_group_decorator.py
[2024-08-27T14:35:28.302+0000] {processor.py:925} INFO - DAG(s) 'example_task_group_decorator' retrieved from /home/ubuntu/myenv/lib/python3.12/site-packages/airflow/example_dags/example_task_group_decorator.py
[2024-08-27T14:35:28.325+0000] {logging_mixin.py:190} INFO - [2024-08-27T14:35:28.325+0000] {dag.py:3211} INFO - Sync 1 DAGs
[2024-08-27T14:35:28.347+0000] {logging_mixin.py:190} INFO - [2024-08-27T14:35:28.346+0000] {dag.py:4138} INFO - Setting next_dagrun for example_task_group_decorator to 2024-08-26 00:00:00+00:00, run_after=2024-08-27 00:00:00+00:00
[2024-08-27T14:35:28.368+0000] {processor.py:208} INFO - Processing /home/ubuntu/myenv/lib/python3.12/site-packages/airflow/example_dags/example_task_group_decorator.py took 0.093 seconds
[2024-08-27T14:36:22.216+0000] {processor.py:186} INFO - Started process (PID=5657) to work on /home/ubuntu/myenv/lib/python3.12/site-packages/airflow/example_dags/example_task_group_decorator.py
[2024-08-27T14:36:22.217+0000] {processor.py:914} INFO - Processing file /home/ubuntu/myenv/lib/python3.12/site-packages/airflow/example_dags/example_task_group_decorator.py for tasks to queue
[2024-08-27T14:36:22.220+0000] {logging_mixin.py:190} INFO - [2024-08-27T14:36:22.220+0000] {dagbag.py:587} INFO - Filling up the DagBag from /home/ubuntu/myenv/lib/python3.12/site-packages/airflow/example_dags/example_task_group_decorator.py
[2024-08-27T14:36:22.238+0000] {processor.py:925} INFO - DAG(s) 'example_task_group_decorator' retrieved from /home/ubuntu/myenv/lib/python3.12/site-packages/airflow/example_dags/example_task_group_decorator.py
[2024-08-27T14:36:22.260+0000] {logging_mixin.py:190} INFO - [2024-08-27T14:36:22.260+0000] {dag.py:3211} INFO - Sync 1 DAGs
[2024-08-27T14:36:22.281+0000] {logging_mixin.py:190} INFO - [2024-08-27T14:36:22.281+0000] {dag.py:4138} INFO - Setting next_dagrun for example_task_group_decorator to 2024-08-26 00:00:00+00:00, run_after=2024-08-27 00:00:00+00:00
[2024-08-27T14:36:22.305+0000] {processor.py:208} INFO - Processing /home/ubuntu/myenv/lib/python3.12/site-packages/airflow/example_dags/example_task_group_decorator.py took 0.095 seconds
[2024-08-27T14:37:10.440+0000] {processor.py:186} INFO - Started process (PID=5725) to work on /home/ubuntu/myenv/lib/python3.12/site-packages/airflow/example_dags/example_task_group_decorator.py
[2024-08-27T14:37:10.442+0000] {processor.py:914} INFO - Processing file /home/ubuntu/myenv/lib/python3.12/site-packages/airflow/example_dags/example_task_group_decorator.py for tasks to queue
[2024-08-27T14:37:10.445+0000] {logging_mixin.py:190} INFO - [2024-08-27T14:37:10.444+0000] {dagbag.py:587} INFO - Filling up the DagBag from /home/ubuntu/myenv/lib/python3.12/site-packages/airflow/example_dags/example_task_group_decorator.py
[2024-08-27T14:37:10.463+0000] {processor.py:925} INFO - DAG(s) 'example_task_group_decorator' retrieved from /home/ubuntu/myenv/lib/python3.12/site-packages/airflow/example_dags/example_task_group_decorator.py
[2024-08-27T14:37:10.486+0000] {logging_mixin.py:190} INFO - [2024-08-27T14:37:10.486+0000] {dag.py:3211} INFO - Sync 1 DAGs
[2024-08-27T14:37:10.508+0000] {logging_mixin.py:190} INFO - [2024-08-27T14:37:10.508+0000] {dag.py:4138} INFO - Setting next_dagrun for example_task_group_decorator to 2024-08-26 00:00:00+00:00, run_after=2024-08-27 00:00:00+00:00
[2024-08-27T14:37:10.532+0000] {processor.py:208} INFO - Processing /home/ubuntu/myenv/lib/python3.12/site-packages/airflow/example_dags/example_task_group_decorator.py took 0.098 seconds
[2024-08-27T14:38:01.459+0000] {processor.py:186} INFO - Started process (PID=5791) to work on /home/ubuntu/myenv/lib/python3.12/site-packages/airflow/example_dags/example_task_group_decorator.py
[2024-08-27T14:38:01.461+0000] {processor.py:914} INFO - Processing file /home/ubuntu/myenv/lib/python3.12/site-packages/airflow/example_dags/example_task_group_decorator.py for tasks to queue
[2024-08-27T14:38:01.464+0000] {logging_mixin.py:190} INFO - [2024-08-27T14:38:01.463+0000] {dagbag.py:587} INFO - Filling up the DagBag from /home/ubuntu/myenv/lib/python3.12/site-packages/airflow/example_dags/example_task_group_decorator.py
[2024-08-27T14:38:01.483+0000] {processor.py:925} INFO - DAG(s) 'example_task_group_decorator' retrieved from /home/ubuntu/myenv/lib/python3.12/site-packages/airflow/example_dags/example_task_group_decorator.py
[2024-08-27T14:38:01.507+0000] {logging_mixin.py:190} INFO - [2024-08-27T14:38:01.507+0000] {dag.py:3211} INFO - Sync 1 DAGs
[2024-08-27T14:38:01.530+0000] {logging_mixin.py:190} INFO - [2024-08-27T14:38:01.530+0000] {dag.py:4138} INFO - Setting next_dagrun for example_task_group_decorator to 2024-08-26 00:00:00+00:00, run_after=2024-08-27 00:00:00+00:00
[2024-08-27T14:38:01.555+0000] {processor.py:208} INFO - Processing /home/ubuntu/myenv/lib/python3.12/site-packages/airflow/example_dags/example_task_group_decorator.py took 0.102 seconds
[2024-08-27T14:38:56.293+0000] {processor.py:186} INFO - Started process (PID=5859) to work on /home/ubuntu/myenv/lib/python3.12/site-packages/airflow/example_dags/example_task_group_decorator.py
[2024-08-27T14:38:56.295+0000] {processor.py:914} INFO - Processing file /home/ubuntu/myenv/lib/python3.12/site-packages/airflow/example_dags/example_task_group_decorator.py for tasks to queue
[2024-08-27T14:38:56.298+0000] {logging_mixin.py:190} INFO - [2024-08-27T14:38:56.297+0000] {dagbag.py:587} INFO - Filling up the DagBag from /home/ubuntu/myenv/lib/python3.12/site-packages/airflow/example_dags/example_task_group_decorator.py
[2024-08-27T14:38:56.316+0000] {processor.py:925} INFO - DAG(s) 'example_task_group_decorator' retrieved from /home/ubuntu/myenv/lib/python3.12/site-packages/airflow/example_dags/example_task_group_decorator.py
[2024-08-27T14:38:56.340+0000] {logging_mixin.py:190} INFO - [2024-08-27T14:38:56.339+0000] {dag.py:3211} INFO - Sync 1 DAGs
[2024-08-27T14:38:56.488+0000] {logging_mixin.py:190} INFO - [2024-08-27T14:38:56.488+0000] {dag.py:4138} INFO - Setting next_dagrun for example_task_group_decorator to 2024-08-26 00:00:00+00:00, run_after=2024-08-27 00:00:00+00:00
[2024-08-27T14:38:56.509+0000] {processor.py:208} INFO - Processing /home/ubuntu/myenv/lib/python3.12/site-packages/airflow/example_dags/example_task_group_decorator.py took 0.221 seconds
[2024-08-27T14:39:55.397+0000] {processor.py:186} INFO - Started process (PID=5934) to work on /home/ubuntu/myenv/lib/python3.12/site-packages/airflow/example_dags/example_task_group_decorator.py
[2024-08-27T14:39:55.398+0000] {processor.py:914} INFO - Processing file /home/ubuntu/myenv/lib/python3.12/site-packages/airflow/example_dags/example_task_group_decorator.py for tasks to queue
[2024-08-27T14:39:55.401+0000] {logging_mixin.py:190} INFO - [2024-08-27T14:39:55.400+0000] {dagbag.py:587} INFO - Filling up the DagBag from /home/ubuntu/myenv/lib/python3.12/site-packages/airflow/example_dags/example_task_group_decorator.py
[2024-08-27T14:39:55.419+0000] {processor.py:925} INFO - DAG(s) 'example_task_group_decorator' retrieved from /home/ubuntu/myenv/lib/python3.12/site-packages/airflow/example_dags/example_task_group_decorator.py
[2024-08-27T14:39:55.444+0000] {logging_mixin.py:190} INFO - [2024-08-27T14:39:55.443+0000] {dag.py:3211} INFO - Sync 1 DAGs
[2024-08-27T14:39:55.467+0000] {logging_mixin.py:190} INFO - [2024-08-27T14:39:55.467+0000] {dag.py:4138} INFO - Setting next_dagrun for example_task_group_decorator to 2024-08-26 00:00:00+00:00, run_after=2024-08-27 00:00:00+00:00
[2024-08-27T14:39:55.489+0000] {processor.py:208} INFO - Processing /home/ubuntu/myenv/lib/python3.12/site-packages/airflow/example_dags/example_task_group_decorator.py took 0.099 seconds
[2024-08-27T14:40:44.833+0000] {processor.py:186} INFO - Started process (PID=5992) to work on /home/ubuntu/myenv/lib/python3.12/site-packages/airflow/example_dags/example_task_group_decorator.py
[2024-08-27T14:40:44.835+0000] {processor.py:914} INFO - Processing file /home/ubuntu/myenv/lib/python3.12/site-packages/airflow/example_dags/example_task_group_decorator.py for tasks to queue
[2024-08-27T14:40:44.837+0000] {logging_mixin.py:190} INFO - [2024-08-27T14:40:44.837+0000] {dagbag.py:587} INFO - Filling up the DagBag from /home/ubuntu/myenv/lib/python3.12/site-packages/airflow/example_dags/example_task_group_decorator.py
[2024-08-27T14:40:44.856+0000] {processor.py:925} INFO - DAG(s) 'example_task_group_decorator' retrieved from /home/ubuntu/myenv/lib/python3.12/site-packages/airflow/example_dags/example_task_group_decorator.py
[2024-08-27T14:40:44.880+0000] {logging_mixin.py:190} INFO - [2024-08-27T14:40:44.880+0000] {dag.py:3211} INFO - Sync 1 DAGs
[2024-08-27T14:40:44.903+0000] {logging_mixin.py:190} INFO - [2024-08-27T14:40:44.903+0000] {dag.py:4138} INFO - Setting next_dagrun for example_task_group_decorator to 2024-08-26 00:00:00+00:00, run_after=2024-08-27 00:00:00+00:00
[2024-08-27T14:40:44.926+0000] {processor.py:208} INFO - Processing /home/ubuntu/myenv/lib/python3.12/site-packages/airflow/example_dags/example_task_group_decorator.py took 0.099 seconds
[2024-08-27T14:41:35.260+0000] {processor.py:186} INFO - Started process (PID=6044) to work on /home/ubuntu/myenv/lib/python3.12/site-packages/airflow/example_dags/example_task_group_decorator.py
[2024-08-27T14:41:35.261+0000] {processor.py:914} INFO - Processing file /home/ubuntu/myenv/lib/python3.12/site-packages/airflow/example_dags/example_task_group_decorator.py for tasks to queue
[2024-08-27T14:41:35.264+0000] {logging_mixin.py:190} INFO - [2024-08-27T14:41:35.264+0000] {dagbag.py:587} INFO - Filling up the DagBag from /home/ubuntu/myenv/lib/python3.12/site-packages/airflow/example_dags/example_task_group_decorator.py
[2024-08-27T14:41:35.284+0000] {processor.py:925} INFO - DAG(s) 'example_task_group_decorator' retrieved from /home/ubuntu/myenv/lib/python3.12/site-packages/airflow/example_dags/example_task_group_decorator.py
[2024-08-27T14:41:35.308+0000] {logging_mixin.py:190} INFO - [2024-08-27T14:41:35.308+0000] {dag.py:3211} INFO - Sync 1 DAGs
[2024-08-27T14:41:35.331+0000] {logging_mixin.py:190} INFO - [2024-08-27T14:41:35.331+0000] {dag.py:4138} INFO - Setting next_dagrun for example_task_group_decorator to 2024-08-26 00:00:00+00:00, run_after=2024-08-27 00:00:00+00:00
[2024-08-27T14:41:35.355+0000] {processor.py:208} INFO - Processing /home/ubuntu/myenv/lib/python3.12/site-packages/airflow/example_dags/example_task_group_decorator.py took 0.102 seconds
[2024-08-27T14:42:25.535+0000] {processor.py:186} INFO - Started process (PID=6095) to work on /home/ubuntu/myenv/lib/python3.12/site-packages/airflow/example_dags/example_task_group_decorator.py
[2024-08-27T14:42:25.537+0000] {processor.py:914} INFO - Processing file /home/ubuntu/myenv/lib/python3.12/site-packages/airflow/example_dags/example_task_group_decorator.py for tasks to queue
[2024-08-27T14:42:25.539+0000] {logging_mixin.py:190} INFO - [2024-08-27T14:42:25.538+0000] {dagbag.py:587} INFO - Filling up the DagBag from /home/ubuntu/myenv/lib/python3.12/site-packages/airflow/example_dags/example_task_group_decorator.py
[2024-08-27T14:42:25.558+0000] {processor.py:925} INFO - DAG(s) 'example_task_group_decorator' retrieved from /home/ubuntu/myenv/lib/python3.12/site-packages/airflow/example_dags/example_task_group_decorator.py
[2024-08-27T14:42:25.582+0000] {logging_mixin.py:190} INFO - [2024-08-27T14:42:25.582+0000] {dag.py:3211} INFO - Sync 1 DAGs
[2024-08-27T14:42:25.604+0000] {logging_mixin.py:190} INFO - [2024-08-27T14:42:25.604+0000] {dag.py:4138} INFO - Setting next_dagrun for example_task_group_decorator to 2024-08-26 00:00:00+00:00, run_after=2024-08-27 00:00:00+00:00
[2024-08-27T14:42:25.628+0000] {processor.py:208} INFO - Processing /home/ubuntu/myenv/lib/python3.12/site-packages/airflow/example_dags/example_task_group_decorator.py took 0.099 seconds
[2024-08-27T14:43:15.791+0000] {processor.py:186} INFO - Started process (PID=6146) to work on /home/ubuntu/myenv/lib/python3.12/site-packages/airflow/example_dags/example_task_group_decorator.py
[2024-08-27T14:43:15.793+0000] {processor.py:914} INFO - Processing file /home/ubuntu/myenv/lib/python3.12/site-packages/airflow/example_dags/example_task_group_decorator.py for tasks to queue
[2024-08-27T14:43:15.796+0000] {logging_mixin.py:190} INFO - [2024-08-27T14:43:15.795+0000] {dagbag.py:587} INFO - Filling up the DagBag from /home/ubuntu/myenv/lib/python3.12/site-packages/airflow/example_dags/example_task_group_decorator.py
[2024-08-27T14:43:15.815+0000] {processor.py:925} INFO - DAG(s) 'example_task_group_decorator' retrieved from /home/ubuntu/myenv/lib/python3.12/site-packages/airflow/example_dags/example_task_group_decorator.py
[2024-08-27T14:43:15.839+0000] {logging_mixin.py:190} INFO - [2024-08-27T14:43:15.839+0000] {dag.py:3211} INFO - Sync 1 DAGs
[2024-08-27T14:43:15.863+0000] {logging_mixin.py:190} INFO - [2024-08-27T14:43:15.863+0000] {dag.py:4138} INFO - Setting next_dagrun for example_task_group_decorator to 2024-08-26 00:00:00+00:00, run_after=2024-08-27 00:00:00+00:00
[2024-08-27T14:43:15.887+0000] {processor.py:208} INFO - Processing /home/ubuntu/myenv/lib/python3.12/site-packages/airflow/example_dags/example_task_group_decorator.py took 0.102 seconds
[2024-08-27T14:44:06.206+0000] {processor.py:186} INFO - Started process (PID=6200) to work on /home/ubuntu/myenv/lib/python3.12/site-packages/airflow/example_dags/example_task_group_decorator.py
[2024-08-27T14:44:06.208+0000] {processor.py:914} INFO - Processing file /home/ubuntu/myenv/lib/python3.12/site-packages/airflow/example_dags/example_task_group_decorator.py for tasks to queue
[2024-08-27T14:44:06.210+0000] {logging_mixin.py:190} INFO - [2024-08-27T14:44:06.210+0000] {dagbag.py:587} INFO - Filling up the DagBag from /home/ubuntu/myenv/lib/python3.12/site-packages/airflow/example_dags/example_task_group_decorator.py
[2024-08-27T14:44:06.230+0000] {processor.py:925} INFO - DAG(s) 'example_task_group_decorator' retrieved from /home/ubuntu/myenv/lib/python3.12/site-packages/airflow/example_dags/example_task_group_decorator.py
[2024-08-27T14:44:06.254+0000] {logging_mixin.py:190} INFO - [2024-08-27T14:44:06.253+0000] {dag.py:3211} INFO - Sync 1 DAGs
[2024-08-27T14:44:06.276+0000] {logging_mixin.py:190} INFO - [2024-08-27T14:44:06.276+0000] {dag.py:4138} INFO - Setting next_dagrun for example_task_group_decorator to 2024-08-26 00:00:00+00:00, run_after=2024-08-27 00:00:00+00:00
[2024-08-27T14:44:06.301+0000] {processor.py:208} INFO - Processing /home/ubuntu/myenv/lib/python3.12/site-packages/airflow/example_dags/example_task_group_decorator.py took 0.101 seconds
[2024-08-27T14:44:56.806+0000] {processor.py:186} INFO - Started process (PID=6252) to work on /home/ubuntu/myenv/lib/python3.12/site-packages/airflow/example_dags/example_task_group_decorator.py
[2024-08-27T14:44:56.807+0000] {processor.py:914} INFO - Processing file /home/ubuntu/myenv/lib/python3.12/site-packages/airflow/example_dags/example_task_group_decorator.py for tasks to queue
[2024-08-27T14:44:56.810+0000] {logging_mixin.py:190} INFO - [2024-08-27T14:44:56.809+0000] {dagbag.py:587} INFO - Filling up the DagBag from /home/ubuntu/myenv/lib/python3.12/site-packages/airflow/example_dags/example_task_group_decorator.py
[2024-08-27T14:44:56.829+0000] {processor.py:925} INFO - DAG(s) 'example_task_group_decorator' retrieved from /home/ubuntu/myenv/lib/python3.12/site-packages/airflow/example_dags/example_task_group_decorator.py
[2024-08-27T14:44:56.853+0000] {logging_mixin.py:190} INFO - [2024-08-27T14:44:56.852+0000] {dag.py:3211} INFO - Sync 1 DAGs
[2024-08-27T14:44:56.874+0000] {logging_mixin.py:190} INFO - [2024-08-27T14:44:56.874+0000] {dag.py:4138} INFO - Setting next_dagrun for example_task_group_decorator to 2024-08-26 00:00:00+00:00, run_after=2024-08-27 00:00:00+00:00
[2024-08-27T14:44:56.897+0000] {processor.py:208} INFO - Processing /home/ubuntu/myenv/lib/python3.12/site-packages/airflow/example_dags/example_task_group_decorator.py took 0.097 seconds
[2024-08-27T14:45:49.325+0000] {processor.py:186} INFO - Started process (PID=6307) to work on /home/ubuntu/myenv/lib/python3.12/site-packages/airflow/example_dags/example_task_group_decorator.py
[2024-08-27T14:45:49.327+0000] {processor.py:914} INFO - Processing file /home/ubuntu/myenv/lib/python3.12/site-packages/airflow/example_dags/example_task_group_decorator.py for tasks to queue
[2024-08-27T14:45:49.330+0000] {logging_mixin.py:190} INFO - [2024-08-27T14:45:49.330+0000] {dagbag.py:587} INFO - Filling up the DagBag from /home/ubuntu/myenv/lib/python3.12/site-packages/airflow/example_dags/example_task_group_decorator.py
[2024-08-27T14:45:49.349+0000] {processor.py:925} INFO - DAG(s) 'example_task_group_decorator' retrieved from /home/ubuntu/myenv/lib/python3.12/site-packages/airflow/example_dags/example_task_group_decorator.py
[2024-08-27T14:45:49.373+0000] {logging_mixin.py:190} INFO - [2024-08-27T14:45:49.373+0000] {dag.py:3211} INFO - Sync 1 DAGs
[2024-08-27T14:45:49.395+0000] {logging_mixin.py:190} INFO - [2024-08-27T14:45:49.395+0000] {dag.py:4138} INFO - Setting next_dagrun for example_task_group_decorator to 2024-08-26 00:00:00+00:00, run_after=2024-08-27 00:00:00+00:00
[2024-08-27T14:45:49.417+0000] {processor.py:208} INFO - Processing /home/ubuntu/myenv/lib/python3.12/site-packages/airflow/example_dags/example_task_group_decorator.py took 0.098 seconds
[2024-08-27T14:46:35.845+0000] {processor.py:186} INFO - Started process (PID=6359) to work on /home/ubuntu/myenv/lib/python3.12/site-packages/airflow/example_dags/example_task_group_decorator.py
[2024-08-27T14:46:35.846+0000] {processor.py:914} INFO - Processing file /home/ubuntu/myenv/lib/python3.12/site-packages/airflow/example_dags/example_task_group_decorator.py for tasks to queue
[2024-08-27T14:46:35.849+0000] {logging_mixin.py:190} INFO - [2024-08-27T14:46:35.848+0000] {dagbag.py:587} INFO - Filling up the DagBag from /home/ubuntu/myenv/lib/python3.12/site-packages/airflow/example_dags/example_task_group_decorator.py
[2024-08-27T14:46:35.867+0000] {processor.py:925} INFO - DAG(s) 'example_task_group_decorator' retrieved from /home/ubuntu/myenv/lib/python3.12/site-packages/airflow/example_dags/example_task_group_decorator.py
[2024-08-27T14:46:35.890+0000] {logging_mixin.py:190} INFO - [2024-08-27T14:46:35.890+0000] {dag.py:3211} INFO - Sync 1 DAGs
[2024-08-27T14:46:35.913+0000] {logging_mixin.py:190} INFO - [2024-08-27T14:46:35.912+0000] {dag.py:4138} INFO - Setting next_dagrun for example_task_group_decorator to 2024-08-26 00:00:00+00:00, run_after=2024-08-27 00:00:00+00:00
[2024-08-27T14:46:35.936+0000] {processor.py:208} INFO - Processing /home/ubuntu/myenv/lib/python3.12/site-packages/airflow/example_dags/example_task_group_decorator.py took 0.097 seconds
[2024-08-27T14:47:24.216+0000] {processor.py:186} INFO - Started process (PID=6408) to work on /home/ubuntu/myenv/lib/python3.12/site-packages/airflow/example_dags/example_task_group_decorator.py
[2024-08-27T14:47:24.218+0000] {processor.py:914} INFO - Processing file /home/ubuntu/myenv/lib/python3.12/site-packages/airflow/example_dags/example_task_group_decorator.py for tasks to queue
[2024-08-27T14:47:24.220+0000] {logging_mixin.py:190} INFO - [2024-08-27T14:47:24.219+0000] {dagbag.py:587} INFO - Filling up the DagBag from /home/ubuntu/myenv/lib/python3.12/site-packages/airflow/example_dags/example_task_group_decorator.py
[2024-08-27T14:47:24.239+0000] {processor.py:925} INFO - DAG(s) 'example_task_group_decorator' retrieved from /home/ubuntu/myenv/lib/python3.12/site-packages/airflow/example_dags/example_task_group_decorator.py
[2024-08-27T14:47:24.263+0000] {logging_mixin.py:190} INFO - [2024-08-27T14:47:24.263+0000] {dag.py:3211} INFO - Sync 1 DAGs
[2024-08-27T14:47:24.285+0000] {logging_mixin.py:190} INFO - [2024-08-27T14:47:24.285+0000] {dag.py:4138} INFO - Setting next_dagrun for example_task_group_decorator to 2024-08-26 00:00:00+00:00, run_after=2024-08-27 00:00:00+00:00
[2024-08-27T14:47:24.308+0000] {processor.py:208} INFO - Processing /home/ubuntu/myenv/lib/python3.12/site-packages/airflow/example_dags/example_task_group_decorator.py took 0.098 seconds
[2024-08-27T14:48:15.234+0000] {processor.py:186} INFO - Started process (PID=6464) to work on /home/ubuntu/myenv/lib/python3.12/site-packages/airflow/example_dags/example_task_group_decorator.py
[2024-08-27T14:48:15.236+0000] {processor.py:914} INFO - Processing file /home/ubuntu/myenv/lib/python3.12/site-packages/airflow/example_dags/example_task_group_decorator.py for tasks to queue
[2024-08-27T14:48:15.239+0000] {logging_mixin.py:190} INFO - [2024-08-27T14:48:15.239+0000] {dagbag.py:587} INFO - Filling up the DagBag from /home/ubuntu/myenv/lib/python3.12/site-packages/airflow/example_dags/example_task_group_decorator.py
[2024-08-27T14:48:15.258+0000] {processor.py:925} INFO - DAG(s) 'example_task_group_decorator' retrieved from /home/ubuntu/myenv/lib/python3.12/site-packages/airflow/example_dags/example_task_group_decorator.py
[2024-08-27T14:48:15.283+0000] {logging_mixin.py:190} INFO - [2024-08-27T14:48:15.283+0000] {dag.py:3211} INFO - Sync 1 DAGs
[2024-08-27T14:48:15.306+0000] {logging_mixin.py:190} INFO - [2024-08-27T14:48:15.306+0000] {dag.py:4138} INFO - Setting next_dagrun for example_task_group_decorator to 2024-08-26 00:00:00+00:00, run_after=2024-08-27 00:00:00+00:00
[2024-08-27T14:48:15.329+0000] {processor.py:208} INFO - Processing /home/ubuntu/myenv/lib/python3.12/site-packages/airflow/example_dags/example_task_group_decorator.py took 0.101 seconds
[2024-08-27T14:49:05.909+0000] {processor.py:186} INFO - Started process (PID=6520) to work on /home/ubuntu/myenv/lib/python3.12/site-packages/airflow/example_dags/example_task_group_decorator.py
[2024-08-27T14:49:05.910+0000] {processor.py:914} INFO - Processing file /home/ubuntu/myenv/lib/python3.12/site-packages/airflow/example_dags/example_task_group_decorator.py for tasks to queue
[2024-08-27T14:49:05.913+0000] {logging_mixin.py:190} INFO - [2024-08-27T14:49:05.912+0000] {dagbag.py:587} INFO - Filling up the DagBag from /home/ubuntu/myenv/lib/python3.12/site-packages/airflow/example_dags/example_task_group_decorator.py
[2024-08-27T14:49:05.933+0000] {processor.py:925} INFO - DAG(s) 'example_task_group_decorator' retrieved from /home/ubuntu/myenv/lib/python3.12/site-packages/airflow/example_dags/example_task_group_decorator.py
[2024-08-27T14:49:05.957+0000] {logging_mixin.py:190} INFO - [2024-08-27T14:49:05.957+0000] {dag.py:3211} INFO - Sync 1 DAGs
[2024-08-27T14:49:05.981+0000] {logging_mixin.py:190} INFO - [2024-08-27T14:49:05.981+0000] {dag.py:4138} INFO - Setting next_dagrun for example_task_group_decorator to 2024-08-26 00:00:00+00:00, run_after=2024-08-27 00:00:00+00:00
[2024-08-27T14:49:06.005+0000] {processor.py:208} INFO - Processing /home/ubuntu/myenv/lib/python3.12/site-packages/airflow/example_dags/example_task_group_decorator.py took 0.102 seconds
[2024-08-27T16:09:57.347+0000] {processor.py:186} INFO - Started process (PID=7599) to work on /home/ubuntu/myenv/lib/python3.12/site-packages/airflow/example_dags/example_task_group_decorator.py
[2024-08-27T16:09:57.349+0000] {processor.py:914} INFO - Processing file /home/ubuntu/myenv/lib/python3.12/site-packages/airflow/example_dags/example_task_group_decorator.py for tasks to queue
[2024-08-27T16:09:57.351+0000] {logging_mixin.py:190} INFO - [2024-08-27T16:09:57.351+0000] {dagbag.py:587} INFO - Filling up the DagBag from /home/ubuntu/myenv/lib/python3.12/site-packages/airflow/example_dags/example_task_group_decorator.py
[2024-08-27T16:09:57.370+0000] {processor.py:925} INFO - DAG(s) 'example_task_group_decorator' retrieved from /home/ubuntu/myenv/lib/python3.12/site-packages/airflow/example_dags/example_task_group_decorator.py
[2024-08-27T16:09:57.401+0000] {logging_mixin.py:190} INFO - [2024-08-27T16:09:57.401+0000] {dag.py:3211} INFO - Sync 1 DAGs
[2024-08-27T16:09:57.424+0000] {logging_mixin.py:190} INFO - [2024-08-27T16:09:57.423+0000] {dag.py:4138} INFO - Setting next_dagrun for example_task_group_decorator to 2024-08-26 00:00:00+00:00, run_after=2024-08-27 00:00:00+00:00
[2024-08-27T16:09:57.447+0000] {processor.py:208} INFO - Processing /home/ubuntu/myenv/lib/python3.12/site-packages/airflow/example_dags/example_task_group_decorator.py took 0.105 seconds
[2024-08-27T16:10:51.672+0000] {processor.py:186} INFO - Started process (PID=7699) to work on /home/ubuntu/myenv/lib/python3.12/site-packages/airflow/example_dags/example_task_group_decorator.py
[2024-08-27T16:10:51.673+0000] {processor.py:914} INFO - Processing file /home/ubuntu/myenv/lib/python3.12/site-packages/airflow/example_dags/example_task_group_decorator.py for tasks to queue
[2024-08-27T16:10:51.676+0000] {logging_mixin.py:190} INFO - [2024-08-27T16:10:51.675+0000] {dagbag.py:587} INFO - Filling up the DagBag from /home/ubuntu/myenv/lib/python3.12/site-packages/airflow/example_dags/example_task_group_decorator.py
[2024-08-27T16:10:51.695+0000] {processor.py:925} INFO - DAG(s) 'example_task_group_decorator' retrieved from /home/ubuntu/myenv/lib/python3.12/site-packages/airflow/example_dags/example_task_group_decorator.py
[2024-08-27T16:10:51.720+0000] {logging_mixin.py:190} INFO - [2024-08-27T16:10:51.720+0000] {dag.py:3211} INFO - Sync 1 DAGs
[2024-08-27T16:10:51.743+0000] {logging_mixin.py:190} INFO - [2024-08-27T16:10:51.743+0000] {dag.py:4138} INFO - Setting next_dagrun for example_task_group_decorator to 2024-08-26 00:00:00+00:00, run_after=2024-08-27 00:00:00+00:00
[2024-08-27T16:10:51.767+0000] {processor.py:208} INFO - Processing /home/ubuntu/myenv/lib/python3.12/site-packages/airflow/example_dags/example_task_group_decorator.py took 0.101 seconds
[2024-08-27T16:11:42.269+0000] {processor.py:186} INFO - Started process (PID=7758) to work on /home/ubuntu/myenv/lib/python3.12/site-packages/airflow/example_dags/example_task_group_decorator.py
[2024-08-27T16:11:42.270+0000] {processor.py:914} INFO - Processing file /home/ubuntu/myenv/lib/python3.12/site-packages/airflow/example_dags/example_task_group_decorator.py for tasks to queue
[2024-08-27T16:11:42.273+0000] {logging_mixin.py:190} INFO - [2024-08-27T16:11:42.273+0000] {dagbag.py:587} INFO - Filling up the DagBag from /home/ubuntu/myenv/lib/python3.12/site-packages/airflow/example_dags/example_task_group_decorator.py
[2024-08-27T16:11:42.292+0000] {processor.py:925} INFO - DAG(s) 'example_task_group_decorator' retrieved from /home/ubuntu/myenv/lib/python3.12/site-packages/airflow/example_dags/example_task_group_decorator.py
[2024-08-27T16:11:42.317+0000] {logging_mixin.py:190} INFO - [2024-08-27T16:11:42.316+0000] {dag.py:3211} INFO - Sync 1 DAGs
[2024-08-27T16:11:42.339+0000] {logging_mixin.py:190} INFO - [2024-08-27T16:11:42.339+0000] {dag.py:4138} INFO - Setting next_dagrun for example_task_group_decorator to 2024-08-26 00:00:00+00:00, run_after=2024-08-27 00:00:00+00:00
[2024-08-27T16:11:42.364+0000] {processor.py:208} INFO - Processing /home/ubuntu/myenv/lib/python3.12/site-packages/airflow/example_dags/example_task_group_decorator.py took 0.101 seconds
[2024-08-27T16:12:32.287+0000] {processor.py:186} INFO - Started process (PID=7882) to work on /home/ubuntu/myenv/lib/python3.12/site-packages/airflow/example_dags/example_task_group_decorator.py
[2024-08-27T16:12:32.289+0000] {processor.py:914} INFO - Processing file /home/ubuntu/myenv/lib/python3.12/site-packages/airflow/example_dags/example_task_group_decorator.py for tasks to queue
[2024-08-27T16:12:32.292+0000] {logging_mixin.py:190} INFO - [2024-08-27T16:12:32.292+0000] {dagbag.py:587} INFO - Filling up the DagBag from /home/ubuntu/myenv/lib/python3.12/site-packages/airflow/example_dags/example_task_group_decorator.py
[2024-08-27T16:12:32.310+0000] {processor.py:925} INFO - DAG(s) 'example_task_group_decorator' retrieved from /home/ubuntu/myenv/lib/python3.12/site-packages/airflow/example_dags/example_task_group_decorator.py
[2024-08-27T16:12:32.334+0000] {logging_mixin.py:190} INFO - [2024-08-27T16:12:32.334+0000] {dag.py:3211} INFO - Sync 1 DAGs
[2024-08-27T16:12:32.355+0000] {logging_mixin.py:190} INFO - [2024-08-27T16:12:32.355+0000] {dag.py:4138} INFO - Setting next_dagrun for example_task_group_decorator to 2024-08-26 00:00:00+00:00, run_after=2024-08-27 00:00:00+00:00
[2024-08-27T16:12:32.378+0000] {processor.py:208} INFO - Processing /home/ubuntu/myenv/lib/python3.12/site-packages/airflow/example_dags/example_task_group_decorator.py took 0.097 seconds
[2024-08-27T16:13:25.171+0000] {processor.py:186} INFO - Started process (PID=7970) to work on /home/ubuntu/myenv/lib/python3.12/site-packages/airflow/example_dags/example_task_group_decorator.py
[2024-08-27T16:13:25.172+0000] {processor.py:914} INFO - Processing file /home/ubuntu/myenv/lib/python3.12/site-packages/airflow/example_dags/example_task_group_decorator.py for tasks to queue
[2024-08-27T16:13:25.175+0000] {logging_mixin.py:190} INFO - [2024-08-27T16:13:25.175+0000] {dagbag.py:587} INFO - Filling up the DagBag from /home/ubuntu/myenv/lib/python3.12/site-packages/airflow/example_dags/example_task_group_decorator.py
[2024-08-27T16:13:25.193+0000] {processor.py:925} INFO - DAG(s) 'example_task_group_decorator' retrieved from /home/ubuntu/myenv/lib/python3.12/site-packages/airflow/example_dags/example_task_group_decorator.py
[2024-08-27T16:13:25.217+0000] {logging_mixin.py:190} INFO - [2024-08-27T16:13:25.217+0000] {dag.py:3211} INFO - Sync 1 DAGs
[2024-08-27T16:13:25.239+0000] {logging_mixin.py:190} INFO - [2024-08-27T16:13:25.238+0000] {dag.py:4138} INFO - Setting next_dagrun for example_task_group_decorator to 2024-08-26 00:00:00+00:00, run_after=2024-08-27 00:00:00+00:00
[2024-08-27T16:13:25.260+0000] {processor.py:208} INFO - Processing /home/ubuntu/myenv/lib/python3.12/site-packages/airflow/example_dags/example_task_group_decorator.py took 0.096 seconds
