[2024-08-27T14:34:08.442+0000] {processor.py:186} INFO - Started process (PID=5512) to work on /home/ubuntu/myenv/lib/python3.12/site-packages/airflow/example_dags/tutorial_taskflow_api.py
[2024-08-27T14:34:08.443+0000] {processor.py:914} INFO - Processing file /home/ubuntu/myenv/lib/python3.12/site-packages/airflow/example_dags/tutorial_taskflow_api.py for tasks to queue
[2024-08-27T14:34:08.445+0000] {logging_mixin.py:190} INFO - [2024-08-27T14:34:08.445+0000] {dagbag.py:587} INFO - Filling up the DagBag from /home/ubuntu/myenv/lib/python3.12/site-packages/airflow/example_dags/tutorial_taskflow_api.py
[2024-08-27T14:34:08.455+0000] {processor.py:925} INFO - DAG(s) 'tutorial_taskflow_api' retrieved from /home/ubuntu/myenv/lib/python3.12/site-packages/airflow/example_dags/tutorial_taskflow_api.py
[2024-08-27T14:34:08.579+0000] {logging_mixin.py:190} INFO - [2024-08-27T14:34:08.578+0000] {override.py:1900} INFO - Created Permission View: can delete on DAG:tutorial_taskflow_api
[2024-08-27T14:34:08.592+0000] {logging_mixin.py:190} INFO - [2024-08-27T14:34:08.592+0000] {override.py:1900} INFO - Created Permission View: can edit on DAG:tutorial_taskflow_api
[2024-08-27T14:34:08.601+0000] {logging_mixin.py:190} INFO - [2024-08-27T14:34:08.601+0000] {override.py:1900} INFO - Created Permission View: can read on DAG:tutorial_taskflow_api
[2024-08-27T14:34:08.617+0000] {logging_mixin.py:190} INFO - [2024-08-27T14:34:08.617+0000] {override.py:1900} INFO - Created Permission View: can create on DAG Run:tutorial_taskflow_api
[2024-08-27T14:34:08.627+0000] {logging_mixin.py:190} INFO - [2024-08-27T14:34:08.627+0000] {override.py:1900} INFO - Created Permission View: menu access on DAG Run:tutorial_taskflow_api
[2024-08-27T14:34:08.637+0000] {logging_mixin.py:190} INFO - [2024-08-27T14:34:08.637+0000] {override.py:1900} INFO - Created Permission View: can delete on DAG Run:tutorial_taskflow_api
[2024-08-27T14:34:08.647+0000] {logging_mixin.py:190} INFO - [2024-08-27T14:34:08.647+0000] {override.py:1900} INFO - Created Permission View: can read on DAG Run:tutorial_taskflow_api
[2024-08-27T14:34:08.648+0000] {logging_mixin.py:190} INFO - [2024-08-27T14:34:08.647+0000] {dag.py:3211} INFO - Sync 1 DAGs
[2024-08-27T14:34:08.662+0000] {logging_mixin.py:190} INFO - [2024-08-27T14:34:08.662+0000] {dag.py:3234} INFO - Creating ORM DAG for tutorial_taskflow_api
[2024-08-27T14:34:08.662+0000] {logging_mixin.py:190} INFO - [2024-08-27T14:34:08.662+0000] {dag.py:4138} INFO - Setting next_dagrun for tutorial_taskflow_api to None, run_after=None
[2024-08-27T14:34:08.681+0000] {processor.py:208} INFO - Processing /home/ubuntu/myenv/lib/python3.12/site-packages/airflow/example_dags/tutorial_taskflow_api.py took 0.245 seconds
[2024-08-27T14:35:17.641+0000] {processor.py:186} INFO - Started process (PID=5572) to work on /home/ubuntu/myenv/lib/python3.12/site-packages/airflow/example_dags/tutorial_taskflow_api.py
[2024-08-27T14:35:17.643+0000] {processor.py:914} INFO - Processing file /home/ubuntu/myenv/lib/python3.12/site-packages/airflow/example_dags/tutorial_taskflow_api.py for tasks to queue
[2024-08-27T14:35:17.645+0000] {logging_mixin.py:190} INFO - [2024-08-27T14:35:17.645+0000] {dagbag.py:587} INFO - Filling up the DagBag from /home/ubuntu/myenv/lib/python3.12/site-packages/airflow/example_dags/tutorial_taskflow_api.py
[2024-08-27T14:35:17.655+0000] {processor.py:925} INFO - DAG(s) 'tutorial_taskflow_api' retrieved from /home/ubuntu/myenv/lib/python3.12/site-packages/airflow/example_dags/tutorial_taskflow_api.py
[2024-08-27T14:35:17.672+0000] {logging_mixin.py:190} INFO - [2024-08-27T14:35:17.672+0000] {dag.py:3211} INFO - Sync 1 DAGs
[2024-08-27T14:35:17.686+0000] {logging_mixin.py:190} INFO - [2024-08-27T14:35:17.685+0000] {dag.py:4138} INFO - Setting next_dagrun for tutorial_taskflow_api to None, run_after=None
[2024-08-27T14:35:17.709+0000] {processor.py:208} INFO - Processing /home/ubuntu/myenv/lib/python3.12/site-packages/airflow/example_dags/tutorial_taskflow_api.py took 0.074 seconds
[2024-08-27T14:36:13.060+0000] {processor.py:186} INFO - Started process (PID=5645) to work on /home/ubuntu/myenv/lib/python3.12/site-packages/airflow/example_dags/tutorial_taskflow_api.py
[2024-08-27T14:36:13.061+0000] {processor.py:914} INFO - Processing file /home/ubuntu/myenv/lib/python3.12/site-packages/airflow/example_dags/tutorial_taskflow_api.py for tasks to queue
[2024-08-27T14:36:13.064+0000] {logging_mixin.py:190} INFO - [2024-08-27T14:36:13.063+0000] {dagbag.py:587} INFO - Filling up the DagBag from /home/ubuntu/myenv/lib/python3.12/site-packages/airflow/example_dags/tutorial_taskflow_api.py
[2024-08-27T14:36:13.073+0000] {processor.py:925} INFO - DAG(s) 'tutorial_taskflow_api' retrieved from /home/ubuntu/myenv/lib/python3.12/site-packages/airflow/example_dags/tutorial_taskflow_api.py
[2024-08-27T14:36:13.090+0000] {logging_mixin.py:190} INFO - [2024-08-27T14:36:13.089+0000] {dag.py:3211} INFO - Sync 1 DAGs
[2024-08-27T14:36:13.103+0000] {logging_mixin.py:190} INFO - [2024-08-27T14:36:13.102+0000] {dag.py:4138} INFO - Setting next_dagrun for tutorial_taskflow_api to None, run_after=None
[2024-08-27T14:36:13.125+0000] {processor.py:208} INFO - Processing /home/ubuntu/myenv/lib/python3.12/site-packages/airflow/example_dags/tutorial_taskflow_api.py took 0.071 seconds
[2024-08-27T14:37:01.289+0000] {processor.py:186} INFO - Started process (PID=5713) to work on /home/ubuntu/myenv/lib/python3.12/site-packages/airflow/example_dags/tutorial_taskflow_api.py
[2024-08-27T14:37:01.291+0000] {processor.py:914} INFO - Processing file /home/ubuntu/myenv/lib/python3.12/site-packages/airflow/example_dags/tutorial_taskflow_api.py for tasks to queue
[2024-08-27T14:37:01.293+0000] {logging_mixin.py:190} INFO - [2024-08-27T14:37:01.293+0000] {dagbag.py:587} INFO - Filling up the DagBag from /home/ubuntu/myenv/lib/python3.12/site-packages/airflow/example_dags/tutorial_taskflow_api.py
[2024-08-27T14:37:01.303+0000] {processor.py:925} INFO - DAG(s) 'tutorial_taskflow_api' retrieved from /home/ubuntu/myenv/lib/python3.12/site-packages/airflow/example_dags/tutorial_taskflow_api.py
[2024-08-27T14:37:01.321+0000] {logging_mixin.py:190} INFO - [2024-08-27T14:37:01.320+0000] {dag.py:3211} INFO - Sync 1 DAGs
[2024-08-27T14:37:01.334+0000] {logging_mixin.py:190} INFO - [2024-08-27T14:37:01.334+0000] {dag.py:4138} INFO - Setting next_dagrun for tutorial_taskflow_api to None, run_after=None
[2024-08-27T14:37:01.359+0000] {processor.py:208} INFO - Processing /home/ubuntu/myenv/lib/python3.12/site-packages/airflow/example_dags/tutorial_taskflow_api.py took 0.075 seconds
[2024-08-27T14:37:51.557+0000] {processor.py:186} INFO - Started process (PID=5779) to work on /home/ubuntu/myenv/lib/python3.12/site-packages/airflow/example_dags/tutorial_taskflow_api.py
[2024-08-27T14:37:51.559+0000] {processor.py:914} INFO - Processing file /home/ubuntu/myenv/lib/python3.12/site-packages/airflow/example_dags/tutorial_taskflow_api.py for tasks to queue
[2024-08-27T14:37:51.561+0000] {logging_mixin.py:190} INFO - [2024-08-27T14:37:51.561+0000] {dagbag.py:587} INFO - Filling up the DagBag from /home/ubuntu/myenv/lib/python3.12/site-packages/airflow/example_dags/tutorial_taskflow_api.py
[2024-08-27T14:37:51.570+0000] {processor.py:925} INFO - DAG(s) 'tutorial_taskflow_api' retrieved from /home/ubuntu/myenv/lib/python3.12/site-packages/airflow/example_dags/tutorial_taskflow_api.py
[2024-08-27T14:37:51.587+0000] {logging_mixin.py:190} INFO - [2024-08-27T14:37:51.587+0000] {dag.py:3211} INFO - Sync 1 DAGs
[2024-08-27T14:37:51.601+0000] {logging_mixin.py:190} INFO - [2024-08-27T14:37:51.601+0000] {dag.py:4138} INFO - Setting next_dagrun for tutorial_taskflow_api to None, run_after=None
[2024-08-27T14:37:51.623+0000] {processor.py:208} INFO - Processing /home/ubuntu/myenv/lib/python3.12/site-packages/airflow/example_dags/tutorial_taskflow_api.py took 0.072 seconds
[2024-08-27T14:38:43.620+0000] {processor.py:186} INFO - Started process (PID=5845) to work on /home/ubuntu/myenv/lib/python3.12/site-packages/airflow/example_dags/tutorial_taskflow_api.py
[2024-08-27T14:38:43.622+0000] {processor.py:914} INFO - Processing file /home/ubuntu/myenv/lib/python3.12/site-packages/airflow/example_dags/tutorial_taskflow_api.py for tasks to queue
[2024-08-27T14:38:43.624+0000] {logging_mixin.py:190} INFO - [2024-08-27T14:38:43.623+0000] {dagbag.py:587} INFO - Filling up the DagBag from /home/ubuntu/myenv/lib/python3.12/site-packages/airflow/example_dags/tutorial_taskflow_api.py
[2024-08-27T14:38:43.633+0000] {processor.py:925} INFO - DAG(s) 'tutorial_taskflow_api' retrieved from /home/ubuntu/myenv/lib/python3.12/site-packages/airflow/example_dags/tutorial_taskflow_api.py
[2024-08-27T14:38:43.650+0000] {logging_mixin.py:190} INFO - [2024-08-27T14:38:43.650+0000] {dag.py:3211} INFO - Sync 1 DAGs
[2024-08-27T14:38:43.664+0000] {logging_mixin.py:190} INFO - [2024-08-27T14:38:43.663+0000] {dag.py:4138} INFO - Setting next_dagrun for tutorial_taskflow_api to None, run_after=None
[2024-08-27T14:38:43.818+0000] {processor.py:208} INFO - Processing /home/ubuntu/myenv/lib/python3.12/site-packages/airflow/example_dags/tutorial_taskflow_api.py took 0.204 seconds
[2024-08-27T14:39:21.611+0000] {processor.py:186} INFO - Started process (PID=5889) to work on /home/ubuntu/myenv/lib/python3.12/site-packages/airflow/example_dags/tutorial_taskflow_api.py
[2024-08-27T14:39:21.613+0000] {processor.py:914} INFO - Processing file /home/ubuntu/myenv/lib/python3.12/site-packages/airflow/example_dags/tutorial_taskflow_api.py for tasks to queue
[2024-08-27T14:39:21.615+0000] {logging_mixin.py:190} INFO - [2024-08-27T14:39:21.615+0000] {dagbag.py:587} INFO - Filling up the DagBag from /home/ubuntu/myenv/lib/python3.12/site-packages/airflow/example_dags/tutorial_taskflow_api.py
[2024-08-27T14:39:21.625+0000] {processor.py:925} INFO - DAG(s) 'tutorial_taskflow_api' retrieved from /home/ubuntu/myenv/lib/python3.12/site-packages/airflow/example_dags/tutorial_taskflow_api.py
[2024-08-27T14:39:21.641+0000] {logging_mixin.py:190} INFO - [2024-08-27T14:39:21.641+0000] {dag.py:3211} INFO - Sync 1 DAGs
[2024-08-27T14:39:21.655+0000] {logging_mixin.py:190} INFO - [2024-08-27T14:39:21.655+0000] {dag.py:4138} INFO - Setting next_dagrun for tutorial_taskflow_api to None, run_after=None
[2024-08-27T14:39:21.678+0000] {processor.py:208} INFO - Processing /home/ubuntu/myenv/lib/python3.12/site-packages/airflow/example_dags/tutorial_taskflow_api.py took 0.073 seconds
[2024-08-27T14:40:16.210+0000] {processor.py:186} INFO - Started process (PID=5963) to work on /home/ubuntu/myenv/lib/python3.12/site-packages/airflow/example_dags/tutorial_taskflow_api.py
[2024-08-27T14:40:16.211+0000] {processor.py:914} INFO - Processing file /home/ubuntu/myenv/lib/python3.12/site-packages/airflow/example_dags/tutorial_taskflow_api.py for tasks to queue
[2024-08-27T14:40:16.214+0000] {logging_mixin.py:190} INFO - [2024-08-27T14:40:16.213+0000] {dagbag.py:587} INFO - Filling up the DagBag from /home/ubuntu/myenv/lib/python3.12/site-packages/airflow/example_dags/tutorial_taskflow_api.py
[2024-08-27T14:40:16.224+0000] {processor.py:925} INFO - DAG(s) 'tutorial_taskflow_api' retrieved from /home/ubuntu/myenv/lib/python3.12/site-packages/airflow/example_dags/tutorial_taskflow_api.py
[2024-08-27T14:40:16.242+0000] {logging_mixin.py:190} INFO - [2024-08-27T14:40:16.241+0000] {dag.py:3211} INFO - Sync 1 DAGs
[2024-08-27T14:40:16.256+0000] {logging_mixin.py:190} INFO - [2024-08-27T14:40:16.256+0000] {dag.py:4138} INFO - Setting next_dagrun for tutorial_taskflow_api to None, run_after=None
[2024-08-27T14:40:16.279+0000] {processor.py:208} INFO - Processing /home/ubuntu/myenv/lib/python3.12/site-packages/airflow/example_dags/tutorial_taskflow_api.py took 0.076 seconds
[2024-08-27T14:41:06.388+0000] {processor.py:186} INFO - Started process (PID=6015) to work on /home/ubuntu/myenv/lib/python3.12/site-packages/airflow/example_dags/tutorial_taskflow_api.py
[2024-08-27T14:41:06.390+0000] {processor.py:914} INFO - Processing file /home/ubuntu/myenv/lib/python3.12/site-packages/airflow/example_dags/tutorial_taskflow_api.py for tasks to queue
[2024-08-27T14:41:06.392+0000] {logging_mixin.py:190} INFO - [2024-08-27T14:41:06.392+0000] {dagbag.py:587} INFO - Filling up the DagBag from /home/ubuntu/myenv/lib/python3.12/site-packages/airflow/example_dags/tutorial_taskflow_api.py
[2024-08-27T14:41:06.402+0000] {processor.py:925} INFO - DAG(s) 'tutorial_taskflow_api' retrieved from /home/ubuntu/myenv/lib/python3.12/site-packages/airflow/example_dags/tutorial_taskflow_api.py
[2024-08-27T14:41:06.420+0000] {logging_mixin.py:190} INFO - [2024-08-27T14:41:06.420+0000] {dag.py:3211} INFO - Sync 1 DAGs
[2024-08-27T14:41:06.435+0000] {logging_mixin.py:190} INFO - [2024-08-27T14:41:06.435+0000] {dag.py:4138} INFO - Setting next_dagrun for tutorial_taskflow_api to None, run_after=None
[2024-08-27T14:41:06.458+0000] {processor.py:208} INFO - Processing /home/ubuntu/myenv/lib/python3.12/site-packages/airflow/example_dags/tutorial_taskflow_api.py took 0.076 seconds
[2024-08-27T14:41:56.067+0000] {processor.py:186} INFO - Started process (PID=6065) to work on /home/ubuntu/myenv/lib/python3.12/site-packages/airflow/example_dags/tutorial_taskflow_api.py
[2024-08-27T14:41:56.069+0000] {processor.py:914} INFO - Processing file /home/ubuntu/myenv/lib/python3.12/site-packages/airflow/example_dags/tutorial_taskflow_api.py for tasks to queue
[2024-08-27T14:41:56.071+0000] {logging_mixin.py:190} INFO - [2024-08-27T14:41:56.070+0000] {dagbag.py:587} INFO - Filling up the DagBag from /home/ubuntu/myenv/lib/python3.12/site-packages/airflow/example_dags/tutorial_taskflow_api.py
[2024-08-27T14:41:56.080+0000] {processor.py:925} INFO - DAG(s) 'tutorial_taskflow_api' retrieved from /home/ubuntu/myenv/lib/python3.12/site-packages/airflow/example_dags/tutorial_taskflow_api.py
[2024-08-27T14:41:56.098+0000] {logging_mixin.py:190} INFO - [2024-08-27T14:41:56.098+0000] {dag.py:3211} INFO - Sync 1 DAGs
[2024-08-27T14:41:56.112+0000] {logging_mixin.py:190} INFO - [2024-08-27T14:41:56.111+0000] {dag.py:4138} INFO - Setting next_dagrun for tutorial_taskflow_api to None, run_after=None
[2024-08-27T14:41:56.135+0000] {processor.py:208} INFO - Processing /home/ubuntu/myenv/lib/python3.12/site-packages/airflow/example_dags/tutorial_taskflow_api.py took 0.074 seconds
[2024-08-27T14:42:46.496+0000] {processor.py:186} INFO - Started process (PID=6117) to work on /home/ubuntu/myenv/lib/python3.12/site-packages/airflow/example_dags/tutorial_taskflow_api.py
[2024-08-27T14:42:46.498+0000] {processor.py:914} INFO - Processing file /home/ubuntu/myenv/lib/python3.12/site-packages/airflow/example_dags/tutorial_taskflow_api.py for tasks to queue
[2024-08-27T14:42:46.500+0000] {logging_mixin.py:190} INFO - [2024-08-27T14:42:46.500+0000] {dagbag.py:587} INFO - Filling up the DagBag from /home/ubuntu/myenv/lib/python3.12/site-packages/airflow/example_dags/tutorial_taskflow_api.py
[2024-08-27T14:42:46.510+0000] {processor.py:925} INFO - DAG(s) 'tutorial_taskflow_api' retrieved from /home/ubuntu/myenv/lib/python3.12/site-packages/airflow/example_dags/tutorial_taskflow_api.py
[2024-08-27T14:42:46.527+0000] {logging_mixin.py:190} INFO - [2024-08-27T14:42:46.527+0000] {dag.py:3211} INFO - Sync 1 DAGs
[2024-08-27T14:42:46.541+0000] {logging_mixin.py:190} INFO - [2024-08-27T14:42:46.541+0000] {dag.py:4138} INFO - Setting next_dagrun for tutorial_taskflow_api to None, run_after=None
[2024-08-27T14:42:46.563+0000] {processor.py:208} INFO - Processing /home/ubuntu/myenv/lib/python3.12/site-packages/airflow/example_dags/tutorial_taskflow_api.py took 0.073 seconds
[2024-08-27T14:43:37.754+0000] {processor.py:186} INFO - Started process (PID=6169) to work on /home/ubuntu/myenv/lib/python3.12/site-packages/airflow/example_dags/tutorial_taskflow_api.py
[2024-08-27T14:43:37.755+0000] {processor.py:914} INFO - Processing file /home/ubuntu/myenv/lib/python3.12/site-packages/airflow/example_dags/tutorial_taskflow_api.py for tasks to queue
[2024-08-27T14:43:37.758+0000] {logging_mixin.py:190} INFO - [2024-08-27T14:43:37.757+0000] {dagbag.py:587} INFO - Filling up the DagBag from /home/ubuntu/myenv/lib/python3.12/site-packages/airflow/example_dags/tutorial_taskflow_api.py
[2024-08-27T14:43:37.768+0000] {processor.py:925} INFO - DAG(s) 'tutorial_taskflow_api' retrieved from /home/ubuntu/myenv/lib/python3.12/site-packages/airflow/example_dags/tutorial_taskflow_api.py
[2024-08-27T14:43:37.786+0000] {logging_mixin.py:190} INFO - [2024-08-27T14:43:37.786+0000] {dag.py:3211} INFO - Sync 1 DAGs
[2024-08-27T14:43:37.800+0000] {logging_mixin.py:190} INFO - [2024-08-27T14:43:37.800+0000] {dag.py:4138} INFO - Setting next_dagrun for tutorial_taskflow_api to None, run_after=None
[2024-08-27T14:43:37.823+0000] {processor.py:208} INFO - Processing /home/ubuntu/myenv/lib/python3.12/site-packages/airflow/example_dags/tutorial_taskflow_api.py took 0.076 seconds
[2024-08-27T14:44:26.909+0000] {processor.py:186} INFO - Started process (PID=6222) to work on /home/ubuntu/myenv/lib/python3.12/site-packages/airflow/example_dags/tutorial_taskflow_api.py
[2024-08-27T14:44:26.911+0000] {processor.py:914} INFO - Processing file /home/ubuntu/myenv/lib/python3.12/site-packages/airflow/example_dags/tutorial_taskflow_api.py for tasks to queue
[2024-08-27T14:44:26.913+0000] {logging_mixin.py:190} INFO - [2024-08-27T14:44:26.913+0000] {dagbag.py:587} INFO - Filling up the DagBag from /home/ubuntu/myenv/lib/python3.12/site-packages/airflow/example_dags/tutorial_taskflow_api.py
[2024-08-27T14:44:26.923+0000] {processor.py:925} INFO - DAG(s) 'tutorial_taskflow_api' retrieved from /home/ubuntu/myenv/lib/python3.12/site-packages/airflow/example_dags/tutorial_taskflow_api.py
[2024-08-27T14:44:26.941+0000] {logging_mixin.py:190} INFO - [2024-08-27T14:44:26.941+0000] {dag.py:3211} INFO - Sync 1 DAGs
[2024-08-27T14:44:26.956+0000] {logging_mixin.py:190} INFO - [2024-08-27T14:44:26.955+0000] {dag.py:4138} INFO - Setting next_dagrun for tutorial_taskflow_api to None, run_after=None
[2024-08-27T14:44:26.979+0000] {processor.py:208} INFO - Processing /home/ubuntu/myenv/lib/python3.12/site-packages/airflow/example_dags/tutorial_taskflow_api.py took 0.076 seconds
[2024-08-27T14:45:18.451+0000] {processor.py:186} INFO - Started process (PID=6276) to work on /home/ubuntu/myenv/lib/python3.12/site-packages/airflow/example_dags/tutorial_taskflow_api.py
[2024-08-27T14:45:18.453+0000] {processor.py:914} INFO - Processing file /home/ubuntu/myenv/lib/python3.12/site-packages/airflow/example_dags/tutorial_taskflow_api.py for tasks to queue
[2024-08-27T14:45:18.455+0000] {logging_mixin.py:190} INFO - [2024-08-27T14:45:18.455+0000] {dagbag.py:587} INFO - Filling up the DagBag from /home/ubuntu/myenv/lib/python3.12/site-packages/airflow/example_dags/tutorial_taskflow_api.py
[2024-08-27T14:45:18.465+0000] {processor.py:925} INFO - DAG(s) 'tutorial_taskflow_api' retrieved from /home/ubuntu/myenv/lib/python3.12/site-packages/airflow/example_dags/tutorial_taskflow_api.py
[2024-08-27T14:45:18.482+0000] {logging_mixin.py:190} INFO - [2024-08-27T14:45:18.482+0000] {dag.py:3211} INFO - Sync 1 DAGs
[2024-08-27T14:45:18.496+0000] {logging_mixin.py:190} INFO - [2024-08-27T14:45:18.495+0000] {dag.py:4138} INFO - Setting next_dagrun for tutorial_taskflow_api to None, run_after=None
[2024-08-27T14:45:18.519+0000] {processor.py:208} INFO - Processing /home/ubuntu/myenv/lib/python3.12/site-packages/airflow/example_dags/tutorial_taskflow_api.py took 0.074 seconds
[2024-08-27T14:46:09.204+0000] {processor.py:186} INFO - Started process (PID=6331) to work on /home/ubuntu/myenv/lib/python3.12/site-packages/airflow/example_dags/tutorial_taskflow_api.py
[2024-08-27T14:46:09.206+0000] {processor.py:914} INFO - Processing file /home/ubuntu/myenv/lib/python3.12/site-packages/airflow/example_dags/tutorial_taskflow_api.py for tasks to queue
[2024-08-27T14:46:09.208+0000] {logging_mixin.py:190} INFO - [2024-08-27T14:46:09.208+0000] {dagbag.py:587} INFO - Filling up the DagBag from /home/ubuntu/myenv/lib/python3.12/site-packages/airflow/example_dags/tutorial_taskflow_api.py
[2024-08-27T14:46:09.218+0000] {processor.py:925} INFO - DAG(s) 'tutorial_taskflow_api' retrieved from /home/ubuntu/myenv/lib/python3.12/site-packages/airflow/example_dags/tutorial_taskflow_api.py
[2024-08-27T14:46:09.237+0000] {logging_mixin.py:190} INFO - [2024-08-27T14:46:09.236+0000] {dag.py:3211} INFO - Sync 1 DAGs
[2024-08-27T14:46:09.251+0000] {logging_mixin.py:190} INFO - [2024-08-27T14:46:09.251+0000] {dag.py:4138} INFO - Setting next_dagrun for tutorial_taskflow_api to None, run_after=None
[2024-08-27T14:46:09.275+0000] {processor.py:208} INFO - Processing /home/ubuntu/myenv/lib/python3.12/site-packages/airflow/example_dags/tutorial_taskflow_api.py took 0.077 seconds
[2024-08-27T14:46:54.742+0000] {processor.py:186} INFO - Started process (PID=6379) to work on /home/ubuntu/myenv/lib/python3.12/site-packages/airflow/example_dags/tutorial_taskflow_api.py
[2024-08-27T14:46:54.744+0000] {processor.py:914} INFO - Processing file /home/ubuntu/myenv/lib/python3.12/site-packages/airflow/example_dags/tutorial_taskflow_api.py for tasks to queue
[2024-08-27T14:46:54.746+0000] {logging_mixin.py:190} INFO - [2024-08-27T14:46:54.746+0000] {dagbag.py:587} INFO - Filling up the DagBag from /home/ubuntu/myenv/lib/python3.12/site-packages/airflow/example_dags/tutorial_taskflow_api.py
[2024-08-27T14:46:54.756+0000] {processor.py:925} INFO - DAG(s) 'tutorial_taskflow_api' retrieved from /home/ubuntu/myenv/lib/python3.12/site-packages/airflow/example_dags/tutorial_taskflow_api.py
[2024-08-27T14:46:54.773+0000] {logging_mixin.py:190} INFO - [2024-08-27T14:46:54.773+0000] {dag.py:3211} INFO - Sync 1 DAGs
[2024-08-27T14:46:54.787+0000] {logging_mixin.py:190} INFO - [2024-08-27T14:46:54.787+0000] {dag.py:4138} INFO - Setting next_dagrun for tutorial_taskflow_api to None, run_after=None
[2024-08-27T14:46:54.809+0000] {processor.py:208} INFO - Processing /home/ubuntu/myenv/lib/python3.12/site-packages/airflow/example_dags/tutorial_taskflow_api.py took 0.073 seconds
[2024-08-27T14:47:45.746+0000] {processor.py:186} INFO - Started process (PID=6432) to work on /home/ubuntu/myenv/lib/python3.12/site-packages/airflow/example_dags/tutorial_taskflow_api.py
[2024-08-27T14:47:45.748+0000] {processor.py:914} INFO - Processing file /home/ubuntu/myenv/lib/python3.12/site-packages/airflow/example_dags/tutorial_taskflow_api.py for tasks to queue
[2024-08-27T14:47:45.750+0000] {logging_mixin.py:190} INFO - [2024-08-27T14:47:45.750+0000] {dagbag.py:587} INFO - Filling up the DagBag from /home/ubuntu/myenv/lib/python3.12/site-packages/airflow/example_dags/tutorial_taskflow_api.py
[2024-08-27T14:47:45.760+0000] {processor.py:925} INFO - DAG(s) 'tutorial_taskflow_api' retrieved from /home/ubuntu/myenv/lib/python3.12/site-packages/airflow/example_dags/tutorial_taskflow_api.py
[2024-08-27T14:47:45.778+0000] {logging_mixin.py:190} INFO - [2024-08-27T14:47:45.778+0000] {dag.py:3211} INFO - Sync 1 DAGs
[2024-08-27T14:47:45.792+0000] {logging_mixin.py:190} INFO - [2024-08-27T14:47:45.792+0000] {dag.py:4138} INFO - Setting next_dagrun for tutorial_taskflow_api to None, run_after=None
[2024-08-27T14:47:45.816+0000] {processor.py:208} INFO - Processing /home/ubuntu/myenv/lib/python3.12/site-packages/airflow/example_dags/tutorial_taskflow_api.py took 0.076 seconds
[2024-08-27T14:48:36.771+0000] {processor.py:186} INFO - Started process (PID=6488) to work on /home/ubuntu/myenv/lib/python3.12/site-packages/airflow/example_dags/tutorial_taskflow_api.py
[2024-08-27T14:48:36.772+0000] {processor.py:914} INFO - Processing file /home/ubuntu/myenv/lib/python3.12/site-packages/airflow/example_dags/tutorial_taskflow_api.py for tasks to queue
[2024-08-27T14:48:36.775+0000] {logging_mixin.py:190} INFO - [2024-08-27T14:48:36.774+0000] {dagbag.py:587} INFO - Filling up the DagBag from /home/ubuntu/myenv/lib/python3.12/site-packages/airflow/example_dags/tutorial_taskflow_api.py
[2024-08-27T14:48:36.785+0000] {processor.py:925} INFO - DAG(s) 'tutorial_taskflow_api' retrieved from /home/ubuntu/myenv/lib/python3.12/site-packages/airflow/example_dags/tutorial_taskflow_api.py
[2024-08-27T14:48:36.804+0000] {logging_mixin.py:190} INFO - [2024-08-27T14:48:36.804+0000] {dag.py:3211} INFO - Sync 1 DAGs
[2024-08-27T14:48:36.819+0000] {logging_mixin.py:190} INFO - [2024-08-27T14:48:36.818+0000] {dag.py:4138} INFO - Setting next_dagrun for tutorial_taskflow_api to None, run_after=None
[2024-08-27T14:48:36.844+0000] {processor.py:208} INFO - Processing /home/ubuntu/myenv/lib/python3.12/site-packages/airflow/example_dags/tutorial_taskflow_api.py took 0.080 seconds
[2024-08-27T14:49:28.510+0000] {processor.py:186} INFO - Started process (PID=6542) to work on /home/ubuntu/myenv/lib/python3.12/site-packages/airflow/example_dags/tutorial_taskflow_api.py
[2024-08-27T14:49:28.512+0000] {processor.py:914} INFO - Processing file /home/ubuntu/myenv/lib/python3.12/site-packages/airflow/example_dags/tutorial_taskflow_api.py for tasks to queue
[2024-08-27T14:49:28.514+0000] {logging_mixin.py:190} INFO - [2024-08-27T14:49:28.513+0000] {dagbag.py:587} INFO - Filling up the DagBag from /home/ubuntu/myenv/lib/python3.12/site-packages/airflow/example_dags/tutorial_taskflow_api.py
[2024-08-27T14:49:28.523+0000] {processor.py:925} INFO - DAG(s) 'tutorial_taskflow_api' retrieved from /home/ubuntu/myenv/lib/python3.12/site-packages/airflow/example_dags/tutorial_taskflow_api.py
[2024-08-27T14:49:28.542+0000] {logging_mixin.py:190} INFO - [2024-08-27T14:49:28.541+0000] {dag.py:3211} INFO - Sync 1 DAGs
[2024-08-27T14:49:28.555+0000] {logging_mixin.py:190} INFO - [2024-08-27T14:49:28.555+0000] {dag.py:4138} INFO - Setting next_dagrun for tutorial_taskflow_api to None, run_after=None
[2024-08-27T14:49:28.579+0000] {processor.py:208} INFO - Processing /home/ubuntu/myenv/lib/python3.12/site-packages/airflow/example_dags/tutorial_taskflow_api.py took 0.075 seconds
[2024-08-27T16:09:48.525+0000] {processor.py:186} INFO - Started process (PID=7551) to work on /home/ubuntu/myenv/lib/python3.12/site-packages/airflow/example_dags/tutorial_taskflow_api.py
[2024-08-27T16:09:48.527+0000] {processor.py:914} INFO - Processing file /home/ubuntu/myenv/lib/python3.12/site-packages/airflow/example_dags/tutorial_taskflow_api.py for tasks to queue
[2024-08-27T16:09:48.529+0000] {logging_mixin.py:190} INFO - [2024-08-27T16:09:48.528+0000] {dagbag.py:587} INFO - Filling up the DagBag from /home/ubuntu/myenv/lib/python3.12/site-packages/airflow/example_dags/tutorial_taskflow_api.py
[2024-08-27T16:09:48.539+0000] {processor.py:925} INFO - DAG(s) 'tutorial_taskflow_api' retrieved from /home/ubuntu/myenv/lib/python3.12/site-packages/airflow/example_dags/tutorial_taskflow_api.py
[2024-08-27T16:09:48.566+0000] {logging_mixin.py:190} INFO - [2024-08-27T16:09:48.565+0000] {dag.py:3211} INFO - Sync 1 DAGs
[2024-08-27T16:09:48.580+0000] {logging_mixin.py:190} INFO - [2024-08-27T16:09:48.580+0000] {dag.py:4138} INFO - Setting next_dagrun for tutorial_taskflow_api to None, run_after=None
[2024-08-27T16:09:48.606+0000] {processor.py:208} INFO - Processing /home/ubuntu/myenv/lib/python3.12/site-packages/airflow/example_dags/tutorial_taskflow_api.py took 0.087 seconds
[2024-08-27T16:10:42.348+0000] {processor.py:186} INFO - Started process (PID=7651) to work on /home/ubuntu/myenv/lib/python3.12/site-packages/airflow/example_dags/tutorial_taskflow_api.py
[2024-08-27T16:10:42.349+0000] {processor.py:914} INFO - Processing file /home/ubuntu/myenv/lib/python3.12/site-packages/airflow/example_dags/tutorial_taskflow_api.py for tasks to queue
[2024-08-27T16:10:42.351+0000] {logging_mixin.py:190} INFO - [2024-08-27T16:10:42.351+0000] {dagbag.py:587} INFO - Filling up the DagBag from /home/ubuntu/myenv/lib/python3.12/site-packages/airflow/example_dags/tutorial_taskflow_api.py
[2024-08-27T16:10:42.361+0000] {processor.py:925} INFO - DAG(s) 'tutorial_taskflow_api' retrieved from /home/ubuntu/myenv/lib/python3.12/site-packages/airflow/example_dags/tutorial_taskflow_api.py
[2024-08-27T16:10:42.379+0000] {logging_mixin.py:190} INFO - [2024-08-27T16:10:42.378+0000] {dag.py:3211} INFO - Sync 1 DAGs
[2024-08-27T16:10:42.392+0000] {logging_mixin.py:190} INFO - [2024-08-27T16:10:42.392+0000] {dag.py:4138} INFO - Setting next_dagrun for tutorial_taskflow_api to None, run_after=None
[2024-08-27T16:10:42.416+0000] {processor.py:208} INFO - Processing /home/ubuntu/myenv/lib/python3.12/site-packages/airflow/example_dags/tutorial_taskflow_api.py took 0.074 seconds
[2024-08-27T16:11:31.968+0000] {processor.py:186} INFO - Started process (PID=7746) to work on /home/ubuntu/myenv/lib/python3.12/site-packages/airflow/example_dags/tutorial_taskflow_api.py
[2024-08-27T16:11:31.969+0000] {processor.py:914} INFO - Processing file /home/ubuntu/myenv/lib/python3.12/site-packages/airflow/example_dags/tutorial_taskflow_api.py for tasks to queue
[2024-08-27T16:11:31.971+0000] {logging_mixin.py:190} INFO - [2024-08-27T16:11:31.971+0000] {dagbag.py:587} INFO - Filling up the DagBag from /home/ubuntu/myenv/lib/python3.12/site-packages/airflow/example_dags/tutorial_taskflow_api.py
[2024-08-27T16:11:31.981+0000] {processor.py:925} INFO - DAG(s) 'tutorial_taskflow_api' retrieved from /home/ubuntu/myenv/lib/python3.12/site-packages/airflow/example_dags/tutorial_taskflow_api.py
[2024-08-27T16:11:31.998+0000] {logging_mixin.py:190} INFO - [2024-08-27T16:11:31.998+0000] {dag.py:3211} INFO - Sync 1 DAGs
[2024-08-27T16:11:32.012+0000] {logging_mixin.py:190} INFO - [2024-08-27T16:11:32.012+0000] {dag.py:4138} INFO - Setting next_dagrun for tutorial_taskflow_api to None, run_after=None
[2024-08-27T16:11:32.036+0000] {processor.py:208} INFO - Processing /home/ubuntu/myenv/lib/python3.12/site-packages/airflow/example_dags/tutorial_taskflow_api.py took 0.074 seconds
[2024-08-27T16:12:22.311+0000] {processor.py:186} INFO - Started process (PID=7870) to work on /home/ubuntu/myenv/lib/python3.12/site-packages/airflow/example_dags/tutorial_taskflow_api.py
[2024-08-27T16:12:22.313+0000] {processor.py:914} INFO - Processing file /home/ubuntu/myenv/lib/python3.12/site-packages/airflow/example_dags/tutorial_taskflow_api.py for tasks to queue
[2024-08-27T16:12:22.315+0000] {logging_mixin.py:190} INFO - [2024-08-27T16:12:22.314+0000] {dagbag.py:587} INFO - Filling up the DagBag from /home/ubuntu/myenv/lib/python3.12/site-packages/airflow/example_dags/tutorial_taskflow_api.py
[2024-08-27T16:12:22.324+0000] {processor.py:925} INFO - DAG(s) 'tutorial_taskflow_api' retrieved from /home/ubuntu/myenv/lib/python3.12/site-packages/airflow/example_dags/tutorial_taskflow_api.py
[2024-08-27T16:12:22.341+0000] {logging_mixin.py:190} INFO - [2024-08-27T16:12:22.341+0000] {dag.py:3211} INFO - Sync 1 DAGs
[2024-08-27T16:12:22.355+0000] {logging_mixin.py:190} INFO - [2024-08-27T16:12:22.354+0000] {dag.py:4138} INFO - Setting next_dagrun for tutorial_taskflow_api to None, run_after=None
[2024-08-27T16:12:22.378+0000] {processor.py:208} INFO - Processing /home/ubuntu/myenv/lib/python3.12/site-packages/airflow/example_dags/tutorial_taskflow_api.py took 0.073 seconds
[2024-08-27T16:13:14.302+0000] {processor.py:186} INFO - Started process (PID=7960) to work on /home/ubuntu/myenv/lib/python3.12/site-packages/airflow/example_dags/tutorial_taskflow_api.py
[2024-08-27T16:13:14.303+0000] {processor.py:914} INFO - Processing file /home/ubuntu/myenv/lib/python3.12/site-packages/airflow/example_dags/tutorial_taskflow_api.py for tasks to queue
[2024-08-27T16:13:14.306+0000] {logging_mixin.py:190} INFO - [2024-08-27T16:13:14.305+0000] {dagbag.py:587} INFO - Filling up the DagBag from /home/ubuntu/myenv/lib/python3.12/site-packages/airflow/example_dags/tutorial_taskflow_api.py
[2024-08-27T16:13:14.315+0000] {processor.py:925} INFO - DAG(s) 'tutorial_taskflow_api' retrieved from /home/ubuntu/myenv/lib/python3.12/site-packages/airflow/example_dags/tutorial_taskflow_api.py
[2024-08-27T16:13:14.334+0000] {logging_mixin.py:190} INFO - [2024-08-27T16:13:14.334+0000] {dag.py:3211} INFO - Sync 1 DAGs
[2024-08-27T16:13:14.349+0000] {logging_mixin.py:190} INFO - [2024-08-27T16:13:14.349+0000] {dag.py:4138} INFO - Setting next_dagrun for tutorial_taskflow_api to None, run_after=None
[2024-08-27T16:13:14.372+0000] {processor.py:208} INFO - Processing /home/ubuntu/myenv/lib/python3.12/site-packages/airflow/example_dags/tutorial_taskflow_api.py took 0.076 seconds
