[2024-08-27T14:34:06.348+0000] {processor.py:186} INFO - Started process (PID=5507) to work on /home/ubuntu/myenv/lib/python3.12/site-packages/airflow/example_dags/tutorial_dag.py
[2024-08-27T14:34:06.349+0000] {processor.py:914} INFO - Processing file /home/ubuntu/myenv/lib/python3.12/site-packages/airflow/example_dags/tutorial_dag.py for tasks to queue
[2024-08-27T14:34:06.351+0000] {logging_mixin.py:190} INFO - [2024-08-27T14:34:06.350+0000] {dagbag.py:587} INFO - Filling up the DagBag from /home/ubuntu/myenv/lib/python3.12/site-packages/airflow/example_dags/tutorial_dag.py
[2024-08-27T14:34:06.362+0000] {processor.py:925} INFO - DAG(s) 'tutorial_dag' retrieved from /home/ubuntu/myenv/lib/python3.12/site-packages/airflow/example_dags/tutorial_dag.py
[2024-08-27T14:34:06.577+0000] {logging_mixin.py:190} INFO - [2024-08-27T14:34:06.576+0000] {override.py:1900} INFO - Created Permission View: can delete on DAG:tutorial_dag
[2024-08-27T14:34:06.707+0000] {logging_mixin.py:190} INFO - [2024-08-27T14:34:06.707+0000] {override.py:1900} INFO - Created Permission View: can edit on DAG:tutorial_dag
[2024-08-27T14:34:06.806+0000] {logging_mixin.py:190} INFO - [2024-08-27T14:34:06.806+0000] {override.py:1900} INFO - Created Permission View: can read on DAG:tutorial_dag
[2024-08-27T14:34:06.830+0000] {logging_mixin.py:190} INFO - [2024-08-27T14:34:06.830+0000] {override.py:1900} INFO - Created Permission View: can create on DAG Run:tutorial_dag
[2024-08-27T14:34:06.841+0000] {logging_mixin.py:190} INFO - [2024-08-27T14:34:06.840+0000] {override.py:1900} INFO - Created Permission View: menu access on DAG Run:tutorial_dag
[2024-08-27T14:34:06.850+0000] {logging_mixin.py:190} INFO - [2024-08-27T14:34:06.850+0000] {override.py:1900} INFO - Created Permission View: can delete on DAG Run:tutorial_dag
[2024-08-27T14:34:06.870+0000] {logging_mixin.py:190} INFO - [2024-08-27T14:34:06.870+0000] {override.py:1900} INFO - Created Permission View: can read on DAG Run:tutorial_dag
[2024-08-27T14:34:06.871+0000] {logging_mixin.py:190} INFO - [2024-08-27T14:34:06.871+0000] {dag.py:3211} INFO - Sync 1 DAGs
[2024-08-27T14:34:06.883+0000] {logging_mixin.py:190} INFO - [2024-08-27T14:34:06.883+0000] {dag.py:3234} INFO - Creating ORM DAG for tutorial_dag
[2024-08-27T14:34:06.884+0000] {logging_mixin.py:190} INFO - [2024-08-27T14:34:06.884+0000] {dag.py:4138} INFO - Setting next_dagrun for tutorial_dag to None, run_after=None
[2024-08-27T14:34:07.007+0000] {processor.py:208} INFO - Processing /home/ubuntu/myenv/lib/python3.12/site-packages/airflow/example_dags/tutorial_dag.py took 0.665 seconds
[2024-08-27T14:35:16.833+0000] {processor.py:186} INFO - Started process (PID=5571) to work on /home/ubuntu/myenv/lib/python3.12/site-packages/airflow/example_dags/tutorial_dag.py
[2024-08-27T14:35:16.834+0000] {processor.py:914} INFO - Processing file /home/ubuntu/myenv/lib/python3.12/site-packages/airflow/example_dags/tutorial_dag.py for tasks to queue
[2024-08-27T14:35:16.836+0000] {logging_mixin.py:190} INFO - [2024-08-27T14:35:16.836+0000] {dagbag.py:587} INFO - Filling up the DagBag from /home/ubuntu/myenv/lib/python3.12/site-packages/airflow/example_dags/tutorial_dag.py
[2024-08-27T14:35:16.844+0000] {processor.py:925} INFO - DAG(s) 'tutorial_dag' retrieved from /home/ubuntu/myenv/lib/python3.12/site-packages/airflow/example_dags/tutorial_dag.py
[2024-08-27T14:35:16.861+0000] {logging_mixin.py:190} INFO - [2024-08-27T14:35:16.861+0000] {dag.py:3211} INFO - Sync 1 DAGs
[2024-08-27T14:35:16.874+0000] {logging_mixin.py:190} INFO - [2024-08-27T14:35:16.874+0000] {dag.py:4138} INFO - Setting next_dagrun for tutorial_dag to None, run_after=None
[2024-08-27T14:35:16.898+0000] {processor.py:208} INFO - Processing /home/ubuntu/myenv/lib/python3.12/site-packages/airflow/example_dags/tutorial_dag.py took 0.071 seconds
[2024-08-27T14:36:11.920+0000] {processor.py:186} INFO - Started process (PID=5643) to work on /home/ubuntu/myenv/lib/python3.12/site-packages/airflow/example_dags/tutorial_dag.py
[2024-08-27T14:36:11.922+0000] {processor.py:914} INFO - Processing file /home/ubuntu/myenv/lib/python3.12/site-packages/airflow/example_dags/tutorial_dag.py for tasks to queue
[2024-08-27T14:36:11.924+0000] {logging_mixin.py:190} INFO - [2024-08-27T14:36:11.924+0000] {dagbag.py:587} INFO - Filling up the DagBag from /home/ubuntu/myenv/lib/python3.12/site-packages/airflow/example_dags/tutorial_dag.py
[2024-08-27T14:36:11.933+0000] {processor.py:925} INFO - DAG(s) 'tutorial_dag' retrieved from /home/ubuntu/myenv/lib/python3.12/site-packages/airflow/example_dags/tutorial_dag.py
[2024-08-27T14:36:11.950+0000] {logging_mixin.py:190} INFO - [2024-08-27T14:36:11.950+0000] {dag.py:3211} INFO - Sync 1 DAGs
[2024-08-27T14:36:11.964+0000] {logging_mixin.py:190} INFO - [2024-08-27T14:36:11.963+0000] {dag.py:4138} INFO - Setting next_dagrun for tutorial_dag to None, run_after=None
[2024-08-27T14:36:11.986+0000] {processor.py:208} INFO - Processing /home/ubuntu/myenv/lib/python3.12/site-packages/airflow/example_dags/tutorial_dag.py took 0.072 seconds
[2024-08-27T14:37:00.140+0000] {processor.py:186} INFO - Started process (PID=5712) to work on /home/ubuntu/myenv/lib/python3.12/site-packages/airflow/example_dags/tutorial_dag.py
[2024-08-27T14:37:00.142+0000] {processor.py:914} INFO - Processing file /home/ubuntu/myenv/lib/python3.12/site-packages/airflow/example_dags/tutorial_dag.py for tasks to queue
[2024-08-27T14:37:00.144+0000] {logging_mixin.py:190} INFO - [2024-08-27T14:37:00.143+0000] {dagbag.py:587} INFO - Filling up the DagBag from /home/ubuntu/myenv/lib/python3.12/site-packages/airflow/example_dags/tutorial_dag.py
[2024-08-27T14:37:00.152+0000] {processor.py:925} INFO - DAG(s) 'tutorial_dag' retrieved from /home/ubuntu/myenv/lib/python3.12/site-packages/airflow/example_dags/tutorial_dag.py
[2024-08-27T14:37:00.170+0000] {logging_mixin.py:190} INFO - [2024-08-27T14:37:00.169+0000] {dag.py:3211} INFO - Sync 1 DAGs
[2024-08-27T14:37:00.183+0000] {logging_mixin.py:190} INFO - [2024-08-27T14:37:00.183+0000] {dag.py:4138} INFO - Setting next_dagrun for tutorial_dag to None, run_after=None
[2024-08-27T14:37:00.205+0000] {processor.py:208} INFO - Processing /home/ubuntu/myenv/lib/python3.12/site-packages/airflow/example_dags/tutorial_dag.py took 0.071 seconds
[2024-08-27T14:37:50.417+0000] {processor.py:186} INFO - Started process (PID=5778) to work on /home/ubuntu/myenv/lib/python3.12/site-packages/airflow/example_dags/tutorial_dag.py
[2024-08-27T14:37:50.419+0000] {processor.py:914} INFO - Processing file /home/ubuntu/myenv/lib/python3.12/site-packages/airflow/example_dags/tutorial_dag.py for tasks to queue
[2024-08-27T14:37:50.421+0000] {logging_mixin.py:190} INFO - [2024-08-27T14:37:50.420+0000] {dagbag.py:587} INFO - Filling up the DagBag from /home/ubuntu/myenv/lib/python3.12/site-packages/airflow/example_dags/tutorial_dag.py
[2024-08-27T14:37:50.429+0000] {processor.py:925} INFO - DAG(s) 'tutorial_dag' retrieved from /home/ubuntu/myenv/lib/python3.12/site-packages/airflow/example_dags/tutorial_dag.py
[2024-08-27T14:37:50.447+0000] {logging_mixin.py:190} INFO - [2024-08-27T14:37:50.447+0000] {dag.py:3211} INFO - Sync 1 DAGs
[2024-08-27T14:37:50.461+0000] {logging_mixin.py:190} INFO - [2024-08-27T14:37:50.461+0000] {dag.py:4138} INFO - Setting next_dagrun for tutorial_dag to None, run_after=None
[2024-08-27T14:37:50.484+0000] {processor.py:208} INFO - Processing /home/ubuntu/myenv/lib/python3.12/site-packages/airflow/example_dags/tutorial_dag.py took 0.073 seconds
[2024-08-27T14:38:43.241+0000] {processor.py:186} INFO - Started process (PID=5844) to work on /home/ubuntu/myenv/lib/python3.12/site-packages/airflow/example_dags/tutorial_dag.py
[2024-08-27T14:38:43.243+0000] {processor.py:914} INFO - Processing file /home/ubuntu/myenv/lib/python3.12/site-packages/airflow/example_dags/tutorial_dag.py for tasks to queue
[2024-08-27T14:38:43.245+0000] {logging_mixin.py:190} INFO - [2024-08-27T14:38:43.245+0000] {dagbag.py:587} INFO - Filling up the DagBag from /home/ubuntu/myenv/lib/python3.12/site-packages/airflow/example_dags/tutorial_dag.py
[2024-08-27T14:38:43.253+0000] {processor.py:925} INFO - DAG(s) 'tutorial_dag' retrieved from /home/ubuntu/myenv/lib/python3.12/site-packages/airflow/example_dags/tutorial_dag.py
[2024-08-27T14:38:43.270+0000] {logging_mixin.py:190} INFO - [2024-08-27T14:38:43.270+0000] {dag.py:3211} INFO - Sync 1 DAGs
[2024-08-27T14:38:43.283+0000] {logging_mixin.py:190} INFO - [2024-08-27T14:38:43.283+0000] {dag.py:4138} INFO - Setting next_dagrun for tutorial_dag to None, run_after=None
[2024-08-27T14:38:43.425+0000] {processor.py:208} INFO - Processing /home/ubuntu/myenv/lib/python3.12/site-packages/airflow/example_dags/tutorial_dag.py took 0.189 seconds
[2024-08-27T14:39:20.468+0000] {processor.py:186} INFO - Started process (PID=5888) to work on /home/ubuntu/myenv/lib/python3.12/site-packages/airflow/example_dags/tutorial_dag.py
[2024-08-27T14:39:20.470+0000] {processor.py:914} INFO - Processing file /home/ubuntu/myenv/lib/python3.12/site-packages/airflow/example_dags/tutorial_dag.py for tasks to queue
[2024-08-27T14:39:20.472+0000] {logging_mixin.py:190} INFO - [2024-08-27T14:39:20.472+0000] {dagbag.py:587} INFO - Filling up the DagBag from /home/ubuntu/myenv/lib/python3.12/site-packages/airflow/example_dags/tutorial_dag.py
[2024-08-27T14:39:20.480+0000] {processor.py:925} INFO - DAG(s) 'tutorial_dag' retrieved from /home/ubuntu/myenv/lib/python3.12/site-packages/airflow/example_dags/tutorial_dag.py
[2024-08-27T14:39:20.498+0000] {logging_mixin.py:190} INFO - [2024-08-27T14:39:20.498+0000] {dag.py:3211} INFO - Sync 1 DAGs
[2024-08-27T14:39:20.512+0000] {logging_mixin.py:190} INFO - [2024-08-27T14:39:20.512+0000] {dag.py:4138} INFO - Setting next_dagrun for tutorial_dag to None, run_after=None
[2024-08-27T14:39:20.536+0000] {processor.py:208} INFO - Processing /home/ubuntu/myenv/lib/python3.12/site-packages/airflow/example_dags/tutorial_dag.py took 0.074 seconds
[2024-08-27T14:40:15.069+0000] {processor.py:186} INFO - Started process (PID=5962) to work on /home/ubuntu/myenv/lib/python3.12/site-packages/airflow/example_dags/tutorial_dag.py
[2024-08-27T14:40:15.071+0000] {processor.py:914} INFO - Processing file /home/ubuntu/myenv/lib/python3.12/site-packages/airflow/example_dags/tutorial_dag.py for tasks to queue
[2024-08-27T14:40:15.073+0000] {logging_mixin.py:190} INFO - [2024-08-27T14:40:15.072+0000] {dagbag.py:587} INFO - Filling up the DagBag from /home/ubuntu/myenv/lib/python3.12/site-packages/airflow/example_dags/tutorial_dag.py
[2024-08-27T14:40:15.082+0000] {processor.py:925} INFO - DAG(s) 'tutorial_dag' retrieved from /home/ubuntu/myenv/lib/python3.12/site-packages/airflow/example_dags/tutorial_dag.py
[2024-08-27T14:40:15.099+0000] {logging_mixin.py:190} INFO - [2024-08-27T14:40:15.099+0000] {dag.py:3211} INFO - Sync 1 DAGs
[2024-08-27T14:40:15.113+0000] {logging_mixin.py:190} INFO - [2024-08-27T14:40:15.113+0000] {dag.py:4138} INFO - Setting next_dagrun for tutorial_dag to None, run_after=None
[2024-08-27T14:40:15.139+0000] {processor.py:208} INFO - Processing /home/ubuntu/myenv/lib/python3.12/site-packages/airflow/example_dags/tutorial_dag.py took 0.076 seconds
[2024-08-27T14:41:05.542+0000] {processor.py:186} INFO - Started process (PID=6014) to work on /home/ubuntu/myenv/lib/python3.12/site-packages/airflow/example_dags/tutorial_dag.py
[2024-08-27T14:41:05.543+0000] {processor.py:914} INFO - Processing file /home/ubuntu/myenv/lib/python3.12/site-packages/airflow/example_dags/tutorial_dag.py for tasks to queue
[2024-08-27T14:41:05.546+0000] {logging_mixin.py:190} INFO - [2024-08-27T14:41:05.545+0000] {dagbag.py:587} INFO - Filling up the DagBag from /home/ubuntu/myenv/lib/python3.12/site-packages/airflow/example_dags/tutorial_dag.py
[2024-08-27T14:41:05.555+0000] {processor.py:925} INFO - DAG(s) 'tutorial_dag' retrieved from /home/ubuntu/myenv/lib/python3.12/site-packages/airflow/example_dags/tutorial_dag.py
[2024-08-27T14:41:05.573+0000] {logging_mixin.py:190} INFO - [2024-08-27T14:41:05.573+0000] {dag.py:3211} INFO - Sync 1 DAGs
[2024-08-27T14:41:05.587+0000] {logging_mixin.py:190} INFO - [2024-08-27T14:41:05.587+0000] {dag.py:4138} INFO - Setting next_dagrun for tutorial_dag to None, run_after=None
[2024-08-27T14:41:05.610+0000] {processor.py:208} INFO - Processing /home/ubuntu/myenv/lib/python3.12/site-packages/airflow/example_dags/tutorial_dag.py took 0.075 seconds
[2024-08-27T14:41:54.915+0000] {processor.py:186} INFO - Started process (PID=6064) to work on /home/ubuntu/myenv/lib/python3.12/site-packages/airflow/example_dags/tutorial_dag.py
[2024-08-27T14:41:54.917+0000] {processor.py:914} INFO - Processing file /home/ubuntu/myenv/lib/python3.12/site-packages/airflow/example_dags/tutorial_dag.py for tasks to queue
[2024-08-27T14:41:54.919+0000] {logging_mixin.py:190} INFO - [2024-08-27T14:41:54.919+0000] {dagbag.py:587} INFO - Filling up the DagBag from /home/ubuntu/myenv/lib/python3.12/site-packages/airflow/example_dags/tutorial_dag.py
[2024-08-27T14:41:54.928+0000] {processor.py:925} INFO - DAG(s) 'tutorial_dag' retrieved from /home/ubuntu/myenv/lib/python3.12/site-packages/airflow/example_dags/tutorial_dag.py
[2024-08-27T14:41:54.947+0000] {logging_mixin.py:190} INFO - [2024-08-27T14:41:54.946+0000] {dag.py:3211} INFO - Sync 1 DAGs
[2024-08-27T14:41:54.962+0000] {logging_mixin.py:190} INFO - [2024-08-27T14:41:54.961+0000] {dag.py:4138} INFO - Setting next_dagrun for tutorial_dag to None, run_after=None
[2024-08-27T14:41:54.986+0000] {processor.py:208} INFO - Processing /home/ubuntu/myenv/lib/python3.12/site-packages/airflow/example_dags/tutorial_dag.py took 0.077 seconds
[2024-08-27T14:42:45.918+0000] {processor.py:186} INFO - Started process (PID=6116) to work on /home/ubuntu/myenv/lib/python3.12/site-packages/airflow/example_dags/tutorial_dag.py
[2024-08-27T14:42:45.919+0000] {processor.py:914} INFO - Processing file /home/ubuntu/myenv/lib/python3.12/site-packages/airflow/example_dags/tutorial_dag.py for tasks to queue
[2024-08-27T14:42:45.922+0000] {logging_mixin.py:190} INFO - [2024-08-27T14:42:45.921+0000] {dagbag.py:587} INFO - Filling up the DagBag from /home/ubuntu/myenv/lib/python3.12/site-packages/airflow/example_dags/tutorial_dag.py
[2024-08-27T14:42:45.930+0000] {processor.py:925} INFO - DAG(s) 'tutorial_dag' retrieved from /home/ubuntu/myenv/lib/python3.12/site-packages/airflow/example_dags/tutorial_dag.py
[2024-08-27T14:42:45.948+0000] {logging_mixin.py:190} INFO - [2024-08-27T14:42:45.947+0000] {dag.py:3211} INFO - Sync 1 DAGs
[2024-08-27T14:42:45.962+0000] {logging_mixin.py:190} INFO - [2024-08-27T14:42:45.961+0000] {dag.py:4138} INFO - Setting next_dagrun for tutorial_dag to None, run_after=None
[2024-08-27T14:42:45.984+0000] {processor.py:208} INFO - Processing /home/ubuntu/myenv/lib/python3.12/site-packages/airflow/example_dags/tutorial_dag.py took 0.072 seconds
[2024-08-27T14:43:37.576+0000] {processor.py:186} INFO - Started process (PID=6168) to work on /home/ubuntu/myenv/lib/python3.12/site-packages/airflow/example_dags/tutorial_dag.py
[2024-08-27T14:43:37.578+0000] {processor.py:914} INFO - Processing file /home/ubuntu/myenv/lib/python3.12/site-packages/airflow/example_dags/tutorial_dag.py for tasks to queue
[2024-08-27T14:43:37.580+0000] {logging_mixin.py:190} INFO - [2024-08-27T14:43:37.580+0000] {dagbag.py:587} INFO - Filling up the DagBag from /home/ubuntu/myenv/lib/python3.12/site-packages/airflow/example_dags/tutorial_dag.py
[2024-08-27T14:43:37.589+0000] {processor.py:925} INFO - DAG(s) 'tutorial_dag' retrieved from /home/ubuntu/myenv/lib/python3.12/site-packages/airflow/example_dags/tutorial_dag.py
[2024-08-27T14:43:37.606+0000] {logging_mixin.py:190} INFO - [2024-08-27T14:43:37.606+0000] {dag.py:3211} INFO - Sync 1 DAGs
[2024-08-27T14:43:37.620+0000] {logging_mixin.py:190} INFO - [2024-08-27T14:43:37.620+0000] {dag.py:4138} INFO - Setting next_dagrun for tutorial_dag to None, run_after=None
[2024-08-27T14:43:37.644+0000] {processor.py:208} INFO - Processing /home/ubuntu/myenv/lib/python3.12/site-packages/airflow/example_dags/tutorial_dag.py took 0.074 seconds
[2024-08-27T14:44:25.770+0000] {processor.py:186} INFO - Started process (PID=6221) to work on /home/ubuntu/myenv/lib/python3.12/site-packages/airflow/example_dags/tutorial_dag.py
[2024-08-27T14:44:25.771+0000] {processor.py:914} INFO - Processing file /home/ubuntu/myenv/lib/python3.12/site-packages/airflow/example_dags/tutorial_dag.py for tasks to queue
[2024-08-27T14:44:25.773+0000] {logging_mixin.py:190} INFO - [2024-08-27T14:44:25.773+0000] {dagbag.py:587} INFO - Filling up the DagBag from /home/ubuntu/myenv/lib/python3.12/site-packages/airflow/example_dags/tutorial_dag.py
[2024-08-27T14:44:25.782+0000] {processor.py:925} INFO - DAG(s) 'tutorial_dag' retrieved from /home/ubuntu/myenv/lib/python3.12/site-packages/airflow/example_dags/tutorial_dag.py
[2024-08-27T14:44:25.800+0000] {logging_mixin.py:190} INFO - [2024-08-27T14:44:25.799+0000] {dag.py:3211} INFO - Sync 1 DAGs
[2024-08-27T14:44:25.814+0000] {logging_mixin.py:190} INFO - [2024-08-27T14:44:25.814+0000] {dag.py:4138} INFO - Setting next_dagrun for tutorial_dag to None, run_after=None
[2024-08-27T14:44:25.837+0000] {processor.py:208} INFO - Processing /home/ubuntu/myenv/lib/python3.12/site-packages/airflow/example_dags/tutorial_dag.py took 0.074 seconds
[2024-08-27T14:45:17.311+0000] {processor.py:186} INFO - Started process (PID=6275) to work on /home/ubuntu/myenv/lib/python3.12/site-packages/airflow/example_dags/tutorial_dag.py
[2024-08-27T14:45:17.313+0000] {processor.py:914} INFO - Processing file /home/ubuntu/myenv/lib/python3.12/site-packages/airflow/example_dags/tutorial_dag.py for tasks to queue
[2024-08-27T14:45:17.316+0000] {logging_mixin.py:190} INFO - [2024-08-27T14:45:17.315+0000] {dagbag.py:587} INFO - Filling up the DagBag from /home/ubuntu/myenv/lib/python3.12/site-packages/airflow/example_dags/tutorial_dag.py
[2024-08-27T14:45:17.324+0000] {processor.py:925} INFO - DAG(s) 'tutorial_dag' retrieved from /home/ubuntu/myenv/lib/python3.12/site-packages/airflow/example_dags/tutorial_dag.py
[2024-08-27T14:45:17.342+0000] {logging_mixin.py:190} INFO - [2024-08-27T14:45:17.342+0000] {dag.py:3211} INFO - Sync 1 DAGs
[2024-08-27T14:45:17.356+0000] {logging_mixin.py:190} INFO - [2024-08-27T14:45:17.356+0000] {dag.py:4138} INFO - Setting next_dagrun for tutorial_dag to None, run_after=None
[2024-08-27T14:45:17.379+0000] {processor.py:208} INFO - Processing /home/ubuntu/myenv/lib/python3.12/site-packages/airflow/example_dags/tutorial_dag.py took 0.073 seconds
[2024-08-27T14:46:08.808+0000] {processor.py:186} INFO - Started process (PID=6330) to work on /home/ubuntu/myenv/lib/python3.12/site-packages/airflow/example_dags/tutorial_dag.py
[2024-08-27T14:46:08.810+0000] {processor.py:914} INFO - Processing file /home/ubuntu/myenv/lib/python3.12/site-packages/airflow/example_dags/tutorial_dag.py for tasks to queue
[2024-08-27T14:46:08.812+0000] {logging_mixin.py:190} INFO - [2024-08-27T14:46:08.812+0000] {dagbag.py:587} INFO - Filling up the DagBag from /home/ubuntu/myenv/lib/python3.12/site-packages/airflow/example_dags/tutorial_dag.py
[2024-08-27T14:46:08.821+0000] {processor.py:925} INFO - DAG(s) 'tutorial_dag' retrieved from /home/ubuntu/myenv/lib/python3.12/site-packages/airflow/example_dags/tutorial_dag.py
[2024-08-27T14:46:08.839+0000] {logging_mixin.py:190} INFO - [2024-08-27T14:46:08.839+0000] {dag.py:3211} INFO - Sync 1 DAGs
[2024-08-27T14:46:08.854+0000] {logging_mixin.py:190} INFO - [2024-08-27T14:46:08.853+0000] {dag.py:4138} INFO - Setting next_dagrun for tutorial_dag to None, run_after=None
[2024-08-27T14:46:08.877+0000] {processor.py:208} INFO - Processing /home/ubuntu/myenv/lib/python3.12/site-packages/airflow/example_dags/tutorial_dag.py took 0.075 seconds
[2024-08-27T14:46:54.263+0000] {processor.py:186} INFO - Started process (PID=6378) to work on /home/ubuntu/myenv/lib/python3.12/site-packages/airflow/example_dags/tutorial_dag.py
[2024-08-27T14:46:54.265+0000] {processor.py:914} INFO - Processing file /home/ubuntu/myenv/lib/python3.12/site-packages/airflow/example_dags/tutorial_dag.py for tasks to queue
[2024-08-27T14:46:54.267+0000] {logging_mixin.py:190} INFO - [2024-08-27T14:46:54.267+0000] {dagbag.py:587} INFO - Filling up the DagBag from /home/ubuntu/myenv/lib/python3.12/site-packages/airflow/example_dags/tutorial_dag.py
[2024-08-27T14:46:54.276+0000] {processor.py:925} INFO - DAG(s) 'tutorial_dag' retrieved from /home/ubuntu/myenv/lib/python3.12/site-packages/airflow/example_dags/tutorial_dag.py
[2024-08-27T14:46:54.293+0000] {logging_mixin.py:190} INFO - [2024-08-27T14:46:54.293+0000] {dag.py:3211} INFO - Sync 1 DAGs
[2024-08-27T14:46:54.307+0000] {logging_mixin.py:190} INFO - [2024-08-27T14:46:54.307+0000] {dag.py:4138} INFO - Setting next_dagrun for tutorial_dag to None, run_after=None
[2024-08-27T14:46:54.330+0000] {processor.py:208} INFO - Processing /home/ubuntu/myenv/lib/python3.12/site-packages/airflow/example_dags/tutorial_dag.py took 0.073 seconds
[2024-08-27T14:47:44.603+0000] {processor.py:186} INFO - Started process (PID=6431) to work on /home/ubuntu/myenv/lib/python3.12/site-packages/airflow/example_dags/tutorial_dag.py
[2024-08-27T14:47:44.605+0000] {processor.py:914} INFO - Processing file /home/ubuntu/myenv/lib/python3.12/site-packages/airflow/example_dags/tutorial_dag.py for tasks to queue
[2024-08-27T14:47:44.607+0000] {logging_mixin.py:190} INFO - [2024-08-27T14:47:44.607+0000] {dagbag.py:587} INFO - Filling up the DagBag from /home/ubuntu/myenv/lib/python3.12/site-packages/airflow/example_dags/tutorial_dag.py
[2024-08-27T14:47:44.616+0000] {processor.py:925} INFO - DAG(s) 'tutorial_dag' retrieved from /home/ubuntu/myenv/lib/python3.12/site-packages/airflow/example_dags/tutorial_dag.py
[2024-08-27T14:47:44.634+0000] {logging_mixin.py:190} INFO - [2024-08-27T14:47:44.633+0000] {dag.py:3211} INFO - Sync 1 DAGs
[2024-08-27T14:47:44.648+0000] {logging_mixin.py:190} INFO - [2024-08-27T14:47:44.648+0000] {dag.py:4138} INFO - Setting next_dagrun for tutorial_dag to None, run_after=None
[2024-08-27T14:47:44.672+0000] {processor.py:208} INFO - Processing /home/ubuntu/myenv/lib/python3.12/site-packages/airflow/example_dags/tutorial_dag.py took 0.075 seconds
[2024-08-27T14:48:35.627+0000] {processor.py:186} INFO - Started process (PID=6487) to work on /home/ubuntu/myenv/lib/python3.12/site-packages/airflow/example_dags/tutorial_dag.py
[2024-08-27T14:48:35.629+0000] {processor.py:914} INFO - Processing file /home/ubuntu/myenv/lib/python3.12/site-packages/airflow/example_dags/tutorial_dag.py for tasks to queue
[2024-08-27T14:48:35.631+0000] {logging_mixin.py:190} INFO - [2024-08-27T14:48:35.631+0000] {dagbag.py:587} INFO - Filling up the DagBag from /home/ubuntu/myenv/lib/python3.12/site-packages/airflow/example_dags/tutorial_dag.py
[2024-08-27T14:48:35.640+0000] {processor.py:925} INFO - DAG(s) 'tutorial_dag' retrieved from /home/ubuntu/myenv/lib/python3.12/site-packages/airflow/example_dags/tutorial_dag.py
[2024-08-27T14:48:35.658+0000] {logging_mixin.py:190} INFO - [2024-08-27T14:48:35.658+0000] {dag.py:3211} INFO - Sync 1 DAGs
[2024-08-27T14:48:35.672+0000] {logging_mixin.py:190} INFO - [2024-08-27T14:48:35.672+0000] {dag.py:4138} INFO - Setting next_dagrun for tutorial_dag to None, run_after=None
[2024-08-27T14:48:35.695+0000] {processor.py:208} INFO - Processing /home/ubuntu/myenv/lib/python3.12/site-packages/airflow/example_dags/tutorial_dag.py took 0.075 seconds
[2024-08-27T14:49:27.369+0000] {processor.py:186} INFO - Started process (PID=6541) to work on /home/ubuntu/myenv/lib/python3.12/site-packages/airflow/example_dags/tutorial_dag.py
[2024-08-27T14:49:27.370+0000] {processor.py:914} INFO - Processing file /home/ubuntu/myenv/lib/python3.12/site-packages/airflow/example_dags/tutorial_dag.py for tasks to queue
[2024-08-27T14:49:27.372+0000] {logging_mixin.py:190} INFO - [2024-08-27T14:49:27.372+0000] {dagbag.py:587} INFO - Filling up the DagBag from /home/ubuntu/myenv/lib/python3.12/site-packages/airflow/example_dags/tutorial_dag.py
[2024-08-27T14:49:27.381+0000] {processor.py:925} INFO - DAG(s) 'tutorial_dag' retrieved from /home/ubuntu/myenv/lib/python3.12/site-packages/airflow/example_dags/tutorial_dag.py
[2024-08-27T14:49:27.399+0000] {logging_mixin.py:190} INFO - [2024-08-27T14:49:27.399+0000] {dag.py:3211} INFO - Sync 1 DAGs
[2024-08-27T14:49:27.413+0000] {logging_mixin.py:190} INFO - [2024-08-27T14:49:27.413+0000] {dag.py:4138} INFO - Setting next_dagrun for tutorial_dag to None, run_after=None
[2024-08-27T14:49:27.439+0000] {processor.py:208} INFO - Processing /home/ubuntu/myenv/lib/python3.12/site-packages/airflow/example_dags/tutorial_dag.py took 0.076 seconds
[2024-08-27T16:09:47.352+0000] {processor.py:186} INFO - Started process (PID=7550) to work on /home/ubuntu/myenv/lib/python3.12/site-packages/airflow/example_dags/tutorial_dag.py
[2024-08-27T16:09:47.353+0000] {processor.py:914} INFO - Processing file /home/ubuntu/myenv/lib/python3.12/site-packages/airflow/example_dags/tutorial_dag.py for tasks to queue
[2024-08-27T16:09:47.356+0000] {logging_mixin.py:190} INFO - [2024-08-27T16:09:47.355+0000] {dagbag.py:587} INFO - Filling up the DagBag from /home/ubuntu/myenv/lib/python3.12/site-packages/airflow/example_dags/tutorial_dag.py
[2024-08-27T16:09:47.366+0000] {processor.py:925} INFO - DAG(s) 'tutorial_dag' retrieved from /home/ubuntu/myenv/lib/python3.12/site-packages/airflow/example_dags/tutorial_dag.py
[2024-08-27T16:09:47.391+0000] {logging_mixin.py:190} INFO - [2024-08-27T16:09:47.391+0000] {dag.py:3211} INFO - Sync 1 DAGs
[2024-08-27T16:09:47.405+0000] {logging_mixin.py:190} INFO - [2024-08-27T16:09:47.404+0000] {dag.py:4138} INFO - Setting next_dagrun for tutorial_dag to None, run_after=None
[2024-08-27T16:09:47.428+0000] {processor.py:208} INFO - Processing /home/ubuntu/myenv/lib/python3.12/site-packages/airflow/example_dags/tutorial_dag.py took 0.082 seconds
[2024-08-27T16:10:41.371+0000] {processor.py:186} INFO - Started process (PID=7649) to work on /home/ubuntu/myenv/lib/python3.12/site-packages/airflow/example_dags/tutorial_dag.py
[2024-08-27T16:10:41.373+0000] {processor.py:914} INFO - Processing file /home/ubuntu/myenv/lib/python3.12/site-packages/airflow/example_dags/tutorial_dag.py for tasks to queue
[2024-08-27T16:10:41.375+0000] {logging_mixin.py:190} INFO - [2024-08-27T16:10:41.375+0000] {dagbag.py:587} INFO - Filling up the DagBag from /home/ubuntu/myenv/lib/python3.12/site-packages/airflow/example_dags/tutorial_dag.py
[2024-08-27T16:10:41.384+0000] {processor.py:925} INFO - DAG(s) 'tutorial_dag' retrieved from /home/ubuntu/myenv/lib/python3.12/site-packages/airflow/example_dags/tutorial_dag.py
[2024-08-27T16:10:41.401+0000] {logging_mixin.py:190} INFO - [2024-08-27T16:10:41.401+0000] {dag.py:3211} INFO - Sync 1 DAGs
[2024-08-27T16:10:41.414+0000] {logging_mixin.py:190} INFO - [2024-08-27T16:10:41.414+0000] {dag.py:4138} INFO - Setting next_dagrun for tutorial_dag to None, run_after=None
[2024-08-27T16:10:41.438+0000] {processor.py:208} INFO - Processing /home/ubuntu/myenv/lib/python3.12/site-packages/airflow/example_dags/tutorial_dag.py took 0.073 seconds
[2024-08-27T16:11:30.818+0000] {processor.py:186} INFO - Started process (PID=7745) to work on /home/ubuntu/myenv/lib/python3.12/site-packages/airflow/example_dags/tutorial_dag.py
[2024-08-27T16:11:30.820+0000] {processor.py:914} INFO - Processing file /home/ubuntu/myenv/lib/python3.12/site-packages/airflow/example_dags/tutorial_dag.py for tasks to queue
[2024-08-27T16:11:30.822+0000] {logging_mixin.py:190} INFO - [2024-08-27T16:11:30.821+0000] {dagbag.py:587} INFO - Filling up the DagBag from /home/ubuntu/myenv/lib/python3.12/site-packages/airflow/example_dags/tutorial_dag.py
[2024-08-27T16:11:30.830+0000] {processor.py:925} INFO - DAG(s) 'tutorial_dag' retrieved from /home/ubuntu/myenv/lib/python3.12/site-packages/airflow/example_dags/tutorial_dag.py
[2024-08-27T16:11:30.848+0000] {logging_mixin.py:190} INFO - [2024-08-27T16:11:30.847+0000] {dag.py:3211} INFO - Sync 1 DAGs
[2024-08-27T16:11:30.861+0000] {logging_mixin.py:190} INFO - [2024-08-27T16:11:30.861+0000] {dag.py:4138} INFO - Setting next_dagrun for tutorial_dag to None, run_after=None
[2024-08-27T16:11:30.884+0000] {processor.py:208} INFO - Processing /home/ubuntu/myenv/lib/python3.12/site-packages/airflow/example_dags/tutorial_dag.py took 0.072 seconds
[2024-08-27T16:12:21.731+0000] {processor.py:186} INFO - Started process (PID=7869) to work on /home/ubuntu/myenv/lib/python3.12/site-packages/airflow/example_dags/tutorial_dag.py
[2024-08-27T16:12:21.733+0000] {processor.py:914} INFO - Processing file /home/ubuntu/myenv/lib/python3.12/site-packages/airflow/example_dags/tutorial_dag.py for tasks to queue
[2024-08-27T16:12:21.735+0000] {logging_mixin.py:190} INFO - [2024-08-27T16:12:21.735+0000] {dagbag.py:587} INFO - Filling up the DagBag from /home/ubuntu/myenv/lib/python3.12/site-packages/airflow/example_dags/tutorial_dag.py
[2024-08-27T16:12:21.743+0000] {processor.py:925} INFO - DAG(s) 'tutorial_dag' retrieved from /home/ubuntu/myenv/lib/python3.12/site-packages/airflow/example_dags/tutorial_dag.py
[2024-08-27T16:12:21.761+0000] {logging_mixin.py:190} INFO - [2024-08-27T16:12:21.760+0000] {dag.py:3211} INFO - Sync 1 DAGs
[2024-08-27T16:12:21.774+0000] {logging_mixin.py:190} INFO - [2024-08-27T16:12:21.774+0000] {dag.py:4138} INFO - Setting next_dagrun for tutorial_dag to None, run_after=None
[2024-08-27T16:12:21.799+0000] {processor.py:208} INFO - Processing /home/ubuntu/myenv/lib/python3.12/site-packages/airflow/example_dags/tutorial_dag.py took 0.074 seconds
[2024-08-27T16:13:13.824+0000] {processor.py:186} INFO - Started process (PID=7959) to work on /home/ubuntu/myenv/lib/python3.12/site-packages/airflow/example_dags/tutorial_dag.py
[2024-08-27T16:13:13.826+0000] {processor.py:914} INFO - Processing file /home/ubuntu/myenv/lib/python3.12/site-packages/airflow/example_dags/tutorial_dag.py for tasks to queue
[2024-08-27T16:13:13.828+0000] {logging_mixin.py:190} INFO - [2024-08-27T16:13:13.827+0000] {dagbag.py:587} INFO - Filling up the DagBag from /home/ubuntu/myenv/lib/python3.12/site-packages/airflow/example_dags/tutorial_dag.py
[2024-08-27T16:13:13.836+0000] {processor.py:925} INFO - DAG(s) 'tutorial_dag' retrieved from /home/ubuntu/myenv/lib/python3.12/site-packages/airflow/example_dags/tutorial_dag.py
[2024-08-27T16:13:13.854+0000] {logging_mixin.py:190} INFO - [2024-08-27T16:13:13.854+0000] {dag.py:3211} INFO - Sync 1 DAGs
[2024-08-27T16:13:13.868+0000] {logging_mixin.py:190} INFO - [2024-08-27T16:13:13.868+0000] {dag.py:4138} INFO - Setting next_dagrun for tutorial_dag to None, run_after=None
[2024-08-27T16:13:13.892+0000] {processor.py:208} INFO - Processing /home/ubuntu/myenv/lib/python3.12/site-packages/airflow/example_dags/tutorial_dag.py took 0.074 seconds
