[2024-08-27T14:34:10.922+0000] {processor.py:186} INFO - Started process (PID=5514) to work on /home/ubuntu/myenv/lib/python3.12/site-packages/airflow/example_dags/tutorial_objectstorage.py
[2024-08-27T14:34:10.923+0000] {processor.py:914} INFO - Processing file /home/ubuntu/myenv/lib/python3.12/site-packages/airflow/example_dags/tutorial_objectstorage.py for tasks to queue
[2024-08-27T14:34:10.925+0000] {logging_mixin.py:190} INFO - [2024-08-27T14:34:10.925+0000] {dagbag.py:587} INFO - Filling up the DagBag from /home/ubuntu/myenv/lib/python3.12/site-packages/airflow/example_dags/tutorial_objectstorage.py
[2024-08-27T14:34:10.936+0000] {processor.py:925} INFO - DAG(s) 'tutorial_objectstorage' retrieved from /home/ubuntu/myenv/lib/python3.12/site-packages/airflow/example_dags/tutorial_objectstorage.py
[2024-08-27T14:34:11.059+0000] {logging_mixin.py:190} INFO - [2024-08-27T14:34:11.059+0000] {override.py:1900} INFO - Created Permission View: can delete on DAG:tutorial_objectstorage
[2024-08-27T14:34:11.074+0000] {logging_mixin.py:190} INFO - [2024-08-27T14:34:11.073+0000] {override.py:1900} INFO - Created Permission View: can edit on DAG:tutorial_objectstorage
[2024-08-27T14:34:11.083+0000] {logging_mixin.py:190} INFO - [2024-08-27T14:34:11.083+0000] {override.py:1900} INFO - Created Permission View: can read on DAG:tutorial_objectstorage
[2024-08-27T14:34:11.098+0000] {logging_mixin.py:190} INFO - [2024-08-27T14:34:11.098+0000] {override.py:1900} INFO - Created Permission View: can create on DAG Run:tutorial_objectstorage
[2024-08-27T14:34:11.107+0000] {logging_mixin.py:190} INFO - [2024-08-27T14:34:11.107+0000] {override.py:1900} INFO - Created Permission View: menu access on DAG Run:tutorial_objectstorage
[2024-08-27T14:34:11.118+0000] {logging_mixin.py:190} INFO - [2024-08-27T14:34:11.117+0000] {override.py:1900} INFO - Created Permission View: can delete on DAG Run:tutorial_objectstorage
[2024-08-27T14:34:11.127+0000] {logging_mixin.py:190} INFO - [2024-08-27T14:34:11.127+0000] {override.py:1900} INFO - Created Permission View: can read on DAG Run:tutorial_objectstorage
[2024-08-27T14:34:11.127+0000] {logging_mixin.py:190} INFO - [2024-08-27T14:34:11.127+0000] {dag.py:3211} INFO - Sync 1 DAGs
[2024-08-27T14:34:11.141+0000] {logging_mixin.py:190} INFO - [2024-08-27T14:34:11.141+0000] {dag.py:3234} INFO - Creating ORM DAG for tutorial_objectstorage
[2024-08-27T14:34:11.142+0000] {logging_mixin.py:190} INFO - [2024-08-27T14:34:11.142+0000] {dag.py:4138} INFO - Setting next_dagrun for tutorial_objectstorage to None, run_after=None
[2024-08-27T14:34:11.164+0000] {processor.py:208} INFO - Processing /home/ubuntu/myenv/lib/python3.12/site-packages/airflow/example_dags/tutorial_objectstorage.py took 0.247 seconds
[2024-08-27T14:35:19.922+0000] {processor.py:186} INFO - Started process (PID=5574) to work on /home/ubuntu/myenv/lib/python3.12/site-packages/airflow/example_dags/tutorial_objectstorage.py
[2024-08-27T14:35:19.923+0000] {processor.py:914} INFO - Processing file /home/ubuntu/myenv/lib/python3.12/site-packages/airflow/example_dags/tutorial_objectstorage.py for tasks to queue
[2024-08-27T14:35:19.926+0000] {logging_mixin.py:190} INFO - [2024-08-27T14:35:19.925+0000] {dagbag.py:587} INFO - Filling up the DagBag from /home/ubuntu/myenv/lib/python3.12/site-packages/airflow/example_dags/tutorial_objectstorage.py
[2024-08-27T14:35:19.936+0000] {processor.py:925} INFO - DAG(s) 'tutorial_objectstorage' retrieved from /home/ubuntu/myenv/lib/python3.12/site-packages/airflow/example_dags/tutorial_objectstorage.py
[2024-08-27T14:35:19.952+0000] {logging_mixin.py:190} INFO - [2024-08-27T14:35:19.952+0000] {dag.py:3211} INFO - Sync 1 DAGs
[2024-08-27T14:35:19.965+0000] {logging_mixin.py:190} INFO - [2024-08-27T14:35:19.965+0000] {dag.py:4138} INFO - Setting next_dagrun for tutorial_objectstorage to None, run_after=None
[2024-08-27T14:35:19.989+0000] {processor.py:208} INFO - Processing /home/ubuntu/myenv/lib/python3.12/site-packages/airflow/example_dags/tutorial_objectstorage.py took 0.073 seconds
[2024-08-27T14:36:13.639+0000] {processor.py:186} INFO - Started process (PID=5647) to work on /home/ubuntu/myenv/lib/python3.12/site-packages/airflow/example_dags/tutorial_objectstorage.py
[2024-08-27T14:36:13.641+0000] {processor.py:914} INFO - Processing file /home/ubuntu/myenv/lib/python3.12/site-packages/airflow/example_dags/tutorial_objectstorage.py for tasks to queue
[2024-08-27T14:36:13.643+0000] {logging_mixin.py:190} INFO - [2024-08-27T14:36:13.642+0000] {dagbag.py:587} INFO - Filling up the DagBag from /home/ubuntu/myenv/lib/python3.12/site-packages/airflow/example_dags/tutorial_objectstorage.py
[2024-08-27T14:36:13.653+0000] {processor.py:925} INFO - DAG(s) 'tutorial_objectstorage' retrieved from /home/ubuntu/myenv/lib/python3.12/site-packages/airflow/example_dags/tutorial_objectstorage.py
[2024-08-27T14:36:13.669+0000] {logging_mixin.py:190} INFO - [2024-08-27T14:36:13.669+0000] {dag.py:3211} INFO - Sync 1 DAGs
[2024-08-27T14:36:13.683+0000] {logging_mixin.py:190} INFO - [2024-08-27T14:36:13.682+0000] {dag.py:4138} INFO - Setting next_dagrun for tutorial_objectstorage to None, run_after=None
[2024-08-27T14:36:13.704+0000] {processor.py:208} INFO - Processing /home/ubuntu/myenv/lib/python3.12/site-packages/airflow/example_dags/tutorial_objectstorage.py took 0.071 seconds
[2024-08-27T14:37:02.746+0000] {processor.py:186} INFO - Started process (PID=5715) to work on /home/ubuntu/myenv/lib/python3.12/site-packages/airflow/example_dags/tutorial_objectstorage.py
[2024-08-27T14:37:02.748+0000] {processor.py:914} INFO - Processing file /home/ubuntu/myenv/lib/python3.12/site-packages/airflow/example_dags/tutorial_objectstorage.py for tasks to queue
[2024-08-27T14:37:02.750+0000] {logging_mixin.py:190} INFO - [2024-08-27T14:37:02.750+0000] {dagbag.py:587} INFO - Filling up the DagBag from /home/ubuntu/myenv/lib/python3.12/site-packages/airflow/example_dags/tutorial_objectstorage.py
[2024-08-27T14:37:02.761+0000] {processor.py:925} INFO - DAG(s) 'tutorial_objectstorage' retrieved from /home/ubuntu/myenv/lib/python3.12/site-packages/airflow/example_dags/tutorial_objectstorage.py
[2024-08-27T14:37:02.779+0000] {logging_mixin.py:190} INFO - [2024-08-27T14:37:02.779+0000] {dag.py:3211} INFO - Sync 1 DAGs
[2024-08-27T14:37:02.794+0000] {logging_mixin.py:190} INFO - [2024-08-27T14:37:02.794+0000] {dag.py:4138} INFO - Setting next_dagrun for tutorial_objectstorage to None, run_after=None
[2024-08-27T14:37:02.819+0000] {processor.py:208} INFO - Processing /home/ubuntu/myenv/lib/python3.12/site-packages/airflow/example_dags/tutorial_objectstorage.py took 0.079 seconds
[2024-08-27T14:37:52.889+0000] {processor.py:186} INFO - Started process (PID=5781) to work on /home/ubuntu/myenv/lib/python3.12/site-packages/airflow/example_dags/tutorial_objectstorage.py
[2024-08-27T14:37:52.891+0000] {processor.py:914} INFO - Processing file /home/ubuntu/myenv/lib/python3.12/site-packages/airflow/example_dags/tutorial_objectstorage.py for tasks to queue
[2024-08-27T14:37:52.894+0000] {logging_mixin.py:190} INFO - [2024-08-27T14:37:52.893+0000] {dagbag.py:587} INFO - Filling up the DagBag from /home/ubuntu/myenv/lib/python3.12/site-packages/airflow/example_dags/tutorial_objectstorage.py
[2024-08-27T14:37:52.904+0000] {processor.py:925} INFO - DAG(s) 'tutorial_objectstorage' retrieved from /home/ubuntu/myenv/lib/python3.12/site-packages/airflow/example_dags/tutorial_objectstorage.py
[2024-08-27T14:37:52.921+0000] {logging_mixin.py:190} INFO - [2024-08-27T14:37:52.921+0000] {dag.py:3211} INFO - Sync 1 DAGs
[2024-08-27T14:37:52.935+0000] {logging_mixin.py:190} INFO - [2024-08-27T14:37:52.935+0000] {dag.py:4138} INFO - Setting next_dagrun for tutorial_objectstorage to None, run_after=None
[2024-08-27T14:37:52.958+0000] {processor.py:208} INFO - Processing /home/ubuntu/myenv/lib/python3.12/site-packages/airflow/example_dags/tutorial_objectstorage.py took 0.075 seconds
[2024-08-27T14:38:45.950+0000] {processor.py:186} INFO - Started process (PID=5847) to work on /home/ubuntu/myenv/lib/python3.12/site-packages/airflow/example_dags/tutorial_objectstorage.py
[2024-08-27T14:38:45.951+0000] {processor.py:914} INFO - Processing file /home/ubuntu/myenv/lib/python3.12/site-packages/airflow/example_dags/tutorial_objectstorage.py for tasks to queue
[2024-08-27T14:38:45.953+0000] {logging_mixin.py:190} INFO - [2024-08-27T14:38:45.953+0000] {dagbag.py:587} INFO - Filling up the DagBag from /home/ubuntu/myenv/lib/python3.12/site-packages/airflow/example_dags/tutorial_objectstorage.py
[2024-08-27T14:38:45.964+0000] {processor.py:925} INFO - DAG(s) 'tutorial_objectstorage' retrieved from /home/ubuntu/myenv/lib/python3.12/site-packages/airflow/example_dags/tutorial_objectstorage.py
[2024-08-27T14:38:45.981+0000] {logging_mixin.py:190} INFO - [2024-08-27T14:38:45.981+0000] {dag.py:3211} INFO - Sync 1 DAGs
[2024-08-27T14:38:46.127+0000] {logging_mixin.py:190} INFO - [2024-08-27T14:38:46.127+0000] {dag.py:4138} INFO - Setting next_dagrun for tutorial_objectstorage to None, run_after=None
[2024-08-27T14:38:46.182+0000] {processor.py:208} INFO - Processing /home/ubuntu/myenv/lib/python3.12/site-packages/airflow/example_dags/tutorial_objectstorage.py took 0.239 seconds
[2024-08-27T14:39:47.239+0000] {processor.py:186} INFO - Started process (PID=5922) to work on /home/ubuntu/myenv/lib/python3.12/site-packages/airflow/example_dags/tutorial_objectstorage.py
[2024-08-27T14:39:47.241+0000] {processor.py:914} INFO - Processing file /home/ubuntu/myenv/lib/python3.12/site-packages/airflow/example_dags/tutorial_objectstorage.py for tasks to queue
[2024-08-27T14:39:47.243+0000] {logging_mixin.py:190} INFO - [2024-08-27T14:39:47.242+0000] {dagbag.py:587} INFO - Filling up the DagBag from /home/ubuntu/myenv/lib/python3.12/site-packages/airflow/example_dags/tutorial_objectstorage.py
[2024-08-27T14:39:47.253+0000] {processor.py:925} INFO - DAG(s) 'tutorial_objectstorage' retrieved from /home/ubuntu/myenv/lib/python3.12/site-packages/airflow/example_dags/tutorial_objectstorage.py
[2024-08-27T14:39:47.270+0000] {logging_mixin.py:190} INFO - [2024-08-27T14:39:47.270+0000] {dag.py:3211} INFO - Sync 1 DAGs
[2024-08-27T14:39:47.285+0000] {logging_mixin.py:190} INFO - [2024-08-27T14:39:47.285+0000] {dag.py:4138} INFO - Setting next_dagrun for tutorial_objectstorage to None, run_after=None
[2024-08-27T14:39:47.308+0000] {processor.py:208} INFO - Processing /home/ubuntu/myenv/lib/python3.12/site-packages/airflow/example_dags/tutorial_objectstorage.py took 0.075 seconds
[2024-08-27T14:40:37.144+0000] {processor.py:186} INFO - Started process (PID=5984) to work on /home/ubuntu/myenv/lib/python3.12/site-packages/airflow/example_dags/tutorial_objectstorage.py
[2024-08-27T14:40:37.146+0000] {processor.py:914} INFO - Processing file /home/ubuntu/myenv/lib/python3.12/site-packages/airflow/example_dags/tutorial_objectstorage.py for tasks to queue
[2024-08-27T14:40:37.148+0000] {logging_mixin.py:190} INFO - [2024-08-27T14:40:37.148+0000] {dagbag.py:587} INFO - Filling up the DagBag from /home/ubuntu/myenv/lib/python3.12/site-packages/airflow/example_dags/tutorial_objectstorage.py
[2024-08-27T14:40:37.159+0000] {processor.py:925} INFO - DAG(s) 'tutorial_objectstorage' retrieved from /home/ubuntu/myenv/lib/python3.12/site-packages/airflow/example_dags/tutorial_objectstorage.py
[2024-08-27T14:40:37.176+0000] {logging_mixin.py:190} INFO - [2024-08-27T14:40:37.175+0000] {dag.py:3211} INFO - Sync 1 DAGs
[2024-08-27T14:40:37.190+0000] {logging_mixin.py:190} INFO - [2024-08-27T14:40:37.189+0000] {dag.py:4138} INFO - Setting next_dagrun for tutorial_objectstorage to None, run_after=None
[2024-08-27T14:40:37.213+0000] {processor.py:208} INFO - Processing /home/ubuntu/myenv/lib/python3.12/site-packages/airflow/example_dags/tutorial_objectstorage.py took 0.075 seconds
[2024-08-27T14:41:27.354+0000] {processor.py:186} INFO - Started process (PID=6036) to work on /home/ubuntu/myenv/lib/python3.12/site-packages/airflow/example_dags/tutorial_objectstorage.py
[2024-08-27T14:41:27.355+0000] {processor.py:914} INFO - Processing file /home/ubuntu/myenv/lib/python3.12/site-packages/airflow/example_dags/tutorial_objectstorage.py for tasks to queue
[2024-08-27T14:41:27.357+0000] {logging_mixin.py:190} INFO - [2024-08-27T14:41:27.357+0000] {dagbag.py:587} INFO - Filling up the DagBag from /home/ubuntu/myenv/lib/python3.12/site-packages/airflow/example_dags/tutorial_objectstorage.py
[2024-08-27T14:41:27.368+0000] {processor.py:925} INFO - DAG(s) 'tutorial_objectstorage' retrieved from /home/ubuntu/myenv/lib/python3.12/site-packages/airflow/example_dags/tutorial_objectstorage.py
[2024-08-27T14:41:27.386+0000] {logging_mixin.py:190} INFO - [2024-08-27T14:41:27.386+0000] {dag.py:3211} INFO - Sync 1 DAGs
[2024-08-27T14:41:27.400+0000] {logging_mixin.py:190} INFO - [2024-08-27T14:41:27.400+0000] {dag.py:4138} INFO - Setting next_dagrun for tutorial_objectstorage to None, run_after=None
[2024-08-27T14:41:27.424+0000] {processor.py:208} INFO - Processing /home/ubuntu/myenv/lib/python3.12/site-packages/airflow/example_dags/tutorial_objectstorage.py took 0.077 seconds
[2024-08-27T14:42:17.916+0000] {processor.py:186} INFO - Started process (PID=6087) to work on /home/ubuntu/myenv/lib/python3.12/site-packages/airflow/example_dags/tutorial_objectstorage.py
[2024-08-27T14:42:17.917+0000] {processor.py:914} INFO - Processing file /home/ubuntu/myenv/lib/python3.12/site-packages/airflow/example_dags/tutorial_objectstorage.py for tasks to queue
[2024-08-27T14:42:17.920+0000] {logging_mixin.py:190} INFO - [2024-08-27T14:42:17.919+0000] {dagbag.py:587} INFO - Filling up the DagBag from /home/ubuntu/myenv/lib/python3.12/site-packages/airflow/example_dags/tutorial_objectstorage.py
[2024-08-27T14:42:17.930+0000] {processor.py:925} INFO - DAG(s) 'tutorial_objectstorage' retrieved from /home/ubuntu/myenv/lib/python3.12/site-packages/airflow/example_dags/tutorial_objectstorage.py
[2024-08-27T14:42:17.947+0000] {logging_mixin.py:190} INFO - [2024-08-27T14:42:17.947+0000] {dag.py:3211} INFO - Sync 1 DAGs
[2024-08-27T14:42:17.961+0000] {logging_mixin.py:190} INFO - [2024-08-27T14:42:17.961+0000] {dag.py:4138} INFO - Setting next_dagrun for tutorial_objectstorage to None, run_after=None
[2024-08-27T14:42:17.983+0000] {processor.py:208} INFO - Processing /home/ubuntu/myenv/lib/python3.12/site-packages/airflow/example_dags/tutorial_objectstorage.py took 0.073 seconds
[2024-08-27T14:43:07.546+0000] {processor.py:186} INFO - Started process (PID=6138) to work on /home/ubuntu/myenv/lib/python3.12/site-packages/airflow/example_dags/tutorial_objectstorage.py
[2024-08-27T14:43:07.548+0000] {processor.py:914} INFO - Processing file /home/ubuntu/myenv/lib/python3.12/site-packages/airflow/example_dags/tutorial_objectstorage.py for tasks to queue
[2024-08-27T14:43:07.550+0000] {logging_mixin.py:190} INFO - [2024-08-27T14:43:07.549+0000] {dagbag.py:587} INFO - Filling up the DagBag from /home/ubuntu/myenv/lib/python3.12/site-packages/airflow/example_dags/tutorial_objectstorage.py
[2024-08-27T14:43:07.561+0000] {processor.py:925} INFO - DAG(s) 'tutorial_objectstorage' retrieved from /home/ubuntu/myenv/lib/python3.12/site-packages/airflow/example_dags/tutorial_objectstorage.py
[2024-08-27T14:43:07.579+0000] {logging_mixin.py:190} INFO - [2024-08-27T14:43:07.579+0000] {dag.py:3211} INFO - Sync 1 DAGs
[2024-08-27T14:43:07.594+0000] {logging_mixin.py:190} INFO - [2024-08-27T14:43:07.594+0000] {dag.py:4138} INFO - Setting next_dagrun for tutorial_objectstorage to None, run_after=None
[2024-08-27T14:43:07.617+0000] {processor.py:208} INFO - Processing /home/ubuntu/myenv/lib/python3.12/site-packages/airflow/example_dags/tutorial_objectstorage.py took 0.078 seconds
[2024-08-27T14:43:58.760+0000] {processor.py:186} INFO - Started process (PID=6192) to work on /home/ubuntu/myenv/lib/python3.12/site-packages/airflow/example_dags/tutorial_objectstorage.py
[2024-08-27T14:43:58.762+0000] {processor.py:914} INFO - Processing file /home/ubuntu/myenv/lib/python3.12/site-packages/airflow/example_dags/tutorial_objectstorage.py for tasks to queue
[2024-08-27T14:43:58.764+0000] {logging_mixin.py:190} INFO - [2024-08-27T14:43:58.764+0000] {dagbag.py:587} INFO - Filling up the DagBag from /home/ubuntu/myenv/lib/python3.12/site-packages/airflow/example_dags/tutorial_objectstorage.py
[2024-08-27T14:43:58.775+0000] {processor.py:925} INFO - DAG(s) 'tutorial_objectstorage' retrieved from /home/ubuntu/myenv/lib/python3.12/site-packages/airflow/example_dags/tutorial_objectstorage.py
[2024-08-27T14:43:58.792+0000] {logging_mixin.py:190} INFO - [2024-08-27T14:43:58.791+0000] {dag.py:3211} INFO - Sync 1 DAGs
[2024-08-27T14:43:58.806+0000] {logging_mixin.py:190} INFO - [2024-08-27T14:43:58.805+0000] {dag.py:4138} INFO - Setting next_dagrun for tutorial_objectstorage to None, run_after=None
[2024-08-27T14:43:58.828+0000] {processor.py:208} INFO - Processing /home/ubuntu/myenv/lib/python3.12/site-packages/airflow/example_dags/tutorial_objectstorage.py took 0.074 seconds
[2024-08-27T14:44:48.781+0000] {processor.py:186} INFO - Started process (PID=6244) to work on /home/ubuntu/myenv/lib/python3.12/site-packages/airflow/example_dags/tutorial_objectstorage.py
[2024-08-27T14:44:48.783+0000] {processor.py:914} INFO - Processing file /home/ubuntu/myenv/lib/python3.12/site-packages/airflow/example_dags/tutorial_objectstorage.py for tasks to queue
[2024-08-27T14:44:48.785+0000] {logging_mixin.py:190} INFO - [2024-08-27T14:44:48.784+0000] {dagbag.py:587} INFO - Filling up the DagBag from /home/ubuntu/myenv/lib/python3.12/site-packages/airflow/example_dags/tutorial_objectstorage.py
[2024-08-27T14:44:48.796+0000] {processor.py:925} INFO - DAG(s) 'tutorial_objectstorage' retrieved from /home/ubuntu/myenv/lib/python3.12/site-packages/airflow/example_dags/tutorial_objectstorage.py
[2024-08-27T14:44:48.813+0000] {logging_mixin.py:190} INFO - [2024-08-27T14:44:48.812+0000] {dag.py:3211} INFO - Sync 1 DAGs
[2024-08-27T14:44:48.827+0000] {logging_mixin.py:190} INFO - [2024-08-27T14:44:48.826+0000] {dag.py:4138} INFO - Setting next_dagrun for tutorial_objectstorage to None, run_after=None
[2024-08-27T14:44:48.849+0000] {processor.py:208} INFO - Processing /home/ubuntu/myenv/lib/python3.12/site-packages/airflow/example_dags/tutorial_objectstorage.py took 0.074 seconds
[2024-08-27T14:45:41.203+0000] {processor.py:186} INFO - Started process (PID=6299) to work on /home/ubuntu/myenv/lib/python3.12/site-packages/airflow/example_dags/tutorial_objectstorage.py
[2024-08-27T14:45:41.205+0000] {processor.py:914} INFO - Processing file /home/ubuntu/myenv/lib/python3.12/site-packages/airflow/example_dags/tutorial_objectstorage.py for tasks to queue
[2024-08-27T14:45:41.207+0000] {logging_mixin.py:190} INFO - [2024-08-27T14:45:41.206+0000] {dagbag.py:587} INFO - Filling up the DagBag from /home/ubuntu/myenv/lib/python3.12/site-packages/airflow/example_dags/tutorial_objectstorage.py
[2024-08-27T14:45:41.218+0000] {processor.py:925} INFO - DAG(s) 'tutorial_objectstorage' retrieved from /home/ubuntu/myenv/lib/python3.12/site-packages/airflow/example_dags/tutorial_objectstorage.py
[2024-08-27T14:45:41.235+0000] {logging_mixin.py:190} INFO - [2024-08-27T14:45:41.235+0000] {dag.py:3211} INFO - Sync 1 DAGs
[2024-08-27T14:45:41.250+0000] {logging_mixin.py:190} INFO - [2024-08-27T14:45:41.250+0000] {dag.py:4138} INFO - Setting next_dagrun for tutorial_objectstorage to None, run_after=None
[2024-08-27T14:45:41.274+0000] {processor.py:208} INFO - Processing /home/ubuntu/myenv/lib/python3.12/site-packages/airflow/example_dags/tutorial_objectstorage.py took 0.077 seconds
[2024-08-27T14:46:28.402+0000] {processor.py:186} INFO - Started process (PID=6351) to work on /home/ubuntu/myenv/lib/python3.12/site-packages/airflow/example_dags/tutorial_objectstorage.py
[2024-08-27T14:46:28.404+0000] {processor.py:914} INFO - Processing file /home/ubuntu/myenv/lib/python3.12/site-packages/airflow/example_dags/tutorial_objectstorage.py for tasks to queue
[2024-08-27T14:46:28.406+0000] {logging_mixin.py:190} INFO - [2024-08-27T14:46:28.406+0000] {dagbag.py:587} INFO - Filling up the DagBag from /home/ubuntu/myenv/lib/python3.12/site-packages/airflow/example_dags/tutorial_objectstorage.py
[2024-08-27T14:46:28.417+0000] {processor.py:925} INFO - DAG(s) 'tutorial_objectstorage' retrieved from /home/ubuntu/myenv/lib/python3.12/site-packages/airflow/example_dags/tutorial_objectstorage.py
[2024-08-27T14:46:28.433+0000] {logging_mixin.py:190} INFO - [2024-08-27T14:46:28.433+0000] {dag.py:3211} INFO - Sync 1 DAGs
[2024-08-27T14:46:28.447+0000] {logging_mixin.py:190} INFO - [2024-08-27T14:46:28.446+0000] {dag.py:4138} INFO - Setting next_dagrun for tutorial_objectstorage to None, run_after=None
[2024-08-27T14:46:28.470+0000] {processor.py:208} INFO - Processing /home/ubuntu/myenv/lib/python3.12/site-packages/airflow/example_dags/tutorial_objectstorage.py took 0.074 seconds
[2024-08-27T14:47:16.117+0000] {processor.py:186} INFO - Started process (PID=6400) to work on /home/ubuntu/myenv/lib/python3.12/site-packages/airflow/example_dags/tutorial_objectstorage.py
[2024-08-27T14:47:16.119+0000] {processor.py:914} INFO - Processing file /home/ubuntu/myenv/lib/python3.12/site-packages/airflow/example_dags/tutorial_objectstorage.py for tasks to queue
[2024-08-27T14:47:16.121+0000] {logging_mixin.py:190} INFO - [2024-08-27T14:47:16.121+0000] {dagbag.py:587} INFO - Filling up the DagBag from /home/ubuntu/myenv/lib/python3.12/site-packages/airflow/example_dags/tutorial_objectstorage.py
[2024-08-27T14:47:16.132+0000] {processor.py:925} INFO - DAG(s) 'tutorial_objectstorage' retrieved from /home/ubuntu/myenv/lib/python3.12/site-packages/airflow/example_dags/tutorial_objectstorage.py
[2024-08-27T14:47:16.150+0000] {logging_mixin.py:190} INFO - [2024-08-27T14:47:16.149+0000] {dag.py:3211} INFO - Sync 1 DAGs
[2024-08-27T14:47:16.164+0000] {logging_mixin.py:190} INFO - [2024-08-27T14:47:16.164+0000] {dag.py:4138} INFO - Setting next_dagrun for tutorial_objectstorage to None, run_after=None
[2024-08-27T14:47:16.187+0000] {processor.py:208} INFO - Processing /home/ubuntu/myenv/lib/python3.12/site-packages/airflow/example_dags/tutorial_objectstorage.py took 0.077 seconds
[2024-08-27T14:48:07.389+0000] {processor.py:186} INFO - Started process (PID=6454) to work on /home/ubuntu/myenv/lib/python3.12/site-packages/airflow/example_dags/tutorial_objectstorage.py
[2024-08-27T14:48:07.391+0000] {processor.py:914} INFO - Processing file /home/ubuntu/myenv/lib/python3.12/site-packages/airflow/example_dags/tutorial_objectstorage.py for tasks to queue
[2024-08-27T14:48:07.393+0000] {logging_mixin.py:190} INFO - [2024-08-27T14:48:07.393+0000] {dagbag.py:587} INFO - Filling up the DagBag from /home/ubuntu/myenv/lib/python3.12/site-packages/airflow/example_dags/tutorial_objectstorage.py
[2024-08-27T14:48:07.404+0000] {processor.py:925} INFO - DAG(s) 'tutorial_objectstorage' retrieved from /home/ubuntu/myenv/lib/python3.12/site-packages/airflow/example_dags/tutorial_objectstorage.py
[2024-08-27T14:48:07.422+0000] {logging_mixin.py:190} INFO - [2024-08-27T14:48:07.421+0000] {dag.py:3211} INFO - Sync 1 DAGs
[2024-08-27T14:48:07.436+0000] {logging_mixin.py:190} INFO - [2024-08-27T14:48:07.435+0000] {dag.py:4138} INFO - Setting next_dagrun for tutorial_objectstorage to None, run_after=None
[2024-08-27T14:48:07.458+0000] {processor.py:208} INFO - Processing /home/ubuntu/myenv/lib/python3.12/site-packages/airflow/example_dags/tutorial_objectstorage.py took 0.075 seconds
[2024-08-27T14:48:57.690+0000] {processor.py:186} INFO - Started process (PID=6510) to work on /home/ubuntu/myenv/lib/python3.12/site-packages/airflow/example_dags/tutorial_objectstorage.py
[2024-08-27T14:48:57.692+0000] {processor.py:914} INFO - Processing file /home/ubuntu/myenv/lib/python3.12/site-packages/airflow/example_dags/tutorial_objectstorage.py for tasks to queue
[2024-08-27T14:48:57.694+0000] {logging_mixin.py:190} INFO - [2024-08-27T14:48:57.694+0000] {dagbag.py:587} INFO - Filling up the DagBag from /home/ubuntu/myenv/lib/python3.12/site-packages/airflow/example_dags/tutorial_objectstorage.py
[2024-08-27T14:48:57.705+0000] {processor.py:925} INFO - DAG(s) 'tutorial_objectstorage' retrieved from /home/ubuntu/myenv/lib/python3.12/site-packages/airflow/example_dags/tutorial_objectstorage.py
[2024-08-27T14:48:57.723+0000] {logging_mixin.py:190} INFO - [2024-08-27T14:48:57.723+0000] {dag.py:3211} INFO - Sync 1 DAGs
[2024-08-27T14:48:57.737+0000] {logging_mixin.py:190} INFO - [2024-08-27T14:48:57.737+0000] {dag.py:4138} INFO - Setting next_dagrun for tutorial_objectstorage to None, run_after=None
[2024-08-27T14:48:57.761+0000] {processor.py:208} INFO - Processing /home/ubuntu/myenv/lib/python3.12/site-packages/airflow/example_dags/tutorial_objectstorage.py took 0.077 seconds
[2024-08-27T14:49:50.314+0000] {processor.py:186} INFO - Started process (PID=6567) to work on /home/ubuntu/myenv/lib/python3.12/site-packages/airflow/example_dags/tutorial_objectstorage.py
[2024-08-27T14:49:50.315+0000] {processor.py:914} INFO - Processing file /home/ubuntu/myenv/lib/python3.12/site-packages/airflow/example_dags/tutorial_objectstorage.py for tasks to queue
[2024-08-27T14:49:50.317+0000] {logging_mixin.py:190} INFO - [2024-08-27T14:49:50.317+0000] {dagbag.py:587} INFO - Filling up the DagBag from /home/ubuntu/myenv/lib/python3.12/site-packages/airflow/example_dags/tutorial_objectstorage.py
[2024-08-27T14:49:50.328+0000] {processor.py:925} INFO - DAG(s) 'tutorial_objectstorage' retrieved from /home/ubuntu/myenv/lib/python3.12/site-packages/airflow/example_dags/tutorial_objectstorage.py
[2024-08-27T14:49:50.345+0000] {logging_mixin.py:190} INFO - [2024-08-27T14:49:50.345+0000] {dag.py:3211} INFO - Sync 1 DAGs
[2024-08-27T14:49:50.358+0000] {logging_mixin.py:190} INFO - [2024-08-27T14:49:50.358+0000] {dag.py:4138} INFO - Setting next_dagrun for tutorial_objectstorage to None, run_after=None
[2024-08-27T14:49:50.381+0000] {processor.py:208} INFO - Processing /home/ubuntu/myenv/lib/python3.12/site-packages/airflow/example_dags/tutorial_objectstorage.py took 0.073 seconds
[2024-08-27T16:09:50.807+0000] {processor.py:186} INFO - Started process (PID=7589) to work on /home/ubuntu/myenv/lib/python3.12/site-packages/airflow/example_dags/tutorial_objectstorage.py
[2024-08-27T16:09:50.809+0000] {processor.py:914} INFO - Processing file /home/ubuntu/myenv/lib/python3.12/site-packages/airflow/example_dags/tutorial_objectstorage.py for tasks to queue
[2024-08-27T16:09:50.811+0000] {logging_mixin.py:190} INFO - [2024-08-27T16:09:50.810+0000] {dagbag.py:587} INFO - Filling up the DagBag from /home/ubuntu/myenv/lib/python3.12/site-packages/airflow/example_dags/tutorial_objectstorage.py
[2024-08-27T16:09:50.822+0000] {processor.py:925} INFO - DAG(s) 'tutorial_objectstorage' retrieved from /home/ubuntu/myenv/lib/python3.12/site-packages/airflow/example_dags/tutorial_objectstorage.py
[2024-08-27T16:09:50.846+0000] {logging_mixin.py:190} INFO - [2024-08-27T16:09:50.846+0000] {dag.py:3211} INFO - Sync 1 DAGs
[2024-08-27T16:09:50.860+0000] {logging_mixin.py:190} INFO - [2024-08-27T16:09:50.859+0000] {dag.py:4138} INFO - Setting next_dagrun for tutorial_objectstorage to None, run_after=None
[2024-08-27T16:09:50.885+0000] {processor.py:208} INFO - Processing /home/ubuntu/myenv/lib/python3.12/site-packages/airflow/example_dags/tutorial_objectstorage.py took 0.084 seconds
[2024-08-27T16:10:43.169+0000] {processor.py:186} INFO - Started process (PID=7670) to work on /home/ubuntu/myenv/lib/python3.12/site-packages/airflow/example_dags/tutorial_objectstorage.py
[2024-08-27T16:10:43.170+0000] {processor.py:914} INFO - Processing file /home/ubuntu/myenv/lib/python3.12/site-packages/airflow/example_dags/tutorial_objectstorage.py for tasks to queue
[2024-08-27T16:10:43.173+0000] {logging_mixin.py:190} INFO - [2024-08-27T16:10:43.172+0000] {dagbag.py:587} INFO - Filling up the DagBag from /home/ubuntu/myenv/lib/python3.12/site-packages/airflow/example_dags/tutorial_objectstorage.py
[2024-08-27T16:10:43.183+0000] {processor.py:925} INFO - DAG(s) 'tutorial_objectstorage' retrieved from /home/ubuntu/myenv/lib/python3.12/site-packages/airflow/example_dags/tutorial_objectstorage.py
[2024-08-27T16:10:43.200+0000] {logging_mixin.py:190} INFO - [2024-08-27T16:10:43.200+0000] {dag.py:3211} INFO - Sync 1 DAGs
[2024-08-27T16:10:43.213+0000] {logging_mixin.py:190} INFO - [2024-08-27T16:10:43.213+0000] {dag.py:4138} INFO - Setting next_dagrun for tutorial_objectstorage to None, run_after=None
[2024-08-27T16:10:43.236+0000] {processor.py:208} INFO - Processing /home/ubuntu/myenv/lib/python3.12/site-packages/airflow/example_dags/tutorial_objectstorage.py took 0.073 seconds
[2024-08-27T16:11:33.885+0000] {processor.py:186} INFO - Started process (PID=7748) to work on /home/ubuntu/myenv/lib/python3.12/site-packages/airflow/example_dags/tutorial_objectstorage.py
[2024-08-27T16:11:33.887+0000] {processor.py:914} INFO - Processing file /home/ubuntu/myenv/lib/python3.12/site-packages/airflow/example_dags/tutorial_objectstorage.py for tasks to queue
[2024-08-27T16:11:33.889+0000] {logging_mixin.py:190} INFO - [2024-08-27T16:11:33.888+0000] {dagbag.py:587} INFO - Filling up the DagBag from /home/ubuntu/myenv/lib/python3.12/site-packages/airflow/example_dags/tutorial_objectstorage.py
[2024-08-27T16:11:33.899+0000] {processor.py:925} INFO - DAG(s) 'tutorial_objectstorage' retrieved from /home/ubuntu/myenv/lib/python3.12/site-packages/airflow/example_dags/tutorial_objectstorage.py
[2024-08-27T16:11:33.916+0000] {logging_mixin.py:190} INFO - [2024-08-27T16:11:33.916+0000] {dag.py:3211} INFO - Sync 1 DAGs
[2024-08-27T16:11:33.929+0000] {logging_mixin.py:190} INFO - [2024-08-27T16:11:33.929+0000] {dag.py:4138} INFO - Setting next_dagrun for tutorial_objectstorage to None, run_after=None
[2024-08-27T16:11:33.955+0000] {processor.py:208} INFO - Processing /home/ubuntu/myenv/lib/python3.12/site-packages/airflow/example_dags/tutorial_objectstorage.py took 0.076 seconds
[2024-08-27T16:12:24.602+0000] {processor.py:186} INFO - Started process (PID=7872) to work on /home/ubuntu/myenv/lib/python3.12/site-packages/airflow/example_dags/tutorial_objectstorage.py
[2024-08-27T16:12:24.603+0000] {processor.py:914} INFO - Processing file /home/ubuntu/myenv/lib/python3.12/site-packages/airflow/example_dags/tutorial_objectstorage.py for tasks to queue
[2024-08-27T16:12:24.606+0000] {logging_mixin.py:190} INFO - [2024-08-27T16:12:24.605+0000] {dagbag.py:587} INFO - Filling up the DagBag from /home/ubuntu/myenv/lib/python3.12/site-packages/airflow/example_dags/tutorial_objectstorage.py
[2024-08-27T16:12:24.616+0000] {processor.py:925} INFO - DAG(s) 'tutorial_objectstorage' retrieved from /home/ubuntu/myenv/lib/python3.12/site-packages/airflow/example_dags/tutorial_objectstorage.py
[2024-08-27T16:12:24.634+0000] {logging_mixin.py:190} INFO - [2024-08-27T16:12:24.634+0000] {dag.py:3211} INFO - Sync 1 DAGs
[2024-08-27T16:12:24.648+0000] {logging_mixin.py:190} INFO - [2024-08-27T16:12:24.648+0000] {dag.py:4138} INFO - Setting next_dagrun for tutorial_objectstorage to None, run_after=None
[2024-08-27T16:12:24.671+0000] {processor.py:208} INFO - Processing /home/ubuntu/myenv/lib/python3.12/site-packages/airflow/example_dags/tutorial_objectstorage.py took 0.076 seconds
[2024-08-27T16:13:16.592+0000] {processor.py:186} INFO - Started process (PID=7962) to work on /home/ubuntu/myenv/lib/python3.12/site-packages/airflow/example_dags/tutorial_objectstorage.py
[2024-08-27T16:13:16.593+0000] {processor.py:914} INFO - Processing file /home/ubuntu/myenv/lib/python3.12/site-packages/airflow/example_dags/tutorial_objectstorage.py for tasks to queue
[2024-08-27T16:13:16.595+0000] {logging_mixin.py:190} INFO - [2024-08-27T16:13:16.595+0000] {dagbag.py:587} INFO - Filling up the DagBag from /home/ubuntu/myenv/lib/python3.12/site-packages/airflow/example_dags/tutorial_objectstorage.py
[2024-08-27T16:13:16.605+0000] {processor.py:925} INFO - DAG(s) 'tutorial_objectstorage' retrieved from /home/ubuntu/myenv/lib/python3.12/site-packages/airflow/example_dags/tutorial_objectstorage.py
[2024-08-27T16:13:16.622+0000] {logging_mixin.py:190} INFO - [2024-08-27T16:13:16.622+0000] {dag.py:3211} INFO - Sync 1 DAGs
[2024-08-27T16:13:16.636+0000] {logging_mixin.py:190} INFO - [2024-08-27T16:13:16.635+0000] {dag.py:4138} INFO - Setting next_dagrun for tutorial_objectstorage to None, run_after=None
[2024-08-27T16:13:16.660+0000] {processor.py:208} INFO - Processing /home/ubuntu/myenv/lib/python3.12/site-packages/airflow/example_dags/tutorial_objectstorage.py took 0.074 seconds
