[2024-08-27T18:13:03.869+0000] {local_task_job_runner.py:123} INFO - ::group::Pre task execution logs
[2024-08-27T18:13:03.958+0000] {taskinstance.py:2603} INFO - Dependencies all met for dep_context=non-requeueable deps ti=<TaskInstance: zillow_analytics_dag.tsk_load_to_s3 manual__2024-08-27T18:12:57.683373+00:00 [queued]>
[2024-08-27T18:13:03.965+0000] {taskinstance.py:2603} INFO - Dependencies all met for dep_context=requeueable deps ti=<TaskInstance: zillow_analytics_dag.tsk_load_to_s3 manual__2024-08-27T18:12:57.683373+00:00 [queued]>
[2024-08-27T18:13:03.965+0000] {taskinstance.py:2856} INFO - Starting attempt 1 of 3
[2024-08-27T18:13:03.981+0000] {taskinstance.py:2879} INFO - Executing <Task(BashOperator): tsk_load_to_s3> on 2024-08-27 18:12:57.683373+00:00
[2024-08-27T18:13:03.985+0000] {standard_task_runner.py:72} INFO - Started process 13503 to run task
[2024-08-27T18:13:03.988+0000] {standard_task_runner.py:104} INFO - Running: ['airflow', 'tasks', 'run', 'zillow_analytics_dag', 'tsk_load_to_s3', 'manual__2024-08-27T18:12:57.683373+00:00', '--job-id', '13', '--raw', '--subdir', 'DAGS_FOLDER/zillow_analytics.py', '--cfg-path', '/tmp/tmp7hsjd8_i']
[2024-08-27T18:13:03.990+0000] {standard_task_runner.py:105} INFO - Job 13: Subtask tsk_load_to_s3
[2024-08-27T18:13:04.027+0000] {task_command.py:467} INFO - Running <TaskInstance: zillow_analytics_dag.tsk_load_to_s3 manual__2024-08-27T18:12:57.683373+00:00 [running]> on host ip-172-31-11-44.eu-west-3.compute.internal
[2024-08-27T18:13:04.108+0000] {taskinstance.py:3122} INFO - Exporting env vars: AIRFLOW_CTX_DAG_EMAIL='says@master.com' AIRFLOW_CTX_DAG_OWNER='airflow' AIRFLOW_CTX_DAG_ID='zillow_analytics_dag' AIRFLOW_CTX_TASK_ID='tsk_load_to_s3' AIRFLOW_CTX_EXECUTION_DATE='2024-08-27T18:12:57.683373+00:00' AIRFLOW_CTX_TRY_NUMBER='1' AIRFLOW_CTX_DAG_RUN_ID='manual__2024-08-27T18:12:57.683373+00:00'
[2024-08-27T18:13:04.108+0000] {taskinstance.py:731} INFO - ::endgroup::
[2024-08-27T18:13:04.122+0000] {subprocess.py:63} INFO - Tmp dir root location: /tmp
[2024-08-27T18:13:04.123+0000] {subprocess.py:75} INFO - Running command: ['/usr/bin/bash', '-c', 'aws s3 mv /home/ubuntu/response_data_27082024181300.json s3://endtoend-bucket001/']
[2024-08-27T18:13:04.130+0000] {subprocess.py:86} INFO - Output:
[2024-08-27T18:13:05.102+0000] {subprocess.py:93} INFO - Completed 57.1 KiB/57.1 KiB (133.1 KiB/s) with 1 file(s) remainingmove: ../../home/ubuntu/response_data_27082024181300.json to s3://endtoend-bucket001/response_data_27082024181300.json
[2024-08-27T18:13:05.177+0000] {subprocess.py:97} INFO - Command exited with return code 0
[2024-08-27T18:13:05.197+0000] {taskinstance.py:340} INFO - ::group::Post task execution logs
[2024-08-27T18:13:05.197+0000] {taskinstance.py:352} INFO - Marking task as SUCCESS. dag_id=zillow_analytics_dag, task_id=tsk_load_to_s3, run_id=manual__2024-08-27T18:12:57.683373+00:00, execution_date=20240827T181257, start_date=20240827T181303, end_date=20240827T181305
[2024-08-27T18:13:05.247+0000] {local_task_job_runner.py:261} INFO - Task exited with return code 0
[2024-08-27T18:13:05.258+0000] {taskinstance.py:3891} INFO - 0 downstream tasks scheduled from follow-on schedule check
[2024-08-27T18:13:05.259+0000] {local_task_job_runner.py:240} INFO - ::endgroup::
