[2024-08-27T14:34:04.965+0000] {processor.py:186} INFO - Started process (PID=5505) to work on /home/ubuntu/myenv/lib/python3.12/site-packages/airflow/example_dags/plugins/event_listener.py
[2024-08-27T14:34:04.966+0000] {processor.py:914} INFO - Processing file /home/ubuntu/myenv/lib/python3.12/site-packages/airflow/example_dags/plugins/event_listener.py for tasks to queue
[2024-08-27T14:34:04.968+0000] {logging_mixin.py:190} INFO - [2024-08-27T14:34:04.968+0000] {dagbag.py:587} INFO - Filling up the DagBag from /home/ubuntu/myenv/lib/python3.12/site-packages/airflow/example_dags/plugins/event_listener.py
[2024-08-27T14:34:04.971+0000] {processor.py:927} WARNING - No viable dags retrieved from /home/ubuntu/myenv/lib/python3.12/site-packages/airflow/example_dags/plugins/event_listener.py
[2024-08-27T14:34:04.982+0000] {processor.py:208} INFO - Processing /home/ubuntu/myenv/lib/python3.12/site-packages/airflow/example_dags/plugins/event_listener.py took 0.023 seconds
[2024-08-27T14:35:14.927+0000] {processor.py:186} INFO - Started process (PID=5569) to work on /home/ubuntu/myenv/lib/python3.12/site-packages/airflow/example_dags/plugins/event_listener.py
[2024-08-27T14:35:14.929+0000] {processor.py:914} INFO - Processing file /home/ubuntu/myenv/lib/python3.12/site-packages/airflow/example_dags/plugins/event_listener.py for tasks to queue
[2024-08-27T14:35:14.931+0000] {logging_mixin.py:190} INFO - [2024-08-27T14:35:14.930+0000] {dagbag.py:587} INFO - Filling up the DagBag from /home/ubuntu/myenv/lib/python3.12/site-packages/airflow/example_dags/plugins/event_listener.py
[2024-08-27T14:35:14.933+0000] {processor.py:927} WARNING - No viable dags retrieved from /home/ubuntu/myenv/lib/python3.12/site-packages/airflow/example_dags/plugins/event_listener.py
[2024-08-27T14:35:14.945+0000] {processor.py:208} INFO - Processing /home/ubuntu/myenv/lib/python3.12/site-packages/airflow/example_dags/plugins/event_listener.py took 0.024 seconds
[2024-08-27T14:36:09.641+0000] {processor.py:186} INFO - Started process (PID=5640) to work on /home/ubuntu/myenv/lib/python3.12/site-packages/airflow/example_dags/plugins/event_listener.py
[2024-08-27T14:36:09.643+0000] {processor.py:914} INFO - Processing file /home/ubuntu/myenv/lib/python3.12/site-packages/airflow/example_dags/plugins/event_listener.py for tasks to queue
[2024-08-27T14:36:09.645+0000] {logging_mixin.py:190} INFO - [2024-08-27T14:36:09.645+0000] {dagbag.py:587} INFO - Filling up the DagBag from /home/ubuntu/myenv/lib/python3.12/site-packages/airflow/example_dags/plugins/event_listener.py
[2024-08-27T14:36:09.648+0000] {processor.py:927} WARNING - No viable dags retrieved from /home/ubuntu/myenv/lib/python3.12/site-packages/airflow/example_dags/plugins/event_listener.py
[2024-08-27T14:36:09.659+0000] {processor.py:208} INFO - Processing /home/ubuntu/myenv/lib/python3.12/site-packages/airflow/example_dags/plugins/event_listener.py took 0.024 seconds
[2024-08-27T14:36:58.422+0000] {processor.py:186} INFO - Started process (PID=5710) to work on /home/ubuntu/myenv/lib/python3.12/site-packages/airflow/example_dags/plugins/event_listener.py
[2024-08-27T14:36:58.423+0000] {processor.py:914} INFO - Processing file /home/ubuntu/myenv/lib/python3.12/site-packages/airflow/example_dags/plugins/event_listener.py for tasks to queue
[2024-08-27T14:36:58.426+0000] {logging_mixin.py:190} INFO - [2024-08-27T14:36:58.425+0000] {dagbag.py:587} INFO - Filling up the DagBag from /home/ubuntu/myenv/lib/python3.12/site-packages/airflow/example_dags/plugins/event_listener.py
[2024-08-27T14:36:58.428+0000] {processor.py:927} WARNING - No viable dags retrieved from /home/ubuntu/myenv/lib/python3.12/site-packages/airflow/example_dags/plugins/event_listener.py
[2024-08-27T14:36:58.440+0000] {processor.py:208} INFO - Processing /home/ubuntu/myenv/lib/python3.12/site-packages/airflow/example_dags/plugins/event_listener.py took 0.024 seconds
[2024-08-27T14:37:48.881+0000] {processor.py:186} INFO - Started process (PID=5776) to work on /home/ubuntu/myenv/lib/python3.12/site-packages/airflow/example_dags/plugins/event_listener.py
[2024-08-27T14:37:48.882+0000] {processor.py:914} INFO - Processing file /home/ubuntu/myenv/lib/python3.12/site-packages/airflow/example_dags/plugins/event_listener.py for tasks to queue
[2024-08-27T14:37:48.884+0000] {logging_mixin.py:190} INFO - [2024-08-27T14:37:48.884+0000] {dagbag.py:587} INFO - Filling up the DagBag from /home/ubuntu/myenv/lib/python3.12/site-packages/airflow/example_dags/plugins/event_listener.py
[2024-08-27T14:37:48.887+0000] {processor.py:927} WARNING - No viable dags retrieved from /home/ubuntu/myenv/lib/python3.12/site-packages/airflow/example_dags/plugins/event_listener.py
[2024-08-27T14:37:48.898+0000] {processor.py:208} INFO - Processing /home/ubuntu/myenv/lib/python3.12/site-packages/airflow/example_dags/plugins/event_listener.py took 0.023 seconds
[2024-08-27T14:38:40.962+0000] {processor.py:186} INFO - Started process (PID=5842) to work on /home/ubuntu/myenv/lib/python3.12/site-packages/airflow/example_dags/plugins/event_listener.py
[2024-08-27T14:38:40.964+0000] {processor.py:914} INFO - Processing file /home/ubuntu/myenv/lib/python3.12/site-packages/airflow/example_dags/plugins/event_listener.py for tasks to queue
[2024-08-27T14:38:40.966+0000] {logging_mixin.py:190} INFO - [2024-08-27T14:38:40.966+0000] {dagbag.py:587} INFO - Filling up the DagBag from /home/ubuntu/myenv/lib/python3.12/site-packages/airflow/example_dags/plugins/event_listener.py
[2024-08-27T14:38:40.969+0000] {processor.py:927} WARNING - No viable dags retrieved from /home/ubuntu/myenv/lib/python3.12/site-packages/airflow/example_dags/plugins/event_listener.py
[2024-08-27T14:38:40.981+0000] {processor.py:208} INFO - Processing /home/ubuntu/myenv/lib/python3.12/site-packages/airflow/example_dags/plugins/event_listener.py took 0.025 seconds
[2024-08-27T14:39:19.093+0000] {processor.py:186} INFO - Started process (PID=5886) to work on /home/ubuntu/myenv/lib/python3.12/site-packages/airflow/example_dags/plugins/event_listener.py
[2024-08-27T14:39:19.095+0000] {processor.py:914} INFO - Processing file /home/ubuntu/myenv/lib/python3.12/site-packages/airflow/example_dags/plugins/event_listener.py for tasks to queue
[2024-08-27T14:39:19.097+0000] {logging_mixin.py:190} INFO - [2024-08-27T14:39:19.096+0000] {dagbag.py:587} INFO - Filling up the DagBag from /home/ubuntu/myenv/lib/python3.12/site-packages/airflow/example_dags/plugins/event_listener.py
[2024-08-27T14:39:19.099+0000] {processor.py:927} WARNING - No viable dags retrieved from /home/ubuntu/myenv/lib/python3.12/site-packages/airflow/example_dags/plugins/event_listener.py
[2024-08-27T14:39:19.112+0000] {processor.py:208} INFO - Processing /home/ubuntu/myenv/lib/python3.12/site-packages/airflow/example_dags/plugins/event_listener.py took 0.025 seconds
[2024-08-27T14:40:12.788+0000] {processor.py:186} INFO - Started process (PID=5958) to work on /home/ubuntu/myenv/lib/python3.12/site-packages/airflow/example_dags/plugins/event_listener.py
[2024-08-27T14:40:12.790+0000] {processor.py:914} INFO - Processing file /home/ubuntu/myenv/lib/python3.12/site-packages/airflow/example_dags/plugins/event_listener.py for tasks to queue
[2024-08-27T14:40:12.792+0000] {logging_mixin.py:190} INFO - [2024-08-27T14:40:12.792+0000] {dagbag.py:587} INFO - Filling up the DagBag from /home/ubuntu/myenv/lib/python3.12/site-packages/airflow/example_dags/plugins/event_listener.py
[2024-08-27T14:40:12.795+0000] {processor.py:927} WARNING - No viable dags retrieved from /home/ubuntu/myenv/lib/python3.12/site-packages/airflow/example_dags/plugins/event_listener.py
[2024-08-27T14:40:12.807+0000] {processor.py:208} INFO - Processing /home/ubuntu/myenv/lib/python3.12/site-packages/airflow/example_dags/plugins/event_listener.py took 0.025 seconds
[2024-08-27T14:41:03.246+0000] {processor.py:186} INFO - Started process (PID=6012) to work on /home/ubuntu/myenv/lib/python3.12/site-packages/airflow/example_dags/plugins/event_listener.py
[2024-08-27T14:41:03.248+0000] {processor.py:914} INFO - Processing file /home/ubuntu/myenv/lib/python3.12/site-packages/airflow/example_dags/plugins/event_listener.py for tasks to queue
[2024-08-27T14:41:03.250+0000] {logging_mixin.py:190} INFO - [2024-08-27T14:41:03.249+0000] {dagbag.py:587} INFO - Filling up the DagBag from /home/ubuntu/myenv/lib/python3.12/site-packages/airflow/example_dags/plugins/event_listener.py
[2024-08-27T14:41:03.252+0000] {processor.py:927} WARNING - No viable dags retrieved from /home/ubuntu/myenv/lib/python3.12/site-packages/airflow/example_dags/plugins/event_listener.py
[2024-08-27T14:41:03.265+0000] {processor.py:208} INFO - Processing /home/ubuntu/myenv/lib/python3.12/site-packages/airflow/example_dags/plugins/event_listener.py took 0.025 seconds
[2024-08-27T14:41:52.964+0000] {processor.py:186} INFO - Started process (PID=6062) to work on /home/ubuntu/myenv/lib/python3.12/site-packages/airflow/example_dags/plugins/event_listener.py
[2024-08-27T14:41:52.966+0000] {processor.py:914} INFO - Processing file /home/ubuntu/myenv/lib/python3.12/site-packages/airflow/example_dags/plugins/event_listener.py for tasks to queue
[2024-08-27T14:41:52.968+0000] {logging_mixin.py:190} INFO - [2024-08-27T14:41:52.967+0000] {dagbag.py:587} INFO - Filling up the DagBag from /home/ubuntu/myenv/lib/python3.12/site-packages/airflow/example_dags/plugins/event_listener.py
[2024-08-27T14:41:52.970+0000] {processor.py:927} WARNING - No viable dags retrieved from /home/ubuntu/myenv/lib/python3.12/site-packages/airflow/example_dags/plugins/event_listener.py
[2024-08-27T14:41:52.982+0000] {processor.py:208} INFO - Processing /home/ubuntu/myenv/lib/python3.12/site-packages/airflow/example_dags/plugins/event_listener.py took 0.025 seconds
[2024-08-27T14:42:43.638+0000] {processor.py:186} INFO - Started process (PID=6114) to work on /home/ubuntu/myenv/lib/python3.12/site-packages/airflow/example_dags/plugins/event_listener.py
[2024-08-27T14:42:43.640+0000] {processor.py:914} INFO - Processing file /home/ubuntu/myenv/lib/python3.12/site-packages/airflow/example_dags/plugins/event_listener.py for tasks to queue
[2024-08-27T14:42:43.642+0000] {logging_mixin.py:190} INFO - [2024-08-27T14:42:43.641+0000] {dagbag.py:587} INFO - Filling up the DagBag from /home/ubuntu/myenv/lib/python3.12/site-packages/airflow/example_dags/plugins/event_listener.py
[2024-08-27T14:42:43.644+0000] {processor.py:927} WARNING - No viable dags retrieved from /home/ubuntu/myenv/lib/python3.12/site-packages/airflow/example_dags/plugins/event_listener.py
[2024-08-27T14:42:43.656+0000] {processor.py:208} INFO - Processing /home/ubuntu/myenv/lib/python3.12/site-packages/airflow/example_dags/plugins/event_listener.py took 0.024 seconds
[2024-08-27T14:43:35.296+0000] {processor.py:186} INFO - Started process (PID=6166) to work on /home/ubuntu/myenv/lib/python3.12/site-packages/airflow/example_dags/plugins/event_listener.py
[2024-08-27T14:43:35.297+0000] {processor.py:914} INFO - Processing file /home/ubuntu/myenv/lib/python3.12/site-packages/airflow/example_dags/plugins/event_listener.py for tasks to queue
[2024-08-27T14:43:35.300+0000] {logging_mixin.py:190} INFO - [2024-08-27T14:43:35.299+0000] {dagbag.py:587} INFO - Filling up the DagBag from /home/ubuntu/myenv/lib/python3.12/site-packages/airflow/example_dags/plugins/event_listener.py
[2024-08-27T14:43:35.302+0000] {processor.py:927} WARNING - No viable dags retrieved from /home/ubuntu/myenv/lib/python3.12/site-packages/airflow/example_dags/plugins/event_listener.py
[2024-08-27T14:43:35.314+0000] {processor.py:208} INFO - Processing /home/ubuntu/myenv/lib/python3.12/site-packages/airflow/example_dags/plugins/event_listener.py took 0.024 seconds
[2024-08-27T14:44:24.332+0000] {processor.py:186} INFO - Started process (PID=6218) to work on /home/ubuntu/myenv/lib/python3.12/site-packages/airflow/example_dags/plugins/event_listener.py
[2024-08-27T14:44:24.333+0000] {processor.py:914} INFO - Processing file /home/ubuntu/myenv/lib/python3.12/site-packages/airflow/example_dags/plugins/event_listener.py for tasks to queue
[2024-08-27T14:44:24.335+0000] {logging_mixin.py:190} INFO - [2024-08-27T14:44:24.335+0000] {dagbag.py:587} INFO - Filling up the DagBag from /home/ubuntu/myenv/lib/python3.12/site-packages/airflow/example_dags/plugins/event_listener.py
[2024-08-27T14:44:24.338+0000] {processor.py:927} WARNING - No viable dags retrieved from /home/ubuntu/myenv/lib/python3.12/site-packages/airflow/example_dags/plugins/event_listener.py
[2024-08-27T14:44:24.349+0000] {processor.py:208} INFO - Processing /home/ubuntu/myenv/lib/python3.12/site-packages/airflow/example_dags/plugins/event_listener.py took 0.024 seconds
[2024-08-27T14:45:15.365+0000] {processor.py:186} INFO - Started process (PID=6273) to work on /home/ubuntu/myenv/lib/python3.12/site-packages/airflow/example_dags/plugins/event_listener.py
[2024-08-27T14:45:15.366+0000] {processor.py:914} INFO - Processing file /home/ubuntu/myenv/lib/python3.12/site-packages/airflow/example_dags/plugins/event_listener.py for tasks to queue
[2024-08-27T14:45:15.369+0000] {logging_mixin.py:190} INFO - [2024-08-27T14:45:15.368+0000] {dagbag.py:587} INFO - Filling up the DagBag from /home/ubuntu/myenv/lib/python3.12/site-packages/airflow/example_dags/plugins/event_listener.py
[2024-08-27T14:45:15.371+0000] {processor.py:927} WARNING - No viable dags retrieved from /home/ubuntu/myenv/lib/python3.12/site-packages/airflow/example_dags/plugins/event_listener.py
[2024-08-27T14:45:15.383+0000] {processor.py:208} INFO - Processing /home/ubuntu/myenv/lib/python3.12/site-packages/airflow/example_dags/plugins/event_listener.py took 0.024 seconds
[2024-08-27T14:46:06.517+0000] {processor.py:186} INFO - Started process (PID=6328) to work on /home/ubuntu/myenv/lib/python3.12/site-packages/airflow/example_dags/plugins/event_listener.py
[2024-08-27T14:46:06.518+0000] {processor.py:914} INFO - Processing file /home/ubuntu/myenv/lib/python3.12/site-packages/airflow/example_dags/plugins/event_listener.py for tasks to queue
[2024-08-27T14:46:06.521+0000] {logging_mixin.py:190} INFO - [2024-08-27T14:46:06.520+0000] {dagbag.py:587} INFO - Filling up the DagBag from /home/ubuntu/myenv/lib/python3.12/site-packages/airflow/example_dags/plugins/event_listener.py
[2024-08-27T14:46:06.523+0000] {processor.py:927} WARNING - No viable dags retrieved from /home/ubuntu/myenv/lib/python3.12/site-packages/airflow/example_dags/plugins/event_listener.py
[2024-08-27T14:46:06.535+0000] {processor.py:208} INFO - Processing /home/ubuntu/myenv/lib/python3.12/site-packages/airflow/example_dags/plugins/event_listener.py took 0.025 seconds
[2024-08-27T14:46:52.546+0000] {processor.py:186} INFO - Started process (PID=6376) to work on /home/ubuntu/myenv/lib/python3.12/site-packages/airflow/example_dags/plugins/event_listener.py
[2024-08-27T14:46:52.548+0000] {processor.py:914} INFO - Processing file /home/ubuntu/myenv/lib/python3.12/site-packages/airflow/example_dags/plugins/event_listener.py for tasks to queue
[2024-08-27T14:46:52.550+0000] {logging_mixin.py:190} INFO - [2024-08-27T14:46:52.549+0000] {dagbag.py:587} INFO - Filling up the DagBag from /home/ubuntu/myenv/lib/python3.12/site-packages/airflow/example_dags/plugins/event_listener.py
[2024-08-27T14:46:52.552+0000] {processor.py:927} WARNING - No viable dags retrieved from /home/ubuntu/myenv/lib/python3.12/site-packages/airflow/example_dags/plugins/event_listener.py
[2024-08-27T14:46:52.564+0000] {processor.py:208} INFO - Processing /home/ubuntu/myenv/lib/python3.12/site-packages/airflow/example_dags/plugins/event_listener.py took 0.024 seconds
[2024-08-27T14:47:43.015+0000] {processor.py:186} INFO - Started process (PID=6429) to work on /home/ubuntu/myenv/lib/python3.12/site-packages/airflow/example_dags/plugins/event_listener.py
[2024-08-27T14:47:43.017+0000] {processor.py:914} INFO - Processing file /home/ubuntu/myenv/lib/python3.12/site-packages/airflow/example_dags/plugins/event_listener.py for tasks to queue
[2024-08-27T14:47:43.019+0000] {logging_mixin.py:190} INFO - [2024-08-27T14:47:43.019+0000] {dagbag.py:587} INFO - Filling up the DagBag from /home/ubuntu/myenv/lib/python3.12/site-packages/airflow/example_dags/plugins/event_listener.py
[2024-08-27T14:47:43.022+0000] {processor.py:927} WARNING - No viable dags retrieved from /home/ubuntu/myenv/lib/python3.12/site-packages/airflow/example_dags/plugins/event_listener.py
[2024-08-27T14:47:43.034+0000] {processor.py:208} INFO - Processing /home/ubuntu/myenv/lib/python3.12/site-packages/airflow/example_dags/plugins/event_listener.py took 0.025 seconds
[2024-08-27T14:48:34.227+0000] {processor.py:186} INFO - Started process (PID=6485) to work on /home/ubuntu/myenv/lib/python3.12/site-packages/airflow/example_dags/plugins/event_listener.py
[2024-08-27T14:48:34.228+0000] {processor.py:914} INFO - Processing file /home/ubuntu/myenv/lib/python3.12/site-packages/airflow/example_dags/plugins/event_listener.py for tasks to queue
[2024-08-27T14:48:34.230+0000] {logging_mixin.py:190} INFO - [2024-08-27T14:48:34.230+0000] {dagbag.py:587} INFO - Filling up the DagBag from /home/ubuntu/myenv/lib/python3.12/site-packages/airflow/example_dags/plugins/event_listener.py
[2024-08-27T14:48:34.233+0000] {processor.py:927} WARNING - No viable dags retrieved from /home/ubuntu/myenv/lib/python3.12/site-packages/airflow/example_dags/plugins/event_listener.py
[2024-08-27T14:48:34.244+0000] {processor.py:208} INFO - Processing /home/ubuntu/myenv/lib/python3.12/site-packages/airflow/example_dags/plugins/event_listener.py took 0.024 seconds
[2024-08-27T14:49:25.782+0000] {processor.py:186} INFO - Started process (PID=6539) to work on /home/ubuntu/myenv/lib/python3.12/site-packages/airflow/example_dags/plugins/event_listener.py
[2024-08-27T14:49:25.783+0000] {processor.py:914} INFO - Processing file /home/ubuntu/myenv/lib/python3.12/site-packages/airflow/example_dags/plugins/event_listener.py for tasks to queue
[2024-08-27T14:49:25.785+0000] {logging_mixin.py:190} INFO - [2024-08-27T14:49:25.785+0000] {dagbag.py:587} INFO - Filling up the DagBag from /home/ubuntu/myenv/lib/python3.12/site-packages/airflow/example_dags/plugins/event_listener.py
[2024-08-27T14:49:25.788+0000] {processor.py:927} WARNING - No viable dags retrieved from /home/ubuntu/myenv/lib/python3.12/site-packages/airflow/example_dags/plugins/event_listener.py
[2024-08-27T14:49:25.799+0000] {processor.py:208} INFO - Processing /home/ubuntu/myenv/lib/python3.12/site-packages/airflow/example_dags/plugins/event_listener.py took 0.024 seconds
[2024-08-27T16:09:45.893+0000] {processor.py:186} INFO - Started process (PID=7548) to work on /home/ubuntu/myenv/lib/python3.12/site-packages/airflow/example_dags/plugins/event_listener.py
[2024-08-27T16:09:45.895+0000] {processor.py:914} INFO - Processing file /home/ubuntu/myenv/lib/python3.12/site-packages/airflow/example_dags/plugins/event_listener.py for tasks to queue
[2024-08-27T16:09:45.898+0000] {logging_mixin.py:190} INFO - [2024-08-27T16:09:45.897+0000] {dagbag.py:587} INFO - Filling up the DagBag from /home/ubuntu/myenv/lib/python3.12/site-packages/airflow/example_dags/plugins/event_listener.py
[2024-08-27T16:09:45.900+0000] {processor.py:927} WARNING - No viable dags retrieved from /home/ubuntu/myenv/lib/python3.12/site-packages/airflow/example_dags/plugins/event_listener.py
[2024-08-27T16:09:45.919+0000] {processor.py:208} INFO - Processing /home/ubuntu/myenv/lib/python3.12/site-packages/airflow/example_dags/plugins/event_listener.py took 0.032 seconds
[2024-08-27T16:10:39.079+0000] {processor.py:186} INFO - Started process (PID=7647) to work on /home/ubuntu/myenv/lib/python3.12/site-packages/airflow/example_dags/plugins/event_listener.py
[2024-08-27T16:10:39.081+0000] {processor.py:914} INFO - Processing file /home/ubuntu/myenv/lib/python3.12/site-packages/airflow/example_dags/plugins/event_listener.py for tasks to queue
[2024-08-27T16:10:39.083+0000] {logging_mixin.py:190} INFO - [2024-08-27T16:10:39.083+0000] {dagbag.py:587} INFO - Filling up the DagBag from /home/ubuntu/myenv/lib/python3.12/site-packages/airflow/example_dags/plugins/event_listener.py
[2024-08-27T16:10:39.086+0000] {processor.py:927} WARNING - No viable dags retrieved from /home/ubuntu/myenv/lib/python3.12/site-packages/airflow/example_dags/plugins/event_listener.py
[2024-08-27T16:10:39.098+0000] {processor.py:208} INFO - Processing /home/ubuntu/myenv/lib/python3.12/site-packages/airflow/example_dags/plugins/event_listener.py took 0.025 seconds
[2024-08-27T16:11:29.429+0000] {processor.py:186} INFO - Started process (PID=7743) to work on /home/ubuntu/myenv/lib/python3.12/site-packages/airflow/example_dags/plugins/event_listener.py
[2024-08-27T16:11:29.431+0000] {processor.py:914} INFO - Processing file /home/ubuntu/myenv/lib/python3.12/site-packages/airflow/example_dags/plugins/event_listener.py for tasks to queue
[2024-08-27T16:11:29.433+0000] {logging_mixin.py:190} INFO - [2024-08-27T16:11:29.433+0000] {dagbag.py:587} INFO - Filling up the DagBag from /home/ubuntu/myenv/lib/python3.12/site-packages/airflow/example_dags/plugins/event_listener.py
[2024-08-27T16:11:29.436+0000] {processor.py:927} WARNING - No viable dags retrieved from /home/ubuntu/myenv/lib/python3.12/site-packages/airflow/example_dags/plugins/event_listener.py
[2024-08-27T16:11:29.448+0000] {processor.py:208} INFO - Processing /home/ubuntu/myenv/lib/python3.12/site-packages/airflow/example_dags/plugins/event_listener.py took 0.025 seconds
[2024-08-27T16:12:19.452+0000] {processor.py:186} INFO - Started process (PID=7867) to work on /home/ubuntu/myenv/lib/python3.12/site-packages/airflow/example_dags/plugins/event_listener.py
[2024-08-27T16:12:19.454+0000] {processor.py:914} INFO - Processing file /home/ubuntu/myenv/lib/python3.12/site-packages/airflow/example_dags/plugins/event_listener.py for tasks to queue
[2024-08-27T16:12:19.456+0000] {logging_mixin.py:190} INFO - [2024-08-27T16:12:19.455+0000] {dagbag.py:587} INFO - Filling up the DagBag from /home/ubuntu/myenv/lib/python3.12/site-packages/airflow/example_dags/plugins/event_listener.py
[2024-08-27T16:12:19.458+0000] {processor.py:927} WARNING - No viable dags retrieved from /home/ubuntu/myenv/lib/python3.12/site-packages/airflow/example_dags/plugins/event_listener.py
[2024-08-27T16:12:19.470+0000] {processor.py:208} INFO - Processing /home/ubuntu/myenv/lib/python3.12/site-packages/airflow/example_dags/plugins/event_listener.py took 0.024 seconds
[2024-08-27T16:13:12.105+0000] {processor.py:186} INFO - Started process (PID=7955) to work on /home/ubuntu/myenv/lib/python3.12/site-packages/airflow/example_dags/plugins/event_listener.py
[2024-08-27T16:13:12.107+0000] {processor.py:914} INFO - Processing file /home/ubuntu/myenv/lib/python3.12/site-packages/airflow/example_dags/plugins/event_listener.py for tasks to queue
[2024-08-27T16:13:12.109+0000] {logging_mixin.py:190} INFO - [2024-08-27T16:13:12.108+0000] {dagbag.py:587} INFO - Filling up the DagBag from /home/ubuntu/myenv/lib/python3.12/site-packages/airflow/example_dags/plugins/event_listener.py
[2024-08-27T16:13:12.111+0000] {processor.py:927} WARNING - No viable dags retrieved from /home/ubuntu/myenv/lib/python3.12/site-packages/airflow/example_dags/plugins/event_listener.py
[2024-08-27T16:13:12.124+0000] {processor.py:208} INFO - Processing /home/ubuntu/myenv/lib/python3.12/site-packages/airflow/example_dags/plugins/event_listener.py took 0.026 seconds
