[2024-08-30T16:41:47.331+0000] {local_task_job_runner.py:123} INFO - ::group::Pre task execution logs
[2024-08-30T16:41:47.340+0000] {taskinstance.py:2603} INFO - Dependencies all met for dep_context=non-requeueable deps ti=<TaskInstance: zillow_analytics_dag.tsk_load_to_s3 manual__2024-08-30T16:41:41.524016+00:00 [queued]>
[2024-08-30T16:41:47.345+0000] {taskinstance.py:2603} INFO - Dependencies all met for dep_context=requeueable deps ti=<TaskInstance: zillow_analytics_dag.tsk_load_to_s3 manual__2024-08-30T16:41:41.524016+00:00 [queued]>
[2024-08-30T16:41:47.345+0000] {taskinstance.py:2856} INFO - Starting attempt 1 of 3
[2024-08-30T16:41:47.362+0000] {taskinstance.py:2879} INFO - Executing <Task(BashOperator): tsk_load_to_s3> on 2024-08-30 16:41:41.524016+00:00
[2024-08-30T16:41:47.364+0000] {standard_task_runner.py:72} INFO - Started process 7285 to run task
[2024-08-30T16:41:47.370+0000] {standard_task_runner.py:104} INFO - Running: ['airflow', 'tasks', 'run', 'zillow_analytics_dag', 'tsk_load_to_s3', 'manual__2024-08-30T16:41:41.524016+00:00', '--job-id', '113', '--raw', '--subdir', 'DAGS_FOLDER/zillow_analytics.py', '--cfg-path', '/tmp/tmp1fuyvt_m']
[2024-08-30T16:41:47.379+0000] {standard_task_runner.py:105} INFO - Job 113: Subtask tsk_load_to_s3
[2024-08-30T16:41:47.416+0000] {task_command.py:467} INFO - Running <TaskInstance: zillow_analytics_dag.tsk_load_to_s3 manual__2024-08-30T16:41:41.524016+00:00 [running]> on host ip-172-31-11-44.eu-west-3.compute.internal
[2024-08-30T16:41:47.484+0000] {taskinstance.py:3122} INFO - Exporting env vars: AIRFLOW_CTX_DAG_EMAIL='says@master.com' AIRFLOW_CTX_DAG_OWNER='airflow' AIRFLOW_CTX_DAG_ID='zillow_analytics_dag' AIRFLOW_CTX_TASK_ID='tsk_load_to_s3' AIRFLOW_CTX_EXECUTION_DATE='2024-08-30T16:41:41.524016+00:00' AIRFLOW_CTX_TRY_NUMBER='1' AIRFLOW_CTX_DAG_RUN_ID='manual__2024-08-30T16:41:41.524016+00:00'
[2024-08-30T16:41:47.484+0000] {taskinstance.py:731} INFO - ::endgroup::
[2024-08-30T16:41:47.496+0000] {subprocess.py:63} INFO - Tmp dir root location: /tmp
[2024-08-30T16:41:47.496+0000] {subprocess.py:75} INFO - Running command: ['/usr/bin/bash', '-c', 'aws s3 mv /home/ubuntu/response_data_30082024164144.json s3://endtoend-bucket001/']
[2024-08-30T16:41:47.504+0000] {subprocess.py:86} INFO - Output:
[2024-08-30T16:41:48.111+0000] {subprocess.py:93} INFO - Completed 56.8 KiB/56.8 KiB (367.5 KiB/s) with 1 file(s) remainingmove: ../../home/ubuntu/response_data_30082024164144.json to s3://endtoend-bucket001/response_data_30082024164144.json
[2024-08-30T16:41:48.180+0000] {subprocess.py:97} INFO - Command exited with return code 0
[2024-08-30T16:41:48.201+0000] {taskinstance.py:340} INFO - ::group::Post task execution logs
[2024-08-30T16:41:48.202+0000] {taskinstance.py:352} INFO - Marking task as SUCCESS. dag_id=zillow_analytics_dag, task_id=tsk_load_to_s3, run_id=manual__2024-08-30T16:41:41.524016+00:00, execution_date=20240830T164141, start_date=20240830T164147, end_date=20240830T164148
[2024-08-30T16:41:48.230+0000] {local_task_job_runner.py:261} INFO - Task exited with return code 0
[2024-08-30T16:41:48.248+0000] {taskinstance.py:3891} INFO - 1 downstream tasks scheduled from follow-on schedule check
[2024-08-30T16:41:48.256+0000] {local_task_job_runner.py:240} INFO - ::endgroup::
