[2024-08-29T17:42:00.640+0000] {local_task_job_runner.py:123} INFO - ::group::Pre task execution logs
[2024-08-29T17:42:00.650+0000] {taskinstance.py:2603} INFO - Dependencies all met for dep_context=non-requeueable deps ti=<TaskInstance: zillow_analytics_dag.tsk_load_to_s3 manual__2024-08-29T17:41:54.337854+00:00 [queued]>
[2024-08-29T17:42:00.655+0000] {taskinstance.py:2603} INFO - Dependencies all met for dep_context=requeueable deps ti=<TaskInstance: zillow_analytics_dag.tsk_load_to_s3 manual__2024-08-29T17:41:54.337854+00:00 [queued]>
[2024-08-29T17:42:00.655+0000] {taskinstance.py:2856} INFO - Starting attempt 1 of 3
[2024-08-29T17:42:00.671+0000] {taskinstance.py:2879} INFO - Executing <Task(BashOperator): tsk_load_to_s3> on 2024-08-29 17:41:54.337854+00:00
[2024-08-29T17:42:00.674+0000] {standard_task_runner.py:72} INFO - Started process 34659 to run task
[2024-08-29T17:42:00.678+0000] {standard_task_runner.py:104} INFO - Running: ['airflow', 'tasks', 'run', 'zillow_analytics_dag', 'tsk_load_to_s3', 'manual__2024-08-29T17:41:54.337854+00:00', '--job-id', '67', '--raw', '--subdir', 'DAGS_FOLDER/zillow_analytics.py', '--cfg-path', '/tmp/tmpwix_iy4g']
[2024-08-29T17:42:00.679+0000] {standard_task_runner.py:105} INFO - Job 67: Subtask tsk_load_to_s3
[2024-08-29T17:42:00.714+0000] {task_command.py:467} INFO - Running <TaskInstance: zillow_analytics_dag.tsk_load_to_s3 manual__2024-08-29T17:41:54.337854+00:00 [running]> on host ip-172-31-11-44.eu-west-3.compute.internal
[2024-08-29T17:42:00.785+0000] {taskinstance.py:3122} INFO - Exporting env vars: AIRFLOW_CTX_DAG_EMAIL='says@master.com' AIRFLOW_CTX_DAG_OWNER='airflow' AIRFLOW_CTX_DAG_ID='zillow_analytics_dag' AIRFLOW_CTX_TASK_ID='tsk_load_to_s3' AIRFLOW_CTX_EXECUTION_DATE='2024-08-29T17:41:54.337854+00:00' AIRFLOW_CTX_TRY_NUMBER='1' AIRFLOW_CTX_DAG_RUN_ID='manual__2024-08-29T17:41:54.337854+00:00'
[2024-08-29T17:42:00.786+0000] {taskinstance.py:731} INFO - ::endgroup::
[2024-08-29T17:42:00.797+0000] {subprocess.py:63} INFO - Tmp dir root location: /tmp
[2024-08-29T17:42:00.798+0000] {subprocess.py:75} INFO - Running command: ['/usr/bin/bash', '-c', 'aws s3 mv /home/ubuntu/response_data_29082024174157.json s3://endtoend-bucket001/']
[2024-08-29T17:42:00.804+0000] {subprocess.py:86} INFO - Output:
[2024-08-29T17:42:01.410+0000] {subprocess.py:93} INFO - Completed 54.8 KiB/54.8 KiB (332.9 KiB/s) with 1 file(s) remainingmove: ../../home/ubuntu/response_data_29082024174157.json to s3://endtoend-bucket001/response_data_29082024174157.json
[2024-08-29T17:42:01.492+0000] {subprocess.py:97} INFO - Command exited with return code 0
[2024-08-29T17:42:01.513+0000] {taskinstance.py:340} INFO - ::group::Post task execution logs
[2024-08-29T17:42:01.514+0000] {taskinstance.py:352} INFO - Marking task as SUCCESS. dag_id=zillow_analytics_dag, task_id=tsk_load_to_s3, run_id=manual__2024-08-29T17:41:54.337854+00:00, execution_date=20240829T174154, start_date=20240829T174200, end_date=20240829T174201
[2024-08-29T17:42:01.536+0000] {local_task_job_runner.py:261} INFO - Task exited with return code 0
[2024-08-29T17:42:01.555+0000] {taskinstance.py:3891} INFO - 1 downstream tasks scheduled from follow-on schedule check
[2024-08-29T17:42:01.564+0000] {local_task_job_runner.py:240} INFO - ::endgroup::
