[2024-08-30T16:45:11.210+0000] {local_task_job_runner.py:123} INFO - ::group::Pre task execution logs
[2024-08-30T16:45:11.223+0000] {taskinstance.py:2603} INFO - Dependencies all met for dep_context=non-requeueable deps ti=<TaskInstance: zillow_analytics_dag.tsk_transfer_s3_to_redshift manual__2024-08-30T16:44:54.501271+00:00 [queued]>
[2024-08-30T16:45:11.228+0000] {taskinstance.py:2603} INFO - Dependencies all met for dep_context=requeueable deps ti=<TaskInstance: zillow_analytics_dag.tsk_transfer_s3_to_redshift manual__2024-08-30T16:44:54.501271+00:00 [queued]>
[2024-08-30T16:45:11.229+0000] {taskinstance.py:2856} INFO - Starting attempt 1 of 3
[2024-08-30T16:45:11.246+0000] {taskinstance.py:2879} INFO - Executing <Task(S3ToRedshiftOperator): tsk_transfer_s3_to_redshift> on 2024-08-30 16:44:54.501271+00:00
[2024-08-30T16:45:11.249+0000] {standard_task_runner.py:72} INFO - Started process 7936 to run task
[2024-08-30T16:45:11.253+0000] {standard_task_runner.py:104} INFO - Running: ['airflow', 'tasks', 'run', 'zillow_analytics_dag', 'tsk_transfer_s3_to_redshift', 'manual__2024-08-30T16:44:54.501271+00:00', '--job-id', '121', '--raw', '--subdir', 'DAGS_FOLDER/zillow_analytics.py', '--cfg-path', '/tmp/tmp95meuafs']
[2024-08-30T16:45:11.255+0000] {standard_task_runner.py:105} INFO - Job 121: Subtask tsk_transfer_s3_to_redshift
[2024-08-30T16:45:11.291+0000] {task_command.py:467} INFO - Running <TaskInstance: zillow_analytics_dag.tsk_transfer_s3_to_redshift manual__2024-08-30T16:44:54.501271+00:00 [running]> on host ip-172-31-11-44.eu-west-3.compute.internal
[2024-08-30T16:45:11.360+0000] {taskinstance.py:3122} INFO - Exporting env vars: AIRFLOW_CTX_DAG_EMAIL='says@master.com' AIRFLOW_CTX_DAG_OWNER='airflow' AIRFLOW_CTX_DAG_ID='zillow_analytics_dag' AIRFLOW_CTX_TASK_ID='tsk_transfer_s3_to_redshift' AIRFLOW_CTX_EXECUTION_DATE='2024-08-30T16:44:54.501271+00:00' AIRFLOW_CTX_TRY_NUMBER='1' AIRFLOW_CTX_DAG_RUN_ID='manual__2024-08-30T16:44:54.501271+00:00'
[2024-08-30T16:45:11.360+0000] {taskinstance.py:731} INFO - ::endgroup::
[2024-08-30T16:45:11.376+0000] {base.py:84} INFO - Retrieving connection 'aws_s3_conn'
[2024-08-30T16:45:11.379+0000] {base.py:84} INFO - Retrieving connection 'aws_s3_conn'
[2024-08-30T16:45:11.380+0000] {connection_wrapper.py:388} INFO - AWS Connection (conn_id='aws_s3_conn', conn_type='aws') credentials retrieved from login and password.
[2024-08-30T16:45:11.388+0000] {s3_to_redshift.py:194} INFO - Executing COPY command...
[2024-08-30T16:45:11.391+0000] {base.py:84} INFO - Retrieving connection 'conn_id_redshift'
[2024-08-30T16:45:12.413+0000] {sql.py:509} INFO - Running statement: 
                    COPY PUBLIC.zillowdata 
                    FROM 's3://cleaned-endtoend-csv-bucket/response_data_30082024164457.csv'
                    credentials
                    'aws_access_key_id=AKIAS75RKL7QURF6EFGY;aws_secret_access_key=***'
                    
                    csv IGNOREHEADER 1;
        , parameters: None
[2024-08-30T16:45:50.207+0000] {s3_to_redshift.py:199} INFO - COPY command complete...
[2024-08-30T16:45:50.213+0000] {taskinstance.py:340} INFO - ::group::Post task execution logs
[2024-08-30T16:45:50.213+0000] {taskinstance.py:352} INFO - Marking task as SUCCESS. dag_id=zillow_analytics_dag, task_id=tsk_transfer_s3_to_redshift, run_id=manual__2024-08-30T16:44:54.501271+00:00, execution_date=20240830T164454, start_date=20240830T164511, end_date=20240830T164550
[2024-08-30T16:45:50.269+0000] {local_task_job_runner.py:261} INFO - Task exited with return code 0
[2024-08-30T16:45:50.276+0000] {taskinstance.py:3891} INFO - 0 downstream tasks scheduled from follow-on schedule check
[2024-08-30T16:45:50.276+0000] {local_task_job_runner.py:240} INFO - ::endgroup::
